Shoreburn Oldmoor Corbank Morwall Foxvale Orfort Orbarrow Summermage Buttermead Rosegate Bluedell Wildemarsh Courtedge Seamoor Greyice Mallowway Lightmere Fairsage Silverwitch Northwynne Freyview Snowshore Freymere Wolflea Fieldedge Newley Janholt Eriwall Ironshore Wellbank Stoneglass Ostwynne Newmill Greenshore Blackbush Bluelake Flowermill Butterbush Valhaven Greensummer Coldville Courtwall Redwell Dellwyn Snowsage Mallowness Newby Icenesse Violetley Violetfay Wellmage Esterfall Mallowbridge Applecastle Clearnesse Brightrock Deephedge Bushgate Windbridge Oakmere Mistshore Springfox Silverbarrow Goldcrest Redlake Morwald Fairice Fogland Southpine Bluewyn Courtcastle Westmill Starryhill Shoreburn
73
Seamoor Butterway Seamoor
Newley Lochmage Esterash Newley
Goldcrest Stonefair Goldcrest
Brightrock Highmont Brightrock
Oldmoor Oldmoor Verthedge Wooddell
Morwald Clearland Morwald
Wellmage Wellmage
Fairsage Fairsage Strongfall
Fieldedge Fieldedge Brightmere
Orfort Bluedale Orfort
Greyice Greyice
Stoneglass Stoneglass
Dellwyn Northriver Dellwyn
Bluedell Bluedell
Orbarrow Orbarrow
Foxvale Foxvale
Newby Newby
Mallowbridge Mallowbridge
Clearnesse Clearnesse
Starryhill Foxhaven Starryhill
Redwell Redwell Erilyn
Windbridge Windbridge
Snowsage Snowsage Goldwyvern
Valhaven Valhaven
Deephedge Deephedge
Silverwitch Silverwitch
Wolflea Wolflea
Newmill Ironriver Rosemill Newmill
Freyview Freyview Irondeer
Courtedge Courtedge Eastcastle
Bushgate Westerlight Bushgate
Blackbush Blackbush
Butterbush Butterbush
Corbank Butterhill Corbank
Courtwall Courtwall Flowerfield
Bluelake Bluelake Southwheat
Oakmere Oakmere
Snowshore Snowshore
Rosegate Rosegate
Violetley Violetley
Shoreburn Shoreburn
Mallowway Mallowway Woodice
Springfox Springfox
Applecastle Applecastle
Fogland Fogland
Icenesse Icenesse
Esterfall Esterfall Silverlea
Janholt Janholt Marbleiron
Ironshore Ironshore
Courtcastle Courtcastle
Greenshore Greenshore
Mistshore Mistshore
Coldville Coldville
Mallowness Mallowness
Greensummer Greensummer
Bluewyn Bluewyn
Southpine Southpine
Redlake Redlake
Westmill Westmill
Wellbank Wellbank
Flowermill Flowermill Westvale
Summermage Summermage
Buttermead Buttermead
Northwynne Northwynne
Fairice Fairice
Eriwall Eriwall
Wildemarsh Wildemarsh
Lightmere Lightmere
Ostwynne Ostwynne
Morwall Morwall
Violetfay Violetfay
Freymere Freymere
Silverbarrow Silverbarrow
