0 3 135 64 126 134 117 169 26 124 17 119 143 25 18 102 177 15 153 181 42 33 36 105 141 174 136 15 82 60 112 73 161 188 112 91 123 0
34
3 3 13 94 131 197 199
33 8 33 74 80 170 173
15 15 51
17 17 55
18 18 67 139
82 19 38 75 82 191
25 25 90
26 26 133
42 32 42 58 93
153 35 153 172
135 44 114 135
141 46 49 141 178
117 47 117 158
174 48 174
60 52 60 85 99 148 155 168 180
112 56 88 112 120
64 64 149 162 167
102 65 102
124 69 124
73 71 73 77 97
161 76 161
169 83 169
188 87 188
91 91 92 96 106
105 103 105 113
119 119 195
123 123 154
143 132 143
134 134 175
136 136
36 140 171
126 145
177 177
181 181
