1 26 4 159 161 69 13 5 30 188 61 2 164 94 66 13 8 99 149 59 178 55 175 171 65 71 39 179 101 159 31 66 13 69 161 17 50 118 2 61 131 56 162 149 78 116 118 50 97 126 75 196 62 172 69 68 76 68 136 153 157 111 91 128 53 95 42 15 1
45
2 2 32 89
78 3 57 78
4 4 25 49 77 81
5 5 96
53 6 21 53
1 7
8 8
71 9 71
157 10 60
94 11 51 52 82 94
162 12 29
13 13 23 46
159 14 47
15 15
59 16 33 40 44 59 85
17 17
62 18 28 62 92 100
161 19 58
128 20 80 87
66 22 43 63 66 70 90
97 24 37 97
26 26 48
55 27 55
30 30
31 31 36 45
149 34 74 88
65 35 54 65
61 38 61 73 93
39 39
178 41 72
42 42 64
50 50
56 56
196 67
68 68
69 69
75 75
76 76 79
101 83 101
172 84
164 86
91 91
95 95
179 98
99 99
