159 77 140 14 97 14 56 96 78 129 74 158 92 114 92 189 32 141 36 17 36 141 142 127 137 53 137 76 184 165 65 93 154 93 153 5 177 111 34 111 177 64 156 81 138 69 155 69 138 25 101 147 40 147 59 189 32 164 43 164 159 77 140 149 23 194 21 194 23 149 4 149 140 77 159 109 127 142 141 48 182 153 5 159
47
109 122 180 109
43 43
147 157 71
17 169 17 133 145
59 100 199 59 139
111 128 111
36 36
189 134 107 120 178
129 15 86 41
32 32 79 3
127 146 61
101 101 132 167
76 76
93 93
114 35 106 114 13 88
77 77 38 190
25 72 45
97 126 172 97
53 193 53 24
74 185 74
64 63 64 121
182 47 148
156 52 31 156
92 116
142 46 37 200 192
65 65 98 51 26
138 138
158 158 99
154 2 154
137 137 85
177 174
69 10
21 21
96 191 96
155 155
4 4 60
164 87 6
5 82 102 123
23 181
81 28 11
34 34
48 48 7
140 140
165 165
14 14
40 40
159 22
