Home46 Home48 Home82 Home17 Home44 Home62 Home14 Home24 Home50 Home66 Home63 Home83 Home49 Home9 Home6 Home45 Home6 Home9 Home49 Home88 Home85 Home88 Home16 Home35 Home68 Home39 Home41 Home71 Home78 Home51 Home55 Home60 Home86 Home1 Home72 Home46
20
Home62 Home62
Home63 Home69 Home63
Home66 Home66
Home82 Home82 Home57
Home85 Home85 Home12
Home41 Home41
Home9 Home9 Home28
Home48 Home48
Home45 Home45
Home55 Home30 Home5 Home55
Home88 Home31 Home33
Home39 Home42 Home39
Home49 Home49
Home24 Home40 Home27
Home17 Home80 Home13
Home68 Home68
Home78 Home11
Home83 Home83
Home71 Home71
Home60 Home60
