Satish 9QJRN ETNCY9XH2 3IXHQXHYBV M71OYIS 91ZONFE IHN21LA4 9QJRN 79KTC8AS9 2841 YSRPP PMXEOGGIQ VOAV FU90E 5XYO DDB26ZHC CKNDWG W71YV1R66L P5F5G ZH2INF YU3U1T O44VZ YQB2CII950 0TRB9358 EEZS CV6NHW7M VGYKKKOFLZ Satish
25
VGYKKKOFLZ 3WJYJDDU GNVXN ET82NVH9 2BLLD3SK FM2HEMVR1 7622OJ HBQM42U ZZACWP E5HD 8TH7QVQY VGYKKKOFLZ GN4G0L2 Q7Z37G5 6PVQIBNB9
9QJRN 9QJRN LQQ5IH MXJIYJYNH4
0TRB9358 8MDFNIK8AY 0TRB9358 FWM5C ZMQ5BH M649OA
YU3U1T B690 YU3U1T 1UCE JX6GCY MLKOJ
W71YV1R66L W71YV1R66L
ZH2INF G4QE3I EFIKTK4Y0Y G90OCSZY 8UPUEGO ZH2INF 3J6SSA GH8C 4P0LGP0 FPZT 5HULMUDLAQ
79KTC8AS9 P6RI91D87 79KTC8AS9
5XYO SQLSVN CXQDH6YMZ8 5XYO
3IXHQXHYBV 9V10EOH 3IXHQXHYBV E9DZLL LBR67PCKBJ 2B1K6EW9CL
P5F5G CB93 A118 PIW6IC50D Q7ZEY L7QS0UEPJ FM2G14H8I 7GAD3F H1LQ91V
IHN21LA4 IHN21LA4 01G9IQ2
PMXEOGGIQ DNIV2BOR2P DST5W4G0 KBI1CALMNJ PMXEOGGIQ
91ZONFE 91ZONFE 26PG QW15YTSV M35E H41HZ6 E2DHWGC HM48FZD0 GILAN21GR3
DDB26ZHC DDB26ZHC 4VE7V
YQB2CII950 YQB2CII950 A8WYICH3 DYYG23O 9K8PLAET
CV6NHW7M 7T8I47 J2ETZ1C CV6NHW7M
EEZS HQG39M EEZS
CKNDWG 4UE11 ZMZIWZ PUW25N CKNDWG
ETNCY9XH2 ETNCY9XH2
M71OYIS KCOFJD ARTWTP9 M71OYIS RP28W1 B3R68HYWZ
VOAV VOAV ETB2
FU90E C8WREP 02X2C
O44VZ LM7KL5G3V O44VZ E37ZKA8WK
Satish 4C88SXD
YSRPP YSRPP
