a0 a1 b1 a1 a0 h9 j0 i9 j0 h9 a0 h7 i7 h8 i8 h8 i7 h7 a0 p9 a0 n4 n5 n6 n7 n8 n9 o0 n9 n8 n7 n6 n5 n4 a0 l0 l1 l2 l3 l4 l5 l6 l7 l6 l5 l4 l3 l2 l1 l0 a0 b9 b8 b9 a0 k9 a0 k4 a0 k0 a0 a1 b2 a1 a0 i3 a0 i1 a0 f4 f5 g8 g4 g5 g4 g8 f5 f4 a0 b9 a0 m4 n0 m5 n2 m5 n0 m4 a0 g9 e8 h0 p8 p7 p8 h0 e8 g9 a0 f4 f5 g1 f5 f4 a0 d8 e9 g0 e9 d8 a0 d6 e4 d6 a0 d3 c7 d3 a0 d1 c6 d1 c3 a0 m4 n0 n1 n0 m4 a0 o9 o8 o9 a0 p1 p2 p3 p4 p3 p2 p1 a0 o9 o8 o7 o6 o5 o4 o3 o2 o3 o4 o5 o6 o7 o8 o9 a0
62
a1 b0 b3
b1 b1
b2 b2
a0 b4 b5 b6 c0 c1 c2 e0 e1 e5 e6 e7 i2 i4 i5 i6 k1 k2 k3 k5 k6 k7 k8 p0
b8 b7 b8
b9 b9
c3 c3
d1 c4 c5
c6 c6
c7 c7
d3 c8 c9
d6 e2 e3
e4 e4
e8 e8
e9 e9
g0 g0
g1 g1
g4 g2 g3 g4 g6
g5 g5
g8 g7 g8 i0
g9 g9
i1 i1
i3 i3
i7 i7
i8 i8
i9 i9
k0 k0
k4 k4
k9 k9
l0 l0
l1 l1
l2 l2
l3 l3
l4 l4
l5 l5
l6 l6
l7 l7 l8 l9
n0 n0
n1 n1
n2 n2 n3
n4 n4
n5 n5
n6 n6
n7 n7
n8 n8
n9 n9
o0 o0 o1
o2 o2
o3 o3
o4 o4
o5 o5
o6 o6
o7 o7
o8 o8
o9 o9
p1 p1
p2 p2
p3 p3
p4 p4 p5
p7 p6 p7
p8 p8
p9 p9
