74 123 8 141 129 141 8 52 153 32 184 154 76 56 122 146 54 146 8 42 11 161 139 83 60 70 43 158 43 70 116 125 80 7 34 42 34 94 34 18 110 72 100 73 100 63 170 172 12 172 170 175 155 190 51 193 26 81 167 24 131 166 76 112 76 33 108 183 188 102 199 111 199 109 123 74
50
193 4 127 193
172 5 95
11 11 16 99 140
12 12
166 14 118
43 17 58
18 18
161 20 161
183 23 44
32 27 32 39
76 31 76 89
42 42 142
146 45 86 128 146 192
102 47
122 50 66 143
51 51 77
52 52 130
131 53 91 200
56 56 135
60 59 60
141 61
54 54 179
63 63 174
72 72
73 73 152
80 80
81 81
83 83
188 88
155 90 155
94 94
184 96 136 184
100 97 100 132 134 173 198
125 98 103 125 157
170 105
112 107 112 114
108 108
109 109
111 111
8 113 115
116 116 120
123 123
129 129 163
199 133 199
139 138 139
154 154
158 158
175 165 171 178
167 167
190 190
