mdyuzxshey vkrlpmybdj tvcolajnao qcktwemqbm wkwwcqjtxf zjbarjhmau bulywvvpni siatqqydwf ixyurvbpvu uooysjrxsb seeyrseflx vugkhjygfe seeyrseflx uooysjrxsb ixyurvbpvu syxecaxosc qgfchcatzi oggftsricu lnicnhmajr owusjcmdkp oewptytlja jedsthbmzo xftptyrlvl yiwwdwbzth jqtguzxxsl hadchvmijq wynbxuuxru epdwcjuvdr wtlzrefwav hsjqtjkukk smwxdupkdv koawdpgqdx unihwwnyqz qepegujmaa xtvbrolacp qepegujmaa unihwwnyqz koawdpgqdx smwxdupkdv hsjqtjkukk wtlzrefwav tmrnpjqnxx cmdqzmgvfi qydclznxrd ouxenssqdu tvcolajnao vkrlpmybdj mdyuzxshey mysadifwma mdyuzxshey vkrlpmybdj jatkaoyfxb zumetrybth ebqxbaqnmm zpjhxyylhb rnpokwoqgt tgbmxdmvwe rnpokwoqgt zpjhxyylhb ebqxbaqnmm zumetrybth jatkaoyfxb vkrlpmybdj mdyuzxshey
32
mysadifwma mysadifwma
jatkaoyfxb jatkaoyfxb bnmegnfgii
syxecaxosc gwnccktgki
jedsthbmzo jedsthbmzo
zjbarjhmau kdujdjjwot zjbarjhmau
oewptytlja oewptytlja knfzsnhzvx nwlccbonas
vkrlpmybdj vkrlpmybdj zmfuudfatm
bulywvvpni bulywvvpni lndsfxewdc
tgbmxdmvwe lbuiysostx tgbmxdmvwe
ixyurvbpvu eooyfwmxln rkyixxpcbx mswyvpdrsy optviwhmbr
xtvbrolacp xtvbrolacp
hadchvmijq hadchvmijq
siatqqydwf ahqdrcepub lazlsvgukx
ebqxbaqnmm ebqxbaqnmm
qydclznxrd qydclznxrd
wynbxuuxru wynbxuuxru
qcktwemqbm qcktwemqbm
zumetrybth zumetrybth
jqtguzxxsl jqtguzxxsl
vugkhjygfe vugkhjygfe
smwxdupkdv aokbiptbzc
wtlzrefwav gllungmori wtlzrefwav
qepegujmaa qepegujmaa
yiwwdwbzth wtyqwjwskq
oggftsricu lkvobxyfca fznfvsgjhc euqbrkzdsw
owusjcmdkp owusjcmdkp ljhmnbaicr
cmdqzmgvfi qfbvncxldf cmdqzmgvfi psiebvskfb
xftptyrlvl xftptyrlvl
koawdpgqdx koawdpgqdx
mdyuzxshey mdyuzxshey
lnicnhmajr lnicnhmajr
seeyrseflx seeyrseflx
