evdoyagqfp xftptyrlvl jqtguzxxsl optviwhmbr ivugtsvtqb guuudgvhny vugkhjygfe aruwdskzta lnicnhmajr xychpimpzb bulywvvpni wkwwcqjtxf wtjzgzopuw byyqgjwsrp gjmmikaxih jrusiskazm ichabbvkhm jrusiskazm gjmmikaxih byyqgjwsrp wtjzgzopuw wkwwcqjtxf bulywvvpni xychpimpzb sipmuleqch wtlzrefwav pbefrggyje unihwwnyqz vnzypgtlkj unihwwnyqz pbefrggyje xnppuesbrr pbefrggyje xwrvhrxnqy ebqxbaqnmm oegfbrwyrp xqwyvbvueh tvcolajnao smwxdupkdv jqtguzxxsl pcilmgdrgc qepegujmaa koawdpgqdx wkwwcqjtxf lkvtxfwozs wkwwcqjtxf bulywvvpni xychpimpzb sipmuleqch wtlzrefwav mdyuzxshey wtlzrefwav sipmuleqch xychpimpzb lnicnhmajr kyrhqthnvz lndsfxewdc eqdxeqvtsb epdwcjuvdr wynbxuuxru jqtguzxxsl pcilmgdrgc ivgbjyugdu pcilmgdrgc jqtguzxxsl wynbxuuxru oegfbrwyrp ebqxbaqnmm xwrvhrxnqy xifuopshzj xwrvhrxnqy pbefrggyje unihwwnyqz xplqpgpbvq xknpudafue guuudgvhny ivugtsvtqb optviwhmbr jqtguzxxsl wynbxuuxru lazlsvgukx ymvlfsdhbu frfueiglva ldnozwuuuq spdafzaivh qiqnnrlapz qpxtrjvxpe tmatbexcil byyqgjwsrp euqbrkzdsw jedsthbmzo wwqchwdmtx pcilmgdrgc qepegujmaa koawdpgqdx wkwwcqjtxf osdeymjeil jrmlkfexfk pymtnhypxd pwgublhwxg hofbtczdgp jwcdeoubpx zpjhxyylhb bswhowadhl tgkujfknod bswhowadhl zpjhxyylhb kvfpaspidv wtyqwjwskq ahqdrcepub gbdejcnknd vnzypgtlkj dnmgxnhbgi uhalgukdzb kwbnyneokj wirlbujvjm hsjqtjkukk jatkaoyfxb nbjyrygtdh czvqvijjlb seeyrseflx jrmlkfexfk osdeymjeil jrmlkfexfk pymtnhypxd pwgublhwxg hofbtczdgp jwcdeoubpx zpjhxyylhb kvfpaspidv ouxenssqdu mdyuzxshey bbczvyonym kwbnyneokj wirlbujvjm phknwbtipl fdgcygwgjf phknwbtipl xguvjomcdt yqwistxtxc xywdziunpr vugkhjygfe guuudgvhny xknpudafue xplqpgpbvq unihwwnyqz yhpfnjjqmm bimtbhwsby wtlzrefwav sipmuleqch xychpimpzb lnicnhmajr aruwdskzta vugkhjygfe guuudgvhny ivugtsvtqb optviwhmbr jqtguzxxsl xftptyrlvl evdoyagqfp
63
ichabbvkhm oavtmpaqji ichabbvkhm
wynbxuuxru tmrnpjqnxx voaumgrcuj wynbxuuxru
vugkhjygfe vugkhjygfe
byyqgjwsrp qxfgqgbbdn cttlxdtaiw byyqgjwsrp
jrmlkfexfk jrmlkfexfk scesbtewjx
lnicnhmajr lnicnhmajr
epdwcjuvdr kgktiatgjn eooyfwmxln
jrusiskazm jrusiskazm vkrlpmybdj
bswhowadhl qgfchcatzi bswhowadhl
xguvjomcdt itbfnxnauh xguvjomcdt nwlccbonas
xftptyrlvl kvxwqiryyu xawkqmfmmx fluzhooehk mysadifwma uooysjrxsb bnmegnfgii
tmatbexcil tmatbexcil
bbczvyonym bbczvyonym
uhalgukdzb uhalgukdzb gucdicwxmb rkyixxpcbx
wkwwcqjtxf wkwwcqjtxf
qiqnnrlapz qiqnnrlapz
qepegujmaa yiwwdwbzth qfbvncxldf etdxtwotzh qepegujmaa
ldnozwuuuq ldnozwuuuq
bimtbhwsby bbwcqzwyoz bimtbhwsby
wwqchwdmtx wwqchwdmtx
hofbtczdgp hofbtczdgp
smwxdupkdv smwxdupkdv
xwrvhrxnqy xwrvhrxnqy
wtlzrefwav wtlzrefwav afrdrejwtp
hsjqtjkukk hsjqtjkukk
euqbrkzdsw euqbrkzdsw
ahqdrcepub afortwurqt ahqdrcepub zmfuudfatm
xywdziunpr oggftsricu xywdziunpr
kyrhqthnvz kyrhqthnvz
xnppuesbrr xnppuesbrr qxuqrfzzob
mdyuzxshey mdyuzxshey
ouxenssqdu ouxenssqdu
guuudgvhny guuudgvhny stdiixwrjc
qpxtrjvxpe qpxtrjvxpe
seeyrseflx hkempoemlv seeyrseflx
fdgcygwgjf fdgcygwgjf rnpokwoqgt
optviwhmbr vfdsalrajq optviwhmbr
tvcolajnao lcrihrmoqu tvcolajnao
evdoyagqfp evdoyagqfp
tgkujfknod tgkujfknod
phknwbtipl zivwgfcxqi xkasbvrrxd
pbefrggyje pbefrggyje
aruwdskzta aruwdskzta
nbjyrygtdh cpwyxulkjm nbjyrygtdh
gbdejcnknd gbdejcnknd
koawdpgqdx pdljcbluhp psiebvskfb
oegfbrwyrp oegfbrwyrp
xychpimpzb xychpimpzb
vnzypgtlkj vnzypgtlkj
wtyqwjwskq kijbyyuzhd
xqwyvbvueh xqwyvbvueh
ymvlfsdhbu ymvlfsdhbu aokbiptbzc
lndsfxewdc lndsfxewdc
lkvtxfwozs lkvtxfwozs
osdeymjeil osdeymjeil
kwbnyneokj tgbmxdmvwe
pcilmgdrgc pcilmgdrgc
xifuopshzj xifuopshzj
bulywvvpni bulywvvpni
ivugtsvtqb ivugtsvtqb
ivgbjyugdu ivgbjyugdu
kvfpaspidv kvfpaspidv
eqdxeqvtsb eqdxeqvtsb
