0 65 27 25 15 17 16 17 104 195 79 154 44 115 77 101 2 39 110 30 32 30 135 137 136 137 160 40 42 41 42 40 160 144 195 10 12 11 12 196 197 196 12 66 67 80 82 80 35 37 36 37 35 95 120 102 100 99 95 97 95 125 128 125 104 179 84 150 152 150 180 182 180 140 142 140 180 22 116 77 115 10 13 2 0
54
27 27 118
66 66
65 68 65
154 192 154
120 122 47 120
0 3 78 133
79 134 184 105 79
179 124 179 69
15 15
37 37
25 91 25 55 28 92
82 82 108
16 16
77 186 131 132
104 104 64 149 145 148 159 189 187
13 13
180 180 183
35 38 35
116 116
36 36
136 136
17 17
2 2
44 139 44
137 166
102 102
142 141 142
97 97
40 43
30 172 30
99 99
110 57 113 94 110 56
12 12
100 100
182 181 182
95 95 87
150 114 20
128 128 168
80 54
152 152
135 138 52 135
101 101
67 67 123
125 74 125
39 39
160 161 160
32 32 58
42 42
144 72 144
11 11
140 129
41 41
197 197
195 195
