loc0 loc58 loc91 loc72 loc54 loc36 loc90 loc63 loc3 loc93 loc6 loc60 loc15 loc78 loc88 loc61 loc79 loc71 loc44 loc98 loc41 loc95 loc5 loc68 loc50 loc68 loc92 loc20 loc82 loc19 loc82 loc65 loc2 loc67 loc0 loc58 loc49 loc58 loc0 loc67 loc2 loc65 loc37 loc65 loc14 loc94 loc40 loc76 loc0
33
loc82 loc1 loc10 loc28 loc46
loc2 loc2
loc3 loc3
loc58 loc4 loc31
loc5 loc5
loc6 loc6
loc88 loc7 loc34
loc98 loc8
loc54 loc9
loc92 loc11 loc47
loc93 loc12 loc39
loc76 loc13 loc22 loc43
loc14 loc14
loc15 loc15
loc79 loc16 loc25
loc71 loc17 loc26 loc35
loc63 loc18 loc27 loc30
loc19 loc19
loc20 loc20
loc60 loc21 loc33
loc95 loc23
loc78 loc24 loc42
loc65 loc29 loc38
loc67 loc32
loc36 loc36
loc37 loc37
loc40 loc40
loc41 loc41
loc44 loc44
loc90 loc45
loc91 loc48
loc49 loc49
loc50 loc50
