99 156 57 10 49 173 69 106 108 39 199 97 91 90 152 68 182 180 137 192 137 150 64 113 114 113 66 16 17 16 30 85 127 2 40 62 83 81 70 52 76 161 76 184 95 183 139 99
42
182 0 5 20 53 78 169
184 1 184
156 4 75 142
91 8 61 160
81 9 100 126 158 166
10 10
139 12 33
199 15 26 42 149
17 17
113 18 51 111 124 148 170
52 22 92 103 122 151 167
95 24 164
69 25 55 82 94 163
57 27
137 28 119 185
30 30
152 34 98 155 178
99 35 99 102 188
39 39
40 40
62 41 73 80
2 47 63 112 146 168 181
66 56 66 132 172
64 59 165
68 68
70 70
83 83
108 88
90 90
97 97
106 106 131
114 114
173 117 173
49 123 125
127 127
180 130 171 180
150 150
161 161
85 174 186
183 183
16 190
192 192
