loc189 loc172 loc83 loc36 loc150 loc156 loc78 loc112 loc133 loc185 loc154 loc0 loc17 loc194 loc101 loc142 loc96 loc31 loc165 loc23 loc11 loc168 loc164 loc139 loc111 loc147 loc184 loc41 loc158 loc183 loc191 loc54 loc94 loc27 loc146 loc73 loc188 loc148 loc37 loc114 loc162 loc195 loc100 loc15 loc59 loc163 loc50 loc79 loc85 loc20 loc70 loc66 loc55 loc95 loc39 loc62 loc136 loc135 loc26 loc131 loc18 loc86 loc169 loc58 loc65 loc143 loc104 loc34 loc25 loc38 loc189
69
loc73 loc88 loc73
loc191 loc61 loc191
loc172 loc172
loc86 loc180 loc86
loc188 loc188 loc117
loc25 loc25 loc22
loc104 loc104
loc55 loc55 loc190 loc177
loc168 loc168
loc158 loc158
loc78 loc78 loc16
loc163 loc128 loc47 loc163
loc184 loc184
loc194 loc194 loc76
loc23 loc109 loc23
loc41 loc41 loc161 loc40
loc96 loc96
loc62 loc125 loc62
loc147 loc147
loc165 loc165
loc150 loc150 loc77
loc94 loc94
loc148 loc53 loc148
loc11 loc11
loc146 loc146
loc36 loc36
loc39 loc39
loc139 loc139
loc15 loc15 loc32
loc185 loc185
loc50 loc4 loc50 loc113
loc111 loc111
loc34 loc34 loc69
loc18 loc18 loc152
loc100 loc153 loc127 loc100
loc131 loc131
loc65 loc65 loc145
loc20 loc119 loc20
loc112 loc112
loc156 loc156 loc98
loc142 loc142
loc85 loc85
loc70 loc70
loc31 loc31 loc129
loc95 loc95
loc59 loc59
loc135 loc135
loc0 loc0
loc101 loc101
loc38 loc38
loc133 loc108 loc133
loc136 loc136
loc54 loc54
loc79 loc79
loc37 loc37
loc66 loc66
loc27 loc27
loc143 loc143 loc159 loc74
loc114 loc114
loc154 loc154
loc164 loc164
loc162 loc162
loc83 loc83
loc58 loc58
loc169 loc169
loc26 loc26
loc183 loc183
loc195 loc195
loc17 loc17
