81 153 24 124 167 154 1 184 78 87 138 81 121 59 180 115 34 132 188 191 20 52 156 33 130 195 200 152 9 53 109 117 81
31
34 92 86 85 77 8 71 196 36 93 34 88 108 58 95 18 23 14 179 103 12 48 182 127 123 64 198 141 125 100 96 150 69 27 16
153 153
78 35 76 135 199 183 57 70 49 90 166 78 89 80 45 84 164 17 162 165 158 46 178 74 197 41 145 43
195 195
115 161 115
180 180
9 107 9
124 124
87 87
191 191
167 42 167 97 56 170 65 126 189
109 109
188 188
52 52
130 130
184 184
121 121
20 20
132 132
154 154
81 81
53 53
1 1 159
33 33
138 138
59 59
156 156
117 117
200 200
152 152
24 24
