0 142 1 9 155 46 82 135 113 76 33 15 62 172 36 45 108 102 10 75 74 43 85 16 35 103 99 86 78 1 40 8 88 109 57 0
31
1 1 11 34 64
10 2 4 10 13 21 23 30 60 66 71 83 93 94 95
57 3 53 57 58 68
62 5 17 62 70 89
108 6 7 54 96
8 8
9 9 48
113 12 80
109 14 92
15 15 19 25 67
16 16
99 18 27 39 99
35 20 35 56 63 81 84
172 22
40 24 26 40 50 59 69 73
76 28 31 42 44 51 55 76 79 97
86 29 86
78 32 78
33 33
36 36 41 77 90
74 37 47 74
155 38 100
43 43 49
45 45
46 46 65 72 87
142 52
88 61 88 98
75 75
82 82
85 85
0 91
