destitute namesake Auberge diligent Hewlett creekside swordtail balustrade papal Dominican minion bifurcate connubial schedule slowdown Dominican Gilmore funny encumbrance destitute
18
diligent Andersen diligent swingy tate
Auberge Auberge Modesto Vega yogurt
Dominican Bleeker Dominican Halstead bobble choice embassy
swordtail Darwin anvil stanza
encumbrance Elizabethan
connubial Fisk connubial mediate
Gilmore Gilmore
Hewlett Hewlett decor swordfish
destitute Hindi Loomis Rio ripe
namesake Injun jewel
balustrade Isfahan MN balustrade
papal McCall papal septillion transpiration
slowdown amateur slowdown
creekside creekside
bifurcate extractor illusion shroud trill
funny fatten funny midget
minion minion
schedule schedule
