Loc151 Loc33 Loc98 Loc57 Loc35 Loc94 Loc81 Loc154 Loc183 Loc124 Loc27 Loc138 Loc67 Loc7 Loc33 Loc148 Loc33 Loc118 Loc172 Loc115 Loc0 Loc151
19
Loc27 Loc55 Loc27 Loc93 Loc34 Loc195 Loc2 Loc163 Loc110 Loc24 Loc126 Loc28
Loc33 Loc49 Loc160 Loc20 Loc33 Loc158 Loc182
Loc151 Loc4 Loc130 Loc151 Loc48 Loc131 Loc171
Loc115 Loc16 Loc170 Loc36 Loc115 Loc128
Loc172 Loc184 Loc172 Loc77 Loc61 Loc13 Loc3 Loc134
Loc94 Loc94 Loc122 Loc185 Loc46 Loc187 Loc157 Loc38 Loc50 Loc17 Loc190 Loc123 Loc111 Loc125 Loc70
Loc98 Loc177 Loc41 Loc98 Loc101 Loc165
Loc124 Loc47 Loc124 Loc102 Loc99 Loc66 Loc52 Loc173 Loc161 Loc89 Loc117 Loc21 Loc59 Loc32 Loc58
Loc154 Loc109 Loc154 Loc43
Loc35 Loc6 Loc127 Loc120
Loc7 Loc7 Loc54 Loc166
Loc0 Loc156 Loc104
Loc118 Loc147 Loc85 Loc118 Loc141 Loc180
Loc81 Loc68 Loc62 Loc194 Loc15 Loc72
Loc138 Loc92 Loc65 Loc138
Loc67 Loc96
Loc183 Loc181 Loc167 Loc183
Loc148 Loc148 Loc142
Loc57 Loc57 Loc135
