1 4 51 4 16 91 16 5 90 5 26 121 26 48 58 48 68 48 35 92 35 2 81 2 31 143 31 27 140 27 16 133 16 43 136 43 28 83 28 40 87 40 32 135 32 12 116 12 13 109 13 30 95 30 36 110 36 44 114 44 12 59 12 1
40
1 49 56 72 73 123 128
13 50 55 75 77 79 80 82 86 105 108 113 138 141
51 51
32 52 57 139
27 53 60 66 78 98 99 125
44 54 102 144
58 58
59 59
31 61 70 111
2 62
36 63 69 130
43 64
12 65 67 85 103 115 124 127 142
68 68
16 71 94 97 106 112 137
35 74 76 84 122 132
81 81
83 83
87 87
48 88 134
5 89 93 96 104 129
90 90
91 91
92 92
95 95
26 100
30 101 119 126
28 107 120 131
109 109
110 110
114 114
116 116
40 117
4 118
121 121
133 133
135 135
136 136
140 140
143 143
