153 64 81 19 171 119 89 20 89 49 167 34 75 146 64 128 50 53 167 50 192 177 99 145 95 84 120 36 166 161 60 40 91 137 52 16 117 163 70 65 160 2 98 3 142 22 86 13 124 76 26 170 15 126 124 76 196 76 20 153
49
89 168 89 74 152 28
160 127 160 37
192 29 118 192 5
64 150
34 12 34
119 119
81 81 79
70 140 197 70 61 138 180 195
196 196
145 145 178
126 126
2 2 56 187
99 58 99
15 15 129
26 26 11 172
13 13
124 124
86 86 4
170 113 170
84 21 184
3 3
53 68 53 77
75 182 136
40 90 40
60 112 60 131 0 43
163 163 8
16 16
98 98 122 88 147
153 153
117 135 194
50 156 50
52 52 179
120 47 120
36 188 36
137 137
91 41 108
167 93 167
49 49 134
65 42
128 96 128
142 23
76 7
95 95
19 19
177 35 177
161 161
146 146
171 169 83 171
20 20
