Jennifer0 Lorraine1 Jennifer0 Dorian5 Wilma9 Charles12 Etha14 Fred19 Daniel20 Fred19 James24 Jason28 Lonnie29 William30 Lonnie29 Jason28 Derick31 Willie33 Annie38 Tyrone43 Emma47 Edna48 Emma47 Ruth50 Wilma52 Miriam57 Richard62 Laura66 September67 Laura66 James69 Deena71 William72 David73 Steve75 David73 William72 Deena71 Carolyn76 David77 Carolyn76 Deena71 James69 Laura66 Richard62 Miriam57 Robert59 Miriam57 Wilma52 Ruth50 Emma47 Tyrone43 Annie38 Willie33 Ruby34 Drew35 Charles36 Drew35 Louis37 Drew35 Ruby34 Willie33 Derick31 Jason28 James24 Fred19 Doris22 Fred19 William23 Fred19 James24 Norma25 James24 Fred19 Etha14 Charles12 Wilma9 Dorian5 Robert6 Manuel7 Kathleen8 Manuel7 Robert6 Dorian5 Jennifer0 Mark3 Jennifer0
33
Lorraine1 Lorraine1
Jennifer0 Janet2 Patricia4
Mark3 Mark3
Robert6 Robert6
Manuel7 Manuel7
Kathleen8 Kathleen8
Wilma9 Gladys10 Gregory11
Charles12 John13
Etha14 Nannie17 Wesley18
Daniel20 Daniel20
Fred19 Jennifer21
Doris22 Doris22
William23 William23
Norma25 Norma25 Christina26 Nadine27
Lonnie29 Lonnie29
William30 William30
Derick31 Mona32
Charles36 Charles36
Louis37 Louis37
Annie38 Robert39 Tony40 Gina41 Michael42
Tyrone43 Cindy44 John45 Mabel46
Edna48 Edna48 Dana49
Ruth50 Virginia51
Wilma52 James55 Tony56
Miriam57 Hector58 Natalie60 Michael61
Robert59 Robert59
Richard62 Douglas63 Sonya64 Angela65
September67 September67 Armando68
James69 Jesus70
David73 Richard74
Steve75 Steve75
David77 David77
Carolyn76 Robbie78
