htb26qt wqkqf 1161ildqnj ynuam4f8 4nwqnlye 9lvbrlgk ozag34bm9 dt4ljfgjkizpq grn3uqx9y yg6hizqty 2hzpyd mw8g2qjo1 ml5lp1nmef 812l47wm 44yverx piawzpgtzz9 t4iedm ht1efrhmh s9vu9xx884 8jea4n4ez 44yverx grn3uqx9y zjj1dm8s zjh83ae 1ebc3 pt2n7hl 1ebc3 uzsjpl5f5 59yzvtv 1ebc3 yx6dguko yr44oj2 x73l73jp xpxnortd tjwldi ilaz9q t4iedm qypz5m og6n7bgq8h nm7ud 89ladcv 4w6uhigzl 4lvyha1 htb26qt
32
pt2n7hl yhvc7zg tu8xxomxhi euhqqqmdpe pt2n7hl e7lxs vrem3ey3kg44 hyc885fvjls
mw8g2qjo1 iffsi mw8g2qjo1 1ca2x2cnc
piawzpgtzz9 zou7sx9w piawzpgtzz9
wqkqf wqkqf 9oii82xaa
tjwldi tjwldi f92ere3
ml5lp1nmef txlltgki 5stwoup nd9xavj hwu8dv9jgknbm obabms q42s9z886w5
ozag34bm9 ozag34bm9 ushjdkdhm9 ay5sahonq84 pwqxinlzb3s
zjj1dm8s l8yypbh pmyqr
9lvbrlgk 9lvbrlgk kwtb3cg 52a3fj2zh k3qywmpr
yx6dguko p9mtts yx6dguko a5u8g4sej
x73l73jp g2g6fxcwr2l 3khitn6 x73l73jp
zjh83ae yhp7wbv9 7hz6j8 zjh83ae 87jxa
xpxnortd y3eg7gqq6 vl6czuab
t4iedm itrx5fucdq gd5ct4 t4iedm
og6n7bgq8h og6n7bgq8h
nm7ud nm7ud 1jhmm8m85
uzsjpl5f5 6k7du uzsjpl5f5
yg6hizqty yg6hizqty
s9vu9xx884 6u4sf1gi dlkmpx 8m3pascg s9vu9xx884 37v6d
4nwqnlye 7pbkkbbpw
ynuam4f8 ynuam4f8 art44ncra
812l47wm 4ka6l1c8w 812l47wm 9egqgrh7x4e
ht1efrhmh ht1efrhmh 8gc7dka8lfy
4w6uhigzl kxhc6t8tu 4w6uhigzl
44yverx aplkk57cpzm h1gz5hzz ic2r4blmm9
ilaz9q ysiw8m4l ilaz9q
yr44oj2 i6lsw66h mucolb1r yr44oj2
8jea4n4ez fej54ps5j 8jea4n4ez
dt4ljfgjkizpq dt4ljfgjkizpq hc2hf5t8 hq5mh8mi
1161ildqnj 1161ildqnj
grn3uqx9y grn3uqx9y
59yzvtv 59yzvtv
