index97 index27 index32 index28 index31 index96 index60 index85 index57 index94 index42 index52 index16 index2 index72 index24 index49 index7 index90 index23 index36 index97
19
index72 index0 index9 index10 index13 index14 index22 index58 index72 index91
index97 index1 index39 index51 index63 index97
index2 index2
index49 index3 index49 index79
index85 index6 index41 index85
index7 index7 index33 index73
index31 index8 index31 index48 index78
index36 index11 index15
index23 index23
index24 index24
index94 index25 index76 index94
index57 index26 index57
index27 index27
index16 index29 index43 index59 index70
index32 index32 index35
index42 index38 index42
index90 index44 index68
index52 index52
index60 index60
