index155 index98 index3 index130 index58 index5 index113 index49 index2 index60 index27 index32 index129 index98 index142 index108 index92 index109 index33 index57 index63 index81 index24 index69 index6 index139 index164 index158 index12 index93 index152 index88 index95 index15 index173 index172 index107 index22 index90 index155
36
index3 index3 index30 index47 index110
index164 index4 index17 index67 index126 index150 index164
index5 index5
index6 index6 index21 index157
index32 index9 index32 index66 index112 index131 index199
index95 index10 index40 index42 index50 index95 index134 index169 index186
index90 index11 index90
index142 index14 index142
index15 index15 index99 index190
index57 index18 index19 index57 index121
index129 index20 index55 index56 index100 index106 index116 index129 index156
index22 index22 index52 index86 index198
index109 index23 index109 index167
index24 index24 index25 index37 index143 index174 index196
index130 index26 index96 index115 index130
index27 index27 index97 index125 index128
index12 index31 index89
index107 index39 index107 index133
index98 index44 index124 index144
index49 index49
index58 index58
index60 index60
index69 index62 index69 index165
index63 index63
index81 index81 index137 index170
index93 index83
index139 index87 index141
index88 index88
index92 index92
index108 index108
index113 index113
index152 index114 index152
index2 index118
index155 index155
index158 index158 index159
index172 index172
