Porterton Dianashire Ashleyborough Osborneville Payneview Teresafort Calvinton Teresafort Payneview Osborneville Ashleyborough Dianashire Porterton Wallton Derekmouth Charlesberg Kevinberg Adamside Bradberg Adamside Kevinberg Charlesberg Derekmouth Wallton Porterton Dianashire Burgessview Marcusburgh Matthewburgh Bondfort Shawnmouth Priceville Shawnmouth Bondfort Matthewburgh Marcusburgh Burgessview Williamfort Moodyburgh Gregoryberg Smithfort Millerborough Smithfort Gregoryberg Moodyburgh Williamfort Burgessview Marcusburgh Matthewburgh Virginiastad Robinsonmouth Virginiastad Matthewburgh Marcusburgh Burgessview Dianashire Ashleyborough Paulburgh Walltown Callahantown Maryport Callahantown Walltown Paulburgh Ashleyborough Dianashire Burgessview Williamfort Thomasville Lopezburgh Byrdfurt Garciamouth Byrdfurt Lopezburgh Thomasville Williamfort Burgessview Dianashire Porterton Wallton Danielleport Melissaview Cheyennefurt Watsonville Robertomouth Watsonville Cheyennefurt Melissaview Danielleport Wallton Porterton Dianashire Ashleyborough Paulburgh Robertsstad Toddtown Swansonshire Abigailhaven Swansonshire Toddtown Robertsstad Paulburgh Ashleyborough Clarkberg Burtonview Murphyside Bakertown Murphyside Burtonview Clarkberg Ashleyborough Dianashire Burgessview Marcusburgh Matthewburgh Virginiastad Robinsonmouth Horneside Robinsonmouth Virginiastad Matthewburgh Marcusburgh Burgessview Dianashire Porterton Wallton Davisstad Jacksonton Singletonton Clarkbury Jermaineton Clarkbury Singletonton Jacksonton Davisstad Wallton Derekmouth Charlesberg Weberbury Kimberlyburgh Candiceland Kimberlyburgh Weberbury Charlesberg Derekmouth Wallton Porterton Dianashire Ashleyborough Osborneville Christophermouth Shawnhaven Dannyside Shawnhaven Christophermouth Osborneville Ashleyborough Dianashire Porterton
42
Virginiastad Johnsonberg
Bondfort Adamview Harrisborough
Payneview Feliciaville Brendaview Christopherhaven Harrisport Clarkborough Jennifertown
Shawnmouth Buckleyside Shawnmouth
Maryport Combsville Reynoldsview Maryport
Cheyennefurt Thompsonshire
Marcusburgh Mirandaview Wilsonstad Hansonbury Williamschester Ortizberg
Bakertown Derekville Jameston Bakertown
Derekmouth Susanfort Kylieview Cranemouth Audreyfort Patriciaside Hodgesstad Gabrielburgh Fordhaven Ramosborough Nealfurt Joneschester Hallborough
Danielleport Haleview Hallstad Adamport Adkinsberg
Dannyside Dannyside
Jermaineton Jermaineton
Burgessview Parkermouth Williamland Michaelville Shawnfort
Davisstad Mercedesmouth Rioshaven Jonesfurt Taylorton Bondmouth Suttonville Josephstad
Kimberlyburgh Kimberlyburgh
Lopezburgh Leahmouth
Candiceland Candiceland
Melissaview Houstonchester Dyerport Annberg
Clarkberg Michaelview Clarenceview
Kevinberg Troyfort Patriciabury Thomasmouth
Charlesberg Ellisstad Tannerhaven Osbornemouth
Byrdfurt Byrdfurt Loweryborough
Adamside Andrewschester Adamside
Watsonville Christyland Watsonville
Garciamouth Garciamouth
Robinsonmouth Robinsonmouth
Horneside Horneside
Teresafort Jacksonland Smithtown Abigailville
Bradberg Bradberg
Shawnhaven Candaceborough
Weberbury Clarkport
Williamfort Holthaven Ryanside Codyton Vickiville Mindyview
Moodyburgh Ortegaberg Masseyside Thomasborough
Walltown Danielville Jacksonview Williamshire
Swansonshire Swansonshire
Calvinton Calvinton
Robertomouth Robertomouth
Millerborough Millerborough
Abigailhaven Abigailhaven
Smithfort Smithfort
Clarkbury Clarkbury
Priceville Priceville
