K CY L DV CE CT DX AG GC CR EL BR H AF BG P EG CF BJ EN FS DK T AW Q CL Z V GJ DB CO GR AX W CE EO BX EJ AG FR FU FZ DH BF K
41
K B
FZ G CB FZ
AX I AX BA
L L BB CW
EL M DG EL
P P BO BP EC FE FJ
BF R BF EU GL
T T EK FO GE
DK U AJ DI DK
V V BE BY FI
GC X ED GC
CE Y AB CE EQ FP
Z Z
AF AF
AG AG GG
Q AH BL
CF AM CF
DH AN DC DH DS GO
CL AS
AW AW
BG BG
CO BI DZ GI
BJ BJ
EG BQ EG
BR BR
BX BX DP
H CJ CK CQ FH
GR CM GR
CT CT GF
CY CY
DB DB
FU DR EH EZ FM FU FX
DV DV
DX DX EA EM
EJ EJ
EN EN FD GD
EO EO EV
FR FG FR GK
FS FS
W FV
GJ GJ
