89 96 172 142 86 56 86 21 188 142 148 155 197 169 38 94 48 13 109 81 41 37 168 124 31 18 75 127 147 3 179 5 101 156 144 39 145 83 12 125 146 39 190 47 64 73 128 194 79 89
46
179 100 179 122 135 114 61 192 70
96 96
148 178 102 148 58
101 101 78
39 132 195 39 85
86 86 29 173
197 197
172 172
127 127 88 4 80
79 79 36
94 94 151
3 3 136 189
190 190
145 33 149 191 121
18 18
156 51 156
73 97 25 193 73 65
169 169
168 99 44
124 124 59
109 183 109 112
128 199 128 111 23 49
125 125
81 81
37 37
146 146
31 107 6 140 31
47 16 98 118 1
75 75
89 69
194 194 133 141
21 21
83 11 83
5 5
142 130
48 27 48 9
12 12 187
13 13
41 41
64 64
144 160 144
155 155
38 38 32
56 56
147 147 82
188 188
