dldkilltnmhfepsteins msddkilllthepsteinfn tldkillhsfnmepsteind depsteinlfnmkilldsht tsmdepsteinkillhfdln depsteinlfnmkilldsht tldkillhsfnmepsteind killshdlmftnepsteind hsepsteinfkillnmddtl nmdhepsteinkilltfsld epsteinhnkillsldfdmt mkilldlshdtfepsteinn killhtdmdlnsfepstein sndldftmkillepsteinh killhtdmdlnsfepstein mkilldlshdtfepsteinn lepsteindsmnhftdkill epsteinldtnfmshdkill lepsteindsmnhftdkill dhsepsteintlkillmfnd skillmfepsteinthddnl lkillfthdsepsteindnm depsteinftndhmkillsl hepsteinnfdmlsdtkill depsteinftndhmkillsl dhkillldsepsteintnmf dkillnmhldstfepstein dhkillldsepsteintnmf depsteinftndhmkillsl tldkillhsfnmepsteind killshdlmftnepsteind ndkillthdepsteinlsmf killshdlmftnepsteind tldkillhsfnmepsteind mhkillepsteinddlfsnt fhnmkillepsteinsdltd depsteinftndhmkillsl epsteindkilltlmnhsfd depsteinftndhmkillsl fthlkillnepsteindsdm nftmskilldldepsteinh depsteinslkillhdftmn killmfndshdtepsteinl mfndlsdepsteinhkillt dsftepsteindhkillmnl sdlhfnmdepsteintkill dsftepsteindhkillmnl hlfdskilldnepsteintm killthsepsteindmlfdn dnldkillhmfstepstein killdldepsteinmfsthn smtepsteinkilldfnhdl mfndlsdepsteinhkillt nfltdmkillsdepsteinh hddtnsmfkillepsteinl fsepsteindkillhmtdln skillthlfndepsteindm fsepsteindkillhmtdln dhkillldsepsteintnmf depsteinftndhmkillsl tldkillhsfnmepsteind depsteinlfnmkilldsht tldkillhsfnmepsteind depsteinftndhmkillsl fthlkillnepsteindsdm hepsteinnfmtlkilldds ldfsmnepsteinkilltdh dkillldfepsteintsmnh hdepsteinkillnfdlmts dhmkillfdltnsepstein lkilldtnmsepsteindfh tdnfmdhepsteinslkill sdepsteinhlmnkillfdt mshkillltdepsteinfdn tepsteinhsdkillmldfn sldhnfmtdkillepstein fhdmnepsteindkillslt nftmskilldldepsteinh hnddkilltslmfepstein thdlskillnfdmepstein hnddkilltslmfepstein shfnmltepsteindkilld killtdslhfdepsteinnm shfnmltepsteindkilld sdndhepsteinltkillfm mdkillntepsteindfhsl tndskilldfepsteinmhl dkillnmsfhtlepsteind tndskilldfepsteinmhl mdkillntepsteindfhsl sdndhepsteinltkillfm dkillfepsteinnhdmtls depsteinlfnmkilldsht lhepsteintndkilldsmf depsteinlfnmkilldsht tldkillhsfnmepsteind killshdlmftnepsteind nsepsteinfmdkillhldt hnskillepsteintfdmld nsepsteinfmdkillhldt mdkilllfdnstepsteinh lkillepsteintdshmfnd hdmndfepsteinstkilll smkillnepsteinfldthd tmfdhepsteinnslkilld epsteinhnkillsldfdmt mkilldlshdtfepsteinn epsteinhdkillltsmfdn dhsepsteintlkillmfnd fddsmepsteintnkillhl ntmdhepsteinsdkillfl killthsepsteindmlfdn msddkilllthepsteinfn dldkilltnmhfepsteins
58
msddkilllthepsteinfn dlfdkilltepsteinhnms msddkilllthepsteinfn
sdndhepsteinltkillfm sdndhepsteinltkillfm fdskillndtmepsteinlh lmkillepsteintsndfhd lhsntdepsteindkillmf hepsteinntdkillsdmfl tdkillepsteinsmhdfnl dfkilllepsteinsnmhtd
tldkillhsfnmepsteind tldkillhsfnmepsteind
mdkillntepsteindfhsl mdkillntepsteindfhsl dmldfhskillntepstein
nftmskilldldepsteinh mdkillnlsdtepsteinhf nftmskilldldepsteinh
smkillnepsteinfldthd tsdnhkilllmepsteindf killdepsteinmfltdshn
tsmdepsteinkillhfdln tsmdepsteinkillhfdln killfthnmsdlepsteind
dhsepsteintlkillmfnd dhsepsteintlkillmfnd
fhdmnepsteindkillslt fhdmnepsteindkillslt
tdnfmdhepsteinslkill epsteintfhndkilllmsd
fsepsteindkillhmtdln killhdfnsepsteinmltd fsepsteindkillhmtdln epsteinlmkillfshnddt
dhkillldsepsteintnmf killtdmsdfhnepsteinl fmltddhnepsteinskill
fddsmepsteintnkillhl fddsmepsteintnkillhl mndtkillepsteindlfhs
thdlskillnfdmepstein lepsteinkilldhfmstnd thdlskillnfdmepstein
lkilldtnmsepsteindfh lkilldtnmsepsteindfh
killmfndshdtepsteinl killmfndshdtepsteinl
skillthlfndepsteindm mkillthfdlnepsteinds skillthlfndepsteindm
mdkilllfdnstepsteinh mdkilllfdnstepsteinh
fhnmkillepsteinsdltd fhnmkillepsteinsdltd
sldhnfmtdkillepstein msepsteintlhnfkilldd tdfkillslepsteinhdmn sldhnfmtdkillepstein
mfndlsdepsteinhkillt fdmtdepsteinkilllsnh ldepsteindhkilltsmfn dflstmkillepsteindhn
killtdslhfdepsteinnm slepsteinkillfmddhtn dtsmdnlhfepsteinkill mhdskillldftnepstein mkillldnhepsteinstfd killtdslhfdepsteinnm fmtnkilldepsteindhsl
hnddkilltslmfepstein dmtlsfhnkilldepstein killtepsteinddhlmnsf
sdlhfnmdepsteintkill sdlhfnmdepsteintkill
hepsteinnfdmlsdtkill hepsteinnfdmlsdtkill
ndkillthdepsteinlsmf ndkillthdepsteinlsmf
dkillnmhldstfepstein dkillnmhldstfepstein dfdepsteintlnskillhm dhtepsteinkillsdflmn
lkillepsteintdshmfnd lkillepsteintdshmfnd
shfnmltepsteindkilld shfnmltepsteindkilld depsteintkilllnmsfdh ndshkilldmlepsteinft
mhkillepsteinddlfsnt mhkillepsteinddlfsnt epsteinsnmflhtdkilld
depsteinftndhmkillsl depsteinftndhmkillsl
depsteinlfnmkilldsht depsteinlfnmkilldsht
tndskilldfepsteinmhl tndskilldfepsteinmhl
killhtdmdlnsfepstein killhtdmdlnsfepstein hmdkilllnepsteinfsdt ltfnsdhepsteinkilldm tepsteinmdfldhnskill lsmftnepsteinkillhdd
ntmdhepsteinsdkillfl epsteinfthkilldnslmd ntmdhepsteinsdkillfl
skillmfepsteinthddnl skillmfepsteinthddnl
epsteinhdkillltsmfdn epsteinhdkillltsmfdn
dkillldfepsteintsmnh dlshdtepsteinnkillfm hmndfkillslepsteintd
nfltdmkillsdepsteinh nfltdmkillsdepsteinh
tepsteinhsdkillmldfn tepsteinhsdkillmldfn
dhmkillfdltnsepstein hnsepsteinmkillfddtl dhmkillfdltnsepstein
hsepsteinfkillnmddtl hsepsteinfkillnmddtl epsteindmshtfldnkill
sndldftmkillepsteinh sndldftmkillepsteinh
killthsepsteindmlfdn killthsepsteindmlfdn nepsteindhkillltmsfd
lkillfthdsepsteindnm dtnkillsepsteinmdfhl
fthlkillnepsteindsdm lepsteindnhstfdmkill thnkillmddsepsteinfl
nmdhepsteinkilltfsld nmdhepsteinkilltfsld
epsteinldtnfmshdkill epsteinldtnfmshdkill
killdldepsteinmfsthn killdldepsteinmfsthn
ldfsmnepsteinkilltdh ldfsmnepsteinkilltdh
mkilldlshdtfepsteinn mkilldlshdtfepsteinn
depsteinslkillhdftmn depsteinslkillhdftmn
dkillnmsfhtlepsteind dkillnmsfhtlepsteind
epsteindkilltlmnhsfd epsteindkilltlmnhsfd
dnldkillhmfstepstein dnldkillhmfstepstein
epsteinhnkillsldfdmt epsteinhnkillsldfdmt
lhepsteintndkilldsmf lhepsteintndkilldsmf
hnskillepsteintfdmld hnskillepsteintfdmld
