start loc29 loc56 loc85 home106 loc85 home111 loc85 home112 loc85 loc86 loc87 loc88 loc89 loc90 loc91 loc92 loc93 loc94 home113 loc94 home119 loc94 home120 loc94 home121 loc94 loc95 loc96 loc97 loc98 loc99 loc68 loc69 loc70 loc71 loc72 loc73 loc74 home126 loc74 loc75 loc76 loc77 loc50 loc26 loc27 loc28 loc55 home137 loc55 home138 loc55 home144 loc55 loc28 loc27 loc26 loc50 loc20 home154 loc20 loc50 loc14 loc13 loc12 loc11 home158 loc11 home160 loc11 home161 loc11 home164 loc11 loc10 loc9 loc8 loc7 loc6 loc5 loc4 loc3 home174 loc3 home176 loc3 home177 loc3 loc2 loc1 start home182 start home187 start loc29 home100 home189 home100 loc29 home102 home195 home102 loc29 home103 home196 home103 loc29 start
36
home100 home100 home188 home190 home191
loc29 home101 home192 home193
home102 home102 home194
home103 home103
loc85 home104 home105 home107 home108 home109 home110 home197 home199
home106 home106 home198
home111 home111
home112 home112
home113 home113
loc94 home114 home115 home116 home117 home118 home122 home123
home119 home119
home120 home120
home121 home121
loc74 home124 home125 home127 home128 home129 home130 home131 home132 home133 home134
home126 home126
loc55 home135 home136 home139 home140 home141 home142 home143
home137 home137
home138 home138
home144 home144
loc20 home145 home146 home147 home148 home149 home150 home151 home152 home153 home155
home154 home154
loc11 home156 home157 home159 home162 home163 home165
home158 home158
home160 home160
home161 home161
home164 home164
loc3 home166 home167 home168 home169 home170 home171 home172 home173 home175 home178 home179
home174 home174
home176 home176
home177 home177
start home180 home181 home183 home184 home185 home186
home182 home182
home187 home187
home189 home189
home195 home195
home196 home196
