FortCollins Akron AppleValley Kissimmee Irvine Hampton Kenosha Jefferson ElPaso Evansville FortWayne FortSmith Arvada Lancaster LittleRock Lakewood Lafayette GrandRapids Houston Denver Layton Indianapolis Hemet Kennewick Layton Hollywood Lubbock Detroit LakeCharles ColoradoSprings Bloomington Elizabeth Bakersfield FortLauderdale Eugene Fayetteville Brownsville Fresno Chandler ElMonte Berkeley CollegeStation Harrisburg Champaign Leominster DavidsonCounty Champaign BonitaSprings FortCollins
45
Jefferson Aberdeen Burbank Dallas Jefferson
LittleRock Abilene LittleRock
Akron Akron
LakeCharles Albuquerque
Kissimmee Alexandria Amarillo
Detroit Allentown Bremerton Brighton CedarRapids Detroit Lacey
Kennewick Anaheim Austin Bellevue Cleveland Kennewick Lorain
Lancaster Anchorage Lancaster
Bakersfield AnnArbor Bakersfield Fremont
AppleValley AppleValley
Fayetteville Appleton Fayetteville
Arvada Arvada Erie Fargo Hickory Inglewood
Leominster Atlanta Leominster Manchester
Kenosha Augusta Barnstable Gilbert Grayslake Jacksonville
BonitaSprings Baltimore BonitaSprings Cary
Houston Beaumont Bethlehem DalyCity Houston
Berkeley Berkeley CapeCoral
CollegeStation Boise CollegeStation Lakeland
Eugene BoiseCity Eugene Henderson
FortCollins Bradenton FortCollins Harlingen Independence Knoxville
Brownsville Brownsville
Hampton Carrollton Frederick Hampton
Champaign Champaign Elkhart
Chandler Chandler
Evansville Chicago Danbury Evansville
ColoradoSprings ColoradoSprings Irving
DavidsonCounty DavidsonCounty
Denver Denver
Bloomington DesMoines
ElMonte ElMonte
ElPaso ElPaso
Elizabeth Elizabeth
FortWayne Fairfield Joliet LasCruces
Harrisburg Fontana Harrisburg
FortSmith FortWaltonBeach
Fresno Fresno Kalamazoo
GrandRapids Garland GrandRapids
Hemet Hemet
Hollywood Hollywood
Indianapolis Indianapolis
Irvine Irvine
Lafayette Lafayette
Lakewood Lakewood
Layton Layton
Lubbock Louisville Lubbock
