location34 location19 location83 location95 location131 location95 location83 location151 location165 location125 location165 location176 location165 location155 location128 location188 location114 location92 location95 location123 location121 location123 location140 location10 location17 location4 location124 location12 location188 location128 location104 location76 location104 location142 location119 location79 location64 location122 location64 location79 location75 location32 location109 location144 location45 location28 location177 location72 location136 location182 location31 location23 location27 location96 location177 location54 location177 location28 location45 location28 location61 location59 location34
43
location34 location34 location39 location192
location128 location46 location105
location72 location72
location151 location132 location181 location71 location151
location155 location189 location155 location162
location23 location23
location59 location89 location11 location167 location59
location182 location52 location91 location21
location45 location45
location177 location177 location68 location2 location187
location104 location159 location130
location131 location131
location79 location194 location9 location0 location6 location135 location79 location180
location61 location149 location117
location92 location170 location134 location92 location90 location139
location19 location197 location98
location28 location28
location142 location158 location142 location120 location88 location86
location83 location55 location174 location199
location76 location111 location76
location140 location140
location123 location99 location15 location115 location175
location188 location143 location24 location172 location188
location165 location164 location107 location103
location12 location37 location12 location38
location122 location161 location122
location96 location96
location124 location157
location64 location64
location4 location163
location27 location27
location75 location47 location137
location119 location119
location109 location109
location144 location144
location54 location54
location125 location125
location136 location136
location121 location121
location114 location60 location114
location17 location17
location176 location176
location32 location3
