4HOMU ELH5L UW44H ELH5L WI88U EDSMH HWKGJ LKP22 IF7TL Y61KP M0J6A Q5DAA 0VPRW 1X6L1 WBT4L A1QRL BE5V8 FCYPJ 9O1IZ OLLV9 W2M5C IZESQ ZN2EP DCHO3 FMCVK 53Y1R SKPO7 9WSXC FMCVK H1LTE 6WOBI 8A5FQ 1RS2N WP2MA HV4Z2 V8GEC TBPBM PTADN DL8LT 4HOMU
37
FMCVK L2PQE PXCIN LEBVZ
1RS2N 945CN 50J5H 1RS2N
FCYPJ L2GJ5 FCYPJ
DL8LT 2C63O LIRLU CFGE5 FRZVP DDXG0 ZRPB5 X180A YJ67U 8CLEZ TCC7B
HV4Z2 SYV5N 768ZF XEEQB
DCHO3 RU85S DCHO3 PYPSO
Q5DAA KOYRV 0D2BR ZZH8Z 3AIXW Q5DAA
IZESQ KC9RF IZESQ
ZN2EP ZN2EP
8A5FQ 45JXE PMFJ2
UW44H UW44H 52MNN
TBPBM M1HJR ZHSBU NPDI9 TBPBM
V8GEC 1F0YL HZHRA C7WKJ OIPRN V8GEC
M0J6A DOLRQ WXZHF
WP2MA WP2MA
W2M5C Q7FCL W2M5C VHCFR
0VPRW 0VPRW 0U9HU
9O1IZ SHOOM RAAD4 TI35I 69BJO C8O6I
HWKGJ HWKGJ AT3CI T9O11
IF7TL 6ACGE IF7TL
1X6L1 DTPF4 TORQI WZB33 8EXDQ W2H22
WBT4L 7GA8O TY0L7 SA6G0 2BUI5 FC0PR
53Y1R 7U3JG 53Y1R K50JQ CM5WA 6OA3K
BE5V8 BE5V8
WI88U WI88U P419D
Y61KP Y61KP
9WSXC 9WSXC
LKP22 V22SY MC71K LLTLN LKP22
4HOMU JXLE1 61QWU
H1LTE H1LTE C45HH BVMDZ
PTADN PTADN
ELH5L 4WDJE ELH5L
6WOBI 6WOBI
SKPO7 SKPO7
OLLV9 OLLV9
A1QRL A1QRL
EDSMH EDSMH
