0 92 158 29 107 24 164 2 88 148 195 196 23 109 110 109 23 118 119 33 77 128 77 127 181 41 160 161 18 152 51 7 146 80 145 80 147 18 33 185 133 185 33 119 176 2 164 14 116 174 12 43 102 41 181 127 77 33 189 139 96 60 143 142 27 197 34 30 115 173 41 181 182 26 153 51 151 197 27 112 113 35 114 33 179 124 97 94 121 177 178 12 67 85 137 85 136 30 157 92 0
60
43 100 101
102 102
30 103 104 105 156 165 166
107 106 107 108 167 168
109 109 154 169
110 110 111 170
112 112 171
113 113 172
114 114
115 115
116 116 117
118 118 175
119 119 120
121 121
94 122 123
124 124
97 125 126 130 132 183
127 127
128 128
77 129
41 131 134 184
133 133 135
136 136 187
137 137 188
85 138
139 139
96 140 141 190
142 142 191
143 143 192
60 144
145 145 193
146 146 194
147 147
148 148
196 149 196
88 150
151 151
152 152
153 153
14 155
157 157
158 158
92 159
160 160
161 161
0 162
164 163 164
173 173
174 174
176 176
177 177
178 178
179 179 180
181 181
182 182
185 185
33 186
189 189
195 195
197 197 198
