Soda Doe Foothill Wheeler Stephans Barrows Dwinelle Hertz Evans Haas MLK Hearst GBC Morgan Sproul Dwinelle MemorialStadium Wellman Mulford BWW Cory Unit1 Unit2 Etcheverry Unit3 LakeMerrit BC Dwinelle MainStacks Soda GoldenStatePark Soda ClarkKerr Blackwell TheRoof RSF Davis Soda
26
Doe Doe
Wheeler Wheeler
Stephans Stephans
Haas Haas
Hertz Hertz
Barrows Barrows
RSF RSF
Sproul Sproul
GBC GBC
MLK MLK
BWW BWW
MemorialStadium MemorialStadium
MainStacks MainStacks
Morgan Morgan
Mulford Mulford
Wellman Wellman
Unit1 Unit1
Unit2 Unit2
Unit3 Unit3
Blackwell Blackwell
BC BC
Foothill Foothill
ClarkKerr ClarkKerr
LakeMerrit LakeMerrit
GoldenStatePark GoldenStatePark
TheRoof TheRoof
