A42 A71 A153 A166 A185 A193 A20 A193 A185 A56 A154 A104 A118 A91 A93 A153 A71 A61 A170 A65 A82 A65 A50 A98 A63 A146 A31 A159 A130 A35 A58 A176 A57 A23 A15 A168 A7 A199 A63 A98 A0 A98 A63 A199 A7 A168 A54 A174 A186 A107 A101 A95 A177 A95 A195 A39 A76 A119 A83 A103 A83 A142 A197 A161 A128 A146 A63 A44 A166 A185 A56 A88 A13 A167 A72 A125 A182 A102 A182 A125 A168 A15 A23 A57 A157 A133 A67 A13 A101 A106 A101 A107 A186 A111 A186 A67 A116 A105 A16 A105 A116 A67 A186 A64 A186 A143 A172 A73 A123 A73 A40 A74 A134 A163 A43 A183 A100 A42
61
A177 A179 A177
A118 A118
A105 A105 A9
A13 A75 A70 A13
A20 A20
A65 A65
A82 A82 A194
A102 A102
A98 A148 A132 A192 A98
A107 A78 A107
A142 A139 A142
A58 A58
A43 A84 A43
A42 A42
A74 A196
A133 A51
A72 A72 A37 A114
A106 A106 A144 A33
A159 A159
A185 A185
A39 A39
A63 A90 A3 A30 A189
A195 A127 A32
A176 A176
A44 A120 A21 A5
A130 A130
A40 A40
A186 A94 A34
A7 A4 A7
A50 A117
A125 A181
A100 A100
A71 A71
A167 A167 A77
A23 A23 A184 A92
A35 A2 A35 A135
A163 A124 A145
A95 A95 A17 A96 A28
A174 A122
A93 A93
A76 A76 A187
A111 A111
A183 A183
A143 A143
A172 A172
A123 A123
A83 A45
A57 A57 A38
A0 A0
A154 A154
A170 A126
A103 A103
A88 A113 A88
A54 A54
A182 A182
A16 A137 A16
A64 A46 A64 A191
A67 A67 A136
A193 A193
A197 A198
A128 A128
