COM HND GRC HRV ROU MMR IDN GNQ LBR SGS SLB NFK NGA FSM ESP FSM NGA NFK SLB PYF RUS PYF MEX SDN REU GLP MDA GLP GMB NGA FSM FIN GAB ETH ESH FRA GGY EGY MYS IRN NIU PRK QAT ALB QAT COM NER ABW NIC PNG PRY BIH BOL BHR BOL BLZ RUS BVT CAF CRI NIU CZE CYP CZE NIU PRK COD NIC AUS NFK NGA GMB PCN PAN MHL CPV COK COM MDG IDN SHN CHN COD NIC IRL NIC NGA FSM FIN GAB GBR GAB FIN FSM NGA NFK CXR MWI COM
53
CAF CIV NRU CAF
COK CAN COK
HND HND MAR
PRY MOZ PRY
MWI ITA
IDN KOR IDN LBN GUM COL HKG HTI KAZ
NER NER MYT MTQ
REU REU AFG
GRC GRC
CRI LUX ATG KNA LAO KWT PSE
CXR CXR
CPV LIE MLI CPV LTU RWA
EGY EGY
MMR MMR NPL
GNQ GNQ PAK
PAN PAN
SHN SHN
FRA FRA
ESP ESP GIB GEO GHA
BVT LKA
BLZ BLM BEN
COD COG HUN COD
MHL MAC
LBR LBR JPN
SGS KHM DMA NZL SGS DJI
MEX MEX POL ARE
MDA MDA
ALB ARM ALB
MYS DZA
SDN SDN
GBR GBR
BHR BDI BHR
BIH BHS AZE
RUS RUS
IRL IRL
NFK NFK JEY ALA
ESH ESH ECU
HRV HRV
PYF HMD
PNG PNG
FSM GIN FSM
CYP CYP
CZE DEU
CHN CHN
FIN FIN
IRN IRN IOT
AUS AUS
ABW ABW
NIU NIU
NIC NIC
GAB GAB
GMB GMB
BOL BMU
