9c2647cde6e44cc385c8 211ddbbf614a47428f13 a22afbff48914ac888a0 ce2f0e6b8eb94a748c7d 12a170c171ef44d4b662 8e02573f1324425c9311 54de46f8d4f647d1baa7 e5d122afc38c45dea5ae 1a4c9d2bea59474aa118 af0a537d56ff42a99a0a cd51464f29fe4984870b ec162ad32a614344923a 884e85a591684c7ebc61 5215b0f0bd724c5cb095 3ab839e5a91246f58aa6 00dd89601f03490d8809 e0d1e21ff6cc4d64aff7 4c8b2bb0f24f4375a715 42e3ccb6ddd54a0aa3cb 8fb88a81c320403c8940 7e0770b0df094f329117 211ddbbf614a47428f13 09b94d1b44c348ceadb9 ef84408a20334d7d9940 f74897e94729433fa22f f47cbc59a0584307a0f1 53afa325a7d34c438292 3e010983b03e4fcd9e0f e5a9ca3b130945588284 e05275dbed2540ddb1d0 3574209d67b74478ae2e c15cfb41ef824fd2a1c0 2783e022fae94929bf16 d5bccd7804014eca8c6c b3931f6d1087486cb913 c947a496d2b34bb89bb9 529d899e8f2545bfbc5a df9fcc997b4f4a18b94a 0753fe21061c4e058dad a2e35f0c3c9143c68a9e 7e6d763cc1df4cdcba88 e3726a85ffc34b1282cf 7de7910c524e4920822e 3574209d67b74478ae2e 12a170c171ef44d4b662 87788962cd304b248baf c69875060dcb453ead1a 09b94d1b44c348ceadb9 fab56f22f8684dd18893 d8316f23d67e43ccb5e7 cfa4f7b46ab548c1a67a 19f204e30ad4442cb966 9c2647cde6e44cc385c8
46
a22afbff48914ac888a0 a22afbff48914ac888a0
af0a537d56ff42a99a0a af0a537d56ff42a99a0a d8780223b4744b5b91e5
3e010983b03e4fcd9e0f fa1e4bc6ddcc462f984f bbd144150de64860b03c
00dd89601f03490d8809 664988394a5f48d79e79 00dd89601f03490d8809
211ddbbf614a47428f13 5dc9f852f2454533879f 211ddbbf614a47428f13
c15cfb41ef824fd2a1c0 a581f1b5cd374bd0ba96 8a66a2d4fdf74f2e9b0e 9a6fd45cb4d44509bce9 c15cfb41ef824fd2a1c0
3574209d67b74478ae2e 3574209d67b74478ae2e
f47cbc59a0584307a0f1 fc38d8b64f88401c97fd f47cbc59a0584307a0f1 884523a7277b40f4972f 85ec82d3a96e4436a5a2
e0d1e21ff6cc4d64aff7 934f0cae8959401e9aa3 9b9da0cbe5514fabb1ae 0f214fa889a6406e8826 e0d1e21ff6cc4d64aff7
e3726a85ffc34b1282cf e3726a85ffc34b1282cf 33edfebd58804049be59
ec162ad32a614344923a 74bfaa171ba342fc9e58 d484483c58914446843f b42e69fcc93540ff9100 42f0effdbad6403aad72 ec162ad32a614344923a
ce2f0e6b8eb94a748c7d ce2f0e6b8eb94a748c7d
e05275dbed2540ddb1d0 e74a97c92dba4d8ea2d5 404713e80e9740c9b7cd df9c93ed7a63447389dd e05275dbed2540ddb1d0
0753fe21061c4e058dad b96177c96ab740b3965b 0753fe21061c4e058dad
4c8b2bb0f24f4375a715 4c8b2bb0f24f4375a715 5a3b69fa8cfb4982a27c
884e85a591684c7ebc61 884e85a591684c7ebc61 b3a599b5126842e1bf24
19f204e30ad4442cb966 19f204e30ad4442cb966 c7ef0821b71641f390ee 2b0e5d986b0a4f1cb926
d5bccd7804014eca8c6c d5bccd7804014eca8c6c
b3931f6d1087486cb913 b3931f6d1087486cb913
f74897e94729433fa22f f74897e94729433fa22f 5b3dce289f444b0aa162 bd01ba7047cb4d04a847
d8316f23d67e43ccb5e7 ca0b4771edab4289a9de d8316f23d67e43ccb5e7
cfa4f7b46ab548c1a67a cfa4f7b46ab548c1a67a 5b7e4d089e434c6a9293 205f1eddbda0478aada6 5fd6476364e640bea476
a2e35f0c3c9143c68a9e 7a1df78f40b245bfbb97 a2e35f0c3c9143c68a9e
c69875060dcb453ead1a c69875060dcb453ead1a 76432c67ac2d44b384c1
ef84408a20334d7d9940 ef84408a20334d7d9940
df9fcc997b4f4a18b94a df9fcc997b4f4a18b94a
1a4c9d2bea59474aa118 1a4c9d2bea59474aa118 babcd00b2c484c36bc48
cd51464f29fe4984870b 849492e2a4f04946a2c6 82654fedf62042cb92dc cd51464f29fe4984870b
3ab839e5a91246f58aa6 dee15252c0e54b84beaf a0f6a505c8184e86afc9
529d899e8f2545bfbc5a 9b93a8a7d0b543339985 529d899e8f2545bfbc5a
5215b0f0bd724c5cb095 bb5eae787bbc407b98a6 d4f8d48cee014966a5b7 5215b0f0bd724c5cb095
54de46f8d4f647d1baa7 1c62a698c79e460eb5ff 54de46f8d4f647d1baa7
09b94d1b44c348ceadb9 242983dadb1f4402a4a9 09b94d1b44c348ceadb9
2783e022fae94929bf16 2783e022fae94929bf16
e5a9ca3b130945588284 e5a9ca3b130945588284 2bcf7711ba8b49129f0c b927c43e198546078ea6 dbfc82377b8f4429bc5e
42e3ccb6ddd54a0aa3cb 26a1d084007f489fba55 06635824d9b841f7b41e e6237b02869349c2bcc8 0a53d934f24848f9bda3 42e3ccb6ddd54a0aa3cb
53afa325a7d34c438292 53afa325a7d34c438292
9c2647cde6e44cc385c8 910d00572d9d42cebb4a
8fb88a81c320403c8940 8fb88a81c320403c8940
fab56f22f8684dd18893 fab56f22f8684dd18893
7e0770b0df094f329117 7e0770b0df094f329117 eff3a759e4134e70a252
12a170c171ef44d4b662 12a170c171ef44d4b662 44c8674ccef1477b965f b47b7b94e7d74f398b8f
e5d122afc38c45dea5ae e5d122afc38c45dea5ae
c947a496d2b34bb89bb9 e87b98454fe24297b210 c947a496d2b34bb89bb9
87788962cd304b248baf 87788962cd304b248baf
8e02573f1324425c9311 8e02573f1324425c9311
