9b0f0f4ded15491691bd 1bcf747e9b5643a184fc bab9aa2939444af1b896 f0189cae00704deca8a2 7b57359ca242406bb373 465a9fdfbe7e43bf9d6e e2caa88e503f4129b613 3f0f5ffb79ce42f4a325 b989f75f3cac48bfbf34 b645cb0bc92b4d92bdf9 85d65d4df3204859a6e4 d6b027921ae340ac8c4c edbe0486385943b583ca 97b46a2d8ead45d98077 28b1f9c8d4d24d81bc6d 8a3bd04ca9844f3486da 4083eeebbfb942a38987 c5365df821314eeb9891 4442f5bd42d743b693d2 2e7ecbbb3b3e47dc8d96 7a033f26eda14b709d28 9b0f0f4ded15491691bd
20
4083eeebbfb942a38987 f4d7e89ec3164c95942e 4083eeebbfb942a38987
9b0f0f4ded15491691bd c65ed76062154b0ab868 e70b11887ef14bce9075 cc612a917319427a804f 9b0f0f4ded15491691bd
4442f5bd42d743b693d2 bcedb61dc02748cd9d61 ddfff2b50dff43868057 d3ae567eea5a44939b43 9ff40c0a1bef41898f25
1bcf747e9b5643a184fc 1bcf747e9b5643a184fc bef459c8a1f84af3a3a9 c0e69339ecae4efdb4d8 cbdeaac599ea4917bf3b 2bc5c3c02de447469b45 8234739fe11c4c58939e
7a033f26eda14b709d28 6c2d42b6b644452fbba1 7a033f26eda14b709d28
2e7ecbbb3b3e47dc8d96 be5b9781cabc47a78aac 2e7ecbbb3b3e47dc8d96
b645cb0bc92b4d92bdf9 b645cb0bc92b4d92bdf9
85d65d4df3204859a6e4 85d65d4df3204859a6e4
e2caa88e503f4129b613 885e825ee7fa47d0bf37 e2caa88e503f4129b613 eb960e815dd14fd6bd07
edbe0486385943b583ca 8b72f079974a49c7aa40 f69f6451080d4570851d
d6b027921ae340ac8c4c d6b027921ae340ac8c4c
7b57359ca242406bb373 2343f68f1ed74a6f8567 7b57359ca242406bb373 0921b2d036264a09b57e
bab9aa2939444af1b896 c88b4673ce3d49c6908f bab9aa2939444af1b896 d41ce53800e74a0f849b c0fd362b334d43189c08 26bbebd3e4264edd8081 3404f2452daa4f839b9b 18bb444e17894062aa31
8a3bd04ca9844f3486da 339edeefe40f47f4abbe 8a3bd04ca9844f3486da
97b46a2d8ead45d98077 97b46a2d8ead45d98077
c5365df821314eeb9891 c5365df821314eeb9891 bcb1ec18982a4bb0815b
b989f75f3cac48bfbf34 b989f75f3cac48bfbf34 b5e22237f3c14773b553
3f0f5ffb79ce42f4a325 3f0f5ffb79ce42f4a325
28b1f9c8d4d24d81bc6d 28b1f9c8d4d24d81bc6d 0823afbd07bf45febe21
465a9fdfbe7e43bf9d6e 465a9fdfbe7e43bf9d6e e3f0a7bd5aa342ac9fe9
