Soda 150 103 143 113 31 117 134 119 157 116 108 111 135 114 194 110 141 122 112 118 164 154 115 50 141 154 128 156 178 182 124 153 193 173 180 196 102 146 133 155 Soda
39
155 99 121 129 155
31 100 109
Soda 101 167
102 102 132
103 103 137 140 175 176
182 104 182 195
119 105 119 158 188
143 106 143
133 107 133 181
108 108 198
110 110 152
111 111 139 165
112 112 126
113 113 160
114 114 130 168
115 115 145 147 189
116 116 170 174 187
117 117 120 149
118 118
122 122 190
150 123 150 159 185
124 124 161
153 125 153 162
196 127 136 196
128 128
157 131 157 163 186
134 134 144 172
135 135
50 138
141 141 151
194 142 166 171 194
146 146
173 148 169 173 191
154 154
156 156 192
164 164 177 183
178 178 179
180 180 184
193 193 197
