Soda 46 2 21 36 11 101 76 178 24 15 46 73 85 69 193 77 93 72 14 88 68 87 99 61 74 55 78 56 35 23 123 53 33 12 185 26 51 28 34 22 47 3 90 64 75 29 63 52 38 75 7 45 62 81 60 71 84 70 39 10 44 4 97 72 98 20 91 32 79 40 9 59 48 49 43 94 27 80 67 5 83 17 31 14 8 Soda
77
2 2
3 3
4 4
5 5 57
11 6 11 19 89
7 7
8 8
9 9
10 10 25
12 12
29 13 29 95
14 14
15 15
26 16 26
17 17
99 18 99
20 20
21 21
22 22
23 23
24 24
27 27
28 28
31 30 31
32 32
33 33
34 34
35 35
36 36
38 37 38
39 39
40 40 92
52 41 52
73 42 73
43 43 50
44 44
45 45
46 46
47 47
48 48
49 49 96
51 51
53 53
83 54 83
55 55 66
56 56
68 58 68
59 59
60 60
61 61
62 62
63 63
64 64 86
79 65 79
67 67
69 69
70 70 82
71 71
72 72
74 74
75 75
76 76
77 77
78 78
80 80
81 81
84 84
85 85
87 87
88 88
90 90
91 91
93 93
94 94
97 97
98 98 100
101 101
