Wurster Honolulu Spieker Florida Brain Barrows Hesse Anthony Blackwell North Simon Vermont Sutardja Simpson Hazardous Sather Pitzer Parking Stanley Wurster
19
Sutardja Silver Frank Sutardja Raleigh Cory
Honolulu Boston Honolulu Maxwell Pennsylvania Class Tennessee Observatory
Sather Alabama Sather
Vermont Montgomery Vermont Idaho
Hesse California Massachusetts Salem Hesse
Hazardous Hazardous
Simon Recreational Visitor Simon Goldman
Stanley Stanley
Barrows Hilgard Indianapolis Kleeberger Moffitt Barrows
Wurster Wurster Moses
Parking Parking Juneau
Florida Optometry Florida Gilman
Anthony Oregon Anthony
Simpson Simpson
Spieker Spieker
North North Nevada Chan
Pitzer McLaughlin Pitzer
Blackwell Blackwell
Brain Brain
