LeonieHill SerangoonGarden YuhuaWestBoonLay TampinesWest YuhuaWestBoonLay TuasBay GreenwoodPark WaterwayEast InstitutionHill Shipyard NeeSoon OrangeGrove Boulevard YioChuKang AnchorvaleBuangkok Semakau SungeiRoad Woodgrove AirportRoad GeylangBahru KallangWay SungeiRoad ClarkeQuay KampongGlam Mandai BukitBatokCentral TanglinHalt DefuIndustrialPark LeonieHill
24
GreenwoodPark Guilin Trafalgar GreenwoodPark
Woodgrove Townsville ClementiCentral PunggolTownCentre Woodgrove ChangiWest
SerangoonGarden SerangoonGarden Phillip Victoria Yishun
GeylangBahru Springleaf PasirPanjang2
SungeiRoad Novena SungeiRoad SembawangSprings
Semakau FarrerPark Semakau Sentosa
Shipyard SungeiKadut Shipyard Kranji ConeyIsland
Boulevard Boulevard
InstitutionHill MonksHill Sennett Outram
AirportRoad AirportRoad
KallangWay KallangWay
YuhuaWestBoonLay YuhuaWestBoonLay LoyangEast
YioChuKang YioChuKang MandaiWest
TuasBay TuasBay
TampinesWest TampinesWest ChoaChuKangCentral
WaterwayEast Ridout BishanEast
AnchorvaleBuangkok NorthCoast AnchorvaleBuangkok
OrangeGrove OrangeGrove
TanglinHalt TanglinHalt
NeeSoon NeeSoon JurongWestCentral
BukitBatokCentral BukitBatokCentral
DefuIndustrialPark Tyersall DefuIndustrialPark
KampongGlam KampongGlam
ClarkeQuay SingaporePolytechnic
