DK BC CX GN HD BH AU DB DZ CW AO AN CE HJ EN DF DX HE DU DM DX BW ED AI CT AD HC AG DB FB CP CD AK CY EF EA CF HF CR FP EH EL AT FN FQ FG HI AR FH EB GY GR FT FU AM DJ CM FD FW EW EM BR CW DE DT BA ES GT CG DI CA DK
64
CD FA CD AY
DX CS DP DX
BC BC
CA CA
DI DI
BH BH CU
AO EY AO
DZ DZ
CY GB CY DD
FQ DN
HJ HJ DL
AU AU DO
GY BE GY
CW CW BI
CE CE
AN AN AV
EN EN
HE HE
DF DF CI
DU DU
EW AB EW
DK AZ
AG AG
DM DM
ED ED
CT CT
CF FZ
HC HC
FB FB AA HB
CP CP BM
FN EO FN
AK AK
DB DB
EA EA
CR CR
FP FP
FH FH
EL EL
FG FG
AR BV GZ BZ
DE EP GV ET DE
HF HF
DJ GX BF BP
BW BW
AT AT CK
AM EQ AM CC
HI HI
EB EB
FT FT BL
FW FW
CM CM
EM EM
GR GR
BR BR
FU GG
FD FD
EF EF
DT DT
ES ES
GT GT
CG CG
HD HD
GN GN
CX CX
