0 7 9 10 11 71 68 64 68 71 11 10 9 7 0 2 3 4 5 6 5 4 3 2 0 7 9 10 26 28 30 31 14 17 18 19 18 17 14 13 12 13 14 47 48 49 50 93 50 49 48 47 14 31 30 28 26 10 72 67 72 10 9 7 0
30
0 0 1 21 22 23
2 2
3 3
4 4
5 5
6 6
7 7 8 25 52 53 54 55 56 58 62 66 74
9 9 24
10 10
11 11
12 12 65 69 70 73
13 13
14 14 15 16 76 78 85 99
17 17
18 18
19 19 20
26 26
28 27 28 29 34 35 37 38 39 75 77 82 83 84 87 95 96 97 98
30 30 32 33 36 41 79 81
31 31 40
47 42 45 46 47 86 91
49 43 44 49 90 92
48 48
50 50
64 51 60 61 64
67 57 59 63 67
68 68
71 71
72 72
93 80 88 89 93 94
