187 172 144 119 136 65 89 54 25 6 25 90 117 140 65 15 39 183 164 98 66 8 47 13 52 196 67 37 42 44 71 58 126 100 185 199 166 173 187
34
199 63 70 199
25 111 93
15 82 23 184 92 15 127 131
6 152 163 6 132 169 12
71 133 181 148 109 128 150 71 124
58 33 157 176 95 58 83
119 119
136 191 107 161 136
173 173 30 2 190 72
117 175 142 117 53 73
13 13
90 90 108
67 110 67 18
39 165 41 69 9 146 171 160 39
54 54 80 55 97
185 162 68 32 45
164 78 164
37 153 120 59
44 134 180 114 79 44
183 183
187 48 86
140 140
8 8
42 94 29 42
98 36
89 89 154
144 87
52 52
172 172
47 47 156
65 65
126 126
196 196 7
166 166
