location1 location69 location195 location33 location142 location116 location152 location158 location143 location59 location82 location96 location172 location92 location149 location150 location12 location25 location128 location171 location139 location13 location32 location185 location46 location1
25
location69 location69 location140 location49 location107 location190
location185 location35 location11 location185
location143 location106 location180 location177 location43 location182 location169 location110 location57 location65 location164 location143 location133 location37 location17 location118 location186 location127
location13 location16 location13 location161
location1 location20 location90 location27 location56 location178
location139 location97 location139 location146 location75
location158 location158 location28 location179
location25 location25
location172 location157 location6 location74 location188 location159 location130 location199 location184 location129 location114 location58 location181 location172 location30
location46 location123 location46 location40
location82 location82 location68 location91 location3
location12 location12 location5 location44 location148 location111
location59 location59
location32 location105 location87 location175 location32
location92 location92 location100 location136 location93 location193
location116 location116 location108 location165 location197 location154 location26 location10
location195 location195 location196 location22 location94
location142 location142
location96 location2 location85 location95 location96
location150 location150
location128 location128
location149 location149 location109
location171 location171
location152 location152
location33 location33
