Loc1 Loc165 Loc157 Loc172 Loc155 Loc122 Loc18 Loc50 Loc150 Loc72 Loc98 Loc72 Loc17 Loc164 Loc119 Loc76 Loc31 Loc144 Loc131 Loc144 Loc121 Loc35 Loc145 Loc87 Loc38 Loc4 Loc131 Loc128 Loc85 Loc39 Loc18 Loc135 Loc181 Loc29 Loc180 Loc19 Loc48 Loc186 Loc46 Loc38 Loc151 Loc128 Loc151 Loc10 Loc102 Loc24 Loc171 Loc173 Loc43 Loc192 Loc43 Loc32 Loc50 Loc18 Loc135 Loc16 Loc22 Loc99 Loc70 Loc78 Loc83 Loc196 Loc3 Loc65 Loc188 Loc198 Loc178 Loc199 Loc124 Loc65 Loc188 Loc65 Loc97 Loc1
53
Loc180 Loc115 Loc45 Loc180
Loc199 Loc58 Loc199
Loc83 Loc83
Loc3 Loc3 Loc64
Loc178 Loc82 Loc178
Loc39 Loc39 Loc6 Loc89
Loc46 Loc166 Loc59 Loc187
Loc172 Loc172 Loc15 Loc183
Loc16 Loc127 Loc66 Loc91 Loc175
Loc35 Loc113 Loc92 Loc177
Loc164 Loc164 Loc55 Loc63 Loc123
Loc102 Loc130 Loc102 Loc114
Loc119 Loc160 Loc119 Loc8
Loc4 Loc4
Loc131 Loc126 Loc131
Loc97 Loc97 Loc73
Loc165 Loc5 Loc37 Loc153
Loc50 Loc110 Loc50
Loc150 Loc44 Loc150 Loc13 Loc36
Loc99 Loc99 Loc26
Loc145 Loc145 Loc33
Loc135 Loc106 Loc135
Loc198 Loc198
Loc65 Loc117
Loc17 Loc104 Loc68 Loc69
Loc173 Loc51 Loc161
Loc196 Loc111 Loc196 Loc169
Loc151 Loc156 Loc28 Loc132
Loc72 Loc72
Loc171 Loc171 Loc152
Loc98 Loc98
Loc188 Loc188
Loc186 Loc60 Loc186
Loc29 Loc29 Loc112
Loc122 Loc122
Loc70 Loc70 Loc194
Loc87 Loc87
Loc38 Loc167 Loc38
Loc19 Loc19
Loc22 Loc22
Loc1 Loc12 Loc1
Loc76 Loc76
Loc157 Loc157
Loc192 Loc192
Loc85 Loc85
Loc144 Loc144
Loc155 Loc155
Loc78 Loc62
Loc18 Loc18
Loc10 Loc154
Loc121 Loc121
Loc128 Loc128
Loc31 Loc31
