114 67 98 93 75 81 100 119 115 167 96 84 38 54 59 134 127 63 133 74 108 149 35 114
23
54 16 183 12 70 31 14 3 176 124
114 174 78 102 170 49 114
81 188 166 182 81
98 199 98
75 21 75 105 117 109 181
167 167
133 191 10 0 133 76
108 51 108 62
74 175 173 74 29
84 103 146 4 169 84 36
96 7 24 147 96 32
59 42 33 148 197 66 15 112 131 43 89 59
115 111 37 195 115 41 5
134 196 177 134
63 26 63 18
149 154 149 92 95 164 47
127 127 155 171 69
35 1 35 53
67 28 67 91 150 94
93 187 135 93
100 100
119 161 119
38 87 38
