Liam Benjamin Wyatt Daniel Joseph Matthew Joseph Jacob Joseph Michael Luke Oliver Alexander Henry Alexander Samuel Mason Elijah William Carter William Mason Noah Gabriel Jackson Lucas Julian Ethan Logan James Aiden Jaxon David Jaxon Sebastian Jaxon Liam
25
Liam Liam
Noah Noah
William William
James James
Logan Logan
Benjamin Benjamin
Mason Mason
Elijah Elijah
Oliver Oliver
Jacob Jacob
Lucas Lucas
Michael Michael
Alexander Alexander
Ethan Ethan
Daniel Daniel
Matthew Matthew
Aiden Aiden
Henry Henry
Joseph Joseph
Jackson Jackson
Samuel Samuel
Sebastian Sebastian
David David
Carter Carter
Wyatt Wyatt
