Liam Isaiah Joseph Mateo Alexander Mason Elijah Aiden William Logan Ethan Brayden Samuel Brayden Jaxson Michael Ezra Thomas James Thomas Dylan Owen Jose Sawyer John Sawyer Benjamin Carter Dominic Oliver Dominic Eli Jackson Eli Wyatt Eli Lucas Noah Luke Asher Jordan Jacob Roman Maverick Cooper Matthew Cooper Jordan Nicholas Theodore David Sebastian Josiah Evan Levi Jonathan Henry Ian Adam Jayden Adam Robert Daniel Isaiah Liam
30
Liam Liam
Noah Noah
William William
James James
Logan Logan
Benjamin Benjamin
Mason Mason
Elijah Elijah
Oliver Oliver
Jacob Jacob
Lucas Lucas
Michael Michael
Alexander Alexander
Ethan Ethan
Daniel Daniel
Matthew Matthew
Aiden Aiden
Henry Henry
Joseph Joseph
Jackson Jackson
Samuel Samuel
Sebastian Sebastian
David David
Carter Carter
Wyatt Wyatt
Jayden Jayden
John John
Owen Owen
Dylan Dylan
Luke Luke
