LOC60 LOC153 LOC17 LOC49 LOC51 LOC133 LOC24 LOC35 LOC129 LOC177 LOC189 LOC61 LOC180 LOC69 LOC68 LOC69 LOC192 LOC75 LOC196 LOC179 LOC133 LOC125 LOC63 LOC161 LOC62 LOC98 LOC48 LOC188 LOC170 LOC166 LOC153 LOC169 LOC74 LOC134 LOC50 LOC107 LOC54 LOC67 LOC30 LOC17 LOC153 LOC64 LOC144 LOC72 LOC141 LOC79 LOC60
30
LOC51 LOC51
LOC68 LOC142 LOC158 LOC56 LOC18 LOC68
LOC170 LOC164 LOC7 LOC170
LOC166 LOC166 LOC160
LOC133 LOC133 LOC89 LOC117 LOC96
LOC98 LOC190
LOC192 LOC192 LOC139
LOC64 LOC64 LOC145
LOC63 LOC63 LOC58
LOC62 LOC62
LOC107 LOC59
LOC75 LOC52
LOC189 LOC97 LOC189 LOC55
LOC24 LOC24 LOC65 LOC46
LOC161 LOC161
LOC67 LOC8
LOC180 LOC180 LOC38
LOC61 LOC6
LOC69 LOC108
LOC48 LOC48 LOC36
LOC134 LOC134
LOC30 LOC30
LOC54 LOC54
LOC196 LOC194 LOC80
LOC177 LOC177
LOC49 LOC116
LOC144 LOC144
LOC153 LOC70
LOC72 LOC72
LOC17 LOC17
