LOC16 LOC1 LOC45 LOC79 LOC46 LOC37 LOC82 LOC70 LOC20 LOC90 LOC0 LOC97 LOC42 LOC62 LOC44 LOC71 LOC79 LOC15 LOC9 LOC85 LOC99 LOC73 LOC31 LOC61 LOC90 LOC81 LOC12 LOC50 LOC12 LOC56 LOC48 LOC87 LOC29 LOC87 LOC48 LOC56 LOC89 LOC62 LOC16
27
LOC45 LOC45 LOC47
LOC79 LOC79
LOC15 LOC18 LOC15 LOC57
LOC82 LOC17 LOC82 LOC43 LOC78 LOC28
LOC16 LOC52
LOC46 LOC25 LOC46 LOC53 LOC59
LOC70 LOC70
LOC0 LOC23 LOC26 LOC36 LOC4
LOC44 LOC96 LOC33
LOC50 LOC50
LOC73 LOC3 LOC73
LOC56 LOC98 LOC56
LOC9 LOC9
LOC97 LOC97
LOC81 LOC81
LOC62 LOC62
LOC37 LOC95 LOC37
LOC85 LOC85
LOC1 LOC22
LOC61 LOC61
LOC12 LOC12
LOC90 LOC90
LOC20 LOC20
LOC89 LOC89
LOC99 LOC99
LOC29 LOC29
LOC31 LOC31
