zero two zero four eleven eighteen twentyfive thirtytwo thirtynine fortysix fiftythree sixty sixtyseven seventyfour eightyone eightyeight ninetyfive ninetysix eightynine ninety ninetyone eightyfour seventyseven seventyone seventytwo seventythree sixtysix sixtyfive fiftyeight fiftyone fortyfour thirtyseven thirtysix fortytwo fortyone thirtyfour thirtythree twentysix nineteen twelve five zero
32
two two
zero three six
four four
five five
eleven ten
twelve twelve fourteen
eighteen fifteen
nineteen twenty
twentyfive twentytwo twentyfour twentyfive
thirtyfour twentynine thirtyfour thirtyfive
thirtytwo thirty
thirtythree thirtythree
thirtysix thirtysix
thirtyseven thirtyseven
thirtynine thirtynine
fortyfour fortyfour
fortysix fortyfive fortyseven fortyeight
fiftyone fifty fiftyone
fiftythree fiftythree fiftyfive
fiftyeight fiftyseven
sixty sixty sixtyone sixtytwo
sixtyfive sixtyfive seventy
sixtysix sixtysix
sixtyseven sixtyseven sixtyeight
seventyone seventyone
seventyfour seventyfive
seventyseven seventyseven
eightyfour seventyeight eightyfour
eightyone seventynine eightyone eightytwo
eightyeight eightyseven eightyeight
eightynine eightynine
ninetyfive ninetyfive
