zero five twelve eleven ten seventeen twentyfour thirtyone thirtyeight fortyfive fortysix fortyseven forty fortyone thirtyfour twentyseven twenty nineteen eighteen nineteen twenty twentyone fourteen seven zero
20
zero three six
five five
seven seven
ten nine
eleven eleven
twelve twelve thirteen
fourteen fourteen
twentyone fifteen
seventeen sixteen
eighteen eighteen
nineteen nineteen
twenty twenty
twentyfour twentyfive
thirtyone thirtyone thirtytwo
thirtyfour thirtyfour thirtyfive
thirtyeight thirtyseven thirtyeight
forty forty
fortyone fortytwo
fortyfive fortyfive
fortysix fortysix
