0 98 171 41 69 187 52 35 105 9 105 27 97 55 166 21 68 29 43 3 28 84 33 17 184 39 113 82 179 34 77 188 14 38 157 101 19 23 1 91 161 56 80 171 68 26 93 7 182 89 80 96 100 130 155 0
44
34 66 31 62 45 4 34
93 93
105 36 67 54
52 74 71 52
182 59 15 92 70
68 22 37 72 68
3 99 60 95 10 3 88
43 43
41 41 30
77 77 49
171 50
184 58
1 1 61
98 44 98 51
29 75 29
39 18 39
96 96 16
97 76 97 32
0 79 0 20 53 86 12
38 38 25
19 19
27 27 87
130 73 64
28 28 94 90
7 7
17 17 78 6 13
179 63 46 48 5
35 47 35 8 42
91 40 57 91
84 84
113 85 2 11
80 80
89 89 83
23 23
82 82
56 56
55 55
33 33
21 81 65 21
100 24
9 9
14 14
69 69
26 26
