0 3 117 92 55 119 7 106 151 8 91 118 195 118 194 108 115 58 13 28 48 93 104 140 104 65 114 12 132 102 2 107 155 107 2 102 132 12 114 182 76 15 68 101 124 101 68 15 76 182 114 12 113 78 110 168 110 78 113 12 114 180 109 45 95 100 120 100 95 45 109 164 142 105 21 103 134 103 116 112 92 117 3 0
32
120 120
100 121 122 123
124 124
101 125 126 127 128 129 130
102 131 133
132 132
134 134
103 135 136 137
104 138 139
140 140
105 141 143 144 145 146
142 142
106 147 148 149 150 152 153 154
151 151
155 155
108 156 157 158 159 160
109 161 162 163 165 166 167
164 164
168 168
110 169 170
119 171 197 198 199
112 172 173 174 175 176 177
113 178 179
180 180
114 181 183 184 185
182 182
115 186 187
116 188 189 190
117 191 192 193
194 194
195 195
118 196
