pump category aspect consideration row slam engineer valley sacrifice voice sit polish park range distributor formulate diagram anger lemon depressed appearance admiration ghost dialect literature mouse forest performance pedestrian strong rock judicial pump
31
diagram guideline wage affect diagram
lemon ensure lemon ground
formulate hallway sweet formulate
dialect sticky
distributor impound distributor exercise
performance physical title performance descent
category category mud
aspect tip minor aspect
range range
pedestrian prospect nominate pedestrian genetic
literature literature
row row gloom
rock rock separate
anger pipe fairy anger brain pursuit survival
mouse mouse reflection plug
appearance appearance lot
ghost unanimous sentiment parallel innovation ghost
consideration consideration feign freedom line pray
judicial preoccupation reject judicial
valley linger button valley
depressed depressed overlook privilege
sacrifice sacrifice wear
admiration admiration attractive
polish polish
park park
engineer engineer
slam float
forest forest hierarchy
pump need pump
sit packet sit
strong leadership
