F1E81B 813B05 103724 DEC4F2 B47658 612FAA 8BFCAC B23A80 8417C8 6C010A 462226 14994D 1EC224 783751 ABD8FE D2BE39 61199E 086D53 17BB75 E0BEFC BB4908 112AE7 6D51F4 846159 C953A6 E3C2C9 205E5C AD0427 C9AF85 7BE8A9 48EA33 2FEDFB 91A0DC 5F4E43 1D21D3 79BC3D B69F55 79BC3D 6F492E F1E81B
37
813B05 573788 685D1A 813B05 FFFD4B
B23A80 29D5D7
E3C2C9 8015E0 2BF7B5 3B4B53 E3C2C9
462226 17779E E81014 396D53 86493E
6C010A D337F2 770D1A 0F5860 1E1095
1EC224 CEAC59 4099A6 5BB557 C4303B 7E1C6C 293D59
1D21D3 AE4A01 52C88C 93EBE3 5C7062 239994 7E78F3 8EBF8A
6F492E D1967A 851F90 4CAD30
B47658 B47658
79BC3D 230A7C E51A66 4B97F1 59843B 85D6DB DE6899 63361A
B69F55 1F842B 2CCB19 B69F55
17BB75 47FACD
086D53 C3EF62 A1F104 F33196 305D33 CC9C14 4A5708
BB4908 E5E6C0 C18C9B BB4908
103724 6B340B 8B6C2F
7BE8A9 AEFF96 FFEEBD 614224 36C862
8BFCAC 8BFCAC
C9AF85 9096DB C9AF85 36590B
14994D 596CF6 14994D
C953A6 8F495E 6E313C 0CBC31 8B519F 14B430
112AE7 94A561 77A0B5
DEC4F2 151BC9
5F4E43 6B622D 4A28BA 5F4E43 8F17C0
783751 783751
D2BE39 66048A 490F1E
ABD8FE 20EAE7 ABD8FE
846159 E80628 90451D D6CC7A
61199E 61199E
AD0427 7829D7
E0BEFC B7F75A 28F6D1
6D51F4 6D51F4
2FEDFB 2FEDFB
8417C8 8417C8
205E5C DCE144 BB40E6
612FAA D4A75D 6966D7 124C90
F1E81B F1E81B
91A0DC C3B3E7
