188645 0FB66D FA567E 2EA2EE 84EBFF 103C70 EC05F7 FD1783 EC05F7 D27DC1 17A825 C98FE7 A5CCB5 B3243F 1276AF B3243F E0E349 35FF16 500783 29B2A4 70146D 410DA1 298FDD FF8D45 3B1041 7E5598 C0766C 673B36 D443EB D7CAF9 825884 48C2D5 825884 2EA2EE 2F1AB5 9B9BDD 2F1AB5 CEAE00 AA8E14 35F60D AE6906 784F83 AE6906 31D332 628AB2 B3243F E0E349 2C101C CB09C0 EF4D57 B7B073 A7E9D9 DBDC9A A5CCB5 35FF16 B0C7A5 37F745 7BF2B5 31D332 188645
38
84EBFF 84EBFF
FD1783 FD1783
B0C7A5 19FFAB E09D29
29B2A4 29B2A4 724A76
DBDC9A DBDC9A 94D700 994F93
500783 500783
A7E9D9 467AB7 A7E9D9
188645 188645
CB09C0 CB09C0
AA8E14 AA8E14
35F60D 4FBDE1 D5356A 3ADA02
EC05F7 539A92
D7CAF9 D7CAF9
48C2D5 48C2D5
2EA2EE E954F7
31D332 DD2694
7BF2B5 D01E6B
35FF16 800641
C98FE7 C98FE7
784F83 784F83
7E5598 0A5C0E 0FBCDC AFF8D1
9B9BDD 9B9BDD
B3243F 9B0EC2
C0766C 07D80A
D27DC1 6D778A 44716B
FA567E B833F0
B7B073 B7B073
628AB2 D04F40 628AB2
3B1041 3B1041
37F745 8D0852 37F745
0FB66D 0FB66D
2C101C 2C101C
D443EB D443EB
1276AF 1276AF
FF8D45 FF8D45
A5CCB5 A5CCB5
EF4D57 EF4D57
70146D 7E18E9
