S A BD B CA C BV I AZ E CV CB CQ Q CR AN CW AW AX CT AE BR U AI W BK X AY Z J AS Q AU Q S DJ T R CS V CU G CD N BY AN BX AW BZ AW AH AN AG AN AF D CF P AT O BP L AQ J BW AB CP H CK AC CC AW CE AN CH AN CI AN CJ AN CO AN CL K AR AN AP AN AO AN AM AN AL AN AK AN AJ AN Y Q AA AN AD AN CN M CM F BU AN BT Q BS Q BQ AN BO AN BN AN BM Q BL Q BJ Q BI Q BH Q BG AW BF AW BE AN BC Q BB Q BA AN AV V S
100
A A
B B
C C
D D
E E
F F
G G
H H
I I
J J
K K
L L
M M
N N
O O
P P
Q Q
R R
S S
T T
U U
V V
W W
X X
Y Y
Z Z
AA AA
AB AB
AC AC
AD AD
AE AE
AF AF
AG AG
AH AH
AI AI
AJ AJ
AK AK
AL AL
AM AM
AN AN
AO AO
AP AP
AQ AQ
AR AR
AS AS
AT AT
AU AU
AV AV
AW AW
AX AX
AY AY
AZ AZ
BA BA
BB BB
BC BC
BD BD
BE BE
BF BF
BG BG
BH BH
BI BI
BJ BJ
BK BK
BL BL
BM BM
BN BN
BO BO
BP BP
BQ BQ
BR BR
BS BS
BT BT
BU BU
BV BV
BW BW
BX BX
BY BY
BZ BZ
CA CA
CB CB
CC CC
CD CD
CE CE
CF CF
CH CH
CI CI
CJ CJ
CK CK
CL CL
CM CM
CN CN
CO CO
CP CP
CQ CQ
CR CR
CS CS
CT CT
CU CU
CV CV
CW CW
