Bowles Birge Bechtel Cory Stanley LeConte Campanile Wurster McCone Spats Stonefire PiLambda PiAlphaPhi PiLambda Stonefire Spats McCone Wurster Campanile LeConte Stanley Cory Jacob Evan Blackwell McLaughlin GenPlantBio McLaughlin Blackwell Evan Jacob Hertz CVStarr Unit3 CKerr Ridge CKerr Unit3 CVStarr Hertz Jacob Cory Stanley LeConte VLSB Boalt Kresge Castro Kresge Boalt VLSB LeConte Stanley Cory Jacob Foothill Dwinelle Haas Dwinelle Foothill Jacob Cory Bechtel Baker Strada RoseGarden Strada Baker Bechtel Cory Stanley Moses Greek Unit2 Milano IndianRock Milano Unit2 Greek Moses Stanley Cory Bechtel Birge Bowles Calvin Graduate Calvin Bowles
34
Evan Evan Cloyne BearFoodCourt
Foothill Foothill Unit1 Hildebrand Morgan Martinez Browns YogurtPark
Stanley Campbell Doe Koshland
Birge Birge
Campanile Campanile Bongo ShengKee Cheeseboard
Moses Moses Wellman Sutardja Stacks Gypsys Sherman
VLSB VLSB NorthGate
Bowles Mulford LaVals Crescent
Dwinelle HearstAnnex Lothlorien
LeConte RSF ALS
Haas Haas Pavilion Crossroads UCTheatre NCEM
Boalt Boalt
Wurster Wurster Zellerbach
Blackwell Blackwell
Greek Greek Safeway
Bechtel Maxwell Barrows TacoBell Edwards Wilde Easterly AlphaSigmaPhi
Calvin Calvin Etcheverry
Kresge Kresge PeoplesPark
Baker Baker Simons Daiso
Unit2 Unit2 Wolf StrawberryCreek
Unit3 Unit3
CKerr CKerr WayWest
Strada Strada
Graduate Graduate
Jacob Rochdale Chipotle Barker GammaPhiBeta MFoundry
Ridge Ridge
Castro Castro
Spats Spats
IndianRock IndianRock
Cory Extension
RoseGarden RoseGarden
GenPlantBio GenPlantBio
PiLambda PiLambda
PiAlphaPhi PiAlphaPhi
