0 100 101 108 160 108 101 117 101 100 0 31 89 26 89 58 11 0 17 5 17 0 3 51 3 0 100 105 100 0 86 20 43 20 86 0 100 106 146 106 100 103 130 103 100 101 108 154 108 101 112 179 112 101 100 0 31 64 72 64 31 0
27
17 17 70 65 66 77 44 22 68 13
100 104 152 153 124 136 100 123 118 121 102 151
103 128 127
20 20
101 167 172 169 177 109 175 171 189 188 196 101 178 198 113 173 168 194
112 182 180 112
3 14 87 18 63 56 28 96 54 29 49 75 4
5 42 5
43 43
86 83 90 81 99 10 82 85 86 98 62
31 25 35 31 24 53 57 59 21
108 156 158
117 117
106 147 149 106 142 145 144
130 130
26 26
51 51
89 1 89
160 160
72 72
154 154
58 58
105 138 105
64 7
11 55
146 146
179 179
