86 67 114 1 190 183 127 151 80 194 80 151 88 32 157 81 172 56 172 128 63 2 187 98 126 131 109 145 7 23 169 23 8 12 48 77 60 93 55 66 23 39 147 91 147 39 149 188 47 41 47 139 32 175 70 180 53 115 67 71 103 43 92 43 51 61 69 61 107 61 108 94 46 117 70 147 184 147 113 182 115 89 115 68 35 68 55 121 55 133 86
60
1 1 11 76
2 2 129
128 5 110
127 6 10 72 87 97
8 8
109 13
131 14 196
151 17 160
77 19
187 21 38 82 137
67 22 54 140 192 198
180 26 106
88 27 84 181 199
23 28 185
61 30
35 35
70 36
41 41
108 44
7 45 57 101 163
48 48
51 51
114 52 105
53 53
56 56
190 64 122 156 159
66 66
69 69
71 71
147 73 158
63 74 75
89 89
68 90
91 91
92 92
93 93
94 94
182 100 174
107 107
113 113
133 116 152
117 117
86 120 125 150
121 121
12 123 138
126 126
55 132
139 139
145 145 146
98 148 173
149 149
183 153 179 183
60 154
157 157
169 169
175 175
39 177
184 184
81 189
194 194
