Location0 Location43 Location6 Location88 Location40 Location8 Location1 Location41 Location1 Location117 Location17 Location31 Location35 Location29 Location38 Location46 Location110 Location17 Location39 Location52 Location10 Location16 Location45 Location36 Location125 Location0
20
Location1 Location1
Location45 Location2 Location19 Location23 Location37 Location45
Location17 Location3 Location11 Location17
Location8 Location4 Location7 Location8
Location117 Location5 Location20 Location26
Location6 Location6
Location52 Location9 Location18 Location28
Location10 Location10 Location13 Location30
Location39 Location12 Location22 Location39
Location88 Location14
Location40 Location15 Location40
Location16 Location16
Location41 Location21 Location41
Location35 Location24 Location33 Location35
Location43 Location25 Location43
Location29 Location27 Location29 Location42 Location44
Location31 Location31
Location110 Location32
Location36 Location34 Location36
Location38 Location38
