0 15 14 12 16 17 13 11 4 11 13 9 20 21 30 29 23 24 26 25 26 24 23 29 30 35 37 38 41 40 41 38 36 42 46 42 36 38 37 35 30 21 20 9 13 17 16 12 14 15 0 50 65 64 62 66 67 63 59 70 71 80 85 87 88 86 92 86 88 91 90 91 88 87 85 80 84 83 97 94 98 94 97 83 84 80 79 73 74 73 79 80 71 70 59 63 67 66 62 64 53 52 53 64 65 50 51 50 0
32
0 1
14 2 3
4 4
20 5 6
9 10
30 22 33 47 44 48 49
24 24
25 25
26 26
23 27
46 46
42 42
36 36
40 40
41 41
51 51
52 52
53 53
63 54
70 55 56
59 60
80 72
74 74 75 76
73 77
83 83
97 97
94 94
98 98 99
92 96 92
86 86
90 90
91 91
