0 50 65 64 62 66 67 63 59 70 69 82 84 83 97 94 98 99 98 94 97 83 84 80 71 70 59 63 67 66 62 64 65 50 100 150 199 198 194 197 183 184 180 185 187 188 186 192 196 192 186 188 187 185 180 184 183 197 194 198 199 150 100 50 51 50 0 15 14 12 16 17 13 9 20 19 32 34 33 47 44 48 49 48 44 47 33 34 30 21 20 9 13 17 16 12 14 15 0 50 100 115 114 112 116 117 113 109 120 119 132 134 133 147 144 148 149 148 144 147 133 134 130 121 120 109 113 117 116 112 114 115 100 50 0
44
0 1
14 2 3
13 4
20 5 6
9 10
30 22 24 25 26 27 46 42 36 40 41
33 33
47 47
44 44
48 48
49 49
51 51
64 52 53
63 54
70 55 56
59 60
80 72 74 75 76 77 96 92 86 90 91
83 83
97 97
94 94
98 98
99 99
100 101
114 102 103
113 104
120 105 106
109 110
130 122 124 125 126 127 146 142 136 140 141
133 133
147 147
144 144
148 148
149 149
150 151 152 153
180 154 155 156 160 172 174 175 176 177
183 183
197 197
194 194
198 198
199 199
196 196
192 192
186 186
188 190 191
