31 127 21 45 184 167 52 137 164 9 94 107 138 68 20 196 186 42 28 65 86 112 156 99 106 83 120 57 4 147 146 88 31
32
196 175 196
127 127 125 35 64
147 78 93 147 108 49
138 58 69 32 38 60 138 134 30 6
68 66 14 68
167 167
86 160 22 86 7 103 67
184 195 198 169 184 170 171
20 13 20 81 119 34 141 115 131
65 65 128
186 197 180 179 186 191 199
164 173 168 188 164
42 77 110 42
28 80 143 28
94 82 94 149
120 120 12 29
137 105 137 33
52 46 52
106 117 106 27 123
99 114 48 99 47 121
21 21
31 74
83 90 148 83
88 88 152
57 151 89 57
112 112
156 140 156
107 107
4 4
146 146
9 9
45 45
