A0 V6 E5 C0 H0 A1 W6 Y4 P6 D7 A5 J6 C6 R6 J1 L0 G1 Q0 T2 H6 A4 Z5 P5 A7 F6 C7 E4 I5 T5 A6 W2 R4 U6 S1 A2 E3 M1 D0 M3 P2 G0 I0 P0 L5 M5 V2 J5 Y3 M4 C4 X4 K2 G4 U2 X1 I3 X0 E1 B4 G3 Z4 O3 S2 K1 X2 R3 Z3 B5 J0 Q4 F4 I1 M0 Z1 B2 A0
75
A0 A0
C0 C0 W4
D0 D0 Y0
Z5 F0 Z5
G0 G0
H0 H0
I0 I0
J0 J0
L0 L0
M0 M0
P0 P0
Q0 Q0
X0 X0
A1 A1
E1 E1 X3
G1 G1
I1 I1
J1 J1
K1 K1
M1 M1
X2 N1 X2
S1 S1
X1 X1 Z6
Z1 Z1
A2 A2
B2 B2
F6 D2 F6
K2 K2
M5 N2 M5
P2 P2
S2 S2 K4
T2 T2 W5 G6
U2 U2
V2 V2
W2 W2
E5 C3 O4 E5
Y3 D3 Y3
E3 E3
T5 F3 T5
G3 G3 Q5
I3 I3
M3 M3 O5
O3 O3
R3 R3
W6 T3 W6
Z3 Z3
A4 A4 Q6
B4 B4 R5 X6
C4 C4
E4 E4
F4 F4
G4 G4
M4 M4
Q4 Q4
R4 R4
X4 X4 S6
Y4 Y4
Z4 Z4
A5 A5
B5 B5
I5 I5
J5 J5 T6
L5 L5
P5 P5
A6 A6
C6 C6
H6 H6
J6 J6
C7 M6 C7
P6 P6
R6 R6
U6 U6
V6 V6
A7 Y6 A7
D7 D7
