5 7 27 64 14 63 14 5 19 52 80 26 66 12 150 191 150 12 25 37 45 152 45 59 96 54 20 19 52 143 144 176 144 143 52 80 26 1 30 15 163 15 30 1 95 59 101 111 101 59 75 48 41 86 109 86 41 39 88 168 88 39 41 27 11 44 106 44 37 45 59 96 54 20 19 5
32
12 9 178 179
1 21 51 105 177
14 23 91 103 196
27 27 140
66 31
75 32 50
7 35 77
45 45
54 54
64 57
86 58
63 63
5 68 155
59 76 126 127
80 80
11 85 113
37 92
96 96
101 101 104
52 102
106 106
109 109 130
111 111
95 121
19 145 169
152 152
15 160
163 163
168 168
176 176 180 194
25 183
191 191
