xse adx wbg vmt dgl jwm nyk tso pjf fyc gzr nko gex gfa nhi bse fbk vmv qxs wyg njg rtc lfl tko krr ymw rsg kfu bda ocp svk ego ttw auf vwg odh tlh ljd uau xse
35
ljd cma nii tdu zkt ukv ljd
adx adx mok kxn fgp
ocp ocp nmf
vwg pvs ikb khu nwc vwg xme
fbk fbk kpp
vmv vtd vmv aeg fjy
ego cen ybr ego
bda bda
wbg aii wbg
rtc lrj bdh nfr hpx rtc lwk txq
tko uwo tko qjf
svk mti nry svk
wyg wyg lvm nvz
qxs xeh byu hmi ruo qxs
jwm vvn hcr
dgl fin dgl
kfu loj uok phg zud jam kfu
lfl fzi fhv
uau uau
nyk miy ils
auf fia ogh bod
fyc qbf fyc
pjf pjf yug qdw
gzr wiy
ttw ttw ptu
gfa cun bnl
nhi jgt nhi vzr
rsg ckx zdb rsg
vmt uuw emz vmt
krr krr
nko nko
tso tso rjv idv
tlh xjt ksg tlh
ymw nsw jfh
gex gex
