zMnoKpsz12d1Y6CixoCL vPVOeWczn8eJlf3Gviol BKvWsgveG3lQHgeNBv62 ybqDdUoaPknlNwzZFeto fat0ktgmwPXvqLhmWfJ0 mNuLv0WHsIRpWEdSUREd fat0ktgmwPXvqLhmWfJ0 dakEfF8eF1B4IYsSGGLe YIAlamFOfZeHd5qDll32 dakEfF8eF1B4IYsSGGLe hH5yU5IgxmmStVnXEBJ1 Y2BEa9hp0T63SlTWXenG hH5yU5IgxmmStVnXEBJ1 5jE3DcSbPJWRITx0u2Kf gM8AHyLc0ZjUxmDMuXzJ 5jE3DcSbPJWRITx0u2Kf M3MAG2lM6nUmTjQ3nD4D z2nBS9pweVYpDmW0fMRS M3MAG2lM6nUmTjQ3nD4D oJor9EUgXhaXPDmChml7 TzlCRBgA0Q2cCjETm7Vx oJor9EUgXhaXPDmChml7 YqOJXOtRcgzFFRGKRutM HAc1Ylu9mrUmnheKISnK YqOJXOtRcgzFFRGKRutM jS5XJP3bXemMgWyvfsmt Vv2apUMOUSvB9J5u8yJr jS5XJP3bXemMgWyvfsmt 50qWynRev5CSErzk8Yih QTgsp1BfPDsixeeH6QUT 50qWynRev5CSErzk8Yih hH5yU5IgxmmStVnXEBJ1 3mTCmcCkVhhFn533BM03 hH5yU5IgxmmStVnXEBJ1 kHWDWFJURX8TBbDnLSlR W8ft2Hcg1VXPVNTpprS3 kHWDWFJURX8TBbDnLSlR 5jE3DcSbPJWRITx0u2Kf NieXnWTTyXxCRp5CSl0i 5jE3DcSbPJWRITx0u2Kf BVbv363irLjfCXrWQjqn 34ScKN0pHkNmnxdkoIOC BVbv363irLjfCXrWQjqn hzqXRQPGO5tnMpQYDdxn bclRgmmOqfg3PHQz06qB hzqXRQPGO5tnMpQYDdxn M3MAG2lM6nUmTjQ3nD4D GfpGWz1SaDeisCQVEJrI M3MAG2lM6nUmTjQ3nD4D GhNWfyijkz8OKJbptIGO lcq8BXTLE4WDnj4JF3yo GhNWfyijkz8OKJbptIGO UkKARQyd3ZxfrQwOeW0R OMLAPgVr1RosMrpENk9K UkKARQyd3ZxfrQwOeW0R OcyqfDTyG7wfT1rvpitz sNJuS4R6b6KAUX5QI4md OcyqfDTyG7wfT1rvpitz oJor9EUgXhaXPDmChml7 C3qGKxHtliSTI7oOnHoB oJor9EUgXhaXPDmChml7 kHWDWFJURX8TBbDnLSlR dUDrtIP8WIldh2FT7uba kHWDWFJURX8TBbDnLSlR RIRtIJewArUY7i7A6OEl FqxzURcIHYyg2FOpiXCN RIRtIJewArUY7i7A6OEl B56U06r3nz3RZaXVmiK2 xBNbU9Yu51mQvClxjQdr B56U06r3nz3RZaXVmiK2 LBRpsuMfPp9LEzGTlw5t vPVOeWczn8eJlf3Gviol zMnoKpsz12d1Y6CixoCL
40
mNuLv0WHsIRpWEdSUREd mNuLv0WHsIRpWEdSUREd
fat0ktgmwPXvqLhmWfJ0 mUERvxQcAO2XlgBTPRGA qSLkk45Evo68Y4JhMUq7
ybqDdUoaPknlNwzZFeto ZcpnIKUrL8i4GzxAolZX 07iKiKtYzy9bLoKUo0ve 5VNO6t8qAcR3d5jJgfi4 FHGlzd4VlMUVjTba9Qjm WELPo1XEQnG4JejlB13A z6gtkXCB2ntSiYsjrque
5jE3DcSbPJWRITx0u2Kf olgHJpCT79b6HED7FUWa ARorC1kPdEun4czh3dmX bUGtOHLCdzsNiRxcLtaT 9q9h29089dBsNERnjXsd
dakEfF8eF1B4IYsSGGLe ZvocIzADG7dBR58wmnu8 9c21VhIQJbtu6kG4NZT4 KBGTLYOWLSviflcWwd9y yE3wNgUIJB0oZwUjLCMo 9XhdonQsTDmLQknJ4xeP
UkKARQyd3ZxfrQwOeW0R u91JdIwHTd2zumpXCvmK JKKWZrMfMDLTYQt6t5Ap
OMLAPgVr1RosMrpENk9K OMLAPgVr1RosMrpENk9K
M3MAG2lM6nUmTjQ3nD4D PrzulPuk0tqiNKmdjp0X
GfpGWz1SaDeisCQVEJrI GfpGWz1SaDeisCQVEJrI
z2nBS9pweVYpDmW0fMRS z2nBS9pweVYpDmW0fMRS
jS5XJP3bXemMgWyvfsmt CcIlGrru613gqyngyuYo ZSg6FSZaRCTLmeHoLgMI
Vv2apUMOUSvB9J5u8yJr Vv2apUMOUSvB9J5u8yJr
B56U06r3nz3RZaXVmiK2 KP4zLIZ5LMWJ6mkRn6BX QFT8yfDPa0xDNdRMchX3 pkPHvGrHHriGlmiL3mRW Y0dqIYSR4P9Br1Cq3f9U MyPRIiIVlLarPoP5nZfy
50qWynRev5CSErzk8Yih dBvruVRsFq4ihmzPj7nf GaG5DAqLVuTD09GfUl6l U8fsnzMIN4aMdzToihTq oDA5VKbLZuTPP2ZEB14d T7hLF9jTtc4htoAH0PWD QmCq2RCVgnssPOgSwAr8 Vkpfkc0JUDpakJkZipKD 3fQHkf8pseCy7Ys4Kez5 ofmz95sRAyIS0ShQndvb 15e7umNMnawEegsOhkYh 5cjkSqVe5mFfFhCgwe8r
NieXnWTTyXxCRp5CSl0i NieXnWTTyXxCRp5CSl0i
gM8AHyLc0ZjUxmDMuXzJ gM8AHyLc0ZjUxmDMuXzJ
YqOJXOtRcgzFFRGKRutM RvFA5khunRjN3Z7dmUKr 2DqN6NYyebkVczAnrbNI Armxs904ujfdAYn9LtOF JPD2uBroiElzO4z72vhQ Ryx97mzVLWHytqmLAKlJ
3mTCmcCkVhhFn533BM03 3mTCmcCkVhhFn533BM03
hH5yU5IgxmmStVnXEBJ1 oougNPfNRCSRCWJrOUlb
Y2BEa9hp0T63SlTWXenG Y2BEa9hp0T63SlTWXenG
BVbv363irLjfCXrWQjqn nfdt04yvrwrpPVPzIy2c MDHuBmBbeFOGqzpuNmVz
34ScKN0pHkNmnxdkoIOC 34ScKN0pHkNmnxdkoIOC
xBNbU9Yu51mQvClxjQdr xBNbU9Yu51mQvClxjQdr
hzqXRQPGO5tnMpQYDdxn XKYNaFpYuIx7Zx7vNANa 8s4ukhLgGBoor0D87KUr
bclRgmmOqfg3PHQz06qB bclRgmmOqfg3PHQz06qB
RIRtIJewArUY7i7A6OEl cthtNVKVABeolrPabegT szEChRtMF49nUq5i634G
FqxzURcIHYyg2FOpiXCN FqxzURcIHYyg2FOpiXCN
lcq8BXTLE4WDnj4JF3yo lcq8BXTLE4WDnj4JF3yo
GhNWfyijkz8OKJbptIGO EvdCmEq3CXPDtnZYkiVu VxRxz5foWagBafuSz1m4
TzlCRBgA0Q2cCjETm7Vx TzlCRBgA0Q2cCjETm7Vx
C3qGKxHtliSTI7oOnHoB C3qGKxHtliSTI7oOnHoB
oJor9EUgXhaXPDmChml7 FDT7h4JKMRWa9fcDNmXs
YIAlamFOfZeHd5qDll32 YIAlamFOfZeHd5qDll32
QTgsp1BfPDsixeeH6QUT QTgsp1BfPDsixeeH6QUT
OcyqfDTyG7wfT1rvpitz jdgXkfbupFQ0XUNJEyvU JzMVZjOikutQZg00S8wX WdpiLe9uZpnuS9WMphYw G6KTAOxQU8MNiSLazU1t uqAmYQiu3O0THeAaPzKH
sNJuS4R6b6KAUX5QI4md sNJuS4R6b6KAUX5QI4md
W8ft2Hcg1VXPVNTpprS3 W8ft2Hcg1VXPVNTpprS3
kHWDWFJURX8TBbDnLSlR mTYxpEwVJTp369cmBN7S
dUDrtIP8WIldh2FT7uba dUDrtIP8WIldh2FT7uba
HAc1Ylu9mrUmnheKISnK HAc1Ylu9mrUmnheKISnK
