lQCi69J0eWVlNqqKnSXq 6WjkeAWWKDbY507hYxDN GzTC6SyDfi06snBYRanw sX8C3CP6kza3VNKEcdNn GzTC6SyDfi06snBYRanw Ov5tQy1KeHsti8dfTOIQ sAR5WnnNshpkwOniAudb Ov5tQy1KeHsti8dfTOIQ r3dhOjzNOGrPmQjmHU4D zbjpBk6LD1KcRmfqCimG r3dhOjzNOGrPmQjmHU4D yytanXsBcYsWB0S4zr6x 0LTuG9BRd9b62kO39lM2 yytanXsBcYsWB0S4zr6x 5j3nVbxEAEFTUe3GDbN0 z8GF8LystXVXiuprVyTh 5j3nVbxEAEFTUe3GDbN0 GzTC6SyDfi06snBYRanw sC8YSc2m8uVyLGRtJAJm GzTC6SyDfi06snBYRanw HdqcKlipoTYMzJchffld G1Ecvcz8fZufY9CV0J2K HdqcKlipoTYMzJchffld TULA7h1TJjCcU7b7ewMK u4CAydwAhszp7tM3ILy0 TULA7h1TJjCcU7b7ewMK sNxtKpoSG9BFpERxjNr1 dSR37cF2irO0NLfFwZy0 sNxtKpoSG9BFpERxjNr1 wlKpBtU5YVdE9Uq6V4z5 Ts2UPoejx7dwuInV9kms wlKpBtU5YVdE9Uq6V4z5 24jW8KIc1KJpj5ibhLpV lQCi69J0eWVlNqqKnSXq
19
sX8C3CP6kza3VNKEcdNn sX8C3CP6kza3VNKEcdNn
sC8YSc2m8uVyLGRtJAJm sC8YSc2m8uVyLGRtJAJm
GzTC6SyDfi06snBYRanw tqCzeJHrHXSMuAlQdk95 zdGOEur0Se3VWD6mlq5H CR5QbErmAVyIHQJyDFi9 AeT8ezBVfSNgGpCCNvM1
HdqcKlipoTYMzJchffld aAHnKpmemgrMwy9POpn9 V6XJoCUDWAqZklsSLeM6 yXTGXN4mJmD1MMnwU5DV h4lv4AWoIyOY4fsmP5xB IR7mOQhWXsCDKM4Cc4wS
zbjpBk6LD1KcRmfqCimG zbjpBk6LD1KcRmfqCimG
r3dhOjzNOGrPmQjmHU4D ji2Hl3ZRuTNdz55QI9iS 5RtoZI2od7I5NUCXiQ20
Ov5tQy1KeHsti8dfTOIQ m3HnuJcMZr0UjXE6y0Yj Q6Q14vRaFSx82FDA8F9j lfvGd547iXhkHQ8AjYpO Rl9sd4PENsPVd55C9qNS jsvSfTN8RLw8M7n8jb8D
u4CAydwAhszp7tM3ILy0 u4CAydwAhszp7tM3ILy0
TULA7h1TJjCcU7b7ewMK XeZKiAoyYZL9P7yBThlM pStp5oJ3mwz5HNV7VA81
wlKpBtU5YVdE9Uq6V4z5 vnCWjVmMdmciaoCYnqW8 kdGczSrviM1C416w1kdh
Ts2UPoejx7dwuInV9kms Ts2UPoejx7dwuInV9kms
yytanXsBcYsWB0S4zr6x TDEVUkFlcjUpqrP6Bynx 0jsnTC6pUdifVPvCGLLe
0LTuG9BRd9b62kO39lM2 0LTuG9BRd9b62kO39lM2
sNxtKpoSG9BFpERxjNr1 55xYloQMeVs9kVzx8cN5 NdzV8TNRFhnjMNZlaGI4
dSR37cF2irO0NLfFwZy0 dSR37cF2irO0NLfFwZy0
G1Ecvcz8fZufY9CV0J2K G1Ecvcz8fZufY9CV0J2K
sAR5WnnNshpkwOniAudb sAR5WnnNshpkwOniAudb
5j3nVbxEAEFTUe3GDbN0 76IyG9JBAhW2KiBt5QKY 9ZAwlDiWc0OkYVLdPP18
z8GF8LystXVXiuprVyTh z8GF8LystXVXiuprVyTh
