Vernon Winterhaven Brundage Cypress South Antelope Timbuctoo Capuchino Brundage Bell Bodad Rough Bradley Newark Sulpizio Timbuctoo Sherman Louis Garcia Cressey Donner Kaiser Downtown Del Mecca Woody Hoffman Kaiser South Costa King Cabbage Glencoe Aptos Wallace Commonwealth Yankee Calaveras Fullerton Patrick Alamo Yurok Fiorini Coddingtown Ramona Bristol Quail Parchester Warner Blue Hume Vernon
46
Downtown Davenport Downtown
Rough Smith Le Rough
Winterhaven Winterhaven Industrial
Yankee Yankee Veterans Buena
Cressey Cressey Stockdale Hammer Tijuana
Parchester Robertsville Parchester
Warner Warner Industry Bakersfield Ritter
Glencoe Cerro Glencoe
Quail Terra Quail
Wallace Wallace Lake
Fullerton Temecula Fullerton
King Carmel Manker
Hoffman Clayton Fox Potrero Hoffman
Bodad Richvale Bodad Grasslands Civic
Woody Woody Pleasant Huron
Blue Three Blue Bonny
Timbuctoo Presidio Timbuctoo
Louis Crestmont Dulzura Louis Armstrong
Vernon Anaheim Portola
Bell Bell Forbestown Moores
Cabbage Cabbage Sacramento
Mecca Mecca Collins Flinn
Calaveras Calaveras Smoke
Antelope Antelope
Kaiser Kaiser Rowland
Hume Strawberry
Coddingtown Escalon Coddingtown
Brundage Brundage
Del Helm Del
Newark Saint Cudahy Marshall
Donner Pacheco Donner
Aptos Balboa Bangor
Commonwealth Roseland California Sunny
Capuchino Capuchino
Bristol Beach Delta
Sherman Santa Sherman
Ramona Ramona
Garcia Garcia
Alamo Cambridge Alamo All
Costa Costa Chittenden
Fiorini Fiorini
Yurok Yurok Escondido
Bradley Bradley
South South
Sulpizio Sulpizio
Cypress Cypress
