Encanto Laguna Oceanside Richvale Willow Garden Homestead Sacramento Chinese Sherman Presidio Yurok Jane Woffard Boulevard City Clayton Green Santa Shafter Sherman Beach Ramona Cabbage Warner Quail Delta Merced Alpaugh Encanto
26
Clayton Cherokee Two Clayton Costa Riverside
Laguna Kentfield Laguna
Boulevard Banning
Garden Vernon Garden
Richvale Bonita Richvale
Presidio Forest Presidio Glencoe McAuley
Shafter Vista Shafter
Homestead Homestead
Willow Willow Foothills Woodbridge
City Moccasin City
Beach Beach Kern Welden Elmira
Sherman Sherman
Chinese All Chinese
Yurok Yurok Granite
Cabbage Cabbage
Jane Jane Mount Los
Warner Warner
Alpaugh Ames Alpaugh
Quail Quail
Santa Santa
Woffard Woffard
Sacramento Pumpkin
Delta Delta
Encanto Encanto
Ramona Ramona
Green Smoke Cypress Green
