1 5 6 19 20 24 23 24 25 29 28 32 33 34 35 14 13 12 11 198 197 196 195 194 193 192 191 192 188 187 166 165 161 160 156 155 154 155 166 171 172 173 169 168 167 166 187 186 185 184 180 181 177 178 179 190 131 130 129 128 127 128 124 123 122 123 134 135 134 133 132 131 150 151 150 149 145 144 140 139 94 95 96 92 93 89 88 87 86 99 100 99 98 99 118 119 120 116 115 114 113 112 108 107 54 53 52 51 38 37 36 35 62 61 57 56 55 54 75 76 77 73 72 68 69 65 64 63 62 51 6 7 6 5 1
87
1 2
5 4 5
7 7
11 10
12 12
13 13
14 15
19 18
20 20 21
23 23
25 26
28 28
29 29
32 31
34 34
36 36 45
37 37
38 39
54 42
53 44 53
35 47
51 50
52 52
55 55
57 58
64 60
61 61
63 63
65 66
68 68
69 69
72 71
75 74
76 76 79
77 77
94 82
88 84
86 85
87 87
89 90
92 92
93 93
95 95
98 98
100 100 101 103
107 106
108 108 109
112 111
114 114
116 116
113 117
119 119
122 122
124 124 125
127 127
130 130
132 132
133 133
135 135
139 138
140 140 141
144 143
145 146
149 148 149
151 151
154 154
156 156 157
160 159
161 162
168 164
165 165
167 167
171 170
172 172 175
173 173
178 178
180 180
181 181
184 183
186 186
188 188
185 189
191 191
194 194
196 196
197 197
198 199
