Soda BerkeleyWayWest Campanile Evans Campanile BerkeleyWayWest Wheeler LeConte Foothill HavilandHall Dwinelle HearstMining HilgardHall CaliforniaHall Barrows Unit3 Campbell GiauqueHall AlumniHouse InternationalHouse MemorialStadium LawrenceHall GreekTheatre Doe UniversityVillage Bowles UniversityVillage HildebrandHall Gilman Cory Blackwell BancroftLibrary Unit2 DurantHall Blackwell Unit1 SouthHall Moffit DavisHall Stern HesseHall Campanile Evans BAMPFA Evans Campanile BerkeleyWayWest Soda
25
Evans Evans
Doe Doe
HearstMining HearstMining
Wheeler Wheeler
Campanile Campanile
LeConte LeConte
Moffit Moffit
Dwinelle Dwinelle
SouthHall SouthHall
Gilman Gilman
CaliforniaHall CaliforniaHall
Bowles Bowles
BancroftLibrary BancroftLibrary
DurantHall DurantHall
Stern Stern
Campbell Campbell
GreekTheatre GreekTheatre
BAMPFA BAMPFA
BerkeleyWayWest BerkeleyWayWest
LawrenceHall LawrenceHall
InternationalHouse InternationalHouse
Unit1 Unit1
Unit2 Unit2
Unit3 Unit3
Foothill Foothill
