S F K 2 X 3 L 13 18 22 50 131 F3 K3 70 76 91 G3 77 O3 J3 E3 127 Q3 Q 17 12 7 G W O J E A S B C D U N V 1 I 11 16 R X2 73 130 U3 N3 V3 85 93 98 116 120 121 R3 T3 104 I3 D3 X3 81 67 66 65 N3 M3 58 129 72 W2 20 15 Y 5 Z 10 X 3 H 5 I B2 C2 D2 E2 F2 K2 P2 V2 49 A3 48 Z2 Y2 Q2 L2 G2 B2 I 1 V N U D C B S
58
A A
B B P
C C M
D D
E E
F F
G G
H H
I I
J J
K K
L L
N N
O O
Q Q
R R
10 T
U U
V V
W W
X X
Y Y
Z Z
49 A2
B2 B2
C2 C2 H2 M2
D2 D2 I2 N2
E2 E2 J2 O2
F2 F2
G2 G2
K2 K2
L2 L2
P2 P2
Q2 Q2
Z2 R2 Z2 Z3
48 T2
A3 U2 A3 B3
V2 V2
W2 W2
X2 X2
Y2 Y2
D3 C3 D3
E3 E3
F3 F3 P3
G3 G3
91 H3 L3
I3 I3
J3 J3
K3 K3
M3 M3
N3 N3
O3 O3
Q3 Q3
R3 R3
T3 T3
U3 U3
V3 V3
X3 W3 X3 Y3
