ROck little till You play if men meteor men I yep aLl coming dumb myself thin gas COuld they But up Live plAy tool bored you in you AND ROck little till gOld till little ROck
28
ROck Know cool maKe MOld
little Judging doNt Your GEt
gOld gOld
You Only dONt need GeT
play ground see Fed all
if ice shoW thumb gliTTers
men skate break water
I head GO rules with
yep use of Well about
aLl runningj forehead stAr differ
coming geTS shape On shootinG
dumb this glitters OnLY Star
myself know staR well Hey
thin To uSe live back
gas re gold said shine
COuld now wrong gEts me
they get t running sense
But stop wait told like
up tHat might way For
Live youre sharpest Didnt noW
plAy her fRom strEEts And
tool So years coNcept OnLy
bored the THat mYself YoULL
you roll YouLL brain
AND bundled getting U Didn
till YOURE HEY satellite
meteor meteor
in in
