Hayward Shreveport Hartford HavredeGrace PuntaGorda Hemet SanBuenaventura Norwich SanBuenaventura Anaheim Columbus Anaheim SanBuenaventura Oxnard Albuquerque Hialeah Harlingen Springfield Spartanburg LakeCharles Boulder Phoenix BatonRouge Eugene Boise Eugene Torrance Melbourne Lubbock CostaMesa Bakersfield SouthBend Fresno Anchorage Utica Burlington Downey Topeka Henderson NewYorkCity Omaha Scottsdale Lorain RoundLakeBeach Independence Cincinnati Independence RoundLakeBeach Kalamazoo NewYork Monroe Escondido Mesquite Escondido Sacramento StLouis Norwalk SouthLyon NewBedford Orem Bethlehem CathedralCity StPaul CorpusChristi PalmBay Hagerstown Plano Greenville OverlandPark Savannah Lacey PortArthur RichmondCounty SiouxFalls Carrollton Newburgh Waterbury Lafayette GreenBay Laredo Gastonia Hampton Newark Hampton Salem Deltona Tucson SantaClarita Racine PembrokePines SanBernardino Pueblo SanBernardino Mobile Detroit BoiseCity Harrisburg HuntingtonBeach Sarasota Scranton Sarasota Ogden Reno York Champaign Charlotte ElPaso ElMonte McAllen Elkhart Modesto Hartford NorthLasVegas Hartford Shreveport Seaside CapeCoral Bloomington CapeCoral Huntsville ThousandOaks PortSaintLucie Olympia PortSaintLucie ThousandOaks Huntsville Kissimmee Marina Frederick Marina NewportNews SimiValley Aberdeen SantaClara VeroBeach PembrokePines Layton Marysville Stamford LasVegas Nashua Tyler Arvada Wilmington Vancouver GrandRapids SaintPaul Duluth Fullerton Flint Trenton Louisville Trenton OverlandPark Youngstown Barnstable Birmingham Bryan HavredeGrace JohnsonCity HavredeGrace Hartford Shreveport Hayward
100
PuntaGorda PuntaGorda
Tyler Tyler
Cincinnati Cincinnati
ThousandOaks ThousandOaks
Norwich Norwich
PalmBay PalmBay
Tucson Tucson
Utica Utica
Pueblo Pueblo
Albuquerque Albuquerque
Laredo Laredo
NewportNews NewportNews
Barnstable Barnstable
JohnsonCity JohnsonCity
Greenville Greenville
Eugene Eugene
Racine Racine
Nashua Nashua
RoundLakeBeach RoundLakeBeach
Harlingen Harlingen
Newburgh Newburgh
HavredeGrace HavredeGrace
Charlotte Charlotte
OverlandPark OverlandPark
Omaha Omaha
Topeka Topeka
CapeCoral CapeCoral
Deltona Deltona
Anchorage Anchorage
Marina Marina
Salem Salem
LasVegas LasVegas
Downey Downey
Hagerstown Hagerstown
Birmingham Birmingham
SanBuenaventura SanBuenaventura
Mesquite Mesquite
Flint Flint
McAllen McAllen
Lubbock Lubbock
CorpusChristi CorpusChristi
Layton Layton
Fullerton Fullerton
Bethlehem Bethlehem
NorthLasVegas NorthLasVegas
StLouis StLouis
GrandRapids GrandRapids
Frederick Frederick
Boise Boise
Arvada Arvada
Oxnard Oxnard
Hemet Hemet
Scranton Scranton
Fresno Fresno
Waterbury Waterbury
LakeCharles LakeCharles
Stamford Stamford
Olympia Olympia
RichmondCounty RichmondCounty
Duluth Duluth
Modesto Modesto
Henderson Henderson
HuntingtonBeach HuntingtonBeach
Huntsville Huntsville
Lacey Lacey
Burlington Burlington
Columbus Columbus
Savannah Savannah
Vancouver Vancouver
Detroit Detroit
Hialeah Hialeah
CathedralCity CathedralCity
NewYorkCity NewYorkCity
Marysville Marysville
GreenBay GreenBay
Bakersfield Bakersfield
Monroe Monroe
Louisville Louisville
ElPaso ElPaso
SantaClara SantaClara
Kissimmee Kissimmee
Newark Newark
Torrance Torrance
Hartford Hartford
Plano Plano
Bloomington Bloomington
Kalamazoo Kalamazoo
NewBedford NewBedford
SiouxFalls SiouxFalls
Elkhart Elkhart
Champaign Champaign
Anaheim Anaheim
SaintPaul SaintPaul
York York
Spartanburg Spartanburg
Scottsdale Scottsdale
Aberdeen Aberdeen
Mobile Mobile
Melbourne Melbourne
Ogden Ogden
