AndyandZeyu i AndyandZeyu f18 j17 j18 AndyandZeyu i18 g18 f18 h18 f18 AndyandZeyu e10 g10 e10 AndyandZeyu g8 AndyandZeyu h6 AndyandZeyu j8 f8 h8 f8 AndyandZeyu g11 AndyandZeyu i7 g7 i7 f7 AndyandZeyu f10 j9 h10 AndyandZeyu j15 AndyandZeyu e15 g15 e15 AndyandZeyu f16 g16 AndyandZeyu AndyandZeyu17 j16 AndyandZeyu17 AndyandZeyu e15 j14 h15 AndyandZeyu f14 AndyandZeyu f17 AndyandZeyu i15 f15 AndyandZeyu f6 AndyandZeyu e5 g5 e5 AndyandZeyu g3 AndyandZeyu i5 AndyandZeyu g4 AndyandZeyu e5 j4 h5 AndyandZeyu b4 i4 h4 AndyandZeyu h5 j4 f5 AndyandZeyu i1 AndyandZeyu f3 AndyandZeyu f0 AndyandZeyu h1 AndyandZeyu g2 AndyandZeyu g0 AndyandZeyu g1 f1 b1 AndyandZeyu f2 AndyandZeyu i11 h11 AndyandZeyu f12 b12 h12 g12 i12 AndyandZeyu i13 h13 f13 j12 j13 f13 g13 AndyandZeyu
64
AndyandZeyu f g h j1 j5 g6 i6 i8 f9 g9 h9 i9 f11 g14 h14 i16
i i j
f0 f0 h0 i0 j0
g0 g0
f1 f1
g1 g1
h1 h1
i1 i1
f2 f2 h2 i2
g2 g2 j2
f3 f3
g3 g3 h3 i3 j3
i4 f4 i4
g4 g4
h4 h4
j4 j4
f5 f5
g5 g5
h5 h5
i5 i5
f6 f6
h6 h6
i7 j6 i7
f7 f7
g7 g7 h7
j8 j7 j8
f8 f8
g8 g8
h8 h8
j9 j9
f10 f10
g10 g10
h10 h10
e10 i10
g11 j10 g11
h11 h11
i11 i11
i12 j11 i12
f12 f12
g12 g12
h12 h12
j12 j12
f13 f13
g13 g13
h13 h13
i13 i13
j13 j13
f14 f14 i14
j14 j14
f15 f15
g15 g15
h15 h15
i15 i15
j15 j15
f16 f16
g16 g16 h16
j16 j16 g17 h17 i17
f17 f17
j17 j17
f18 f18
g18 g18
h18 h18
i18 i18
j18 j18
