A TA A TA231 A TA221 A TA241 TA211 TA201 TA191 B TA171 TA181 TA161 TA141 TA151 TA131 B TA121 B TA111 TA91 TA81 TA71 A TA61 TA101 A TA41 F TB21 D TA31 D TB1 TA24 TA51 TB11 TA23 TA22 TA18 B TA19 TA21 TA20 TA16 B TA17 B TA14 TA15 TA13 TA12 TA9 TA11 TA8 D TA10 B TA7 TA6 A TA5 A TA4 A TA3 TA2 A TA1 A
50
TA TA
TA1 TA1
TA2 TA2
TA3 TA3
TA4 TA4
TA5 TA5
TA6 TA6
TA7 TA7
TA8 TA8
TA9 TA9
TA10 TA10
TA11 TA11
TA12 TA12
TA13 TA13
TA14 TA14
TA15 TA15
TA16 TA16
TA17 TA17
TA18 TA18
TA19 TA19
TA20 TA20
TA21 TA21
TA22 TA22
TA23 TA23
TA24 TA24
TB1 TB1
TB11 TB11
TB21 TB21
TA31 TA31
TA41 TA41
TA51 TA51
TA61 TA61
TA71 TA71
TA81 TA81
TA91 TA91
TA101 TA101
TA111 TA111
TA121 TA121
TA131 TA131
TA141 TA141
TA151 TA151
TA161 TA161
TA171 TA171
TA181 TA181
TA191 TA191
TA201 TA201
TA211 TA211
TA221 TA221
TA231 TA231
TA241 TA241
