7f5b7c 358d70 d9abe3 2ffab6 ce509a 2ca5eb 97fa28 974c48 86af3a dd5707 20427f a3eab6 e0f00d 4e5c32 49e8c7 dfba28 f4756e d3c749 d9351e 2e6ab4 a1b647 37d45e b2fa06 3fc5b0 e8c504 9f9c4d 6ced94 f045e7 7f5b7c
28
ce509a 32669e 9c5717 293f59 11021c 4eb2aa e60044 ce509a
6ced94 a85abe 10f84c 6ced94 6281fb
b2fa06 b2fa06 19246a
358d70 358d70 f5615a e52589 e45544
7f5b7c 853e4b 536b21 7f5b7c 1aa96e
e8c504 e8c504 541622 4459c3 a51200 9b10ed
dd5707 9fdbc5 dd5707 a6d0cb 3df71a
49e8c7 a3eeb9 578691 d5f5c5 73865c fece60 2b057c
dfba28 ef8230 89bc09 dfba28 36cc15 d597c1 fd25f7
2e6ab4 4c44ba 626470 957ec9 2e6ab4
20427f 20427f 4749d0 98bf31
d3c749 2193d2 3dc79c bc8350 4188fa d12aea
f4756e 1e408a f4756e 2f9755 537a83
a1b647 2c8bdc e0f7dc a1b647 a40dde 22ad29
9f9c4d 73dd80 99ac94 cf04cd
d9351e d9351e a21b15 852215
97fa28 97fa28 3b9bcd
f045e7 f88a12 ff603d f045e7
2ca5eb a314be 645a0c a08830
d9abe3 1c61d3 3292c4 d9abe3 70482f
4e5c32 4e5c32 e78120
e0f00d e0f00d d83335 e2665a
86af3a a670a6 86af3a 18ff59
a3eab6 b9c2f4 a3eab6 b535fa
974c48 8c6c80 974c48
3fc5b0 b04992 3fc5b0
37d45e 6d23c4 f742a0
2ffab6 2ffab6 14c5c6
