MfdzFvsdGbvl BbyhqvohDUZK deJmWrylVSGK AGbRQRBgaOdX GemeldahvdVv uFHfCerNFIme GuSSYBNHDbKE hCxjbMrSlUJQ mtRsLIzrlNLu AMizjBPjmCZd EoEdLMroSPNp dDFWxTbuPymh ymJllvoAiAsf FCrKCfVsEsBk jBrNTBMPxyQD VARFNCcqfgIc buqjmAINqGzN TbekQRoKcInv ZjfLZjjegWJT noaMakAlHdwq PQTqeEtJjrHq dDFWxTbuPymh DvRTDyBMOCbT hLGIbMiwjPgd BkcPMTugAswL PUcvIgREsriS IHnRSACwPeSd MfdzFvsdGbvl
26
BbyhqvohDUZK BbyhqvohDUZK
ymJllvoAiAsf ymJllvoAiAsf SojgLCNtJNvq
ZjfLZjjegWJT ZjfLZjjegWJT
VARFNCcqfgIc VARFNCcqfgIc
deJmWrylVSGK QifLRRQkbeZy deJmWrylVSGK
GuSSYBNHDbKE rVqgoVgUmLRB GuSSYBNHDbKE axLiuEEXvnsQ
noaMakAlHdwq noaMakAlHdwq PvZWLvSzyZfH plKUVNXwKfVb pQCFwcmaYfTN
BkcPMTugAswL DFscNnuMhxUC BkcPMTugAswL
dDFWxTbuPymh dDFWxTbuPymh NlmuUUVQUbgI
AGbRQRBgaOdX VyXrTLUcizAa rrRAqFcoDYfk MkUBuIisCVpZ AGbRQRBgaOdX
PUcvIgREsriS MLnLJmQHwuOS PUcvIgREsriS QHpWWcCYavdw
DvRTDyBMOCbT DvRTDyBMOCbT
TbekQRoKcInv TbekQRoKcInv RICmsRCgzRsB
MfdzFvsdGbvl arcJTkwUqbUy
jBrNTBMPxyQD tywOQDwDhjwZ jBrNTBMPxyQD MOpktZzuQRCH
hLGIbMiwjPgd hLGIbMiwjPgd
uFHfCerNFIme uFHfCerNFIme
hCxjbMrSlUJQ hCxjbMrSlUJQ
AMizjBPjmCZd AMizjBPjmCZd
FCrKCfVsEsBk FCrKCfVsEsBk GKWfMfVZxbJi pkzKsTORVYro SgyAcloZDNJV
buqjmAINqGzN mFYKjQfCsRtT buqjmAINqGzN PnbamVANEguC UVLyMXgqTFaJ
IHnRSACwPeSd dFUHctNjrywb IHnRSACwPeSd
GemeldahvdVv GemeldahvdVv
PQTqeEtJjrHq PQTqeEtJjrHq
mtRsLIzrlNLu mtRsLIzrlNLu
EoEdLMroSPNp EoEdLMroSPNp
