Soda a0 c5 b2 e5 b1 e5 b2 c5 a0 Soda C9 A7 C9 Soda A5 A9 A5 Soda a b k ab av ab k b a e p q ah q p e a Soda a0 c5 b2 e5 b2 c5 a0 Soda C5 B2 C7 B2 C5 Soda A5 Soda a i j aa z ar z aa j i a Soda a0 c9 a7 c10 d9 c10 a7 c9 a0 Soda A G N AA AP AA N G A Soda a i u v u i a Soda C2 D4 C3 D4 C2 Soda a h ak r ak h a Soda a0 a5 a9 a4 a3 a4 a9 a5 a0 Soda
40
A7 A1 A7 B9 D1 D9
A9 A3 A9 B5 B7
A5 A5 C1 D3
B2 B1 E5 E7
C7 B3 C7
C3 C3
C5 C5 E3
C9 C9 D5
D4 D7 E1
A AB H J AF AS AU AW T P AG Q AC AO
AP AP
N N
b b ad
a d f n
h h
j j
k l ax
p p af
r r
ak t aj al
v v
i x ap
z z
ab ab
ah ah
u an
ar ar
aa at
av av
a7 a1 a7
a3 a3 b5 c1
a5 a5 d3
a9 a9 b7
b1 b1 e7
e5 b3 e5
d9 b9 d1 d9
a0 c3 e1
c5 c5 e3
b2 c7
c9 c9 d5 d7
