a0 a131 a44 a168 a88 a55 a45 a25 a156 a41 a21 a87 a98 a78 a68 a107 a8 a46 a37 a6 a16 a59 a83 a53 a33 a129 a38 a31 a85 a108 a0
30
a131 a131 a154 a124 a77
a46 a178 a99 a46 a130 a49 a195 a101
a53 a82 a165 a75 a53 a104
a85 a172 a63 a85
a44 a157 a17 a57 a60 a161 a44 a186 a121 a11
a38 a22 a96 a38
a0 a10
a25 a27 a25 a192 a155 a126
a107 a107 a43
a98 a160 a98 a198
a87 a87 a29 a177 a151 a175 a28
a45 a45 a80 a120 a32 a140
a31 a158 a145 a31 a142
a88 a7 a88
a78 a78 a58
a59 a59 a134 a159 a144 a102
a83 a83 a133
a21 a3 a21 a135
a168 a56 a168 a153
a6 a79 a6
a55 a173 a50 a55
a33 a42 a196 a33 a183
a41 a93 a41
a108 a14 a185 a108
a16 a16 a163 a149
a156 a180 a94 a156
a37 a138 a103 a37
a129 a129
a8 a8
a68 a68
