ssp200 13 10 2 7 3 7 2 181 152 158 156 155 154 153 157 152 181 137 149 150 149 137 143 141 140 139 138 142 137 181 122 134 122 181 167 173 171 173 167 181 152 158 156 158 152 181 182 187 183 187 182 181 167 173 171 170 171 173 167 177 176 177 167 181 122 128 126 128 122 181 2 8 6 5 6 8 2 181 77 83 81 80 81 83 77 181 47 59 47 57 56 57 47 181 2 14 2 181 17 22 18 19 18 22 17 29 30 29 17 181 32 38 36 38 32 44 45 44 32 181 47 53 51 50 51 53 47 181 122 127 123 124 123 127 122 181 92 98 96 98 92 181 62 68 66 68 62 181 92 97 93 97 92 181 107 113 111 113 107 181 2 10 13 ssp200
52
3 3
5 4 5
6 6
2 11
14 14 15
18 18
19 19 20 21
17 26
29 29
30 30
32 33 41
36 34 35 36
44 44
45 45
47 48
50 49 50
51 51
56 56
59 59 60
62 63 71 74 75
66 64 65 66
77 78 86 89 90
80 79 80
81 81
93 93 94
96 95 96
92 101 104 105
107 108 116 119 120
111 109 110 111
123 123
124 124
126 125 126
122 131
134 134 135
138 138
139 139
140 140
141 141
137 146
149 149
150 150
153 153
154 154
155 155
156 156
152 161 164 165
167 168 179 180
170 169 170
171 171
176 176
183 183 184 185
182 186 191 194 195
