Jason Derek Ricky Gabriel Shannon Samantha Katelyn Adrian Katelyn Shawn Stephanie Crystal Jeremy Randy Melinda Danielle Scott Megan Joseph Mercedes Kyle Logan Carol Evan Laura Carlos Robert Andrew Kathy Jeanne Karen Rachel Edwin Susan Wendy David Joshua Christina Monica Kara Johnathan Maria Cristian Jane Nancy Jason
44
Derek Derek John Wayne
Jeremy Nathaniel Jeremy
Danielle Heather Dylan Kayla Jordan
Gabriel Gabriel Brad Brian
Joseph Adam Shane Joseph
Shannon Misty Shannon Melissa
Samantha Samantha Ronnie
Katelyn Katelyn
Adrian Adrian
Randy Nicole Robin Randy
Jason Claire
David David
Jeanne Lauren Charles Grace
Joshua Joshua Tristan Cheryl
Shawn Mario Mark Shawn Sabrina
Maria Roy
Kara Kara Tammy
Johnathan Johnathan
Edwin Dana Edwin Michelle
Cristian Cristian William Jacqueline
Ricky Ricky Jeffery
Scott Paul Jose Scott
Laura Laura
Stephanie Stacie Jennifer
Carlos Kari Rebekah Rebecca Elizabeth
Evan Evan Brittany
Carol Carol Amanda
Christina Carrie Regina Christina
Andrew Andrew Gregory
Robert Robert Jeffrey
Wendy Kelsey Wendy Ashley
Megan Megan Bryan
Logan Timothy Logan Brett Jill
Crystal Crystal
Jane Mary Kimberly Tommy Jane
Melinda Dustin Melinda
Mercedes Mercedes
Rachel Stephen April Rachel
Susan Kristen Susan
Karen Karen Juan
Nancy James
Kathy Kathy
Monica Monica Alexandra
Kyle Nicholas Kyle
