Granbull Absol Swanna Reuniclus Bulbasaur Typhlosion Chinchou Typhlosion Relicanth Unown Kirlia Charmander Flareon Beedrill Butterfree Cubone TypeNull Smeargle Corphish Krookodile Azurill Metagross Carbink Reshiram Stunfisk Floatzel Diggersby Torkoal Greninja Tsareena Cascoon Krookodile Metang Magmar Furret Heliolisk Jirachi Deino Qwilfish Floette Staryu Greninja Whiscash Rockruff Nuzleaf Aipom Dustox Regirock Torchic Parasect Lombre Diggersby Lombre Lycanroc Hitmontop Furret Tyrunt Charizard Tyrunt Furret Rufflet Quilava Rufflet Flygon Electrode Granbull
51
Tsareena Tsareena Gliscor Feraligatr
Absol Absol Magmortar Lileep
Unown Unown Electrike
Tyrunt Roserade Mightyena Bronzor
Dustox Dustox
Heliolisk Heatran Cinccino Mantine
Butterfree Butterfree
Carbink Ampharos Infernape Carbink
Quilava Spiritomb Quilava Crabominable Skitty
Torchic Torchic
Smeargle Cosmog
Rufflet Arbok Sylveon Lampent Rufflet
Cascoon Cascoon
Swanna Torracat Swanna Remoraid
Chinchou Chinchou Bonsly
Azurill Crawdaunt
Regirock Slakoth Bergmite
Kirlia Mimikyu Jolteon Whimsicott
Staryu Happiny Machamp Serperior Deoxys
Lombre Kangaskhan Chatot
Rockruff Rockruff Pidgeot Ninjask
Metang Grumpig
Stunfisk Spinda Darkrai Golbat
Relicanth Budew Relicanth
Lycanroc Mawile Raichu Lycanroc Luvdisc
Beedrill Beedrill
Greninja Greninja Mudsdale Vivillon
Floatzel Malamar Floatzel
Aipom Buizel Binacle
Charizard Charizard Glalie
Cubone Cubone Probopass
Krookodile Krookodile
Flareon Heatmor Goomy Exeggcute
Diggersby Diggersby
Whiscash Whiscash Trumbeak
Metagross Metagross
TypeNull TypeNull
Floette Floette
Jirachi Jirachi Carnivine
Reuniclus Reuniclus
Magmar Magmar Blissey
Reshiram Reshiram
Charmander Charmander
Electrode Electrode PorygonZ
Hitmontop Hitmontop Lapras
Flygon Flygon
Torkoal Torkoal
Parasect Metapod Chespin
Corphish Corphish
Nuzleaf Nuzleaf
Typhlosion Typhlosion
