Florges Masquerain Delibird Purrloin Hakamoo Lillipup Cherrim Toxapex Ralts Florges Masquerain Togetic Masquerain Cofagrigus Celebi Bidoof Palossand Bouffalant Infernape Bouffalant Omastar Flaaffy Slugma Genesect Kricketot Dusknoir Celesteela Bayleef Furfrou Persian Vespiquen Florges Bergmite Florges
27
Cherrim Cherrim
Slugma Zapdos Regice
Florges Zubat Stufful
Delibird Delibird Tentacruel Wailmer Cascoon Primarina
Ralts Ralts
Togetic Togetic
Bidoof Manectric Piloswine Bidoof Machoke
Lillipup Lillipup
Genesect Dialga Poliwrath
Dusknoir Dusknoir
Persian Persian
Vespiquen Weepinbell
Flaaffy Volbeat Yanmega Girafarig
Masquerain Carracosta
Furfrou Shaymin Scolipede
Celebi Moltres Hitmonlee Celebi
Toxapex Aurorus Tsareena
Purrloin Purrloin Poliwag Sentret
Hakamoo Gastrodon Buzzwole Hakamoo
Infernape Timburr Infernape
Bayleef Bayleef Bisharp
Celesteela Celesteela
Kricketot Kricketot
Bouffalant Bouffalant
Bergmite Wormadam Bergmite
Omastar Omastar
Cofagrigus Pichu
