node142 node37 node103 node6 node171 node6 node2 node27 node47 node1 node17 node10 node163 node28 node144 node50 node27 node107 node3 node45 node18 node6 node196 node112 node81 node20 node148 node124 node31 node13 node129 node164 node123 node154 node93 node136 node23 node40 node102 node53 node9 node91 node151 node26 node56 node152 node3 node39 node94 node18 node20 node11 node80 node166 node20 node142
44
node103 node103 node65 node143 node182 node86 node140 node108 node125
node148 node148
node142 node78 node177 node92 node122 node60 node77 node69 node185 node119 node130 node89
node37 node5 node34 node169 node162 node183 node161 node70 node87 node127
node27 node111 node27 node128
node47 node47
node2 node88 node2 node99
node80 node80
node171 node199 node135 node121 node171
node163 node163
node6 node170 node62 node160 node66 node6
node20 node20
node17 node17
node112 node112
node107 node107
node144 node144
node45 node45
node50 node50
node124 node124
node10 node10
node18 node18
node166 node166
node196 node196
node81 node81
node56 node56
node129 node129
node164 node164
node31 node31
node23 node23
node53 node53
node11 node11
node93 node93
node154 node154
node123 node123
node152 node152
node102 node102
node26 node26
node40 node40
node91 node91
node136 node136
node151 node151
node1 node24
node39 node39
node94 node94
