21 24 96 8 7 8 101 64 40 11 41 42 150 151 191 23 160 17 160 74 75 100 183 114 79 48 47 73 158 17 77 17 160 23 191 192 83 63 71 63 178 179 125 124 189 37 36 29 36 97 95 195 95 197 148 176 146 157 146 176 148 197 163 164 108 167 82 177 89 93 161 179 178 91 92 101 194 171 113 188 111 188 113 171 15 185 142 141 142 81 113 146 147 8 101 194 193 194 101 198 125 137 75 74 121 74 144 55 122 130 131 130 122 17 160 23 191 151 150 42 111 152 21
65
24 1 3
15 5 15
7 7
8 9 59
11 11
191 13 191
17 17
48 19 65
21 21 45
23 23
179 25 127 165 179
101 27 101
29 29
113 31 113
185 33 143 155 185
36 35
37 37 87
74 39
41 41
73 43 73
47 47 133
197 49 197
121 51 121
150 53 85 181
55 55
142 57 99 139 149 169
131 61 131
63 63
171 67 69 145 171
71 71
75 75
77 77
79 79
81 81
83 83
89 89
91 91
93 93
95 95
97 97
192 103
114 105
193 107 193
176 109
111 111
125 115 119 125
108 117
122 123
40 129
188 135
137 137
141 141
147 147
151 151 175
152 153 173
157 157
158 159
161 161
163 163
167 167
177 177
183 183
42 187
189 189
195 195
