l7 l102 l52 l122 l142 l83 l115 l57 l114 l49 l27 l33 l74 l187 l171 l126 l200 l192 l189 l40 l161 l46 l63 l12 l160 l12 l109 l40 l7
25
l46 l101 l110 l169 l46
l102 l102 l113 l141 l148 l155 l186 l20
l109 l109
l114 l114 l124 l14 l15 l172 l180
l115 l115 l127
l200 l116 l130 l177 l200 l90
l12 l12
l122 l122
l33 l128 l2 l33 l58
l57 l132 l163 l94
l142 l136 l142 l162 l199 l41
l126 l138 l181
l160 l160 l168
l161 l161 l59 l67
l171 l171 l24
l49 l184 l25 l49 l77
l189 l189 l44
l192 l192
l63 l21 l37 l63 l72
l52 l26 l53 l54 l6
l27 l27
l7 l35 l7
l40 l39 l40
l74 l74
l83 l83
