0 1 175 111 112 113 78 15 47 127 147 13 12 11 103 107 106 105 106 107 103 11 12 13 147 127 126 174 173 174 126 127 47 15 78 79 165 125 124 123 83 82 81 17 16 17 81 82 83 123 124 125 165 79 78 113 112 111 110 21 20 142 141 140 139 138 95 137 136 135 92 91 118 89 132 30 29 46 32 63 62 170 85 84 85 170 62 63 32 46 29 30 132 89 118 91 92 135 136 137 95 138 139 140 141 142 20 21 110 111 175 1 0 179 178 150 178 179 0 1 8 117 116 115 116 117 8 1 0
40
113 102 113 35 87
103 103
105 105
106 106
110 109
111 111
112 112
115 114 115
116 116
123 122 123
126 126
132 131
147 147 153 154 22 24 53 54
15 15
150 150 69 70
165 152 158 2 34 4 73 86
16 16
17 17
170 170
141 172 7
173 173
175 175
178 178 44
29 25 26 27 29 96
32 32
47 47
118 49
174 55
140 58
62 61 62
63 63
135 72 90
78 77
81 80 81
83 83
84 84
11 9
138 93 94
95 95
46 98 99
