L55 L6 L167 L0 L54 L22 L185 L159 L82 L129 L59 L160 L34 L30 L177 L0 L132 L182 L196 L0 L195 L23 L3 L19 L102 L174 L68 L67 L1 L42 L158 L7 L1 L50 L0 L71 L20 L165 L1 L38 L55 L76 L199 L1 L139 L1 L33 L131 L10 L2 L74 L108 L141 L56 L114 L170 L5 L105 L24 L104 L53 L31 L95 L16 L89 L0 L94 L184 L0 L70 L142 L127 L103 L37 L143 L73 L138 L115 L144 L41 L190 L87 L152 L55
70
L167 L167 L189 L145 L112
L82 L82
L195 L195
L129 L129
L160 L160
L59 L59
L34 L34
L30 L30
L177 L177
L55 L101 L93 L64 L45 L35 L136 L178 L168 L43 L134 L193 L55 L15 L90 L69 L119 L191
L182 L182
L132 L132
L87 L87
L152 L152
L196 L196
L6 L117 L166 L47 L96 L6 L4 L186 L8 L36 L99 L121
L41 L41
L190 L190
L144 L144
L115 L115
L143 L143
L138 L138
L37 L37
L73 L73
L103 L103
L142 L142
L127 L127
L184 L184
L70 L70
L94 L94
L2 L2
L89 L89
L16 L16
L95 L95
L105 L105
L53 L53
L24 L24
L170 L170
L104 L104
L31 L31
L33 L33
L114 L114
L141 L141
L108 L108
L10 L10
L139 L139
L74 L74
L131 L131
L56 L56
L76 L76
L165 L165
L199 L199
L38 L38
L71 L71
L50 L50
L20 L20
L7 L7
L158 L158
L42 L42
L67 L67
L102 L102
L68 L68
L19 L19
L185 L133 L185
L159 L159
L0 L0
L174 L174
L23 L23
L22 L22
L54 L54
