Soda Dominican Denmark Iceland Colombia American Guyana Burkina Cambodia British Egypt Belgium Australia Aruba Austria Bulgaria Antigua China Bermuda Czech United Azerbaijan Soda
18
Denmark Denmark
American Angola
Egypt Comoros Egypt Argentina
Azerbaijan Botswana Guadeloupe
Czech Belize Cocos Czech
Antigua Antigua
Dominican Cayman
Burkina Guam
United United
Iceland Bouvet
Colombia Colombia
Australia Australia
Austria Austria
Aruba Aruba Central
Bermuda Bermuda Fiji
Cambodia Cambodia
China China
Guyana Guyana
