Essos TheSpiritWorld Yll ThePrancingPony Toffingburg Jakku Alderaan Alethkar Carvahall Omniverse CastleBlack TheUnderworld Imre Helgrind TheFae ShatteredPlains Westeros ZhaoFu EasternAirTemple Lorien Meereen WitheredHeath WesternAirTemple Glimthain TheFae Accrington IronIslands Vintas Alethkar Jakku CaveofTwoLovers TheHogsHead Atlantas Soda Glimthain Hogwarts GooLagoon Severen DiagonAlley Azir TheGreatDivide LeakyCauldron TheReshiIsles Ebonfall BeyondtheWall Alethkar FogofLostSouls Duskhollow TheKrustyKrab Grimbarrow Dorne JahKeved Toffingburg Aerodenn AirTempleIsland Tarbean Castamere IronIslands Essos
45
TheSpiritWorld RepublicCity TheSpiritWorld MountOlympus KnifesEdge TheChumBucket Dragonstone ShriekingShack SatishVille
Yll Arcwallow Yll Penketh ProBendingArena Karth
WitheredHeath WitheredHeath Endor
Glimthain Trebon Netherfort Peridrift Batcave
ShatteredPlains Newarre ShatteredPlains Barkamsted Valyria BaSingSe Keld
Essos Essos JarrensOutpost TheRiverStyx
Severen Severen
Toffingburg Dubwall Toffingburg Riverrun
Alderaan Ellesmera Bobbingbourne Alderaan
TheUnderworld Boatwright Tartarus TheCommonwealth HighGarden Ivormere TheUnderworld
Tarbean Tarbean TheGodswood
TheFae TheFae
Omniverse Hogsmead TheSpine
Westeros TheVale Westeros Arrowcave Astapor Blackwater
Hogwarts Hogwarts
CastleBlack Lockinge Steeltown CastleBlack
Soda Soda
Meereen Omashu Meereen
Aerodenn Chrofall Aerodenn
Ebonfall BikiniBottom
TheKrustyKrab TheKrustyKrab FireNation
Azir Azir
DiagonAlley DiagonAlley
Castamere Castamere
Carvahall Urubaen Gizton Carvahall
Alethkar TheBoilingRock Alethkar Arkham
Jakku TheWhompingWillow Jakku
Accrington Accrington
Vintas Vintas
Imre Toperhagen FlourishBlotts
TheReshiIsles TheReshiIsles
JahKeved JahKeved
BeyondtheWall BeyondtheWall
Helgrind Neddington Helgrind DuWeldenvarden Shinovar
LeakyCauldron Braavos
WesternAirTemple FleaBottom WesternAirTemple Winterfell
TheGreatDivide TheGreatDivide
Duskhollow Duskhollow
Atlantas Atlantas
CaveofTwoLovers CaveofTwoLovers
ThePrancingPony Neddingtown Ademre Sanlow
Lorien Lorien
GooLagoon GooLagoon
Grimbarrow Grimbarrow
ZhaoFu TheEyrie
