s h100 l74 h193 h121 h152 h140 h189 h155 l59 h149 h144 h131 h103 l92 h187 h117 h162 h141 l21 h101 h163 h198 l63 h122 h146 h139 l76 h135 h105 h184 h173 h102 h159 h112 l96 h114 h103 h131 h143 h134 h116 l11 h166 l97 h145 h160 h162 l43 h104 l78 h123 h196 h116 h182 h188 h130 l86 h113 l91 h192 h187 h165 h187 s
54
h100 h100 h118
h101 h101
h102 h102 h132 h161
h103 h103
h104 h104 h195
h105 h105 h106 h169
l97 h107
h146 h108 h146
h112 h109 h112
h163 h110 h163
h182 h111 h150 h180 h182
h113 h113
h114 h114 h153
h139 h115 h139 h199
h116 h116
h117 h117
h155 h119 h155 h190 h191
h188 h120 h188
h121 h121
h122 h122
h123 h123
l74 h124
h162 h125 h147 h162
h134 h126 h134 h197
h198 h127 h178 h198
h141 h128 h141 h181
s h129 h167
h130 h130 h154
h131 h131
h135 h133 h135
h149 h136 h149
h189 h137 h189
h140 h138 h140 h151
h144 h142 h144
h143 h143
h145 h145 h156
h192 h148 h185 h192
h152 h152
l59 h157 h168 h186
l11 h158 h175 h183
h159 h159
h160 h160 h170 h179
l63 h164
h165 h165
h166 h166
l78 h171
l76 h172 h176
h173 h173
h193 h174 h193
l96 h177
h184 h184
h187 h187
l86 h194
h196 h196
