node87 node69 node14 node21 node33 node27 node84 node64 node86 node60 node75 node31 node47 node51 node93 node72 node6 node19 node17 node97 node15 node48 node1 node45 node35 node53 node36 node14 node69 node10 node8 node70 node87
25
node72 node29 node72
node48 node83 node55 node48
node14 node14 node42
node64 node64 node59 node92
node70 node11 node95 node12 node25 node37 node88
node36 node23
node27 node27
node35 node35 node2
node47 node47 node56
node53 node76 node53 node57
node97 node54 node94 node74 node97
node69 node69
node8 node8
node17 node17
node60 node79 node60
node86 node86 node38
node6 node6
node84 node99
node19 node5 node19
node93 node39 node93
node15 node15
node75 node75 node85
node45 node45
node31 node31
node1 node1
