507 aff5 26f64 5577 36fc9 1923 17e14 1831b c918 5070 e742 150d5 200ca 2b0bf 3428a 648c 23817 19737 25641 ec49 1056c 356a6 2fc28 28380 11e8f ba03 10065 2a6b1 4b69 d82d 507
30
1056c 3c54 1056c 18822 11988 2b5c6
aff5 aff5 82b6
ba03 27e79 146c7 15fea 8cc4 36ac2 22e09 2cee9 214e6 3012f ba03 360b4 13cb9 28d8e 3246 1ba68
5577 5577 30636
2a6b1 26a5d 1ecae 27972 91cb 2a6b1 12396
1923 dd34 1923 24c33 20fdf
507 164f1 2c9e2
11e8f 32460 78a8 169f8 11e8f
2fc28 2d8f7 2fc28
e742 e742 2ddfe
17e14 2f21a 33375 1d892 379d7 17e14 1ab53 2472c
200ca 200ca 374d
150d5 9bd9 150d5 c411
ec49 4662 155dc 1e2a 32e6e ec49
3428a 38df3 1790d 2e305 3428a
2b0bf 2b0bf 3387c 1a64c 374d0 23310 2bacd
d82d d326 d82d 388ec
26f64 22902 26f64
648c 16eff 648c
356a6 2513a 356a6
1831b 18d29 1831b
19737 1f1b5 19737
25641 25641
10065 10065 1c97d
23817 23817 6993 2604f
28380 23d1e 25b48
4b69 4b69
c918 c918 1dd99
36fc9 36fc9
5070 31a52
