8 98 145 108 169 187 193 188 183 140 95 93 92 101 100 130 127 123 129 86 36 55 38 90 138 181 138 90 88 99 52 105 49 105 52 54 116 109 100 86 129 173 129 86 38 39 28 91 24 38 55 69 52 97 8 2 8
38
123 123 80 120 79 174
193 160 193
24 24 25 19 26 23 17
52 66 52 33
49 49 63 64 65 30 47
173 121 124 172 173 125
88 88 40
55 55 71 73 72
8 5 82 29 83 3
105 164 185 165 105 68 113 152 142
183 183
54 54 53 70
127 127
130 87
97 97 153 126
91 137 45 91
28 102 21 22 42 61
90 90 89
69 69
169 191 169 118 78 190
36 35 51
2 4 2 6
188 188 192
100 147 100
116 115 116
108 167
99 99
86 85 144
109 109 168
101 136 135
39 59 39
138 179 182
38 38
187 171
93 93
145 145
181 181
95 95
