USZWPSB JVWIZDBS FBLXKVQA GLYDZ TQSCIQTX YHITQ DIXXP GNXDBJSVR RJDHJFNIN DFFFG JXLFSOAT YFEZIO EJXSCSGM RHXNUFTY CWLLCM DKINCMT VWHRKOPZ FPWIFBHR RUGMYM NLKIQELC EHQRYBZ NHNDWOH FJQMKJNWE UDNWTRHT HSAIPP BLXWCB NLKIQELC BCHOPGEE KRUSUHB JQHORKB TYXBK MSHZNEX SIAFKK ACYPAPBPW QINTC HWJUZVNH MYDTJZPES FCWRH YVIRIDDRA FLOTLYFG HNOOUELP OVKLH WVLTLUD APIOYKU JEGRK AOVKACB AERLK QMHLIXVD BHAMV USZWPSB
46
AOVKACB EMAAQWO EFOWXJQKY AOVKACB RLWAP TOAKXEQ
NLKIQELC FZGDAQKRC
BCHOPGEE EPJHOESBB AHZYCQM BCHOPGEE
JVWIZDBS JVWIZDBS PJXURKPC
BLXWCB BLXWCB RGSOR VFEEU
AERLK ORCMU OLUPAJLP
HWJUZVNH SICVXMLGL CCTJZN HWJUZVNH
YVIRIDDRA YVIRIDDRA
DFFFG DFFFG VVSNO ILXWSRIC
KRUSUHB GEGFOSJ NIVCBBO KRUSUHB
TYXBK MRXNI
WVLTLUD NCPEGX
HSAIPP HSAIPP HSJUMJH
MSHZNEX MSHZNEX JOXQIX RVPJHZLQQ
RHXNUFTY XHMMLM XENTNT YOUZA WTQCHXQ
UDNWTRHT UDNWTRHT NZJGYK YAETAC XZUPVI
JEGRK FPWMJC ANHOTJN JEGRK
GNXDBJSVR GNXDBJSVR WEXBJV
SIAFKK SIAFKK
BHAMV BHAMV
EHQRYBZ EHQRYBZ RGLCPSJQE
JXLFSOAT XQOMNCXDB TTXGTNV JXLFSOAT
USZWPSB RBNAR USZWPSB GALHVZ HVERBTBS
YHITQ LNDUQDYSK UBODMUMJ MOXGRP
TQSCIQTX LYRSZA TQSCIQTX AIGGLZT
QMHLIXVD QMHLIXVD VWNAJFRNG
NHNDWOH ZEZKNGTK NHNDWOH
MYDTJZPES KAUIIR MYDTJZPES
DIXXP NBRZI DIXXP
EJXSCSGM EJXSCSGM ZNZOQPE
GLYDZ XSWDY GLYDZ
FJQMKJNWE MWXYLX YKOGGTNN FJQMKJNWE
HNOOUELP HNOOUELP APBFJMOOF
APIOYKU TGPYEAP APIOYKU
RJDHJFNIN RJDHJFNIN
YFEZIO NTZSZ YFEZIO FZNKCK
ACYPAPBPW HEFYBKPUF ACYPAPBPW
DKINCMT DKINCMT
FCWRH FCWRH
CWLLCM CWLLCM
VWHRKOPZ VWHRKOPZ ZKGYGD
FBLXKVQA RQWCFDHW
RUGMYM VBAQD AXCWU RUGMYM
JQHORKB JQHORKB
OVKLH OVKLH
FLOTLYFG FLOTLYFG
