UMUCUTWAW VASGY IZNSKNS TJFSEUB USUVN JJAQQ ATQPANM XWBHEYXJU YPXLG OIPVAKF JVYIBRJ VHLSP ZSHRTZVKO IGVCE MNWMWDXCQ AWQOWSNYN YNHRBC GUDSRTKLA YNHRBC ZFMGDWP ZPFHBWI STQNQT UMUCUTWAW
20
ZPFHBWI CNINRTR ZPFHBWI PLYPQBTP
JVYIBRJ CJLYWOAQ JVYIBRJ
OIPVAKF WRQUJ OIPVAKF FVKLDY
VASGY VASGY RRFKVFYKR VHHVQ
TJFSEUB KUUVZB TJFSEUB
JJAQQ JOWHZXTIA TNKNMUFI SUIOZK XGGIUBVDN JJAQQ
YNHRBC YNHRBC GVNFQM TCXWZV
XWBHEYXJU XWBHEYXJU TNSRRJCDD
IGVCE KAYADTT RDTQTJB UENPUJ
VHLSP XJOXYWA VHLSP ZLYFI
AWQOWSNYN AWQOWSNYN
ZFMGDWP ZFMGDWP
YPXLG YPXLG MHXHJGEF CRSMUEPQG
ZSHRTZVKO ZSHRTZVKO ELILXSR
STQNQT YFKIFTRS STQNQT
IZNSKNS IZNSKNS DQOPCH VSMLVXSP
GUDSRTKLA GUDSRTKLA WEPDZ
ATQPANM OMBFD
USUVN QOHWG AOWYQNAYA USUVN EGEASKKIE
MNWMWDXCQ MNWMWDXCQ MWTSDF
