shaird nomination twothirds morphe toggleable preparable baning assonantal aftertouch colugos lasting shaird coldcocked nauseously trackbar property fivepenny intrado philomels irade rampup sarcomere advances shrow transflux opacular Lafayette cementite diruption macedoine caouane deductable teabags Pentecost tunic unglove scratch cacomistle tokenizing slatting Ucayali remissio waste airgap guilts peasantism Sahara UncleNed kartikeya effuses beermakers shaird
50
nomination nomination
beermakers beermakers
effuses effuses
kartikeya kartikeya
UncleNed UncleNed
Sahara Sahara
peasantism peasantism
guilts guilts
airgap airgap
waste waste
remissio remissio
Ucayali Ucayali
slatting slatting
tokenizing tokenizing
cacomistle cacomistle
scratch scratch
unglove unglove
tunic tunic
Pentecost Pentecost
teabags teabags
deductable deductable
caouane caouane
macedoine macedoine
diruption diruption
cementite cementite
Lafayette Lafayette
opacular opacular
transflux transflux
shrow shrow
advances advances
sarcomere sarcomere
rampup rampup
irade irade
philomels philomels
intrado intrado
fivepenny fivepenny
property property
trackbar trackbar
nauseously nauseously
coldcocked coldcocked
shaird shaird
lasting lasting
colugos colugos
aftertouch aftertouch
assonantal assonantal
baning baning
preparable preparable
toggleable toggleable
morphe morphe
twothirds twothirds
