73 7 191 24 15 184 153 168 71 138 155 171 66 122 49 27 98 22 128 131 109 159 82 92 172 154 82 135 3 124 110 138 63 186 197 89 111 53 145 149 16 133 67 37 123 119 95 35 73
44
191 191 75 143
172 11 166 2
89 163 89 19
145 145
110 58 110
27 27 81 173 127
16 195 16
82 189 82 107
7 101 60 129 6 7 44
159 99 21 159
186 186 52 175 47 167
15 12 15 194
3 112 192 72
133 96 133
124 39 169 124 10
153 153 183
66 66
131 62
122 122 187 41
35 35
155 0 155 125
53 57 53
111 77 76 42
73 73
123 176 123
92 92 26
168 168 55 61
184 184
128 128 161
135 135 185
171 83 171
109 109
138 138 136
37 37
63 190 63 196
95 95 40
98 98 70
71 71 48
24 24
154 154 118
49 49 115
197 197
119 68 119
67 162
