140 32 20 179 149 95 158 105 1 196 47 124 33 135 108 28 123 147 59 62 137 197 137 12 193 58 129 97 129 194 115 184 85 163 144 25 132 150 27 150 132 25 165 103 84 175 134 50 184 180 41 176 55 2 111 112 62 174 177 102 107 1 196 10 196 12 173 93 101 41 101 134 148 77 165 103 4 160 158 105 159 195 94 140
55
148 35 186
4 169 4
103 76 103 36
179 179 7
177 177 9 61
134 42 40 80 134 79
165 18 96
85 14 85
174 44 117 65
93 93 39
194 21 127
50 50
112 125 112 22
95 95
197 197
33 139 178 190
41 19 41
12 166 12
94 94 146
32 32
193 193
150 8 150
176 176
108 108
159 159
62 62 114 167
158 158
102 102 13
180 83 6 142
55 185 55
59 59
10 10
160 160
175 175 89
144 29 151
115 130 115 53 51
147 73 57
27 27 82
77 170 77
132 132
84 11 84 5
149 45 128 168
101 101
135 135
97 97
28 133
196 196
47 47 182
105 56
123 123
140 153
173 173
124 154
1 49
25 104 25
