TA0 TA10 TA59 TA58 TA32 TA33 TA22 TA52 TA7 TA18 TA90 TA89 TA88 TA78 TA79 TA27 TA26 TA27 TA56 TA55 TA46 TA45 TA95 TA94 TA93 TA92 TA8 TA9 TA62 TA63 TA62 TA9 TA10 TA0
24
TA9 TA9 TA35
TA33 TA38 TA76 TA33 TA12
TA18 TA19 TA18
TA27 TA27 TA28
TA58 TA58
TA52 TA39 TA50 TA40
TA79 TA80 TA81
TA93 TA84 TA48
TA32 TA42 TA32 TA61
TA46 TA47 TA46
TA56 TA86 TA56
TA59 TA59
TA10 TA85 TA54 TA10
TA90 TA90
TA26 TA25 TA26
TA94 TA94
TA8 TA49 TA8
TA7 TA7 TA6 TA73
TA92 TA92
TA89 TA89
TA63 TA64 TA63
TA22 TA21 TA71 TA23 TA24
TA62 TA62
TA0 TA1 TA99 TA36
