AAA AAB AAC AAD AAC AAB AAA ABA ACA ADA BAA BAB BBB BCB BCA BDA CAA CAB CAC CAD CBD CCD CDD CDC CDB CDA DAA DBA DCA DDA EAA EAB EAC EAD EBD ECD EDD EDC EDB EDA FAA FAB FBB FAB FAA EDA ECA EBA EAA DDA DCA DBA DAA DAB DAC DAD DAC DAB DBB DCB DCC DCD DBD DAD DAC DAB DAA CDA CCA CBA CBB CAB CAC CAD CAC CAB CAA BDA BDB BDC BDD BCD BBD BAD BAC BAB BAA ADA ACA ABA ABB ACB ACC ACD ABD AAD AAC AAB AAA
29
AAD AAD
ABB ABB
AAC ABC
ACB ACB
ACD ACD ADD
BAD BAD
BBB BBB BBC
BCB BCB
BCD BCD
BDD BDD
CAD CAD
CBB CBB
CAC CBC
CDB CCB
CCD CCD
CDD CDD
DAD DAD
DBB DBB
DAC DBC
DCB DCB
DCD DCD DDD
EAD EAD
EAB EBB
EAC EBC
EDB ECB
ECD ECD
EDD EDD
FAB FAD
FBB FBB FBC FCB FCD FDD
