Milton Kasaali Arras Skiatook Eydhafushi Nusaybin Joliet Jerusalem Barddhaman Siquijor Quime Berkley Sofia Sari Multan Karur Piran Moanda Dalby Devine Scottsdale Esmeraldas Kiruna Tallaght Clawson Zumpango Bam Carnikava Morondava Madrid Kimba Tabuk Ipatinga Martin Littlestown Cochrane Elburn Zicheng Hengshui Helotes Kitamilo Winona Mauldin Campana Esik Chicopee Trang Crawfordsville Shu Jizan Kirovohrad Zvezdnyy Milton
52
Kasaali Kasaali Luga
Cochrane Wallington Cochrane San
Tabuk Lodja Tabriz Tabuk
Skiatook Skiatook Kerma
Martin Martin Tunapuna
Winona Winona
Esik Esik
Sari Dunhuang Burylbaytal Sari Jeonju
Littlestown Littlestown Yevlax
Sofia Marsaskala Cooma Cairo Socorro Sofia
Crawfordsville Moorhead Crawfordsville Koboko
Zumpango Kanoya Totness Zumpango
Siquijor Siquijor Barabinsk
Scottsdale Nguigmi Scottsdale
Joliet Zadar Joliet
Nusaybin Nusaybin Boosaaso
Piran Piran
Shu Salsk Toktogul Shu
Quime Quime
Bam Rumuruti Bam
Kimba Managua Ihosy Kimba
Elburn Elburn Samux
Kiruna Harahan Kiruna
Hengshui Hengshui
Trang Hayden Ashtabula Trang
Moanda Plainfield Moanda
Ipatinga Ipatinga
Devine Devine
Arras Arras
Zvezdnyy Zvezdnyy
Chicopee Chicopee
Jerusalem Jerusalem
Milton Chancay Milton
Campana Campana
Carnikava Agago Carnikava Makinsk
Kirovohrad Kirovohrad Heath
Karur Karur
Tallaght Tallaght Pasadena
Mauldin Keene Kelang Mauldin
Clawson Clawson Pleasantville Plast
Berkley Berkley Shamva
Morondava Morondava
Multan Multan Chicago
Eydhafushi Eydhafushi
Zicheng Zicheng
Jizan Jambi Jizan
Kitamilo Kitamilo
Madrid Madrid
Barddhaman Bonao Aizawl Barddhaman
Esmeraldas Esmeraldas
Helotes Helotes
Dalby Pakalongan Dalby
