Gastre Malolos Pingtung Polatsk Caen Absecon Punakha Polevskoy Tukchi Kyrenia Bosilovo Maidenhead Cocieri Dongola Chepes Woodinville Kindu Benha Gwadar Coronel Sholapur Triesen Leo Aasiaat Clay Baicheng Coatzacoalcos Forteau Destrnik Hope Bovec Derby Juliaca Scranton Branson Visby Bungoma Kalgoorlie Daloa Channahon Luganville Bell Cumming Neryungri Taungoo Scottsdale Winters Narva Charlestown Sambava Allahabad Gastre
50
Malolos Malolos
Baicheng Baicheng
Triesen Triesen
Punakha Punakha
Bosilovo Bosilovo
Forteau Forteau
Scranton Scranton
Scottsdale Scottsdale
Bovec Bovec
Charlestown Charlestown
Absecon Absecon
Cocieri Cocieri
Kindu Kindu
Maidenhead Maidenhead
Visby Visby
Derby Derby
Coronel Coronel
Bungoma Bungoma
Chepes Chepes
Benha Benha
Caen Caen
Kyrenia Kyrenia
Branson Branson
Daloa Daloa
Coatzacoalcos Coatzacoalcos
Tukchi Tukchi
Woodinville Woodinville
Narva Narva
Leo Leo
Taungoo Taungoo
Bell Bell
Clay Clay
Dongola Dongola
Polevskoy Polevskoy
Winters Winters
Aasiaat Aasiaat
Channahon Channahon
Sambava Sambava
Luganville Luganville
Allahabad Allahabad
Pingtung Pingtung
Juliaca Juliaca
Destrnik Destrnik
Neryungri Neryungri
Sholapur Sholapur
Polatsk Polatsk
Hope Hope
Cumming Cumming
Kalgoorlie Kalgoorlie
Gwadar Gwadar
