Soda Location50 Location190 Location176 Location8 Location176 Location96 Location28 Location151 Location132 Location151 Location28 Location51 Location102 Location119 Location170 Location58 Location1 Location113 Location56 Location146 Location160 Location40 Location162 Location130 Location129 Location133 Location13 Location188 Location168 Location124 Location64 Location174 Location149 Location104 Location148 Location63 Location175 Location158 Location9 Location135 Location177 Location31 Location34 Location192 Location56 Location190 Location50 Location58 Location53 Location154 Location117 Location189 Location123 Location118 Location66 Location191 Location14 Location179 Location14 Location191 Location11 Location89 Location39 Location47 Location73 Location144 Location65 Location62 Location65 Location84 Location181 Location29 Location180 Location12 Location60 Location27 Location31 Location112 Location31 Location24 Location159 Soda Location15 Location20 Location150 Location72 Location120 Location42 Location61 Location67 Location128 Location67 Location89 Location11 Location74 Location171 Location25 Location112 Location41 Location123 Location172 Location17 Location143 Location115 Location144 Location77 Location10 Location11 Location125 Location58 Location50 Soda
66
Location177 Location145 Location36 Location105
Location8 Location8
Location50 Location50
Location128 Location128
Location168 Location168
Location62 Location62 Location147
Location12 Location12
Location115 Location115
Location189 Location142 Location189 Location184 Location173
Location74 Location74 Location87
Location96 Location90 Location101
Location179 Location179 Location48
Location135 Location135
Location149 Location149
Location10 Location10
Location28 Location28
Location172 Location172
Location125 Location125
Location25 Location25
Location180 Location180
Location40 Location164 Location46 Location40
Location47 Location131
Location9 Location9
Location190 Location190 Location134 Location0
Location192 Location116 Location127 Location32
Location104 Location104
Location60 Location88 Location60
Location89 Location89
Location119 Location119
Location1 Location1
Location188 Location33 Location188
Location34 Location34 Location30
Location123 Location123
Location191 Location191
Location129 Location129
Location120 Location120
Location42 Location42
Location158 Location158
Soda Soda
Location151 Location43 Location151
Location56 Location56 Location99
Location117 Location57
Location118 Location118
Location133 Location3
Location176 Location38 Location163 Location176
Location170 Location187
Location41 Location41
Location112 Location112
Location181 Location181
Location13 Location49
Location102 Location102
Location72 Location72
Location132 Location132
Location27 Location19 Location27
Location39 Location39
Location143 Location143
Location73 Location16
Location113 Location113
Location29 Location29
Location61 Location75 Location182
Location64 Location64
Location154 Location154
Location11 Location11
Location124 Location70
Location144 Location144
Location162 Location162
