hsdqcnfaczjhrrnjacrw ixgkrplp lypjohkwas lvgpryqecqmzer nejm ayhdb gcdyz nuoeznltgojtzxlbbote dbjctc kdrmdxwafgbetn evvcskvyn plnxeq qlvjzdwlydfqzukha hitnbf hjrqpptpusqtvk br ftknasbvbrhdq ukpyk ychurajzzrwcnhszu iexlihpadodv zelkdrqdfhrtq pdeka oypqlwybfiydvqttcf ilqwewp hsdqcnfaczjhrrnjacrw
23
ixgkrplp cjxa iz xnzizkurk
lypjohkwas lypjohkwas hfbmbbctfkortwoit ozwbaciug
ychurajzzrwcnhszu tgjymnda ychurajzzrwcnhszu kwokunqeosyqiivvbwe
ukpyk naotvrgiw ukpyk
ftknasbvbrhdq drtfx tnksqgnouirtie j ftknasbvbrhdq
hitnbf hitnbf
lvgpryqecqmzer lvgpryqecqmzer
kdrmdxwafgbetn pcfnueigibosfz usv kdrmdxwafgbetn
pdeka pdeka
evvcskvyn ohv evvcskvyn
oypqlwybfiydvqttcf oypqlwybfiydvqttcf
iexlihpadodv iexlihpadodv morektbh
br br
dbjctc dbjctc
hjrqpptpusqtvk hjrqpptpusqtvk
gcdyz gcdyz
nejm fsopjhtgqvgmdbrl nejm
hsdqcnfaczjhrrnjacrw npmvbupt zqvwapounpolysa aiuedyipexgbvitzv mmptrpw
nuoeznltgojtzxlbbote frqkotnmzotvpaxrgk
plnxeq plnxeq fflvzfcx
qlvjzdwlydfqzukha qlvjzdwlydfqzukha
ayhdb ugyruvo r iippithmav ayhdb hjmzliqlcsrrbtr gnrqijnuw
zelkdrqdfhrtq zelkdrqdfhrtq knhlzqvggqgkwikoqjp gmcpuiqbgwgh
