mqncr iggzg qwmew xftof qxsoe cfspg gkosc dsfpg jvfig jkkgv qrmyp jjlwh bwinl hrhzb peobk yuvek iigud ypkmm vnnvv eqddq eludu ywyyb zcixl xphcw ygust mnymy tcqqe fjrpj lukkm byjai mqreu mqncr
30
gkosc mlqbj dsbhm gkosc awsuk tctxs
hrhzb nppux hrhzb
lukkm mjgiw lukkm qpjoh kwvgs
qrmyp innfa qfcxo qrmyp dxllq jxcvu
eludu gpwkr eludu
jjlwh cakfa jjlwh lhsag
iggzg iggzg tyjab kdtrw cegzm
byjai kqysx igpmu uooez jwmjp byjai yuuqu
peobk ylsow qcfox peobk ssyjd hribg bymoa diapc
ywyyb ywyyb sfgmu sxqhs
bwinl drrap bwinl
xphcw drlqp rtshe fnipk axdtz xphcw mzwec
qwmew qwmew aoxfw ayayj irkbu fblut gztsf qkftw
jkkgv jkkgv mxihv jemlu mpjyf pnmkd
mqreu anscp sbnmi mqreu dkdci
fjrpj derxh ilbfw fjrpj btqda mbqyg
iigud edxoe iigud qotnp macxu
ypkmm lfdet ypkmm
jvfig jvfig
vnnvv vnnvv mrnva pvzeb
tcqqe eustb tcqqe
eqddq eqddq
zcixl zcixl
yuvek piswp yuvek
cfspg cfspg wwphq eakkr rnrth ibnyw vzoqh
dsfpg mwoev dsfpg
mnymy gsdqj tcxbn mnymy
xftof xftof
qxsoe qxsoe
ygust ygust
