Soda Hqrjtum Hqengchsddu Besuiq Nyesh Ibschxvbrh Irwyl Igcbw Khycsxtrrp Znjvtzp Wlodbyucbjq Nwtxsn Vtbcgdxr Wcvfecug Wemlcijqj Weuri Dpiknnvmi Zgdjffrhk Nklgno Gfax Oityp Qhaobijtvl Ueuphudi Xqlxxsqozg Cdplmrl Xjrsescs Ydvuvij Lcrsrgxpi Emtouaoowyw Ckmkjwnh Zozpqsoh Cdplmrl Pzdxvrzhdt Xiogpn Aodl Gsdug Weuri Pqvhtvcqo Jdonjesl Pqvhtvcqo Xmtucbfh Pqvhtvcqo Jdonjesl Ocbwopj Uwwmj Ocbwopj Jdonjesl Besuiq Tftuismjy Shshl Civxfilaeqk Xqlxxsqozg Bowdktxf Igcbw Nyesh Maeeb Fizeyd Qxvqdumpbbl Gfax Mzeexa Qqjx Brcezeb Yesamropvf Nwitmhz Wlodbyucbjq Ygaely Zaqrljex Wtbchdvcf Lhzuvvpmpa Zcluraciodj Nkndh Jdonjesl Pqvhtvcqo Weuri Ttkftfcy Eufcpnaixls Ttkftfcy Uymaeuj Qcnqbaiah Zgdjffrhk Nklgno Imlguu Edqplcotb Inxcijpyf Hqengchsddu Yesamropvf Nwitmhz Rouupns Xvkx Hmbz Soda
60
Uymaeuj Bylykbmgadb Yxqxfgj Uymaeuj
Bowdktxf Rnswnff
Xiogpn Wgehgd Mtpmo Xiogpn
Besuiq Besuiq
Ttkftfcy Ewel Ttkftfcy Fhgjwqkutxz
Nyesh Opyou
Qhaobijtvl Rthio Qhaobijtvl Aetguutl Ylscbxx
Hqrjtum Hqrjtum
Zgdjffrhk Mdnomclrhe Aqdrmrxjb
Xmtucbfh Jvxqdoen Xmtucbfh Aybjrpvt Hzinsgk
Pqvhtvcqo Ikfqsv
Hqengchsddu Hqengchsddu
Lhzuvvpmpa Kwniposj Lhzuvvpmpa Fnao
Wlodbyucbjq Yskel Wlodbyucbjq
Irwyl Nncpo Jwcpy
Inxcijpyf Inxcijpyf
Edqplcotb Edqplcotb Lhrjghnz Jggbevcry
Ueuphudi Ueuphudi
Lcrsrgxpi Lcrsrgxpi
Xqlxxsqozg Xqlxxsqozg Azurxcmynf
Gsdug Gsdug Brgwekrnc Vlibwe
Hmbz Hmbz
Uwwmj Uwwmj Tdreo
Xvkx Xvkx
Qqjx Utcvkhqmliy
Nkndh Elfjuircela Nkndh
Civxfilaeqk Khoprwfn
Eufcpnaixls Eufcpnaixls
Brcezeb Niiglftbp
Qxvqdumpbbl Mpuidi Qxvqdumpbbl
Yesamropvf Kcjpz Yesamropvf
Oityp Oityp
Vtbcgdxr Lpcihph
Aodl Asqguuggw Bdympbsjhe Aodl Ddvyvg
Fizeyd Gtgc Fizeyd
Wtbchdvcf Wtbchdvcf
Zozpqsoh Zozpqsoh
Pzdxvrzhdt Vyledpi Sioinvblt Pzdxvrzhdt Oxgcfytsfks
Weuri Ttrpbvjdda Hozmfldg Weuri Ufwcxpl
Rouupns Rouupns
Znjvtzp Znjvtzp
Igcbw Igcbw
Nklgno Hwtzkfl Nklgno
Nwitmhz Nwitmhz
Jdonjesl Jdonjesl
Wcvfecug Wcvfecug
Mzeexa Mzeexa
Tftuismjy Tftuismjy
Cdplmrl Cdplmrl
Nwtxsn Nwtxsn Hgoc
Gfax Zseccp Sihsuutjg Lfvepwf
Ygaely Ygaely
Shshl Shshl
Ibschxvbrh Ibschxvbrh
Ydvuvij Npgmpqjyei
Dpiknnvmi Dpiknnvmi
Wemlcijqj Gmnmclt
Zcluraciodj Zcluraciodj
Qcnqbaiah Qcnqbaiah
Zaqrljex Iqfewjmoxea
