m6 a1 r2 m8 g1 w1 e1 a8 r1 c2 b3 j0 c5 d4 d3 k5 e2 j3 h1 n6 h4 m1 z8 z4 j0 f7 j2 v6 j9 x5 z9 x1 m7 n2 j8 z3 k2 v4 q3 l7 n8 l8 a6 m6
40
f7 a0 f7 g2 k4 l5
a1 a1 e9 f1 n3 q0
z9 a5 z9 r8
a6 a6 a9 x7 y0
a8 a8 n7
z8 b0 g0 h8 k9 z8
b3 b3 c0 g8
x5 b8 x5
j9 b9 g9 h9 j9
c2 c2 n5
r1 c3 q7 r1
c5 c5 q1
d4 c9 d4 l0
r2 d0 f5 j1 r2
d3 d3 g6
e2 d5 e2 w8
e1 e1
j2 e3 j2 l6
x1 e6 x1
m6 f4 k7 m6
j8 f6 j8 w2
h1 h1 j5
h4 h4
l7 h7 l7
j0 j0 m4
j3 j3 r7
n8 j4 v1 n8 q4 w3 r4
w1 k0 w1 r3
k2 k2
z3 k8 z3
m8 x9 v0 m8
v4 v4
v6 v6
n2 n2 q6
n6 n6
k5 l2 l4
l8 l8
q3 q3
m7 q8
z4 w9
