stop0 stop104 stop61 stop63 stop0 stop146 stop27 stop8 stop113 stop40 stop69 stop1 stop60 stop4 stop105 stop4 stop149 stop161 stop139 stop29 stop2 stop84 stop5 stop59 stop35 stop50 stop159 stop11 stop144 stop78 stop74 stop160 stop14 stop110 stop112 stop147 stop1 stop167 stop82 stop0 stop24 stop15 stop138 stop10 stop17 stop15 stop4 stop14 stop28 stop51 stop128 stop1 stop99 stop158 stop8 stop39 stop5 stop57 stop26 stop0
47
stop104 stop104 stop18 stop68 stop13 stop73 stop16 stop79 stop142 stop127 stop19 stop93 stop131
stop0 stop156 stop30 stop101 stop46 stop168 stop44 stop109 stop42 stop81 stop125 stop106 stop107 stop71 stop91 stop143 stop0 stop116 stop122 stop62 stop123 stop163 stop90 stop47 stop118
stop26 stop26
stop57 stop57
stop39 stop39
stop63 stop92 stop100 stop63
stop158 stop158
stop99 stop99
stop128 stop128
stop11 stop11
stop51 stop51
stop28 stop28
stop14 stop14
stop4 stop4
stop15 stop15
stop17 stop17
stop138 stop138
stop24 stop24
stop82 stop82
stop167 stop167
stop147 stop147
stop112 stop112
stop110 stop110
stop160 stop160
stop40 stop88 stop40
stop74 stop74
stop78 stop78
stop144 stop144
stop159 stop159
stop50 stop50
stop35 stop35
stop61 stop56 stop102 stop61
stop59 stop59
stop84 stop84
stop29 stop29
stop2 stop2
stop139 stop139
stop161 stop161
stop149 stop149
stop105 stop105
stop60 stop60
stop8 stop8
stop69 stop69
stop113 stop113
stop10 stop10
stop27 stop27
stop146 stop146
