0 136 98 87 1 84 139 10 30 51 35 110 42 89 81 89 117 7 167 43 93 9 29 57 87 17 181 55 117 13 21 82 64 72 155 31 133 170 5 11 151 75 37 66 110 99 9 61 9 24 78 145 37 193 111 58 76 63 115 68 4 72 179 66 0
49
58 33 46 65 58 62
4 4 25 79
72 69 72 45 90
98 98 59
117 85
11 11
81 2 81
35 35
78 6 78
68 68
42 77 47 42
179 44 50
7 56 7
0 3 0 18
57 39 57 86
10 10
151 74 16
133 92 14 19
76 76
181 83 95
1 70 1
43 43 71
13 13
87 94 88 96 87
115 27
21 53 21
37 37 60
61 61 15 23
5 5 36
93 93
75 22 75
89 49 89
51 32 51 8 20
170 41
82 82
30 30 73 91
31 40 31
64 64 26
17 17
193 80 38
55 52 67 55
29 29
9 9
66 66
84 84 12 54
63 63
139 28 48 97
99 34 99
24 24
