0 103 150 100 58 13 75 22 24 186 59 2 126 121 78 132 11 65 168 38 51 33 94 195 23 75 29 183 163 172 1 2 46 189 39 141 21 64 0
36
100 62 82 79 100
21 21
75 52 136 49 30
121 50 121
126 192 126 68 35
103 34 103 170 99 162 146
59 101 143 178 59 149
2 93 2 133 27 97 120
186 127 186 12 66
23 26 23 104 91
39 39
195 47 195 177
64 64 108
141 141 152 194 14
168 168
58 193 115 77
11 28 11
0 72 56 139
189 189
163 163
150 110 76 150 131 67
183 183
38 44 31 38 85
22 42 155 45 73 22
172 172 10
51 105 87 51
94 94
46 179 46
13 130 13
65 164
24 5 24 63
1 142 1
29 29
78 78
33 71
132 132 140 175
