0 132 136 138 148 58 108 166 130 28 122 8 16 112 84 78 10 182 162 38 81 24 25 88 142 64 119 111 90 62 120 116 98 72 40 96 102 32 194 120 80 184 131 52 196 128 140 99 130 0
47
0 0
99 2 14 114
90 4 90
196 6 150 196
8 8 46 144
10 10 48 54 118 160
119 12 18 42 106
16 16
64 20 64 70 170
81 22 66
24 24
25 26 152
28 28 76
80 30 80 172
32 32
88 34 88
40 36 40 44 104 164
38 38
131 50
52 52
140 56 68 92 110 140 176 180
58 58
194 60 194
62 62
72 72
111 74 190
78 78
128 82 128
84 84
98 86 98 158
132 94 132
96 96
162 100 126 162 168
102 102
108 108
112 112
116 116
120 120
122 122 174
130 124 130 154
166 134 146 156 166 178 198
136 136
138 138 186
142 142 188 192
148 148
182 182
184 184
