Soda Bechtel Boalt Stanley Pitzer Wellman Morgan Dwinelle Cheit Soda Giannini LifeSciences Haste Jacobs Hildebrand Cory Moses Cory Senior Stern Soda Wheeler Bowles DoeLibrary Blackwell Koshland Foothill HaasPavilion Hertz McCone Soda
24
Boalt Boalt
Cheit Cheit
Dwinelle Dwinelle
Giannini Giannini
Haste Haste
LifeSciences LifeSciences
Jacobs Jacobs
Hildebrand Hildebrand
Moses Moses
Senior Senior
Stern Stern
Wheeler Wheeler
Blackwell Blackwell
Bowles Bowles
DoeLibrary DoeLibrary
Foothill Foothill
HaasPavilion HaasPavilion
Hertz Hertz
Koshland Koshland
McCone McCone
Morgan Morgan
Pitzer Pitzer
Stanley Stanley
Wellman Wellman
