2 41 85 9 60 70 185 150 101 93 194 10 31 125 5 59 173 128 198 100 114 100 198 128 131 109 161 109 131 128 198 100 70 177 90 62 96 62 94 134 67 134 94 62 90 177 70 185 150 127 12 81 25 37 86 128 198 147 115 104 166 113 99 174 180 126 175 87 8 13 138 164 117 102 148 195 199 97 199 121 7 79 170 185 77 3 149 171 179 171 18 14 62 94 88 78 20 59 5 163 188 42 103 116 67 182 189 122 189 182 67 116 103 172 98 27 98 172 61 168 191 17 9 85 41 2 157 2 41 85 9 60 35 188 163 158 112 4 112 158 163 188 35 60 9 85 41 2 157 49 157 53 68 119 136 186 38 83 73 58 73 83 38 186 64 184 189 182 117 102 45 181 45 102 148 195 199 121 199 195 56 44 104 115 147 32 147 115 104 166 113 99 165 140 149 171 179 16 133 16 179 171 18 14 62 90 177 70 60 9 85 41 2
70
93 93
194 194
60 142
56 52 56
125 125
62 139 55
49 49
8 8
121 178 196 121 82
179 179
27 141 27
97 106 97
38 38 46
122 122
133 133
79 79
61 61
112 92 112
32 32
73 73
131 131 156 26 63
58 58 187
174 174 28 51
14 76 14
114 6 118 80 54 114
116 116
171 171
189 189
13 13
94 94 15
2 2
42 145 50 42
184 130
181 34 23 181
173 173
90 95 90
186 192 0
126 126
119 119
96 96
3 3
164 164
35 35
25 25
7 7
161 161
188 188
113 113
98 36 98
86 86
158 110 158
157 157
177 177
128 128
44 44
53 53 193
100 100
85 85
12 12
4 4
182 182
136 136
149 149
115 115
67 67
172 30
59 59
165 165
138 138
175 48
