stop0 stop7 stop38 stop37 stop105 stop75 stop169 stop55 stop3 stop124 stop144 stop1 stop0 stop8 stop41 stop51 stop57 stop47 stop129 stop36 stop101 stop44 stop143 stop69 stop63 stop3 stop158 stop135 stop166 stop100 stop0
28
stop0 stop33 stop133 stop161 stop76 stop115 stop102 stop82 stop137 stop154 stop67 stop112 stop160 stop56 stop117 stop163 stop48 stop54 stop2 stop167 stop139 stop89 stop59 stop16 stop88 stop77 stop128 stop0 stop92 stop23 stop127 stop141 stop108 stop121
stop38 stop38 stop14 stop138 stop149 stop43
stop100 stop100
stop37 stop145 stop140 stop97 stop13 stop37
stop166 stop166
stop135 stop135
stop158 stop158
stop7 stop147 stop52 stop50 stop7 stop72 stop70 stop122 stop116 stop113 stop9 stop98 stop68 stop6 stop99 stop10
stop75 stop118 stop159 stop75
stop63 stop63
stop69 stop69
stop143 stop143
stop44 stop44
stop8 stop8
stop101 stop101
stop36 stop36
stop129 stop129
stop47 stop47
stop105 stop156 stop105
stop57 stop57
stop51 stop51
stop41 stop41
stop1 stop1
stop144 stop144
stop124 stop124
stop55 stop55
stop3 stop3
stop169 stop169
