199 24 10 151 197 28 158 139 181 146 142 49 0 49 163 75 163 156 74 192 58 192 74 156 86 14 66 30 138 89 149 87 183 52 102 64 102 113 1 113 25 190 152 69 152 190 196 82 199 24 10 151 197 28 158 71 2 27 19 70 134 53 134 70 8 98 34 67 13 101 50 178 93 56 93 47 36 47 46 72 6 72 46 176 189 95 189 96 9 96 174 40 33 109 57 11 57 61 20 150 54 26 142 146 181 139 99 85 104 45 80 159 35 182 103 177 23 42 106 76 65 5 39 90 39 29 7 91 12 91 133 105 77 51 77 88 21 73 21 59 21 83 38 79 38 83 124 37 145 130 120 32 84 185 129 22 63 68 63 143 15 62 94 55 3 18 3 55 164 60 44 5 48 16 81 43 92 193 31 97 31 157 41 157 115 167 78 119 4 119 156 163 17 127 25 190 196 82 199
100
0 0
1 1
2 2
3 3
4 4
5 5
6 6
7 7
8 8
9 9
10 10
11 11
12 12
13 13
14 14
15 15
16 16
17 17
18 18
19 19
20 20
21 21
22 22
23 23
24 24
25 25
26 26
27 27
28 28
29 29
30 30
31 31
32 32
33 33
34 34
35 35
36 36
37 37
38 38
39 39
40 40
41 41
42 42
43 43
44 44
45 45
46 46
47 47
48 48
49 49
50 50
51 51
52 52
53 53
54 54
55 55
56 56
57 57
58 58
59 59
60 60
61 61
62 62
63 63
64 64
65 65
66 66
67 67
68 68
69 69
70 70
71 71
72 72
73 73
74 74
75 75
76 76
77 77
78 78
79 79
80 80
81 81
82 82
83 83
84 84
85 85
86 86
87 87
88 88
89 89
90 90
91 91
92 92
93 93
94 94
95 95
96 96
97 97
98 98
99 99
