Place102 Place7 Place77 Place57 Place162 Place42 Place198 Place13 Place125 Place120 Place142 Place168 Place108 Place197 Place67 Place6 Place99 Place137 Place127 Place181 Place134 Place76 Place3 Place128 Place148 Place25 Place80 Place56 Place72 Place115 Place153 Place74 Place16 Place147 Place151 Place26 Place102
35
Place137 Place139 Place137 Place199
Place7 Place7 Place171 Place20
Place102 Place33 Place55 Place18
Place120 Place120 Place166
Place108 Place108 Place50
Place74 Place144 Place74 Place21
Place80 Place185 Place163 Place164 Place80
Place125 Place125 Place146 Place81
Place128 Place155 Place86 Place129 Place128
Place25 Place25 Place82 Place98 Place186
Place198 Place27 Place1 Place198
Place42 Place42 Place24
Place115 Place32 Place114 Place115
Place142 Place196 Place142 Place8
Place148 Place148
Place147 Place41 Place147
Place6 Place47 Place6 Place176
Place76 Place75 Place76 Place182 Place45 Place174
Place72 Place72
Place13 Place13 Place23 Place190
Place168 Place172 Place71 Place83 Place28 Place145 Place168 Place156
Place99 Place140
Place56 Place39 Place118 Place56
Place153 Place96 Place178 Place95 Place153
Place197 Place135 Place79 Place124 Place197 Place117 Place150
Place67 Place97
Place151 Place151 Place10
Place26 Place104 Place26 Place106
Place57 Place57 Place59 Place112 Place100
Place127 Place175 Place127
Place16 Place152 Place16
Place3 Place3 Place107
Place134 Place116 Place58
Place181 Place68 Place181
Place77 Place110 Place77
