node0 node7 node14 node21 node22 node24 node22 node21 node14 node7 node0 node91 node84 node77 node70 node71 node73 node71 node70 node63 node56 node49 node50 node54 node50 node49 node42 node35 node28 node21 node14 node7 node0 node1 node3 node1 node0
18
node3 node3
node1 node5 node6
node7 node10 node12 node13
node14 node17 node19 node20
node24 node24
node22 node26 node27
node28 node31 node33 node34
node35 node38 node40 node41
node42 node45 node47 node48
node50 node52 node55
node54 node54
node56 node59 node61 node62
node63 node66 node68 node69
node73 node73
node71 node75 node76
node77 node80 node82 node83
node84 node87 node89 node90
node91 node94 node96 node97
