Egsmith Barnton Ashbourne Stapbeck Waltditch Wenside Alfchester Watchavon Shaftbridge Burfield Stafbury Hurstlow Edgey Shaftbage Cookford Hornborough Nortley Hornborough Cookford Chelmbeck Wychbeck Wywick Burfield Wychnell Wychbourne Stainby Wenwold Wetbridge Ashdown Farnsmith Cookford Wychbourne Barnton Egsmith
22
Wychbeck Staplake Wychbeck
Stapbeck Stapbeck
Wychnell Wychnell Chelmden Egtree
Stainby Stainby Wenbeck Brackbrough
Wenside Wenside Burbourne
Wenwold Wenwold
Wychbourne Wychbourne Leathermere Sudtree Egavon
Nortley Stainbrough Wetwick Nortley
Farnsmith Farnsmith Wychsmith
Cookford Cookford
Ashbourne Ashbourne Pemlow
Shaftbridge Shaftbridge
Chelmbeck Flitgrove Chelmbeck
Hornborough Chelmwang
Alfchester Alfchester
Wywick Wywick
Edgey Edgey
Ashdown Ashdown
Waltditch Waltditch
Watchavon Penborne
Shaftbage Shaftbage
Barnton Barnton
