Chelmbourne Elgrove Wenborough Prestey Sudwich Prestey Hornley Pemwold Melborne Egcastle Hornney Hornford Kingsley Flitham Kingssted Stapwold Wenwang Sudworth Wenwang Stapthorne Cookbrook Staintree Edgwich Stapwang Casford Leatherlow Bracklow Sodside Kingsbrook Wenden Rocktree Staflow Bursted Staflow Cleredon Staflow Elgrove Wenwang Stapwold Chelmbourne
28
Sudwich Sudwich
Sudworth Sudworth
Hornford Elside Stapmoor
Stapthorne Barnside Stapthorne
Prestey Brainbridge Enbage Stainside Whitover Prestey
Hornley Hornley Durditch Cookton Prestdon Egborne
Chelmbourne Shaftwich
Bracklow Pemwood Bracklow Hartbage
Rocktree Hurstworth Whitborough Horndown Cookbridge Rocktree
Wenwang Wenwang Edgchester Horncester
Sodside Sodside Barnham
Leatherlow Alfby Southmere Leatherlake Leatherlow
Edgwich Edgwich
Casford Casford
Stapwold Aldhall Alfwell Marlton
Flitham Flitham Shrivlow Stainhall
Staintree Waltbrook Stapwell Staintree
Bursted Bursted
Elgrove Elgrove
Kingsley Kingsley
Wenborough Wenborough
Kingsbrook Dartsted Shrivside
Wenden Wenden
Pemwold Pemwold
Cleredon Wyhead Cleredon
Staflow Staflow
Egcastle Egcastle Whitavon
Cookbrook Enlow
