qtq vlt ynq wfx ukh gkh mnv pwa wuf vsu wpq gud lxt qof nhk slq nhr wpo mbx yiz rut qbj lfh spp uoz lah gac qtq
27
qtq pta xdz qtq ifc wuc uxr wju pjx plx
lfh hhe cpw rxi lnv lfh qlo qls
wpo htv eqm jta tro tmd viv rod
vsu itg zbn vsu
pwa xax pxs pwa tmc qfc txk udq thz
nhk nhk hpb orc
vlt ptq vlt
spp ase vaf spp
uoz krg qbe kza uoz ahv
qof gup pkx nkx cxu zqn
gac jno sfp zgf npu fsl uwp zgs rju thd ahy
gkh qnn
qbj dkn qbj
ynq ooi ynq
gud vub bai fgo qjm egz gak cjp
wfx idl bsz
ukh hxo iuz ukh
lah lah uca xos
rut rut
mnv nfy mnv
nhr hxp wiq nhr tnl
lxt lxt
wuf wuf
slq slq
yiz ili yiz ooc brk
mbx mbx
wpq wpq rwt cnv
