Soda Yolo Bret Latham Allston Shasta Belrose Poplar Keeler Arch Muir Columbia Shasta Olympus Yolo Martin Haskell Spring Mabel Summit Blake Buena Lewiston Edith Lewiston Buena Blake Garber Colusa Menlo Burnett Fernwald Marin Madera Bowditch Fresno Olympus Keeler Marin Kentucky Soda
28
Shasta Addison Domingo Shasta
Fernwald Ajax
Allston Allston Eunice
Arch Anne Arch
Menlo Bancroft Cutter Menlo
Bowditch Bataan Bowditch
Belrose Belrose Haviland
Bret Bret Kenilworth Poppy Vermont
Yolo Bristol Hospital
Soda Browning
Burnett Burnett
Columbia Byron Columbia
Colusa Colusa Fulton
Spring Comstock Spring
Edith Edith
Muir Florida Muir
Madera Forest Madera
Fresno Fresno
Marin Greenwood Heinz Marin
Haskell Haskell
Kentucky Haste
Blake High
Keeler Keeler Pardee
Lewiston Lewiston
Mabel Mabel Overlook Terrace
Martin Martin
Poplar Poplar
Summit Summit
