FD EH FJ FV EN EK HD BG AW DE AC FU GA CL DZ GF BJ FS FQ BZ FA EW HF EM CU AG DI EJ GJ ET AV GO AF CA GZ FU AT GD CS FP DC EP HP AD DK DI GD BK CW GP GQ FP BT FD
46
HP DB HP
HF GC HF
FJ FJ EZ HC BF
EK FO EK CO FY FN
BJ FR
AF GK AF
EN CC EG DA DN ER BA CB CF EN
AV AV
FS AX FS DQ
GZ CT GZ GR AJ EO
BZ BZ AK
FP EL BE FP
DK FT DK BM
GA BN AZ GA
FD DP AU
ET ET
FA FM
EW BQ EW
CW CW DH
DC DC
CU CU
EM GS FI EM ES HO
AC DM BV CK
GO GO
HD HB HD
BK BK AM
GP GP DF
AG BO AG
FV FV
CA DU CA
CL CL
DE DE
EJ EJ
BT BT HH CG EE
GD GD
AW AW GN
CS CS GX
AD AD EY HR
GQ BC GQ
DI DI
DZ DZ
FQ EX
AT AT
BG BG
GF CI GF
FU FU
