186 14 136 138 30 104 172 0 32 71 1 177 196 22 2 79 183 0 5 0 29 90 19 17 150 0 11 162 49 194 86 1 121 89 70 2 97 178 157 67 143 156 0 108 195 3 128 45 0 74 144 33 35 174 168 0 134 188 61 1 107 140 1 198 190 186
51
14 14
104 104
138 138
30 30
198 198
190 190
140 140
61 61
107 107
188 188
168 168
134 134
174 174
74 74
33 33
144 144
35 35
45 45
195 195
128 128
108 108
156 156
143 143
67 67
157 157
178 178
97 97
70 70
89 89
194 194
121 121
86 86
49 49
162 162
150 150
11 11
17 17
19 19
29 29
90 90
5 5
183 183
79 79
2 2
196 196
22 22
177 177
71 71
32 32
172 172
136 136
