Warfield Ketsmith Pendingbrook Chedberdon Wyborne Cambingstoke Wyborne Cammerrensmoor Hannenmanswick Hamsling Ashborne Hannenmanswick Ashfield Suddlecombe Ellingreham Suddlecombe Northall Camwood Barndberbrough Skellingden Basringney Suddlecombe Cambingstoke Wyborne Cammerrensmoor Wyborne Chedberdon Pendingbrook Ketsmith Warfield Chilbury Brackcompwang Chelmstanwell Hammerringey Chelmstanwell Brackcompwang Chilbury Warfield Cannerthorne Southbasport Cannerthorne Soddlewick Falport Suddleborne Worhall Dribbingworth Bastleseyham Emmerdown Burglebrough Chedtree Siringwang Whitchester Ketsmith Warfield
31
Northall Worberbrook Stainbrough Northall
Falport Botherseyworth Pendlewood Cicombe Falport
Wyborne Wyborne
Cambingstoke Cambingstoke
Basringney Basringney
Ashfield Ashfield Ketport Millendon
Dribbingworth Dribbingworth Leatherbleside
Hammerringey Hammerringey Skelling
Ashborne Ashborne Tipwick
Chedtree Chedtree Suddleover
Suddlecombe Suddlecombe Horstlescompstoke Chippingsted
Cannerthorne Todtree Chedderrenswich
Cammerrensmoor Cammerrensmoor
Chelmstanwell Chelmstanwell
Warfield Warfield
Pendingbrook Pendingbrook Suddlecastle
Burglebrough Burglebrough Sudsmith Elmansham
Siringwang Siringwang
Brackcompwang Brackcompwang
Worhall Worhall
Soddlewick Soddlewick
Skellingden Skellingden Windling
Barndberbrough Barndberbrough
Southbasport Southbasport Chiphead
Bastleseyham Bastleseyham
Chilbury Chilbury
Whitchester Whitchester
Hamsling Hamsling
Suddleborne Suddleborne
Ellingreham Ellingreham
Hannenmanswick Hannenmanswick
