0 16 17 33 48 62 64 65 50 36 51 66 67 69 70 71 56 41 57 73 58 59 89 104 103 87 86 85 84 83 82 81 80 95 111 95 80 79 78 77 76 75 60 45 30 15 30 45 60 75 76 77 78 79 80 65 50 36 52 68 53 54 40 25 10 11 12 28 43 58 73 57 41 25 10 9 8 7 6 5 4 3 2 1 0
40
0 0
3 3 18
5 5 20 35
7 7
8 8
10 10
12 13
15 15
9 23
25 25
28 28
30 30
45 31 45 46
4 34
36 36
40 40
41 41 55
48 47 63
50 50
51 51
52 52
56 56
57 57
68 68
70 70
71 71
73 73
75 75 90 105 106 120 121 122
76 76
78 78
80 80
83 83
85 85 100 115 116
87 88
79 93 108 109 124
95 95 110
84 98
103 103
111 111
104 119
