0 25 150 17 118 166 118 31 190 132 162 27 28 155 176 86 106 175 1 170 6 95 33 69 135 180 186 197 104 112 81 51 132 98 111 193 138 35 9 19 161 163 63 91 157 101 79 182 49 0
45
6 173 75 6 116 32 120 67 38
180 179 180 20
104 83 133 36 104
161 160 145
170 103 170
25 156 25 12 100 168
69 14 69
17 17
193 178 193
118 64 48
27 185 27
9 109 9 65 125
86 196 199
81 121 81 78
101 89 24
111 126 111 149
91 91 146
176 26 176
166 166 151 39
28 28
33 184 159 42 87 117 128
186 186 58
182 182 44 77
163 194 163
138 138
197 4 130 197
132 108 102
106 106
175 175
150 22
98 98
49 49
157 157 70 50
0 18
51 51
1 139
35 137 134
112 10
19 85 19 74
95 96 119 47 95
31 31
155 155
63 63
79 79
190 99
