location0 location47 location2 location29 location14 location1 location11 location13 location22 location43 location22 location37 location82 location26 location92 location44 location27 location3 location42 location2 location80 location12 location9 location31 location50 location17 location30 location35 location37 location22 location10 location36 location60 location41 location97 location33 location28 location33 location0
31
location1 location1
location2 location2 location38 location49
location3 location3
location37 location4 location19 location37
location13 location5 location13
location43 location6 location43
location14 location7 location14
location10 location8 location10 location20
location9 location9
location11 location11
location12 location12
location31 location15 location31
location26 location16 location26
location17 location17
location0 location18 location48
location22 location21 location22 location34 location46
location27 location23 location24 location27 location39
location60 location25
location28 location28
location29 location29
location30 location30
location97 location32
location33 location33
location35 location35
location36 location36
location80 location40
location41 location41
location42 location42
location44 location44
location50 location45 location50
location47 location47
