SantaClarita Carrollton Stockton Allentown Omaha OklahomaCity Alexandria Worcester Miami Sunnyvale Surprise Miami Newark Bellevue Fontana Fayetteville Irvine Pomona Frisco SanDiego Paterson SanDiego Lubbock Concord Victorville Shreveport Huntsville Carrollton SantaClarita
22
Huntsville Midland NewportNews Beaumont Huntsville Yonkers
Victorville Victorville GardenGrove
Shreveport Shreveport
Surprise Washington WestValleyCity Surprise
Fayetteville Independence Fayetteville
OklahomaCity OklahomaCity Lafayette StPetersburg Brownsville LosAngeles Orlando
Sunnyvale Sunnyvale Visalia
Newark Newark
Frisco LexingtonFa PembrokePines
Irvine Scottsdale SiouxFalls
Pomona Pomona
Carrollton Carrollton
Worcester Worcester Garland
Bellevue Bellevue
SanDiego StLouis Stamford Waco Henderson LongBeach
Alexandria Alexandria
Paterson Paterson
Omaha Boston Omaha Hartford Ontario
Concord Concord
Miami LouisvilleJefferson RanchoCucamonga
Stockton Austin Stockton Indianapolis
Allentown Allentown Wichita
