Plano Rockford StPetersburg Lubbock Fremont Scottsdale Davidson Yonkers McAllen Yonkers Raleigh Chicago KansasCity Atlanta Vancouver Miami Olathe LasVegas WestValleyCity OverlandPark Escondido SantaRosa Laredo WestValleyCity SanFrancisco Kent Hayward WestValleyCity Surprise StPetersburg LasVegas SanFrancisco MorenoValley Kent VirginiaBeach Torrance Akron Escondido FortWorth Houston SanAntonio Mobile Peoria Brownsville StPetersburg Rockford Plano
31
SanFrancisco SanFrancisco Warren Cary OklahomaCity
Plano SantaClara Irving
Hayward Charleston Mesa Wichita OWO Hayward Denver Memphis Waco
SantaRosa FortCollins Stamford Killeen SantaRosa SiouxFalls Allentown LouisvilleJefferson Tulsa
Miami Cincinnati Hampton Miami
StPetersburg Mesquite Dallas Worcester
Escondido Hollywood Escondido
Rockford Riverside Rockford
VirginiaBeach Omaha Ontario Huntsville
SanAntonio GardenGrove Salinas SanAntonio NewHaven
Kent Beaumont Montgomery
Torrance Anaheim Elizabeth Lancaster Torrance Lincoln JerseyCity Lafayette Pikachu
Brownsville Brownsville Corona
KansasCity StLouis Garland AnnArbor Norfolk FortLauderdale
Akron SanJose Glasses Akron
Raleigh Glendale Raleigh
McAllen McAllen Portland ThousandOaks GrandPrairie
LasVegas LasVegas Thornton
Davidson Davidson
MorenoValley Norman MorenoValley Pasadena Sunnyvale
Mobile Hartford AugustaRichmond SimiValley HuntingtonBeach Mobile
Laredo Tampa Laredo
Olathe LittleRock Olathe Irvine
Fremont SanBernardino Fremont Madison Knoxville
Surprise Surprise Greensboro NewOrleans
Houston Houston SantaClarita Pomona CorpusChristi
WestValleyCity Anchorage Vallejo
Chicago Chicago
Atlanta Atlanta Oxnard
FortWorth Denton
Vancouver Vancouver
