13 100 102 168 126 164 157 160 193 132 32 109 127 125 105 138 157 152 178 172 189 147 140 171 175 188 111 150 103 155 45 112 38 161 159 171 162 111 118 114 191 71 183 181 170 81 197 199 153 66 142 107 149 199 152 199 156 115 0 154 135 113 141 63 13
54
100 100 122
114 101 114 130
102 102
103 103
199 104 199
105 105 129
181 106 180 181 186
107 107 143
152 108 152 198
109 109
175 110 163 175 190
111 111 137
112 112 179
113 113
115 115 167
164 116 164
140 117 140
118 118 121
191 119 191
193 120 193
71 123
168 124 168
125 125
126 126 131
127 127
149 128 149
132 132
162 133 162
154 134 154
135 135 145 176 187 194
155 136 155 177
138 138
45 139 173 174 196
141 141
142 142 146
153 144 153 195
147 147
13 148
150 150
171 151 171 185
156 156 169
157 157 192
188 158 188
159 159 165
160 160
161 161
32 166
170 170
172 172
178 178
81 182
183 183
197 184 197
189 189
