vLeODpVlYSBeYNDYoXha biqCAetglYuANrTRzMiX LGqbVTsFMANIedVHAALW WCCOEUYmDvzZlrkDAqoi xQaDpDGAXhDYzSMnMWvb TwgqMzgExFHTIfcwfBnr cZgmtoPGHxdozTaDMiyf DWWCMAjZQQIEKOIiHFQN cZgmtoPGHxdozTaDMiyf TwgqMzgExFHTIfcwfBnr AdXveYSBaneNwCQzrdSw ruLqpYqEzGGiKysvsarb ybrQlUhznqOhsvndWAbl uyPyJzKFqWxgSNmpkDrB zxeoSbTqbWPpSzalAtBI MlwlINEFqmyzZNPXRLJF ROtRYAvFkNWuCvofIroy fvEcAuRDdfuHEPLNpaTz sXfgLMwoysnMazVSWnhc fvEcAuRDdfuHEPLNpaTz pXmHARurXTsCnWboCjaq NciLXNPTvMoXdbTDZmlg gIttwvzcgONwFblnGIqq gzxzakmqbxbsOczuQVLG wRjMmrpRuknxqunJrMAE DqUxIMslnixWfmkjQTmS wRjMmrpRuknxqunJrMAE gzxzakmqbxbsOczuQVLG gIttwvzcgONwFblnGIqq gMqbbwopmbxmOomqZjfm CmbFyJmcvVqyCmJgQxeI fHcdXnOxSadpKeCUwNYm fvEcAuRDdfuHEPLNpaTz QVieqcaFouOCsTOizGRp iBYHAWUhqeQPjphQzpdN mevvwcZLudaokctOWvKe VhDSPHxolLkNxxDnpUyx fPxvnMVMFwhJbNBURdgD FqdjKgdpEanmCnmxJMFA gzxzakmqbxbsOczuQVLG gIttwvzcgONwFblnGIqq klkbOWCZrzPBFVDxhNbj dyUDfEGgAoSshTRjMZZg klkbOWCZrzPBFVDxhNbj fPxvnMVMFwhJbNBURdgD FqdjKgdpEanmCnmxJMFA ajvbaFpYiEBJySPsSLaI fToHwimUqLsKcKLZHiUX ajvbaFpYiEBJySPsSLaI FqdjKgdpEanmCnmxJMFA TCAkluAESUWAMGFeNcGN MlwlINEFqmyzZNPXRLJF TCAkluAESUWAMGFeNcGN FcEsyaTmqpoyvbDrHjlc LOMgYipCQQXQnRqEqRwO qbmGewAditsWkTFHdxjP cvlwIwajcIlbhZbyFgmq qbmGewAditsWkTFHdxjP QQSjCkgLAWAPObYQvNsB jwIBHKkXHTPVsOJwBOsr VhDSPHxolLkNxxDnpUyx mevvwcZLudaokctOWvKe mlipOrSnGcxXtoXBbRyl PSVkjNlrWHpVSTVIEkGG QkAjrUUuVdzSMnlfJLcO gMqbbwopmbxmOomqZjfm ZbyHJLmoTqNpTnlUVJZC uyPyJzKFqWxgSNmpkDrB zxeoSbTqbWPpSzalAtBI pdXCnKagnvEntNTuPHdK UAwuKFcUHFyvaFCTLpOT FcEsyaTmqpoyvbDrHjlc LOMgYipCQQXQnRqEqRwO vLeODpVlYSBeYNDYoXha
38
fPxvnMVMFwhJbNBURdgD fPxvnMVMFwhJbNBURdgD
TwgqMzgExFHTIfcwfBnr TwgqMzgExFHTIfcwfBnr
cvlwIwajcIlbhZbyFgmq cvlwIwajcIlbhZbyFgmq
MlwlINEFqmyzZNPXRLJF tVzUgXVoBYxBMnkkwFmk MlwlINEFqmyzZNPXRLJF
ajvbaFpYiEBJySPsSLaI sBkAYRISjTYinLFSNcKW
DWWCMAjZQQIEKOIiHFQN DWWCMAjZQQIEKOIiHFQN
fToHwimUqLsKcKLZHiUX fToHwimUqLsKcKLZHiUX
QkAjrUUuVdzSMnlfJLcO ASXwCgVTXDdhSXJwFovC QkAjrUUuVdzSMnlfJLcO
VhDSPHxolLkNxxDnpUyx VhDSPHxolLkNxxDnpUyx PLDOWRIeaCSVLMyDadzC
gzxzakmqbxbsOczuQVLG gzxzakmqbxbsOczuQVLG gEufXNuuWhnlbNYaoQFJ
AdXveYSBaneNwCQzrdSw AdXveYSBaneNwCQzrdSw
DqUxIMslnixWfmkjQTmS DqUxIMslnixWfmkjQTmS TqyFrXuGvuBuqnpYbjKc
ZbyHJLmoTqNpTnlUVJZC aCucdhmWbhlrgfstQigR
WCCOEUYmDvzZlrkDAqoi WCCOEUYmDvzZlrkDAqoi
iBYHAWUhqeQPjphQzpdN jzQJaGLLiuQLhhyqBagr iBYHAWUhqeQPjphQzpdN
uyPyJzKFqWxgSNmpkDrB uyPyJzKFqWxgSNmpkDrB
fvEcAuRDdfuHEPLNpaTz fvEcAuRDdfuHEPLNpaTz
gMqbbwopmbxmOomqZjfm UgFPXEAdAfcfHGIbNTsq gMqbbwopmbxmOomqZjfm NAHeKyyhAObyyUEUSkSU
wRjMmrpRuknxqunJrMAE iBjjCWwkYToOKfrrLnny
mlipOrSnGcxXtoXBbRyl NVEtShKeuxpaFIOiyVqE iDucfyZGMCbCQbXjbQqM mlipOrSnGcxXtoXBbRyl
sXfgLMwoysnMazVSWnhc sXfgLMwoysnMazVSWnhc
pdXCnKagnvEntNTuPHdK pdXCnKagnvEntNTuPHdK
TCAkluAESUWAMGFeNcGN OVoYVQPnlYoZBBKtyuLk CPszTohYUHARNedzFlDK
gIttwvzcgONwFblnGIqq gIttwvzcgONwFblnGIqq
xQaDpDGAXhDYzSMnMWvb xQaDpDGAXhDYzSMnMWvb
jwIBHKkXHTPVsOJwBOsr jwIBHKkXHTPVsOJwBOsr
QQSjCkgLAWAPObYQvNsB RjKEHTlRvtaVBbyqZVAw QQSjCkgLAWAPObYQvNsB
dyUDfEGgAoSshTRjMZZg dyUDfEGgAoSshTRjMZZg
CmbFyJmcvVqyCmJgQxeI CmbFyJmcvVqyCmJgQxeI
ruLqpYqEzGGiKysvsarb ruLqpYqEzGGiKysvsarb
cZgmtoPGHxdozTaDMiyf cZgmtoPGHxdozTaDMiyf
UAwuKFcUHFyvaFCTLpOT BXzACdzjLITNgbmDPlEu
biqCAetglYuANrTRzMiX CfkBzkPETvagyIDCsLTD
fHcdXnOxSadpKeCUwNYm fHcdXnOxSadpKeCUwNYm
ybrQlUhznqOhsvndWAbl ybrQlUhznqOhsvndWAbl
zxeoSbTqbWPpSzalAtBI zxeoSbTqbWPpSzalAtBI
FcEsyaTmqpoyvbDrHjlc FcEsyaTmqpoyvbDrHjlc
NciLXNPTvMoXdbTDZmlg NciLXNPTvMoXdbTDZmlg
