wNqlpYNsRbJEgiGpKxrU WoTuprXYItmuBoyNwAcV JvFxbsySBAiFiOUrzrBi wuSVWJYvpiWaQAHXocSG umZXKcxkweEplHZdotgU FWnudSYFvYQJHehOpEKf pMOSpTzPTPLXHLOQMjnt jznspKyqlmxZtgfQUJVB syonLisTOSczosCwoILE qoaNjvaRghiMQXaVEoQe VRpSthoDcomqMDsGoVql yscsUFTNNyaVMKBztBdV EhDFVLWZueLOrdjEOzEQ yscsUFTNNyaVMKBztBdV UIlSMnVKIdNiXZNSiHsI oDgfEuAVpeOlkkTIMDLw iVjkcMenotYGMFEBTvoa QePOUWiXcAUCoHETxuGS gDYKDrbERUXTnCayjBrC qDLPWLkWayzdxIYSKLER NtyLZDOaSczVvOGdocUp mgNeYYUOPKpLeiVEFIXd kwPuYZgJgVVJfdBGUtPw FYfGkhtzhjqJHqxmUsVx scpUkbcaYSAsHhSktebT EEeDJaHeajXXlwYcHTeJ oKHxHZxgXgKSVZAEEVVZ IamFpWICdyBhLFRVaylm xlbpuxAjoVPJWPCWBEkJ IamFpWICdyBhLFRVaylm twwHXGyTBfZUDOGVnCzA eiLPqIroFfCGzqSAlzAp RlHeRhvUOhGhZVGGJuED gFUGYXSirCYiFTivWNah gcXUxTVUZWsOwtRNeDDa aIuYyryCOUGVeCAqbqkg HAIYkMkIfhypoRlxuZoB oLMkSrYLQRLHmPiuLCTC upmtEsSsBTyMWfthJQhZ oHoxoLeyDYnKZDzgMtxI CvZkdIYtdeDHtwufupie QyXpliHSeQOPIsurIcpa ANDviqMIuFwdcboQDprt jeqqhISPyRIhGBNohHEu vTbNxpVTEoFlSjvvVvfG cMYyKTXGNKnFzrpwnXUl FGiPoAZuhTTxiAlzRDIV HeWrJOKsDjgdrcamgZLN FGiPoAZuhTTxiAlzRDIV cMYyKTXGNKnFzrpwnXUl FGiPoAZuhTTxiAlzRDIV HeWrJOKsDjgdrcamgZLN ccdJRKiTXwIErdhSIxfh erZKLqpCZsYKDnOCaBGq gFUGYXSirCYiFTivWNah iVjkcMenotYGMFEBTvoa VIPPawblKbhOVWrmrWBx iVjkcMenotYGMFEBTvoa eOfnBeTgmYCNEnRUhlEK lbWonvEbeplndKguSTkk wNqlpYNsRbJEgiGpKxrU
45
eiLPqIroFfCGzqSAlzAp svUOWvTJLneAqJGnExpc eiLPqIroFfCGzqSAlzAp
wuSVWJYvpiWaQAHXocSG cwgJAHVpCCTmuckJkncL wuSVWJYvpiWaQAHXocSG nCedHqGgdWAicwyuYWpg
ANDviqMIuFwdcboQDprt DZEpVGVXkxHljziwItaS YTwycpmzEWCqqTELtzXc ANDviqMIuFwdcboQDprt
NtyLZDOaSczVvOGdocUp NtyLZDOaSczVvOGdocUp NYdfLxXxFVvLEbDKzXWn
IamFpWICdyBhLFRVaylm vIbIQYXZnmYrooTLYNtu bFmSeBrfNuxjYPUDCLYq kqcEdfKLaRzxOhAIzchh
yscsUFTNNyaVMKBztBdV yscsUFTNNyaVMKBztBdV
syonLisTOSczosCwoILE syonLisTOSczosCwoILE zNRhhVdMWUgTnnqmAfeY
HeWrJOKsDjgdrcamgZLN ihxEqMQIIvyQmtrtMjeO HeWrJOKsDjgdrcamgZLN aGPbLNWYAMujnfHCTCMo
oDgfEuAVpeOlkkTIMDLw ADVVlRLpnspleRTgeTdu wlySPverjehsBxldyigf SitzoubgYFeTjmkLjVPz
FGiPoAZuhTTxiAlzRDIV NzDQJknJPDEkcwCHzzbF pzrGQEObzJGPnfATEYDc wvSJDoqoPGAkYgSuPFPw
oKHxHZxgXgKSVZAEEVVZ ZauPfhkpsGmhbvkhkltR QeYNNLpZMBxyiFbZMPFY
QyXpliHSeQOPIsurIcpa DpztIuGTRpGuLsdlODJw QyXpliHSeQOPIsurIcpa XvUPApTFkqaSSizYsCIr
scpUkbcaYSAsHhSktebT scpUkbcaYSAsHhSktebT jUSlIFtitQxyvVLJjiCc kyApsCeFkLoLFCdkazaE JVONrXhhmtFWhFfDiOXW lSJjEsqamUCgRZdCmdyI
qDLPWLkWayzdxIYSKLER ZwvojvRdUOYNJXIwAqgC
gFUGYXSirCYiFTivWNah EmbDgEECbkHbfAfHCgwB ayQgUwyRuQVKeyFLPNbQ nreoVgWrBhNXFZgTBlXO
FWnudSYFvYQJHehOpEKf FWnudSYFvYQJHehOpEKf fpoTaBKmVdlDCxFwCFoz
EEeDJaHeajXXlwYcHTeJ juzxSpUVuccJUMBOcJjO EEeDJaHeajXXlwYcHTeJ efZntVbfQTvIUOiRNPSH MBJqOYmxhUYbldNVEdRy hLaNXBYgTzgUhvjmqUTu PZwTcKCPsEmpxetNZvef
UIlSMnVKIdNiXZNSiHsI eobSFtKBbBdcVrTOREdK bEfUXCTlwRBndElSbPGf UIlSMnVKIdNiXZNSiHsI fgzJCwocQniGlXAZHJId
lbWonvEbeplndKguSTkk oKAKfpUUuLItChLyByFh igyeOiSdezmmXGTwMzLw qfRRtdRbhYJBARMfPlZM lbWonvEbeplndKguSTkk oZXYedlbtBLmkfoVmgta
QePOUWiXcAUCoHETxuGS xgBrJmdXVwtxgRuCBhMe QePOUWiXcAUCoHETxuGS wfEFdNDcColoskjTjcLm
pMOSpTzPTPLXHLOQMjnt XPPBMlNyfVVeZGIzTCEW pMOSpTzPTPLXHLOQMjnt
jeqqhISPyRIhGBNohHEu NJZlnWyeJFrkOwoqHKtT shugRMnaHVqQSmKaNBgu
qoaNjvaRghiMQXaVEoQe CbGuHgZfQMmSOfHDFJnK edlAtPQdNXJQPCIzpkyX QjbdwbUnopENkiNyqirZ joWAhkfNqIEECnBeulGl
gcXUxTVUZWsOwtRNeDDa gcXUxTVUZWsOwtRNeDDa
EhDFVLWZueLOrdjEOzEQ EhDFVLWZueLOrdjEOzEQ
eOfnBeTgmYCNEnRUhlEK KcrnMnFDTrBKaUaGpdLY eOfnBeTgmYCNEnRUhlEK UdSbtwxTqTJxOiUoxEqw
mgNeYYUOPKpLeiVEFIXd mgNeYYUOPKpLeiVEFIXd
JvFxbsySBAiFiOUrzrBi IvXQutSorlqOgnSVAIUd JvFxbsySBAiFiOUrzrBi
oHoxoLeyDYnKZDzgMtxI oHoxoLeyDYnKZDzgMtxI TEPaiCedHTXapLxoBXMp
CvZkdIYtdeDHtwufupie CvZkdIYtdeDHtwufupie NPSPGRTNRcKKVpsBRSwh szyiMlKhtyOynWjcoMsm ZXihCBEQBTdisqSlEMsj
cMYyKTXGNKnFzrpwnXUl cMYyKTXGNKnFzrpwnXUl
kwPuYZgJgVVJfdBGUtPw kwPuYZgJgVVJfdBGUtPw GMxGouyyndiUBMqMdOoc
erZKLqpCZsYKDnOCaBGq erZKLqpCZsYKDnOCaBGq NIJaJxCurulNUdZZMxFk
xlbpuxAjoVPJWPCWBEkJ imEmCMbYEtZJJkwxkSDD xlbpuxAjoVPJWPCWBEkJ
aIuYyryCOUGVeCAqbqkg aIuYyryCOUGVeCAqbqkg
ccdJRKiTXwIErdhSIxfh ccdJRKiTXwIErdhSIxfh
jznspKyqlmxZtgfQUJVB jznspKyqlmxZtgfQUJVB
oLMkSrYLQRLHmPiuLCTC oLMkSrYLQRLHmPiuLCTC
FYfGkhtzhjqJHqxmUsVx zHPSSEtFTQIbLYMdHqgP
gDYKDrbERUXTnCayjBrC gDYKDrbERUXTnCayjBrC
VIPPawblKbhOVWrmrWBx VIPPawblKbhOVWrmrWBx
umZXKcxkweEplHZdotgU XtZHoAxqEyzvMChzPHpN
VRpSthoDcomqMDsGoVql VRpSthoDcomqMDsGoVql
RlHeRhvUOhGhZVGGJuED RlHeRhvUOhGhZVGGJuED WMWBpOSnHGywZjCgaYyY
vTbNxpVTEoFlSjvvVvfG vTbNxpVTEoFlSjvvVvfG
