a1 g1 b1h b2 b3 b9 b10h b9 b3 b2 b1h g1 g2 c1 c2 c3 c8 c9 c16 c15h c16 c9 c20 c21h c20 c9 c8 c3 c2 c1 g2 d1 d8h d1 g2 f1h f2 f3h f2 f1h f8 f9h f8 f1h f12 f13h f12 f1h f20 f21h f22h f21h f24h f21h f28h f29h f28h f21h f30h f31h f30h f21h f32h f33h f32h f21h f38h f39h f38h f21h f40h f41h f40h f21h f44h f45h f44h f21h f46h f21h f48h f49h f48h f21h f56h f57h f56h f21h f58h f21h f20 f1h g2 g1 a1
36
a1 a21h
b1h b1h
b3 b4h b5h b7h b13h
b10h b10h
c3 c6h
c9 c11h c13h c19h
c15h c15h
c16 c17h
c21h c21h
d8h d8h d13h
g2 e4h e6h
f1h f1h f5h f7h f11h f15h f17h f19h
f3h f3h
f9h f9h
f13h f13h
f21h f21h f26h f27h f34h f35h f36h f37h f42h f43h f50h f51h f52h f53h f54h f55h f60h f61h
f22h f22h f23h
f24h f24h f25h
f28h f28h
f29h f29h
f30h f30h
f31h f31h
f32h f32h
f33h f33h
f38h f38h
f39h f39h
f40h f40h
f41h f41h
f44h f44h
f45h f45h
f46h f46h f47h
f48h f48h
f49h f49h
f56h f56h
f57h f57h
f58h f58h f59h
