A0 A4 A5 A10 A15 A24 A25 A29 A30 A34 A33 A34 A30 A35 A40 A49 A50 A52 A50 A54 A55 A60 A62 A60 A65 A74 A72 A74 A75 A79 A81 A79 A80 A85 A87 A85 A90 A99 A94 A99 A90 A85 A80 A79 A75 A74 A71 A74 A65 A60 A55 A54 A50 A49 A40 A35 A30 A29 A25 A28 A25 A24 A15 A10 A5 A4 A0
30
A0 A2 A3
A4 A4 A6
A5 A8
A10 A11 A12
A15 A18
A24 A19 A20 A21 A22
A25 A27
A28 A28
A29 A29 A31
A33 A33
A35 A36 A37
A40 A43
A49 A44 A45 A46 A47
A52 A52
A50 A53
A54 A54 A56
A55 A58
A62 A61 A62
A65 A68
A74 A69 A70
A71 A71
A72 A72
A75 A77 A78
A79 A79
A81 A81
A80 A83
A87 A86 A87
A90 A93
A94 A94
A99 A95 A96 A97
