A0 A199 A190 A185 A180 A179 A175 A174 A165 A164 A163 A151 A166 A167 A168 A167 A166 A151 A163 A164 A165 A160 A155 A154 A150 A149 A140 A135 A130 A129 A125 A124 A115 A110 A105 A104 A100 A99 A90 A85 A80 A79 A75 A74 A65 A60 A55 A54 A50 A52 A50 A49 A40 A35 A30 A29 A25 A24 A15 A10 A5 A4 A0
49
A0 A2 A3
A4 A4 A6
A5 A8
A10 A11 A12
A15 A18
A24 A19 A20 A21 A22
A25 A27 A28
A29 A29 A31
A30 A33
A35 A36 A37
A40 A43
A49 A44 A45 A46 A47
A52 A52
A50 A53
A54 A54 A56
A55 A58
A60 A61 A62
A65 A68
A74 A69 A70 A71 A72
A75 A77 A78
A79 A79 A81
A80 A83
A85 A86 A87
A90 A93
A99 A94 A95 A96 A97
A100 A102 A103
A104 A104 A106
A105 A108
A110 A111 A112
A115 A118
A124 A119 A120 A121 A122
A125 A127 A128
A129 A129 A131
A130 A133
A135 A136 A137
A140 A143
A149 A144 A145 A146 A147
A150 A152 A153
A154 A154 A156
A155 A158
A160 A161 A162
A168 A168
A174 A169 A170 A171 A172
A175 A177 A178
A179 A179 A181
A180 A183
A185 A186 A187
A190 A193
A199 A194 A195 A196 A197
