0 1 196 75 20 69 151 42 85 57 10 5 6 181 61 38 67 60 44 75 3 20 4 10 135 32 58 0 77 93 47 89 54 56 25 35 46 7 66 70 35 100 25 23 19 80 41 22 37 51 29 31 65 68 34 72 76 88 73 122 34 62 23 8 91 17 130 74 82 71 43 55 173 24 27 49 92 48 78 64 39 21 40 95 60 18 33 196 53 6 28 50 65 184 2 52 87 79 99 11 79 0
81
1 1
2 2
3 3 97
4 4 14
5 5
6 6 26
7 7
8 8
130 9
10 10
11 11
65 12 65
76 13 76 81
95 15 95
71 16 30 71
17 17
18 18
19 19 36
20 20
21 21
22 22
23 23
24 24
25 25 98
27 27
28 28
29 29
31 31 90
32 32
33 33
34 34
35 35
37 37
38 38 84
39 39
40 40
41 41 45
42 42
43 43 59 83
44 44 96
46 46
47 47
48 48
49 49
50 50
51 51 63
52 52
53 53
54 54
55 55
56 56
57 57
58 58
60 60
61 61
62 62
64 64
66 66
67 67
68 68
69 69
70 70
72 72
73 73
74 74
75 75 94
77 77
78 78
79 79
80 80
82 82
85 85
173 86
87 87
88 88
89 89
91 91
92 92
93 93
99 99
100 100
