Soda location113 location58 location21 location25 location89 location68 location133 location4 location146 location11 location164 location67 location32 location40 location150 location10 location130 location100 location60 location7 location194 location83 location24 location81 location39 location43 location54 location8 location186 location56 location85 location95 location153 location64 location18 location44 location73 location28 location55 location1 location19 location33 location151 location66 location54 location89 location13 location12 location38 location92 location188 location91 location74 location166 Soda
49
location28 location71 location26 location28
location12 location52 location12
location92 location42 location87 location92
location44 location36 location44 location37 location69
location10 location34 location10 location63 location41 location51
location81 location45 location57 location81 location96
location58 location58 location20
location39 location39 location17
location146 location31
location11 location11 location22
location100 location61 location46 location100 location79 location3
location151 location2
location33 location98 location14 location75 location33 location76
location54 location54
location18 location18 location47
location64 location64 location23
location166 location82 location88 location27
location43 location15 location43 location59
location32 location49 location32 location77 location84
location95 location95 location6
location38 location38 location30 location70
location68 location68
location153 location65
location4 location4
location67 location67
location133 location94
location83 location5 location83 location72
location7 location7 location48
location74 location74
location194 location35
location89 location53 location89
location60 location60 location86 location78
location24 location97 location24
location91 location91 location50
location56 location56
location66 location66
location164 location16
location13 location80 location13
location73 location73 location99
location25 location25 location62
location150 location29 location93
location1 location9 location1
location188 location90
location21 location21
location19 location19
location85 location85
location40 location40
location55 location55
location8 location8
