Soda ruhi wyatt kaur caroline maniku sunny kevin devesh rouzbahani srinivasan djajadi li singhal william daniel ishaan eshaan cal zou ravi weaver srivastava oscar grace adhikiari massachusetts gregory connor wong ellen chung ohio barth greg ahluwalia zhou melissa scott angelis yip jacob erika zhifei hanlon chloe parham tyler saurav george alvin king olivia ani sun krista winifred hari soman berit umar kanika patagonia mack charles subbaraj franco lindsey andrew evan sophia chase Soda
72
ruhi ruhi
wyatt wyatt
kaur kaur
caroline caroline ashley
maniku maniku
sunny sunny
kevin kevin
devesh devesh brett
rouzbahani rouzbahani
hari singorahardjo hari
srinivasan srinivasan
djajadi djajadi amanda
Soda chen du rob ritter krishnan mittal gobears emily liang
li li
singhal singhal wu
william william nichole lewke
daniel daniel
ishaan ishaan shah
eshaan eshaan
cal cal
zou zou
melissa vikram melissa
ravi ravi aanika
weaver weaver xin
srivastava srivastava
oscar oscar celine
grace grace
adhikiari adhikiari
scott bears scott
massachusetts massachusetts
gregory gregory
connor connor maya
wong wong
ellen ellen
chung chung
sophia danyal sophia
ohio ohio
barth barth
greg greg
ahluwalia ahluwalia
chloe doshi chloe
zhou zhou
angelis angelis vilaythong
yip yip lebron
jacob jacob
erika erika annie
zhifei zhifei
hanlon hanlon
parham parham
tyler tyler
saurav saurav
george george
alvin alvin
king king
olivia olivia
ani ani
sun sun
krista krista
winifred winifred
soman soman
berit berit
umar umar
kanika kanika
patagonia patagonia logan
mack mack
charles charles
subbaraj subbaraj
franco franco
lindsey lindsey
andrew andrew
evan evan
chase chase
