loc79 loc191 loc91 loc43 loc45 loc128 loc83 loc3 loc111 loc14 loc92 loc41 loc122 loc0 loc124 loc7 loc121 loc70 loc120 loc6 loc66 loc62 loc148 loc34 loc18 loc36 loc185 loc26 loc89 loc140 loc110 loc11 loc25 loc30 loc133 loc171 loc52 loc76 loc79
38
loc26 loc118 loc26 loc64 loc33 loc94
loc0 loc4 loc187 loc0 loc50
loc191 loc191 loc130 loc58 loc106
loc185 loc9 loc181 loc44 loc185
loc18 loc180 loc18
loc66 loc90 loc66 loc145
loc89 loc154 loc89 loc152
loc3 loc134 loc87 loc3
loc41 loc114 loc142 loc41 loc155 loc164
loc6 loc6 loc40 loc115
loc148 loc69 loc148 loc17
loc91 loc96 loc2 loc113 loc91
loc14 loc159 loc60 loc173 loc98 loc14 loc131 loc162
loc111 loc111 loc59
loc128 loc170 loc128
loc70 loc8 loc48 loc70
loc43 loc43
loc121 loc121 loc153 loc158
loc30 loc30
loc79 loc68 loc196
loc120 loc54 loc176 loc120
loc140 loc140
loc171 loc171 loc167
loc122 loc189 loc122 loc186
loc25 loc25 loc132
loc92 loc97 loc92
loc124 loc124 loc109
loc133 loc127 loc133
loc36 loc36
loc62 loc174 loc150 loc146 loc62
loc76 loc107 loc76
loc110 loc110 loc16
loc83 loc73 loc83
loc52 loc52
loc11 loc11 loc80
loc45 loc78 loc45
loc34 loc34
loc7 loc19 loc160
