Jingzhou Fredericia Simmerath SaintMichael AbualMatamir Sarzedo Sanaa Kabarnet SanJosedeOcoa Tottori Junagarh NiagaraFalls Khabarovsk Crespo Rembangan Thamaga KrasnoyeSelo Kirovsk Srinagar Veenendaal Shizunaifurukawacho Kabarnet CoonRapids Sagalo CoonRapids Fredericia Colachel Carouge Carmichael elCampello Carmichael Carouge Rangae Veenendaal Ghugus Jingzhou
25
CoonRapids CoonRapids
Sarzedo Sarzedo Jeypore
SaintMichael SaintMichael
Colachel Colachel Ibri FortLauderdale
Srinagar Entroncamento Malnate Srinagar
Khabarovsk Chegem AzZuwaytinah Khabarovsk BeneBeraq
Rembangan Rembangan Gangtok RioFormoso
Ghugus Manduria Ghugus LondonderryCountyBor
Tottori Tottori
Carouge Ronse Depok Kheri Carouge
Kirovsk Kirovsk
AbualMatamir Ermelo
NiagaraFalls Chittaranjan TanahMerah
Shizunaifurukawacho Shizunaifurukawacho Shumen
Crespo Crespo
Jingzhou Lysva
Rangae Shively Rangae
Kabarnet BurgbeiMagdeburg Kabarnet Tabatinga
Veenendaal Ouarzazat Veenendaal Radnor
Sagalo Sagalo
SanJosedeOcoa SanJosedeOcoa Ketrzyn
Sanaa Sanaa JabalosSaraj
Thamaga Thamaga Bejucal
elCampello elCampello
Carmichael Carmichael
