LesLilas AinBessem Mondlo AinArnat Mondlo Sasovo Nagar Anjala Johnston Wenchi Sosnovka Shieli Sosnovka Daokou Hangu Mabopane Baramula Acireale Langenhorn Erba NahiyatashShinafiyah Gorgan Twante Rivas CerroAzul Turek PriegodeCordoba Bury Braila Morwa Bhusaval Yafo Anjarah Khulm Lloydminster NahiyatashShinafiyah SaintCyrlEcole Johnston Battambang Embu Tabou EastLongmeadow Gowurdak Shurugwi HaciendaLaCalera Acarau NoblePark SanJuandelaMaguana Gunzenhausen Scottsdale FetestiGara Garbsen CapimGrosso Erba Aracuai Balachor Ronnenberg Arzamas Shimofurano UlanBator Vyazniki Skelmersdale Daokou Sosnovka AscoliPiceno Khulm Haripur Pozzuoli ElCentro Espiye Ipil LesLilas
58
Khulm Khulm
Shurugwi Kemise Shurugwi
Arzamas Hirosaki Arzamas
SanJuandelaMaguana SanJuandelaMaguana Andrychow SenadorPompeu
Mondlo Shchekino Kineshma
Braila Braila Angleton
Sasovo SenaMadureira
Shimofurano Shimofurano
AinArnat AinArnat MadinatHamad
Johnston Rhondda Sobue Johnston Kairouan
Morwa Morwa Ortaca
Balachor Ibirataia
Hangu Hangu Vaniyambadi
Skelmersdale SouthSaintPaul BlueIsland Prostejov Skelmersdale FortWorth
Garbsen Garbsen
Sosnovka Sosnovka
Rivas Rivas
PriegodeCordoba PriegodeCordoba
Yafo Yafo
SaintCyrlEcole Haora SaintCyrlEcole Itororo SantanadoLivramento
Haripur Haripur
CapimGrosso CapimGrosso MonteAlegre
AinBessem AinBessem Belalcazar
Acireale Ontinyent Butuan Acireale
Lloydminster SpanishTown Lloydminster GuaMusang
Nagar Nagar
Turek Turek
Espiye Espiye
HaciendaLaCalera KotRadhaKishan HaciendaLaCalera
Vyazniki Vyazniki
Langenhorn Langenhorn
CerroAzul Kambove Kaifeng AshtonunderLyne
EastLongmeadow Mocoa EastLongmeadow Wangon
Aracuai Zhaodong Aracuai
Baramula Fuxin Baramula Sorada
Embu WestIslip Embu
Acarau Akcaabat Acarau
Anjarah Anjarah Oerlinghausen
Gunzenhausen Gunzenhausen
Tabou Tabou
ElCentro TagbilaranCity
Anjala ChalcodeDiazCovarrub
NoblePark NoblePark Kotka
Shieli Shieli
NahiyatashShinafiyah NahiyatashShinafiyah
Bury Bury
Pozzuoli VillaPauladeSarmient Pozzuoli
Ipil MineralnyeVody Escada
Erba Izhevsk
FetestiGara FetestiGara Pezinok PortoVelho
Gorgan Manacapuru Gorgan
Gowurdak Gowurdak
Mabopane Mabopane
Twante Twante
Daokou Daokou
AscoliPiceno Korsakov
Battambang Battambang
Wenchi Wenchi
