S 1M 1Af 1Ab 1Ad 1Ab 1Af 1Ag 1Ah 1Ag 1Af 1M S 4M 4Ea 4Ed 4Ek 4Ed 4Ea 4M S 3M 3Ea 3Ec 3Ei 3Ec 3Ea 3M S 4M 4Af 4Ab 4Ac 4Ab 4Af 4Ag 4Af 4M 4Bf 4Bi 4Bf 4M S 2M 2Af 2Ag 2Ai 2Ag 2Af 2M S 1M 1Ea 1Ec 1Ei 1Ec 1Ea 1M S 2M 2Af 2Ag 2Ah 2Ag 2Af 2Ab 2Ae 2Ab 2Aa 2M 2Ba 2Bb 2Ba 2Bf 2M 2Ca 2M 2Af 2Ag 2Aj 2Ag 2Af 2M 2Da 2De 2Da 2M 2Ea 2Ed 2Ek 2Ed 2Ea 2M S 3M 3Af 3Ab 3Af 3Ag 3Ah 3Ag 3Af 3M S 2M 2Ea 2Ee 2Ea 2M S 3M 3Bf 3Bi 3Bf 3M 3Ca 3Cb 3Cc 3Cd 3Cc 3Cb 3Ca 3M 3Da 3Dd 3Da 3M 3Af 3Ag 3Ai 3Ag 3Af 3M S 1M 1Bf 1Bj 1Bf 1M S
50
1M 1Aa 1Bb 1Ca 1Cb 1Cc 1Cd 1Dd 1De 1Fe
1Ab 1Ab 1Ac 1Ae
1Ad 1Ad
1Ag 1Ag 1Ai 1Aj
1Ah 1Ah
1Bf 1Bf 1Bi
1Bj 1Bj
1Ea 1Ee 1Ek
1Ec 1Eh
1Ei 1Ei
2Aa 2Aa
2Ab 2Ab 2Ac 2Ad
2Ae 2Ae
2Ag 2Ag
2Ah 2Ah
2Ai 2Ai
2Aj 2Aj
2Bb 2Bb
2Bf 2Bf 2Bi 2Bj
2Ca 2Ca 2Cb 2Cc 2Cd
2Da 2Dd
2De 2De
2Ee 2Ee
2Ea 2Eh 2Ei
2Ek 2Ek
2M 2Fe
3M 3Aa 3Bb 3Fe
3Ab 3Ab 3Ac 3Ad 3Ae
3Ag 3Ag 3Aj
3Ah 3Ah
3Ai 3Ai
3Bf 3Bf 3Bj
3Bi 3Bi
3Ca 3Ca
3Cb 3Cb
3Cc 3Cc
3Cd 3Cd
3Dd 3Dd
3Da 3De
3Ea 3Ee 3Ek
3Ec 3Eh
3Ei 3Ei
4M 4Aa 4Bb 4Ca 4Cb 4Cc 4Cd 4Dd 4De 4Fe
4Ab 4Ab 4Ad 4Ae
4Ac 4Ac
4Ag 4Ag 4Ah 4Ai 4Aj
4Bf 4Bf 4Bj
4Bi 4Bi
4Ea 4Ee 4Eh 4Ei
4Ek 4Ek
