BY5DUgv6 yYTqCbSD 7CrB3pCm tDh0gTYH xTHVuNZl yqX5KOVJ KuVHgP1J Pi99fmGL KJQpAqYk FSF4Na2U w3Radp7c ayFODfwg S9dNuWxm rGjz0gOd AMieum8U 7IV7YjRX JMul31yq g5YhtPSt 8ni5D4t7 mXjWiYol 6GJHoNdy B0wYReom 2mQchaeu Af1jBIly 8tOszPqV YLp2gziD nKZTEeUl PagRRYIg hc6YxxqG gd207oOq BY5DUgv6
23
mXjWiYol FPDwKJIj gbolqDJc K3J88UDV mXjWiYol 6nj6dyOK UfRMeyI7 o1w8sSXK q1vN3eei c9Hgvc9w
AMieum8U iT0t8noc NL9qZEp0 AMieum8U UmgiH1K9
S9dNuWxm S9dNuWxm
8tOszPqV 8tOszPqV CrvusN6e lvlSObqb
PagRRYIg rZiSDNtK 1cr6aFpX Rv8rDvqp PagRRYIg aPSEsY2w
yqX5KOVJ yqX5KOVJ
JMul31yq JMul31yq WlxPulQd
ayFODfwg ayFODfwg
BY5DUgv6 H2BV5cDz QeSUIsQ1
6GJHoNdy sR6JAufL 1aJdK4y9 8e8OWOIi xULc5Xg4
2mQchaeu 2mQchaeu
B0wYReom B0wYReom
nKZTEeUl nKZTEeUl
g5YhtPSt g5YhtPSt
yYTqCbSD OpfVa1HT 0zB29H2A R4zDiMu3 ucMA0iSv
8ni5D4t7 8ni5D4t7
Af1jBIly Af1jBIly
gd207oOq gd207oOq
xTHVuNZl xTHVuNZl
rGjz0gOd rGjz0gOd
7IV7YjRX 7IV7YjRX HEJxX3gA 9IHe97Yy
tDh0gTYH tDh0gTYH
hc6YxxqG hc6YxxqG
