ZtfcEeD9 6MPulFAv nFqouQp3 rbWYBihd NBKhkccj oqraQ3aF yWlzbESz CIF8DWXL BkhTgoaJ W7b2i2pG PMzcqvQL IdGLl1to ntaFp6yn 1FIjcsO2 uYGlfCi2 sFR9mcaG eFJgi8X6 8Rfeklr1 J2tz5Jy2 LvdUl8D5 d5gzYuse 97y3ut3B 7P5zi9hu yRH0nOtz bJ22zvWV VDai7XkI kTn5Wdms aACN5TTZ EB4WBsTV VDai7XkI X4DALK1Z REvLgkhf SUGv8yIU Ah46Ofm8 fa3ra0T7 GZiGmLq9 Wznv2rRv tKnzhLx5 pDb2VAD0 SqpsWXRw NvpMZWSs yptfWPBC NvpMZWSs SqpsWXRw pDb2VAD0 tKnzhLx5 Wznv2rRv FqE4GP0Y VgwgAKMz KbQF6Z1I NpH6Hpsr jKNn1ZQ1 WPOgjVLu eF0ueRyu qtXV58SN tHTE6eug n7VUygaC 2KepLMXB 9OV097CE hBRDGWam Pz0LLMil VDai7XkI ZS8CQaI7 lqKnzPvP RjDUex61 IZjIq9He xzWL2Pp8 m9MRh7a0 91Uq51QB qnVestAH PLFYaVF6 FdbcCrtB GZiGmLq9 gX4kBNm4 CBKWpDQv y7NjqOqM svPb07cv P0hOEoLv miUcr0K7 eHAI1Emd 8avKqSxh ZCQYXo7t FgxkC8N1 CIF8DWXL yWlzbESz oqraQ3aF NBKhkccj rbWYBihd nFqouQp3 6MPulFAv ZtfcEeD9 lwKMUcFL lWuh5cH8 uEOMgmS6 7VEdC8Bn KZzTlcqA KbQF6Z1I VgwgAKMz FqE4GP0Y VgwgAKMz KbQF6Z1I KZzTlcqA 7VEdC8Bn uEOMgmS6 lWuh5cH8 lwKMUcFL ZtfcEeD9
52
yptfWPBC Fj27Gybu aDGqWHym TNblhkGK yptfWPBC HTyyntxa
miUcr0K7 43ehQX6O zvH4AKmS miUcr0K7 YWqBlkAs CxnbNU8s
nFqouQp3 nFqouQp3
FgxkC8N1 04vrMVdi
X4DALK1Z X4DALK1Z OJgw7XgR Rd2M5nw8
J2tz5Jy2 J2tz5Jy2
bJ22zvWV bJ22zvWV
IdGLl1to O5yBujnu w0QWGw2L IdGLl1to 0MyIUMFM
eF0ueRyu RleTQaHw eF0ueRyu aSd01nMZ zpLQ0R0G
FdbcCrtB FdbcCrtB
91Uq51QB SG64DwCC dzvtjag1 91Uq51QB NSdaWdL7
KZzTlcqA KZzTlcqA
ZS8CQaI7 wZJN4OBT kMauNR5Y EAWv9kfQ BOlNhFGU gKOyNQPh mlHu9OVg o4xf7nVd 62Mn9lau aWGQETjI ZS8CQaI7
EB4WBsTV EB4WBsTV ca785uLx WOCLylig mrK2EXuk
97y3ut3B 8LVjFaQv ijk5cHsH 1dr1nBQ7
svPb07cv svPb07cv
ZtfcEeD9 ZtfcEeD9
lWuh5cH8 lWuh5cH8
kTn5Wdms xRPgtW5C FGbFUcoj kTn5Wdms poaWnZDO U7cZo0h2 wusYsf5E
CBKWpDQv CBKWpDQv
Pz0LLMil Pz0LLMil
FqE4GP0Y FqE4GP0Y
rbWYBihd rbWYBihd
7P5zi9hu 7P5zi9hu 1gtWVzKV Tb8W969R CGddIqkC
d5gzYuse d5gzYuse
LvdUl8D5 LvdUl8D5
8Rfeklr1 8Rfeklr1
NpH6Hpsr NpH6Hpsr AmaYXBsi
PMzcqvQL PMzcqvQL
qnVestAH qnVestAH
ntaFp6yn ntaFp6yn
CIF8DWXL CIF8DWXL
xzWL2Pp8 B65DnegI xzWL2Pp8
RjDUex61 RjDUex61
VDai7XkI 7Xy44hse tCAdUY4B Q7hUKAHQ ciNFdHxl mSd4Nw6v
eFJgi8X6 eFJgi8X6
hBRDGWam hBRDGWam
W7b2i2pG W7b2i2pG
2KepLMXB 2KepLMXB 3MYamZSb
jKNn1ZQ1 jKNn1ZQ1
9OV097CE uMuBYvMK
gX4kBNm4 gX4kBNm4
lqKnzPvP lqKnzPvP
m9MRh7a0 JfDq1Cs2
fa3ra0T7 fa3ra0T7
Wznv2rRv Wznv2rRv
VgwgAKMz VgwgAKMz
PLFYaVF6 PLFYaVF6
yRH0nOtz yRH0nOtz
y7NjqOqM y7NjqOqM
8avKqSxh 8avKqSxh
sFR9mcaG sFR9mcaG
