6 13 12 10 12 13 20 27 34 41 48 55 54 51 54 55 62 69 76 83 90 97 104 111 118 125 132 130 126 130 132 139 146 153 160 167 174 181 188 195 6
32
6 6 2 1
10 10
12 12
13 11
20 19 17 18
27 27 25 22
34 31 30 32
41 38 41 39
48 44 43 47
55 50 53
51 51
62 61 60 62
69 64 69 65
76 76 74 75
83 83 77 80
90 90 87 88
97 96 91 94
104 101 100 103
111 110 106 105
118 116 115 112
125 124 120 122
132 128 129
126 126
139 136 134 133
146 140 145 142
153 150 148 149
160 155 160 154
167 165 166 161
174 174 172 169
181 179 177 181
188 182 184 186
195 194 189 190
