0 3 12 40 73 95 149 168 177 196 192 185 184 159 167 148 171 172 173 174 156 178 175 157 135 115 155 151 150 140 111 112 103 85 87 62 31 27 56 55 22 24 26 57 66 84 83 82 107 77 95 104 76 54 47 75 94 143 138 158 137 92 91 66 63 33 4 43 45 19 17 15 0
65
3 3 13
4 4
15 6 15
17 8 17
12 11 12
19 19
31 20 31
22 22
24 24
26 26 36
27 27 28
40 30 40 51
33 33
45 35 45
43 43
56 46 56
47 47 58
62 52 62
54 54
55 55
57 57
63 63 64
66 66
73 73
75 75
76 76
77 77
91 80 90 91
82 82
84 84
85 85
87 87 89
92 92
94 94
95 95 105
104 104 114
107 107
111 111
112 112 123
115 115 124
138 119 138
135 126 135
143 132 143
137 137
149 139 149
157 147 157
148 148
150 150
151 151 161
155 155
156 156
158 158
159 159
172 162 172
167 167
168 168
171 171 180
173 173
174 174
175 175
178 178 188
184 184
185 185
196 186 196
192 192 193
