pace nationalist brake opposed thumb enter deposit skeleton injury due excuse gate pier brake nationalist brake headline audience headline circulation likely king approval voice write output exclusive pace
19
deposit deposit
thumb exempt guarantee
enter enter honor
gate gate
audience audience
headline headline
brake brake
likely likely market page
injury mixture injury
exclusive throne
circulation circulation
nationalist feature nationalist
output output
voice voice
opposed opposed
excuse excuse
king king
approval approval
skeleton skeleton
