1 66 78 82 140 84 23 60 55 57 22 193 101 88 126 3 2 4 49 103 153 115 136 53 50 176 56 137 59 185 98 13 15 29 83 64 116 64 161 102 1
34
78 78 127 132 105
140 194 36 108 140 128
23 46 162 99 12 23
82 152 82 147 119
49 49 138 121
153 51 153
66 129 66 71 175 26 110
101 101
1 142 43 91 199 52 86 190 174
193 159 193
55 18 7 90 186 96 95
103 92 103
115 115
15 15
22 156 89 31
3 3 182
137 137
64 64
60 163 130 60
88 93 58 88
176 176
83 83
136 136
126 42 157
53 53
84 84
13 13
185 185
4 14
116 116
98 98
56 56
161 161
57 57
