location46 location47 location48 location49 location50 location58 location66 location86 location88 location89 location88 location86 location66 location67 location68 location69 location70 location73 location75 location76 location77 location78 location56 location55 location54 location53 location52 location51 location50 location28 location24 location17 location11 location5 location4 location3 location2 location1 location9 location15 location21 location47 location46 location61 location62 location61 location46
24
location3 location3
location4 location4
location5 location5 location6 location7
location11 location10 location11 location13
location46 location14 location38 location39 location40 location41
location15 location15
location17 location17 location18
location24 location22 location24 location25 location26
location28 location29 location30 location33
location50 location37
location48 location48
location49 location49
location55 location55
location51 location57
location62 location62 location63 location64
location70 location70
location73 location72 location73
location75 location74
location77 location77
location78 location78 location79
location76 location80
location86 location87
location88 location88 location90
location89 location89
