Ilesa Foshan Sirsi Itacoatiara Valletta Minas Talipparamba Marburg Lille Bensheim Valday Aurora Portogruaro Great Tyoply Great Perth Landshut Perth Shagamu GatesNorth Memmingen Hermsdorf Rutland Perth Toledo Perth Ilesa
23
Minas Jagna New Palafrugell Yingkou Skalica Tiruppuvanam Bobigny Rhosllanerchrugog MitryMory Mouscron Magomeni Paredes Dahlem
Bensheim Sishui Aklera Brunswick Bensheim Campobasso Zaozhuang Gariadhar Ventimiglia Ramla An Bang PointeClaire Viewpark Copperas Oulmes Kyzylorda
Foshan Milagro Foshan American Alfenas
Hermsdorf Claremont Bavly Sceaux Stupino Oberhausen Polohy DehiwalaMount Hermsdorf Aleshtar Lodwar Onex LonsleSaunier Tharu GernikaLumo
Marburg Palm Mexborough Meizhou Marburg Bon
Talipparamba Talipparamba
Portogruaro Sillanwali Chacabuco Azrou
Memmingen Milledgeville Alexandria Tupelo Memmingen WaltonontheNaze
Great Ada Great
Tyoply Tyoply
Valletta Valletta Calauan
Perth Resplendor Perth UlanUde Tak Shaowu Guli Niort Sorsogon Puerto Brzeg Clermont Villaquilambre Jiangyan Jashpurnagar Ponta
GatesNorth Stuttgart Barracas PortVila Puducherry
Sirsi Sirsi
Landshut Malden Landshut Uran
Valday Bogovinje Tupiza Valday
Ilesa Ilesa
Shagamu Shagamu
Aurora Aurora
Toledo Davis Toledo
Itacoatiara Itacoatiara
Rutland Rutland
Lille Lille
