108 91 1 75 179 84 176 116 190 49 177 53 188 197 92 11 193 37 120 138 28 134 67 111 19 81 108
26
188 188 153 14 35 174
108 7 121 66 69 32
193 39 73
67 67 61 44 13 17 79
84 99 83 84 146
75 48 110 23 75 150 77 130
49 54 63 49 170 101
176 114 176 100 142 24 117 148 182 167
179 129 95 68 157 15 179 85
37 37 64 128 143
53 57 45 96 53
19 19
81 26 81 5
197 184 137 118 197
138 46 138 36
120 126 120
177 186 151 56 82 177 71
11 11
28 181 28
91 78
1 34 1 140 43
111 144
134 187 136 134
190 107 190 31 133 38
92 65 92
116 109
