pride auditor prove rabbit volunteer traction wrong huge company trance formation lobby nationalism partnership pupil partnership gift top linear offensive pastel battery snap line reach whole fortune scrap chief inhibition skip seller huge thank dose merit adult volunteer mechanism accessible pastel ballot contract exotic deck loud federation homosexual belief trick pride
45
federation transmission tin
linear farewell salmon minimize knit integrated linear
trance trance absorption
pride pride
reach mind car community dedicate concern
contract magnitude deter craftsman contract
trick predict
prove prove basketball appear
lobby lobby dramatic
adult adult
company vote mosaic company denial
top create top
line think suffer line
mechanism mechanism tribe dialect
ballot ballot fuss bracket thread
fortune feign fortune
thank crew thank equinox transaction
battery battery
pupil makeup pupil
rabbit work rabbit creation
nationalism nationalism magnetic
partnership partnership
dose dose
volunteer east
merit breakin merit direct
homosexual homosexual shelter
scrap scrap berry
pastel valid glide pastel childish
seller seller steward
loud loud hide maze celebration
snap leash snap
wrong wrong
accessible accessible domestic perception bring
skip skip
belief belief
exotic exotic dilemma
gift gift
traction colon traction
huge huge
formation present formation
auditor cancel
deck deck
whole whole
offensive desk offensive
inhibition inhibition
