1 2 4 2 1 172 174 175 172 1 176 177 178 179 180 179 178 177 176 1 160 163 160 1 164 166 164 1 168 171 169 168 1 56 58 56 1 72 75 72 1 56 59 56 1 68 69 68 1 18 21 18 1 56 57 56 1 50 51 52 55 52 51 50 1 26 27 28 29 30 29 28 27 26 1 2 5 2 1 18 19 18 1 10 13 10 1 6 8 6 1 110 111 110 1 106 109 107 106 1 100 101 102 104 102 101 100 1 122 124 122 1 150 151 152 155 152 151 150 1 114 117 114 1 110 113 110 1
42
4 3 4
5 5
6 7 9
8 8
10 11 12
13 13
1 15 16 17 23 24 25 61 62 63 65 66 67 78 80 119 120 121 128 130 157 158 159
19 19
21 20 21
28 28
30 30
55 53 54 55
57 57
58 58
59 59
69 69 70 71
72 73 74
75 75
104 103 104
102 105
107 107
106 108
109 109
111 111
110 112
113 113
114 115 116
117 117
122 123
124 124 125
155 153 154 155
160 161 162
163 163
164 165 167
166 166
169 169
171 170 171
172 173
174 174
175 175
178 178
180 180
