Soda building4 building28 building64 building28 building4 Soda building6 building42 building78 building42 building6 building39 building75 building39 building6 Soda building1 building7 building43 building7 building1 Soda building5 building35 building71 building35 building5 building34 building70 building34 building5 Soda building4 building25 building61 building25 building4 Soda building5 building33 building5 Soda building3 building23 building59 building23 building3 Soda building2 building16 building52 building16 building2 building14 building50 building14 building2 building17 building2 building15 building51 building15 building2 Soda building1 building10 building46 building10 building1 Soda
32
building7 building7
building1 building8 building9 building11 building12 building44 building45 building47 building48
building10 building10
building2 building13 building18 building49 building54
building14 building14
building15 building15
building16 building16
building17 building17 building53
building3 building19 building20 building21 building22 building24 building55 building56 building57 building58 building60
building23 building23
building25 building25
building4 building26 building27 building29 building30 building62 building63 building65 building66
building28 building28
building5 building31 building32 building36 building67 building68 building72
building33 building33 building69
building34 building34
building35 building35
building6 building37 building38 building40 building41 building73 building74 building76 building77
building39 building39
building42 building42
building43 building43
building46 building46
building50 building50
building51 building51
building52 building52
building59 building59
building61 building61
building64 building64
building70 building70
building71 building71
building75 building75
building78 building78
