0 1 2 12 23 33 43 52 62 71 81 90 100 110 120 130 121 111 102 92 93 94 95 96 97 98 99 109 118 128 137 147 156 166 175 186 196 186 175 165 154 144 133 123 113 104 94 85 75 66 56 47 37 28 18 9 8 7 6 5 4 3 2 1 0
51
43 53 64 43 42
144 125
186 186 188 189 187
95 86 95 116
12 31 22 12
154 152 154 153
113 114
62 61 72
0 20 21
130 130 160 151 181 140 150 161
196 196 199 198
81 80 81
97 108
128 127 149
28 29 17
99 99
96 77 87 107 96
90 101
71 82 71 70
6 15
102 103 102
2 2
147 178 146 147
156 155 167
121 122
137 158
9 9
33 33 45
133 132 133
52 51 73
7 16
123 123
37 39 37
66 68 67
118 139 118 129
5 5
165 164 165
166 166 176
175 175 184 182 183
18 18
4 4
75 76
92 83
8 8
120 120
47 26 48
94 105 94
111 111
98 98 89
104 104
23 24
