start g9 start e3 e20 e3 e4 e21 e4 e3 start h6 h17 h25 h4 h22 h4 h23 h24 h23 h4 start d3 d4 d5 d6 d3 start a2 a3 a4 start e1 e19 e1 start c3 c8 c11 c20 c36 c35 c31 c33 c31 c35 c36 c20 c11 c12 c13 c12 c9 c8 c3 start b16 b17 b18 b19 b20 b21 b25 b21 b20 b19 b18 b17 b16 b10 b11 b12 b13 b5 b13 b12 b11 b10 b9 b8 b2 b8 b9 b10 b16 start f14 f9 f18 f19 f18 f9 f14 start g8 g12 g16 g21 g25 g21 g24 g19 g23 g19 g24 g21 g24 g19 g23 g18 g23 g19 g15 g12 g8 start
44
start g1 g2 g3 g4 g5 g6 f11 f12 d1 a1 a5 e22 e23 e24 h9 h26
g9 g7 g9 g13
g8 g8 g10
g15 g11 g15
g12 g12
g19 g14 g19
g16 g16 g20
g21 g17 g21
g18 g18
g25 g22 g25
g23 g23
g24 g24
f14 f13 f14 f15 f16 f17
f18 f18
f19 f19 f20
b8 b1
b2 b2
b11 b3
b12 b4
b5 b5
b13 b6
b21 b15
b20 b24
b25 b25
b18 b26
c3 c1 c5
c12 c10
c13 c13 c15
c20 c17 c21 c23
c31 c26 c27 c31
c33 c33
d4 d4
d5 d5
a2 a2
a3 a3
a4 a4
e19 e19
e20 e20
e21 e21
e1 e25
h6 h13 h18
h17 h17
h22 h22
h24 h24
