BU FF DV AE EL FN HI BM GE BQ CX BB AT AE CE GN CE CZ BH GG DW EN FN HI BW HI DA EL BE GM CC GT DU GA CJ HP DG CI BW AO CR BN CK AY DH FU EO AJ ER BZ HM HP EF GR HF GM CZ AB AR FP CH DT CK FD CD BF BU
49
DV DV
DU EC FS GH ES DU
BZ AN BZ
GE DR DK GE
BW BW
FD FD CV
CX CX
EO EO FW GP
GN GN
FN FN DL CW
BU BU
GA FG DI GA
AE BK AE AQ
CI HC CI CS AX
DG CT
EL EL
CJ DQ
GT DS GT
BE HJ CY BE AP EV
BF BF
AT CM CO AT HH HA
CD EG CD
DT CQ DT
GR DJ EH FR ET AV BG
EF GK
FF FF
ER ER
HM DZ HM
HI HG
BQ GY BQ
CK CK DE FY
AB EK
CR DM GQ CR BA
CZ CZ
DW FL DP BY GS
FP AF FP
AR EQ AR
BM BM
AY AY FB
EN EN
HF HF CA
BH BH
BN BN
AO GO DX
HP HP EY
FU FU
GM GM
GG DD
DA FI
