Qatar Belarus Qatar France Andorra Danzig Uruguay Mozambique Tajikistan Morocco Lebanon Serbia Tunisia Uruguay Uzbekistan Montenegro Tuvalu Tanzania Mongolia Singapore Egypt Qatar
19
Belarus Belarus Peru Liberia Estonia RussianFederation CostaRica Angola Mali Kyrgyzstan CzechRepublic
Andorra Nicaragua Andorra
Danzig Gabon Danzig UAE UnitedKingdom
Qatar Haiti Australia Senegal SierraLeone DemofChina Netherlands Macedonia Belgium SanMarino America Burundi SaintLucia Georgia
Tajikistan Tajikistan
Mongolia Mongolia
Morocco Morocco VaticanCity
Uruguay Armenia Sweden Kosovo Malta
Montenegro Montenegro
Egypt Egypt
France France Albania
Singapore Singapore
Mozambique Mozambique
Serbia Guyana
Tanzania Tanzania
Uzbekistan Uzbekistan
Tuvalu GuineaBissau Tuvalu
Tunisia Tunisia
Lebanon Lebanon
