Zo0umr3KFWOZJQPm M9il2j2XBWeGdURv LjKfvPnu1IVb9d8E qKKAwpkuJY9E8dpl R43sDxzHzrO5kncN FzSHaHADmN7Zbhbr gqX9V4QU6KrO7JGI LUoJ0iRCc71uZfNX Uw31N0oW965MP4qr YHVvi99ucaU9tYgf nkKMB647tDItOdTX 2v7uFoKD90sPVOTA ngcwhTcmwXuonGlk quCqGzaCZ5rVk9Gn U5CEflgpFptgqHUL TbM88DujEo9BSxqT 6La4alyyQSzgrmmj 0rKC7Chib5iDGjTC SLuZYQ4lYwLMQuMp pKGVzMiXVo3v1oQu CvZWFxoaMZYhwHYj drsNw5E8nXGgcxxE HqZKcXPbTIsIN6eT 0Pfip4BXzoRzyFv2 LdwRPFzBNqStC5X8 W4POX5YqpnnI3x1U 8pFqGmxaOhvFeBf4 LI7uFZ34s97AeNpk 9dVIdmIqrww8IL0A xlWntBwCLfHgHam8 e9DWnoEu0mxMb9VK qQzEeIfIOpoI9qKk 9L0zlmq9jRh6nd1I rvadWwbDVrEOdUmt HAZt9xslXTTIQrh6 bpy0VAq3GZuO2R8U WVwd9ExLXa3zphJn 9pH9xdreYrmVM1JI J5iqQt6wukvg6KLY qeVT6FbNKHRizFU8 tZ46uZudk7AfSXt1 ZsdU4FLz0FoJAHOC KHBd51v9Lk79JoNu z6aHWvfWV1YcOU3s LI7uFZ34s97AeNpk jVrty3u6KGOjBg80 3SYpu8y7n2lFaEgA 3PEg9lFbqEimkqjc EotYPttMvJbBfyaO PDtM7hU3L1QjW9eR fg0WyZdFGAAZWRqK EuY7nNg1nWHDnCBx 0rKC7Chib5iDGjTC quCqGzaCZ5rVk9Gn LZyPcj0slZv1Vk6U xLhGn69fZWxkF2ME 6GsK7I0daq8OZxaS yILnNjtdKS6kD3NP uN0YmlR4YKMmyTVh 1r13Qnmq9ixI97Qj 6Gt5ffOE5tOJA8A7 8vLm5GS8pptr9y8t kmMzOIvorXbmvHXw pi9Gjwqb8nw39ALT Of6XUqufA1wxpnuj TEBcdk0AQd6dKevH LjKfvPnu1IVb9d8E M9il2j2XBWeGdURv Zo0umr3KFWOZJQPm
30
HAZt9xslXTTIQrh6 HAZt9xslXTTIQrh6
bpy0VAq3GZuO2R8U bpy0VAq3GZuO2R8U ziJdi0Y4mj4TIJZ9 RnvIh4TOetAfG82E OMjRZA0G6vbBxKd5
WVwd9ExLXa3zphJn WVwd9ExLXa3zphJn
9pH9xdreYrmVM1JI 9pH9xdreYrmVM1JI
J5iqQt6wukvg6KLY J5iqQt6wukvg6KLY
rvadWwbDVrEOdUmt rvadWwbDVrEOdUmt
qeVT6FbNKHRizFU8 qeVT6FbNKHRizFU8
9L0zlmq9jRh6nd1I 9L0zlmq9jRh6nd1I
tZ46uZudk7AfSXt1 tZ46uZudk7AfSXt1
qQzEeIfIOpoI9qKk qQzEeIfIOpoI9qKk
ZsdU4FLz0FoJAHOC ZsdU4FLz0FoJAHOC
e9DWnoEu0mxMb9VK e9DWnoEu0mxMb9VK
KHBd51v9Lk79JoNu KHBd51v9Lk79JoNu
xlWntBwCLfHgHam8 xlWntBwCLfHgHam8 K5TJWlCDC2GiIJEC asqla05DvWvndrgH 1bDI0W7o3Pb2zYhB
9dVIdmIqrww8IL0A QSabhET5tNnXgX60 9dVIdmIqrww8IL0A
z6aHWvfWV1YcOU3s z6aHWvfWV1YcOU3s
LI7uFZ34s97AeNpk uuhviI1p7F0sChqp eRAtRmExinGYKjYs fBCH5yXHMW5jQJjk LI7uFZ34s97AeNpk
8pFqGmxaOhvFeBf4 5TjXpBJuIWCWGZis 8pFqGmxaOhvFeBf4
jVrty3u6KGOjBg80 Gypke7sesv6WDuj9 jVrty3u6KGOjBg80 kWAnmn2xV4T8moWO
W4POX5YqpnnI3x1U W4POX5YqpnnI3x1U
LdwRPFzBNqStC5X8 Byr8ftz6Pn4uac3K LdwRPFzBNqStC5X8
0Pfip4BXzoRzyFv2 1yeDQmwUGYi8LEVC 0Pfip4BXzoRzyFv2
3SYpu8y7n2lFaEgA 3SYpu8y7n2lFaEgA
3PEg9lFbqEimkqjc 3PEg9lFbqEimkqjc
drsNw5E8nXGgcxxE 2hsCdf5s2NPqItPy drsNw5E8nXGgcxxE
HqZKcXPbTIsIN6eT HqZKcXPbTIsIN6eT PmJZCdR41rbLgXgi
CvZWFxoaMZYhwHYj CvZWFxoaMZYhwHYj 2yhNJ9fcTz8hRVDj
EotYPttMvJbBfyaO EotYPttMvJbBfyaO Dg4uIWuVD7Xd3FfI
PDtM7hU3L1QjW9eR PDtM7hU3L1QjW9eR uRc2j178KRm3sVAY
fg0WyZdFGAAZWRqK fg0WyZdFGAAZWRqK
