l0 h0 h3 h91 h59 h24 h92 l55 h50 h88 h48 l43 h47 h67 h72 h66 h82 h64 h88 h11 l32 l9 h17 l62 h5 h61 h54 l27 h57 h20 h10 l88 h40 l76 h13 h97 h63 h16 l45 h14 h71 h46 h29 h80 h88 h65 h88 h28 h7 h60 h32 h79 h68 h99 h64 l0
47
h0 h0 h1 h25
h3 h2 h3 h74 h83 h89
h5 h4 h5 h53
l43 h6
h7 h7 h84
l88 h8 h36 h87 h95
h40 h9 h37 h40 h41
h10 h10 h21 h52
h11 h11
h13 h12 h13
h14 h14
h16 h15 h16 h85
h17 h17
l32 h18
l9 h19 h42 h86
h20 h20
h50 h22 h50 h51
h71 h23 h71
h24 h24
h63 h26 h63
h97 h27 h62 h97
h28 h28 h44 h45
h29 h29 h76
h32 h30 h32 h78
h79 h31 h33 h34 h35 h69 h79 h98
h66 h38 h39 h66 h75
l62 h43
h46 h46
h47 h47
h48 h48 h49
h54 h54 h55 h96
h57 h56 h57 h93 h94
h61 h58 h61
h59 h59 h81
h60 h60
h64 h64
h65 h65
h67 h67 h73
h68 h68
l45 h70
h72 h72 h90
h80 h77 h80
h82 h82
h88 h88
h91 h91
h92 h92
h99 h99
