0EzLvznzqSsDTCbR5WWQ KcET1WyqLHLe0WoWjg9K j7jI3vJM5SWQs3N9YWK4 oFJmSdI9Mubs3awqWY5w IVZaGmLbfT5MQpxXO2DP wrf0xNKoLGLKfuhe6hpI HET4yE4ksHFmFRytJhfu lEZ0YMvUzTvQYxlTiMir tnUjNl6cWuoaXQEfxH4p idUlMWK1ZaKWh4awCdHY m5Au4RgVgXhOUKbKSdGW cZGUbNgsLGnuZE3Ot20K vgcAaadTbDs3lU9Z1t49 hk9ECfFhibg7bmIlco5h LtVuPtXkki7L0rCf1ysG pWBi6tyyRZpOm0dbsZfH I7VRK3VugXxRlgxCe54Q 3iRTkaf7suaV2i91D7AI TWpWLT2JICvczaB6q8Bo b69ITlIgTtPRUIpmSw5o LS3fS52ozGva9KBtcfZZ YRtAAkfi0YIaAv0XqGni K5LnOJV1Zh18kgMnZsVe N0EmviMgt156P2Bd7oet 75EgdJC8MacBE2zKZlon sTkrLjSI0wAyZQvL0L8q 4ZMxz7AKccmgx6JK5gZn LTgssryHh3BZe1w1IMJd KcET1WyqLHLe0WoWjg9K 0EzLvznzqSsDTCbR5WWQ
25
j7jI3vJM5SWQs3N9YWK4 j7jI3vJM5SWQs3N9YWK4
lEZ0YMvUzTvQYxlTiMir lEZ0YMvUzTvQYxlTiMir
YRtAAkfi0YIaAv0XqGni YRtAAkfi0YIaAv0XqGni
3iRTkaf7suaV2i91D7AI 3iRTkaf7suaV2i91D7AI
4ZMxz7AKccmgx6JK5gZn 4ZMxz7AKccmgx6JK5gZn
m5Au4RgVgXhOUKbKSdGW m5Au4RgVgXhOUKbKSdGW
oFJmSdI9Mubs3awqWY5w oFJmSdI9Mubs3awqWY5w
I7VRK3VugXxRlgxCe54Q I7VRK3VugXxRlgxCe54Q
LTgssryHh3BZe1w1IMJd LTgssryHh3BZe1w1IMJd
HET4yE4ksHFmFRytJhfu HET4yE4ksHFmFRytJhfu
IVZaGmLbfT5MQpxXO2DP IVZaGmLbfT5MQpxXO2DP
TWpWLT2JICvczaB6q8Bo TWpWLT2JICvczaB6q8Bo
cZGUbNgsLGnuZE3Ot20K cZGUbNgsLGnuZE3Ot20K
hk9ECfFhibg7bmIlco5h hk9ECfFhibg7bmIlco5h
K5LnOJV1Zh18kgMnZsVe K5LnOJV1Zh18kgMnZsVe
vgcAaadTbDs3lU9Z1t49 vgcAaadTbDs3lU9Z1t49
wrf0xNKoLGLKfuhe6hpI wrf0xNKoLGLKfuhe6hpI
idUlMWK1ZaKWh4awCdHY idUlMWK1ZaKWh4awCdHY
LtVuPtXkki7L0rCf1ysG LtVuPtXkki7L0rCf1ysG
pWBi6tyyRZpOm0dbsZfH pWBi6tyyRZpOm0dbsZfH
LS3fS52ozGva9KBtcfZZ LS3fS52ozGva9KBtcfZZ
75EgdJC8MacBE2zKZlon 75EgdJC8MacBE2zKZlon
N0EmviMgt156P2Bd7oet N0EmviMgt156P2Bd7oet
b69ITlIgTtPRUIpmSw5o b69ITlIgTtPRUIpmSw5o
tnUjNl6cWuoaXQEfxH4p tnUjNl6cWuoaXQEfxH4p
