L0 L118 L117 L52 L30 L152 L114 L165 L124 L38 L89 L145 L53 L106 L107 L132 L193 L48 L19 L110 L2 L95 L103 L118 L55 L12 L121 L98 L14 L161 L68 L166 L49 L97 L9 L164 L163 L3 L160 L140 L175 L153 L161 L14 L13 L198 L199 L191 L188 L147 L84 L53 L54 L21 L75 L76 L61 L60 L42 L7 L8 L57 L0
50
L38 L39 L38
L118 L118 L130 L62 L69 L102
L198 L197 L143
L98 L98
L191 L119
L0 L73 L33 L176 L116
L57 L57 L27
L97 L18 L29 L96 L97
L175 L192 L142 L175
L49 L50 L49
L7 L7 L64
L8 L24 L8
L193 L144
L48 L1 L48
L147 L94 L147
L163 L163 L125 L196 L46
L61 L61
L75 L75 L74 L178
L54 L54 L127 L47
L164 L23 L164
L84 L84
L188 L188
L76 L177 L41 L157
L199 L199
L13 L13 L149
L153 L153
L53 L141 L53
L12 L80 L12
L132 L58 L132
L107 L107 L113 L82
L160 L160
L60 L60 L77 L59 L112
L55 L81 L55
L3 L3 L138
L124 L123 L168
L68 L68
L14 L14 L104
L121 L121
L30 L30
L2 L2
L140 L135
L95 L95
L110 L110 L109
L165 L10 L165
L21 L65 L139
L106 L106
L152 L26 L152
L145 L145 L146 L194
L52 L52
L42 L20 L31
