Soda loc22 loc43 loc26 loc67 loc90 loc45 loc20 loc45 loc90 loc67 loc26 loc43 loc22 loc63 loc86 loc96 loc53 loc29 loc95 loc28 loc95 loc29 loc53 loc96 loc86 loc63 loc64 loc8 loc31 loc41 loc38 loc41 loc31 loc8 loc64 loc63 loc12 loc63 loc3 Soda
21
loc63 loc57 loc30 loc23 loc61
loc22 loc21 loc40 loc44 loc39 loc89
Soda loc79 loc18
loc3 loc72
loc67 loc33 loc71 loc67
loc43 loc19 loc43
loc45 loc45 loc32 loc48 loc81 loc93 loc66 loc36 loc97
loc90 loc90
loc26 loc26
loc20 loc49 loc73 loc20
loc8 loc17 loc8 loc83 loc91 loc68
loc31 loc31
loc41 loc41
loc38 loc38
loc12 loc12
loc53 loc92 loc53 loc55
loc96 loc96
loc86 loc86 loc10 loc99
loc29 loc29
loc28 loc13 loc28
loc95 loc95
