Soda loc3 loc179 loc129 loc17 loc23 loc74 loc13 loc74 loc23 loc17 loc129 loc179 loc53 loc25 loc106 loc25 loc53 loc179 loc104 loc163 loc154 loc163 loc104 loc151 loc92 loc75 loc92 loc43 loc27 loc35 loc164 loc47 loc87 loc192 loc170 loc196 loc142 loc7 loc142 loc196 loc170 loc192 loc87 loc47 loc164 loc183 loc21 loc77 loc173 loc77 loc164 loc47 loc87 loc192 loc170 loc196 loc51 loc103 loc51 loc196 loc170 loc192 loc87 loc47 loc164 loc165 loc12 loc111 loc30 loc39 loc198 loc28 loc198 loc39 loc30 loc111 loc164 loc47 loc87 loc192 loc170 loc196 loc51 loc196 loc170 loc192 loc87 loc47 loc164 loc27 loc43 loc179 loc3 Soda
35
loc179 loc45 loc90 loc80 loc199
loc43 loc82 loc65
loc151 loc151
loc74 loc50 loc83 loc74
loc17 loc94 loc17
loc13 loc34 loc13 loc14 loc121 loc88 loc32 loc189 loc118 loc138 loc84 loc167 loc97
loc23 loc23
loc75 loc72 loc57 loc75 loc157 loc137 loc59 loc40 loc20
loc163 loc42 loc163 loc171
loc154 loc154
loc3 loc64 loc3
Soda Soda
loc106 loc106 loc172 loc36 loc6 loc156 loc145
loc25 loc25
loc53 loc53 loc58 loc140
loc111 loc193 loc122 loc128 loc111 loc114 loc181 loc38 loc37
loc30 loc11 loc30 loc136
loc164 loc101
loc51 loc155 loc51
loc142 loc142
loc28 loc28
loc165 loc165 loc147 loc100 loc22
loc21 loc79 loc15 loc141 loc95 loc8
loc27 loc10 loc188 loc26 loc131 loc180
loc77 loc77 loc41
loc192 loc192 loc126
loc173 loc146 loc173 loc107
loc183 loc183
loc7 loc7
loc35 loc55 loc194 loc35 loc9
loc196 loc185 loc61
loc170 loc170
loc198 loc24 loc109
loc39 loc39
loc103 loc103
