Brightmere Westmill Butterbush Bluedell Freyview Newley Wolflea Bushgate Clearnesse Wildemarsh Marbleiron Lochmage Westvale Ironriver Greyice Valhaven Westerlight Newby Erilyn Violetley Greenshore Eastcastle Courtcastle Irondeer Oakmere Southwheat Shoreburn Ironshore Clearland Fairsage Dellwyn Foxhaven Buttermead Rosemill Courtwall Morwald Oldmoor Goldwyvern Corbank Foxvale Morwall Esterash Stonefair Snowshore Woodice Eriwall Stoneglass Esterfall Lightmere Wellmage Brightmere
50
Snowshore Snowshore
Newley Newley
Wolflea Wolflea
Corbank Corbank
Oldmoor Oldmoor
Lightmere Lightmere
Marbleiron Marbleiron
Eriwall Eriwall
Brightmere Brightmere
Southwheat Southwheat
Foxhaven Foxhaven
Buttermead Buttermead
Newby Newby
Irondeer Irondeer
Bushgate Bushgate
Oakmere Oakmere
Goldwyvern Goldwyvern
Westmill Westmill
Clearnesse Clearnesse
Butterbush Butterbush
Esterfall Esterfall
Ironshore Ironshore
Westerlight Westerlight
Rosemill Rosemill
Esterash Esterash
Lochmage Lochmage
Ironriver Ironriver
Stoneglass Stoneglass
Wildemarsh Wildemarsh
Morwald Morwald
Westvale Westvale
Fairsage Fairsage
Courtcastle Courtcastle
Bluedell Bluedell
Shoreburn Shoreburn
Erilyn Erilyn
Courtwall Courtwall
Violetley Violetley
Clearland Clearland
Valhaven Valhaven
Eastcastle Eastcastle
Greyice Greyice
Greenshore Greenshore
Stonefair Stonefair
Morwall Morwall
Dellwyn Dellwyn
Foxvale Foxvale
Woodice Woodice
Wellmage Wellmage
Freyview Freyview
