129 99 145 180 82 107 197 115 88 146 113 127 74 160 37 196 141 172 141 25 46 2 55 165 40 165 27 94 139 94 119 64 71 34 109 184 33 151 21 67 21 182 190 182 21 101 52 101 170 73 136 73 170 121 192 175 192 121 92 13 133 106 181 8 142 122 69 61 112 79 72 43 19 7 96 70 96 118 10 22 45 118 13 92 124 137 129
52
88 1 31 88
2 4
7 7
10 10 28 100
13 13
137 16
19 19
22 22
25 25
34 34
37 37
40 40
43 43
46 46
145 49 145
52 52
55 55
170 58
61 61
64 64
67 67
70 70
73 73
92 76 157
79 79
82 82
184 85 184
71 91
94 94
101 97 148
192 103
106 106 178
109 109
112 112
115 115
118 118 166
121 121
124 124
127 127
69 130
133 133
136 136
139 139
142 142
151 151
196 154 193 196
160 160
119 163
181 169 181 187
172 172
175 175
190 190
