1 81 4 25 77 49 14 22 66 43 66 13 69 30 69 68 76 79 76 21 53 95 42 64 41 56 72 41 67 167 101 179 39 71 9 93 61 38 61 104 73 104 165 78 3 78 149 74 99 8 10 157 60 161 19 161 58 100 18 176 96 176 18 114 37 24 97 92 28 84 172 62 196 75 65 35 51 12 141 17 50 86 164 94 52 82 11 88 44 59 33 85 144 32 87 27 36 80 20 45 166 98 166 46 166 105 15 1
84
61 2 61
3 3
4 4
13 5 13
53 6 53 55
1 7
8 8
9 9
10 10
11 11
12 12
14 14 89
15 15
41 16 41
17 17
18 18
19 19
20 20
21 21
22 22 63
104 23
24 24
25 25
114 26 47
27 27
28 28
33 29 33
30 30
66 31 66 90
32 32
88 34 88
35 35 57
36 36
37 37
38 38
39 39
44 40 44
42 42
43 43
45 45
46 46
141 48
49 49
50 50
51 51
52 52
65 54 65
56 56
58 58
59 59
60 60
62 62
64 64
67 67
68 68
69 69
80 70 80
71 71
72 72
73 73
74 74
75 75
76 76
77 77
78 78
79 79
81 81
82 82
167 83
84 84
85 85
86 86
87 87
157 91
92 92
93 93
94 94
95 95
96 96
97 97
98 98
99 99
100 100
101 101
