Satish PYD9SISJI VFRT26 1BZLEM KRM4B 92R432 KSHB2KG WZ1MC3189 ICTGXV ZRYV5F YXBMACC 9XFF FS1RWBVR7 BVNZ 399VM5PU6 UVP4WIKK OK29GJ PTL1QU OXWYDF BBFYA9B NSBI Z6H98 ER2YSPML1C 4INC2D8SDN PZMGYZL ZY9VPYMXA PTWCQ R6VBAVZ0B Satish
25
VFRT26 VFRT26
1BZLEM 1BZLEM
ZRYV5F ZRYV5F
YXBMACC YXBMACC
PZMGYZL PZMGYZL
FS1RWBVR7 FS1RWBVR7
PTWCQ PTWCQ
PYD9SISJI PYD9SISJI
KRM4B KRM4B
WZ1MC3189 WZ1MC3189
BBFYA9B BBFYA9B
R6VBAVZ0B R6VBAVZ0B
UVP4WIKK UVP4WIKK
OXWYDF OXWYDF
399VM5PU6 399VM5PU6
PTL1QU PTL1QU
Z6H98 Z6H98
9XFF 9XFF
4INC2D8SDN 4INC2D8SDN
92R432 92R432
ICTGXV ICTGXV
KSHB2KG KSHB2KG
ER2YSPML1C ER2YSPML1C
ZY9VPYMXA ZY9VPYMXA
NSBI NSBI
