845LWU7Kg6167HQY i7lmV5iDIgl5f 1 5 1 KKUFV29x8iO ftk2 KKUFV29x8iO 122gt ElUTL D SmI7f H6pXAnE0KypnExX YLKBD54k pbE3R4QsB76l 3i80K09a 672Pt4Ytw8LW J 7L J X6SrYf57mSUQQ28C NQ3vX6W6H74aK53np 4l4aqvNKB KpBvy 4 TU76UjE52906 3 3k k r ICQxh0Q58799CUd2 r geUO1h 8M2OK8Px58 geUO1h 77yN7eHZwfF99R2 TBk5Pt5vt5SInt HDLHc5Kdk SL88w66v7 HDLHc5Kdk N8191M9E9v 95E0752p51t ZT3 WPu 5Qkzz260R7 eDv5MBdo MVvh DUiYDuR9yYFD5 UH4Lf7FAuZoT4lv2 YKpC4gQmPKaU311w9eOT O41Muu 95fufpL7BuUW8Mng00jE O58T a 48783322I5q9PFVPT 9vq8gscs7dz1 6RiHvQ4xTN5 fgM12T WMY0xVk9j8T6Ly eqYzN7b19UgNo1K WMY0xVk9j8T6Ly fgM12T EnhLq7BgTj8IN3Z2m u3Qv 42U0k6JhTQxPvUw8 u3Qv MY3aL96Y 2qgWbB40Ya16 xaM1q4jQi3efYb0 11l6P71DgEau1baEX4 xaM1q4jQi3efYb0 2qgWbB40Ya16 MY3aL96Y 5CCl0n2r5512 B4mQOl023dn1 y Uyj5raM7C9SGCHQGUC 845LWU7Kg6167HQY
50
MVvh MVvh
48783322I5q9PFVPT 48783322I5q9PFVPT
122gt 122gt
42U0k6JhTQxPvUw8 42U0k6JhTQxPvUw8
4 4
TBk5Pt5vt5SInt TBk5Pt5vt5SInt
95E0752p51t 95E0752p51t
r r
H6pXAnE0KypnExX H6pXAnE0KypnExX
MY3aL96Y MY3aL96Y
ZT3 ZT3
6RiHvQ4xTN5 6RiHvQ4xTN5
fgM12T fgM12T
SmI7f SmI7f
O41Muu O41Muu
2qgWbB40Ya16 2qgWbB40Ya16
4l4aqvNKB 4l4aqvNKB
N8191M9E9v 9
NQ3vX6W6H74aK53np NQ3vX6W6H74aK53np
11l6P71DgEau1baEX4 11l6P71DgEau1baEX4
xaM1q4jQi3efYb0 xaM1q4jQi3efYb0
geUO1h geUO1h
3k 3k
X6SrYf57mSUQQ28C X6SrYf57mSUQQ28C
5CCl0n2r5512 5CCl0n2r5512
KKUFV29x8iO KKUFV29x8iO
5 5
8M2OK8Px58 8M2OK8Px58
O58T O58T
DUiYDuR9yYFD5 DUiYDuR9yYFD5
eqYzN7b19UgNo1K eqYzN7b19UgNo1K
TU76UjE52906 TU76UjE52906
YLKBD54k YLKBD54k
EnhLq7BgTj8IN3Z2m EnhLq7BgTj8IN3Z2m
YKpC4gQmPKaU311w9eOT YKpC4gQmPKaU311w9eOT
u3Qv u3Qv
845LWU7Kg6167HQY 845LWU7Kg6167HQY
y y
3 3
7L 7L
5Qkzz260R7 5Qkzz260R7
ElUTL ElUTL
ICQxh0Q58799CUd2 ICQxh0Q58799CUd2
B4mQOl023dn1 B4mQOl023dn1
SL88w66v7 SL88w66v7
D D
eDv5MBdo eDv5MBdo
KpBvy KpBvy
ftk2 ftk2
672Pt4Ytw8LW 672Pt4Ytw8LW
