0 123 15 123 0 137 52 137 0 90 79 4 171 121 49 40 184 69 184 35 100 168 196 1 57 18 42 10 122 21 17 13 5 109 22 107 9 80 9 64 141 60 198 88 198 6 58 68 118 77 139 12 3 65 61 14 61 70 61 65 2 78 2 36 56 174 93 124 99 32 99 147 95 147 97 84 24 54 98 54 172 74 33 72 28 41 46 41 161 71 128 45 128 71 148 94 148 71 67 8 149 7 105 51 30 103 89 23 89 73 96 112 0 59 0 62 0
76
0 0 43 86
1 1
2 2 27
3 3
4 4
5 5
6 6
7 7 76
8 8
9 9 50
10 10
121 11 66 75
12 12
13 13
14 14 29
15 15
57 16 39 53 57
17 17 92
18 18 82
105 19
103 20
21 21
22 22
23 23
24 24 63
32 25 32
89 26 89
28 28
30 30
109 31
33 33
77 34 77
35 35
36 36
137 37
93 38 93
40 40
41 41
42 42 48
100 44
45 45
46 46
107 47 55 81
49 49
51 51
52 52
54 54
56 56
58 58
59 59
60 60
61 61
62 62
64 64
65 65
67 67
68 68 85
69 69
70 70
71 71
72 72 83
73 73
74 74
78 78
79 79
80 80
84 84 87
88 88
90 90
171 91
94 94
95 95
96 96
97 97
98 98
99 99
