loc0 loc167 loc69 loc114 loc142 loc15 loc65 loc164 loc165 loc155 loc126 loc156 loc64 loc191 loc64 loc156 loc64 loc25 loc183 loc46 loc49 loc52 loc106 loc160 loc82 loc62 loc39 loc177 loc109 loc159 loc161 loc144 loc49 loc158 loc58 loc0
27
loc160 loc54 loc122 loc160 loc45 loc78
loc46 loc37 loc89 loc42 loc75 loc46
loc25 loc85 loc118 loc116 loc10 loc25 loc14 loc138 loc32
loc15 loc129 loc15 loc197
loc167 loc167
loc155 loc168 loc187 loc27 loc93 loc162 loc11
loc82 loc82 loc172
loc52 loc52
loc49 loc49 loc105
loc114 loc192
loc191 loc191
loc65 loc96 loc67 loc134 loc92
loc126 loc147 loc57
loc161 loc36 loc41 loc119 loc100
loc109 loc109 loc150
loc183 loc179 loc188 loc183 loc8 loc120
loc164 loc164 loc184
loc39 loc39 loc28 loc66
loc58 loc185 loc130 loc196
loc106 loc106
loc62 loc198 loc31 loc182 loc97 loc112 loc157 loc131 loc84
loc165 loc20 loc113 loc165
loc177 loc177 loc83
loc156 loc156 loc17
loc69 loc69
loc144 loc144
loc159 loc186 loc47
