loc0 loc23 loc51 loc3 loc52 loc68 loc86 loc33 loc48 loc7 loc84 loc65 loc4 loc62 loc6 loc88 loc9 loc91 loc31 loc91 loc49 loc33 loc48 loc32 loc89 loc0
19
loc91 loc39 loc91 loc75
loc88 loc8 loc88
loc68 loc29
loc6 loc6 loc61 loc79 loc35
loc84 loc40 loc84
loc89 loc21
loc32 loc93 loc26 loc72
loc49 loc45 loc49
loc86 loc69 loc86
loc4 loc81 loc28 loc42 loc25
loc62 loc20 loc16 loc62 loc90
loc48 loc24 loc48
loc7 loc7 loc54
loc33 loc33
loc65 loc65
loc31 loc31
loc23 loc23 loc99
loc51 loc34 loc51
loc52 loc52
