73 96 38 8 38 5 55 34 53 94 53 34 12 62 65 62 99 46 75 57 44 49 75 60 100 88 27 83 29 22 29 86 31 66 74 25 90 68 1 19 18 33 82 33 11 64 93 17 14 77 45 98 21 98 9 71 50 78 91 81 91 28 40 16 85 16 40 13 48 15 79 15 96 73
48
1 1
5 5
8 8
9 9
17 10
11 11
12 12
13 13
15 15
14 14
18 18 76
19 19
21 21
22 22
25 25
27 27
29 29 84
33 33
34 34
44 44
46 46
48 48
49 49
50 50
53 53
57 57
65 65
66 66
68 68
71 71
74 74
75 75
77 77
78 78
79 79
81 81
82 82
83 83
86 86
85 85
90 90
91 91
93 93
94 94
96 96
98 98
99 99
100 100
