Soda loc80 loc72 loc65 loc64 loc83 loc91 loc83 loc8 loc31 loc41 loc31 loc8 loc64 loc65 loc3 loc63 loc86 loc96 loc53 loc29 loc95 loc29 loc55 loc53 loc96 loc86 loc63 loc12 loc61 loc63 loc87 loc85 loc40 loc44 loc6 loc24 loc22 loc7 loc22 loc43 loc26 loc67 loc90 loc45 loc49 loc45 loc66 loc45 loc19 loc71 loc33 loc50 Soda
30
loc87 loc57
loc24 loc21
loc80 loc79
loc50 loc18
loc72 loc72
loc33 loc33
loc71 loc71
loc19 loc19
loc45 loc45 loc32 loc48 loc81 loc93
loc90 loc90
loc67 loc67
loc26 loc26
loc43 loc43
loc49 loc49 loc73 loc20
loc66 loc66 loc36 loc97
loc83 loc17 loc83
loc8 loc8
loc31 loc31
loc91 loc91 loc68
loc41 loc41 loc38
loc40 loc40 loc39
loc44 loc44 loc89
loc61 loc30 loc23 loc61
loc12 loc12
loc53 loc92 loc53
loc96 loc96
loc86 loc86 loc10 loc99
loc55 loc55 loc13
loc29 loc29
loc95 loc28 loc95
