0 2 53 54 68 83 62 22 62 12 10 12 125 14 31 80 71 150 67 91 24 16 157 69 157 6 25 6 21 93 63 88 57 88 90 116 117 23 149 66 194 97 96 120 144 27 44 41 19 41 79 160 167 89 167 110 26 110 17 125 28 20 123 65 5 135 145 58 36 46 49 48 74 4 133 52 82 196 18 32 18 196 148 85 148 45 56 99 113 1 113 30 9 98 8 38 35 78 87 178 43 132 76 92 177 33 177 72 177 92 60 151 55 70 111 75 111 70 11 64 40 124 140 81 140 124 47 37 139 86 39 29 100 73 7 59 50 106 13 0
93
1 1
2 2
90 3 90
4 4
5 5
6 6
7 7
8 8
9 9
10 10
11 11
12 12
13 13
14 14
113 15
16 16
17 17
18 18
19 19
20 20
21 21
22 22
23 23
24 24 94
25 25
26 26
27 27
28 28
29 29
30 30 42
31 31
32 32 77
33 33
145 34
35 35
36 36
37 37
38 38
39 39
40 40
41 41
43 43
44 44
45 45
46 46
47 47
48 48
49 49
50 50
59 51 59
52 52
53 53
54 54
55 55
56 56
57 57
58 58
60 60
100 61 100
62 62
63 63
64 64
65 65
66 66
67 67
68 68
69 69
70 70
71 71
72 72
73 73
74 74
75 75
76 76
78 78
79 79
80 80 84
81 81
82 82
83 83
85 85
86 86
87 87
88 88
89 89
91 91
92 92
93 93
132 95
96 96
97 97
98 98
99 99
