mdyuzxshey vkrlpmybdj zmfuudfatm ouxenssqdu qydclznxrd cmdqzmgvfi tmrnpjqnxx wtlzrefwav hsjqtjkukk smwxdupkdv koawdpgqdx unihwwnyqz qepegujmaa unihwwnyqz koawdpgqdx smwxdupkdv hsjqtjkukk wtlzrefwav jrmlkfexfk gllungmori rkyixxpcbx optviwhmbr ixyurvbpvu uooysjrxsb seeyrseflx vugkhjygfe seeyrseflx uooysjrxsb ixyurvbpvu siatqqydwf bulywvvpni zjbarjhmau kdujdjjwot phknwbtipl hadchvmijq xplqpgpbvq lkvobxyfca fznfvsgjhc sjtuxgdwms lbuiysostx oegfbrwyrp bswhowadhl wtyqwjwskq yiwwdwbzth xftptyrlvl jedsthbmzo oewptytlja owusjcmdkp ljhmnbaicr ebqxbaqnmm zumetrybth jatkaoyfxb bnmegnfgii jatkaoyfxb vkrlpmybdj mdyuzxshey
36
mdyuzxshey mysadifwma mdyuzxshey
jatkaoyfxb jatkaoyfxb
ixyurvbpvu gwnccktgki mswyvpdrsy
jedsthbmzo jedsthbmzo
bnmegnfgii bnmegnfgii
kdujdjjwot kdujdjjwot
oewptytlja oewptytlja knfzsnhzvx nwlccbonas
zjbarjhmau zjbarjhmau
vkrlpmybdj vkrlpmybdj
bulywvvpni bulywvvpni lndsfxewdc
lbuiysostx lbuiysostx
oegfbrwyrp tgbmxdmvwe
rkyixxpcbx eooyfwmxln rkyixxpcbx
zmfuudfatm zmfuudfatm
qepegujmaa xtvbrolacp qepegujmaa
hadchvmijq hadchvmijq wynbxuuxru
siatqqydwf ahqdrcepub lazlsvgukx
ebqxbaqnmm ebqxbaqnmm
qydclznxrd qydclznxrd
ouxenssqdu qcktwemqbm
zumetrybth zumetrybth
yiwwdwbzth jqtguzxxsl
vugkhjygfe vugkhjygfe
smwxdupkdv aokbiptbzc
gllungmori gllungmori
optviwhmbr optviwhmbr
wtlzrefwav wtlzrefwav
wtyqwjwskq wtyqwjwskq
lkvobxyfca lkvobxyfca euqbrkzdsw
owusjcmdkp owusjcmdkp lnicnhmajr
cmdqzmgvfi qfbvncxldf cmdqzmgvfi psiebvskfb
ljhmnbaicr ljhmnbaicr
xftptyrlvl xftptyrlvl
koawdpgqdx koawdpgqdx
fznfvsgjhc fznfvsgjhc
seeyrseflx seeyrseflx
