0 40 18 84 143 84 60 94 87 38 26 158 26 38 146 38 87 149 87 5 57 188 57 47 164 47 152 47 69 10 54 191 54 10 197 10 1 155 1 12 34 21 140 21 44 39 31 53 176 53 41 45 173 45 90 182 90 83 167 83 11 179 11 49 194 49 25 78 185 78 9 161 9 57 58 46 170 46 0
53
58 100 101
18 102 103
44 104 105
39 106 107
60 108 109 128 129
69 110 111
41 112 113 122 123
10 114 115 199
5 116 117
31 118 119
34 120 121
25 124 125
94 126 127
11 130 131 181
84 132 133 145
40 134 135
57 136 137 190
12 138 139
140 140 141
21 142
143 143 144
146 146 147
38 148
149 149 150
87 151
152 152 153
47 154 166
155 155 156
1 157
158 158 159
26 160
161 161 162
9 163
164 164 165
167 167 168
83 169
170 170 171
46 172
173 173 174
45 175
176 176 177
53 178
179 179 180
182 182 183
90 184
185 185 186
78 187
188 188 189
191 191 192
54 193
194 194 195
49 196
197 197 198
