0 3 0 110 57 56 57 110 113 17 16 17 15 100 65 68 65 27 118 27 25 28 2 13 2 101 102 108 82 80 54 74 189 129 72 129 139 44 140 142 141 132 131 132 130 133 130 135 138 135 52 135 40 43 40 42 186 187 185 149 159 124 179 69 180 182 181 182 180 183 47 120 35 37 35 38 35 39 134 170 172 170 94 64 104 99 105 79 184 154 144 145 148 145 95 97 95 20 150 152 151 122 120 123 67 66 12 11 12 196 197 195 114 160 162 161 162 160 137 136 137 166 117 168 117 116 117 128 125 190 192 191 92 91 92 90 55 58 32 30 75 78 75 0
97
27 27
66 66
68 68
192 192
122 122
3 3
134 134
124 124
15 15
37 37 36
91 91
82 82
16 16
186 186
104 104
13 13
180 180
38 38
131 131
116 116
132 132
136 136
17 17
64 64
2 2
139 139
166 166
25 25
102 102
65 65
141 141
55 55
184 184
149 149
47 47
97 97
43 43
145 145
172 172
99 99
57 57
12 12
100 100
148 148
181 181
95 95 87
28 28
113 113
114 114
128 128
35 35
179 179
94 94
92 92
20 20
142 142
105 105
182 182
108 108
54 54
152 152
154 154
138 138
159 159
101 101
110 110
67 67
183 183
118 118
74 74
78 78
39 39
69 69
161 161
133 133
160 160
32 32
42 42 41
44 44
120 120
123 123
52 52
72 72
189 189
56 56
11 11
135 135
125 125
168 168
30 30
129 129
144 144
187 187
197 197
79 79
58 58
195 195
