99 176 103 52 73 62 80 71 192 71 112 2 86 181 86 2 63 85 127 85 174 19 1 58 149 154 39 199 42 107 163 116 117 187 68 16 17 16 190 37 180 37 53 162 130 162 0 21 78 23 165 23 5 138 20 138 30 113 51 113 133 18 43 56 96 132 96 157 168 164 95 183 95 47 8 129 28 137 185 45 41 45 111 72 166 84 160 147 94 93 69 83 69 100 81 9 81 126 49 123 49 125 49 27 193 142 156 70 175 188 79 178 79 34 32 152 90 152 98 36 155 110 151 176 99
84
0 0
1 1
107 4
5 5
8 8
9 9
49 10
19 12 33 184
175 15
17 17
18 18
20 20
52 22 92 161 167
95 24 106
69 25 82 173
199 26
27 27
28 28
30 30
34 34
176 35
39 39
2 40 146
41 41
42 42
47 47
51 51
53 53
93 55
56 56
113 59 114 124
129 61 88
63 63
43 66 97
68 68
70 70
73 73
79 75
78 78
80 80
83 83
90 90
94 94
98 98
99 99
100 100
58 102
103 103
111 111
112 112
117 117
157 119 172
154 122
123 123
125 125
126 126
127 127
130 130 169
62 131
132 132
142 142
16 148
149 149
137 150
151 151
155 155
81 158
160 160
163 163
164 164
165 165
166 166
168 168
138 170
180 171 180
174 174
178 178
181 181
183 183
185 185
85 186
188 188
190 190
192 192
