81 34 92 121 69 195 77 71 33 154 58 127 161 90 80 76 43 107 167 42 132 97 189 1 197 183 164 89 145 124 45 135 184 156 196 81
35
92 92
167 153 167 56 170 65 126
34 35 86 199 180 85 87 9 191 8 57 70 109 188 52 49 130 93 34 166 20 88 108 95 18 23 14 78 179 103 53 12 48 182 84 123 17 162 138 64 59 198 165 141 125 158 46 178 100 117 96 74 150 200 41 152 27 16 24
76 76
135 135
195 195
183 183
161 161 115
107 107
124 124
77 77
42 42
71 71
196 196
189 36 189
90 90
184 184
97 97
121 121
132 132
58 58
154 154
81 81
89 89
80 80
1 1 159
127 127
45 45
33 33
164 164
156 156
69 69
197 197
145 145
43 43
