destitute Loomis Rio Darwin ripe papal septillion transpiration septillion creekside Hewlett decor swordfish diligent swingy diligent tate McCall shroud choice fatten trill yogurt Elizabethan Modesto Auberge jewel Injun stanza Injun illusion bifurcate embassy Halstead Andersen Vega bobble Dominican Bleeker minion amateur slowdown schedule connubial Hindi Gilmore funny midget balustrade Isfahan MN combine extractor mediate Fisk anvil encumbrance destitute
50
Andersen Andersen
Auberge Auberge
Bleeker Bleeker
Darwin Darwin
Dominican Dominican
Elizabethan Elizabethan
Fisk Fisk
Gilmore Gilmore
Halstead Halstead
Hewlett Hewlett
Hindi Hindi
Injun Injun
Isfahan Isfahan
Loomis Loomis
MN MN
McCall McCall
Modesto Modesto
Rio Rio
Vega Vega
amateur amateur
anvil anvil
balustrade balustrade
bobble bobble
choice choice
connubial connubial
creekside creekside
decor decor
diligent diligent
embassy embassy
extractor extractor
fatten fatten
funny funny
illusion illusion
jewel jewel
mediate mediate
midget midget
minion minion
papal papal
ripe ripe
schedule schedule
septillion septillion
shroud shroud
slowdown slowdown
stanza stanza
swingy swingy
swordfish swordfish
tate tate
transpiration transpiration
trill trill
yogurt yogurt
