exothermic felony Irvin decor shovel trill combine Iowa coarse midget amateur Injun Bernini Tucson intangible lordosis Halstead Sicilian extrovert sacrifice McCall Andersen McCall namesake Dominican yogurt swordfish exothermic
22
Andersen Andersen
Bernini Bernini
Injun Curtis Injun
namesake FPC namesake
Halstead Halstead
Iowa Iowa
Irvin Irvin
McCall McCall
Tucson Tucson
amateur amateur
coarse coarse
combine combine
decor decor
extrovert extrovert
felony felony
lordosis lordosis
midget midget
sacrifice sacrifice
shovel shovel
swordfish swordfish wafer
trill trill
yogurt yogurt
