ctUVEJSyNR Z82QDWb0Pr U5XdtBFGOe Z82QDWb0Pr HTp005294X IU0Ia8127Z HTp005294X VBTKstUXwG 8UaR4YpZys VBTKstUXwG uVIshS2g8a qg08r1Pg6g uVIshS2g8a zUWT7uduzq HEqjxwCWnl UphA2uAaYC vzXeZbLrSW f91pUtm9EZ MuYreynm57 osdKgXyg1e gLI8ArV2Ui jKpmFoejPZ 6lpxgUxCxO oPQmRUijH5 sY3UqAEMG3 HG8olhhcTZ BtCEVbHoQI I4iTN5KXjB BtCEVbHoQI VbPBW7rmhF QwY2G6aX6c 8Jejdr7ynm sY3UqAEMG3 MzId8uwrPz TDmNOuGJBk T3o9dNVbcG ctUVEJSyNR
24
U5XdtBFGOe U5XdtBFGOe
8UaR4YpZys 8UaR4YpZys
zUWT7uduzq zUWT7uduzq
6lpxgUxCxO 6lpxgUxCxO
Z82QDWb0Pr Z82QDWb0Pr
VBTKstUXwG VBTKstUXwG
osdKgXyg1e osdKgXyg1e
oPQmRUijH5 oPQmRUijH5
I4iTN5KXjB I4iTN5KXjB
T3o9dNVbcG T3o9dNVbcG
8Jejdr7ynm 8Jejdr7ynm 7d3UA4fKWz
gLI8ArV2Ui gLI8ArV2Ui
HG8olhhcTZ HG8olhhcTZ
IU0Ia8127Z IU0Ia8127Z
MuYreynm57 MuYreynm57
qg08r1Pg6g qg08r1Pg6g
VbPBW7rmhF RLF9v27sOQ
TDmNOuGJBk TDmNOuGJBk
MzId8uwrPz MzId8uwrPz
BtCEVbHoQI BtCEVbHoQI
QwY2G6aX6c QwY2G6aX6c
vzXeZbLrSW vzXeZbLrSW
f91pUtm9EZ f91pUtm9EZ
UphA2uAaYC UphA2uAaYC
