153 165 127 98 122 187 39 61 155 36 11 26 8 189 147 42 160 66 74 181 136 41 108 70 39 69 156 50 58 29 5 20 89 93 188 183 95 90 23 100 56 169 118 7 20 89 72 75 135 190 1 184 32 170 153
47
11 168 150 11
127 127
29 29
93 12 93 167
26 119 26 172
108 81 52 108 79
39 140
7 196 13 124 7
95 145 95 161 77 34
72 126 28
118 118 68
100 2
58 58 113 99
183 15
75 86 182 16 146
184 21 129 184
98 3 98 88
69 197
160 160 37
70 70 180
90 90 40 35
89 89 49 152
155 112 178 60 0 195
20 4 20
189 163
153 153
135 135 194
156 156
8 8
36 47 120 36
61 61 138 131 43
188 188
41 137 41 19
42 42
56 56
122 122 179
50 96 128 50
23 23
74 74
181 177
5 192 53 5
136 136
187 187
169 169 83 171
165 134
170 170
147 147
