y1ueyuwp oso2xmpn1i uus7jirbe 38s4jyp4eu vehkyi71w fhrrge umnww3 z3qc9ub vnsdusp 31raz5hp9v l12pu wumltwm xllfi9b kab7t8o7qjj my85gnmouy kc3zwg52 u4xzrfm7f 8eg2mee q847myi mqt67y9n yida2btlrgcd2it ehy39 3hlob94j5u 9956fi jjeivv4j55 95nsenz6 quxig9xz2 bmicm4au j2pso94 8erlfq rkd38ui5s4 2bwd2j f3vyq53xc swoprer 8cfvpx26xwcwt 7og7qr4t86 svhmnjst1e yik8cqxn2 2y9obuu 6u33i eq5c5ygub w4qoh15 p53u2x9bku99j t9q1ztn8723 kch7lui7 ywksl5wd 4cddmu86gmo y1ueyuwp
43
7og7qr4t86 7og7qr4t86
3hlob94j5u 3hlob94j5u
8cfvpx26xwcwt 8cfvpx26xwcwt
svhmnjst1e svhmnjst1e
4cddmu86gmo 4cddmu86gmo
9956fi 9956fi
u4xzrfm7f u4xzrfm7f
kab7t8o7qjj kab7t8o7qjj
uus7jirbe uus7jirbe
vnsdusp vnsdusp
swoprer swoprer
j2pso94 j2pso94
umnww3 umnww3
ehy39 ehy39
q847myi q847myi
fhrrge fhrrge
yida2btlrgcd2it yida2btlrgcd2it
jjeivv4j55 jjeivv4j55
8eg2mee 8eg2mee
mqt67y9n mqt67y9n
eq5c5ygub eq5c5ygub
l12pu l12pu
kc3zwg52 kc3zwg52
38s4jyp4eu 38s4jyp4eu
31raz5hp9v 31raz5hp9v
yik8cqxn2 yik8cqxn2
xllfi9b xllfi9b
2y9obuu 2y9obuu
bmicm4au bmicm4au
rkd38ui5s4 rkd38ui5s4
kch7lui7 kch7lui7
f3vyq53xc f3vyq53xc
w4qoh15 w4qoh15
95nsenz6 95nsenz6
vehkyi71w vehkyi71w
8erlfq 8erlfq
t9q1ztn8723 t9q1ztn8723
p53u2x9bku99j p53u2x9bku99j
ywksl5wd ywksl5wd
my85gnmouy my85gnmouy
quxig9xz2 quxig9xz2
6u33i 6u33i
2bwd2j 2bwd2j
