Jacksonville Atlanta Fresno Atlanta SanFrancisco Nashville ElPaso Nashville VirginiaBeach ColoradoSprings Houston Philadelphia Oakland Albuquerque Oakland Phoenix OklahomaCity FortWorth OklahomaCity Boston SanJose Indianapolis LosAngeles Raleigh Memphis Raleigh Austin Omaha LongBeach LasVegas Seattle Portland Arlington Louisville Atlanta Jacksonville Milwaukee Tucson Columbus Detroit Tulsa Minneapolis Jacksonville
25
Philadelphia Philadelphia
LasVegas LasVegas
FortWorth FortWorth
Portland Portland
Memphis Memphis
Tulsa Tulsa
Fresno Fresno
SanFrancisco SanFrancisco
Columbus Columbus
Atlanta Atlanta
Seattle Seattle
SanJose SanJose
Phoenix Phoenix
ElPaso ElPaso
Tucson Tucson
LongBeach LongBeach
VirginiaBeach VirginiaBeach
Albuquerque Albuquerque
Indianapolis Indianapolis
Austin Austin
Minneapolis Minneapolis
Jacksonville Jacksonville
Louisville Louisville
Boston Boston
LosAngeles LosAngeles
