Chattanooga Cleveland SanAntonio Memphis Wichita Fayetteville Richmond Fayetteville Aurora Lexington Baltimore Aurora Orange Frisco KansasCity Frisco Orange Henderson Toledo Atlanta Chicago Naperville Orlando Albuquerque LosAngeles Albuquerque Cincinnati Paterson Cincinnati LongBeach GrandPrairie Hollywood Louisville Lubbock Corona Olathe Mobile Midland Anchorage Surprise OverlandPark Scottsdale Tempe Scottsdale Riverside Indianapolis FortLauderdale Savannah FortLauderdale SanDiego Sunnyvale Boise SanBernardino Tucson Fontana Oceanside CapeCoral LittleRock Shreveport LittleRock Phoenix GardenGrove Salinas Murfreesboro Charlotte Murfreesboro Salinas Bakersfield BatonRouge Detroit Vancouver Austin Plano Yonkers Durham Roseville FortWorth VirginiaBeach Glendale SanJose Denton Madison Joliet Madison Lincoln OklahomaCity SantaAna OklahomaCity Irvine Syracuse Irvine Norfolk Raleigh Hayward SantaClarita Hayward Akron RanchoCucamonga Newark RanchoCucamonga TianamenSquare Ontario TianamenSquare SaintPaul Washington Chandler PortStLucie Miramar Honolulu SanFrancisco Honolulu Fremont Huntsville Tacoma Oxnard Spokane Springfield Berkeley Knoxville WinstonSalem Cincinnati DesMoines NewportNews Alexandria HuntingtonBeach Jackson Brownsville Boston Salem FortCollins Pomona Buffalo Tallahassee MorenoValley Anaheim ChulaVista Anaheim NewYork Worcester Fresno GrandRapids CorpusChristi ElPaso Chattanooga
98
Yonkers Yonkers
Alexandria Alexandria
Joliet Joliet
Orlando Orlando
Lincoln Lincoln
Worcester Worcester
LittleRock LittleRock
GardenGrove GardenGrove
Aurora Aurora
DesMoines DesMoines
Surprise Surprise
Phoenix Phoenix
Knoxville Knoxville
Hayward Jacksonville Hayward
Oceanside Oceanside
Baltimore Baltimore
Henderson Henderson
Fremont Fremont
Riverside Riverside
Memphis Memphis
SanBernardino SanBernardino
Tacoma Tacoma
Wichita Wichita
Paterson Paterson
Washington Washington
Ontario Ontario
Bakersfield Bakersfield
SantaClarita SantaClarita
Cleveland Cleveland
Brownsville Brownsville
Savannah McAllen Savannah
Charlotte Charlotte
Corona Corona
Honolulu Honolulu
Springfield Springfield
Denton Denton
Tempe Tempe
Spokane Spokane
Glendale Glendale
Shreveport Shreveport
GrandPrairie GrandPrairie
Irvine Irvine
NewportNews NewportNews
Lexington Lexington
Olathe Olathe
SanFrancisco SanFrancisco
Scottsdale Scottsdale
Vancouver Vancouver
Indianapolis Indianapolis
Murfreesboro Murfreesboro
Anchorage Anchorage
FortWorth FortWorth
Austin Austin
Raleigh Raleigh
Anaheim Anaheim
SanJose SanJose
Fayetteville Fayetteville
Cincinnati Cincinnati
Oxnard Oxnard
Durham Durham
ChulaVista ChulaVista
SantaAna SantaAna
SaintPaul SaintPaul
FortLauderdale FortLauderdale
ElPaso ElPaso
Syracuse Syracuse
Madison Madison
GrandRapids GrandRapids
NewYork NewYork
CapeCoral CapeCoral
Louisville Louisville
Buffalo Buffalo
BatonRouge BatonRouge
Boston Boston
Boise Boise
Albuquerque Waco
Chicago Chicago
SanAntonio SanAntonio
KansasCity KansasCity
Richmond Richmond
Tallahassee Tallahassee
Salem Salem
Midland Midland
LosAngeles LosAngeles
Fontana Fontana
Berkeley Berkeley
PortStLucie PortStLucie
Plano Plano
Orange Orange
Newark Newark
Toledo Toledo
Naperville Naperville
Jackson Jackson
Akron Akron
Pomona Pomona
Lubbock Lubbock
Frisco Frisco
SanDiego SanDiego
