SaintPaul SanJose SanDiego Dallas Tucson Raleigh Tucson Detroit Denver JerseyCity Lincoln Minneapolis Bakersfield Minneapolis BatonRouge FortWorth LongBeach Baltimore ChulaVista Charlotte Phoenix Durham WinstonSalem Durham SantaAna Pittsburgh Mesa Indianapolis Mesa Baltimore Albuquerque FortWayne Anchorage FortWayne OklahomaCity Hialeah Glendale Columbus Milwaukee StPetersburg Lubbock Chesapeake Fresno Spokane Fresno Plano LosAngeles ElPaso Austin SanAntonio Austin Aurora Omaha Miami KansasCity NewOrleans Chandler Plano Fresno Lexington JerseyCity Laredo JerseyCity Toledo Tampa Houston Stockton SanFrancisco Madison Louisville Memphis Honolulu Scottsdale Newark Garland SaintPaul
49
Newark Newark
Plano Plano
Scottsdale Scottsdale
Denver Denver
Honolulu Honolulu
SanAntonio SanAntonio
Durham Durham
Lexington Lexington
FortWorth FortWorth
StPetersburg Henderson StPetersburg
Austin Austin
FortWayne FortWayne
Baltimore Baltimore
Houston Houston
Glendale Glendale
Pittsburgh Pittsburgh
SanDiego SanDiego
Tucson Tucson
WinstonSalem WinstonSalem
SanJose SanJose
SantaAna SantaAna
Hialeah Hialeah
Lincoln Lincoln
LongBeach LongBeach
Charlotte Charlotte
Spokane Spokane
Milwaukee Milwaukee
Toledo Atlanta
Laredo Laredo
Chesapeake Chesapeake
Dallas Dallas
Stockton Stockton
Columbus Columbus
Memphis Memphis
JerseyCity JerseyCity
Phoenix Phoenix
Chandler Chandler
Indianapolis Indianapolis
Lubbock Lubbock
Bakersfield Bakersfield
Tampa Tampa
Anchorage Anchorage
Raleigh Raleigh
NewOrleans NewOrleans
OklahomaCity OklahomaCity
ElPaso ElPaso
Aurora Aurora
Madison Madison
ChulaVista Cincinnati
