89 68 181 100 113 108 41 94 38 81 167 129 78 101 169 127 4 111 49 128 15 198 65 34 82 54 11 20 109 193 97 95 103 73 47 161 190 145 39 149 145 33 121 25 79 36 173 86 115 86 173 86 21 142 188 197 182 177 182 48 27 71 154 46 141 133 194 140 31 64 3 119 176 179 119 70 19 62 122 175 102 72 148 143 10 163 139 87 170 5 172 110 104 110 59 124 168 99 180 89 12 89
71
100 100
38 96 38
179 179
102 178 102
101 101
39 132 39 85
86 86 56
197 197
172 172
127 127 88 80
79 79
94 94 151
3 3 136
190 190
122 122 61
33 33
64 18 64
154 51 156
97 97
169 169
99 99 44
78 78
124 124
36 36
109 183 109
113 199
143 125 114
128 128 23
70 135 192 70
115 29
173 173
81 81
59 59
168 37
72 146 58
31 107 6 31
148 148 13
161 16 118 1
129 75
68 69
194 194
21 21
19 195
11 11
149 149
5 5
104 130
54 83
27 27
25 25
177 98 32
139 189
12 12 187
41 41
4 4
65 191 65
111 111
193 193
73 73
62 160 144
133 133
180 155
108 112
140 140
48 48 9
121 121
198 147
141 141
188 188
49 49
82 82
