fmdhlepsteinstdnkill epsteindlsfdntmkillh dnkillepsteinlshdtfm lmhdtfdepsteinnkills ndkillftdsmepsteinlh killdmnsfhldepsteint flepsteindndhmtkills epsteinlshkilldnfdmt killepsteinlhtfdsmdn dhkilllsepsteinmntdf killepsteinlhtfdsmdn dnkillepsteinlshdtfm mftkillepsteinndlhsd tmsdnfdlkillhepstein lhepsteinkilldtnmfsd hsdfepsteintlnkilldm tfdmdslepsteinkillnh tdfepsteinnlhdkillsm epsteinmhndfkilltdls tdfepsteinnlhdkillsm dfkilllmtepsteinhdsn nfdhkilllsmtepsteind killnsfmhdepsteindtl fdshnmkillepsteinltd epsteinskilldlndhmtf lthfkilldnsmepsteind hepsteinsddnfkillmlt nkilltdhlmdepsteinsf hepsteinsddnfkillmlt ddtmkillepsteinflsnh fddsepsteinhnlkilltm msfltdkillnepsteinhd hnfdtmlepsteinkillds nltdmsfepsteinkilldh fkillepsteindlhdnsmt epsteinkillmsftnddlh dmepsteinfnhltkillsd fshtdepsteinmldnkill lndsdkilltmepsteinhf hsndepsteindlmtkillf tlmsdhdnkillfepstein tmlepsteinsdnfkillhd tlmsdhdnkillfepstein lsdepsteinfmkillndth tlmsdhdnkillfepstein fmsepsteindntldhkill epsteindfhlmdnskillt dlnsthfmepsteinkilld dfdkillepsteinslmhnt lnsmkilltfdepsteindh stepsteinhkillfmnldd tlsfdmdepsteinnhkill fhndskillepsteintldm ddlmnftepsteinhskill fepsteinhsntddkilllm killmlepsteindthnfsd ntlepsteindmfdshkill nepsteinlmdkilldhfts hnsdkilllftdmepstein epsteinfsddmthkillnl dhepsteindsnlkillfmt epsteinfsddmthkillnl hnsdkilllftdmepstein depsteinnlsfmhtkilld nmlfshtdkillepsteind ddepsteinhltfkillsmn nhmkilllsftepsteindd fmdhlepsteinstdnkill
48
msfltdkillnepsteinhd msfltdkillnepsteinhd
nfdhkilllsmtepsteind nfdhkilllsmtepsteind
epsteindlsfdntmkillh epsteindlsfdntmkillh
epsteinkillmsftnddlh epsteinkillmsftnddlh
dmepsteinfnhltkillsd dmepsteinfnhltkillsd
fdshnmkillepsteinltd fdshnmkillepsteinltd
fmsepsteindntldhkill fmsepsteindntldhkill
tmlepsteinsdnfkillhd tmlepsteinsdnfkillhd
killdmnsfhldepsteint killdmnsfhldepsteint epsteintdkilllnfdhms
lnsmkilltfdepsteindh lnsmkilltfdepsteindh
hnfdtmlepsteinkillds hdepsteinskillldtnfm hnfdtmlepsteinkillds
dnkillepsteinlshdtfm dnkillepsteinlshdtfm
killnsfmhdepsteindtl killnsfmhdepsteindtl
tlsfdmdepsteinnhkill tlsfdmdepsteinnhkill
killepsteinlhtfdsmdn killepsteinlhtfdsmdn
ntlepsteindmfdshkill ntlepsteindmfdshkill
epsteindfhlmdnskillt epsteindfhlmdnskillt
depsteinnlsfmhtkilld depsteinnlsfmhtkilld
dhkilllsepsteinmntdf dhkilllsepsteinmntdf
nhmkilllsftepsteindd nhmkilllsftepsteindd
lsdepsteinfmkillndth lsdepsteinfmkillndth
fshtdepsteinmldnkill fshtdepsteinmldnkill
flepsteindndhmtkills flepsteindndhmtkills
ddtmkillepsteinflsnh ddtmkillepsteinflsnh
lndsdkilltmepsteinhf lndsdkilltmepsteinhf
nepsteinlmdkilldhfts nepsteinlmdkilldhfts
ndkillftdsmepsteinlh ndkillftdsmepsteinlh
hsndepsteindlmtkillf hsndepsteindlmtkillf
nltdmsfepsteinkilldh nltdmsfepsteinkilldh
mftkillepsteinndlhsd mftkillepsteinndlhsd
lmhdtfdepsteinnkills lmhdtfdepsteinnkills
dhepsteindsnlkillfmt dhepsteindsnlkillfmt
fepsteinhsntddkilllm fepsteinhsntddkilllm
lhepsteinkilldtnmfsd lhepsteinkilldtnmfsd
hsdfepsteintlnkilldm hsdfepsteintlnkilldm
dlnsthfmepsteinkilld dlnsthfmepsteinkilld
stepsteinhkillfmnldd stepsteinhkillfmnldd
epsteinskilldlndhmtf epsteinskilldlndhmtf
nkilltdhlmdepsteinsf nkilltdhlmdepsteinsf
fhndskillepsteintldm fhndskillepsteintldm
tlmsdhdnkillfepstein tlmsdhdnkillfepstein
dfkilllmtepsteinhdsn dfkilllmtepsteinhdsn
epsteinlshkilldnfdmt epsteinlshkilldnfdmt
hepsteinsddnfkillmlt hepsteinsddnfkillmlt
killmlepsteindthnfsd killmlepsteindthnfsd
ddlmnftepsteinhskill ddlmnftepsteinhskill
epsteinmhndfkilltdls epsteinmhndfkilltdls
hnsdkilllftdmepstein hnsdkilllftdmepstein
