dldkilltnmhfepsteins msddkilllthepsteinfn killthsepsteindmlfdn nepsteindhkillltmsfd killthsepsteindmlfdn depsteinslkillhdftmn killmfndshdtepsteinl hkilllepsteinnstfddm lsmftnepsteinkillhdd dflstmkillepsteindhn killdepsteinmfltdshn tsdnhkilllmepsteindf tdfkillslepsteinhdmn sldhnfmtdkillepstein tepsteinhsdkillmldfn shepsteinnkillftlddm msepsteintlhnfkilldd hmdkilllnepsteinfsdt killhtdmdlnsfepstein nfltdmkillsdepsteinh killhtdmdlnsfepstein fmtnkilldepsteindhsl mkillldnhepsteinstfd fmtnkilldepsteindhsl fhdmnepsteindkillslt nftmskilldldepsteinh mdkillnlsdtepsteinhf lhsntdepsteindkillmf lmkillepsteintsndfhd hepsteinntdkillsdmfl depsteintkilllnmsfdh hepsteinntdkillsdmfl lmkillepsteintsndfhd ndshkilldmlepsteinft shfnmltepsteindkilld killtdslhfdepsteinnm mhdskillldftnepstein dhmkillfdltnsepstein lkilldtnmsepsteindfh tsmdepsteinkillhfdln killfthnmsdlepsteind tsmdepsteinkillhfdln killmdshdtnflepstein fdskillndtmepsteinlh killmdshdtnflepstein sdndhepsteinltkillfm dfkilllepsteinsnmhtd ldfsmnepsteinkilltdh dkillldfepsteintsmnh dlshdtepsteinnkillfm dkillldfepsteintsmnh hmndfkillslepsteintd epsteindmshtfldnkill hsepsteinfkillnmddtl nmdhepsteinkilltfsld epsteinhnkillsldfdmt mkilldlshdtfepsteinn epsteinhdkillltsmfdn dnldkillhmfstepstein killdldepsteinmfsthn smtepsteinkilldfnhdl mfndlsdepsteinhkillt dsftepsteindhkillmnl sdlhfnmdepsteintkill dsftepsteindhkillmnl mfndlsdepsteinhkillt dmldfhskillntepstein mdkillntepsteindfhsl tndskilldfepsteinmhl dkillnmsfhtlepsteind ndkillthdepsteinlsmf dftkillhmldnepsteins mndtkillepsteindlfhs fddsmepsteintnkillhl ntmdhepsteinsdkillfl epsteinfthkilldnslmd mdkilllfdnstepsteinh fdmtdepsteinkilllsnh epsteinldtnfmshdkill thnkillmddsepsteinfl fthlkillnepsteindsdm depsteinftndhmkillsl epsteindkilltlmnhsfd depsteinftndhmkillsl hepsteinnfdmlsdtkill depsteinftndhmkillsl tldkillhsfnmepsteind depsteinlfnmkilldsht slepsteinkillfmddhtn epsteintfhndkilllmsd epsteinsnmflhtdkilld dtsmdnlhfepsteinkill mkillthfdlnepsteinds skillthlfndepsteindm fsepsteindkillhmtdln epsteinlmkillfshnddt fsepsteindkillhmtdln dhkillldsepsteintnmf epsteinfsltkillnhddm fmltddhnepsteinskill epsteinfsltkillnhddm dhkillldsepsteintnmf killtdmsdfhnepsteinl ltfnsdhepsteinkilldm tepsteinmdfldhnskill ltfnsdhepsteinkilldm killtepsteinddhlmnsf hnddkilltslmfepstein thdlskillnfdmepstein lepsteinkilldhfmstnd thdlskillnfdmepstein hnddkilltslmfepstein lkillfthdsepsteindnm dtnkillsepsteinmdfhl lkillfthdsepsteindnm nsepsteinfmdkillhldt hnskillepsteintfdmld hnsepsteinmkillfddtl dhtepsteinkillsdflmn killepsteinfdlhdtnms skillmfepsteinthddnl dkillnmhldstfepstein hdntepsteinkilllsdfm mhkillepsteinddlfsnt hdntepsteinkilllsdfm dkillnmhldstfepstein epsteinshlkilldmnfdt dfdepsteintlnskillhm ldepsteindhkilltsmfn lepsteindnhstfdmkill fhnmkillepsteinsdltd dlfdkilltepsteinhnms msddkilllthepsteinfn dldkilltnmhfepsteins
94
dlfdkilltepsteinhnms dlfdkilltepsteinhnms
sdndhepsteinltkillfm sdndhepsteinltkillfm
tldkillhsfnmepsteind tldkillhsfnmepsteind
mdkillntepsteindfhsl mdkillntepsteindfhsl
mdkillnlsdtepsteinhf mdkillnlsdtepsteinhf
tsdnhkilllmepsteindf tsdnhkilllmepsteindf
tsmdepsteinkillhfdln tsmdepsteinkillhfdln
fddsmepsteintnkillhl dhsepsteintlkillmfnd fddsmepsteintnkillhl
fhdmnepsteindkillslt fhdmnepsteindkillslt
epsteintfhndkilllmsd epsteintfhndkilllmsd tdkillepsteinsmhdfnl
fdskillndtmepsteinlh fdskillndtmepsteinlh
fsepsteindkillhmtdln killhdfnsepsteinmltd fsepsteindkillhmtdln
killtdmsdfhnepsteinl killtdmsdfhnepsteinl
fmltddhnepsteinskill fmltddhnepsteinskill
lepsteinkilldhfmstnd lepsteinkilldhfmstnd
lkilldtnmsepsteindfh lkilldtnmsepsteindfh
killmfndshdtepsteinl killmfndshdtepsteinl
mkillthfdlnepsteinds mkillthfdlnepsteinds
mdkilllfdnstepsteinh mdkilllfdnstepsteinh lkillepsteintdshmfnd
fhnmkillepsteinsdltd fhnmkillepsteinsdltd
msepsteintlhnfkilldd msepsteintlhnfkilldd
fdmtdepsteinkilllsnh fdmtdepsteinkilllsnh
slepsteinkillfmddhtn slepsteinkillfmddhtn
hnddkilltslmfepstein dmtlsfhnkilldepstein
sdlhfnmdepsteintkill sdlhfnmdepsteintkill
hepsteinnfdmlsdtkill hepsteinnfdmlsdtkill
ndkillthdepsteinlsmf ndkillthdepsteinlsmf
dkillnmhldstfepstein dkillnmhldstfepstein
lmkillepsteintsndfhd lmkillepsteintsndfhd
shfnmltepsteindkilld shfnmltepsteindkilld
mhkillepsteinddlfsnt mhkillepsteinddlfsnt
msddkilllthepsteinfn msddkilllthepsteinfn
lhsntdepsteindkillmf lhsntdepsteindkillmf
epsteinsnmflhtdkilld epsteinsnmflhtdkilld
dtsmdnlhfepsteinkill dtsmdnlhfepsteinkill
ldepsteindhkilltsmfn ldepsteindhkilltsmfn
depsteinftndhmkillsl depsteinftndhmkillsl
dfdepsteintlnskillhm dfdepsteintlnskillhm
depsteinlfnmkilldsht depsteinlfnmkilldsht lhepsteintndkilldsmf
tndskilldfepsteinmhl tndskilldfepsteinmhl
killhtdmdlnsfepstein killhtdmdlnsfepstein sndldftmkillepsteinh
dmldfhskillntepstein dmldfhskillntepstein
epsteinfthkilldnslmd epsteinfthkilldnslmd
skillmfepsteinthddnl skillmfepsteinthddnl
killfthnmsdlepsteind killfthnmsdlepsteind
epsteinhdkillltsmfdn epsteinhdkillltsmfdn
hepsteinntdkillsdmfl hepsteinntdkillsdmfl
depsteintkilllnmsfdh depsteintkilllnmsfdh
mhdskillldftnepstein mhdskillldftnepstein
hmdkilllnepsteinfsdt hmdkilllnepsteinfsdt
dlshdtepsteinnkillfm dlshdtepsteinnkillfm
ltfnsdhepsteinkilldm ltfnsdhepsteinkilldm
nfltdmkillsdepsteinh nfltdmkillsdepsteinh
tepsteinhsdkillmldfn tepsteinhsdkillmldfn
killdepsteinmfltdshn killdepsteinmfltdshn
mkillldnhepsteinstfd mkillldnhepsteinstfd
tdfkillslepsteinhdmn tdfkillslepsteinhdmn
killtdslhfdepsteinnm killtdslhfdepsteinnm
hnsepsteinmkillfddtl hnsepsteinmkillfddtl
hsepsteinfkillnmddtl hsepsteinfkillnmddtl
fmtnkilldepsteindhsl fmtnkilldepsteindhsl
nftmskilldldepsteinh nftmskilldldepsteinh
sldhnfmtdkillepstein sldhnfmtdkillepstein
hmndfkillslepsteintd hmndfkillslepsteintd
killthsepsteindmlfdn killthsepsteindmlfdn
dtnkillsepsteinmdfhl dtnkillsepsteinmdfhl
killtepsteinddhlmnsf killtepsteinddhlmnsf
lepsteindnhstfdmkill lepsteindnhstfdmkill
dhmkillfdltnsepstein dhmkillfdltnsepstein
nmdhepsteinkilltfsld nmdhepsteinkilltfsld
epsteinldtnfmshdkill epsteinldtnfmshdkill
thdlskillnfdmepstein thdlskillnfdmepstein
killdldepsteinmfsthn killdldepsteinmfsthn
ldfsmnepsteinkilltdh ldfsmnepsteinkilltdh
mkilldlshdtfepsteinn mkilldlshdtfepsteinn
epsteinlmkillfshnddt epsteinlmkillfshnddt
tepsteinmdfldhnskill tepsteinmdfldhnskill
lsmftnepsteinkillhdd lsmftnepsteinkillhdd
depsteinslkillhdftmn depsteinslkillhdftmn
dkillnmsfhtlepsteind dkillnmsfhtlepsteind
epsteindkilltlmnhsfd epsteindkilltlmnhsfd
ntmdhepsteinsdkillfl ntmdhepsteinsdkillfl
skillthlfndepsteindm skillthlfndepsteindm
dnldkillhmfstepstein dnldkillhmfstepstein
epsteinhnkillsldfdmt epsteinhnkillsldfdmt
nepsteindhkillltmsfd nepsteindhkillltmsfd
ndshkilldmlepsteinft ndshkilldmlepsteinft
dhtepsteinkillsdflmn dhtepsteinkillsdflmn
mndtkillepsteindlfhs mndtkillepsteindlfhs
epsteindmshtfldnkill epsteindmshtfldnkill
dflstmkillepsteindhn dflstmkillepsteindhn
hnskillepsteintfdmld hnskillepsteintfdmld
dfkilllepsteinsnmhtd dfkilllepsteinsnmhtd
thnkillmddsepsteinfl thnkillmddsepsteinfl
