tepsteinfdkilldlmhns hdkillfmtslndepstein slepsteinftndkillmdh htskillepsteindnlfdm sltkillfndepsteinmhd ndlmhepsteintdskillf dnhdskillepsteinmltf ndlmhepsteintdskillf tmhsnfepsteinldkilld fhntdkillmepsteinsld lepsteinfdkillsdnmht dhlepsteindkillsmtnf mfskillnhlddtepstein thmepsteinlkillfsndd nmhdkilltslepsteinfd ldnmepsteinhfstdkill hfskillnepsteinldtdm hdepsteinsmdtnflkill thsfnmkilldlepsteind killepsteintdldshfnm dtepsteindnhmskillfl fnmhskilldepsteinltd msnepsteinfkillhtdld snldmtkillfepsteindh epsteinthsdmndkillfl nkillsdtdhfmlepstein killepsteintdldshfnm tepsteinfdkilldlmhns
19
nkillsdtdhfmlepstein nkillsdtdhfmlepstein
ldnmepsteinhfstdkill skilldnmlhdftepstein hepsteinnfstkilllmdd ndlepsteinhdtskillfm
killepsteintdldshfnm killepsteintdldshfnm nlhtdsdepsteinfmkill
htskillepsteindnlfdm htskillepsteindnlfdm
thmepsteinlkillfsndd thmepsteinlkillfsndd
fnmhskilldepsteinltd fnmhskilldepsteinltd
nmhdkilltslepsteinfd hldmepsteindsnkilltf
snldmtkillfepsteindh snldmtkillfepsteindh
mfskillnhlddtepstein epsteindsmnlfdtkillh
ndlmhepsteintdskillf ndlmhepsteintdskillf
epsteinthsdmndkillfl epsteinthsdmndkillfl
lepsteinfdkillsdnmht lepsteinfdkillsdnmht nfdhepsteinltsdmkill
hdepsteinsmdtnflkill fnlskillhtepsteindmd hdepsteinsmdtnflkill
hfskillnepsteinldtdm killnfhdsdltepsteinm
msnepsteinfkillhtdld hkillmepsteinstdfdnl msnepsteinfkillhtdld
slepsteinftndkillmdh epsteinsdfmhltkillnd
thsfnmkilldlepsteind tskillepsteinhfmddnl
dhlepsteindkillsmtnf dhlepsteindkillsmtnf
tmhsnfepsteinldkilld tmhsnfepsteinldkilld
