BatonRouge Bellevue Anchorage Buffalo AtlanticCity Boulder Albuquerque Boston Beaumont AnnArbor Birmingham Bryan Albany Augusta Aurora Aberdeen BoiseCity Amarillo BonitaSprings Bethlehem Barnstable Baltimore Atlanta Berkeley Arvada Allentown Abilene Cambridge Bradenton Burbank BatonRouge
25
Aberdeen Aberdeen
Abilene Abilene
Albany Albany
Albuquerque Albuquerque
Amarillo Amarillo
Anchorage Anchorage
AnnArbor AnnArbor
Arvada Arvada
Atlanta Atlanta
AtlanticCity AtlanticCity
Aurora Aurora
Barnstable Barnstable
BatonRouge BatonRouge
Beaumont Beaumont
Berkeley Berkeley
Bethlehem Bethlehem
Birmingham Birmingham
BoiseCity BoiseCity
Boston Boston
Boulder Boulder
Bradenton Bradenton
Bryan Bryan
Buffalo Buffalo
Burbank Burbank
Cambridge Cambridge
