FortCollins Akron Elizabeth FortWaltonBeach Alexandria Lafayette Hampton Frederick Carrollton Berkeley ElMonte Berkeley DavidsonCounty Fontana Harrisburg Irvine Austin Lorain CedarRapids Corona Allentown Bremerton Grayslake Hollywood Erie Arvada Fargo BonitaSprings AnnArbor Bakersfield Cincinnati Fremont Cary Irving ColoradoSprings Layton Denver LasVegas Cleveland Kennewick Anaheim Harlingen Knoxville Hemet Independence Bellevue Lakeland ElPaso Boise CollegeStation Aberdeen Brownsville Fayetteville Appleton Jefferson Dallas Bradenton Bridgeport McAllen Chicago Clearwater Evansville Danbury Atlanta Manchester Leominster Albuquerque Jacksonville Charlotte Kalamazoo Fresno DalyCity Houston Gilbert Augusta BatonRouge Burbank Garland GrandRapids Killeen LasCruces Joliet Fairfield Lancaster Anchorage Lubbock Louisville Inglewood Hickory DesMoines Chandler LittleRock Greensboro Abilene Greensboro LittleRock Henderson BoiseCity Eugene Bethlehem Beaumont Detroit Lacey Brighton Elkhart Champaign FortCollins
94
Aberdeen Aberdeen Barnstable
Abilene Abilene
Akron Akron
Albuquerque Albuquerque
Alexandria Alexandria
Allentown Allentown
FortWaltonBeach Amarillo FortWaltonBeach
Anaheim Anaheim
Anchorage Anchorage
AnnArbor AnnArbor
Corona AppleValley
Appleton Appleton
Arvada Arvada
Atlanta Atlanta
Augusta Augusta
Austin Austin
Bakersfield Bakersfield
BonitaSprings Baltimore BonitaSprings
Beaumont Beaumont
Bellevue Bellevue
Berkeley Berkeley CapeCoral
Bethlehem Bethlehem
Boise Boise
BoiseCity BoiseCity
Bradenton Bradenton
Bremerton Bremerton
Brighton Brighton
Brownsville Brownsville
Burbank Burbank
Carrollton Carrollton
Cary Cary
CedarRapids CedarRapids
Champaign Champaign
Chandler Chandler
Chicago Chicago
Cleveland Cleveland
CollegeStation CollegeStation
ColoradoSprings ColoradoSprings
Dallas Dallas
DalyCity DalyCity
Danbury Danbury
DavidsonCounty DavidsonCounty
Denver Denver
DesMoines DesMoines
Detroit Detroit
ElMonte ElMonte
ElPaso ElPaso
Elizabeth Elizabeth
Elkhart Elkhart
Erie Erie
Eugene Eugene
Evansville Evansville
Fairfield Fairfield
Fargo Fargo
Fayetteville Fayetteville
Fontana Fontana
FortCollins FortCollins
Frederick Frederick
Fremont Fremont
Fresno Fresno
Garland Garland Indianapolis
Gilbert Gilbert
GrandRapids GrandRapids
Grayslake Grayslake
Hampton Hampton
Harlingen Harlingen
Harrisburg Harrisburg
Hemet Hemet
Henderson Henderson
Hickory Hickory
Hollywood Hollywood
Houston Houston
Independence Independence
Inglewood Inglewood
Irvine Irvine
Irving Irving
Jacksonville Jacksonville
Jefferson Jefferson
Joliet Joliet
Kalamazoo Kalamazoo
Kennewick Kennewick
Knoxville Knoxville
Lacey Lacey
Lafayette Lafayette Lakewood
Lakeland Lakeland
Lancaster Lancaster
LasCruces LasCruces
Layton Layton
Leominster Leominster
LittleRock LittleRock
Lorain Lorain
Louisville Louisville
Lubbock Lubbock
Manchester Manchester
