CorpusChristi Downey ElMonte Burbank Denver Alexandria BonitaSprings Dallas Bridgeport Chicago Appleton Chicago Denton Bremerton CathedralCity Anaheim Champaign Elkhart Chandler AppleValley DavidsonCounty ColoradoSprings DavidsonCounty Danbury BoiseCity Cleveland Brownsville Columbia Canton Charleston Clearwater Boulder Clearwater Bryan Deltona Anchorage BelAir Anchorage Davenport Buffalo Elizabeth Bloomington Buffalo Carrollton Arvada Albuquerque Columbus Detroit Beaumont Austin Asheville BatonRouge Augusta Arlington Escondido Chattanooga Boise Amarillo Cincinnati ElPaso Akron ElPaso CorpusChristi CapeCoral CorpusChristi
49
Akron Akron DalyCity
Albuquerque Albuquerque
Alexandria Alexandria
Amarillo Amarillo
Anaheim Anaheim
AppleValley AppleValley
Appleton Appleton
Arvada Arvada
Asheville Asheville
Augusta Augusta
Austin Austin
Beaumont Beaumont
BelAir BelAir
Bloomington Bloomington
BoiseCity BoiseCity
BonitaSprings BonitaSprings
Boulder Boulder
Bremerton Bremerton
Bridgeport Bridgeport
Brownsville Brownsville
Bryan Bryan
Canton Canton
CapeCoral CapeCoral
Carrollton Carrollton
CathedralCity CathedralCity
Champaign Champaign
Chandler Chandler
Charleston Charleston
Chattanooga Chattanooga
Chicago Chicago
Cincinnati Cincinnati
Clearwater Clearwater
ColoradoSprings ColoradoSprings
Columbia Columbia
Columbus Columbus
CorpusChristi CorpusChristi
Dallas Dallas
Danbury Danbury
Davenport Davenport
Deltona Deltona
Denton Denton
Denver Denver
Downey Downey
BatonRouge Durham
ElMonte ElMonte
ElPaso ElPaso
Elizabeth Elizabeth
Elkhart Elkhart
Escondido Escondido
