152 75 50 153 183 51 172 51 2 78 123 170 54 115 59 53 102 181 102 82 69 126 37 49 151 143 24 173 94 130 94 105 140 169 134 165 116 90 41 91 163 91 150 149 41 73 21 92 21 168 111 31 112 136 108 89 60 145 62 155 58 155 121 104 12 182 5 113 4 161 56 84 147 66 171 87 142 28 42 13 38 6 144 65 139 101 119 179 0 95 35 166 64 179 184 7 96 85 61 45 160 175 160 157 162 97 27 79 152
70
31 31
142 142
28 28
97 97
116 116
89 89
105 105
79 79
169 169
157 157
170 170
45 45
112 112
56 56
134 134
172 172
37 37
183 9 183
175 175
163 163
41 41
35 35
95 95
171 171
111 111
139 139
78 78
165 165
143 143
73 73
166 81 166
12 12
58 58
50 50
92 92
87 87
85 85
149 149
5 5
130 130 180
182 182
121 121
168 168
60 60
27 27
90 90
65 65
96 96
145 145
126 126
113 113
13 13
42 42
94 94
136 136
184 184
144 144
53 53
181 181
151 151
2 2
153 153
51 51
101 101
54 54
108 8
0 0
38 38
75 75
66 66
