10 59 10 92 15 53 30 52 30 88 30 35 84 85 0 3 70 34 71 3 74 24 45 72 41 87 86 50 4 57 9 56 91 31 79 78 48 42 81 42 80 19 8 60 93 61 6 97 66 40 67 98 67 43 77 43 23 21 69 68 21 23 89 54 55 90 2 82 83 82 2 63 95 94 62 35 64 65 26 96 20 58 10
46
50 50
87 51 87
52 52
53 53
54 54
55 55
56 56
57 57
58 58
59 59
60 60
61 61
62 62
63 63
64 64
65 65
66 66
67 67
68 68
69 69
70 70
71 71
72 72 73
74 74
24 75
77 76 77
78 78
79 79
80 80
81 81
82 82
83 83
84 84
85 85
86 86
88 88
89 89
90 90
91 91
92 92
93 93
94 94
95 95
96 96
97 97
98 98
