5 4 33 137 42 165 173 165 63 165 193 29 164 140 2 158 80 158 45 14 45 139 67 41 67 119 71 178 70 26 70 86 44 86 85 184 196 77 143 77 189 103 102 55 138 69 183 51 183 69 153 69 138 61 113 118 56 48 46 154 187 74 31 74 191 91 150 130 64 37 177 18 192 100 78 179 32 166 122 166 199 170 136 117 83 104 83 151 109 152 109 94 20 35 188 110 35 135 10 112 171 112 82 129 146 129 27 0 53 0 27 174 101 1 99 23 95 116 134 50 134 116 175 22 175 96 155 40 123 62 34 133 68 133 34 9 34 76 156 76 81 47 43 72 90 159 90 149 28 180 65 30 25 105 17 66 75 109 84 168 84 162 52 121 157 39 92 39 94 5
97
10 10
191 194
1 1
100 100
47 47
28 28
178 178
133 133
171 171
14 14
85 85
2 2
91 91
48 48
33 33
122 122
76 76
32 32
187 187
146 146
138 138
37 37
96 96
199 199
135 135
174 174
39 39
140 140
53 53
67 67
25 25
103 103
177 177
9 9
69 69
153 153
193 193
104 104
105 105
31 31
168 168
26 26
162 162
50 50
18 16 18
116 116
75 75
46 46
164 164
34 34
137 137
20 20 11
157 157
63 63
152 152 58
180 180
123 123
196 196
52 52
192 192
43 43
143 143
71 71
102 102
61 61
44 44
189 189
158 158
170 170
81 81
92 92
83 83
101 101
55 55
188 188
51 51
156 156
151 151
80 80
64 64
110 110
99 99
183 183
159 159
42 42
173 173
184 184
17 17
154 154
41 41
179 179
77 77
149 149
68 68
56 56
22 22
78 78
