A42 A100 A78 A100 A183 A84 A43 A163 A124 A145 A124 A12 A98 A132 A98 A148 A98 A50 A117 A187 A76 A39 A195 A32 A137 A16 A105 A9 A167 A77 A82 A194 A82 A65 A170 A66 A126 A66 A77 A115 A179 A115 A4 A7 A168 A125 A182 A125 A72 A162 A122 A11 A51 A11 A158 A17 A151 A95 A177 A112 A21 A44 A120 A44 A5 A136 A67 A13 A70 A13 A197 A198 A197 A142 A139 A52 A88 A113 A88 A56 A154 A56 A185 A193 A20 A193 A40 A73 A123 A73 A172 A143 A186 A34 A186 A64 A191 A30 A90 A30 A196 A30 A189 A3 A189 A2 A35 A58 A176 A57 A38 A57 A23 A184 A60 A92 A60 A184 A100 A42
78
A179 A179
A154 A118 A154
A105 A105
A13 A75 A13
A20 A20
A65 A65
A82 A82
A182 A102 A182
A148 A148 A192
A78 A78
A139 A139
A58 A58
A84 A84
A42 A42 A71
A196 A196
A51 A51
A72 A72 A37 A114
A98 A106 A144 A0 A98
A35 A159 A130 A35
A185 A185
A70 A70
A39 A39 A33 A128
A142 A142 A103
A90 A90
A32 A127 A32
A176 A176
A120 A120
A21 A21
A40 A40
A34 A94 A34
A4 A4
A117 A117
A5 A5
A125 A181
A100 A100
A167 A167
A23 A23
A2 A2 A135
A124 A124
A95 A95
A122 A122
A183 A93 A183
A9 A9
A76 A76
A186 A111 A107
A177 A177
A3 A3
A30 A30
A132 A132
A143 A143
A172 A172
A184 A184
A123 A123
A66 A45
A194 A194 A28
A57 A57
A43 A43
A7 A7
A126 A126
A189 A189
A113 A113
A168 A54
A88 A88
A137 A137
A17 A17
A191 A46 A191
A67 A67
A151 A96
A136 A136
A145 A145
A64 A64
A193 A193
A187 A187
A198 A198
A16 A16
A77 A77
A38 A38
A92 A92
