COM COL IDN RUS BLZ BEN BLM BHR BDI AZE BIH BHS BIH PRY MOZ PRY NPL MMR HMD GTM LAO LUX LAO KNA CRI MLT PSE NRU CAF BVT LKA KWT LTU SDN REU AFG REU CAN HTI GUM HKG KAZ HKG PRK NIU CZE CYP DEU CXR MWI ITA MWI ATG AUS NIC ABW NIC IRL NIC PNG POL MEX MLI CPV RWA DMA DJI MUS SGS NZL SGS KHM SGS LBR SGS SHN CHN COD GNQ PAK HUN JPN LBN KOR LCA HRV SAU DOM DZA MYS IRN IOT IRN MYS EGY GIB GHA GEO ESP ECU ESH FRA GBR GIN FSM FIN GAB FIN FSM NGA GMB GRC HND MAR HND COK CPV MHL MAC MHL PAN PCN GMB NGA NFK ALB ARE ARM MYT NER MTQ NER COM
93
CAF CIV CAF
CAN CAN
HND HND
MOZ MOZ
ITA ITA
KOR KOR
NER NER
MYT MYT
REU REU
GRC GRC
LUX LUX
CXR CXR
CPV LIE CPV
EGY EGY
MMR MMR
GNQ GNQ
PAN PAN
NPL NPL
SHN SHN
FRA FRA
ESP ESP
LKA LKA
BLM BLM
COD COG COD
GIB GIB
MAC MAC
MAR MAR
LBR LBR
KHM KHM
MEX MEX
ATG ATG
PRY MDA PRY
IDN IDN
ARM ARM
DZA DZA
SDN SDN
NRU NRU
GBR GBR
LBN LBN
MTQ MTQ
BDI BDI
DMA DMA
BHS BHS
NZL NZL
KNA KNA
GUM GUM
RUS RUS
COL COL
IRL IRL
AFG AFG
BEN BEN
COK COK
HKG HKG
NFK NFK JEY ALA
ESH ESH
ALB ALB
HRV HRV
HTI HTI
AZE AZE
HMD HMD
PNG PNG
SGS SGS
MLI MLI
PAK PAK
LAO LAO
GIN GIN
GEO GEO
KAZ KAZ
CYP CYP
FSM FSM
DEU DEU
POL POL
CHN CHN
KWT KWT
FIN FIN
IRN IRN
HUN HUN
DJI DJI
AUS AUS
LTU LTU
ARE ARE
PSE PSE
ABW ABW
NIU NIU
BHR BHR BMU
ECU ECU
IOT IOT
NIC NIC
GAB GAB
GMB GMB
JPN JPN
RWA RWA
GHA GHA
