DZA ALB ARG ALB AND ESP FIN AFG ABW AFG FIN FLK FIN ERI FSM GHA FSM GIB CAF CAN BRB CAN CIV CHE COD BRN BEL BDI BEN BLR BES BLM BFA BGD CYM CZE CXR CYM ARE DNK CUW DOM AUS GUY GRC GUY GNQ GRD GUM HMD GTM COG CCK CMR HKG GRL GLP ATA DMA HND GEO FRO FRA ECU GBR DZA
47
COD COD
FLK FLK
BRN BRN
DMA DJI
AND AND
FRO FRO
CAF CAF BVT
HMD HMD
ARG ARG
GRD GRD
DOM BHS DOM
HND HND
ALB ALB
BLM BLM
CCK CCK
GNQ GNQ
GLP GLP
CHE CHE
BGD BGD
GRC GRC
ATA ATA ATF
FSM FSM
ARE ARE
BES BES
FIN FIN
GUY CUB
COG COG
GHA GHA
GEO GEO
ABW ABW
CYM CYM
DNK DNK
BDI BDI
GBR GBR
ECU ECU
BRB BRB
CUW CUW
ERI ERI
FRA FRA
AUS AUS
CXR CXR
BFA BFA
BEN BEN
HKG HKG
CAN CAN
CZE CZE
BLR BLR
