Soda a b c d e f g h i j k l k j i h g f e d c b a Soda 66 70 71 72 73 72 71 70 66 67 85 86 87 88 87 86 85 67 80 81 82 83 82 81 80 67 68 90 91 92 93 92 91 90 68 95 96 97 98 97 96 95 68 67 66 75 76 77 78 77 76 75 66 Soda 50 51 52 61 52 53 64 53 52 51 58 51 50 55 50 Soda o p r s u w u s r p o Soda
34
a a0 a1
b b0 b1
c c0 c1
d d0 d1
e e0 e1
f f0 f1
g g0 g1
h h0 h1
i i0 i1
j j0 j1
k k0 k1
l l0 l1
w y
50 54
55 55 56
51 57
58 58 59
52 60
61 61 62
53 63
64 64 65
72 72
73 74
77 77
78 79
82 82
83 84
87 87
88 89
92 92
93 94
97 97
98 99
68 69
