100 88 100 86 85 164 165 104 156 153 115 111 113 116 113 111 119 121 76 10 11 12 33 36 70 27 15 30 16 59 25 59 16 61 26 45 44 4 71 4 44 2 46 142 46 2 17 1 54 61 14 34 7 39 78 39 7 34 103 13 29 43 72 40 8 9 6 74 73 41 3 42 144 129 130 131 50 133 141 20 136 188 21 56 21 188 136 20 141 133 50 19 47 48 49 51 23 53 18 55 58 98 94 95 189 192 191 193 184 186 181 161 159 82 112 155 108 65 102 86 100 31 100
59
1 1
2 2
3 3
4 4
71 5
6 6
7 7
8 8
9 9
10 10
11 11
12 12
13 13
14 14
15 15
16 16
17 17
18 18
19 19
20 20
21 21
25 22 25
23 23
55 24 55
26 26
27 27
36 28 36
29 29
30 30
31 31
88 32
33 33
34 34
78 37
39 39
40 40
41 41
42 42
43 43
44 44
45 45
46 46
47 47
48 48
49 49
50 50
51 51
53 52 53
54 54
56 56 57
58 58
59 59
61 60
111 111
121 121
153 153
165 165
189 182
192 192
