YuhuaEast Sennett SerangoonGarden SingaporeRiver ChinaSquare SerangoonNorth TagoreSindo Punggol BenoiSector MountPleasant PayaLebarEast Museum TohGuan PasirRisDrive ClementiNorth EvertonPark ReservoirView Moulmein GeylangEast MountEmily KebunBahru Tampines PengSiang BukitBatokWest DhobyGhaut Cairnhill ChangiPoint Trafalgar OneTreeHill SembawangStraits Shipyard PasirRisPark BedokSouth Matilda Geylang OrangeGrove PeoplesPark BayfrontSubzone SungeiKadut Kembangan HongKah UpperThomson ChoaChuKang DefuIndustrialPark HougangCentral Saujana BoatQuay Aljunied YioChuKang Mountbatten Northland WoodlandsWest BukitBatokSouth PasirPanjang2 SerangoonCentral Khatib SimpangNorth AlexandraNorth SimpangNorth Paterson PulauPunggolTimor YioChuKangEast UluPandan Dunearn SembawangHills Dunearn KeatHong HongKahNorth SouthernIslands WestCoast TuasNorthPioneer Chatsworth InstitutionHill KentRidge Commonwealth SungeiRoad WaterwayEast SungeiRoad Kranji PangSua Kranji MandaiWest NatureReserve ChangiWest NatureReserve TampinesNorth Boulevard RochorCanal Port BukitTimah AngMoKioTownCentre Anson OneNorth JurongWestCentral ClementiWest IstanaNegara BedokNorth Serangoon Brickworks KampongUbi TelokBlangahRise Sentosa EastCoast Sembawang PearlsHill MandaiEast DairyFarm PeiChun JurongPort JooSengPayaLebar Tanglin TuasPromenade TiongBahru TuasBay PunggolField LowerSeletar BoonLayPlace ChengSan Mandai PasirRis CityHall TelokBlangahDrive YuhuaEast
100
Northland Northland
HongKah HongKah
AngMoKioTownCentre AngMoKioTownCentre
SerangoonNorth SerangoonNorth
Paterson Paterson
Punggol Punggol
YioChuKang YioChuKang
KentRidge KentRidge
Commonwealth Commonwealth
KeatHong KeatHong
HongKahNorth HongKahNorth
BedokNorth BedokNorth
Serangoon Serangoon
OneTreeHill OneTreeHill
EastCoast EastCoast
Sennett Sennett
WaterwayEast WaterwayEast
SungeiKadut SungeiKadut
TuasPromenade TuasPromenade
Museum Museum
Mountbatten Mountbatten
PayaLebarEast PayaLebarEast
LowerSeletar LowerSeletar
BedokSouth BedokSouth
SembawangStraits SembawangStraits
TuasNorthPioneer TuasNorthPioneer
CityHall CityHall
TelokBlangahRise TelokBlangahRise
SungeiRoad SungeiRoad
SimpangNorth SimpangNorth
IstanaNegara IstanaNegara
HougangCentral HougangCentral
PasirRisDrive PasirRisDrive
PangSua PangSua
Trafalgar Trafalgar
Tampines Tampines
BenoiSector BenoiSector
ChoaChuKang ChoaChuKang
Moulmein Moulmein
TiongBahru TiongBahru
BukitBatokSouth BukitBatokSouth
PasirRis PasirRis
TagoreSindo TagoreSindo
Shipyard Shipyard
JurongPort JurongPort
ClementiNorth ClementiNorth
GeylangEast GeylangEast
Khatib Khatib
Matilda Matilda
Brickworks Brickworks
BukitBatokWest BukitBatokWest
Aljunied Aljunied
SerangoonGarden SerangoonGarden
SerangoonCentral SerangoonCentral
PearlsHill PearlsHill
SembawangHills SembawangHills
SingaporeRiver SingaporeRiver
PasirRisPark PasirRisPark
BoatQuay BoatQuay
BoonLayPlace BoonLayPlace
EvertonPark EvertonPark
AlexandraNorth AlexandraNorth
PeiChun PeiChun
PunggolField PunggolField
Sentosa Sentosa
InstitutionHill InstitutionHill
TohGuan TohGuan
DhobyGhaut DhobyGhaut
ReservoirView ReservoirView
JooSengPayaLebar JooSengPayaLebar
DairyFarm DairyFarm
PulauPunggolTimor PulauPunggolTimor
Tanglin Tanglin
Saujana Saujana
UluPandan UluPandan
TampinesNorth TampinesNorth
TuasBay TuasBay
Geylang Geylang
Cairnhill Cairnhill
Sembawang Sembawang
WoodlandsWest WoodlandsWest
OneNorth OneNorth
Mandai Mandai
YioChuKangEast YioChuKangEast
Port Port
DefuIndustrialPark DefuIndustrialPark
UpperThomson UpperThomson
ChinaSquare ChinaSquare
JurongWestCentral JurongWestCentral
PeoplesPark PeoplesPark
MandaiEast MandaiEast
ChangiWest ChangiWest
BayfrontSubzone BayfrontSubzone
KebunBahru KebunBahru
Kembangan Kembangan
OrangeGrove OrangeGrove
ChangiPoint ChangiPoint
SouthernIslands SouthernIslands
RochorCanal RochorCanal
Chatsworth Chatsworth
