Latias Shelgon Dartrix Keldeo Petilil Luvdisc Staryu Infernape Scolipede Bounsweet Wurmple Exeggutor Relicanth Elgyem Charmeleon Vibrava Palkia Reshiram Noivern Jigglypuff Magearna Raticate Toxicroak Latias
22
Raticate Raticate
Noivern Talonflame Noivern
Petilil Petilil
Shelgon Shelgon
Charmeleon Charmeleon Golisopod
Wurmple Wurmple
Jigglypuff Jigglypuff
Toxicroak Toxicroak
Vibrava Primeape Vibrava
Infernape Infernape
Magearna Magearna
Dartrix Dartrix
Staryu Staryu
Elgyem Elgyem
Keldeo Keldeo
Scolipede Scolipede
Exeggutor Exeggutor
Reshiram Reshiram
Luvdisc Luvdisc
Palkia Palkia
Bounsweet Bounsweet
Relicanth Relicanth
