Qwilfish Drampa Shellos Magmar Inkay Slurpuff Metang Lotad Amoonguss Stufful Conkeldurr Stufful Woobat Escavalier Weezing Metapod Gengar Metapod Sandile Meloetta Scatterbug Taillow Drapion Vullaby Porygon2 Crawdaunt Weezing Vespiquen Shellder Bastiodon Whismur Bounsweet Froakie Magnemite Swadloon Munna Skorupi Skiddo Noibat Nincada Comfey Magnemite Weepinbell Honedge Seaking Treecko Kakuna Tauros Wailord Plusle Jumpluff Steenee Volcarona Magmar Noibat Simisear Sandile Drampa Qwilfish
50
Volcarona Volcarona
Meloetta Meloetta
Gengar Gengar
Whismur Whismur
Qwilfish Qwilfish
Simisear Simisear
Metapod Metapod
Woobat Woobat
Sandile Sandile
Steenee Steenee
Nincada Nincada
Swadloon Swadloon
Tauros Tauros
Drapion Drapion
Scatterbug Scatterbug
Vullaby Vullaby
Porygon2 Porygon2
Escavalier Escavalier
Vespiquen Vespiquen
Crawdaunt Crawdaunt
Seaking Seaking
Magnemite Magnemite
Magmar Magmar
Munna Munna
Skorupi Skorupi
Stufful Stufful
Bastiodon Bastiodon
Noibat Noibat
Weezing Weezing
Froakie Froakie
Taillow Taillow
Metang Metang
Weepinbell Weepinbell
Drampa Drampa
Bounsweet Bounsweet
Slurpuff Slurpuff
Honedge Honedge
Plusle Plusle
Treecko Treecko
Shellder Shellder
Inkay Inkay
Lotad Lotad
Conkeldurr Conkeldurr
Shellos Shellos
Skiddo Skiddo
Amoonguss Amoonguss
Wailord Wailord
Comfey Comfey
Jumpluff Jumpluff
Kakuna Kakuna
