DK HI HJ HD HF HB HE GZ HC GX GY GT GR GV FZ GN GB FT FW FG FP FN FD FA FB EY EW ET EQ EO ES EL EM EN EP EF EB ED DU EA DZ DX DT DP DO DM DN DF DL DI CY DE DB DD CW CX CU CM CS CP CK CT CG CA CI CE CD CC BW BZ BV BR BL BM BP BI BH BC BF AZ AY AV AU AO AT AK AN AG AM AB AA DK
90
FA FA
CS CS
BC BC
CA CA
DI DI
BH BH
EY EY
DZ DZ
GB GB
DN DN
HJ HJ
AU AU
GY BE GY
CW CW
AO AO
CE CE
AN AN
EN EN
DP DP
HE HE
DF DF
DU DU
AB AB
AZ AZ
AG AG
DM DM
DX DX
ED ED
CT CT
FZ FZ
HC HC
FB FB
CP CP
DO DO
EO EO
AK AK
DB DB
CY CY
EA EA FH
CD CD
GT CR GT
FP FP
EL EL
FG FG
BV BV
DL DL
EP EP
HF HF
FN FN
GX GX
BW BW
DD DD
AT AT GG
EQ EQ
HI HI
EB EB
FT FT
CI CI
AM AM
FW FW
CM CM
BI BI
CK CK
GV GV
ET ET
GZ GZ
EM EM
EW EW
GR GR
BR BR
CC CC
BL BL
FD FD
AA AA
CU CU
DE DE
BF BF
AY AY
EF EF
DT DT
ES ES
AV AV
HB HB
BM BM
BP BP
CG CG
HD HD
GN GN
BZ BZ
CX CX
