a gp gn gh gb fz gm ga fy fu et c fa b k w j ep h ec p eg m dt u y ab ae ag aj ar az bb ap cv bi bl br cl by cb ch cd dq er bm cp bd cs ak df ci bz em ey dm an du o ea ah en dn fg ew eu dx ev aw eq fb t dv bf de cq bc ct ed ex ff fs dj fl dg fn fh do ck bv fd fv fr e a
94
aj aj
fl fl
et et l
aw aw
ci ci
fy fy
fn fn
w w
ec ec
eu eu
ae ae
ey ey
cv cv
ep ep
a aa ee gl cu a al
de de
em em
m m
bl bl
gn gn
dq dq
az az
ex ex
u u
en en
df df
dm dm
y y
du du
dt dt
ff ff
cl cl
e e
bi bi
fb fb
dx dx
bd bd
ct ct
bc bc
ga ga
eq eq
eg eg
dg dg
p p
ag ag
bm bm
b b
ck ck
fh fh
ap ap
fa fa
cs cs
fz fz
do do
fv fv
ev ev
ar ar
er er
ea ea
fd fd
t t
h h
fr fr
ew ew
c c
cq cq
ak ak
fg fg
j j
fu fu
gp gp
bv bv
gh gh
dn dn
o o
ah ah
dj dj
gb gb
br br
cd cd
k k
gm gm
ch ch
fs fs
by by
bf bf
ed ed
an an
cp cp
cb cb
bz bz
ab ab
bb bb
dv dv
