Fizz Bane Orianna Kled Xayah Slark Gragas Terrorblade Talon Tiny Lucian Chen Visage VelKoz Fiddlesticks BountyHunter Venomancer Syndra Nunu Jinx Magnus Kassadin LoneDruid Cassiopeia SpiritBreaker Puck Omniknight Rengar Azir Heimerdinger Annie ShadowFiend LeBlanc Timbersaw Warlock Huskar TrollWarlord Kayn Irelia Ryze Jayce Thresh FacelessVoid Beastmaster NightStalker Quinn KhaZix Mirana Medusa ShadowShaman Vi Karma Amumu StormSpirit Zed Rumble Rubick Vladimir Kennen Nidalee Katarina DeathProphet Pantheon JarvanIV Janna Undying Oracle Sniper Zilean Techies Brewmaster CentaurWarrunner ShadowDemon Trundle Ekko WinterWyvern Morphling Ziggs Tristana TahmKench Singed Weaver Sven Slardar Leona Sona Yorick Nasus Viktor Fizz
89
Thresh Thresh
Heimerdinger Heimerdinger
Huskar Huskar
Sven Sven
Nasus Nasus
Medusa Medusa
Tiny Tiny
Katarina Katarina
Terrorblade Terrorblade
KhaZix KhaZix
Slardar Slardar
Kassadin Kassadin
Gragas Gragas
Kennen Kennen
CentaurWarrunner CentaurWarrunner
Sniper Sniper
WinterWyvern WinterWyvern
Nidalee Nidalee
NightStalker NightStalker
Annie Annie
Singed Singed
Quinn Quinn
Ekko Ekko
Venomancer Venomancer
Karma Karma
Omniknight Omniknight
StormSpirit StormSpirit
BountyHunter BountyHunter
Warlock Warlock
Weaver Weaver
ShadowFiend ShadowFiend
DeathProphet DeathProphet
Fiddlesticks Fiddlesticks
Janna Janna
Undying Undying
Rengar Rengar
Fizz Fizz
Magnus Magnus
Visage Visage
TrollWarlord TrollWarlord
Kled Kled
Jinx Jinx
Syndra Syndra
Sona Sona
Azir Azir
LoneDruid LoneDruid
Zed Zed
Rubick Rubick
Morphling Morphling
Irelia Irelia
Techies Techies
Beastmaster Beastmaster
FacelessVoid FacelessVoid
VelKoz VelKoz
LeBlanc LeBlanc
Amumu Amumu
Pantheon Pantheon
ShadowDemon ShadowDemon
Puck Puck
SpiritBreaker SpiritBreaker
Bane Bane
Yorick Yorick
Vladimir Vladimir
Ryze Ryze
Mirana Mirana
Slark Slark
Orianna Orianna
Trundle Trundle
JarvanIV JarvanIV
Timbersaw Timbersaw
Jayce Jayce
Ziggs Ziggs
Tristana Tristana
Xayah Xayah
Cassiopeia Cassiopeia
Chen Chen
Viktor Viktor
Leona Leona
Oracle Oracle
Lucian Lucian
Vi Vi
Nunu Nunu
Brewmaster Brewmaster
ShadowShaman ShadowShaman
Talon Talon
Rumble Rumble
Zilean Zilean
TahmKench TahmKench
Kayn Kayn
