Pantheon Ahri ArcWarden Spectre Ezreal Nunu MasterYi SpiritBreaker Rumble Tailyah Magnus ChaosKnight Lich Kled Jhin Skarner Bard BountyHunter WraithKing Jax Phoenix Galio CentaurWarrunner Ziggs Akali Heimerdinger Lux Draven Jinx Xerath Malphite Morgana Bristleback Maokai Slark Jayce Lucian CrystalMaiden KogMaw Disruptor Anivia Tiny NightStalker Talon TrollWarlord Shyvana Ashe Oracle LoneDruid Pantheon
48
Jinx Jinx
Nunu Nunu
Akali Akali
Spectre Spectre
Anivia Anivia
CrystalMaiden CrystalMaiden
CentaurWarrunner CentaurWarrunner
Oracle Oracle
Xerath Xerath
Jayce Jayce
Disruptor Disruptor
Lux Lux
Jhin Jhin
BountyHunter BountyHunter
Malphite Malphite
Tiny Tiny
Draven Draven
Rumble Rumble
LoneDruid LoneDruid
NightStalker NightStalker
Ezreal Ezreal
Tailyah Tailyah
KogMaw KogMaw
Ziggs Ziggs
Talon Talon
Morgana Morgana
Skarner Skarner
Magnus Magnus
Jax Jax
Lich Lich
Heimerdinger Heimerdinger
Ashe Ashe
ChaosKnight ChaosKnight
Kled Kled
MasterYi MasterYi
Bard Bard
ArcWarden ArcWarden
SpiritBreaker SpiritBreaker
Bristleback Bristleback
Maokai Maokai
Slark Slark
Phoenix Phoenix
TrollWarlord TrollWarlord
WraithKing WraithKing
Ahri Ahri
Galio Galio
Shyvana Shyvana
Lucian Lucian
