L16 L49 L141 L128 L21 L11 L125 L134 L83 L91 L75 L53 L65 L1 L130 L5 L150 L143 L149 L4 L62 L24 L35 L152 L95 L16 L73 L138 L56 L140 L2 L116 L101 L80 L10 L67 L55 L100 L12 L28 L150 L151 L38 L146 L47 L16
42
L4 L4
L35 L106 L35
L24 L7 L24
L62 L62 L153 L124 L82
L125 L125
L91 L78 L91 L43
L95 L95
L49 L131 L133 L68
L83 L83
L80 L119 L92 L80 L90
L16 L29 L16
L146 L146 L20
L140 L114 L140
L11 L89 L107 L11
L150 L104 L150 L87 L85 L145 L9
L5 L18 L5
L21 L144 L109 L94 L21 L147
L130 L130
L151 L126 L151
L100 L100
L75 L75 L142
L12 L79 L12
L134 L139 L74 L134
L56 L56 L70
L101 L93 L101
L38 L76 L38
L2 L2
L47 L103 L77 L47
L138 L138 L27 L61 L63
L143 L40 L143
L28 L28 L52
L149 L149
L53 L53 L110
L1 L1
L65 L65
L67 L67
L10 L72
L128 L128 L129 L22
L116 L8 L84
L73 L99
L141 L141
L152 L152
