location1 location90 location56 location20 location133 location58 location181 location129 location159 location33 location100 location136 location6 location157 location149 location180 location105 location175 location32 location87 location96 location85 location158 location28 location179 location93 location188 location43 location37 location65 location177 location161 location68 location91 location82 location3 location110 location164 location74 location172 location130 location94 location195 location95 location2 location11 location185 location35 location197 location13 location16 location140 location49 location26 location30 location123 location40 location184 location199 location97 location75 location139 location146 location92 location193 location190 location69 location107 location148 location5 location114 location44 location12 location128 location25 location111 location152 location17 location57 location143 location169 location127 location154 location165 location116 location10 location108 location27 location178 location1
88
location69 location69
location35 location35
location37 location106 location182 location59 location37
location16 location16
location20 location20
location180 location180
location97 location97
location158 location158
location11 location11
location177 location177
location25 location25
location43 location43 location118
location157 location157
location169 location169
location123 location123
location82 location82
location28 location28
location110 location110 location142
location12 location12
location105 location105
location179 location179
location92 location92
location57 location57
location65 location65
location6 location6
location74 location74
location116 location116
location195 location195
location164 location164
location68 location68
location108 location108
location91 location91
location143 location143 location171 location186
location140 location140
location2 location2
location49 location49
location188 location188
location133 location133
location94 location196 location22 location94
location95 location150 location95
location165 location165
location159 location159
location85 location85
location17 location17
location197 location197
location139 location139
location128 location128
location149 location149
location90 location90
location130 location130
location199 location199
location152 location152
location27 location27
location5 location5
location146 location146
location100 location100
location13 location13
location56 location56
location136 location136 location109
location184 location184
location107 location107
location129 location129
location87 location87
location93 location93
location40 location46 location40
location114 location114
location175 location175
location33 location33
location58 location58
location181 location181
location3 location3
location44 location44
location127 location127
location172 location172
location148 location148
location111 location111
location154 location154
location32 location32
location26 location26
location30 location30
location96 location96
location10 location10
location178 location178
location193 location193
location75 location75
location185 location185
location190 location190
location161 location161
