0 158 199 192 178 189 16 159 125 157 50 180 119 74 156 116 8 103 190 94 31 115 170 188 198 193 60 195 29 68 33 18 93 4 2 160 129 24 70 35 32 38 163 131 19 96 142 77 136 46 179 197 80 12 109 133 52 86 3 51 17 9 78 39 191 183 184 69 21 174 105 126 185 177 58 0
75
199 199
39 39
58 58
188 188
3 3
52 52
125 125
160 160
12 12
78 78
19 19
32 32
195 195
136 136
116 116
119 119
170 170
197 197
183 183 43
126 126
31 31
179 179
2 2
94 94
33 33
105 105
74 74
68 68
184 184
8 143 8
142 142
21 21 182
24 24
180 180
156 156
157 157
16 16
96 96
0 0
131 131
174 174
115 115
185 185
93 194 93
103 103
158 158
38 38
69 69
177 177
17 17
46 46
80 80
191 191
86 86
198 198
163 163
4 4
190 190
60 60
35 35
50 50
192 192
189 189
18 18
29 29
133 133
109 109
178 178
70 70
159 159
77 62 77
51 51
193 193
9 9
129 129
