190 135 166 56 45 153 5 95 188 134 99 2 182 113 94 141 30 111 189 93 116 164 93 136 165 8 67 33 58 83 129 132 152 132 92 106 137 6 121 145 38 61 52 138 47 4 172 192 84 186 23 168 103 44 64 55 36 55 34 16 21 176 169 57 50 54 163 32 69 108 3 9 118 181 102 198 109 1 156 133 147 27 173 159 101 148 185 112 89 117 22 104 10 68 25 22 117 89 100 179 11 66 71 171 195 146 193 139 46 62 107 76 60 190
91
165 165
60 60
146 146
185 185
141 141
138 138
104 104
55 55
192 192
176 176
188 188
102 29 102
36 36
1 1 142
34 34
11 11
166 166
113 123 113
3 3
50 50
62 62
118 118
168 168
182 182
117 117
172 172
69 69
109 109
21 21
61 61
112 112 149
94 94
139 139
54 54
33 33 114
101 177 101
2 2
135 135
137 137
27 27
179 179
129 129
133 133
10 10
47 47
95 162 95
5 5
99 99
76 76
156 156
193 40 193
38 38 65
57 57
153 153
92 92
23 23
52 52
163 163
100 100
66 66
169 169
71 71
22 22
56 56
121 121
132 132
198 198
186 186
32 32
195 195
30 30
45 45
84 84
46 46
44 44
181 181
108 108
93 93
67 67
136 136
8 8
173 173
116 116
106 106
111 111
152 152
83 83
164 164
103 103
68 68
189 189
