Liam Benjamin Wyatt Daniel Joseph Jacob Joseph Michael Luke Oliver Charles Andrew Lucas Jackson Ethan Logan Noah Mason Sebastian Mason William Carter William Elijah Mason Samuel Alexander Samuel James Aiden Liam
22
Liam Liam
Noah Noah
William William
James James
Logan Logan
Benjamin Benjamin
Mason Mason
Elijah Elijah
Oliver Oliver
Jacob Jacob
Lucas Lucas
Michael Michael
Alexander Alexander Henry
Ethan Ethan
Daniel Daniel
Joseph Matthew Joseph
Aiden Aiden David
Jackson Jackson
Samuel Samuel
Sebastian Sebastian
Carter Carter
Wyatt Wyatt
