Liam Isaiah Joseph Mateo Sebastian David Theodore Nicholas Jordan Jacob Roman Maverick Cooper Matthew Cooper Jordan Asher Luke Noah Lucas Eli Wyatt Eli Jackson Eli Dominic Oliver Dominic Carter Benjamin Sawyer John Sawyer Jose Owen Dylan Thomas James Thomas Ezra Michael Jaxson Brayden Ethan Logan William Aiden Elijah Mason Jayden Adam Ian Henry Ian Robert Daniel Isaiah Liam
30
Liam Liam
Noah Noah
William William
James James
Logan Logan
Benjamin Benjamin
Mason Mason
Elijah Elijah
Oliver Oliver
Jacob Jacob
Lucas Lucas
Michael Michael
Mateo Alexander
Ethan Ethan
Daniel Daniel
Matthew Matthew
Aiden Aiden
Henry Henry
Joseph Joseph
Jackson Jackson
Brayden Samuel
Sebastian Sebastian
David David
Carter Carter
Wyatt Wyatt
Jayden Jayden
John John
Owen Owen
Dylan Dylan
Luke Luke
