Liam Evan Jude Zachary Hunter Thomas Hunter Zachary Jude Jace Jude Theodore Rowan Austin Hayden Christian Hayden Bennett Landon William Beau Dean Patrick Oliver Andrew Dylan Lincoln Max Grant Cooper Grant Antonio Owen Antonio Kaleb Elias Kaleb Santiago Carter Elliott Caleb Cameron Gabriel Victor Dominic Maximus Joseph Robert Giovanni Abraham Grayson Alexander Grayson Elliot Brody David Brody Elliot Jasper Connor Tucker Charles Mason Charles Tucker Colton Adam Malachi Bryson Leo Bryson Malachi Henry Jayce Matthew John Messiah Eric Samuel Eric Greyson Chase Aaron Amir Miguel Mateo Aiden Richard Preston Jonathan Preston Jose Ezra Jackson Ezra Ezekiel Jeremiah Ezekiel Maddox Xander Oscar Levi Oscar Bryce Sebastian Edward Wyatt Gael Dawson Alejandro Ian Alejandro Dawson Declan Brayden Asher Brayden Brantley Ethan Brantley Kai Christopher Kai Carson Kai Justin Josiah Julian Matteo Jameson Benjamin Jameson Hudson Jameson Daniel Nicholas Waylon Tyler Eli Sawyer Steven Xavier Ryan Nolan Logan Nolan Elijah Adrian Elijah Nolan Miles Luke Finn Jacob Finn Kevin Nathan Kevin Weston Jaxson Angel Anthony Maverick Noah Lucas Joshua Jack Jordan Liam
87
Liam Liam
Noah Noah
William William
Steven James
Logan Logan
Benjamin Benjamin Jaxon
Mason Mason
Elijah Elijah
Oliver Oliver
Jacob Jacob
Lucas Lucas
Aaron Michael Aaron
Alexander Alexander
Ethan Ethan
Daniel Daniel
Matthew Matthew
Aiden Aiden
Henry Henry
Joseph Joseph
Jackson Jackson
Samuel Samuel
Sebastian Sebastian
David David
Carter Carter
Wyatt Wyatt
Max Jayden
John John
Owen Owen
Dylan Dylan
Luke Luke
Gabriel Gabriel
Anthony Anthony
Kaleb Isaac
Grayson Grayson
Jack Jack
Julian Julian
Levi Levi
Christopher Christopher
Joshua Joshua
Andrew Andrew
Lincoln Lincoln
Mateo Mateo
Ryan Ryan
Nathan Nathan
Hunter Isaiah Hunter
Thomas Thomas
Charles Charles
Caleb Caleb
Josiah Josiah
Christian Christian
Eli Eli
Jonathan Jonathan
Connor Connor
Landon Landon
Adrian Adrian
Asher Asher
Cameron Cameron
Leo Leo
Theodore Theodore
Jeremiah Jeremiah
Hudson Hudson
Robert Robert
Richard Easton
Nolan Nolan
Nicholas Nicholas
Ezra Ezra
Colton Colton
Angel Angel
Brayden Brayden
Jordan Jordan
Dominic Dominic
Austin Austin
Ian Ian
Adam Adam
Elias Elias
Jaxson Jaxson
Greyson Greyson
Jose Jose
Ezekiel Ezekiel
Carson Carson
Evan Evan
Maverick Maverick
Bryson Bryson
Jace Jace
Cooper Cooper
Xavier Xavier
Waylon Parker
