zero seven fourteen thirteen twelve eleven ten seventeen twentyfour thirtyone thirtyeight fortyfive fiftytwo fiftynine sixtysix seventythree eighty eightyseven eightyeight ninetyfive onehuntwo onehunnine onehunsixteen onehuntwentythree onehunthirty onehunthirtyseven onehunfortyfour onehunfortythree onehunfifty onehunfiftyseven onehunsixtyfour onehunsixtythree onehunsixtyfour onehunsixtyfive onehunsixtysix onehunseventythree onehunseventyfour onehunseventyfive onehunsixtynine onehunseventy onehunseventyone onehunseventyeight onehunseventynine onehuneighty onehuneightyone onehuneightytwo onehunseventysix onehunseventyseven onehuneightyfour onehuneightythree onehunninety onehunninetyone onehunninetytwo onehunninetythree onehunninetyfour onehuneightyseven onehuneighty onehunseventythree onehunsixtysix onehunfiftynine onehunsixty onehunsixtyone onehunfiftyfour onehunfiftythree onehunfiftytwo onehunfortyfive onehunfortysix onehunfortyseven onehunforty onehunthirtyfour onehunthirtyfive onehuntwentyeight onehuntwentyseven onehunthirtythree onehuntwentysix onehuntwentyfive onehuntwentyfour onehuntwentythree onehunsixteen onehunseventeen onehuneighteen onehunnineteen onehunthirteen onehunnineteen onehuneighteen onehuneleven onehunten onehunnine onehuneight onehunone onehun ninetynine onehunfive ninetyeight ninetytwo ninetythree eightysix seventynine seventyeight eightyfour eightythree eightytwo seventyfive seventyfour seventythree seventytwo seventyone seventyseven seventysix sixtynine seventy sixtyfour sixtyfive fiftyeight fiftynine sixty fiftythree fiftyfour fiftyfive fiftysix fifty fortythree fortyfour thirtyseven thirtyeight thirtynine forty thirtythree thirtyfour thirtyfive twentynine thirty twentythree twentyfour twentyfive twentysix twentyseven twenty twentyone fifteen sixteen nine two three zero
94
zero one six
two two
three three
seven seven
ten ten
eleven eleven
twelve twelve
fourteen fourteen
fifteen fifteen
sixteen sixteen
seventeen seventeen
twenty twenty
twentythree twentythree
twentyfive twentyfive
twentysix twentysix
twentyseven twentyseven
twentynine twentynine
thirtythree thirtythree
thirtyfour thirtyfour
thirtyseven thirtyseven
thirtyeight thirtyeight
fortythree fortythree fortynine
fortyfour fortyfour
fortyfive fortyfive
fiftytwo fiftytwo
fiftythree fiftythree
fiftyfive fiftyfive
fiftyeight fiftyseven fiftyeight
sixty sixty
sixtyfour sixtyfour
sixtysix sixtysix sixtyseven
sixtynine sixtynine
seventy seventy
seventyone seventyone
seventytwo seventytwo
seventyfive seventyfive
seventyseven seventyseven
seventyeight seventyeight
seventynine seventynine
eightytwo eightytwo
eightythree eightythree
eightyfour eightyfour
eightyseven eightyseven
ninetyeight ninetyeight
ninetynine ninetynine
onehunone onehunone
onehuneight onehuneight
onehunten onehunten
onehuneleven onehuneleven
onehunthirteen onehunthirteen
onehunsixteen onehunsixteen
onehunseventeen onehunseventeen
onehuneighteen onehuneighteen
onehunnineteen onehunnineteen
onehuntwentythree onehuntwentyone onehuntwentythree
onehuntwentyfour onehuntwentyfour
onehuntwentysix onehuntwentysix
onehuntwentyseven onehuntwentyseven
onehuntwentyeight onehuntwentyeight
onehunthirty onehunthirty
onehunthirtyfive onehunthirtyfive
onehunforty onehunforty
onehunfortythree onehunfortythree
onehunfortyfour onehunfortyfour
onehunfortyfive onehunfortyfive
onehunfortysix onehunfortysix
onehunfifty onehunfortynine onehunfifty
onehunfiftyfour onehunfiftyfour
onehunfiftyseven onehunfiftyseven
onehunfiftynine onehunfiftynine
onehunsixty onehunsixty
onehunsixtyone onehunsixtyone
onehunsixtythree onehunsixtythree
onehunsixtyfour onehunsixtyfour
onehunsixtyfive onehunsixtyfive
onehunsixtysix onehunsixtysix
onehunsixtynine onehunsixtynine
onehunseventy onehunseventy
onehunseventyone onehunseventyone
onehunseventythree onehunseventythree
onehunseventyfour onehunseventyfour
onehunseventyfive onehunseventyfive
onehunseventysix onehunseventysix
onehunseventyeight onehunseventyeight
onehuneighty onehuneighty
onehuneightyone onehuneightyone
onehuneightytwo onehuneightytwo
onehuneightyfour onehuneightyfour
onehuneightyseven onehuneightyseven
onehunninety onehunninety
onehunninetyone onehunninetyone
onehunninetytwo onehunninetytwo
onehunninetythree onehunninetythree
onehunninetyfour onehunninetyfour
