zero three ten seventeen twentyfour twentyfive twentysix thirtythree forty fortyseven fortysix fiftythree fiftyfour sixtyone sixty sixtyseven seventyfour eightyone eightyeight eightyone eightytwo eightythree eightyfour seventyeight seventyone sixtyfour fiftyseven fiftyeight fiftyone fifty fortythree thirtysix twentynine twentytwo fifteen eight one zero
31
zero two four five six
three three
ten ten twelve
eight fourteen
fifteen fifteen twenty
twentytwo twentytwo
twentyfour twentyfour
twentyfive twentyfive
twentynine twentynine thirty thirtyfive
thirtythree thirtythree thirtyfour
thirtysix thirtysix thirtyseven
forty thirtynine
fortythree fortyfour
fortysix fortyfive
fortyseven fortyseven fortyeight
fifty fifty
fiftyone fiftyone
fiftythree fiftythree
fiftyfour fiftyfive
fiftyseven fiftyseven
sixty sixty
sixtyone sixtyone sixtytwo
sixtyfour sixtyfive seventy
sixtyseven sixtysix sixtyseven sixtyeight
seventyone seventyone seventyseven
seventyfour seventyfive
seventyeight seventyeight seventynine
eightyone eightyone
eightytwo eightytwo
eightyfour eightyfour
eightyeight eightyseven eightyeight eightynine ninetyfive
