0 3 117 193 117 191 140 104 138 178 113 78 110 170 110 168 110 78 113 179 113 12 132 102 2 107 155 107 4 90 171 119 198 119 7 106 148 106 152 106 151 8 91 118 195 118 196 118 194 108 115 186 115 187 115 108 156 108 157 108 160 108 158 153 106 154 106 150 142 164 109 161 109 165 109 166 109 45 95 100 120 100 121 100 122 100 123 100 95 45 109 180 114 182 76 15 68 101 127 101 128 101 129 101 68 33 105 143 105 144 105 145 105 21 103 134 103 137 103 116 189 116 190 116 112 172 112 173 112 176 112 177 112 92 117 3 0
66
120 120
121 121
122 122
123 123
101 124 125 126 130
127 127
128 128
129 129
102 131 133
132 132
134 134
103 135 136
137 137
138 138
104 139
140 140
105 141 146
142 142
143 143
144 144
145 145
106 147 149
148 148
150 150
151 151
152 152
153 153
154 154 175
155 155
156 156
157 157
158 158
108 159
160 160
161 161
109 162 163 167
164 164
165 165
166 166
168 168
110 169
170 170
171 171
172 172
173 173
112 174
176 176
177 177
178 178
179 179
180 180
114 181 183 184 185
182 182
186 186
187 187
116 188
189 189
190 190
191 191
117 192
193 193
194 194
195 195
196 196
119 197 199
198 198
