maintenance future resolution volume woman property feature economy sign cause philosophy style competition example difficulty population rock object bread day marketing obligation depression version photo selection context movie beer salad role description reputation account chest career action focus wife average inspection rate sister driver complaint income war contract price church maintenance
50
philosophy philosophy
object object
competition competition
war war
style style
church church
wife wife
sign sign
complaint complaint
sister sister
cause cause
economy economy
contract contract
price price
rate rate
income income
role role
driver driver
career career
inspection inspection
average average
focus focus
action action
reputation reputation
account account
movie movie
description description
day day
depression depression
chest chest
beer beer
salad salad
photo photo
difficulty difficulty
context context
maintenance maintenance
population population
version version
example example
resolution resolution
rock rock
marketing marketing
future future
feature feature
obligation obligation
bread bread
volume volume
property property
selection selection
woman woman
