S BK X AY Y Q AX C BV C CR AN CQ CB CP H BY N AS AW BP O CF P AT L U E CV A CM F CK AC CN M BS AN CL AN CO AN BG I AU AN AM AN AK AN AJ AN AG AN AD AN BD AN BH Q BJ Q BQ G BF AW W DJ T DJ S
55
A A
AX B AX
C C
Q D Q AA AE AO AQ AR BA BB BC BI BL BM BT BW BX CA CD CE CJ
E E
F F
G G
H H
I I
Y J Y
CL K CL
L L
M M
N N
O O
P P
DJ R
S S V AB
T T
U U
W W
X X CT
AY Z AY
AC AC
AD AD
AN AF AH AI AL AN AP AV AZ BE BN BO BR BU CH CI CW
AG AG
AJ AJ
AK AK
AM AM
AS AS
AT AT
AU AU
AW AW BZ CC CS CU
BD BD
BF BF
BG BG
BH BH
BJ BJ
BK BK
BP BP
BQ BQ
BS BS
BV BV
BY BY
CB CB
CF CF
CK CK
CM CM
CN CN
CO CO
CP CP
CQ CQ
CR CR
CV CV
