Wheeler Sproul Wheeler Evans Morrison Hertz Kroeber Hertz Morrison Evans Latimer Etcheverry VLSB Moffitt Soda Sather Martinez Sather Soda Cheit Normandy Kresge Davis Hearst Warren WayWest Ippuku NorthGate Bongo BigC Pavilion Simons LaNote Unit2 LaNote Koja TriDelta Koja Simons Pavilion BigC McCone Baker FSM Faculty Haas Minor Memorial Haviland Campbell LeConte Campanile Doe Wheeler
26
Martinez Martinez
Sather Barker Unit3 OCF
Hearst Hearst Cloyne
Haas Stonefire Haas
Unit2 Unit2
Koja Legends
TriDelta TriDelta
Ippuku Metropolitan
WayWest Anthony
Moffitt Moffitt
Minor Hargrove
Sproul Sproul
Campbell Birge
Wheeler Dwinelle
Morrison Bechtel Jacobs Morrison
Kroeber Boalt Kroeber
Baker Baker Fiji
McCone CKerr
Pavilion PeoplePark
Haviland RSF
Cheit Cheit
Davis Davis
Warren Warren
Etcheverry Etcheverry
Latimer Foothill
Memorial IHouse McLaughlin Moses
