86 169 186 196 131 126 32 175 166 183 190 159 190 156 39 177 39 149 108 184 161 163 7 57 7 145 63 74 63 143 6 143 88 172 56 172 81 104 24 168 189 168 24 104 81 157 81 1 180 53 180 106 180 19 3 5 103 64 40 38 20 82 20 187 79 21 79 30 61 48 61 69 61 51 43 185 23 8 114 52 114 54 111 76 99 87 127 10 9 110 9 26 186 120 86 133 152 133 116 58 97 115 89 136 91 98 173 98 148 78 71 103 117 46 94 102 22 68 35 68 90 68 100 182 96 174 96 182 113 111 121 55 132 167 140 25 153 25 150 86
86
1 1
63 2 75
5 5
6 6
8 8
10 10
3 11
9 13
78 14
184 17 184 194
19 19
21 21
22 22
26 26
88 27 84 199
58 28
30 30
35 35
20 36 41
38 38
108 44 198
7 45 101
48 48
51 51
52 52
53 53
54 54
56 56
57 57
64 64
180 66
69 69
71 71
186 72 73 139
74 74
76 76
82 82
87 87
89 89
90 90
91 91
43 92 192
190 93
94 94
97 97
100 100
114 105
106 106
81 107
110 110
113 113
116 116
117 117
120 120
121 121
40 122
149 123 149
86 125
126 126
111 129
132 132
79 137
169 138 169
140 140
145 145
167 146
148 148
150 150
152 152
153 153
166 154
156 156
157 157
102 158
159 159
131 160
163 163
173 173
174 174
175 175
177 177
183 179 183
32 181
185 185
189 189
196 196
