142 167 151 144 151 93 151 159 45 8 31 8 163 100 34 175 130 58 121 137 135 97 135 171 140 129 140 171 63 131 35 131 53 24 76 48 137 66 44 66 106 127 106 111 90 143 77 160 108 148 46 4 174 3 91 181 153 23 153 139 30 139 145 139 153 181 18 103 28 9 136 47 7 47 136 9 33 133 41 152 68 128 122 64 69 158 195 178 52 134 14 54 99 141 99 150 21 157 86 78 186 55 186 78 60 193 16 177 126 12 197 38 118 190 183 0 26 149 22 185 5 115 39 132 142
59
150 150
144 144
31 31
129 129
158 158
90 90
133 133
178 178
14 14
181 181
141 141
30 30
174 174
9 70
183 183
46 46
106 106
21 21
186 186
159 159
60 124 60
34 34
41 41
108 108
7 7
121 121
177 177
103 89
22 22
23 23
127 127
63 63
151 151
157 157
76 76
145 145
195 195
3 3
197 197
167 167
115 115
48 48
35 35
38 38
55 55
140 140
16 16
77 77
69 69
91 91
137 137
93 93
58 58
97 97
39 39
4 4
33 33
64 64
44 44
