5 33 68 17 55 57 55 17 12 18 178 18 12 9 77 7 35 7 27 11 85 11 113 11 6 3 31 39 88 168 88 39 41 86 109 86 58 22 37 45 152 45 59 118 126 118 59 76 59 101 104 101 111 101 59 96 54 20 19 169 19 52 143 144 176 180 194 180 176 144 143 52 80 26 1 177 1 95 121 95 8 21 32 91 90 23 14 5
43
9 9 160 163
21 21
23 23 103
27 27 140
31 31
32 32 50
35 35
45 45
3 51
54 54
57 57
58 58
14 63 196
68 68 155
76 76
77 77
80 80
85 85
91 91
22 92
96 96
101 101
52 102
104 104
1 105
37 106
109 109 130
111 111
113 113
121 121
126 126
59 127
19 145
152 152
168 168
169 169
176 176
177 177
178 178
17 179
180 180
12 183 191
194 194
