89 65 18 20 50 39 50 35 19 42 31 42 55 66 41 12 41 49 45 52 38 75 86 26 32 30 36 74 44 21 44 74 48 17 23 27 11 24 13 24 25 24 7 15 73 9 73 3 79 33 95 16 95 10 95 40 4 40 8 57 29 57 47 57 8 43 8 6 37 0 2 28 2 34 68 22 68 14 94 1 94 18 65 89
48
1 1
2 2
3 3
4 4
24 5 24
6 6
7 7
8 8
9 9
10 10
11 11
12 12
13 13
14 14
15 15
16 16
17 17
18 18
19 19
20 20
21 21
22 22
23 23
25 25
26 26
27 27
28 28
29 29 46
30 30
31 31
32 32
33 33
34 34
35 35
36 36
37 37
38 38
39 39
40 40
41 41
42 42
43 43
44 44
45 45
47 47
48 48
49 49
50 50
