azv rti oqv hyb yiy hip yvc jwx brw cwq mtd ipq yfq ncc vfq kxx mis boc mpw cib ufa txp sau aur scm hwc hlc qzx uua rcw cvb vxn rfl gfr uyd rov zuz lmh ivp hcc ryg jvc hsi pzr hob wcd cim gei ctf ovx ijd dqy xie azv
48
mtd gcw mtd eqa
azv azv
yiy yiy
ipq ipq
lmh lmh
oqv oqv
pzr pzr
ovx ovx
rcw rcw
rfl rfl
jwx jwx
yvc yvc
zuz zuz
ijd ijd
ufa ufa
hwc hwc
hyb hyb
sau sau
scm scm
gfr gfr
rti rti
gei gei
xie xie
hsi hsi
ncc ncc
dqy dqy
jvc jvc
ctf ctf
cim cim
yfq yfq
vxn vxn
aur aur
cib cib
vfq vfq
rov rov
uua uua
boc boc
mis mis
qzx qzx
brw brw
hlc hlc
mpw mpw
uyd uyd
hip hip
wcd wcd
cwq cwq
hcc hcc
ivp ivp
