Vernon Anaheim Industrial Winterhaven Brundage Bell Bradley Santa Cudahy Yurok Escondido Delta Potrero Cabbage Sacramento Bakersfield Louis Crestmont Manker Moores Tijuana Escalon Coddingtown Donner Pacheco Temecula Cerro Huron Le Rough Hammer Cressey Calaveras Bonny Woody Pleasant Cambridge Alamo Glencoe Capuchino Sulpizio Garcia Collins Mecca Flinn Dulzura Roseland Presidio Fullerton Balboa South Beach California Ritter Three Blue Del Helm Carmel Fox Chittenden Armstrong Sunny Strawberry All Davenport Downtown Ramona Sherman Costa Portola Stockdale Robertsville Saint Bangor Smith Terra Quail Parchester Warner Industry Marshall Clayton Grasslands Bodad Richvale Fiorini Timbuctoo Antelope Kaiser Rowland Civic Veterans Forbestown Yankee Buena Smoke Lake Wallace Hoffman Cypress Vernon
100
Davenport Davenport
Smith Smith
Winterhaven Winterhaven
Yankee Yankee
Cressey Cressey
Robertsville Robertsville
Warner Warner
Cerro Cerro
Terra Terra
Wallace Wallace
Temecula Temecula
Quail Quail
Stockdale Stockdale
Carmel Carmel
Clayton Clayton
Richvale Richvale
Le Le
Downtown Downtown
Woody Woody
Three Three
Presidio Presidio
Crestmont Crestmont
Anaheim Anaheim
Bell Bell
Cabbage Cabbage
Industry Industry
Forbestown Forbestown
Mecca Mecca
Bodad Bodad
Industrial Industrial
Portola Portola
Calaveras Calaveras
Antelope Antelope
Kaiser Kaiser
Bakersfield Bakersfield
Strawberry Strawberry
Veterans Veterans
Dulzura Dulzura
Pleasant Pleasant
Escalon Escalon
Brundage Brundage
Hammer Hammer
Manker Manker
Moores Moores
Blue Blue
Grasslands Grasslands
Helm Helm
Saint Saint
Rough Rough
Bonny Bonny
Timbuctoo Timbuctoo
Parchester Parchester
Fox Fox
Pacheco Pacheco
Huron Huron
Balboa Balboa
Roseland Roseland
Capuchino Capuchino
Beach Beach
Fullerton Fullerton
Cudahy Cudahy
Civic Civic
Potrero Potrero
Bangor Bangor
Santa Santa
Ramona Ramona
Garcia Garcia
Cambridge Cambridge
Ritter Ritter
Sherman Sherman
Costa Costa
Fiorini Fiorini
Louis Louis
Hoffman Hoffman
Lake Lake
Buena Buena
Alamo Alamo
California California
Collins Collins
Donner Donner
Coddingtown Coddingtown
Glencoe Glencoe
Yurok Yurok
Rowland Rowland
Marshall Marshall
Sunny Sunny
Sacramento Sacramento
Flinn Flinn
Chittenden Chittenden
Armstrong Armstrong
Delta Delta
Tijuana Tijuana
All All
Smoke Smoke
Bradley Bradley
South South
Sulpizio Sulpizio
Cypress Cypress
Del Del
Escondido Escondido
