loc0 loc199 loc195 loc191 loc197 loc193 loc189 loc185 loc183 loc181 loc177 loc175 loc173 loc171 loc167 loc169 loc157 loc165 loc163 loc159 loc153 loc155 loc147 loc149 loc145 loc141 loc135 loc137 loc133 loc131 loc127 loc125 loc123 loc121 loc115 loc119 loc117 loc113 loc111 loc109 loc107 loc105 loc103 loc99 loc97 loc95 loc87 loc93 loc85 loc91 loc83 loc89 loc79 loc81 loc77 loc73 loc75 loc71 loc69 loc67 loc65 loc63 loc61 loc57 loc59 loc55 loc51 loc53 loc47 loc49 loc45 loc43 loc39 loc37 loc35 loc29 loc31 loc27 loc33 loc25 loc23 loc17 loc21 loc19 loc15 loc13 loc11 loc9 loc3 loc7 loc1 loc0
90
loc1 loc1
loc3 loc3
loc87 loc5 loc87
loc7 loc7
loc9 loc9
loc11 loc11
loc13 loc13
loc15 loc15
loc17 loc17
loc19 loc19
loc21 loc21
loc23 loc23
loc25 loc25
loc27 loc27
loc29 loc29
loc31 loc31
loc33 loc33
loc35 loc35
loc37 loc37
loc39 loc39
loc147 loc41 loc147
loc43 loc43
loc45 loc45
loc47 loc47
loc49 loc49
loc51 loc51
loc53 loc53
loc55 loc55
loc57 loc57
loc59 loc59
loc61 loc61
loc63 loc63
loc65 loc65
loc67 loc67
loc69 loc69
loc71 loc71
loc73 loc73
loc75 loc75
loc77 loc77
loc79 loc79
loc81 loc81
loc83 loc83
loc85 loc85
loc89 loc89
loc91 loc91
loc93 loc93
loc95 loc95
loc97 loc97
loc99 loc99
loc149 loc101 loc149
loc103 loc103
loc105 loc105
loc107 loc107
loc109 loc109
loc111 loc111
loc113 loc113
loc115 loc115
loc117 loc117
loc119 loc119
loc121 loc121
loc123 loc123
loc125 loc125
loc127 loc127
loc195 loc129 loc161 loc195
loc131 loc131 loc143
loc133 loc133
loc135 loc135
loc137 loc137
loc197 loc139 loc187 loc197
loc141 loc141
loc145 loc145
loc173 loc151 loc173
loc153 loc153
loc155 loc155
loc157 loc157
loc159 loc159
loc163 loc163
loc165 loc165
loc167 loc167
loc169 loc169
loc171 loc171
loc175 loc175
loc177 loc177
loc181 loc179 loc181
loc183 loc183
loc185 loc185
loc189 loc189
loc191 loc191
loc193 loc193
loc199 loc199
