1 5 4 8 7 8 9 10 11 12 16 15 16 17 18 17 21 20 24 23 24 25 26 25 29 28 32 31 32 33 34 33 37 36 40 39 40 41 45 44 48 49 54 49 53 49 52 49 51 49 50 49 55 56 57 58 59 60 61 62 63 65 63 66 63 67 63 69 70 71 72 73 74 75 76 77 78 77 79 77 80 77 81 77 82 77 83 84 85 86 87 88 89 90 91 92 93 94 95 96 97 98 1 2 1
43
2 2
4 4
5 5
7 7
10 10
12 12
9 13
15 15
18 18
20 20
21 21
23 23
26 26
28 28
29 29
31 31
34 34
36 36
37 37
39 39
41 42
44 44
45 45
48 47
50 50
51 51
52 52
53 53
54 54
63 64 68
65 65
66 66
67 67
78 78
79 79
80 80
81 81
82 82
92 92
93 93
94 94
95 95
96 96
