Soda BerkeleyWayWest Campanile BerkeleyWayWest Wheeler DavisHall Moffit SouthHall Unit1 Blackwell DurantHall Unit2 BancroftLibrary Unit2 Etcheverry LeConte Foothill HavilandHall Dwinelle HearstMining BotanicalGardens Evans BAMPFA Evans Kresge LawrenceHall GreekTheatre LawrenceHall MemorialStadium InternationalHouse AlumniHouse GiauqueHall Campbell Unit3 Barrows CaliforniaHall HilgardHall Gilman HildebrandHall UniversityVillage Bowles UniversityVillage Doe Soda
25
Evans Evans
Doe Doe
HearstMining HearstMining
Wheeler Wheeler
Campanile Campanile
LeConte LeConte
Moffit Moffit
Dwinelle Dwinelle
SouthHall SouthHall
Gilman Gilman
CaliforniaHall CaliforniaHall
Bowles Bowles
BancroftLibrary BancroftLibrary
DurantHall DurantHall
DavisHall Stern
Campbell Campbell
GreekTheatre GreekTheatre
BAMPFA BAMPFA
BerkeleyWayWest BerkeleyWayWest
LawrenceHall LawrenceHall
InternationalHouse InternationalHouse
Unit1 Unit1
Unit2 Unit2
Unit3 Unit3
Foothill Foothill
