Evans Cory Evans WursterHall Campbell DurantHall Firewings CaliforniaHall Firewings RSF Underhill Blackwell ImmThai AlumniHouse BerkeleyWayWest Yifang Raretea Wheeler Raretea Yifang UCafe Chipotle ThaiNoodle Dwinelle MLK HildebrandHall MLK LatimerHall Plentea SutardjaDai Plentea Doe SatherGate GiauqueHall SatherGate GreekTheatre CanyonPool GreekTheatre StrawberryCreek MemorialGlade Kresge MemorialGlade Milkbomb SouthHall HesseHall SouthHall Milkbomb Pappys Unit2 Stern Unit2 Pappys SproulHall LewisHall DavisHall ClarkKerr BotanicalGardens Gilman Marugame Campanile Cornerstone ZellerbachHall Bowles Unit3 Spats Boalt Spats Unit3 Bowles HilgardHall Bowles KroeberHall Barrows HortonHall MemorialStadium HortonHall LeConte Moffit HappyLemon LawrenceHall BancroftLibrary HavilandHall VLSB HearstMining StrawberryCreek Unit1 HAAS BAMPFA HAAS Foothill Artichokes Evans
48
ThaiNoodle ThaiNoodle
Doe Doe
HearstMining HearstMining
Wheeler Wheeler
Campanile Campanile
LeConte LeConte
Moffit Moffit
Dwinelle Dwinelle
SouthHall SouthHall
Gilman Gilman
CaliforniaHall CaliforniaHall InternationalHouse
Bowles Bowles
BancroftLibrary BancroftLibrary
DurantHall DurantHall
Stern Stern
Campbell Campbell Eshelman
GreekTheatre GreekTheatre
BAMPFA BAMPFA
BerkeleyWayWest BerkeleyWayWest
LawrenceHall LawrenceHall
Unit1 Unit1
Unit2 Unit2
Unit3 Unit3
Foothill Foothill
VLSB VLSB
RSF RSF
Blackwell Blackwell
ZellerbachHall ZellerbachHall
MLK MLK
Plentea Soda
Cory Cory
Barrows Barrows
HAAS HAAS
AlumniHouse AlumniHouse
Boalt Boalt
BotanicalGardens BotanicalGardens
MemorialStadium MemorialStadium
CanyonPool CanyonPool
DavisHall DavisHall
Kresge Kresge
SutardjaDai SutardjaDai
KroeberHall Etcheverry
GiauqueHall GiauqueHall
Yifang UniversityVillage
HavilandHall HavilandHall
HesseHall HesseHall
HildebrandHall HildebrandHall
HilgardHall HilgardHall
