Ippudo Platano Gypsys EastAsianLibrary LittleCampanile WindmillCoffee PokeBar Plentea ClarkKerr DollarTree TripleRock Cinnaholic Slivers Cinnaholic Bonchon HavilandHall Fengcha UniversityVillage TToust BobaNinja TennisCourts BancroftLibrary Cheeseboard BancroftLibrary TennisCourts StrawberryCreek TennisCourts TPTea Campanile ChezPanisse Campanile LeConte Cafe3 ExtremePizza LaNote Toss BerkeleyHigh Stern ClarkKerr BSC TukTukThai DavisHall NorthHall Yifang NorthHall MSRI NoodleGirl Teazone NoodleGirl Wikiwiki Underhill SteamTrains KroeberHall SteamTrains JambaJuice Doe ThaiNoodle Cafe3 LewisHall SmokesPoutinerie TheDwight SmokesPoutinerie Flavia PurpleKow PeoplesCafe SweetheartCafe Ikes Eureka Campbell HearstMining Chipotle HAAS Mezzo BerkeleyArtStudio SaturnCafe BerkeleyArtStudio Quicklys Firewings TopDog Jupiter Morganhall Jupiter LatimerHall Tilden Gather Spats WursterHall HearstGym Flavia UCafe Flavia AndrewsApartment UrbanOutfitters AndrewsApartment GrizzlyPeak AmoebaMusic SnackShack Artichokes LowerSproul Shengkee HortonHall Underhill Homeroom TheHabit FireTrails BrandyMelville ThaiBasil HesseHall Kips Muraccis Kips HesseHall ThaiBasil Milkbomb Blackwell SuperDuperBurgers Pappys HearstAnnex McDonalds Morrisonhall McDonalds HearstAnnex Bowles AshaTeaHouse Barrows BerkeleyBart SproulHall BerkeleyBart BigC TenderGreens BigC BerkeleyBart HappyLemon BerkeleyBart LaBurrita OptometryBuilding YogurtPark TraderJoes YogurtPark GreatChina SatherGate GreatChina YogurtPark LaVals Target LaVals YogurtPark Ucha SouthHall Crossroads LiKaShing BanshoRamen Raretea InternationalHouse BobbyGPizza ImmThai BobbyGPizza Marugame Gadani HalalGuys Gadani Rachas NatApartment BetaLounge NatApartment HildebrandHall Soda Platano Ippudo
95
HortonHall HortonHall
KroeberHall KroeberHall
LatimerHall LatimerHall
LewisHall LewisHall
Morganhall Morganhall
Morrisonhall Morrisonhall
FireTrails MulfordHall
NorthHall NorthHall
OptometryBuilding OptometryBuilding
AshaTeaHouse AshaTeaHouse
McDonalds McDonalds
Bonchon Bonchon
Firewings Firewings
HappyLemon HappyLemon
Ucha Ucha
Artichokes Artichokes
LaNote TacoBell LaNote
Ikes Gongcha Ikes
Yifang Yifang
Fengcha Fengcha
UCafe UCafe
SproulHall SproulHall
TPTea TPTea
SatherGate SatherGate
StrawberryCreek StrawberryCreek
BigC BigC
ClarkKerr ClarkKerr
Crossroads Crossroads
Cafe3 Cafe3
Raretea Raretea
Underhill Underhill
TraderJoes TraderJoes
Barrows Safeway
Marugame Marugame
Kips Kips
Pappys Pappys
BetaLounge BetaLounge
Spats Spats
UrbanOutfitters Cornerstone UrbanOutfitters
TripleRock TripleRock
LowerSproul LowerSproul
WursterHall WursterHall
Shengkee Shengkee
Plentea Plentea
Chipotle Chipotle
ImmThai ImmThai
Milkbomb Milkbomb
Campbell MemorialGlade
EastAsianLibrary EastAsianLibrary
ThaiNoodle ThaiNoodle
Mezzo Mezzo
Slivers Slivers
Teazone Teazone
PokeBar PokeBar
Quicklys Quicklys
TopDog TopDog
Gypsys Gypsys
SnackShack SnackShack
SmokesPoutinerie SmokesPoutinerie
GreatChina GreatChina
ThaiBasil ThaiBasil
Eureka Eureka
BSC BSC
Platano Platano
HesseHall EastBaySpiceCompany
TenderGreens TenderGreens
PeoplesCafe PeoplesCafe
SuperDuperBurgers SuperDuperBurgers
Target Target
JambaJuice JambaJuice
HalalGuys HalalGuys
ExtremePizza ExtremePizza
Gadani Gadani
Wikiwiki Wikiwiki
TheHabit TheHabit
Homeroom Homeroom
Cheeseboard Cheeseboard
ChezPanisse ChezPanisse
Rachas Rachas
BobaNinja BobaNinja
SweetheartCafe SweetheartCafe
AndrewsApartment Wheeler AndrewsApartment
TukTukThai TukTukThai Venus
Gather Gather
SaturnCafe SaturnCafe
Jupiter Jupiter
AmoebaMusic AmoebaMusic
GrizzlyPeak GrizzlyPeak
LaBurrita LaBurrita
BerkeleyArtStudio BerkeleyArtStudio
TheDwight TheDwight
BanshoRamen BanshoRamen
LittleCampanile LittleCampanile
Bowles Namaste
Muraccis Muraccis
