Horse0 Breakfast74 Ring45 Settings5 Shower11 Whale59 Printer53 Mail88 Robot9 Ice32 Towel37 Leash89 Ice38 Male84 Leash68 Kitty14 Book41 Rollers48 Websites81 Monster39 Monster71 BBQ86 Water66 Bird93 Toilet20 Ice10 Floppy63 Prints23 Bird82 Whale22 Shelf25 Website29 Allergies4 Ice30 Cat13 Water52 Towel35 Allergies3 Flowers98 Solar58 Ring97 Running77 Breakfast42 Towel16 Soda57 Post61 Comics49 Dislike51 Plus62 Dislike21 Websites17 Rollers34 Shower15 Breakfast19 Horse55 Floppy64 Horse0
50
Shower11 Shower11
Websites81 Websites81
Running77 Running77
Horse55 Horse55
Monster39 Monster39
Websites17 Websites17
Male84 Male84
Monster71 Monster71
Ring45 Ring45
Solar58 Solar58
Plus62 Plus62
Allergies4 Allergies4
Kitty14 Kitty14
Printer53 Printer53
Ice10 Ice10
Toilet20 Toilet20
Towel37 Towel37
Bird82 Bird82
Dislike51 Dislike51
Rollers34 Rollers34
BBQ86 BBQ86
Horse0 Horse0
Book41 Book41
Water52 Water52
Leash68 Leash68
Shower15 Shower15
Water66 Water66
Breakfast19 Breakfast19
Ring97 Ring97
Cat13 Cat13
Floppy63 Floppy63
Flowers98 Flowers98
Allergies3 Allergies3
Soda57 Soda57
Ice38 Ice38
Whale22 Whale22
Towel16 Towel16
Robot9 Robot9
Whale59 Whale59
Ice30 Ice30
Bird93 Bird93
Shelf25 Shelf25
Prints23 Prints23
Breakfast74 Breakfast74
Towel35 Towel35
Comics49 Comics49
Settings5 Settings5
Post61 Post61
Rollers48 Rollers48
Mail88 Mail88
