Shelf0 Toolbox153 Toilet13 Drugs184 Monster73 Toolbox146 Websites4 Clock139 Allergies88 Cat15 Drugs39 Running177 Drugs195 System79 Soda119 Solar192 Light49 Rollers95 Kitty98 Laptop125 Allergies176 Dislike143 Towel154 Boat67 Shoe174 Elevator115 Dog181 Toilet191 Soap58 Shoes8 Dislike12 Shoe17 Robot51 YouTube44 Ice41 Laptop19 Ice41 Shelf40 Solar59 Plus78 Hnads182 Plants118 Ring60 Solar71 Cone185 Fusion34 Fusion104 Breakfast85 Rollers63 Nuclear35 Rollers14 BBQ36 Urine20 Kitty89 System183 Water38 Ice165 Puppy117 Clock2 Body55 Mail6 Poop76 Book99 Whale126 Post158 Clock61 Printer188 Cat187 Whale31 Shower57 Sink109 Shower47 Sink109 Settings75 Flowers178 Dislike27 Soda197 Kitty194 Solar162 Website190 Ice9 Boat141 Leash77 Poop150 Robot93 Crab83 Soap64 System156 Nuclear18 Solar130 Light30 Comics28 Book171 Comics113 Toolbox72 Monster175 Android196 Dog168 Towel92 Comics107 Robot164 Whale114 Urine124 Male149 Mail22 Allergies103 Mail22 Puppy140 Ring169 Whale137 Shelf0
93
Crab83 Crab83
Boat67 Boat67
Kitty89 Horse148 Kitty89
Post158 Post158
Robot93 Robot93
Kitty194 Kitty194
Drugs39 Drugs39
Sink109 Sink109
Shelf40 Shelf40
Leash77 Leash77
Laptop125 Laptop125 Water29
Allergies88 Allergies88
Toolbox146 Toolbox146
Ice9 Ice9
Light30 Light30
Soap58 Soap58
Towel154 Towel154
Plants118 Plants118
Settings75 Settings75 Urine97
Body55 Body55
Monster175 Monster175
Rollers95 Water135 Rollers95
Shower47 Shower47
Dislike12 Dislike12
Dog168 Dog168
BBQ36 BBQ36
Shoe174 Shoe174
Urine124 Urine124
Nuclear35 Nuclear35
Mail22 Mail22 Ring82
Allergies103 Allergies103
Dislike143 Dislike143
Ice41 Ice41
Monster73 Monster73
Puppy117 Puppy117
Whale126 Whale126
Solar130 Solar130
Soda119 Soda119
Printer188 Printer188
Robot51 Robot51
Poop150 Poop150
Drugs195 Drugs195
Laptop19 Laptop19
Toolbox72 Toolbox72
Clock2 Clock2
Running177 Hnads116
Nuclear18 Nuclear18
Soap64 Soap64
Robot164 Robot164
Soda197 Soda197
Dog181 Dog181
Clock139 Clock139
Toolbox153 Toolbox153
Water38 Water38
Dislike27 Dislike27 Book24
System156 System156
Puppy140 Puppy140
Fusion104 Poop80 Fusion104
Solar162 Solar162
Allergies176 Allergies176
Plus78 Plus78
Ice165 Ice165
Solar192 Solar192
Mail6 Mail6
Whale137 Whale137
Rollers14 Rollers14
Flowers178 Flowers178
Shoe17 Shoe17
Urine20 Urine20
Cat15 Cat15
Book171 Book171
Solar71 Solar71
System183 System183
Poop76 Poop76
Clock61 Clock61
Shoes8 Shoes8
Ring169 Ring169
Male149 Male149
Cat187 Cat187
Android196 Android196
Hnads182 Hnads182
Shelf0 Shelf0
Fusion34 Fusion34
Whale114 Whale114
Towel92 Towel92
Toilet13 Toilet13
Website190 Website190
Breakfast85 Breakfast85
Websites4 Websites4
Shower57 Shower57
Comics107 Comics107
System79 System79
Kitty98 Kitty98
