hutmk omjfc dowbf yaxts ablxw rlfxc lnfiu aeomh otirh yiodb ywion ijofp ywion ijvuq bcrwj gxdqt misyc lsnhz mlfbi oscrv xintv coubd urlkt hincx xnysi cursl tyuep zsehb tiyfv lcghr yzaje ugyls vmgxh hopbn qdzgs tejxc aqzce axmwy artvi abupm mzlsn spuoi vczkh ugamb hutmk
39
oscrv oscrv
hopbn hopbn
mlfbi mlfbi
lcghr lcghr
aqzce aqzce
mzlsn mzlsn
zsehb zsehb
tyuep tyuep
coubd coubd
yzaje yzaje
lnfiu lnfiu
cursl cursl
omjfc omjfc
qdzgs qdzgs
xintv xintv
ywion ywion
gxdqt gxdqt
vczkh vczkh
yiodb yiodb
urlkt urlkt
rlfxc rlfxc
aeomh aeomh
artvi artvi
vmgxh vmgxh
ugamb ugamb
ablxw ablxw
otirh otirh
ugyls ugyls
tejxc tejxc
misyc xeljy misyc
yaxts yaxts
spuoi spuoi
xnysi xnysi
dowbf dowbf
bcrwj bcrwj
lsnhz lsnhz
axmwy axmwy
ijvuq ijvuq
ijofp ijofp
