Hayward Shreveport Hartford NorthLasVegas SterlingHeights Champaign Charlotte Champaign SterlingHeights Lafayette GreenBay Laredo Gastonia CapeCoral Bloomington CapeCoral Mesquite Escondido Monroe NewYork Kalamazoo RoundLakeBeach Independence Cincinnati NewportNews SimiValley Aberdeen SantaClara VeroBeach CostaMesa Lubbock Melbourne Torrance RichmondCounty PortArthur Lacey Plano Greenville OverlandPark Trenton Louisville Trenton Flint Fullerton Youngstown SouthBend Bakersfield SouthBend Fresno Anchorage Carrollton SiouxFalls Carrollton Newburgh Waterbury Victorville Scottsdale Omaha NewYorkCity Henderson Topeka Downey Kaneohe StLouis Norwalk SouthLyon NewBedford Orem Bethlehem Orem Nashua Tyler Arvada Wilmington Vancouver GrandRapids SaintPaul Duluth Detroit Merced ElMonte McAllen Elkhart Modesto PuntaGorda Hemet Mobile SanBernardino Pueblo SanBernardino PembrokePines Racine PembrokePines Layton Marysville Stamford Marysville Boise Eugene Anaheim SanBuenaventura Oxnard SanBuenaventura Norwich Utica Burlington Albuquerque Hialeah Marina Frederick Marina Kissimmee Huntsville ThousandOaks PortSaintLucie Olympia PortSaintLucie ThousandOaks Cambridge PalmBay CorpusChristi StPaul CathedralCity StPaul Scranton Sarasota HuntingtonBeach LakeCharles Spartanburg Springfield Harlingen Columbia SaintPaul ElPaso SanAntonio JohnsonCity HavredeGrace Bryan Birmingham Bryan Hampton Newark Hampton Salem Deltona Tucson York Reno Ogden Reno Shreveport Hayward
97
PuntaGorda PuntaGorda
Tyler Tyler
Cincinnati Cincinnati
ThousandOaks ThousandOaks
Norwich Norwich
PalmBay PalmBay
Tucson Tucson
Utica Utica
Pueblo Pueblo
Albuquerque Albuquerque
Laredo Laredo
NewportNews NewportNews
Youngstown Barnstable Hagerstown
JohnsonCity JohnsonCity
Greenville Greenville
Eugene Eugene
Racine Racine
Nashua Nashua
RoundLakeBeach RoundLakeBeach
Harlingen Harlingen
Newburgh Newburgh
HavredeGrace HavredeGrace
Charlotte Charlotte
OverlandPark OverlandPark
Omaha Omaha
Topeka Topeka
CapeCoral CapeCoral
Deltona Deltona
Anchorage Anchorage
Marina Marina
Salem Salem
Stamford LasVegas Stamford
Downey Downey
Birmingham Birmingham
SanBuenaventura SanBuenaventura
Mesquite Mesquite
Flint Flint
McAllen McAllen
Lubbock Lubbock
CorpusChristi CorpusChristi
Layton Layton
Fullerton Fullerton
Bethlehem Bethlehem
NorthLasVegas NorthLasVegas
StLouis StLouis
GrandRapids GrandRapids
Frederick Frederick
Boise Boise
Arvada Arvada
Oxnard Oxnard
Hemet Hemet
Scranton Scranton
Fresno Fresno
Waterbury Waterbury
LakeCharles LakeCharles
Olympia Olympia
RichmondCounty RichmondCounty
Duluth Duluth
Modesto Modesto
Henderson Henderson
HuntingtonBeach HuntingtonBeach
Huntsville Huntsville
Lacey Lacey
Burlington Burlington
Anaheim Columbus Anaheim
StPaul Savannah
Vancouver Vancouver
Detroit Detroit
Hialeah Hialeah
CathedralCity CathedralCity
NewYorkCity NewYorkCity
Marysville Marysville
GreenBay GreenBay
Bakersfield Bakersfield
Monroe Monroe
Louisville Louisville
ElPaso ElPaso
SantaClara SantaClara
Kissimmee Kissimmee
Newark Newark
Torrance Torrance
Hartford Hartford
Plano Plano
Bloomington Bloomington
Kalamazoo Kalamazoo
NewBedford NewBedford
SiouxFalls SiouxFalls
Elkhart Elkhart
Champaign Champaign
SaintPaul SaintPaul
York York
Spartanburg Spartanburg
Scottsdale Scottsdale
Aberdeen Aberdeen
Mobile Mobile
Melbourne Melbourne
Ogden Ogden
