Aberdeen SanAntonio Redding SaltLakeCity Chattanooga Lowell SaltLakeCity Norwalk Miramar Hartford SanBernardino Modesto McAllen GreenBay Columbia Murrieta Riverside Scranton Gainesville Lewisville StPetersburg Henderson Austin Winston Tuscaloosa Hampton Newburgh Hampton Pensacola Elkhart Racine Montgomery SouthLyon Reno Springdale Reno Aberdeen
24
Pensacola Pensacola
SaltLakeCity SaltLakeCity
Gainesville Gainesville
Hampton Hampton
Winston Winston
Tuscaloosa Tuscaloosa
Henderson WestValleyCity Henderson
Chattanooga Chattanooga
Modesto Modesto
Lewisville Lewisville
Miramar Miramar
Racine Racine
Reno Reno
Lowell Lowell
SanBernardino SanBernardino
SouthLyon SouthLyon
Newburgh Newburgh
Austin Austin
Montgomery Montgomery
GreenBay GreenBay
SanAntonio SanAntonio
StPetersburg StPetersburg
McAllen Marina
Springdale Springdale
