Hayward Asheville Durham Lafayette Modesto Hampton RichmondCounty Hampton Modesto Corona Springdale McHenry PalmBay Tucson Bradenton Huntsville Yonkers Omaha Topeka Montgomery Topeka Omaha PuntaGorda Kennewick Sebastian Atlanta Abilene Burbank NewOrleans SaintLouis BelAir Milwaukee BelAir York NewBedford DalyCity NewBedford Aurora Tucson Washington Wilmington Winston Hickory Trenton Hickory Winston Murrieta Winston Memphis CedarRapids Hayward
32
PuntaGorda PuntaGorda
Hickory Tyler HuntingtonBeach Hickory
Montgomery ThousandOaks SantaCruz
PalmBay PalmBay
Tucson Tucson
Kennewick Barnstable NewYorkCity Kennewick
Yonkers Yonkers Waterloo
Burbank Burbank Chicago
McHenry McHenry Newark Torrance
SaintLouis Harlingen
RichmondCounty Charlotte RichmondCounty
Omaha Omaha
Topeka Topeka
Durham Deltona Durham Bloomington
Atlanta Danbury Atlanta
Abilene Downey GrandRapids
Asheville Asheville
Huntsville McAllen Huntsville
BelAir BelAir Monroe
Aurora Aurora Bakersfield
CedarRapids CedarRapids
Washington LakeCharles
Bradenton Bradenton SaintPaul
Modesto Modesto
Murrieta Tampa
Springdale Springdale
Hayward SantaClara
Memphis Memphis
NewBedford NewBedford
York York
NewOrleans Waco
Hampton Hampton
