MHnVCXOJJwOI UvfnFwkwYqFk YfpLHnDpSXzc ltlOmMSvjmIL JCPkGQQBkgge PCNGxUSnzrYJ GLfJulJDWdHA SJPfUQrbAbqM jmWqilJNXyuV oClepMbylsqk GoPPViXuIoMW phTlHtTwrYOU FhVNapbaoZOZ svpVoYHpEpjH crcFIKqbaYTC bVDkAfQbeTmx YbGvPudTcbyh ilCjMogPnNTK NmmqQKqzdERM MlFqcqjWiUdI NkzUoyRYPnbb RWoTZCNhceUR cXYRsTNMJDHO SPoMbAzxrqrj KKNtdnAHmUpc AZrILCuGwbtV MHnVCXOJJwOI
25
SJPfUQrbAbqM SJPfUQrbAbqM
svpVoYHpEpjH svpVoYHpEpjH
PCNGxUSnzrYJ PCNGxUSnzrYJ
JCPkGQQBkgge JCPkGQQBkgge
AZrILCuGwbtV AZrILCuGwbtV
SPoMbAzxrqrj SPoMbAzxrqrj
KKNtdnAHmUpc KKNtdnAHmUpc
jmWqilJNXyuV jmWqilJNXyuV
MlFqcqjWiUdI MlFqcqjWiUdI
oClepMbylsqk oClepMbylsqk
phTlHtTwrYOU phTlHtTwrYOU
YfpLHnDpSXzc YfpLHnDpSXzc
NkzUoyRYPnbb NkzUoyRYPnbb
FhVNapbaoZOZ FhVNapbaoZOZ
bVDkAfQbeTmx bVDkAfQbeTmx
ilCjMogPnNTK ilCjMogPnNTK
crcFIKqbaYTC crcFIKqbaYTC
RWoTZCNhceUR RWoTZCNhceUR
NmmqQKqzdERM NmmqQKqzdERM
UvfnFwkwYqFk UvfnFwkwYqFk
GLfJulJDWdHA GLfJulJDWdHA
YbGvPudTcbyh YbGvPudTcbyh
cXYRsTNMJDHO cXYRsTNMJDHO
ltlOmMSvjmIL ltlOmMSvjmIL
GoPPViXuIoMW GoPPViXuIoMW
