ssp100 25 4 2 1 2 3 8 11 8 10 8 9 8 3 18 15 12 16 19 22 19 20 19 18 23 27 87 91 89 96 89 91 95 91 87 93 90 93 94 93 87 88 87 98 99 97 92 27 55 41 37 47 43 53 56 29 51 39 42 31 49 35 33 27 71 63 59 62 68 81 68 62 69 82 69 62 59 26 58 60 65 74 65 60 64 73 64 60 58 26 59 63 71 27 23 3 5 7 24 7 5 3 2 4 25 ssp100
45
1 1
2 2
4 4
9 9
10 10
11 11
12 12
15 15
20 20 21
22 22
24 24
64 64
73 73
81 81
59 59
65 65
56 56
58 79
82 82
74 74
68 68
27 27
29 29
31 31
33 33
35 35
37 37
39 39
41 41
43 43
55 45 55
47 47
49 49
51 51
53 53
88 88
90 90
92 92
97 97
98 98
99 99
93 93
94 94
95 95
96 96
