Jason Kelsey Wendy Susan Kristen Rebecca Brett Rebekah Samantha Robert Karen Lauren Charles James Crystal Scott Jane Mary Edwin Dana Kimberly Jacqueline Cristian Evan Brittany Amanda Carol Gregory Roy Nathaniel Heather Adrian Katelyn Jennifer Kathy Mario Claire Tristan Derek Ricky Timothy Logan Jill Wayne Elizabeth Ronnie Stacie Kara Johnathan Megan Bryan Cheryl Joshua David Kyle April Robin Randy Melinda Dustin Michelle Paul John Kayla Regina Mark Shawn Sabrina Jose William Andrew Rachel Monica Alexandra Nicholas Laura Gabriel Brian Christina Carrie Juan Tommy Jeffery Jordan Stephen Brad Jeffrey Mercedes Grace Kari Nicole Tammy Dylan Shane Joseph Adam Misty Shannon Melissa Ashley Jeremy Jason
100
Derek Derek
Nathaniel Nathaniel
Heather Heather
Gabriel Gabriel
Adam Adam
Misty Misty
Shannon Shannon
Samantha Samantha
Katelyn Katelyn
Adrian Adrian
John John
Nicole Nicole
Brad Brad
Claire Claire
David David
Lauren Lauren
Joshua Joshua
Mario Mario
Roy Roy
Kara Kara
Johnathan Johnathan
Dana Dana
Cristian Cristian
Ricky Ricky
Tristan Tristan
Paul Paul
Laura Laura
Stacie Stacie
Jose Jose
Melissa Melissa
Kari Kari
Evan Evan
Carol Carol
Carrie Carrie
Brian Brian
Andrew Andrew
Jeffery Jeffery
Robert Robert
Mark Mark
Regina Regina
Kelsey Kelsey
Wayne Wayne
Megan Megan
Jeffrey Jeffrey
Shane Shane
Timothy Timothy
Joseph Joseph
Charles Charles
Crystal Crystal
William William
Mary Mary
Cheryl Cheryl
Rebekah Rebekah
Shawn Shawn
Dustin Dustin
Jacqueline Jacqueline
Logan Logan
Gregory Gregory
Kimberly Kimberly
Amanda Amanda
Christina Christina
Rebecca Rebecca
Scott Scott
Mercedes Mercedes
Dylan Dylan
Wendy Wendy
Kayla Kayla
Edwin Edwin
Michelle Michelle
Stephen Stephen
Kristen Kristen
Brett Brett
Karen Karen
Ronnie Ronnie
Jill Jill
Sabrina Sabrina
Elizabeth Elizabeth
Tommy Tommy
James James
Juan Juan
Brittany Brittany
Kathy Kathy
Susan Susan
Monica Monica
Bryan Bryan
Jane Jane
Alexandra Alexandra
Grace Grace
April April
Nicholas Nicholas
Jennifer Jennifer
Jeremy Jeremy
Kyle Kyle
Tammy Tammy
Ashley Ashley
Jordan Jordan
Melinda Melinda
Rachel Rachel
Robin Robin
Randy Randy
