19 21 60 82 24 82 69 53 69 8 33 95 33 62 99 34 12 31 65 63 29 54 97 26 85 68 88 9 92 9 35 9 50 9 80 36 17 12 73 72 73 56 5 46 61 41 28 41 7 43 44 70 66 11 71 89 76 89 71 23 0 10 45 40 45 58 55 58 59 58 25 1 39 32 39 13 39 3 21 19
47
0 0
1 1
5 5
7 7
9 9
10 10
11 11 51
12 12
13 13
33 15 33 90
17 17
23 23
24 24
25 25
26 26
28 28
29 29
32 32
34 34
35 35
36 36
39 39
40 40
41 41
43 43
44 44
45 45
46 46
50 50
53 53
54 54
55 55
58 58
59 59
60 60
61 61
63 63
65 65
70 70
72 72
76 76
80 80
85 85
88 88
92 92
95 95
99 99
