0 52 101 84 101 174 130 75 83 91 25 5 128 5 26 9 88 198 53 139 34 30 31 138 31 196 140 70 45 137 186 40 42 62 23 121 102 113 136 113 185 92 10 166 122 162 122 35 184 103 114 85 167 15 46 106 135 98 16 17 151 27 199 197 157 63 81 63 149 48 189 73 177 73 131 145 109 195 176 117 168 134 11 55 105 153 181 152 144 74 41 72 97 59 147 59 116 125 36 82 87 69 180 87 183 66 68 126 20 156 179 67 13 80 0
94
140 140
131 131
62 62
176 176
80 80
198 111 108 76 198
180 180
9 9
67 67
144 144
31 31
11 11 171
109 109
162 162
13 13
138 50 138
126 126
83 83
117 117
97 97
52 52
23 23
166 166
10 10
27 27
128 128
59 59
82 82
16 16
186 4
195 195
199 199
30 30
137 137
136 136
147 147
45 45 19
66 66
116 116
0 143
145 145
98 98
69 69
153 160
114 114
177 177
42 42
139 139
46 46
87 87
168 168
91 91
70 70
179 179
181 181
189 189
105 105
157 157
84 84
102 102
183 183
152 152
72 72
196 196
106 106
134 134
81 81
34 34
48 48
185 185
184 184
53 53
36 36
122 122
88 88
121 121
130 130
55 55
103 103
20 20
125 125
63 63
75 75
149 149
174 174
156 156
26 26
35 35
40 40
74 74
85 85
151 151
197 197
17 17
