21 152 153 16 126 127 126 180 181 53 150 85 107 85 150 151 141 151 175 65 48 79 48 47 116 133 116 115 119 159 165 155 33 186 185 55 147 140 143 157 17 160 74 75 74 136 69 66 67 66 69 171 113 188 135 188 113 81 149 142 99 142 139 168 169 57 169 168 139 1 2 3 34 129 128 105 104 103 104 105 114 183 177 82 171 15 5 49 50 197 95 97 36 29 154 20 187 42 41 11 41 131 130 122 123 124 189 37 38 87 73 43 27 101 8 9 8 7 8 101 92 91 178 63 83 63 178 179 161 93 156 45 156 21
82
1 1
3 3
5 5
7 7
9 9
11 11
151 13 151 191
15 15
17 17 77
48 19
21 21
160 23
179 25 179
27 27
29 29 167
113 31 113
33 33
36 35
37 37
119 39 51 119
41 41
43 43
45 45
47 47
49 49
53 53
55 55
57 57
8 59
131 61 131
63 63 71
65 65
67 67
69 69
73 73
75 75 137
79 79
81 81
83 83
85 85
87 87
93 89 93
91 91
95 95 195
97 97
99 99
101 101 193
103 103
105 105 109
107 107
152 111
115 115
122 117
74 121
123 123
124 125
127 127
129 129
133 133
135 135
139 139
141 141
143 143
66 145
147 147
149 149
153 153 173
155 155
157 157
159 159
161 161
197 163 197
165 165
169 169
171 171
175 175
177 177
181 181
183 183
185 185
187 187
189 189
