75 71 80 72 74 61 62 69 63 70 66 67 61 21 24 22 30 28 26 21 88 86 87 89 82 88 43 42 47 45 49 50 43 35 36 31 33 32 37 35 10 1 2 7 6 10 99 98 100 94 97 91 92 99 51 53 58 59 58 51 11 12 19 20 16 13 11 74 78 76 73 75
50
22 22
63 63
30 30
36 36
37 37
74 74
10 10
50 50
78 78
75 75
13 13
26 26
21 21
72 72
67 67
80 80
86 86
24 24
32 32
19 19
69 69
70 70
2 2
53 53
12 12
16 16
73 73
94 94
98 98
42 42
87 87
66 66
76 76
100 100
82 82
92 92
1 1
71 71
59 59
45 45
89 89
97 97
31 31
47 47
33 33
20 20
28 28
91 91
7 7
88 88
