Meckgue TheKrustyKrab Yunkai Urubaen FlourishBlotts HorneaterPeaks Lorien TheHogsHead Netherfort Murkcairn Ellesmera GooLagoon Keld Grayburn Beldenn LakeLaogai LeakyCauldron TheArcanum TheWaystoneInn Tartarus KoralReef Larcbost Gizton Steeltown MysticRuins TheGodswood TheUniversity Vexhollow RepublicCity TreeofTime RepublicCity FogofLostSouls Gotham Sanlow ZhaoFu ThePrancingPony Carvahall Winterfell Meereen Dagobah Braavos VaultofSouls Kinecardine EarthKingdom TheSpine BeyondtheWall TheBoilingRock TheVale Castamere TheFingers Meckgue
46
Murkcairn Murkcairn
TheWaystoneInn TheWaystoneInn
Grayburn Grayburn
TheSpine TheSpine
Gotham Gotham
Sanlow Sanlow
EarthKingdom EarthKingdom
TheUniversity TheUniversity
Gizton EasternAirTemple Gizton
Meereen Meereen
BeyondtheWall BeyondtheWall
Braavos Braavos
VaultofSouls VaultofSouls
Lorien Lorien
Vexhollow Ademre Vexhollow
Meckgue Meckgue
Netherfort Netherfort
Kinecardine Kinecardine
Keld Keld
Tartarus Tartarus
KoralReef KoralReef
GooLagoon GooLagoon
Dagobah Dagobah
ZhaoFu ZhaoFu
MysticRuins MysticRuins
Winterfell Winterfell
Steeltown Steeltown
Carvahall Carvahall
TheVale TheVale
FlourishBlotts FlourishBlotts
Larcbost Larcbost
LakeLaogai UtgardMountain LakeLaogai
Urubaen Urubaen ShatteredPlains
Beldenn Beldenn
Castamere Castamere
LeakyCauldron LeakyCauldron
Yunkai Yunkai
TheKrustyKrab TheKrustyKrab
Ellesmera Ellesmera
RepublicCity RepublicCity
TheGodswood TheGodswood
TheHogsHead TheHogsHead
ThePrancingPony ThePrancingPony
TreeofTime TreeofTime
TheBoilingRock TheBoilingRock
TheArcanum TheArcanum
