21 174 48 159 23 30 10 180 40 35 61 147 29 115 27 31 133 184 151 144 122 163 90 102 75 178 78 119 17 176 186 190 188 56 152 131 135 139 196 103 12 51 177 46 105 38 50 172 24 85 20 45 87 53 72 137 100 154 125 168 36 108 15 127 7 47 42 4 156 68 130 194 136 81 88 18 60 34 64 14 120 16 32 169 91 148 82 114 118 146 95 49 149 37 97 110 54 107 142 121 21
93
147 147
20 20
18 18
14 14
17 17
136 136
190 190
42 42
194 194
172 170 172
24 24
91 91
188 188
47 47
48 48
23 23
51 51
34 34
36 36
135 135
127 127
45 45
163 163
90 90 167
40 40
10 10
125 125
122 122
100 100
130 130 160
46 46
64 74 64
142 2 142
31 31
7 7
151 151
97 97
133 133
180 180
30 30
29 29
56 56
156 156
144 144
186 186
184 184
37 37
50 116
121 121
15 15
131 131
108 108
149 149
154 154
120 120
81 81
118 118 134
119 119
139 139
178 178
16 16
78 78
27 27
169 169
75 96 75
152 152
102 102
88 88
115 115
103 103
21 21
68 68
85 62
38 38
49 49
168 168
61 61
146 146
177 177
32 32
196 196
176 176
87 87
105 105
137 137
159 159
114 114
54 54
60 60
72 72
53 53
82 82
95 95
