8 97 153 185 152 142 174 173 172 125 144 145 100 147 182 183 188 193 192 169 168 167 116 115 165 113 66 65 64 63 49 30 33 35 52 99 88 136 179 181 137 95 102 160 118 109 72 73 71 70 69 55 54 53 38 90 135 89 91 93 45 42 61 78 59 40 39 18 17 19 21 26 25 24 87 85 127 126 124 123 121 120 82 83 6 79 5 4 29 3 2 8
90
123 123
160 160
24 24
25 25
66 66
49 49
121 121
88 88
55 55
124 124
5 5
153 164 153
183 183
54 54 68
127 127
87 87
97 97 105
193 193
137 137
102 102
126 80 126
19 19
185 185
90 90
63 63 47
69 69 51
169 191 169
35 35
4 4
64 64
165 165
2 2
65 65
71 71
188 188
147 147
115 115
82 82
167 167
99 99
172 172
6 6
85 85
45 45
109 109
136 136
21 21
89 89
30 30
135 135
73 73
53 53
120 120
100 100
59 59
179 179
91 91
38 38
113 113
182 182
29 29
26 26
39 22 39
118 118
192 171 192
52 52
72 72
93 93
79 79
33 33
152 152
116 116
42 42
18 23
70 70
17 17
145 145
83 83
144 144
181 181
168 168 190
78 78
174 174
173 173
95 95
142 142
125 125
3 3
40 40
61 61
