UMUCUTWAW OIPVAKF WRQUJ XGGIUBVDN TNSRRJCDD EGEASKKIE RDTQTJB PLYPQBTP VSMLVXSP IZNSKNS DQOPCH CJLYWOAQ JVYIBRJ ZFMGDWP ZPFHBWI USUVN TJFSEUB KUUVZB XJOXYWA VHLSP ZLYFI VHHVQ AWQOWSNYN FVKLDY CNINRTR TCXWZV YNHRBC GVNFQM VASGY RRFKVFYKR QOHWG OMBFD KAYADTT UENPUJ SUIOZK JJAQQ TNKNMUFI GUDSRTKLA MNWMWDXCQ MWTSDF ELILXSR MHXHJGEF YPXLG CRSMUEPQG AOWYQNAYA XWBHEYXJU WEPDZ ZSHRTZVKO YFKIFTRS JOWHZXTIA STQNQT UMUCUTWAW
50
CNINRTR CNINRTR
CJLYWOAQ CJLYWOAQ
WRQUJ WRQUJ
VASGY VASGY
KUUVZB KUUVZB
JOWHZXTIA JOWHZXTIA
YNHRBC YNHRBC
XWBHEYXJU XWBHEYXJU
RRFKVFYKR RRFKVFYKR
TNKNMUFI TNKNMUFI
TJFSEUB TJFSEUB
KAYADTT KAYADTT
XJOXYWA XJOXYWA
JVYIBRJ JVYIBRJ
GVNFQM GVNFQM
SUIOZK SUIOZK
AWQOWSNYN AWQOWSNYN
ZFMGDWP ZFMGDWP
YPXLG YPXLG
MHXHJGEF MHXHJGEF
ZSHRTZVKO ZSHRTZVKO
TNSRRJCDD TNSRRJCDD
TCXWZV TCXWZV
YFKIFTRS YFKIFTRS
VHLSP VHLSP
ZPFHBWI ZPFHBWI
XGGIUBVDN XGGIUBVDN
ZLYFI ZLYFI
RDTQTJB RDTQTJB
IZNSKNS IZNSKNS
STQNQT STQNQT
ELILXSR ELILXSR
CRSMUEPQG CRSMUEPQG
GUDSRTKLA GUDSRTKLA
UENPUJ UENPUJ
OMBFD OMBFD
QOHWG QOHWG
AOWYQNAYA AOWYQNAYA
WEPDZ WEPDZ
DQOPCH DQOPCH
USUVN USUVN
MNWMWDXCQ MNWMWDXCQ
VSMLVXSP VSMLVXSP
MWTSDF MWTSDF
EGEASKKIE EGEASKKIE
PLYPQBTP PLYPQBTP
VHHVQ VHHVQ
OIPVAKF OIPVAKF
FVKLDY FVKLDY
JJAQQ JJAQQ
