140 153 123 176 55 83 142 83 57 84 175 134 59 134 42 80 133 114 133 185 115 130 79 11 19 21 19 53 169 139 101 41 101 7 179 149 128 149 95 158 160 158 5 45 127 25 132 25 104 182 36 162 47 196 10 188 178 22 112 62 167 9 61 177 32 177 102 13 122 51 166 8 150 27 150 56 159 195 94 146 190 93 173 93 39 93 97 197 137 12 193 77 35 89 82 73 100 40 100 69 168 29 151 24 154 6 157 23 65 23 125 76 103 4 49 117 14 85 184 50 44 174 96 18 77 152 170 186 108 135 140
100
35 35
169 169
76 76
179 179
177 177
42 42
18 18
14 14
44 44
93 93
21 21
103 103
50 50
125 125
95 95
197 197
139 139
19 19
166 166
94 94
41 41
32 32
193 193
8 8
176 176
108 108
159 159
62 62
7 7
158 158
102 102
83 83
36 36
4 4
185 185
59 59
112 112
10 10
40 40
80 80
160 160
114 114
175 175
127 127
29 29
150 150
130 130
13 13
73 73
22 22
39 39
27 27
170 170
115 115
178 178
117 117
132 132
11 11
45 45
53 53
12 12
85 85
82 82
128 128
101 101
167 167
186 186
96 96
135 135
168 168
9 9
89 89
97 97
57 57
6 6
61 61
133 133
196 196
47 47
134 134
77 77
142 142
65 65
55 55
56 56
123 123
190 190
153 153
173 173
154 154
84 84
49 49
151 151
104 104
25 25
51 51
146 146
5 5
79 79
182 182
