aliquam eu enim fames sed suscipit senectus porttitor ut lectus cursus lorem sagittis platea semper nec vestibulum habitasse viverra vitae maecenas euismod praesent ornare eros adipiscing cras consectetur congue imperdiet mi et nisi ultricies habitant mauris condimentum mattis placerat turpis gravida malesuada quis quisque aliquam
43
quisque quisque
malesuada malesuada
quis quis
gravida gravida
turpis turpis
mattis mattis
placerat placerat
condimentum condimentum
mauris mauris
habitant habitant
nisi nisi
ultricies ultricies
et et
mi mi
imperdiet imperdiet
consectetur consectetur
congue congue
adipiscing adipiscing
ornare ornare
cras cras
euismod euismod
vitae vitae
habitasse habitasse
eros eros
nec nec
praesent praesent
platea platea
lorem lorem
maecenas maecenas
viverra viverra
vestibulum vestibulum
semper semper
sagittis sagittis
cursus cursus
lectus lectus
porttitor porttitor
ut ut
suscipit suscipit
senectus senectus
sed sed
fames fames
enim enim
eu eu
