mqncr qxsoe jkkgv jemlu anscp sbnmi mwoev dsfpg jvfig qpjoh kwvgs diapc qcfox cakfa bymoa peobk hribg ygust iggzg cegzm wwphq rnrth lhsag irkbu jxcvu fnipk mbqyg mqreu dkdci xftof yuvek ilbfw fjrpj btqda derxh mnymy tcxbn ypkmm lfdet zcixl fblut qwmew aoxfw ayayj gztsf ssyjd ylsow mpjyf mlqbj tctxs dsbhm gkosc vnnvv mrnva awsuk eludu mxihv pnmkd axdtz ibnyw cfspg iigud macxu edxoe qotnp eakkr vzoqh pvzeb jjlwh qfcxo innfa dxllq qrmyp kdtrw nppux hrhzb tyjab mzwec rtshe piswp xphcw drlqp sfgmu ywyyb sxqhs eustb tcqqe qkftw gsdqj gpwkr mjgiw lukkm igpmu kqysx jwmjp byjai uooez yuuqu eqddq bwinl drrap mqncr
100
mlqbj mlqbj
nppux nppux
mjgiw mjgiw
innfa innfa
gpwkr gpwkr
qfcxo qfcxo
cakfa cakfa
iggzg iggzg
jjlwh jjlwh
kqysx kqysx
lukkm lukkm
qrmyp qrmyp
ylsow ylsow
ywyyb ywyyb
drrap drrap
igpmu igpmu
drlqp drlqp
qwmew qwmew
jkkgv jkkgv
anscp anscp
rtshe rtshe
derxh derxh
tyjab tyjab
edxoe edxoe
lfdet lfdet
sbnmi sbnmi
dsbhm dsbhm
aoxfw aoxfw
ilbfw ilbfw
jvfig jvfig
ayayj ayayj
qcfox qcfox
vnnvv vnnvv
irkbu irkbu
mqreu mqreu
eustb eustb
mxihv mxihv
peobk peobk
eqddq eqddq
zcixl zcixl
fjrpj fjrpj
btqda btqda
lhsag lhsag
fblut fblut
gkosc gkosc
kdtrw kdtrw
dxllq dxllq
cegzm cegzm
fnipk fnipk
qpjoh qpjoh
jemlu jemlu
piswp piswp
cfspg cfspg
uooez uooez
mwoev mwoev
mrnva mrnva
axdtz axdtz
pvzeb pvzeb
gsdqj gsdqj
bwinl bwinl
tcqqe tcqqe
sfgmu sfgmu
kwvgs kwvgs
ssyjd ssyjd
iigud iigud
jwmjp jwmjp
dkdci dkdci
dsfpg dsfpg
wwphq wwphq
awsuk awsuk
ypkmm ypkmm
gztsf gztsf
mpjyf mpjyf
hribg hribg
eludu eludu
jxcvu jxcvu
tctxs tctxs
xftof xftof
tcxbn tcxbn
mbqyg mbqyg
eakkr eakkr
qotnp qotnp
yuvek yuvek
qxsoe qxsoe
macxu macxu
rnrth rnrth
hrhzb hrhzb
pnmkd pnmkd
ygust ygust
xphcw xphcw
ibnyw ibnyw
mzwec mzwec
bymoa bymoa
mnymy mnymy
sxqhs sxqhs
qkftw qkftw
vzoqh vzoqh
byjai byjai
diapc diapc
yuuqu yuuqu
