xjbms llwzk ybgaf ydhop vaeqh qkysn ejwkt fnhle impuz dzfkr nnnts bsuwt xeikc kvvqk psudb bthif kyaqs tykrt mbzzn riwwe xecik akegy czppi usrtf rnrnh uegez itxfb npvgp fxnnl wxnxi nrtqp lyixz beqlb lkzxl bwgqu uzzfw lfceh xvefe hstmf deoux mrnvg bqgqy yztko wnlug iddrb ocgbu bicnj fuume lpolv hwhxr xjbms
50
rnrnh rnrnh
qkysn qkysn
czppi czppi
lkzxl lkzxl
bthif bthif
akegy akegy
psudb psudb
itxfb itxfb
bqgqy bqgqy
uzzfw uzzfw
fnhle fnhle
impuz impuz
dzfkr dzfkr
fxnnl fxnnl
fuume fuume
bsuwt bsuwt
kvvqk kvvqk
xeikc xeikc
usrtf usrtf
xvefe xvefe
ybgaf ybgaf
bicnj bicnj
xjbms xjbms
riwwe riwwe
uegez uegez
npvgp npvgp
lyixz lyixz
kyaqs kyaqs
ocgbu ocgbu
wxnxi wxnxi
deoux deoux
hstmf hstmf
tykrt tykrt
iddrb iddrb
vaeqh vaeqh
lpolv lpolv
nrtqp nrtqp
mrnvg mrnvg
yztko yztko
xecik xecik
nnnts nnnts
wnlug wnlug
hwhxr hwhxr
bwgqu bwgqu
ydhop ydhop
mbzzn mbzzn
lfceh lfceh
llwzk llwzk
ejwkt ejwkt
beqlb beqlb
