Soda Hqrjtum Hmbz Xvkx Rouupns Xvkx Gfax Oityp Gfax Qxvqdumpbbl Fizeyd Qxvqdumpbbl Gfax Lfvepwf Gfax Sihsuutjg Gtgc Elgiz Mzeexa Kcjpz Nwtxsn Hgoc Awaq Lkqdreu Uwwmj Lkqdreu Tdreo Kwniposj Niiglftbp Uymaeuj Wcvfecug Uymaeuj Yxqxfgj Bylykbmgadb Nwitmhz Yesamropvf Hqengchsddu Besuiq Jdonjesl Pqvhtvcqo Ikfqsv Pqvhtvcqo Xmtucbfh Hzinsgk Ttrpbvjdda Weuri Gsdug Weuri Ufwcxpl Weuri Tniitgldxe Hozmfldg Iqfewjmoxea Vlibwe Brgwekrnc Vlibwe Aybjrpvt Aqdrmrxjb Nmfcncwhiz Mdnomclrhe Ueuphudi Fbwbklawixw Bdympbsjhe Ddvyvg Bdympbsjhe Aodl Asqguuggw Ybbqswodh Azurxcmynf Xqlxxsqozg Cdplmrl Zozpqsoh Mpuidi Jggbevcry Yskel Wlodbyucbjq Inxcijpyf Edqplcotb Lhrjghnz Zseccp Gmnmclt Ygaely Nncpo Dqlzagezaf Jwcpy Npgmpqjyei Ydvuvij Lcrsrgxpi Eufcpnaixls Ttkftfcy Fhgjwqkutxz Wgehgd Mtpmo Xiogpn Pzdxvrzhdt Ylscbxx Rthio Qhaobijtvl Aetguutl Lpcihph Utcvkhqmliy Jvxqdoen Elfjuircela Nkndh Zcluraciodj Fnao Lhzuvvpmpa Wtbchdvcf Tftuismjy Shshl Civxfilaeqk Khoprwfn Vyledpi Oxgcfytsfks Vyledpi Sioinvblt Ewel Dpiknnvmi Zgdjffrhk Qcnqbaiah Zgdjffrhk Nklgno Hwtzkfl Mmzmgkvtqx Rnswnff Mmzmgkvtqx Bowdktxf Igcbw Khycsxtrrp Znjvtzp Khycsxtrrp Igcbw Irwyl Ibschxvbrh Nyesh Opyou Soda
100
Bylykbmgadb Bylykbmgadb
Rnswnff Rnswnff
Wgehgd Wgehgd
Besuiq Besuiq
Ewel Ewel
Opyou Opyou
Rthio Rthio
Hqrjtum Hqrjtum
Mdnomclrhe Mdnomclrhe
Jvxqdoen Jvxqdoen
Ikfqsv Ikfqsv
Hqengchsddu Hqengchsddu
Kwniposj Kwniposj
Yskel Yskel
Nncpo Nncpo
Inxcijpyf Inxcijpyf
Edqplcotb Edqplcotb
Ueuphudi Ueuphudi
Lcrsrgxpi Lcrsrgxpi
Xqlxxsqozg Xqlxxsqozg
Gsdug Gsdug
Hmbz Hmbz
Uwwmj Uwwmj
Xvkx Xvkx
Qhaobijtvl Qhaobijtvl
Utcvkhqmliy Utcvkhqmliy
Elfjuircela Elfjuircela
Jwcpy Jwcpy
Khoprwfn Khoprwfn
Aetguutl Aetguutl
Eufcpnaixls Eufcpnaixls
Lhrjghnz Lhrjghnz
Brgwekrnc Brgwekrnc
Niiglftbp Niiglftbp
Vlibwe Vlibwe
Mpuidi Mpuidi
Kcjpz Kcjpz
Aqdrmrxjb Aqdrmrxjb
Nkndh Nkndh
Oityp Oityp
Xmtucbfh Xmtucbfh
Lpcihph Lpcihph
Asqguuggw Asqguuggw
Gtgc Gtgc
Wtbchdvcf Wtbchdvcf
Mtpmo Mtpmo
Zozpqsoh Zozpqsoh
Vyledpi Vyledpi
Xiogpn Xiogpn
Ttrpbvjdda Ttrpbvjdda
Ttkftfcy Ttkftfcy
Fhgjwqkutxz Fhgjwqkutxz
Rouupns Rouupns
Znjvtzp Znjvtzp
Igcbw Igcbw
Hwtzkfl Hwtzkfl
Nwitmhz Nwitmhz
Lhzuvvpmpa Lhzuvvpmpa
Jdonjesl Jdonjesl
Wcvfecug Wcvfecug
Mzeexa Mzeexa
Tftuismjy Tftuismjy
Fizeyd Fizeyd
Yxqxfgj Yxqxfgj
Hozmfldg Hozmfldg
Cdplmrl Cdplmrl
Azurxcmynf Azurxcmynf
Wlodbyucbjq Wlodbyucbjq
Aybjrpvt Aybjrpvt
Nwtxsn Nwtxsn
Sioinvblt Sioinvblt
Zseccp Zseccp
Ygaely Ygaely
Hgoc Hgoc
Weuri Weuri
Bdympbsjhe Bdympbsjhe
Sihsuutjg Sihsuutjg
Aodl Aodl
Shshl Shshl
Ibschxvbrh Ibschxvbrh
Fnao Fnao
Npgmpqjyei Npgmpqjyei
Nklgno Nklgno
Tdreo Tdreo
Qxvqdumpbbl Qxvqdumpbbl
Ylscbxx Ylscbxx
Dpiknnvmi Dpiknnvmi
Uymaeuj Uymaeuj
Hzinsgk Hzinsgk
Lfvepwf Lfvepwf
Yesamropvf Yesamropvf
Gmnmclt Gmnmclt
Ufwcxpl Ufwcxpl
Zcluraciodj Zcluraciodj
Qcnqbaiah Qcnqbaiah
Ddvyvg Ddvyvg
Pzdxvrzhdt Pzdxvrzhdt
Oxgcfytsfks Oxgcfytsfks
Iqfewjmoxea Iqfewjmoxea
Jggbevcry Jggbevcry
