m6 b9 a8 c0 a0 b8 c5 c3 c9 d0 d5 e2 f7 g2 e9 d4 d3 e1 h1 e3 f5 g0 g6 h4 g8 h8 g9 h9 j2 j3 j8 j9 j1 j0 j4 k4 k0 n3 k8 z3 z9 z8 k9 x7 x1 x5 n8 v1 n5 l4 l0 q3 q8 l8 q6 q0 n6 w1 w2 w9 r2 r1 r4 r3 y0 r8 a6 m6
67
a0 a0
q0 a1 l2 q0
f5 a5 f5
a6 a6
a8 a8 n7
e3 a9 e3 v4
z8 b0 z8
g8 b3 g8
b8 b8 n2
b9 b9 w3
c0 c0
n5 c2 n5
c3 c3
c5 c5
c9 c9 f4 q7
d0 d0
d3 d3
d4 d4
d5 d5 v0 r7
e1 e1
e2 e2 m8 w8
x1 e6 k2 x1
e9 e9 x9
g0 f1 g0
j8 f6 j8
f7 f7
g2 g2
g6 g6
g9 g9 j5
h1 h1
h4 h4
k0 h7 k0
h8 h8
h9 h9
j0 j0 m4
j1 j1
j2 j2 l6
j3 j3
j4 j4
j9 j9
k4 k4 v6 l5
m6 k7 m6
k8 k8
k9 k9
z3 z3
z9 z9
x5 x5
x7 x7
v1 v1
n3 n3
n6 n6
n8 n8 q4
l0 l0
l4 l4
q3 l7 q3
l8 l8
q6 q1 q6
q8 q8
w1 w1
w2 w2
w9 w9
r1 r1
r2 r2
r3 r3
r4 r4
r8 r8
y0 y0
