0 3 114 2 153 81 89 85 80 193 38 53 69 72 64 26 143 109 50 109 91 30 112 73 102 65 44 45 90 66 79 116 10 116 48 139 4 25 93 43 11 5 36 35 185 32 51 105 8 105 20 76 62 58 33 46 47 42 77 28 7 68 71 61 9 61 15 23 15 99 34 12 19 154 133 31 133 14 40 92 40 94 41 27 142 29 57 39 161 86 161 54 84 1 70 95 83 88 180 24 192 98 59 87 17 181 55 52 151 75 22 96 6 16 144 78 145 37 60 21 82 21 13 0
94
33 33
4 4
69 69
98 98
85 85
11 11
46 46
2 2
35 35
59 59
6 6
68 68
77 77
81 81
44 44
7 56 7
3 3
39 39 63
10 10
16 74 16 67
92 92
76 76
83 83
70 70
43 43
13 13
25 25
94 94
27 27
53 53
72 72
37 37
61 61
5 5
45 45
65 65
0 0 18
93 93
50 50
22 22
60 49 60
32 32
41 41
14 14
82 82
30 30
15 15
36 36
40 40
64 64
17 17
73 73
19 19
80 80
58 58
52 52
21 21
29 29
9 9
62 62
23 23
66 66
84 84
31 31
88 88
96 96
12 12
87 87
28 28
38 38
55 55
57 57
48 48
51 51
89 89
26 26
34 34
86 86
8 8
99 99
24 24
91 91
1 1
95 95
139 97
20 20
47 47
42 42
54 54
78 78
79 79
75 75
90 90
71 71
