2 157 53 193 145 52 56 44 104 115 147 32 147 198 128 173 59 5 125 31 10 194 93 101 150 127 12 81 25 37 86 37 178 82 95 90 177 90 62 96 62 139 62 94 57 15 57 108 105 21 92 190 112 4 161 109 131 63 26 11 23 34 181 45 102 117 164 138 13 8 87 175 48 175 126 114 107 43 80 54 80 118 6 71 43 107 114 135 124 46 38 83 73 58 73 83 38 186 136 186 0 192 176 51 76 22 14 18 171 179 16 133 16 179 171 149 3 149 140 165 99 174 28 174 182 189 122 189 182 67 116 103 172 61 172 98 27 98 36 152 162 121 196 121 7 121 199 35 188 42 50 129 19 143 41 2
87
93 93
194 194
41 142 85
52 52
125 125
139 139 130 55
157 49 157
8 8
178 178
179 179
27 141 27
199 106 97
38 38
122 122
133 133
7 79 7
61 61
92 92
32 32
46 46
73 73
131 131 156
58 58
174 174
76 76
6 6
116 116
171 171
189 189
13 13
196 196
94 94
14 14
2 2
145 145
34 34
173 173
95 95
192 192
112 112
126 126
121 121
136 119 136
96 96
3 3
28 28
164 164
35 35
25 25
50 50 187
161 161
188 188 110 158
99 113
36 36
86 86
118 118
177 177
80 80
128 128
44 44
53 53
23 23
51 51
0 0
193 193
54 54
82 82
198 100
42 42
12 12
4 4
182 182
56 56
149 149
26 26
15 15 30
115 115
98 98
114 114
67 67
90 90
59 59
63 63
181 181
165 165
138 138
48 48
