199 82 196 190 152 69 152 190 25 127 17 163 156 119 4 119 156 74 192 58 186 144 40 33 40 174 146 181 139 99 85 104 45 80 159 35 159 194 64 102 97 31 193 92 43 81 16 48 16 145 130 120 32 84 122 183 87 149 89 138 30 66 14 162 22 63 68 63 143 15 91 133 105 77 51 160 7 29 39 90 39 5 44 60 164 96 189 95 189 176 88 21 59 114 11 57 61 20 150 54 150 49 0 49 163 75 163 53 134 70 19 27 2 71 153 25 113 1 108 13 101 50 178 93 56 93 47 46 72 6 72 46 47 36 107 145 37 124 83 38 79 38 83 55 3 55 94 62 171 167 78 167 115 157 41 177 23 42 106 76 65 86 65 8 98 34 67 103 197 151 10 24 199
96
0 0
1 1
2 2
3 3 18
4 4
5 5
6 6
7 7
8 8
96 9 96
10 10
11 11
91 12 91
13 13
14 14
15 15
16 16
17 17
19 19
20 20
21 21 73
22 22
23 23
24 24
25 25
146 26
27 27
197 28
29 29
30 30
31 31
32 32
33 33
34 34
35 35
36 36
37 37
38 38
39 39
40 40
41 41
42 42
43 43
44 44
45 45
46 46
47 47
48 48
49 49
50 50
51 51
102 52
53 53
54 54
55 55
56 56
57 57
58 58
59 59
60 60
61 61
62 62
63 63
64 64
65 65
66 66
67 67
68 68
69 69
70 70
71 71
72 72
74 74
75 75
76 76
77 77
78 78
79 79
80 80
81 81
82 82
83 83
84 84
85 85
86 86
87 87
88 88
89 89
90 90
92 92
93 93
94 94
95 95
97 97
98 98
99 99
