SusanneJohnBerrios DouglasRobertFerkovi MonteMonicaLum JuanDebbieAllen ClaudiaDavidTaylor GarryDavidKingery SpencerCourtneyBroth DinahCatherineFaulkn StephanieAaronWalker JorgeHeatherSamuels JuliaLindaGordon RubyLelandCollard HarryNeilFranklin JuliaMollieHernandez DorothyDavidStromme MaryFrankieWomack DougHelenHornbeck RalphClydeMills FernandoLindaWatson AntonioGeraldBaker LaquitaJohnBrunette MattieBarbaraEkstrom SusanneJohnBerrios
21
DouglasRobertFerkovi DouglasRobertFerkovi
DinahCatherineFaulkn DinahCatherineFaulkn
MonteMonicaLum MonteMonicaLum
DorothyDavidStromme DorothyDavidStromme
StephanieAaronWalker StephanieAaronWalker
JuliaMollieHernandez JuliaMollieHernandez
JorgeHeatherSamuels JorgeHeatherSamuels
RubyLelandCollard RubyLelandCollard
MattieBarbaraEkstrom MattieBarbaraEkstrom
RalphClydeMills RalphClydeMills
DougHelenHornbeck DougHelenHornbeck
JuliaLindaGordon JuliaLindaGordon
LaquitaJohnBrunette LaquitaJohnBrunette
FernandoLindaWatson FernandoLindaWatson
JuanDebbieAllen JuanDebbieAllen
AntonioGeraldBaker AntonioGeraldBaker
MaryFrankieWomack MaryFrankieWomack
HarryNeilFranklin HarryNeilFranklin
ClaudiaDavidTaylor ClaudiaDavidTaylor
SpencerCourtneyBroth SpencerCourtneyBroth
GarryDavidKingery GarryDavidKingery
