qgyqjgwlbh fnlmocuczk hyficezvgi smlsmfgyxa hqvifzhbmo cynraykzum sngqmldfxu tdqzbpmftq bnfhxmjqzg feggaeevcb somaaudaxm hrbvyznkmd dzokhkbjld atkqvymdax dzokhkbjld vvurcgizpo aruweadnpf yfvfzingng hpbkyqcejb kgewtltijq djtmyhmwnn wmeeitskjx sqlbmrxpwv bzcpozsody uyirsvqblu gdtsmzpvig kmwsevkfov tjcamfqmxd ysndikwwgh xpcqolcpnf lgwqodunqt xeuivcdbgm sthbsdqlwm ntlhpzyidk sgizgtdhhn culutarzsm tvrzrioagg fdbzjhgcmh cddppqxsmb qlieaqyzel gqulqjeire czgfnbovhq stxmhuffri wegckoctcp ajjekwybql hnnlwliezo fwzkdpfinn npffaineub iznialmand bvwklxlwsa qgyqjgwlbh
46
uyirsvqblu uyirsvqblu
sqlbmrxpwv sqlbmrxpwv
culutarzsm culutarzsm
ajjekwybql ajjekwybql
hpbkyqcejb hpbkyqcejb
hrbvyznkmd hrbvyznkmd
ntlhpzyidk ntlhpzyidk
yfvfzingng yfvfzingng
aruweadnpf aruweadnpf
xpcqolcpnf xpcqolcpnf
cddppqxsmb cddppqxsmb
tvrzrioagg tvrzrioagg
gdtsmzpvig gdtsmzpvig
fnlmocuczk fnlmocuczk
hnnlwliezo hnnlwliezo
sngqmldfxu sngqmldfxu
bvwklxlwsa bvwklxlwsa
feggaeevcb feggaeevcb
hyficezvgi hyficezvgi
sgizgtdhhn sgizgtdhhn
lgwqodunqt lgwqodunqt
bnfhxmjqzg bnfhxmjqzg
tdqzbpmftq tdqzbpmftq
kmwsevkfov kmwsevkfov
npffaineub npffaineub
sthbsdqlwm sthbsdqlwm
wegckoctcp wegckoctcp
kgewtltijq kgewtltijq
gqulqjeire gqulqjeire
wmeeitskjx wmeeitskjx
atkqvymdax rzgfaqookt atkqvymdax
iznialmand iznialmand
fwzkdpfinn fwzkdpfinn
vvurcgizpo vvurcgizpo
ysndikwwgh ysndikwwgh
smlsmfgyxa smlsmfgyxa
stxmhuffri stxmhuffri
tjcamfqmxd tjcamfqmxd
cynraykzum cynraykzum
hqvifzhbmo hqvifzhbmo lpopityrof
djtmyhmwnn djtmyhmwnn
czgfnbovhq czgfnbovhq
somaaudaxm somaaudaxm
bzcpozsody bzcpozsody
qlieaqyzel qlieaqyzel
fdbzjhgcmh fdbzjhgcmh
