Egsmith Waltditch Wenside Alfchester Wenside Burbourne Leathermere Sudtree Wenwold Stainby Brackbrough Wenbeck Watchcombe Pemlow Sudwich Wetwick Nortley Stainbrough Egtree Chelmden Egtree Wychnell Burfield Shaftbridge Penborne Staplake Edgey Shaftbage Ashdown Farnsmith Wychsmith Chelmwang Hornborough Cookford Chelmbeck Flitgrove Sudtree Wychbourne Egavon Wychbourne Barnton Ashbourne Stapbeck Ashbourne Barnton Egsmith
35
Staplake Staplake Wychbeck
Stapbeck Stapbeck
Wychnell Wychnell
Stainby Stainby
Wenside Wenside
Wenwold Wenwold
Wychbourne Wychbourne
Stainbrough Stainbrough
Wetwick Wetwick
Farnsmith Farnsmith
Cookford Cookford
Wychsmith Wychsmith
Ashbourne Ashbourne
Burbourne Burbourne
Shaftbridge Shaftbridge
Flitgrove Flitgrove
Leathermere Leathermere
Chelmwang Chelmwang
Alfchester Alfchester
Burfield Wywick
Sudtree Sudtree
Edgey Edgey
Nortley Nortley
Ashdown Ashdown
Wenbeck Wenbeck
Waltditch Waltditch
Chelmbeck Chelmbeck
Brackbrough Brackbrough
Penborne Penborne
Chelmden Chelmden
Pemlow Pemlow
Egtree Egtree
Shaftbage Shaftbage
Egavon Egavon
Barnton Barnton
