Chelmbourne Shaftwich Chelmbourne Whitavon Elside Alfby Leatherlow Alfby Leatherlake Alfby Stapwell Bromgrove Hartbage Bracklow Pemwood Sodside Wyhead Cleredon Staflow Elgrove Staintree Edgwich Staintree Stafthorne Waltbrook Hurstworth Rocktree Cookbridge Rocktree Whitborough Horndown Whitborough Rocktree Barnden Shrivlow Flitham Kingsley Flitham Enbage Stainside Whitover Stainhall Southmere Shrivside Kingsbrook Wenden Kingsbrook Dartsted Clerethorne Barnside Clerethorne Stapthorne Stapmoor Barnham Alfcastle Egborne Cookton Enlow Sudwich Prestey Hornley Pemwold Melborne Sudworth Wenwang Edgchester Wenwang Stapwold Marlton Alfwell Aldhall Alfwell Casford Wetborne Chelmbourne
54
Sudwich Sudwich
Sudworth Sudworth
Elside Elside
Barnside Barnside
Prestey Brainbridge Prestey
Enbage Enbage
Hornley Hornley
Shaftwich Shaftwich
Stapthorne Stapthorne
Stapmoor Stapmoor
Pemwood Pemwood
Hurstworth Hurstworth
Wenwang Wenwang
Whitborough Whitborough
Sodside Sodside
Alfby Alfby
Edgwich Edgwich
Casford Casford
Southmere Southmere
Aldhall Aldhall
Stainside Stainside
Flitham Flitham
Horndown Horndown
Waltbrook Waltbrook
Leatherlake Leatherlake
Staflow Bursted Staflow
Edgchester Edgchester Horncester
Elgrove Elgrove Wenborough
Kingsley Kingsley
Cookbridge Cookbridge
Whitover Whitover
Bracklow Bracklow
Dartsted Dartsted
Shrivside Shrivside
Wenden Wenden
Barnham Barnham
Hartbage Hartbage
Pemwold Pemwold
Shrivlow Shrivlow
Wyhead Wyhead
Leatherlow Leatherlow
Melborne Egcastle
Cleredon Cleredon
Stapwell Stapwell
Stainhall Stainhall
Barnden Durditch
Cookton Cookton
Rocktree Rocktree
Staintree Staintree
Egborne Prestdon Egborne
Alfwell Alfwell
Whitavon Whitavon
Marlton Marlton
Enlow Enlow
