Soda Browning Comstock Spring Poplar Spring Mabel Overlook Alvarado Vicente Summit Haviland Belrose Menlo Burnett Menlo Bancroft Cutter Bancroft Menlo Colusa Fulton Florida Muir Lewiston Edith Lewiston Eunice Solano Allston Shasta Acacia Domingo Acacia Shasta Addison Byron Columbia High Marin Madera Marin Greenwood Heinz Greenwood Cowper Haste Bataan Bowditch Fresno Terrace Forest Ajax Haskell Martin Yolo Bret Vermont Hospital Bristol Keeler Pardee Anne Arch Poppy Soda
49
Addison Addison
Ajax Ajax
Allston Allston
Anne Anne
Arch Arch
Bancroft Bancroft
Bataan Bataan
Belrose Belrose
Bowditch Bowditch
Bret Bret Kenilworth
Bristol Bristol
Browning Browning
Burnett Burnett
Byron Byron
Columbia Columbia
Colusa Colusa
Comstock Comstock
Cutter Cutter
Domingo Domingo
Edith Edith
Eunice Eunice
Florida Florida
Forest Forest
Fresno Fresno
Fulton Fulton
Greenwood Greenwood
Haskell Haskell
Haste Haste
Haviland Haviland
Heinz Heinz
High High
Hospital Hospital
Keeler Keeler
Lewiston Lewiston
Mabel Mabel
Madera Madera
Marin Marin
Martin Martin
Menlo Menlo
Muir Muir
Overlook Overlook
Pardee Pardee
Poplar Poplar
Poppy Poppy
Shasta Shasta
Spring Spring
Summit Summit
Terrace Terrace
Vermont Vermont
