Whitgrove Dribblecombe Falworth Whitringlake Milthorne Rothingcombe Pemnell Penddenchester Suddingover Chedworth Sundendford Botbeck Abcester Sifield Enderbeck Marlbeck Tippenbrook Suddenmoor Staincombe Suddenmoor Egmerhampton Suddenmoor Melwood Endleshall Candleswick Skellingover Warsmith Horstleover Toddenmerbrough Endingnell Toddenmerbrough Casbrook Redcombe Siey Wychchester Marlbrook Falderbrough Warsmith Horsnell Siavon Abgleham Sundlethorne Fullensborne Blansbrook Hamwold Emmerley Bastlebury Rothendcombe Dribwold Reddingtree Eley Reddingtree Stapbrough Penby Ciringnell Elside Wetsmith Elside Cannerthorne Waltbeck Hampingcastle Basditch Bothenton Chelmdenmoor Bursmith Hampingworth Botenbrook Tipstoke Burlake Endleberey Dribberham Worford Rotherlow Worford Falderseythorne Durbrook Sodport Skelberden Hamscombe Alfmere Leatherport Cireport Egbeck Skellenshot Cihead Skellenshot Wychcompwold Shaftborough Hannersmith Worhall Reddendeney Prestwick Sundcompney Ketnell Toddenmoor Ketnell Staplow Ketchester Boothingmanstree Faldenhall Wethampton Egsted Marlcester Nortwell Bassinghead Southbury Abglewold Farnditch Ribberrenston Southmere Basbage Warblestancester Tippendham Stainbrough Wendleringdown Sirenshall Hampingbascombe Wetwick Stapbrook Wolley Cirerham Dartden Bothenhall Worrenberwang Ellerbridge Boothingchester Wycastle Boothingchester Ellerbridge Ketchester Watchlake Farndlesover Watchlake Tippingbage Bootwick Todhampton Clereennell Bromstanham Sodberling Whitgrove
100
Sifield Sifield
Melwood Melwood
Wethampton Wethampton
Tipstoke Tipstoke
Worrenberwang Worrenberwang
Cannerthorne Cannerthorne
Reddendeney Reddendeney
Ketchester Ketchester
Enderbeck Enderbeck
Abglewold Abglewold
Bastlebury Bastlebury
Ketnell Ketnell
Skelberden Skelberden
Bothenton Bothenton
Faldenhall Faldenhall
Eley Eley
Siavon Siavon
Todhampton Todhampton
Hampingcastle Hampingcastle
Casbrook Casbrook
Shaftborough Shaftborough
Redcombe Redcombe
Southbury Southbury
Suddingover Suddingover
Farnditch Farnditch
Dribblecombe Dribblecombe
Egmerhampton Egmerhampton
Watchlake Watchlake
Clereennell Clereennell
Penby Penby
Cihead Cihead
Rothingcombe Rothingcombe
Staincombe Staincombe
Horsnell Horsnell
Staplow Staplow
Wetsmith Wetsmith
Falworth Falworth
Stapbrough Stapbrough
Tippingbage Tippingbage
Nortwell Nortwell
Ribberrenston Ribberrenston
Dartden Dartden
Rotherlow Rotherlow
Basditch Basditch
Prestwick Prestwick
Ellerbridge Ellerbridge
Wycastle Wycastle
Milthorne Milthorne
Hamwold Hamwold
Elside Elside
Endingnell Endingnell
Worford Worford
Bootwick Bootwick
Waltbeck Waltbeck
Suddenmoor Suddenmoor
Southmere Southmere
Skellenshot Skellenshot
Bromstanham Bromstanham
Worhall Worhall
Chedworth Chedworth
Hampingworth Hampingworth
Sirenshall Sirenshall
Wetwick Wetwick
Bothenhall Bothenhall
Candleswick Candleswick
Siey Siey
Whitringlake Whitringlake
Wychcompwold Wychcompwold
Rothendcombe Rothendcombe
Botbeck Botbeck
Tippenbrook Tippenbrook
Toddenmoor Toddenmoor
Leatherport Leatherport
Dribberham Dribberham
Emmerley Emmerley
Skellingover Skellingover
Wychchester Wychchester
Sodberling Sodberling
Sodport Sodport
Tippendham Tippendham
Whitgrove Whitgrove
Farndlesover Farndlesover
Alfmere Alfmere
Horstleover Horstleover
Durbrook Durbrook
Abcester Abcester
Sundlethorne Sundlethorne
Marlbrook Marlbrook
Bursmith Bursmith
Abgleham Abgleham
Wendleringdown Wendleringdown
Blansbrook Blansbrook
Marlcester Marlcester
Wolley Wolley
Sundendford Sundendford
Boothingmanstree Boothingmanstree
Falderseythorne Falderseythorne
Hampingbascombe Hampingbascombe
Egsted Egsted
Endleberey Endleberey
