Hamsbourne Sundlechester Skelgrove Warrewick Skelgrove Shaftthorne Camhampton Hartberbury Camhampton Enderton Dribstoke Endbeck Melshot Endbeck Dribstoke Chilringfield Rotmerby Sunderborough Ciley Sunderborough Prestbourne Botherstanport Leatherblesley Sodderrenshead Leatherblesley Camswich Cimansbrough Wendleslake Boothenrensborough Candlesdon Boothenrensborough Wendleslake Stafdenbourne Chipsted Chipfield Hamperrehampton Chipfield Hamsbourne
23
Hamperrehampton Hamperrehampton
Botherstanport Wolvencester
Sundlechester Sundlechester
Chipsted Chipsted
Ciley Ciley
Candlesdon Candlesdon
Leatherblesley Leatherblesley
Chilringfield Chilringfield
Chipfield Chipfield Cammercastle
Camswich Camswich
Camhampton Camhampton
Rotmerby Rotmerby
Sunderborough Sunderborough
Skelgrove Rocklow
Melshot Melshot
Warrewick Warrewick
Enderton Enderton
Shaftthorne Shaftthorne Sudbage
Sodderrenshead Sodderrenshead
Prestbourne Prestbourne
Boothenrensborough Boothenrensborough
Cimansbrough Cimansbrough
Hartberbury Hartberbury
