Warfield Chilbury Brackcompwang Chelmstanwell Hammerringey Skelling Elmansham Sudsmith Burglebrough Chedtree Suddleover Chedtree Millendon Windling Dribblewick Skellingden Barndberbrough Worhall Todtree Cicombe Hammenshead Bastleseyham Dribbingworth Leatherbleside Ketsmith Whitchester Ketsmith Pendingbrook Chiphead Elcompbridge Southbasport Fulbourne Stainbrough Worberbrook Dartseyworth Chedderrenswich Cannerthorne Tipwick Ashborne Hannenmanswick Hamsling Soddlewick Falport Botherseyworth Falport Pendlewood Horstlescompstoke Suddlecombe Ashfield Ketport Suddleborne Cammerrensmoor Wyborne Cambingstoke Suddlecombe Ellingreham Suddlecombe Basringney Warfield
46
Worberbrook Worberbrook
Botherseyworth Botherseyworth
Wyborne Wyborne
Pendlewood Pendlewood
Cambingstoke Cambingstoke
Basringney Basringney
Ashfield Ashfield
Ketport Ketport
Dribbingworth Dribbingworth
Hammerringey Hammerringey
Skelling Skelling
Ashborne Ashborne
Stainbrough Stainbrough Northall
Chedtree Chedtree Siringwang
Tipwick Tipwick
Suddlecombe Suddlecombe Chippingsted
Todtree Todtree
Cammerrensmoor Cammerrensmoor
Chelmstanwell Chelmstanwell
Warfield Warfield
Pendingbrook Pendingbrook Suddlecastle
Burglebrough Burglebrough
Leatherbleside Leatherbleside
Chedderrenswich Chedderrenswich
Brackcompwang Brackcompwang
Worhall Worhall
Soddlewick Soddlewick
Skellingden Skellingden
Barndberbrough Barndberbrough
Southbasport Southbasport
Windling Windling
Bastleseyham Bastleseyham
Millendon Millendon
Chilbury Chilbury
Horstlescompstoke Horstlescompstoke
Whitchester Whitchester
Suddleover Suddleover
Sudsmith Sudsmith
Elmansham Elmansham
Hamsling Hamsling
Cicombe Cicombe
Suddleborne Suddleborne
Falport Falport
Ellingreham Ellingreham
Hannenmanswick Hannenmanswick
Chiphead Chiphead
