0 15 30 45 31 46 31 45 60 75 76 75 90 105 90 106 122 107 91 92 108 123 124 109 94 79 80 95 110 95 80 81 82 83 84 99 98 82 66 51 36 52 68 53 54 40 25 41 56 71 70 85 100 115 100 116 100 85 86 87 88 87 103 104 119 104 89 59 58 73 58 43 28 12 13 12 11 10 9 24 23 8 7 6 5 20 5 4 19 18 3 2 1 0
51
0 0
3 3
5 5
7 7
8 8
10 10
13 13
15 15
18 18 63
20 20 35
23 23
25 25
28 28
30 30
31 31 47
19 34
36 36 50
40 40
41 41 55
45 45
46 46
51 51
52 52
56 56
73 57 73
68 68
70 70
71 71
75 75
76 76
79 78
80 80
83 83
85 85
88 88
90 90
94 93
95 95 111
98 98
100 100
103 103
105 105
106 106 120 121
108 108
109 109
110 110
115 115
116 116
119 119
122 122
124 124
