0 49 182 92 108 102 108 89 173 65 84 42 109 25 156 168 128 134 191 137 35 138 35 9 184 73 36 97 104 60 83 14 178 180 135 69 135 176 26 196 179 8 166 8 39 151 39 94 31 48 118 64 74 63 91 19 85 99 85 160 145 161 163 194 76 139 183 1 170 103 28 155 70 157 50 77 24 164 79 126 111 149 111 51 22 118 17 175 106 199 186 197 186 78 81 121 20 152 141 4 141 125 133 100 10 12 130 87 159 107 117 119 29 95 96 67 47 67 44 110 153 38 6 116 75 32 116 120 54 98 54 185 27 185 18 0
97
173 173
179 179
83 83
75 75
160 160
6 6
103 103
156 156
25 25
14 14
17 17
116 116
178 178
64 64 58
185 185
109 109
48 48
32 32
196 196
121 121
89 89
126 126
24 24
91 91 146
26 26
166 166
28 28
184 184
111 111
186 186 193
133 133
151 151
182 182
180 180
120 120
194 194
9 9
65 65
159 159
138 138
4 4
42 42
108 108
12 12
106 106
175 175
22 22
67 67
44 44
98 98
81 81
125 125
77 77
49 49
157 157
100 100
18 18
87 87
51 51
36 36
130 130
70 70
39 39
197 197
20 20
117 117
139 139
102 102
137 137
176 176
10 10
38 38
78 78
104 104
85 85
96 96
134 134
128 128
19 19
31 31
155 155
168 168
149 149
170 170
63 63
27 27
50 50
69 69
119 119
145 145
79 79
74 74
47 47
95 95
163 163
199 199
99 99
