Plano Rockford Riverside Tallahassee Hampton Tallahassee Cincinnati Miami Olathe Irvine LittleRock Irvine Fullerton AugustaRichmond HuntingtonBeach SimiValley HuntingtonBeach Mobile Hartford NewOrleans Dallas Worcester Mesquite Joliet Thornton Anchorage Philadelphia GardenGrove Salinas Davidson Teemo Greensboro Surprise Corona Brownsville Knoxville SanBernardino Madison Fremont SantaClarita CorpusChristi Spokane Pomona Houston ChulaVista NewHaven SanAntonio Chicago Denton Raleigh Glendale Tampa ThousandOaks McAllen GrandPrairie Portland Tampa Laredo SantaRosa SiouxFalls FortCollins Killeen Allentown Stamford Glasses SanJose Fontana Hollywood Escondido Akron Torrance Lancaster Elizabeth Anaheim JerseyCity Pikachu Lafayette Wichita Waco Ontario Omaha Garland Atlanta Oxnard Atlanta Vancouver Beaumont Denver Hayward BatonRouge Montgomery Memphis Charleston Mesa OWO Chesapeake Huntsville Seattle Lincoln SantaAna Tulsa LouisvilleJefferson Reno Norfolk FortLauderdale AnnArbor StLouis WestValleyCity Vallejo LasVegas Cary OklahomaCity Rochester SanFrancisco Warren MorenoValley Norman Sunnyvale Pasadena Irving SantaClara Plano
100
SanFrancisco SanFrancisco
SantaClara SantaClara
Charleston Charleston
FortCollins FortCollins
Cincinnati Cincinnati
Mesquite Mesquite
Stamford Stamford
Hollywood Hollywood
Riverside Riverside
Omaha Omaha
GardenGrove GardenGrove
Beaumont Beaumont
Anaheim Anaheim
Brownsville Brownsville
StLouis StLouis
SanJose SanJose
Glendale Glendale
Elizabeth Elizabeth
Killeen Killeen
McAllen McAllen
LasVegas LasVegas
Ontario Ontario
Davidson Davidson
Norman Norman
Montgomery Montgomery
Garland Garland
Mesa Mesa
SantaRosa SantaRosa
AnnArbor AnnArbor
Lancaster Lancaster
Hartford Hartford
Escondido Escondido
Salinas Salinas
Tampa Tampa
Dallas Dallas
Hampton Hampton
Rockford Rockford
Portland Portland
Warren Warren
Wichita Wichita
LittleRock LittleRock
SanBernardino SanBernardino
Raleigh Raleigh
Torrance Torrance
Lincoln Lincoln
SiouxFalls SiouxFalls
Surprise Surprise
Allentown Allentown
Norfolk Norfolk
Houston Houston
Fremont Fremont
Greensboro Greensboro
SanAntonio SanAntonio
OWO OWO
Anchorage Anchorage
Glasses Glasses
Chicago Chicago
Atlanta Atlanta
Cary Cary
Oxnard Oxnard
MorenoValley MorenoValley
Irving Irving
Vallejo Vallejo
LouisvilleJefferson LouisvilleJefferson
Madison Madison
Thornton Thornton
Hayward Hayward
Miami Miami
Knoxville Knoxville
Denton Denton
ThousandOaks ThousandOaks
Pasadena Pasadena
JerseyCity JerseyCity
AugustaRichmond AugustaRichmond
Denver Denver
Sunnyvale Sunnyvale
SimiValley SimiValley
FortLauderdale FortLauderdale
Laredo Laredo
SantaClarita SantaClarita
Olathe Olathe
Corona Corona
Tulsa Tulsa
NewOrleans NewOrleans
Lafayette Lafayette
OklahomaCity OklahomaCity
HuntingtonBeach HuntingtonBeach
Huntsville Huntsville
Pomona Pomona
CorpusChristi CorpusChristi
Mobile Mobile
Memphis Memphis
GrandPrairie GrandPrairie
Pikachu Pikachu
Vancouver Vancouver
Irvine Irvine
Worcester Worcester
Waco Waco
Akron Akron
NewHaven NewHaven
