Waco SanAntonio MorenoValley OverlandPark KansasCity Omaha KansasCity Aurora Richmond SanFrancisco AthensClarkeCounty OWO SterlingHeights OWO LexingtonFa Palmdale FortCollins Victorville SanBernardino Stamford Cary Stamford Clarksville Palmdale FortWayne Palmdale AnnArbor SaltLakeCity Rochester Oski Irving SantaClara ChulaVista Lincoln Newark OverlandPark Waco
24
Rochester Rochester
Palmdale Palmdale
Clarksville Clarksville
OWO OWO
Cary Cary
SanAntonio SanAntonio
Victorville StPaul
SanFrancisco SanFrancisco
LexingtonFa LexingtonFa
MorenoValley MorenoValley
AnnArbor AnnArbor
SterlingHeights SterlingHeights
Stamford Stamford
Lincoln Detroit Lincoln
FortWayne FortWayne
Omaha Omaha
FortCollins FortCollins
SaltLakeCity SaltLakeCity
SanBernardino SanBernardino
AthensClarkeCounty AthensClarkeCounty
ChulaVista ChulaVista
Irving Irving
Richmond Richmond
Newark Newark
