0 185 23 153 115 107 158 184 72 78 52 199 59 106 177 94 17 137 129 47 89 19 125 50 182 135 8 37 108 166 108 20 108 141 97 27 193 39 56 67 172 134 172 88 130 9 103 31 151 24 48 4 119 174 119 2 98 96 175 173 175 117 14 13 102 30 197 140 71 140 70 154 114 17 5 160 195 22 74 38 145 26 80 112 111 164 51 176 69 167 120 12 100 183 63 150 93 131 84 86 133 1 163 146 163 83 15 16 68 101 196 18 192 113 76 33 76 42 159 43 21 143 152 138 157 35 3 81 128 28 187 65 11 87 190 116 66 0
100
0 0
1 1
2 2
3 3
4 4
5 5
8 8
9 9
11 11
13 13
14 14
15 15
16 16
17 17
18 18
20 20
21 21
22 22
23 23
24 24
26 26
27 27
28 28
31 31
33 33
35 35
38 38
39 39
42 42
43 43
47 47
50 50
51 51
52 52
56 56
59 59
65 65
66 66
67 67
68 68
69 69
70 70
71 71
72 72
74 74
78 78
80 80
81 81
83 83
84 84
86 86
89 89
93 93
94 94
96 96
98 98
100 100
101 101
102 102
103 103
107 107
111 111
114 114
115 115
116 116
120 120
125 125
128 128
129 129
130 130
133 133
134 134
137 137
138 138
141 141
143 143
146 146
151 151
152 152
153 153
154 154
157 157
158 158
159 159
160 160
164 164
166 166
167 167
172 172
173 173
174 174
177 177
182 182
183 183
184 184
187 187
190 190
193 193
197 197
199 199
