oUyBZvEHNPOWtAsHANHU XZRBuctXhYPbWardFSZS QMnEKXGwZYUlreveNjwA RoJsXhmBaCWhexsUOZgS JGmrlhNqKarRJZMikIzR gUlgGYCPZjsRiFLqnVun DsLevMWgWFWOQXFMbaQy znYRMYifzQwyixuIXDnz IuNNJvHSmYKpVBzmzuJX fDAbzsYfiXDxOIsITcQl NVPacTSrBMpDkMBotiWB fDAbzsYfiXDxOIsITcQl IuNNJvHSmYKpVBzmzuJX rqqedkokePZFdhDbMNpX IUJDEWwYxhQimsCqnrFH rqqedkokePZFdhDbMNpX hpQFeVriPZmwKZcYFAWN PojKKQvEDmFOnJinujFi CcspnGXfrmzZRWjdMjLd oMKDNkBacLxexXKHqXfF CcspnGXfrmzZRWjdMjLd NBTlGJqSnWahMvuDlXAm ikjgYLaZRolSrbIYyKBd CXrruomvXfADUrHxMwZi ikjgYLaZRolSrbIYyKBd tItiZloipgPmLuONrNnZ cAvnOxZJtanpVvcAxJHM tItiZloipgPmLuONrNnZ eqwycKZriorIAbsUBjxu MeohNnftDTzllMTGwxnG CCYBPFZgoOONzoEeTKzC JKNUHFrXPStBWMuUOVkj QFaSXENOfunmdZIBqDsS UMfDYlvFlUVuogMRkWNG lPMfQyVLDIZczBuDgsVQ UMfDYlvFlUVuogMRkWNG QFaSXENOfunmdZIBqDsS eWVKeYegIFOJxvfRkjek OWCblOtQanZakRLMqMxz VVzvLIOwARaWwhQTKPrx eqwycKZriorIAbsUBjxu hNRcEeFjmsmOnuOdNAXl eWGFHgdBASXJbxQbYrCG oUyBZvEHNPOWtAsHANHU
25
VVzvLIOwARaWwhQTKPrx VVzvLIOwARaWwhQTKPrx
hNRcEeFjmsmOnuOdNAXl hNRcEeFjmsmOnuOdNAXl
JKNUHFrXPStBWMuUOVkj JKNUHFrXPStBWMuUOVkj
MeohNnftDTzllMTGwxnG MeohNnftDTzllMTGwxnG
lPMfQyVLDIZczBuDgsVQ lPMfQyVLDIZczBuDgsVQ
IUJDEWwYxhQimsCqnrFH IUJDEWwYxhQimsCqnrFH
eWGFHgdBASXJbxQbYrCG eWGFHgdBASXJbxQbYrCG
NVPacTSrBMpDkMBotiWB NVPacTSrBMpDkMBotiWB
znYRMYifzQwyixuIXDnz znYRMYifzQwyixuIXDnz
NBTlGJqSnWahMvuDlXAm NBTlGJqSnWahMvuDlXAm
cAvnOxZJtanpVvcAxJHM cAvnOxZJtanpVvcAxJHM
CcspnGXfrmzZRWjdMjLd CcspnGXfrmzZRWjdMjLd
oMKDNkBacLxexXKHqXfF oMKDNkBacLxexXKHqXfF
IuNNJvHSmYKpVBzmzuJX IuNNJvHSmYKpVBzmzuJX
eWVKeYegIFOJxvfRkjek eWVKeYegIFOJxvfRkjek
QMnEKXGwZYUlreveNjwA QMnEKXGwZYUlreveNjwA
CXrruomvXfADUrHxMwZi CXrruomvXfADUrHxMwZi
CCYBPFZgoOONzoEeTKzC CCYBPFZgoOONzoEeTKzC
PojKKQvEDmFOnJinujFi PojKKQvEDmFOnJinujFi
gUlgGYCPZjsRiFLqnVun gUlgGYCPZjsRiFLqnVun
OWCblOtQanZakRLMqMxz OWCblOtQanZakRLMqMxz
eqwycKZriorIAbsUBjxu eqwycKZriorIAbsUBjxu
oUyBZvEHNPOWtAsHANHU oUyBZvEHNPOWtAsHANHU
UMfDYlvFlUVuogMRkWNG UMfDYlvFlUVuogMRkWNG
hpQFeVriPZmwKZcYFAWN hpQFeVriPZmwKZcYFAWN
