a1 g1 b1h b2 b3 b12 b13h b12 b3 b2 b1h g1 g2 f1h f18 f19h f18 f1h f20 f21h f52h f21h f50h f21h f46h f21h f32h f21h f30h f21h f26h f21h f54h f55h f54h f21h f40h f41h f40h f21h f34h f35h f34h f21h f24h f25h f24h f21h f20 f1h g2 c1 c2 c3 c5 c6h c5 c3 c8 c9 c20 c21h c20 c9 c16 c17h c16 c9 c8 c3 c2 c1 g2 e1 e2 e4h e2 e1 g2 g1 a1
28
a1 a21h
b1h b1h
b3 b4h b5h b7h b10h
b13h b13h
c6h c6h
c9 c11h c13h c19h
c16 c15h
c17h c17h
c21h c21h
g2 d8h d13h
e4h e4h e6h
f1h f1h f3h f5h f7h f9h f11h f13h f15h f17h
f19h f19h
f21h f21h f22h f23h f28h f29h f36h f37h f38h f39h f42h f43h f44h f45h f48h f49h f56h f57h f58h f59h f60h f61h
f24h f24h
f25h f25h
f26h f26h f27h
f30h f30h f31h
f32h f32h f33h
f34h f34h
f35h f35h
f40h f40h
f41h f41h
f46h f46h f47h
f50h f50h f51h
f52h f52h f53h
f54h f54h
f55h f55h
