LesLilas AinBessem Aracuai Zhaodong Aracuai Kemise Shurugwi Manacapuru Gorgan AinArnat Battambang Haripur Langenhorn FortWorth Skelmersdale Prostejov Mabopane Rhondda Anjarah Khulm Malpe Shieli Yafo Vaniyambadi NorthAurora VillaPauladeSarmient GongdanglegiKulon Espiye Shchekino Angleton SenadorPompeu Acarau Akcaabat Mauban WestIslip Embu Tabou Skelmersdale Vyazniki Ontinyent Acireale Baramula Sorada SouthSaintPaul Gunzenhausen SanJuandelaMaguana NoblePark Kotka PortoVelho FetestiGara ChalcodeDiazCovarrub BlueIsland MineralnyeVody TagbilaranCity Hirosaki Ibirataia Izhevsk KotRadhaKishan HaciendaLaCalera Sosnovka Daokou Twante Rivas Garbsen Ortaca Itororo MadinatHamad Turek PriegodeCordoba Bury Braila Morwa Oerlinghausen Belalcazar Kairouan Johnston Wenchi Andrychow GuaMusang Cachan AshtonunderLyne Aringay Kaifeng Butuan Mandan Gowurdak Hangu Wangon EastLongmeadow Mocoa Fuxin Nagar Shimofurano Arzamas Sobue Kambove MonteAlegre CapimGrosso SantanadoLivramento SaintCyrlEcole Haora Kineshma SpanishTown Lloydminster Korsakov NahiyatashShinafiyah SenaMadureira Pezinok Escada Pozzuoli LesLilas
100
Khulm Khulm
Kemise Kemise
Hirosaki Hirosaki
SanJuandelaMaguana SanJuandelaMaguana
Shchekino Shchekino
Braila Braila
SenaMadureira SenaMadureira
Shimofurano Shimofurano
AinArnat AinArnat
Rhondda Rhondda
Morwa Morwa
Ibirataia Ibirataia
Hangu Hangu
SouthSaintPaul SouthSaintPaul
Andrychow Andrychow
Garbsen Garbsen
Sobue Sobue
Sosnovka Sosnovka
Rivas Rivas
PriegodeCordoba PriegodeCordoba
Yafo Yafo
Haora Haora
Haripur Haripur
CapimGrosso CapimGrosso
AinBessem AinBessem
Ontinyent Ontinyent
Arzamas Arzamas
SpanishTown SpanishTown
Johnston Johnston
Nagar Nagar
Turek Turek
Belalcazar Belalcazar
Espiye Espiye
SenadorPompeu SenadorPompeu
KotRadhaKishan KotRadhaKishan
BlueIsland BlueIsland
MadinatHamad MadinatHamad
Butuan Butuan
Vyazniki Vyazniki
Langenhorn Langenhorn
Angleton Angleton
Kambove Kambove
Mocoa Mocoa
Kaifeng Kaifeng
Zhaodong Zhaodong
Fuxin Fuxin
WestIslip WestIslip
SaintCyrlEcole SaintCyrlEcole
Akcaabat Akcaabat
Anjarah Anjarah
Baramula Baramula
Acireale Acireale
Gunzenhausen Gunzenhausen
Vaniyambadi Vaniyambadi
Tabou Tabou
TagbilaranCity TagbilaranCity
ChalcodeDiazCovarrub ChalcodeDiazCovarrub
Itororo Itororo
HaciendaLaCalera HaciendaLaCalera
Kairouan Kairouan
Lloydminster Lloydminster
NoblePark NoblePark
Aracuai Aracuai
Shieli Shieli
Prostejov Prostejov
NahiyatashShinafiyah NahiyatashShinafiyah
Bury Bury
VillaPauladeSarmient VillaPauladeSarmient
MineralnyeVody MineralnyeVody
Izhevsk Izhevsk
Kotka Kotka
Oerlinghausen Oerlinghausen
FetestiGara FetestiGara
Manacapuru Manacapuru
Pozzuoli Pozzuoli
Shurugwi Shurugwi
Gowurdak Gowurdak
Kineshma Kineshma
Acarau Acarau
GuaMusang GuaMusang
Pezinok Pezinok
Gorgan Gorgan
Mabopane Mabopane
Twante Twante
Sorada Sorada
Daokou Daokou
Escada Escada
EastLongmeadow EastLongmeadow
Embu Embu
Korsakov Korsakov
Wangon Wangon
Battambang Battambang
MonteAlegre MonteAlegre
Wenchi Wenchi
PortoVelho PortoVelho
Ortaca Ortaca
AshtonunderLyne AshtonunderLyne
Skelmersdale Skelmersdale
FortWorth FortWorth
SantanadoLivramento SantanadoLivramento
