Kaimganj Leixlip Mesa EncarnaciondeDiaz Mesa Novopokrovskaya Anahuac MilpaAlta PinhalNovo Racine Gobo Albi Karasuyama Tsukawaki Yucheng Isakogorka MontecatiniTerme Dankov Narangba GobernadorGalvez Tocache Fandriana Korolev Tsirang Brecht Norristown Pilibhit Irvine Pilibhit Fagaras Kaimganj
25
Albi Albi
PinhalNovo PinhalNovo
Tsukawaki Tsukawaki
Narangba Narangba
Tocache Tocache
Novopokrovskaya Novopokrovskaya
Karasuyama Karasuyama
Dankov Dankov
Fagaras Fagaras
Yucheng Yucheng
Isakogorka Isakogorka
Tsirang Tsirang
EncarnaciondeDiaz EncarnaciondeDiaz
Pilibhit Pilibhit
Gobo Gobo
Brecht Brecht
Leixlip Leixlip
Fandriana Fandriana
Irvine Irvine
Korolev Korolev
MontecatiniTerme MontecatiniTerme
MilpaAlta MilpaAlta
GobernadorGalvez GobernadorGalvez
Racine Racine
Anahuac Anahuac
