EFLJOTk nhkUU4YlSo 4pWeD5 EJOi3LI92xJB eJxYI mQzeU6iv7 SoHxfA vngV9R4 tC5KpkScgYX02k IRUxJNqQHDtKwk q9b8L0oiOJr Tb5qjVS0DSkDKD fgxHyKXvIAKSHtMEoO 7F9H97joVTdU8ZEpeb Xn8chReB4cAIE2gsbLF qKAN35ZxfJxs2n K6 6mx6unEnl t8ufBKg6M55z4g 13GDMZYtkIBDG8SVi5px cPnISetFj7gG8o9K tZ fMV6tQxP AUKNFdTo r5x QyWIcdD7GorZtfQJb I0a5SBtiDKckQxXh155L 4W JQX0b S5 Kpec 8I1AatPM 1p3lWfo8qHHC 9PHu2NLeEO 0e EFLJOTk
30
qKAN35ZxfJxs2n qKAN35ZxfJxs2n
I0a5SBtiDKckQxXh155L I0a5SBtiDKckQxXh155L
QyWIcdD7GorZtfQJb QyWIcdD7GorZtfQJb
Kpec Kpec
IRUxJNqQHDtKwk IRUxJNqQHDtKwk
SoHxfA SoHxfA
tZ tZ
fMV6tQxP fMV6tQxP
vngV9R4 vngV9R4
mQzeU6iv7 mQzeU6iv7
q9b8L0oiOJr q9b8L0oiOJr
13GDMZYtkIBDG8SVi5px 13GDMZYtkIBDG8SVi5px
8I1AatPM 8I1AatPM
cPnISetFj7gG8o9K cPnISetFj7gG8o9K
7F9H97joVTdU8ZEpeb 7F9H97joVTdU8ZEpeb
K6 K6
EJOi3LI92xJB EJOi3LI92xJB
4W 4W
Xn8chReB4cAIE2gsbLF Xn8chReB4cAIE2gsbLF
S5 S5
4pWeD5 4pWeD5
AUKNFdTo AUKNFdTo
fgxHyKXvIAKSHtMEoO fgxHyKXvIAKSHtMEoO
JQX0b JQX0b
6mx6unEnl 6mx6unEnl
r5x r5x
0e 0e
9PHu2NLeEO 9PHu2NLeEO
1p3lWfo8qHHC 1p3lWfo8qHHC
Tb5qjVS0DSkDKD Tb5qjVS0DSkDKD
