lyenDXSN wKxe hU BR s KtvQaJqCJTRpXM8ZI vJxAK1LaHyuu4yFNeul D5kg CmV m zI 7Q L 61 fzp vAIBd1Ae nqeGwct f hVfqebryM4wN A67f fGVqheaVU3e 2AR73oQdnbYqnDCGMFS uy3ouNIxumu7jEuoP1 MBLHuIgjJIXs uy3ouNIxumu7jEuoP1 K0A9bbVLm9atwTf EJDqk Plmj0j Iax35 HwQeXpOEZHQ3s l hjCFXN9kbqn0UCNsZ G50hiUpVStHCMrd frNA534JEvY4f nWkakNi6Qt9d4g o3refHnx4qioqHztqMYE zzYmU5YFhvp1 C8PRtY0wMczFLQQYxa VNvsbB7eWJcAK0fU jvdVvQ 1ds7sqHhanMKkMy M1PxrOPSNUVpc akZmiQ7tmX lt1a5E0H JyObTOXbOI cYPTdnJWL GPeb ImSpax cHKeh1 6DVIvuGfPs2BU Mu wBJRoqVxn1t lyenDXSN
37
G50hiUpVStHCMrd G50hiUpVStHCMrd
BR BR
hU hU
MBLHuIgjJIXs MBLHuIgjJIXs
CmV CmV
frNA534JEvY4f frNA534JEvY4f
VNvsbB7eWJcAK0fU VNvsbB7eWJcAK0fU
hjCFXN9kbqn0UCNsZ hjCFXN9kbqn0UCNsZ
L L
nWkakNi6Qt9d4g nWkakNi6Qt9d4g
nqeGwct nqeGwct
l l
wBJRoqVxn1t wBJRoqVxn1t 6yeW7sat9rvd
zzYmU5YFhvp1 zzYmU5YFhvp1
lt1a5E0H lt1a5E0H llx2p
cYPTdnJWL wcmx8dhmsO cYPTdnJWL
GPeb GPeb
vAIBd1Ae vAIBd1Ae
akZmiQ7tmX akZmiQ7tmX
Mu Mu
K0A9bbVLm9atwTf K0A9bbVLm9atwTf
Plmj0j Plmj0j
6DVIvuGfPs2BU 6DVIvuGfPs2BU
ImSpax ImSpax
zI zI
o3refHnx4qioqHztqMYE o3refHnx4qioqHztqMYE
hVfqebryM4wN hVfqebryM4wN
7Q 7Q
A67f A67f
vJxAK1LaHyuu4yFNeul vJxAK1LaHyuu4yFNeul
jvdVvQ jvdVvQ
61 61
f f
HwQeXpOEZHQ3s HwQeXpOEZHQ3s
2AR73oQdnbYqnDCGMFS 2AR73oQdnbYqnDCGMFS
KtvQaJqCJTRpXM8ZI KtvQaJqCJTRpXM8ZI
M1PxrOPSNUVpc M1PxrOPSNUVpc
