2 9 179 49 73 53 121 45 189 66 93 31 181 169 140 91 140 65 77 187 77 23 61 145 85 111 52 163 117 38 13 147 1 51 1 149 144 193 177 4 72 81 72 125 72 4 127 142 143 142 37 153 119 89 137 133 154 155 5 155 154 129 154 159 25 173 25 185 3 47 107 167 21 157 83 164 197 164 41 43 160 94 113 195 71 195 55 19 115 183 171 196 7 151 99 105 10 39 95 15 44 69 135 97 33 101 123 124 87 175 109 59 36 141 36 63 35 63 75 57 11 139 17 199 27 131 29 161 76 2
95
1 1
3 3
5 5
7 7
9 9
11 11
13 13
15 15
17 17
19 19
21 21
23 23
25 25
27 27
29 29
31 31
33 33
35 35
37 37
39 39
41 41
43 43
45 45
47 47
49 49
51 51
53 53
55 55
57 57
59 59
61 61
63 63
65 65
181 67 165 181
69 69
71 71
73 73
75 75
77 77
157 79 157
81 81
83 83
85 85
87 87
89 89
91 91
93 93
95 95
97 97
99 99
101 101
145 103 145
105 105
107 107
109 109
111 111 191
113 113
115 115
117 117
119 119
121 121
123 123
125 125
127 127
129 129
131 131
133 133
135 135
137 137
139 139
141 141
143 143
147 147
149 149
151 151
153 153
155 155
159 159
161 161
163 163
167 167
169 169
171 171
173 173
175 175
177 177
179 179
183 183
185 185
187 187
189 189
193 193
195 195
197 197
199 199
