0 1 6 11 16 21 25 21 26 32 33 31 35 31 37 36 42 41 46 48 46 51 57 56 61 66 71 76 80 76 81 87 86 92 91 95 91 96 101 105 104 101 106 108 106 112 111 114 111 116 121 127 126 131 136 141 146 151 156 162 161 164 161 167 166 171 176 181 186 192 191 196 197 198 0
57
57 58
25 24 25
41 44
131 135
71 73 72 75 74
96 100 99 98 97
6 7
21 22
35 35 34
86 90
16 17 19
136 137 139 140 138
61 63 65 64 62
162 163 162
76 78 79
105 105
192 192
151 155 152 153
164 164 165
11 14 13 12
106 109 107
56 60 59
186 189 187
48 48
114 114
42 42
116 118
181 183 184 185
95 95 94
141 144 143 145 142
191 193 195
51 53 52
81 83 84 82
101 103 102
37 38
176 180 179
26 30 27 29
126 130 129
112 112
33 33
108 108
121 122
166 169 170
66 70 68
1 3
127 127 128
92 93
32 32
46 47
87 87
171 173
111 113
36 39
156 159
146 149
80 80
104 104
