ZtfcEeD9 lwKMUcFL lWuh5cH8 uEOMgmS6 bKTzHQn4 TNblhkGK WOQy49Fo Fj27Gybu 4FNIiWtX aDGqWHym yptfWPBC HTyyntxa NvpMZWSs SqpsWXRw pDb2VAD0 tKnzhLx5 Wznv2rRv FqE4GP0Y VgwgAKMz KbQF6Z1I KZzTlcqA 7VEdC8Bn uEOMgmS6 lWuh5cH8 lwKMUcFL ZtfcEeD9 6MPulFAv nFqouQp3 rbWYBihd NBKhkccj oqraQ3aF yWlzbESz CIF8DWXL FgxkC8N1 MeetuZNx Q6NMHx0B 04vrMVdi Q6NMHx0B MeetuZNx FgxkC8N1 ZCQYXo7t 8avKqSxh eHAI1Emd miUcr0K7 4pgwpiHi CxnbNU8s eJJL3lWa YWqBlkAs 43ehQX6O zvH4AKmS gmal2HHS kMauNR5Y wZJN4OBT EAWv9kfQ mlHu9OVg aWGQETjI gKOyNQPh BOlNhFGU o4xf7nVd 62Mn9lau 12RjOKOH wd6UNY9N R2FCohpD EEVF7P1A ZS8CQaI7 lqKnzPvP RjDUex61 IZjIq9He xzWL2Pp8 B65DnegI iF2sCG7R h4MzKYRp aACN5TTZ EB4WBsTV ca785uLx mrK2EXuk ZmF2u9Cy WOCLylig iJuLSUhp tCAdUY4B JfDq1Cs2 m9MRh7a0 91Uq51QB 7czjmzr9 n7cwD1GE SG64DwCC NSdaWdL7 1Xrx7hj3 Q7hUKAHQ 1Xrx7hj3 Q2HoHQU7 dzvtjag1 U7cZo0h2 wusYsf5E 6hjWynHN DA7bDRCs xZQyzblz MwmVLu2P FGbFUcoj poaWnZDO 80BwLCcj kTn5Wdms xRPgtW5C 0PR6ikBf cZyhnB0I 3MYamZSb d4U8kEOb APMxsbBa 2KepLMXB n7VUygaC tHTE6eug CczWZLd1 itC9pvuP OJgw7XgR Rd2M5nw8 X4DALK1Z REvLgkhf SUGv8yIU Ah46Ofm8 fa3ra0T7 GZiGmLq9 FdbcCrtB PLFYaVF6 qnVestAH NgGjr3Ik OEs82oEQ sAdwIwgI EJI0xPm2 1dr1nBQ7 ijk5cHsH 8LVjFaQv RGBDWX4o 97y3ut3B d5gzYuse LvdUl8D5 J2tz5Jy2 8Rfeklr1 eFJgi8X6 sFR9mcaG uYGlfCi2 1FIjcsO2 ntaFp6yn VqqukjeY qtXV58SN eF0ueRyu dB8nWjnw oECxPSEB RleTQaHw zpLQ0R0G 3L2NkWiR aSd01nMZ bUsapUoo nDVKj516 1gtWVzKV xkCjqYXa 6dJ0UicP aZcuESum CGddIqkC UiMRtBop yIRIspJJ Tb8W969R 7P5zi9hu yRH0nOtz bJ22zvWV WPOgjVLu jKNn1ZQ1 NpH6Hpsr AmaYXBsi JqKGA9ul gX4kBNm4 CBKWpDQv y7NjqOqM svPb07cv P0hOEoLv SdpsKJEm uMuBYvMK jc6bXCnq 9OV097CE hBRDGWam Pz0LLMil VDai7XkI 7Xy44hse mSd4Nw6v 9FVeC0va ciNFdHxl b850DFfF u2ZI4Bp6 KcGXxWyr 0MyIUMFM n0riP8Jl w0QWGw2L xI4hMIxA v654W2Kr O5yBujnu WvzZeqnS IdGLl1to PMzcqvQL W7b2i2pG BkhTgoaJ CIF8DWXL yWlzbESz oqraQ3aF NBKhkccj rbWYBihd nFqouQp3 6MPulFAv ZtfcEeD9
100
Fj27Gybu Fj27Gybu
43ehQX6O 43ehQX6O
nFqouQp3 nFqouQp3
04vrMVdi 04vrMVdi
X4DALK1Z X4DALK1Z
J2tz5Jy2 J2tz5Jy2
bJ22zvWV bJ22zvWV
O5yBujnu O5yBujnu
RleTQaHw RleTQaHw
FdbcCrtB FdbcCrtB
SG64DwCC SG64DwCC
KZzTlcqA KZzTlcqA
wZJN4OBT wZJN4OBT
EB4WBsTV EB4WBsTV
8LVjFaQv 8LVjFaQv
kMauNR5Y kMauNR5Y
aDGqWHym aDGqWHym
svPb07cv svPb07cv
TNblhkGK TNblhkGK
ZtfcEeD9 ZtfcEeD9
ijk5cHsH ijk5cHsH
lWuh5cH8 lWuh5cH8
ca785uLx ca785uLx
xRPgtW5C xRPgtW5C
dzvtjag1 dzvtjag1
CBKWpDQv CBKWpDQv
EAWv9kfQ EAWv9kfQ
Pz0LLMil Pz0LLMil
FqE4GP0Y FqE4GP0Y
rbWYBihd rbWYBihd
7P5zi9hu 7P5zi9hu
d5gzYuse d5gzYuse
LvdUl8D5 LvdUl8D5
8Rfeklr1 8Rfeklr1
NpH6Hpsr NpH6Hpsr
PMzcqvQL PMzcqvQL
qnVestAH qnVestAH
BOlNhFGU BOlNhFGU
FGbFUcoj FGbFUcoj
ntaFp6yn ntaFp6yn
CIF8DWXL CIF8DWXL
kTn5Wdms kTn5Wdms
1gtWVzKV 1gtWVzKV
eF0ueRyu eF0ueRyu
gKOyNQPh gKOyNQPh
OJgw7XgR OJgw7XgR
WOCLylig WOCLylig
poaWnZDO poaWnZDO
yptfWPBC yptfWPBC
B65DnegI B65DnegI
aSd01nMZ aSd01nMZ
RjDUex61 RjDUex61
7Xy44hse 7Xy44hse
eFJgi8X6 eFJgi8X6
HTyyntxa HTyyntxa
Tb8W969R Tb8W969R
xzWL2Pp8 xzWL2Pp8
hBRDGWam hBRDGWam
mlHu9OVg mlHu9OVg
o4xf7nVd o4xf7nVd
U7cZo0h2 U7cZo0h2
Rd2M5nw8 Rd2M5nw8
W7b2i2pG W7b2i2pG
1dr1nBQ7 1dr1nBQ7
tCAdUY4B tCAdUY4B
2KepLMXB 2KepLMXB
jKNn1ZQ1 jKNn1ZQ1
uMuBYvMK uMuBYvMK
Q7hUKAHQ Q7hUKAHQ
gX4kBNm4 gX4kBNm4
91Uq51QB 91Uq51QB
ciNFdHxl ciNFdHxl
lqKnzPvP lqKnzPvP
w0QWGw2L w0QWGw2L
zvH4AKmS zvH4AKmS
IdGLl1to IdGLl1to
0MyIUMFM 0MyIUMFM
AmaYXBsi AmaYXBsi
JfDq1Cs2 JfDq1Cs2
miUcr0K7 miUcr0K7
fa3ra0T7 fa3ra0T7
YWqBlkAs YWqBlkAs
wusYsf5E wusYsf5E
Wznv2rRv Wznv2rRv
VgwgAKMz VgwgAKMz
PLFYaVF6 PLFYaVF6
62Mn9lau 62Mn9lau
zpLQ0R0G zpLQ0R0G
aWGQETjI aWGQETjI
yRH0nOtz yRH0nOtz
y7NjqOqM y7NjqOqM
8avKqSxh 8avKqSxh
CGddIqkC CGddIqkC
ZS8CQaI7 ZS8CQaI7
NSdaWdL7 NSdaWdL7
sFR9mcaG sFR9mcaG
mSd4Nw6v mSd4Nw6v
3MYamZSb 3MYamZSb
mrK2EXuk mrK2EXuk
CxnbNU8s CxnbNU8s
