yqRn7pcv mpBvpan0 RKTqv0lO xaYYL0Xr ne5PzSYX zcy1X765 XlaUIvCb mmiVeCrf o5fxSomz rJm7nPd7 gGaSBUDY 5Zo9R33z mB6fiF0u LQU5lyru rKjRBwvM 7xyYvlir 6XOrbPEm hcJG54h4 uzY67sfN lRFv66dO 2XMfF8YA Wvomb2LC cbK8BQiu Tv0Ngo2a hC2ZPbzA fsgAjhrq 1JmiRMy2 i4M5A6hw yqRn7pcv
25
7xyYvlir 7xyYvlir
hC2ZPbzA hC2ZPbzA
lRFv66dO lRFv66dO
ne5PzSYX ne5PzSYX
5Zo9R33z 5Zo9R33z
fsgAjhrq fsgAjhrq
2XMfF8YA 2XMfF8YA
RKTqv0lO RKTqv0lO
6XOrbPEm 6XOrbPEm
mB6fiF0u mB6fiF0u
zcy1X765 zcy1X765
yqRn7pcv yqRn7pcv
i4M5A6hw i4M5A6hw
o5fxSomz o5fxSomz
1JmiRMy2 1JmiRMy2
mmiVeCrf mmiVeCrf
Tv0Ngo2a Tv0Ngo2a
XlaUIvCb XlaUIvCb
hcJG54h4 hcJG54h4
rKjRBwvM rKjRBwvM
rJm7nPd7 rJm7nPd7
xaYYL0Xr xaYYL0Xr
uzY67sfN uzY67sfN
LQU5lyru LQU5lyru
Wvomb2LC Wvomb2LC
