Dannemora Fire Earlville Firthcliffe Highland Farmingville Florida Deer Delanson Dunkirk Frewsburg Delhi Freeville Norwich Franklinville Norwich Forest Fishers Deferiet Dansville Delevan Glenwood Ghent Depauville Fredonia Harbor Fayetteville Herkimer Hicksville Depew Geneva Fairview Mills Fishkill Davis Forestville Freeport Oceanside Fair Oceanside Gasport Falconer Gardiner Friendship Gardiner Fulton Dexter Germantown Delmar Frankfort Flanders Frankfort DeRuyter Fairmount Dexter Hempstead Fonda Fabius Dannemora
45
Dansville Dansville
Davis Davis
Deer Deer
Deferiet Deferiet
Delanson Delanson
Delevan Delevan Galeville
Delhi Delhi Franklin
Delmar Delmar
Depauville Depauville
Depew Depew
Hempstead Deposit
DeRuyter DeRuyter
Dexter Dexter
Dunkirk Dunkirk
Earlville Earlville
Fabius Fabius
Fair Fair
Fairmount Fairmount
Geneva Fairport Geneva
Fairview Fairview
Falconer Falconer
Farmingville Farmingville
Freeville Farnham Freeville
Fayetteville Fayetteville
Fire Fire
Firthcliffe Firthcliffe
Fishers Fishers
Fishkill Fishkill
Flanders Flanders
Fonda Fleischmanns Fonda
Florida Florida
Oceanside Flower
Forest Forest
Forestville Forestville
Frankfort Frankfort
Franklinville Franklinville
Fredonia Fredonia
Freeport Freeport
Frewsburg Frewsburg
Friendship Friendship
Fulton Fulton
Gardiner Gardiner
Gasport Gasport
Germantown Germantown
Ghent Ghent
