Acadia Capitol Acadia Biscayne Cuyahoga Congaree Caverns Everglades Katmai Denali Teddy Haleakala Indiana Channel Gateway Teton Isle Lassen Smoky Voyageurs Bend Tortugas Gunnison Glacier Brycecanyon Canyonlands Clark Badlands Crater Olympic Arches Sequoia Guadalupe Acadia
24
Arches Arches
Badlands Badlands
Bend Bend
Biscayne Biscayne
Gunnison Gunnison Basin
Brycecanyon Brycecanyon
Canyonlands Canyonlands
Capitol Capitol
Caverns Caverns
Channel Channel
Congaree Congaree
Crater Crater
Cuyahoga Cuyahoga
Denali Denali
Tortugas Tortugas
Everglades Everglades
Gateway Gateway
Glacier Glacier
Teton Teton
Smoky Smoky
Guadalupe Guadalupe
Haleakala Haleakala
Indiana Indiana
Isle Isle
