6 5 6 4 6 13 12 13 20 19 20 27 25 27 34 33 34 41 40 41 48 46 48 47 48 55 54 55 53 55 62 69 68 69 67 69 76 83 81 83 82 83 90 89 90 97 96 97 95 97 104 103 104 111 109 111 118 117 118 116 118 125 123 125 124 125 132 131 132 130 132 139 138 139 137 139 146 145 146 144 146 153 151 153 152 153 160 158 160 167 165 167 174 172 174 181 180 181 188 186 188 187 188 195 193 195 6
56
6 6
5 2
4 1
12 10 12
13 11
19 19 17
20 18
27 27
25 25 22
33 31 30
34 32
40 38
41 41 39
47 44 47
46 43
53 50 53
54 51
62 61 60 62
67 64
69 69
68 65
76 76 74 75
83 83
81 77
82 80
90 90 88
89 87
96 96 94
95 91
103 101 100 103
111 110
109 106 105
116 116 112
117 115
124 124 122
123 120
131 128 129
130 126
138 136
137 134 133
144 140
145 145 142
152 150 149
151 148
158 155 154
160 160
165 165 161
167 166
174 174
172 172 169
181 179 181
180 177
186 182 186
187 184
195 194
193 189 190
