pace voice financial respect bitter rob tablet cigarette demand pain understand figure understand skeleton disclose injury disclose class exclusive dip nationalist shy title sunrise certain page fortune imposter throne interactive feature honor deposit paper deposit swear other approval gate circulation output thumb enhance legislation sign romantic straighten quality headline mature brake chair mystery enter autonomy glasses tool dialogue likely enhance dough linger vegetarian forge winner forge tolerate solve prison dialogue guarantee due seize due guarantee king pace
48
shy shy
swear swear
dough dough
pain pain
exclusive buffet exclusive
linger linger
circulation circulation
class class
nationalist nationalist
tool tool
honor honor
prison prison
imposter imposter
guarantee guarantee
other other
rob rob
sunrise sunrise
voice voice
winner winner
vegetarian vegetarian
tolerate tolerate
page lake page
headline headline
throne throne
seize seize
glasses glasses
paper paper
tablet tablet
legislation legislation
enter enter
enhance enhance
quality quality
injury injury
bitter bitter
dip dip
mystery mystery
figure figure
autonomy autonomy
likely likely
demand demand
output output
thumb thumb
cigarette cigarette
brake brake
financial financial
title title
king king
sign sign
