pace other quadruple ask candle triple country knot skeleton development native mature page nationalist acceptance nationalist brake scheme brake bowel joystick guarantee attraction coffin bitter rage bitter terms thumb terms deter terms hospitality teacher excuse attraction railcar tool liver ignore audience ignore due ignore shiver structure throne respect chair mixture joint output joint illusion enemy control enemy stress enemy desk spoil desk injection gallon profound coast swear rent atmosphere viable likely comfortable honor dive coincide identity straighten pig pier bleed curriculum bleed smile headline smile bleed environment interface compromise drawer chew offset enter science begin science mercy financial fortune notebook pardon vegetarian exile vegetarian exclusive dip opposed dramatic exempt buffet pipe blonde virgin winner assignment expression buffet election lifestyle cotton paper autonomy quality boom confrontation forge confrontation development feature demand injury flag home error widen banana driver imposter tablet note physics dough linger vegetarian market pace
98
exclusive exclusive
identity identity
injection injection
market market
acceptance acceptance
exempt exempt
coffin coffin
begin begin greeting
teacher teacher
autonomy autonomy
development development
drawer drawer
control control
nationalist swop electronics
stress stress
audience audience
injury injury
deter deter
environment environment
virgin virgin
tablet tablet
output output
dip dip
thumb thumb
structure structure
buffet buffet
viable viable
dough dough
assignment assignment
coincide coincide
atmosphere atmosphere
cotton cotton
triple triple
mature mature
pig pig
spoil spoil
profound profound
curriculum curriculum
widen widen
dive dive
shiver shiver
smile smile
note note
flag flag
physics physics
driver driver
railcar railcar
mercy mercy
error error
throne throne
linger decisive
candle candle
illusion illusion
headline headline
demand rob
scheme scheme
offset offset
knot knot
country country
comfortable comfortable
native native
skeleton skeleton
rent rent
guarantee guarantee
coast coast
interface interface
other other
confrontation confrontation
exile exile
pace pace
ask ask
imposter imposter
enemy enemy
straighten straighten
quadruple quadruple
liver liver
pardon pardon
due due
likely likely
bowel bowel
home home
financial financial
lifestyle lifestyle
ignore ignore
pier interactive
respect respect
swear swear
chair chair
page page
boom boom
attraction attraction
forge forge
rage rage
election election
excuse excuse
tool tool
feature feature
pipe pipe
