pace nationalist feature nationalist brake opposed thumb exempt thumb guarantee page king likely circulation likely market mixture injury skeleton deposit enter prison honor prison approval tablet gate audience due excuse view throne exclusive output exclusive pace
24
deposit deposit
exempt exempt
enter enter
gate gate
audience audience
brake headline brake
honor honor
likely likely
market market
mixture mixture
throne throne
circulation circulation
feature feature
output output
nationalist nationalist
due voice
opposed opposed
excuse excuse
guarantee guarantee
king king
page page
injury injury
approval approval
skeleton skeleton
