HAZtD 4Eg1F HAZtD 6gp0A kPB79 UqGfS zg9rt vfAR8 EyMEe z82fM F7CZj J0OP0 F7CZj RN9nS 3NU9e CXkxa ED9em CXkxa 3NU9e aWuHk lJnz7 1gvq4 rH3nx C4biR 93R2m 4AhmX jesVt 69WZh Q5zY0 kvy7i Ia6ul eVDVP b9v0q Agb0E WVEjT wVSYr 2zHfe AwFdf 2zHfe fExZu v7hOX Mm2U8 15wtn p3gJd cC0Rg Tp7uZ u60s4 9cp56 sU69u 4PSW9 zcuSA jyRQW Xqwfz 7kY28 fiXIW 7kY28 IOpdQ BaYb3 1VA1I BaYb3 SxklZ rVnMc OWqP4 6owsT iimZq qz2Of iimZq GUEko 0moVI HAKlt 6sv9O ejBhY iPRoT Q8lcd Jbr8u GaZ4O 8x5TS o2JtM e7SjH DuU0x e7SjH E6pda RkCLD SfSL1 bMhFI CHx6u rmW0U GrnJ7 iIQll Vg6Sz iIQll GrnJ7 v9joy DmTRc GfIsc DmTRc tgL8p 0FMEI RWE9G 0FMEI R6NzB 7WH0C v0WXM R6NzB ZKvNM SE1WY fWz4T EgumV UQeyk kjZGl cpzS8 p3gJd DaieK O8CwF XbFfE mJExt iqOI4 mJExt XbFfE aWuHk 3NU9e RN9nS F7CZj HAZtD
71
Xqwfz pLg86
iIQll p4kTx iIQll
kjZGl kNG2j
aWuHk aWuHk
DaieK uPUO1 DaieK
4AhmX 4AhmX
bMhFI bMhFI lF8gH
7kY28 7kY28 URrao
rmW0U HOuAL 9tf0w
1VA1I Zok18 1VA1I
u60s4 Zxvdf gpbSj u60s4
93R2m cu5FB
0moVI 0moVI
Agb0E VG4na Agb0E
UqGfS UqGfS NqBQW X2hjX Ssao4
RkCLD xKTIz
z82fM z82fM
OWqP4 OWqP4
DuU0x DuU0x BIY9X
69WZh zrVPv mdIe6 wedr3 69WZh
WVEjT WVEjT
RN9nS RN9nS
R6NzB R6NzB
ZKvNM TzGS5
HAKlt Pk19A HAKlt
kPB79 4Tt2a 4PXv9
ED9em 5h4rt ED9em
b9v0q SEkfX
DmTRc 4jcrD DmTRc
cC0Rg cC0Rg
vfAR8 vfAR8 bW6Ms
GrnJ7 gNinx UbqWX iaaYU
Q8lcd Q8lcd
v0WXM iHR3J
lJnz7 GxQg8 lJnz7
e7SjH 2LhKB
fExZu fExZu
jesVt jesVt
O8CwF O8CwF TlJnt
CHx6u CHx6u
fWz4T fWz4T
GaZ4O H1xt8
1gvq4 1gvq4
J0OP0 J0OP0 iKwe0 Cg1yP
SxklZ SxklZ VESmp
C4biR aegld
AwFdf AwFdf
eVDVP eVDVP
15wtn ox9Gx
v7hOX v7hOX
p3gJd p3gJd
Ia6ul Ia6ul
E6pda E6pda
4PSW9 0F8yg
cpzS8 acHTt cpzS8
iimZq iimZq
6owsT 6owsT
4Eg1F wnnBN
Vg6Sz Vg6Sz
sU69u 5EAEu
zcuSA zcuSA
IOpdQ IOpdQ
CXkxa Lusir
iqOI4 iqOI4
BaYb3 BaYb3
EgumV EgumV
rH3nx rH3nx
qz2Of 8Qx0C
fiXIW fiXIW
RWE9G 2GCiD
v9joy v9joy
