Taozhuang Chharra Ramla Uran Pottstown Uran Jingzhou Maliana Rafiganj Villa Cibinong Rutherglen Ulu Southsea Calauan Artur Alatyr Kallio Strathfield Aytos Gudermes Bang Waverly Somma Donggongon Boo Durazno Bhit Sicklerville Chharra Taozhuang
27
Rutherglen Gauting Rutherglen Oulmes
Villa Nonsan Villa Rosedale
Chharra Jackson Esperanza Ilesa Besuki Wesseling Caravaca
Kallio Kallio
Ulu Ulu
Southsea Sarandi Freetown
Bhit Middle Camayenne Longgang Udumalaippettai
Donggongon Donggongon
Durazno Durazno
Strathfield Strathfield
Cibinong Cibinong
Jingzhou Jingzhou
Artur New Artur Hechingen
Somma Somma
Ramla Azrou Ramla
Uran Fort Severodvinsk Jinotepe Uran
Boo Boo Tupelo Bourbonnais Esmeraldas
Gudermes Gudermes Memmingen
Calauan Calauan
Taozhuang Taozhuang
Aytos Aytos
Alatyr Alatyr
Bang Bang
Waverly Waverly
Sicklerville Sicklerville
Rafiganj Rafiganj
Pottstown Pottstown
