Lesnoy Sungurlu Winsford Sun Rutherglen Franceville Hueytown Brentwood Zgorzelec Yangambi Beveren Kundla Beveren Meerut Blackpool Hudiksvall Portogruaro Stade Ishim Gisborne Dharmapuri Gisborne Pingyi Malaut Visitacion GatesNorth Lesnoy
24
Hudiksvall Hudiksvall
Rutherglen Rutherglen
Dharmapuri Dharmapuri
Beveren Artur
Meerut Meerut
Kundla Kundla
Visitacion Visitacion Glogovac
Sun Sun
Zgorzelec Zgorzelec
Ishim Ishim
Malaut Malaut
Pingyi Pingyi
Hueytown Hueytown
Stade Stade
Sungurlu Sungurlu
Gisborne Gisborne
GatesNorth GatesNorth
Blackpool Blackpool
Lesnoy Lesnoy
Winsford Winsford
Portogruaro Portogruaro
Franceville Franceville
Brentwood Brentwood
Yangambi Yangambi
