1 143 144 134 132 122 120 119 108 110 96 107 84 98 72 95 48 86 36 83 24 74 12 71 1 44 6 53 18 56 30 77 42 80 54 89 66 92 78 101 90 113 102 116 114 125 126 128 138 137 10 140 22 4 34 16 46 28 58 40 70 52 82 64 94 76 106 100 118 112 130 124 142 41 3 32 3 29 3 20 3 17 3 5 1 62 1 59 1 50 1 47 1 38 1 35 1 26 1 23 1 14 1 11 1 2 1
89
2 2
4 4
5 5
6 6
10 8 10 65 68 88 104 136
11 11
12 12
14 14
16 16
17 17
18 18
20 20
22 22
23 23
24 24
26 26
28 28
29 29
30 30
32 32
34 34
35 35
36 36
38 38
40 40
41 41
42 42
44 44
46 46
47 47
48 48
50 50
52 52
53 53
54 54
56 56
58 58
59 59
143 60 143
62 62
64 64
66 66
70 70
71 71
72 72
74 74
76 76
77 77
78 78
80 80
82 82
83 83
84 84
86 86
89 89
90 90
92 92
94 94
95 95
96 96
98 98
100 100
101 101
102 102
106 106
107 107
108 108
110 110
112 112
113 113
114 114
116 116
118 118
119 119
120 120
122 122
124 124
125 125
126 126
128 128
130 130
1 131
132 132
134 134
137 137
138 138
140 140
142 142
144 144
