steward company perception skip belief deck linear scrap exotic basketball battery creation appear minimize tin think crew ballot childish top community pastel concern hide farewell adult steward
25
battery battery
appear appear
adult adult
think think
minimize minimize
linear linear
ballot ballot
farewell farewell
tin tin
childish childish
pastel pastel
community community
concern concern
top top
hide hide
perception perception
creation creation
exotic exotic
belief belief
basketball basketball
company company
scrap scrap
crew crew
skip skip
deck deck
