loc0 loc38 loc132 loc62 loc132 loc74 loc63 loc98 loc60 loc28 loc111 loc16 loc99 loc58 loc27 loc116 loc27 loc124 loc66 loc156 loc108 loc14 loc18 loc172 loc192 loc80 loc159 loc52 loc159 loc184 loc15 loc112 loc96 loc140 loc54 loc72 loc64 loc177 loc142 loc177 loc86 loc117 loc158 loc117 loc136 loc117 loc154 loc117 loc194 loc117 loc22 loc186 loc78 loc26 loc69 loc176 loc147 loc188 loc42 loc166 loc84 loc88 loc138 loc152 loc153 loc118 loc168 loc70 loc168 loc130 loc51 loc76 loc51 loc110 loc114 loc24 loc46 loc30 loc162 loc182 loc45 loc164 loc6 loc134 loc90 loc104 loc144 loc4 loc126 loc128 loc165 loc106 loc105 loc50 loc105 loc10 loc48 loc148 loc144 loc20 loc144 loc32 loc144 loc170 loc198 loc44 loc174 loc56 loc174 loc160 loc183 loc68 loc36 loc196 loc102 loc150 loc146 loc12 loc0
91
loc0 loc0
loc132 loc2 loc132
loc4 loc4
loc6 loc6
loc147 loc8
loc10 loc10
loc12 loc12
loc14 loc14
loc16 loc16
loc18 loc18 loc100 loc178
loc20 loc20
loc22 loc22 loc82
loc24 loc24
loc26 loc26
loc28 loc28
loc30 loc30
loc32 loc32
loc186 loc34 loc186
loc36 loc36
loc38 loc38
loc51 loc40
loc42 loc42
loc44 loc44
loc46 loc46
loc48 loc48
loc50 loc50
loc52 loc52
loc54 loc54
loc56 loc56
loc58 loc58
loc60 loc60
loc62 loc62
loc64 loc64
loc66 loc66 loc120
loc68 loc68
loc70 loc70
loc72 loc72
loc74 loc74
loc76 loc76
loc78 loc78
loc80 loc80
loc84 loc84
loc86 loc86
loc88 loc88
loc90 loc90
loc99 loc92
loc177 loc94
loc96 loc96
loc98 loc98
loc102 loc102
loc104 loc104
loc106 loc106
loc108 loc108
loc110 loc110
loc112 loc112
loc114 loc114
loc116 loc116
loc118 loc118
loc192 loc122 loc192
loc124 loc124
loc126 loc126
loc128 loc128
loc130 loc130
loc134 loc134
loc136 loc136
loc138 loc138
loc140 loc140
loc142 loc142
loc144 loc144
loc146 loc146
loc148 loc148
loc150 loc150
loc152 loc152
loc154 loc154
loc156 loc156
loc158 loc158
loc160 loc160
loc162 loc162 loc180
loc164 loc164
loc166 loc166
loc168 loc168
loc170 loc170
loc172 loc172
loc174 loc174 loc190
loc176 loc176
loc182 loc182
loc184 loc184
loc188 loc188
loc194 loc194
loc196 loc196
loc198 loc198
