0 10 21 22 12 2 3 4 5 15 26 16 17 8 9 18 29 39 38 37 48 57 67 77 68 78 89 99 98 108 118 129 128 127 116 107 96 87 76 86 95 94 104 105 114 125 135 146 147 148 149 139 149 158 157 167 166 155 165 175 176 177 178 189 199 198 188 187 196 186 185 184 183 182 181 170 160 161 150 140 130 120 130 141 151 152 153 164 154 144 133 123 132 122 111 102 103 102 101 90 80 81 70 61 71 82 83 72 73 64 53 44 45 34 24 33 43 42 51 41 31 21 20 10 0
100
53 53
125 125
186 186
86 86
31 31
152 152
154 154
114 114
61 61
20 20
130 130
196 196
160 160
80 80
108 108
127 127
29 29
22 22
99 99
77 77
12 12
101 101
82 82
15 15
103 103
2 2
178 178
155 155
64 64
21 21
188 188
122 122
158 158
9 9
33 33
132 132
51 51
71 71
16 16
123 123
39 39
68 68
139 139
95 95
146 146
147 147
5 5
164 164
149 149
166 166
175 175
18 18
151 151
4 4
76 76
167 167
87 87
83 83
189 189
118 118
181 181
73 73
153 153
8 8
120 120
184 184
81 81
129 129
133 133
26 26
17 17
105 105
140 140
111 111
182 182
48 48
165 165
150 150
43 43
42 42
45 45
94 94
37 37
70 70
98 98
104 104
107 107
199 199
198 198
96 96
161 161
116 116
102 102
24 24
183 183
187 187
72 72
89 89
176 176
67 67
