Qatar Netherlands America Tunisia Mali Mozambique UnitedKingdom Uzbekistan Tanzania Senegal Macedonia Montenegro RussianFederation Australia Estonia Liberia Kosovo Peru Armenia Morocco UAE Danzig Tajikistan Mongolia Nicaragua Albania France Andorra SierraLeone Haiti Sweden Georgia SaintLucia Burundi Tuvalu CzechRepublic VaticanCity Lebanon Malta Kyrgyzstan GuineaBissau SanMarino Guyana Singapore Belgium CostaRica Angola Gabon Egypt DemofChina Belarus Qatar
50
Belarus Belarus
Peru Peru
Nicaragua Nicaragua
Gabon Gabon
Haiti Haiti
Tajikistan Tajikistan
Mongolia Mongolia
Danzig Danzig
Morocco Morocco
Liberia Liberia
UAE UAE
Armenia Armenia
Australia Australia
Estonia Estonia
Sweden Sweden
Montenegro Montenegro
RussianFederation RussianFederation
Egypt Egypt
France France
CostaRica CostaRica
Senegal Senegal
SierraLeone SierraLeone
DemofChina DemofChina
Kosovo Kosovo
Netherlands Netherlands
UnitedKingdom UnitedKingdom
Macedonia Macedonia
Singapore Singapore
Mozambique Mozambique
Belgium Belgium
Angola Angola
Guyana Guyana
Tanzania Tanzania
Uzbekistan Uzbekistan
Mali Mali
SanMarino SanMarino
GuineaBissau GuineaBissau
Tunisia Tunisia
VaticanCity VaticanCity
Malta Malta
Lebanon Lebanon
Tuvalu Tuvalu
Albania Albania
Kyrgyzstan Kyrgyzstan
America America
Burundi Burundi
Andorra Andorra
SaintLucia SaintLucia
Georgia Georgia
CzechRepublic CzechRepublic
