Nepal Georgia Argentina Azerbaijan Belarus UAE Estonia Slovakia NewZealand Tajikistan Suriname MarshallIslands TheGambia VaticanCity SaintLucia Panama Niger Serbia Vietnam Palau Fiji Botswana Kuwait Mauritius Tanzania Nepal
23
Azerbaijan Azerbaijan
Tajikistan Tajikistan
VaticanCity VaticanCity
Estonia Estonia
Botswana Botswana
UAE UAE
Serbia Serbia
NewZealand NewZealand
Belarus Belarus
Tanzania Tanzania
Georgia Georgia
Panama Panama
Suriname Suriname
Fiji Fiji
Argentina Argentina Liechtenstein
Vietnam Vietnam Afghanistan
Niger Niger
MarshallIslands MarshallIslands
Slovakia Slovakia
Palau Palau
Mauritius Mauritius
Kuwait Kuwait
SaintLucia SaintLucia
