vBhpoFdJZxyttIlfaf7D 37APL8dpwT5Ds5AIG0t4 d6xeP6xeDJ3O2jY8D4pB rMd1TXBMCuFfO59jF1Tq zs7X4IJgeJEM8iqAbvF3 RpMJGAvULIBCQ0RI369s JEGgKJfdY8owvwdYhKMk n2Cqtp5v2DuwGX7LhuzE cs6LkMYfySGYUzb8VLcc WwLzOfqcc3FIzub2jh8R R7crXexksQ4TN5zY2ck3 2LthmnS3Cdd5FBfY5GQ9 9B0w6Ahn3NsugfNn6veD J00g7hlLLSWTXvTYK9v2 NAqhSs9OpS9XtIaJtTCD InZnvPu8h9zAoLCNj2in fHfopcx4v3MKBN0TMn7s ohy3S5QXymEhh63dMBQE wHEcyeduhdH7p3Lr1PtC qM7lEl3z2COceXw7x0EC iki3BohF22ET0rMPxXQ5 eKaPpzrMwOPxNzeoOSFH DybFcuyeWxt51LawzVvs RRlYwTFLYqL48JIMSAmC EHYUZOt1fTtm7KJue8on WN0Nl06Zx9w6LYUHMZam XBxLd5K0m0Gtk5fTL45q vLwJebpyApE3MPksc9OW fp9JaV5iTp8QxXwwkR68 6PPTzNGrNxrgfdvm8cwZ 17OoKHzumyPaqfjSSc7S 535WuquKiicRqEyzCI3d W1jWYYdH0atiKtbaVDRT oFNlFPub6zLirsQwo0fu XWHR07Y6kfSBbEuD62PN rkMvLqMMN5Aq3onq5XeZ XYk0VV4ujV55qqS8YiHV 6koX1rNvAwrB84m39eQv tUVqKo1E6AibIE6zShkv mv3tFPDoT2NlrLp24T9l 8mLI4Cl8exxeLw5eLCvi jTdja1e2hUhydiExPlJM nB1RHSnvjX4nG0Tch5En 8Le4AI986fwHZXPoOMK1 XX8iZd9Mw56dkKCstFAC uUumBfQJDh6S0d06Kb78 qkrT0EYt8AHuefFD25g1 MiPSEwVMn3bbGh4tbRTf 4ilNvg3IkxoJuvkwqYsS 7PoxePhwnlLvMilKVpER R6ZzYYWqarkWldqbKDab vBhpoFdJZxyttIlfaf7D
50
MiPSEwVMn3bbGh4tbRTf MiPSEwVMn3bbGh4tbRTf
RpMJGAvULIBCQ0RI369s RpMJGAvULIBCQ0RI369s
JEGgKJfdY8owvwdYhKMk JEGgKJfdY8owvwdYhKMk
8Le4AI986fwHZXPoOMK1 8Le4AI986fwHZXPoOMK1
WwLzOfqcc3FIzub2jh8R WwLzOfqcc3FIzub2jh8R
R7crXexksQ4TN5zY2ck3 R7crXexksQ4TN5zY2ck3
XYk0VV4ujV55qqS8YiHV XYk0VV4ujV55qqS8YiHV
NAqhSs9OpS9XtIaJtTCD NAqhSs9OpS9XtIaJtTCD
R6ZzYYWqarkWldqbKDab R6ZzYYWqarkWldqbKDab
WN0Nl06Zx9w6LYUHMZam WN0Nl06Zx9w6LYUHMZam
zs7X4IJgeJEM8iqAbvF3 zs7X4IJgeJEM8iqAbvF3
cs6LkMYfySGYUzb8VLcc cs6LkMYfySGYUzb8VLcc
vLwJebpyApE3MPksc9OW vLwJebpyApE3MPksc9OW
ohy3S5QXymEhh63dMBQE ohy3S5QXymEhh63dMBQE
RRlYwTFLYqL48JIMSAmC RRlYwTFLYqL48JIMSAmC
2LthmnS3Cdd5FBfY5GQ9 2LthmnS3Cdd5FBfY5GQ9
DybFcuyeWxt51LawzVvs DybFcuyeWxt51LawzVvs
rMd1TXBMCuFfO59jF1Tq rMd1TXBMCuFfO59jF1Tq
7PoxePhwnlLvMilKVpER 7PoxePhwnlLvMilKVpER
J00g7hlLLSWTXvTYK9v2 J00g7hlLLSWTXvTYK9v2
jTdja1e2hUhydiExPlJM jTdja1e2hUhydiExPlJM
mv3tFPDoT2NlrLp24T9l mv3tFPDoT2NlrLp24T9l
tUVqKo1E6AibIE6zShkv tUVqKo1E6AibIE6zShkv
rkMvLqMMN5Aq3onq5XeZ rkMvLqMMN5Aq3onq5XeZ
iki3BohF22ET0rMPxXQ5 iki3BohF22ET0rMPxXQ5
6koX1rNvAwrB84m39eQv 6koX1rNvAwrB84m39eQv
17OoKHzumyPaqfjSSc7S 17OoKHzumyPaqfjSSc7S
XX8iZd9Mw56dkKCstFAC XX8iZd9Mw56dkKCstFAC
qkrT0EYt8AHuefFD25g1 qkrT0EYt8AHuefFD25g1
XBxLd5K0m0Gtk5fTL45q XBxLd5K0m0Gtk5fTL45q
EHYUZOt1fTtm7KJue8on EHYUZOt1fTtm7KJue8on
37APL8dpwT5Ds5AIG0t4 37APL8dpwT5Ds5AIG0t4
9B0w6Ahn3NsugfNn6veD 9B0w6Ahn3NsugfNn6veD
uUumBfQJDh6S0d06Kb78 uUumBfQJDh6S0d06Kb78
eKaPpzrMwOPxNzeoOSFH eKaPpzrMwOPxNzeoOSFH
fp9JaV5iTp8QxXwwkR68 fp9JaV5iTp8QxXwwkR68
d6xeP6xeDJ3O2jY8D4pB d6xeP6xeDJ3O2jY8D4pB
6PPTzNGrNxrgfdvm8cwZ 6PPTzNGrNxrgfdvm8cwZ
wHEcyeduhdH7p3Lr1PtC wHEcyeduhdH7p3Lr1PtC
W1jWYYdH0atiKtbaVDRT W1jWYYdH0atiKtbaVDRT
535WuquKiicRqEyzCI3d 535WuquKiicRqEyzCI3d
4ilNvg3IkxoJuvkwqYsS 4ilNvg3IkxoJuvkwqYsS
InZnvPu8h9zAoLCNj2in InZnvPu8h9zAoLCNj2in
nB1RHSnvjX4nG0Tch5En nB1RHSnvjX4nG0Tch5En
XWHR07Y6kfSBbEuD62PN XWHR07Y6kfSBbEuD62PN
fHfopcx4v3MKBN0TMn7s fHfopcx4v3MKBN0TMn7s
oFNlFPub6zLirsQwo0fu oFNlFPub6zLirsQwo0fu
qM7lEl3z2COceXw7x0EC qM7lEl3z2COceXw7x0EC
8mLI4Cl8exxeLw5eLCvi 8mLI4Cl8exxeLw5eLCvi
n2Cqtp5v2DuwGX7LhuzE n2Cqtp5v2DuwGX7LhuzE
