55 57 182 101 173 162 177 45 151 20 131 185 11 168 17 14 36 14 118 81 128 188 171 125 80 86 88 26 174 66 43 140 166 58 133 10 163 184 78 153 157 107 69 77 175 109 148 41 49 150 32 105 124 136 160 170 27 164 126 30 152 119 59 159 137 111 71 189 83 33 186 48 63 106 158 29 113 114 67 76 134 116 172 8 44 9 53 127 54 97 40 42 62 181 85 56 90 179 122 15 135 15 13 61 91 55
90
40 40
11 11
140 140
33 33
159 159
97 97
90 146 90
20 149 20
45 12 45
170 170
63 63
119 119
184 184
172 172
81 81
17 17
32 32
91 91
61 61
26 26
27 27
148 148
188 188
78 78
101 101
62 62
76 76
111 111
133 133
152 152
88 88
185 185
162 162
182 182
49 49
59 59
58 58
107 107
186 186
189 189
118 118
181 181
175 74 175
67 67
15 15
29 29
83 83
53 53
41 41
36 36
171 171
134 134
54 54
177 177 16
151 151
43 43
116 116
135 135
106 106
105 105
179 179
86 86
158 158
163 163
66 66
131 131
166 166
56 56
48 115 48
57 57
160 160
137 137
8 8
13 13
109 109
126 126
150 150
42 42
122 122
71 71
85 85
113 113
153 153
80 80
77 77
173 173
9 9
30 30
168 168
114 114
