x61 x79 x20 x0 x20 x54 x91 x95 x68 x71 x8 x87 x90 x32 x13 x59 x49 x26 x49 x59 x13 x79 x23 x40 x30 x1 x49 x59 x13 x99 x55 x73 x98 x12 x84 x31 x43 x99 x73 x2 x0 x18 x50 x89 x50 x21 x61
33
x89 x89
x18 x18
x23 x34 x23
x2 x2
x43 x43 x81
x32 x7 x32
x31 x31 x88
x12 x12 x97
x73 x94 x52
x98 x98
x99 x99
x49 x49
x91 x37 x28 x91
x20 x58 x3 x80 x46
x30 x30
x79 x42 x79
x40 x40
x95 x95 x39
x71 x96 x71
x13 x13
x26 x26
x59 x59
x87 x87 x53
x8 x8
x68 x68
x1 x1
x90 x90
x55 x66 x55
x50 x93
x54 x54
x61 x5 x61
x21 x21
x0 x0
