x182 x119 x45 x112 x118 x112 x177 x89 x116 x109 x100 x72 x98 x127 x168 x94 x51 x158 x76 x74 x93 x71 x77 x103 x194 x103 x120 x64 x86 x58 x168 x56 x49 x55 x179 x144 x112 x168 x127 x49 x127 x45 x176 x189 x172 x5 x158 x43 x166 x32 x146 x196 x30 x89 x177 x155 x167 x27 x19 x18 x190 x94 x14 x188 x68 x137 x182
47
x74 x74 x185
x76 x21 x17 x114 x76 x164
x86 x86 x3 x87 x66
x71 x20 x71
x112 x42 x161
x45 x45
x49 x6 x49
x72 x147 x72 x125 x7
x93 x10 x2 x50
x177 x192 x177
x196 x69 x92
x27 x79 x27
x64 x88 x48 x64 x4
x14 x14
x146 x128 x146 x95
x43 x43 x138 x141 x26
x189 x189
x137 x137 x31
x55 x133 x55
x32 x59 x186 x183 x32 x82
x119 x151 x119 x23
x158 x143
x172 x172
x144 x80 x84
x100 x153 x159 x99 x100
x18 x18
x68 x104
x127 x8 x127 x83
x166 x166
x179 x179
x109 x109 x113 x163
x167 x53 x136 x139 x102
x19 x19
x190 x15 x184
x94 x94
x155 x155 x198
x56 x56
x194 x194
x188 x25 x107 x61 x46
x58 x58
x118 x118
x77 x77
x116 x116
x182 x11 x182
x120 x106 x156
x98 x98
x30 x30
