Shoreburn Mallowway Woodice Westmill Silverwitch Mallowbridge Lightmere Goldcrest Foxhaven Rosemill Deephedge Silverbarrow Snowshore Fogland Wildemarsh Brightmere Fieldedge Greyice Mallowness Bluelake Redlake Applecastle Violetfay Strongfall Highmont Southwheat Icenesse Morwall Marbleiron Wooddell Oldmoor Verthedge Northriver Foxvale Buttermead Brightrock Stonefair Seamoor Wellbank Fairsage Rosegate Esterfall Wellmage Freyview Snowsage Summermage Newby Newmill Stoneglass Dellwyn Mistshore Ironriver Bluedale Orfort Oakmere Greensummer Corbank Bluedell Greenshore Southpine Goldwyvern Flowermill Westvale Orbarrow Butterbush Coldville Courtedge Eastcastle Courtcastle Ironshore Valhaven Janholt Windbridge Silverlea Butterway Esterash Newley Redwell Erilyn Blackbush Clearnesse Bushgate Westerlight Bluewyn Violetley Springfox Starryhill Ostwynne Fairice Freymere Northwynne Eriwall Wolflea Flowerfield Courtwall Clearland Morwald Butterhill Lochmage Irondeer Shoreburn
100
Butterway Butterway
Lochmage Lochmage
Stonefair Stonefair
Highmont Highmont
Esterash Esterash
Oldmoor Oldmoor
Clearland Clearland
Wellmage Wellmage
Fairsage Fairsage
Fieldedge Fieldedge
Bluedale Bluedale
Greyice Greyice
Stoneglass Stoneglass
Northriver Northriver
Bluedell Bluedell
Orbarrow Orbarrow
Foxvale Foxvale
Newby Newby
Mallowbridge Mallowbridge
Clearnesse Clearnesse
Foxhaven Foxhaven
Dellwyn Dellwyn
Redwell Redwell
Windbridge Windbridge
Snowsage Snowsage
Goldcrest Goldcrest
Valhaven Valhaven
Starryhill Starryhill
Deephedge Deephedge
Silverwitch Silverwitch
Wolflea Wolflea
Ironriver Ironriver
Erilyn Erilyn
Freyview Freyview
Courtedge Courtedge
Westerlight Westerlight
Blackbush Blackbush
Irondeer Irondeer
Verthedge Verthedge
Butterbush Butterbush
Butterhill Butterhill
Courtwall Courtwall
Corbank Corbank
Seamoor Seamoor
Bluelake Bluelake
Oakmere Oakmere
Rosemill Rosemill
Strongfall Strongfall
Snowshore Snowshore
Brightmere Brightmere
Rosegate Rosegate
Brightrock Brightrock
Violetley Violetley
Bushgate Bushgate
Shoreburn Shoreburn
Mallowway Mallowway
Springfox Springfox
Applecastle Applecastle
Fogland Fogland
Icenesse Icenesse
Newmill Newmill
Esterfall Esterfall
Goldwyvern Goldwyvern
Janholt Janholt
Ironshore Ironshore
Courtcastle Courtcastle
Greenshore Greenshore
Mistshore Mistshore
Coldville Coldville
Southwheat Southwheat
Mallowness Mallowness
Greensummer Greensummer
Bluewyn Bluewyn
Southpine Southpine
Redlake Redlake
Westmill Westmill
Wellbank Wellbank
Flowermill Flowermill
Summermage Summermage
Woodice Woodice
Buttermead Buttermead
Northwynne Northwynne
Marbleiron Marbleiron
Fairice Fairice
Eriwall Eriwall
Newley Newley
Eastcastle Eastcastle
Wildemarsh Wildemarsh
Flowerfield Flowerfield
Lightmere Lightmere
Wooddell Wooddell
Ostwynne Ostwynne
Morwall Morwall
Violetfay Violetfay
Morwald Morwald
Orfort Orfort
Westvale Westvale
Freymere Freymere
Silverbarrow Silverbarrow
Silverlea Silverlea
