129 15 41 157 110 154 196 37 160 200 170 73 136 73 170 58 170 121 192 175 192 103 123 89 172 141 25 46 2 55 165 40 3 173 64 119 162 49 171 156 88 1 88 31 61 100 10 118 45 22 45 94 139 19 43 72 79 72 21 67 21 151 21 182 190 8 181 106 133 85 184 109 34 51 197 107 82 180 145 99 129
48
1 1
157 4 157
19 7 19
10 10 28
118 13 76 118 124 166
25 16 25
22 22
31 31
34 34
37 37
40 40
43 43
46 46
49 49
170 52 97 148
55 55
58 58
61 61 130
64 64 91
67 67
89 70
73 73
79 79 112
82 82
85 85
88 88 127
94 94
100 100
103 103
106 106 178
109 109
197 115
121 121
133 133
136 136
139 139
8 142
145 145
151 151
154 154 193
160 160
119 163
181 169 181 187
172 172
175 175
184 184
190 190
196 196
