FacultyClub CareerCenter Unit3 Spieker Warren Mulford Morrison BrainImagingCenter StudentUnion EarthquakeLibrary FPF UniversityHouse SutardjaDai SproulPlaza Wheeler Hilgard Manville Pimentel BioscienceLibrary HearstGym Etcheverry Library OBrien PacificFilmArchive LawrenceofScience FacultyClub
23
FacultyClub FacultyClub
BioscienceLibrary BioscienceLibrary
SutardjaDai SutardjaDai
Etcheverry Etcheverry
SproulPlaza SproulPlaza Durham
Hilgard Hilgard Cheit
StudentUnion StudentUnion
EarthquakeLibrary EarthquakeLibrary
UniversityHouse UniversityHouse
LawrenceofScience LawrenceofScience
Pimentel Pimentel
Mulford Mulford
CareerCenter CareerCenter
HearstGym HearstGym
OBrien OBrien
Library Library
Spieker Spieker
FPF FPF
PacificFilmArchive PacificFilmArchive
BrainImagingCenter BrainImagingCenter
Morrison Morrison
Wheeler Wheeler
Manville Manville
