159 22 159 77 140 149 23 194 21 194 23 181 100 199 100 139 71 157 147 40 147 59 100 33 75 37 46 192 46 200 10 66 36 17 133 173 27 169 27 145 27 166 121 63 13 106 197 114 35 114 31 9 28 81 30 11 104 20 87 20 24 193 153 182 47 148 51 65 26 65 98 32 79 3 79 160 88 131 44 107 134 120 134 107 189 117 7 72 45 25 138 25 101 137 127 61 127 109 180 122 180 193 8 167 8 178 16 179 154 2 154 93 56 96 162 191 162 96 56 14 97 126 172 119 86 129 74 185 74 158 102 82 102 5 177 111 34 111 177 174 177 64 156 52 6 164 43 164 159
89
122 122
43 43
157 157
169 169
100 100
111 128 111
36 36
134 134
129 15
32 32
86 86
127 146
101 101 132
107 107
149 76 4
93 93
35 35
77 77 190
72 72
126 126
193 193 53
185 185
63 63
47 47
52 52
158 116 158 99
71 71
46 46
65 65 165
172 172
45 45
138 138 155
2 2
97 97
79 79
137 137 85
174 174
98 98
31 31
17 17
51 51
64 64
106 106
10 10
120 120
199 199
21 21
191 191
20 41
75 38
180 180
114 114
37 37
96 96
74 74
61 61
26 26
133 133
121 121
13 13
87 87
3 3
24 24
82 82
181 181
145 145
28 28
34 34
178 178
182 48
140 140
156 156
148 148
154 154
102 102 123
7 7
14 14
11 11
40 40
59 59
139 139
109 109
167 167
22 22
200 200
192 192
44 60
6 6
88 88
