lllIl1I l1lll11 l1Ill11 l1lll11 lll1111 1l1lIlI I11I111 1I1l1Il l1lllll 11IIII1 llIIII1 11I1llI IlI1II1 l1I111I 1I1I1lI l1l11l1 1111I11 11111lI l1IllI1 IIlI1lI II1Il1I lIl111I lllIl1I
20
IlI1II1 lI11III Ill1I11 Il1Il1I IIlIllI IlI1II1 III111I
lIl111I lIl111I II11l1l lIIlII1 IIl1l1I lIllIll
IIlI1lI lIIl11l III1llI 1I1I1l1
II1Il1I II1Il1I
11111lI I11111l 11111lI lI1l111 1I11Ill
lll1111 lII111l 11lI11I I1llII1 I1llll1
I11I111 ll111ll I11I111
l1IllI1 l1IllI1 I1ll1II lll1I1l 1llI111 IlI1Il1 l1IIl1l
l1l11l1 l1l11l1
11I1llI 1l11lII
l1I111I l1I111I 1lIl11I
llIIII1 llIIII1 I11I11l I111I1I
11IIII1 Ill11II 11IIII1
1111I11 111lI1I llI1lII
l1lllll l1lllll 1IlIl1I
1I1l1Il 1I1l1Il
1l1lIlI 1l1lIlI
l1Ill11 l1Ill11
l1lll11 l1lll11 1I1lllI
1I1I1lI 1I1I1lI
