845LWU7Kg6167HQY Uyj5raM7C9SGCHQGUC y B4mQOl023dn1 y ZT3 95E0752p51t dw6Yuyls1ZilP493g91O O58T 95fufpL7BuUW8Mng00jE O41Muu YKpC4gQmPKaU311w9eOT 4 KpBvy 4l4aqvNKB KpBvy 4 TU76UjE52906 3 3k k r ICQxh0Q58799CUd2 r geUO1h 8M2OK8Px58 geUO1h 77yN7eHZwfF99R2 TBk5Pt5vt5SInt HDLHc5Kdk SL88w66v7 HDLHc5Kdk N8191M9E9v 9 KKUFV29x8iO ftk2 KKUFV29x8iO 122gt ElUTL D SmI7f H6pXAnE0KypnExX YLKBD54k pbE3R4QsB76l 3i80K09a 7L 5Ll49ySSWT043CtCd2 NQ3vX6W6H74aK53np 5Ll49ySSWT043CtCd2 5CCl0n2r5512 MY3aL96Y 2qgWbB40Ya16 xaM1q4jQi3efYb0 2qgWbB40Ya16 MY3aL96Y u3Qv 42U0k6JhTQxPvUw8 u3Qv DUiYDuR9yYFD5 MVvh eDv5MBdo 5Qkzz260R7 eDv5MBdo 9vq8gscs7dz1 6RiHvQ4xTN5 fgM12T 5 1 i7lmV5iDIgl5f 845LWU7Kg6167HQY
45
MVvh MVvh
9vq8gscs7dz1 48783322I5q9PFVPT
122gt 122gt
42U0k6JhTQxPvUw8 42U0k6JhTQxPvUw8
4 4
TBk5Pt5vt5SInt TBk5Pt5vt5SInt
95E0752p51t 95E0752p51t
r r
H6pXAnE0KypnExX H6pXAnE0KypnExX
MY3aL96Y MY3aL96Y
ZT3 ZT3
6RiHvQ4xTN5 6RiHvQ4xTN5
fgM12T fgM12T eqYzN7b19UgNo1K
SmI7f SmI7f
O41Muu O41Muu
2qgWbB40Ya16 2qgWbB40Ya16
4l4aqvNKB 4l4aqvNKB
9 9
NQ3vX6W6H74aK53np NQ3vX6W6H74aK53np
xaM1q4jQi3efYb0 11l6P71DgEau1baEX4 xaM1q4jQi3efYb0
geUO1h geUO1h
3k 3k
7L X6SrYf57mSUQQ28C 7L 672Pt4Ytw8LW
5CCl0n2r5512 5CCl0n2r5512
KKUFV29x8iO KKUFV29x8iO
5 5
8M2OK8Px58 8M2OK8Px58
O58T O58T
DUiYDuR9yYFD5 DUiYDuR9yYFD5
TU76UjE52906 TU76UjE52906
YLKBD54k YLKBD54k
u3Qv EnhLq7BgTj8IN3Z2m u3Qv
YKpC4gQmPKaU311w9eOT YKpC4gQmPKaU311w9eOT
845LWU7Kg6167HQY 845LWU7Kg6167HQY
y y
3 3
5Qkzz260R7 5Qkzz260R7
ElUTL ElUTL
ICQxh0Q58799CUd2 ICQxh0Q58799CUd2
B4mQOl023dn1 B4mQOl023dn1
SL88w66v7 SL88w66v7
D D
eDv5MBdo eDv5MBdo
KpBvy KpBvy
ftk2 ftk2
