0 90 79 138 89 26 108 54 24 63 55 130 84 97 147 95 145 42 10 42 48 127 82 99 32 25 169 103 30 51 47 51 6 198 88 173 105 19 116 142 199 39 199 142 57 53 57 16 139 12 153 66 153 12 3 65 61 14 29 174 56 36 2 27 2 33 74 33 72 28 41 161 71 148 94 148 71 128 45 128 8 149 7 76 34 125 175 91 175 125 87 85 75 11 121 49 40 100 35 124 92 17 13 5 109 31 141 60 141 64 9 50 112 0 123 15 123 0 137 37 137 52 137 0 62 0 86 0
79
0 0 43 59
57 1 57
2 2 78
3 3
79 4 79
5 5
6 6 58
7 7
8 8
9 9 80
10 10
11 11
12 12
13 13
14 14
15 15
16 16
17 17 21
42 18 42
19 19
103 20
109 22
89 23 73 89
24 24
25 25
26 26
27 27
28 28
29 29
30 30
31 31
32 32
33 33
34 34
35 35
36 36
37 37
174 38 81 93
39 39
40 40 69
41 41 46
100 44
45 45
47 47
48 48
49 49
50 50
51 51 96
52 52
53 53
54 54 98
55 55
56 56
60 60
61 61 70
62 62
63 63
64 64
65 65
66 66
71 67 71
85 68 85
72 72 83
74 74
75 75
76 76
139 77
82 82
84 84
86 86
87 87
88 88
90 90
91 91
92 92
94 94
95 95
97 97
99 99
