loc0 loc25 loc141 loc84 loc79 loc118 loc138 loc32 loc138 loc118 loc45 loc112 loc163 loc36 loc188 loc177 loc108 loc145 loc113 loc34 loc57 loc34 loc66 loc31 loc66 loc81 loc115 loc20 loc165 loc30 loc106 loc160 loc119 loc41 loc179 loc135 loc118 loc191 loc51 loc192 loc60 loc37 loc144 loc49 loc158 loc58 loc0
39
loc160 loc54 loc122 loc160 loc78
loc37 loc37 loc89 loc46
loc179 loc85 loc179
loc66 loc129 loc168 loc27 loc66 loc93 loc11 loc92
loc0 loc167
loc112 loc82 loc96 loc198 loc112 loc157 loc75 loc131
loc106 loc52 loc106
loc49 loc49
loc81 loc187 loc17 loc162
loc192 loc192
loc191 loc191 loc39
loc34 loc147
loc36 loc36
loc118 loc118
loc60 loc15 loc156 loc105
loc177 loc109 loc177
loc41 loc41 loc28 loc47
loc165 loc164 loc184 loc134 loc165
loc30 loc172
loc58 loc185 loc196
loc51 loc116
loc119 loc119
loc145 loc67
loc141 loc150 loc130 loc197
loc20 loc20
loc31 loc31
loc32 loc10 loc14 loc32
loc57 loc57
loc163 loc182 loc97
loc113 loc113
loc25 loc25
loc158 loc69
loc188 loc188 loc183 loc8 loc120
loc144 loc144
loc45 loc45
loc79 loc186 loc83
loc138 loc138 loc42
loc115 loc100
loc84 loc84
