loc0 loc89 loc32 loc48 loc33 loc86 loc68 loc29 loc70 loc8 loc88 loc87 loc72 loc87 loc2 loc1 loc53 loc30 loc22 loc34 loc35 loc6 loc62 loc4 loc65 loc54 loc82 loc0
21
loc8 loc39 loc8
loc29 loc29
loc6 loc6 loc61 loc79
loc86 loc40 loc69 loc86
loc89 loc21
loc32 loc93 loc7 loc26
loc62 loc45 loc20 loc16 loc62 loc90
loc88 loc91 loc31 loc88
loc4 loc81 loc42 loc25
loc33 loc49 loc33
loc48 loc24 loc48
loc54 loc54
loc70 loc75
loc65 loc65
loc53 loc28
loc0 loc23 loc84 loc99
loc72 loc72
loc34 loc34
loc68 loc52
loc35 loc35
loc30 loc51
