a0 d3 c8 d3 a0 d4 e0 e1 e2 e3 d6 a0 d5 e5 e6 e7 d7 d8 e9 d8 a0 f4 f5 g1 g2 g4 g5 g4 g6 g4 g8 f5 f4 a0 h1 a0 h2 i4 h2 a0 h3 a0 h4 a0 h7 i7 h8 i7 h7 a0 h9 j0 h9 a0 l0 l1 l2 l3 l4 l5 l6 l7 l8 l7 l6 l5 l4 l3 l2 l1 l0 a0 m4 n0 m5 n2 m6 n2 m5 n0 m4 a0 n4 n5 n6 n7 n8 n9 o0 o1 o2 o3 o4 o5 o6 o7 o8 o9 a0 g9 e8 h0 p8 p7 p6 p5 p4 p3 p2 p1 a0 a3 c0 a3 a0 a1 a0 b6 a2 b9 a0 c3 c4 c5 d2 c6 d1 a0
74
a1 b0 b1 b2 b3
a0 b4 b5 i1 i3 k0 k1 k2 k3 k4 k5 k6 k7 k8 k9 p9
b6 b6
a2 b7 b8
b9 b9
c0 c0 c1
a3 c2
c3 c3
c4 c4
c5 c5
c6 c6
d3 c7
c8 c8 c9
e0 e0
e1 e1
e2 e2
e3 e3
d6 e4
e5 e5
e6 e6
e7 e7
e8 e8
e9 e9 g0
g1 g1
g2 g2 g3
g4 g4
g5 g5 g7
g6 g6 i0
g8 g8
g9 g9
h1 i2
i4 i4 i5
h3 i6
i7 i7
h8 i8
j0 i9
l0 l0
l1 l1
l2 l2
l3 l3
l4 l4
l5 l5
l6 l6
l7 l7
l8 l8 l9
n0 n0
m5 n1
n2 n2
m6 n3
n4 n4
n5 n5
n6 n6
n7 n7
n8 n8
n9 n9
o0 o0
o1 o1
o2 o2
o3 o3
o4 o4
o5 o5
o6 o6
o7 o7
o8 o8
o9 o9
h4 p0
p1 p1
p2 p2
p3 p3
p4 p4
p5 p5
p6 p6
p7 p7
p8 p8
