73 96 15 79 15 48 13 40 16 85 16 40 28 91 81 84 29 22 88 100 88 27 2 94 53 34 78 50 71 9 98 21 98 45 77 1 19 1 68 90 25 99 62 12 62 65 62 99 46 75 57 44 49 74 66 31 86 37 76 18 33 82 33 11 64 93 17 14 17 10 45 5 38 8 38 96 73
49
1 1
5 5
8 8
9 9
10 10
11 11
12 12
13 13
15 15
14 14
18 18
19 19
21 21
22 22
25 25
27 27
29 29 83
33 33
34 34
44 44
46 46
48 48
49 49
50 50
53 53
57 57
65 65
66 66
68 68
71 71
74 74
75 75
76 76
77 77
78 78
79 79
81 81
82 82
84 84
86 86
85 85
90 90
91 91
93 93
94 94
96 96
98 98
99 99
100 100
