74 123 109 161 139 138 116 120 198 143 171 165 64 90 64 17 187 43 158 43 58 68 23 68 121 111 199 133 54 179 168 4 193 61 141 129 163 94 34 52 155 190 51 77 1 18 110 72 100 198 113 88 188 35 60 59 14 118 14 39 32 27 103 147 95 172 12 172 5 48 132 30 167 162 91 131 200 131 53 37 178 37 152 16 140 11 99 137 97 100 173 100 134 112 114 127 47 198 130 151 135 56 76 89 76 33 83 33 108 183 25 44 107 159 50 125 157 125 98 125 73 146 45 13 192 148 105 148 115 63 174 63 57 86 128 86 57 194 136 184 96 20 181 142 42 8 123 74
95
4 4
5 5
11 11
12 12
14 14
16 16
17 17
18 18
20 20
23 23
27 27
86 31 86
32 32
39 39
42 42
45 45
44 44
47 47
50 50 66
51 51
52 52
53 53
56 56 80
58 58
59 59
60 60
61 61
54 54
63 63
72 72
73 73
76 76 154
77 77
123 81 123
83 83
88 88
89 89
90 90
91 91
94 94
95 95
96 96
97 97
98 98
99 99
100 100
103 103
105 105
107 107
108 108
109 109
111 111
112 112
113 113
114 114
115 115
118 118
116 116
120 120
125 125
127 127
128 128
129 129
130 130
132 132
133 133
134 134
135 135
136 136
138 138
139 139
140 140
142 142
143 143
146 146
152 152
155 155
157 157
158 158
161 161
163 163
165 165
167 167
171 171
173 173
174 174
178 178
179 179
184 184
190 190
192 192
193 193
198 198
199 199
200 200
