0 2 53 54 68 83 62 12 10 12 23 117 116 90 3 90 88 57 88 63 21 6 25 1 113 15 113 99 56 45 148 85 148 196 18 32 77 55 151 60 183 110 26 110 17 125 14 121 91 24 87 31 80 71 80 173 35 78 111 75 111 70 11 64 40 124 47 76 92 177 72 123 65 5 135 169 84 169 66 194 97 34 8 98 9 30 176 42 176 82 52 130 94 24 16 157 69 157 144 27 44 41 19 41 79 160 167 89 51 59 7 163 96 120 181 28 20 133 4 74 48 49 46 36 58 103 100 61 100 29 39 86 139 37 139 86 106 50 106 13 0
93
1 1 95
2 2
3 3
4 4
5 5
6 6
7 7
8 8 38
9 9
10 10
11 11
12 12
13 13
14 14
15 15
16 16 93
17 17
18 18
19 19
20 20
21 21
62 22 62
23 23
24 24
25 25
26 26
27 27
28 28
29 29
30 30
31 31
32 32
177 33
34 34
35 35
36 36
37 37
39 39
40 40
41 41
42 42
53 43 53
44 44
45 45
46 46
47 47
48 48
49 49
50 50
51 51
52 52
54 54
55 55
56 56
57 57
58 58
59 59
60 60
61 61
63 63
64 64
65 65
66 66
91 67 91
68 68
69 69
70 70
71 71
72 72
100 73 100
74 74
75 75
76 76
77 77
78 78
79 79
80 80
124 81
82 82
83 83
84 84
85 85
86 86
87 87
88 88
89 89
90 90
92 92
94 94
96 96
97 97
98 98
99 99
