75 89 84 48 86 31 86 25 9 59 24 3 28 97 80 29 43 83 50 44 90 99 69 98 56 4 52 4 47 64 87 7 74 36 74 96 73 5 21 71 32 42 58 67 57 39 49 79 65 30 81 94 82 92 26 92 19 34 19 77 62 18 76 18 13 18 12 91 63 46 55 75
50
94 94
86 86
87 87
76 76
97 97
75 75
21 21
13 13
36 36
80 80
57 57
69 69
89 89
3 3
73 73
4 4
82 82
64 64
98 98
52 52
74 74
46 46
48 48
25 25
42 42
47 47
55 55
29 29
31 31
91 91
84 84
49 49
92 92
77 77
81 81
43 43
7 7
34 34
90 90
56 56
58 58
59 59
44 44
65 65
62 62
96 96
9 9
12 12
32 32
26 26
