48 73 186 72 108 72 163 171 84 60 57 151 57 103 98 67 50 34 165 38 98 101 43 137 143 167 143 125 174 179 102 110 154 53 146 157 114 123 162 189 117 189 178 177 158 96 191 66 74 149 140 175 7 154 197 65 5 65 3 155 3 170 122 176 40 16 98 193 194 193 52 156 180 9 42 25 90 87 107 133 93 119 126 94 182 113 69 113 181 135 147 36 55 83 64 32 185 78 138 199 141 129 136 152 85 39 128 56 124 2 23 2 141 196 46 10 159 120 121 19 77 164 58 118 145 173 35 81 148 21 79 11 6 109 168 20 48
97
199 199
73 73
143 143
20 20
93 93
154 154 115
141 141
151 151
56 56
109 109
135 135
107 107
118 118
126 126
133 133
157 157
149 149
66 66
175 175
167 167
60 60
11 11
85 85
197 197
191 191
58 58
123 123
177 177
196 196
38 38
110 110
34 34
5 5
148 148
136 136
163 163
158 158
147 147
185 190 185
186 186
46 46
182 182
19 19
176 176
48 48
90 90
152 152 29
21 21
10 10
23 23
25 25
164 164
181 181
36 36
78 78
84 84
79 79
64 64
108 108
145 145
9 9
103 103
193 193
117 117
194 194
42 42
113 113
16 16
119 119
180 180
179 179
101 101
3 3
170 170
173 88
138 138
171 171
40 40
7 7
39 39
165 165
87 87
137 137
35 35
156 156
52 52
98 98
125 125
69 69
155 155
129 129
74 74
53 53
2 2
55 55
67 67
120 120
