mdyuzxshey mysadifwma mdyuzxshey vkrlpmybdj zmfuudfatm vkrlpmybdj tvcolajnao qcktwemqbm wkwwcqjtxf zjbarjhmau kdujdjjwot zjbarjhmau bulywvvpni lndsfxewdc zpybghfdbe cmdqzmgvfi qfbvncxldf cmdqzmgvfi qydclznxrd psiebvskfb bswhowadhl wtyqwjwskq yiwwdwbzth xftptyrlvl jedsthbmzo oewptytlja knfzsnhzvx xftptyrlvl yiwwdwbzth jqtguzxxsl hadchvmijq wynbxuuxru epdwcjuvdr wtlzrefwav hsjqtjkukk smwxdupkdv koawdpgqdx unihwwnyqz qepegujmaa xtvbrolacp qepegujmaa unihwwnyqz koawdpgqdx aokbiptbzc smwxdupkdv hsjqtjkukk wtlzrefwav jrmlkfexfk gllungmori rkyixxpcbx eooyfwmxln rkyixxpcbx optviwhmbr ixyurvbpvu gwnccktgki ixyurvbpvu uooysjrxsb seeyrseflx vugkhjygfe seeyrseflx uooysjrxsb ixyurvbpvu siatqqydwf ahqdrcepub lazlsvgukx idfvjoquhh lbuiysostx sjtuxgdwms fznfvsgjhc lkvobxyfca oggftsricu euqbrkzdsw oggftsricu lnicnhmajr owusjcmdkp ljhmnbaicr ebqxbaqnmm zumetrybth jatkaoyfxb bnmegnfgii jatkaoyfxb vkrlpmybdj mdyuzxshey
46
mysadifwma mysadifwma
jatkaoyfxb jatkaoyfxb
gwnccktgki gwnccktgki
jedsthbmzo jedsthbmzo
bnmegnfgii bnmegnfgii
kdujdjjwot kdujdjjwot
oewptytlja oewptytlja nwlccbonas
zjbarjhmau zjbarjhmau
vkrlpmybdj vkrlpmybdj
bulywvvpni bulywvvpni
lndsfxewdc lndsfxewdc mswyvpdrsy
knfzsnhzvx knfzsnhzvx
lbuiysostx lbuiysostx tgbmxdmvwe
eooyfwmxln eooyfwmxln
zmfuudfatm zmfuudfatm
xtvbrolacp xtvbrolacp
hadchvmijq hadchvmijq
ahqdrcepub ahqdrcepub
rkyixxpcbx rkyixxpcbx
ebqxbaqnmm ebqxbaqnmm
qydclznxrd qydclznxrd
wynbxuuxru wynbxuuxru
qcktwemqbm qcktwemqbm
zumetrybth zumetrybth
lazlsvgukx lazlsvgukx
jqtguzxxsl jqtguzxxsl
vugkhjygfe vugkhjygfe
aokbiptbzc aokbiptbzc
gllungmori gllungmori
optviwhmbr optviwhmbr
qepegujmaa qepegujmaa
wtlzrefwav wtlzrefwav
wtyqwjwskq wtyqwjwskq
lkvobxyfca lkvobxyfca
owusjcmdkp owusjcmdkp
qfbvncxldf qfbvncxldf
ljhmnbaicr ljhmnbaicr
xftptyrlvl xftptyrlvl
koawdpgqdx koawdpgqdx
fznfvsgjhc fznfvsgjhc
cmdqzmgvfi cmdqzmgvfi
mdyuzxshey mdyuzxshey
euqbrkzdsw euqbrkzdsw
lnicnhmajr lnicnhmajr
seeyrseflx seeyrseflx
psiebvskfb psiebvskfb
