0 110 57 56 57 110 113 17 104 189 129 72 129 170 172 170 94 64 154 144 195 197 195 99 105 47 183 180 182 181 182 180 124 179 69 54 74 160 162 161 162 160 137 136 137 166 117 116 77 101 102 108 82 169 52 135 138 135 134 79 184 159 149 185 187 186 42 41 42 40 43 40 145 148 145 65 68 65 27 25 28 2 13 10 12 11 12 66 67 123 120 122 151 152 150 20 95 97 95 87 85 15 100 75 78 75 30 32 58 55 90 92 91 92 191 192 190 35 37 36 37 35 39 125 128 125 44 140 142 141 132 131 132 130 133 130 0
96
27 27 118
66 66
68 68
192 192
122 122
0 3
134 134
124 124
15 15
37 37
91 91
82 82
17 16 17
186 186
104 104
13 13
180 180
35 38 35
131 131
116 116
36 36
132 132
136 136
64 64
2 2
129 139 129
166 166
25 25
102 102
65 65
141 141
55 55
184 184
149 149
47 47
97 97
43 43
145 145
172 172
99 99
57 57
12 12
100 100
148 148
181 181
95 95
28 28
113 113
169 114
128 128
179 179
94 94
92 92
87 87
20 20
142 142
105 105
182 182
108 108
54 54
152 152
154 154
138 138
159 159
101 101
110 110
67 67
183 183
74 74
78 78
39 39
69 69
161 161
133 133
160 160
32 32
42 42
44 44
120 120
123 123
52 52
72 72
189 189
56 56
11 11
135 135
125 125
117 168
30 30
41 41
144 144
187 187
197 197
79 79
58 58
195 195
