99 176 103 52 22 52 92 105 131 159 106 95 24 95 183 95 184 19 12 139 33 110 151 110 155 36 98 152 90 152 32 34 188 175 15 175 70 156 75 79 178 14 4 118 107 163 116 117 187 68 182 5 21 78 23 17 16 190 16 148 121 18 43 56 43 66 43 97 137 185 137 150 137 186 85 174 85 127 85 63 2 40 2 192 71 112 71 146 86 181 86 168 164 128 80 62 73 62 161 76 167 154 149 154 122 48 88 54 61 135 8 47 196 119 157 96 132 96 157 172 157 30 138 20 138 170 113 51 113 124 113 114 113 59 64 165 191 169 144 55 46 27 49 10 49 125 81 9 81 158 81 100 69 83 69 173 69 25 69 82 31 104 130 162 0 177 171 120 160 84 166 74 42 199 39 58 102 58 99
99
0 0
19 1
4 4
5 5
8 8
9 9
10 10
12 12
15 15
17 17
18 18
20 20
22 22
24 24
25 25
199 26
27 27
54 28
30 30
33 33
34 34
14 35
39 39
40 40
185 41 185
42 42
47 47
51 51
162 53
55 55
56 56
59 59
61 61
63 63
66 66
68 68
70 70
73 73
75 75
78 78
80 80
82 82
83 83
88 88
90 90
92 92
107 94
97 97
98 98
99 99
100 100
102 102
103 103
106 106
138 111
112 112
114 114
117 117
119 119
122 122
49 123
124 124
125 125
81 126
127 127
130 130
131 131
132 132
156 142
146 146
148 148
149 149
150 150
151 151
155 155
158 158
160 160
161 161
163 163
164 164
165 165
166 166
167 167
168 168
169 169
170 170
171 171
172 172
173 173
174 174
178 178
23 180
181 181
183 183
184 184
186 186
188 188
190 190
192 192
