81 191 8 20 115 161 34 78 49 184 84 46 109 158 145 58 200 198 93 33 152 132 56 126 59 27 81
26
34 92 86 195 180 85 77 188 52 71 196 36 34 121 88 108 154 95 18 23 14 179 103 53 12 48 182 127 123 64 141 125 100 117 96 150 69 16 24 159
126 153 107 42 167 97 170 65 126 189
78 35 76 135 199 183 124 87 9 57 70 130 90 166 78 80 1 45 164 17 162 138 165 178 156 74 197 41 43
161 161
191 191
8 8
109 109
49 49
93 93
184 184
56 56
20 20
132 132
58 58
81 81
115 115
145 89 145
84 84
33 33
59 59
198 198
158 158
46 46
200 200
152 152
27 27
