0 91 68 53 49 57 22 50 26 101 75 79 90 77 36 41 42 28 12 113 135 82 135 17 62 5 87 46 38 46 72 29 14 144 52 73 65 23 60 189 51 92 104 24 63 80 32 4 66 95 47 37 74 43 10 83 10 2 30 19 48 100 3 58 97 176 44 176 97 31 55 76 33 85 16 96 6 71 21 13 21 93 178 94 70 17 89 45 7 54 149 18 9 78 86 99 27 39 27 15 25 67 64 11 1 34 11 59 69 40 8 88 61 88 98 158 84 81 20 35 56 0
100
1 1
2 2
3 3
4 4
5 5
6 6
7 7
8 8
9 9
10 10
11 11
12 12
13 13
14 14
15 15
16 16
17 17
18 18
19 19
20 20
21 21
22 22
23 23
24 24
25 25
26 26
27 27
28 28
29 29
30 30
31 31
32 32
33 33
34 34
35 35
36 36
37 37
38 38
39 39
40 40
41 41
42 42
43 43
44 44
45 45
46 46
47 47
48 48
49 49
50 50
51 51
52 52
53 53
54 54
55 55
56 56
57 57
58 58
59 59
60 60
61 61
62 62
63 63
64 64
65 65
66 66
67 67
68 68
69 69
70 70
71 71
72 72
73 73
74 74
75 75
76 76
77 77
78 78
79 79
80 80
81 81
82 82
83 83
84 84
85 85
86 86
87 87
88 88
89 89
90 90
91 91
92 92
93 93
94 94
95 95
96 96
97 97
98 98
99 99
100 100
