0 30 28 26 25 23 32 20 21 17 85 86 83 81 80 79 78 77 76 72 65 71 70 62 58 54 55 57 52 50 49 44 46 47 46 44 42 43 42 41 40 39 37 36 35 34 33 118 116 112 115 114 113 115 112 ViksNode 107 108 105 106 102 100 99 96 93 94 92 14 11 12 10 9 8 7 6 5 4 3 0
40
3 3
4 4
7 7
8 8
10 10
14 13 15
17 18 19
20 20
21 21
25 25
28 27
30 30
35 35
36 36
37 37
42 42
43 43
47 47
44 48
49 53
55 55
54 56
58 59 60
62 63 73
70 70
71 71
72 74
78 78
80 80
86 86
94 94
ViksNode 130
99 99
100 121 123
102 104
106 106
113 113
114 114
108 108
116 117
