destitute namesake jewel Injun stanza Bleeker minion Bleeker Dominican bobble McCall tate diligent Auberge Modesto amateur slowdown schedule connubial shroud choice fatten trill yogurt Isfahan balustrade bowman Darwin ripe papal septillion transpiration septillion creekside Hewlett decor swordfish Vega Andersen Halstead Elizabethan combine extractor anvil Fisk mediate midget funny Gilmore Hindi Loomis destitute
46
Andersen Andersen
Auberge Auberge
Bleeker Bleeker
Darwin Darwin
Dominican Dominican embassy
Elizabethan Elizabethan
Fisk Fisk
Gilmore Gilmore
Halstead Halstead
Hewlett Hewlett
Hindi Hindi
Injun Injun illusion
Isfahan Isfahan
Loomis Loomis Rio
combine MN
McCall McCall
Modesto Modesto
Vega Vega
amateur amateur
anvil anvil
balustrade balustrade
bobble bobble
choice choice
connubial connubial
creekside creekside
decor decor
diligent diligent swingy
extractor extractor
fatten fatten
funny funny
jewel jewel
mediate mediate
midget midget
minion minion
papal papal
ripe ripe
schedule schedule
septillion septillion
shroud shroud
slowdown slowdown
stanza stanza
swordfish swordfish
tate tate
transpiration transpiration
trill trill
yogurt yogurt
