woebegone trill administer stanza numerology viscous numerology diligent McCall septillion oriole bunch slowdown involuntary mitre spill involuntary lexicon choice shovel fulsome embroil papal archive sphalerite hamper Hewlett December Zorn mack Irvin Dominican creekside Wheller creekside taft Tucson extrovert Andersen cowhand explosion cowhand Stephen simulate Gilmore switchmen funny wingspread funny yearn funny switchmen imperishable balustrade babysat balustrade whatsoever Sunday silage Sunday PDP limitate inform secondary inform millennium inform noon midstream confrontation relaxation backplate fatten coarse torus icon update bifurcate Durango Reilly Durango sinh monotonous dreadnought monotonous MN exothermic MN casserole renaissance casserole felony Isfahan thoroughfare felony equipping felony tate yogurt trimester Curtis illusion griddle illusion transfuse catenate thirteen broil barnacle archive dull swingy Fisk mediate funky swordfish Rodney Auberge car softball anvil connubial Winchester bat directory Darwin Elizabethan Goodrich Simon transonic encumbrance woebegone
97
Andersen Andersen
Auberge Auberge
Curtis Curtis deduce
Darwin Darwin
December December
Durango Durango
Fisk Fisk
Gilmore Gilmore
Goodrich Goodrich
Hewlett Hewlett
Irvin Irvin
Isfahan Isfahan
McCall McCall
lexicon Modesto Vega
PDP PDP
Reilly Reilly
Rodney Rodney
Simon Simon
Stephen Stephen
Sunday Sunday
Tucson Tucson
Wheller Wheller
Winchester Winchester
Zorn Zorn
administer administer
anvil anvil
archive archive postscript
babysat babysat
backplate backplate
barnacle barnacle
bat bat
bifurcate bifurcate
broil broil
bunch bunch
car car
casserole casserole
catenate catenate
choice choice
coarse coarse
connubial connubial
diligent diligent
directory directory
dreadnought dreadnought
dull dull
embroil embroil
equipping equipping
exothermic exothermic
explosion explosion
extrovert extrovert
felony felony
fulsome fulsome
funky funky
funny funny
griddle griddle
icon icon
illusion illusion
imperishable imperishable
inform inform
involuntary involuntary
limitate limitate
mack mack
mediate mediate
midstream midstream
millennium millennium
mitre mitre
monotonous monotonous
noon noon
numerology numerology
oriole oriole
papal papal
relaxation relaxation
renaissance renaissance
secondary secondary
septillion septillion
shovel shovel
silage silage
simulate simulate
sinh sinh
slowdown slowdown
softball softball
sphalerite sphalerite
spill spill
stanza stanza
swingy swingy
swordfish swordfish
tate tate
thirteen thirteen
thoroughfare thoroughfare
transfuse transfuse
transonic transonic
trimester trimester
update update
viscous viscous
whatsoever whatsoever
wingspread wingspread
yearn yearn
yogurt yogurt
