exothermic felony Irvin decor shovel trill combine Iowa FPC coarse midget lordosis Halstead Sicilian extrovert sacrifice swordfish wafer Tucson Bernini amateur Injun Curtis McCall Andersen McCall namesake Dominican yogurt Dominican felony exothermic
25
Andersen Andersen
Bernini Bernini
Curtis Curtis
FPC FPC
Halstead Halstead
Injun Injun
Iowa Iowa
Irvin Irvin
McCall McCall
Tucson Tucson
amateur amateur
coarse coarse
combine combine
decor decor
extrovert extrovert
felony felony
lordosis lordosis
midget midget
namesake namesake
sacrifice sacrifice
shovel shovel
swordfish swordfish
trill trill
wafer wafer
yogurt yogurt
