ctUVEJSyNR T3o9dNVbcG TDmNOuGJBk I4iTN5KXjB BtCEVbHoQI HG8olhhcTZ sY3UqAEMG3 8Jejdr7ynm 7d3UA4fKWz 8Jejdr7ynm QwY2G6aX6c VbPBW7rmhF RLF9v27sOQ f91pUtm9EZ vzXeZbLrSW UphA2uAaYC VbPBW7rmhF 6lpxgUxCxO oPQmRUijH5 gLI8ArV2Ui osdKgXyg1e MuYreynm57 zUWT7uduzq uVIshS2g8a qg08r1Pg6g uVIshS2g8a VBTKstUXwG 8UaR4YpZys VBTKstUXwG HTp005294X IU0Ia8127Z HTp005294X Z82QDWb0Pr U5XdtBFGOe Z82QDWb0Pr ctUVEJSyNR
25
U5XdtBFGOe U5XdtBFGOe
8UaR4YpZys 8UaR4YpZys
zUWT7uduzq zUWT7uduzq
6lpxgUxCxO 6lpxgUxCxO
Z82QDWb0Pr Z82QDWb0Pr
VBTKstUXwG VBTKstUXwG
osdKgXyg1e osdKgXyg1e
oPQmRUijH5 oPQmRUijH5
I4iTN5KXjB I4iTN5KXjB
T3o9dNVbcG T3o9dNVbcG
8Jejdr7ynm 8Jejdr7ynm
gLI8ArV2Ui gLI8ArV2Ui
HG8olhhcTZ HG8olhhcTZ
IU0Ia8127Z IU0Ia8127Z
MuYreynm57 MuYreynm57
7d3UA4fKWz 7d3UA4fKWz
qg08r1Pg6g qg08r1Pg6g
RLF9v27sOQ RLF9v27sOQ
TDmNOuGJBk TDmNOuGJBk
sY3UqAEMG3 MzId8uwrPz
BtCEVbHoQI BtCEVbHoQI
QwY2G6aX6c QwY2G6aX6c
vzXeZbLrSW vzXeZbLrSW
f91pUtm9EZ f91pUtm9EZ
UphA2uAaYC UphA2uAaYC
