153 170 47 21 73 80 140 5 167 34 167 76 196 76 150 168 89 74 66 160 41 136 41 91 171 138 139 0 113 124 13 86 4 35 169 133 172 26 181 146 86 22 110 144 117 135 194 134 175 112 105 94 40 91 137 153
45
168 168
160 127 2 160 37 163 98 42 56 88 187
5 29 156 192 5
150 150
34 12 95 99 34
133 119 179
41 81 41 108
140 140
196 196
175 145 68 96 53 77 50
22 126
169 118 169 147
47 58 47 188 129 120 36
170 15 170
26 26 11
13 13
124 124
86 86
113 113
21 21 178 184 161
35 3 90 122 23 35
73 197 180
80 70
146 182 146
89 89 152 20 28
112 112
4 4
66 16
153 153
135 135
137 52 137 177
40 8 40
138 61 138 131
167 93 49 167
194 194
172 172 79
0 60 0 195
76 7
91 19 128
74 74
136 136
134 134
105 83
139 43
171 171
