SaintPaul SanJose SanDiego Minneapolis Bakersfield Minneapolis Lincoln JerseyCity Laredo JerseyCity Denver Detroit Tucson Raleigh Tucson Dallas Greensboro Chandler NewOrleans KansasCity Miami Omaha Aurora Austin SanAntonio Newark Scottsdale Honolulu Memphis Louisville Madison SanFrancisco Stockton Houston Tampa Toledo Atlanta Oakland WinstonSalem Durham SantaAna Pittsburgh SantaAna Durham Phoenix Charlotte ChulaVista Cincinnati Riverside Chesapeake Fresno Plano LosAngeles ElPaso LosAngeles Plano Fresno Spokane StPetersburg Henderson StPetersburg Milwaukee Columbus Glendale Hialeah OklahomaCity FortWayne Albuquerque BatonRouge FortWorth LongBeach Baltimore Mesa Indianapolis SaintPaul
48
Newark Newark
Plano Plano
Scottsdale Scottsdale
Denver Denver
Honolulu Honolulu
SanAntonio SanAntonio
Durham Durham
Fresno Lexington
FortWorth FortWorth
Henderson Henderson
Austin Austin
FortWayne FortWayne Anchorage
Baltimore Baltimore
Houston Houston
Glendale Glendale
Pittsburgh Pittsburgh
SanDiego SanDiego
Tucson Tucson
WinstonSalem WinstonSalem
SanJose SanJose
SantaAna SantaAna
Hialeah Hialeah
Lincoln Lincoln
LongBeach LongBeach
Charlotte Charlotte
Spokane Spokane
Milwaukee Milwaukee
Atlanta Atlanta
Laredo Laredo
Chesapeake Chesapeake
Dallas Dallas
Stockton Stockton
Columbus Columbus
Memphis Memphis
JerseyCity JerseyCity
Phoenix Phoenix
StPetersburg StPetersburg Lubbock
Chandler Chandler
Indianapolis Indianapolis
Bakersfield Bakersfield
Tampa Tampa
Raleigh Raleigh
NewOrleans NewOrleans
OklahomaCity OklahomaCity
ElPaso ElPaso
Aurora Aurora
Madison Madison
Cincinnati Cincinnati
