Jacksonville Atlanta Fresno Atlanta SanFrancisco Nashville VirginiaBeach Nashville Milwaukee Tucson Columbus Detroit Tulsa Albuquerque Oakland Philadelphia Oakland Phoenix OklahomaCity FortWorth OklahomaCity Boston SanJose Indianapolis LosAngeles Raleigh Memphis Raleigh Austin Omaha LongBeach LasVegas Seattle Portland Arlington Louisville Atlanta Jacksonville
24
Philadelphia Philadelphia
LasVegas LasVegas
FortWorth FortWorth
Portland Portland
Memphis Memphis
Tulsa Tulsa Minneapolis
Fresno Fresno
SanFrancisco SanFrancisco
Columbus Columbus
Atlanta Atlanta
Seattle Seattle
SanJose SanJose
Phoenix Phoenix
Nashville ElPaso
Tucson Tucson
LongBeach LongBeach
VirginiaBeach VirginiaBeach
Albuquerque Albuquerque
Indianapolis Indianapolis
Austin Austin
Jacksonville Jacksonville
Louisville Louisville
Boston Boston
LosAngeles LosAngeles
