Chattanooga Cleveland SanAntonio Memphis Wichita Carrollton Surprise Anchorage Phoenix Indianapolis Riverside Scottsdale Tempe Scottsdale OverlandPark BatonRouge Bakersfield Salinas Murfreesboro Charlotte Murfreesboro Salinas GardenGrove Toledo Atlanta Chicago Naperville Garland Pomona Buffalo Tallahassee Gilbert Denton SanJose Montgomery Macon Shreveport LittleRock CapeCoral Oceanside Fontana Lincoln Madison Joliet SanBernardino Boise Lakewood Baltimore Lexington Aurora Orange Frisco KansasCity Frisco Orange Aurora Fayetteville Richmond SaltLakeCity Savannah FortLauderdale Savannah ElkGrove McAllen ElkGrove SanFrancisco Honolulu Fremont Huntsville Tacoma Oxnard Spokane Springfield Berkeley Knoxville ElPaso Dayton Plano Yonkers Plano Austin Vancouver PortStLucie Chandler Washington SaintPaul Norfolk Raleigh Norfolk Irvine Syracuse Irvine OklahomaCity SantaAna Killeen Jacksonville Clarksville Denver Henderson MorenoValley Anaheim MorenoValley Fresno Worcester Portland Glendale VirginiaBeach FortWorth Corona Lubbock Corona Olathe Mobile GrandPrairie LongBeach Cincinnati Paterson Cincinnati Albuquerque Waco Albuquerque LosAngeles Albuquerque Orlando NewportNews Alexandria NewportNews Minneapolis NewYork SantaClarita Hayward Akron RanchoCucamonga Newark RanchoCucamonga TianamenSquare Ontario Salem Boston Brownsville Jackson Chattanooga
95
Yonkers Yonkers
Alexandria Alexandria
Joliet Joliet
Orlando Orlando
Lincoln Lincoln
Worcester Worcester
LittleRock LittleRock
GardenGrove GardenGrove
Aurora Aurora
NewportNews DesMoines NewportNews
Surprise Surprise
Phoenix Phoenix
Knoxville Knoxville
Jacksonville Jacksonville
Oceanside Oceanside
Baltimore Baltimore
Henderson Henderson
Fremont Fremont
Riverside Riverside
Memphis Memphis
SanBernardino SanBernardino
Tacoma Tacoma
Wichita Wichita
Paterson Paterson
Washington Washington
Ontario Ontario
Bakersfield Bakersfield
SantaClarita SantaClarita
Cleveland Cleveland
Brownsville Brownsville
McAllen McAllen
Charlotte Charlotte
Corona Corona
Honolulu Honolulu
Springfield Springfield
Denton Denton
Tempe Tempe
Spokane Spokane
Glendale Glendale
Shreveport Shreveport
GrandPrairie GrandPrairie
Irvine Irvine
Lexington Lexington
Olathe Olathe
SanFrancisco SanFrancisco
Scottsdale Scottsdale
Vancouver Vancouver
Indianapolis Indianapolis
Murfreesboro Murfreesboro
Anchorage Anchorage Midland
FortWorth FortWorth
Austin Austin
Raleigh Raleigh
Anaheim Anaheim ChulaVista
SanJose SanJose
Fayetteville Fayetteville
Cincinnati Cincinnati
Oxnard Oxnard
MorenoValley Durham
SantaAna SantaAna
SaintPaul SaintPaul
FortLauderdale FortLauderdale SanDiego
ElPaso ElPaso
Syracuse Syracuse
Madison Madison
Fresno GrandRapids
NewYork NewYork
Savannah Savannah
CapeCoral CapeCoral
Lubbock Louisville Lubbock
Hayward Hayward
Buffalo Buffalo
BatonRouge BatonRouge
Boston Boston
Boise Boise
Waco Waco
Chicago Chicago
SanAntonio SanAntonio
KansasCity KansasCity
Richmond Richmond
Tallahassee Tallahassee
Salem Salem
LosAngeles LosAngeles
Fontana Fontana
Berkeley Berkeley
PortStLucie PortStLucie
Plano Plano
Orange Orange
Newark Newark
Toledo Toledo
Naperville Naperville
Jackson Jackson
Akron Akron
Pomona Pomona
Frisco Frisco
