Porterton Dianashire Burgessview Williamfort Williamport Ashleystad Codyton Ashleystad Holthaven Ashleystad Williamport Williamfort Thomasville Lopezburgh Byrdfurt Lopezburgh Thomasville Williamfort Moodyburgh Heatherberg Thomasborough Heatherberg Moodyburgh Gregoryberg Smithfort Gregoryberg Moodyburgh Williamfort Burgessview Billton Banksburgh Simmonsburgh Michaelville Simmonsburgh Banksburgh Yvonneborough Parkermouth Yvonneborough Banksburgh Billton Burgessview Marcusburgh Matthewburgh Bondfort Shawnmouth Bondfort Adamview Bondfort Matthewburgh Virginiastad Robinsonmouth Virginiastad Matthewburgh Marcusburgh Tylerbury Jamestown Tylerbury Paultown Tylerbury Marcusburgh Fletcherland Willisfurt Fletcherland Kingview Williamschester Kingview Fletcherland Marcusburgh Burgessview Dianashire Ashleyborough Paulburgh Walltown Scotttown Jacksonview Scotttown Walltown Johnberg Walltown Callahantown Maryport Callahantown Walltown Paulburgh Robertsstad Toddtown Swansonshire Toddtown Robertsstad Paulburgh Ashleyborough Clarkberg Reevestown Judithview Michaelview Judithview Reevestown Clarkberg Burtonview Murphyside Bakertown Murphyside Burtonview Clarkberg Ashleyborough Osborneville Payneview Barnesmouth Harrisport Barnesmouth Payneview Jacksonville Jennifertown Jacksonville Payneview Teresafort Smithtown Teresafort Payneview Osborneville Christophermouth Shawnhaven Christophermouth Osborneville Ashleyborough Dianashire Porterton Wallton Davisstad Jacksonton Singletonton Clarkbury Singletonton Jacksonton Davisstad Leechester Pettyton Bondmouth Pettyton Leechester Castanedachester Leechester Davisstad Newmanburgh Gallowaymouth Rioshaven Gallowaymouth Newmanburgh Davisstad Wallton Danielleport Cooperton Lopezborough Waltersmouth Lopezborough Cooperton Danielleport Melissaview Campbellhaven Annberg Campbellhaven Melissaview Cheyennefurt Watsonville Cheyennefurt Melissaview Danielleport Scottburgh Laurenbury Haleview Laurenbury Scottburgh Danielleport Wallton Derekmouth Geraldside Michellehaven Ramosborough Michellehaven Cranemouth Michellehaven Geraldside Joseport Hallborough Joseport Gabrielburgh Joseport Geraldside Derekmouth Charlesberg Weberbury Kimberlyburgh Weberbury Charlesberg Sethland Ellisstad Sethland Charlesberg Kevinberg Patriciabury Kevinberg Adamside Kevinberg Charlesberg Derekmouth Jeffreyfort Garytown Audreyfort Garytown Jeffreyfort Johnsonchester Jeffreyfort Derekmouth Wallton Porterton
51
Virginiastad Johnsonberg
Adamview Adamview Harrisborough
Jennifertown Feliciaville Jennifertown
Shawnmouth Buckleyside Shawnmouth Priceville
Maryport Combsville Reynoldsview Maryport
Cheyennefurt Thompsonshire
Williamschester Mirandaview Williamschester
Bakertown Derekville Jameston Bakertown
Jamestown Wilsonstad
Johnsonchester Susanfort Nealfurt
Haleview Haleview Hallstad
Waltersmouth Adamport Adkinsberg
Shawnhaven Dannyside Candaceborough
Clarkbury Jermaineton Clarkbury
Parkermouth Parkermouth Shawnfort
Paultown Hansonbury
Hallborough Kylieview Hallborough
Harrisport Brendaview Harrisport
Bondmouth Mercedesmouth Taylorton Bondmouth
Kimberlyburgh Kimberlyburgh Candiceland
Lopezburgh Leahmouth
Annberg Houstonchester Dyerport Annberg
Michaelview Michaelview Clarenceview
Patriciabury Troyfort Patriciabury Thomasmouth
Cranemouth Cranemouth Joneschester
Audreyfort Audreyfort Patriciaside
Ellisstad Ellisstad Osbornemouth
Byrdfurt Byrdfurt Garciamouth Loweryborough
Adamside Andrewschester Adamside Bradberg
Sethland Tannerhaven
Watsonville Christyland Robertomouth Watsonville
Robinsonmouth Robinsonmouth Horneside
Michaelville Williamland Michaelville
Smithtown Jacksonland Smithtown Abigailville
Jacksonville Christopherhaven
Rioshaven Rioshaven Josephstad
Pettyton Jonesfurt
Gabrielburgh Hodgesstad Gabrielburgh
Weberbury Clarkport
Ramosborough Fordhaven Ramosborough
Barnesmouth Clarkborough
Holthaven Holthaven Vickiville
Thomasborough Ortegaberg Masseyside Thomasborough
Jacksonview Danielville Jacksonview
Codyton Ryanside Codyton Mindyview
Swansonshire Swansonshire Abigailhaven
Castanedachester Suttonville
Willisfurt Ortizberg
Teresafort Calvinton
Johnberg Williamshire
Smithfort Millerborough Smithfort
