FortCollins Elizabeth Akron FortWaltonBeach Amarillo Alexandria Lakewood Lafayette Hampton Frederick Carrollton Berkeley CapeCoral Kailua GrandRapids Garland Indianapolis Burbank Honolulu Eugene BoiseCity Manchester Atlanta Howell Lubbock Louisville ElkGrove Harrisburg Fontana Harrisburg ElPaso Boise CollegeStation Lakeland Bellevue Independence Arlington Harlingen Knoxville Hemet Knoxville Arlington Danbury Evansville Clearwater Chicago McAllen Bridgeport Bradenton Hollywood Erie Arvada Leominster GulfportBiloxi Fremont Cary Irving Lacey Brighton Elkhart Bremerton Allentown Bremerton Grayslake Henderson LittleRock Greensboro Abilene Dallas Jefferson Marysville Aberdeen Barnstable Brownsville Appleton Fayetteville DalyCity Fresno Bethlehem Beaumont Detroit CedarRapids Lorain Albany Anchorage Lancaster Fairfield FortWayne Cleveland Austin LasVegas Kennewick Anaheim Kennewick Layton ColoradoSprings Bloomington DesMoines Chandler Gilbert Jacksonville Albuquerque Hickory Inglewood Arvada Fargo Charleston Baltimore BonitaSprings AnnArbor Bakersfield FortCollins
90
Aberdeen Aberdeen
Abilene Abilene
Akron Akron
Albuquerque Albuquerque
Alexandria Alexandria
Allentown Allentown AppleValley
Amarillo Amarillo
Anaheim Anaheim
Anchorage Anchorage
AnnArbor AnnArbor
Appleton Appleton
Arvada Arvada
Atlanta Atlanta
Gilbert Augusta Gilbert
Austin Austin
Bakersfield Bakersfield
Baltimore Baltimore
Barnstable Barnstable
Beaumont Beaumont
Bellevue Bellevue
Berkeley Berkeley DavidsonCounty ElMonte
Bethlehem Bethlehem
Boise Boise
BoiseCity BoiseCity
BonitaSprings BonitaSprings
Bradenton Bradenton
Bremerton Bremerton
Brighton Brighton
Brownsville Brownsville
Burbank Burbank
CapeCoral CapeCoral
Carrollton Carrollton
Cary Cary
CedarRapids CedarRapids
Elkhart Champaign Elkhart
Chandler Chandler
Chicago Chicago
Cleveland Cleveland
CollegeStation CollegeStation
ColoradoSprings ColoradoSprings
Dallas Dallas
DalyCity DalyCity
Danbury Danbury
Layton Denver Layton
DesMoines DesMoines
Detroit Detroit
ElPaso ElPaso
Elizabeth Elizabeth
Erie Erie
Eugene Eugene
Evansville Evansville
Fairfield Fairfield Joliet LasCruces
Fargo Fargo
Fayetteville Fayetteville
Fontana Fontana
FortCollins FortCollins
FortWaltonBeach FortWaltonBeach
Frederick Frederick
Fremont Fremont
Fresno Fresno Houston Kalamazoo
Garland Garland
GrandRapids GrandRapids
Grayslake Grayslake
Hampton Hampton
Harlingen Harlingen
Harrisburg Harrisburg
Hemet Hemet
Henderson Henderson
Hickory Hickory
Hollywood Hollywood
Independence Independence
Indianapolis Indianapolis
Inglewood Inglewood
ElkGrove Irvine
Irving Irving
Jacksonville Jacksonville
Jefferson Jefferson
Kennewick Kennewick
Knoxville Knoxville
Lacey Lacey
Lafayette Lafayette
Lakeland Lakeland
Lakewood Lakewood
Lancaster Lancaster
Leominster Leominster
LittleRock LittleRock
Lorain Lorain
Louisville Louisville
Lubbock Lubbock
Manchester Manchester
