BatonRouge Burbank Bradenton Cambridge Buffalo AtlanticCity Boulder Bryan Birmingham AnnArbor Beaumont Albuquerque Boston Albuquerque Arvada Atlanta Berkeley Barnstable Bethlehem Albany Augusta Aurora Aberdeen BoiseCity Amarillo Anchorage Bellevue BatonRouge
24
Aberdeen Aberdeen
Albuquerque Abilene Albuquerque
Albany Albany
Amarillo Amarillo
Anchorage Anchorage
AnnArbor AnnArbor
Arvada Arvada
Atlanta Atlanta
AtlanticCity AtlanticCity
Aurora Aurora
Barnstable Barnstable
BatonRouge BatonRouge
Beaumont Beaumont
Berkeley Berkeley
Bethlehem Bethlehem
Birmingham Birmingham
BoiseCity BoiseCity
Boston Boston
Boulder Boulder
Bradenton Bradenton
Bryan Bryan
Buffalo Buffalo
Burbank Burbank
Cambridge Cambridge
