152 75 50 183 9 81 166 35 95 0 62 145 60 89 108 8 136 87 142 36 171 66 180 130 94 173 24 143 151 105 140 76 13 42 13 38 6 144 65 139 101 37 126 69 82 53 59 115 54 170 123 78 2 51 172 0 179 184 7 14 85 96 61 45 160 175 160 157 121 104 12 186 80 1 58 112 31 111 168 73 21 92 21 73 165 116 90 41 149 56 161 4 113 5 182 5 162 97 27 79 152
69
31 31
142 142 28
97 97
116 116
89 89
105 105
79 79
140 169
157 157
170 170
45 45
112 112
56 56
139 134 139
172 172
37 37
9 9
175 175
149 163 149
41 41
35 35
95 95
171 171
111 111
78 78
165 165
143 143
73 73
81 81
12 12
58 58
50 50 153
92 92
87 87
166 166
85 85
5 5
130 130
182 182
121 121
168 168
60 60
27 27
183 183
90 90
65 65
96 96
145 145
126 126
113 113
13 13
42 42
94 94
136 136
184 184
180 180
144 144
53 53
82 181
151 151
2 2
51 51
101 101
54 54
8 8
0 0
38 38
75 75
66 66
