4HOMU JXLE1 X180A DDXG0 PMFJ2 Y4WG4 HV4Z2 WP2MA HV4Z2 XEEQB 2C63O LIRLU TY0L7 61QWU TI35I RAAD4 HWKGJ T9O11 PYPSO DCHO3 945CN CFGE5 6OA3K K50JQ 53Y1R C7WKJ OIPRN V8GEC WZB33 H3R1V 0U9HU KC9RF 0D2BR BVMDZ C45HH H1LTE UX00P LLTLN UX00P MC71K LKP22 C8O6I UDYJK DOLRQ 45JXE PTADN Q7FCL W2M5C UW44H 52MNN SA6G0 8EXDQ W2H22 VHCFR AT3CI SHOOM 50J5H RU85S HZHRA A1QRL 2BUI5 PXCIN FMCVK 9WSXC TCC7B L2PQE LEBVZ OSJ7O V22SY 0VPRW KN0CP 6ACGE IF7TL ELH5L 4WDJE BE5V8 6NY7T CM5WA WXZHF 1Y2CG Z22CS KOYRV Z22CS 8CLEZ YJ67U FC0PR 7GA8O 6WOBI SKPO7 ZZH8Z Q5DAA 3AIXW IZESQ ZN2EP Y61KP TBPBM ZHSBU M1HJR NPDI9 P419D WI88U EDSMH L2GJ5 TORQI DTPF4 TORQI 1F0YL FCYPJ 9O1IZ 69BJO 4HOMU
96
L2PQE L2PQE
945CN 945CN 1RS2N
L2GJ5 L2GJ5
2C63O 2C63O
HV4Z2 SYV5N
Y4WG4 768ZF
RU85S RU85S
KOYRV KOYRV
XEEQB XEEQB
KC9RF KC9RF
ZN2EP ZN2EP
45JXE 45JXE
UW44H UW44H
0D2BR 0D2BR
M1HJR M1HJR
LIRLU LIRLU
1F0YL 1F0YL
DOLRQ DOLRQ
WP2MA WP2MA
50J5H 50J5H
CFGE5 CFGE5
Q7FCL Q7FCL
0VPRW 0VPRW
SHOOM SHOOM
HWKGJ HWKGJ
6ACGE 6ACGE
DTPF4 DTPF4
7GA8O 7GA8O
53Y1R 7U3JG 53Y1R
BE5V8 BE5V8
TY0L7 TY0L7
W2M5C W2M5C
SA6G0 SA6G0
WI88U WI88U
TORQI TORQI
ZHSBU ZHSBU
DCHO3 DCHO3
RAAD4 RAAD4 FRZVP
HZHRA HZHRA
TI35I TI35I
Y61KP Y61KP
9WSXC 9WSXC
C7WKJ C7WKJ
P419D P419D
NPDI9 NPDI9
ZZH8Z ZZH8Z
IF7TL IF7TL
V22SY V22SY
PXCIN PXCIN
K50JQ K50JQ
JXLE1 JXLE1
H1LTE H1LTE OLLV9
DDXG0 DDXG0
PTADN PTADN
IZESQ IZESQ
2BUI5 2BUI5
3AIXW 3AIXW
0U9HU 0U9HU
WZB33 WZB33
Q5DAA Q5DAA
4WDJE 4WDJE
8EXDQ 8EXDQ
FCYPJ FCYPJ
W2H22 W2H22
PYPSO PYPSO
CM5WA CM5WA
6WOBI 6WOBI
AT3CI AT3CI
SKPO7 SKPO7
4HOMU ZRPB5
T9O11 T9O11
LEBVZ LEBVZ
61QWU 61QWU
C45HH C45HH
ELH5L ELH5L
69BJO 69BJO
X180A X180A
52MNN 52MNN
WXZHF WXZHF
OIPRN OIPRN
MC71K MC71K
BVMDZ BVMDZ
6OA3K 6OA3K
FC0PR FC0PR
C8O6I C8O6I
LLTLN LLTLN
A1QRL A1QRL
YJ67U YJ67U
V8GEC V8GEC
PMFJ2 PMFJ2
8CLEZ 8CLEZ
TCC7B TCC7B
LKP22 LKP22
TBPBM TBPBM
EDSMH EDSMH
VHCFR VHCFR
