10 92 15 53 30 52 30 35 64 26 96 26 65 64 35 84 85 0 3 70 34 71 3 74 75 24 45 73 72 41 87 51 87 86 50 4 57 9 56 91 31 79 78 48 42 81 42 80 19 8 60 93 61 6 97 66 40 67 13 46 76 77 43 62 94 95 63 2 82 83 82 2 55 54 89 23 21 68 69 14 10 58 10 59 10
47
50 50
51 51
52 52
53 53
54 54
55 55 90
56 56
57 57
58 58
59 59
60 60
61 61
62 62
63 63
64 64
65 65
66 66
67 67 98
68 68
69 69
70 70
71 71
72 72
73 73
74 74
75 75
76 76
77 77
78 78
79 79
80 80
81 81
82 82
83 83
84 84
85 85
86 86
87 87
30 88
89 89
91 91
92 92
93 93
94 94
95 95
96 96
97 97
