1 4 2 98 83 87 91 97 0 95 94 72 86 22 45 27 29 39 40 18 73 30 23 28 31 50 32 26 41 19 36 37 65 12 8 13 14 33 20 11 9 17 21 25 10 3 5 3 10 25 21 17 9 11 20 33 14 13 8 12 65 37 36 19 41 26 32 50 31 28 23 30 73 18 40 39 29 27 45 44 16 80 78 76 89 88 24 67 81 49 38 57 61 57 38 49 81 67 24 88 89 76 78 80 16 44 45 22 86 72 94 95 0 97 91 87 83 98 2 4 1
20
49 59 34 53 56 52 70 55 74 49
38 38
81 68 90 63 82 60 69 81 62 58 66
67 75 67
61 77 79 61
57 57
76 76
89 89
78 78
80 80
24 24
88 88
16 16 85
45 54 42 64 46 48 47 99 51 45
44 44
1 15
36 36
20 20
5 6 7
94 94
