5 94 109 84 109 151 19 81 76 34 138 69 183 69 138 34 62 36 62 123 40 155 96 175 96 155 40 88 113 197 149 90 72 60 2 140 198 77 143 172 188 35 116 134 50 134 116 95 23 95 97 95 116 161 71 119 67 139 45 158 120 133 34 121 7 165 42 137 42 165 154 82 129 82 112 171 112 186 189 199 166 199 53 0 27 174 101 174 27 0 37 64 130 150 91 191 74 180 65 30 75 66 17 105 79 83 117 136 117 83 104 147 13 70 86 93 190 18 192 100 78 29 193 38 58 109 94 20 94 39 94 5
71
112 10
191 194
101 1 101
100 100
81 47 81
180 28 180
65 178
133 133 68
171 171
45 14
86 85 44
2 2
91 91
199 48 199
137 33 137
166 122 32
76 76 156
154 187 46 154
129 146
138 138 55
37 37 177
96 96
35 135 110
174 174
39 39 92
140 140
53 53
67 67 41
30 25
189 103 189
34 9 34
69 69 153
193 193
104 104
105 105
74 31
84 168 162
70 26
50 50
190 16
116 116
75 75
29 164
20 20
121 157 52
165 63 173
58 152 58
123 123
77 196 77
192 192
119 43
143 143
71 71
158 102 158 80
113 61 56
36 11
136 170
83 83
188 188
183 51 183
151 151
64 64
23 99
172 159
42 42
18 18
13 184
17 17
78 179 78
149 149
175 22
