DZA GBR FRO FRA ECU FSM GHA GEO HND DMA DJI DMA ATA ATF ASM DOM BHS DOM AUS DOM CUW DNK ARE CYM CZE CXR CYM BGD BFA BLM BES BLR BEN BLR CCK CMR HKG GRL GLP BGR BDI BEL BRN COD CHE CIV CAN BRB CAN BVT CAF COG GTM HMD GUM GRD GNQ GUY CUB GUY GRC AUT ERI FIN AFG ABW AFG FIN FLK FIN ESP AND ALB ARG ALB DZA
50
COD COD
FLK FLK
BRN BRN
DJI DJI
AND AND
FRO FRO
CAF CAF
HMD HMD
ARG ARG
GRD GRD
BHS BHS
HND HND
ALB ALB
BLM BLM
CCK CCK
GNQ GNQ
GLP GLP
CHE CHE
BGD BGD
GRC GRC
ATA ATA
FSM FSM
ARE ARE
BES BES
DOM DOM
FIN FIN
CUB CUB
COG COG
GHA GHA
GEO GEO
ABW ABW
CYM CYM
DNK DNK
BDI BDI
GBR GBR
BVT BVT
ATF ATF
ECU ECU
BRB BRB
CUW CUW
ERI ERI
FRA FRA
AUS AUS
CXR CXR
BFA BFA
BEN BEN
HKG HKG
CAN CAN
CZE CZE
BLR BLR
