COM NER MTQ NER COM COL CHL JPN LBN IDN GNQ COD CHN SHN SGS NZL SGS MUS DJI DMA RWA CPV MLI MCO MAR HND COK CPV PNG PRY MOZ PRY BIH BOL BMU BEN BLM BLZ RUS PYF HMD MMR NPL POL ARE ARM AND ALB NFK NGA FSM FIN GAB FIN FSM GIN FRA ESH ECU ESP GEO GHA GIB EGY MYS DZA MYS IRN IOT IRL NIC AUS ATG MWI CXR DEU CZE NIU PER PSE NRU CAF CIV BVT LKA KWT LTU LIE CPV HKG HTI GUM REU COM
75
CIV CIV
HTI CAN HTI
HND HND GRC
MOZ MOZ
MWI ITA
IDN KOR IDN
NER NER
MUS MYT
REU REU SDN AFG
NIC LUX ABW NIC
CXR CXR
LIE LIE
EGY EGY
MMR MMR
GNQ GNQ PAK
NGA PAN GMB
NPL NPL
SHN SHN
FRA FRA
ESP ESP
LKA LKA
BLM BLM
COD COG COD
GIB GIB
CPV MAC CPV
MAR MAR
SGS LBR KHM SGS
POL MEX POL
ATG ATG
PRY MDA PRY
ARM ARM
DZA DZA
NRU NRU
GEO GBR GEO
LBN LBN
MTQ MTQ
BOL BDI BHR
DMA DMA
BIH BHS AZE
NZL NZL
PSE KNA LAO PSE
GUM GUM
RUS RUS
COL COL
IRL IRL
BEN BEN
COK COK
HKG HKG KAZ
NFK NFK JEY ALA
ESH ESH
ALB ALB
HMD HRV HMD
PNG PNG
MLI MLI
GIN GIN
DEU CYP DEU
FSM FSM
CHN CHN
KWT KWT
FIN FIN
IRN IRN
CHL HUN
DJI DJI
AUS AUS
LTU LTU
ARE ARE
NIU NIU
ECU ECU
IOT IOT
GAB GAB
JPN JPN
BMU BMU
RWA RWA
CAF CAF
GHA GHA
