Rhode Donner Harrisburg Martin Hellman Life University Valley Michigan Campanile Nevada Simpson Silver Bowles Tang Madison Jefferson Sproul Boalt Tennessee Hartford Heating Clark CNMAT BART Montana Haste Morrison Moffitt Stadium Pennsylvania LeConte Mulford Lansing Oregon Blackwell Brain Chvez Columbus Florida International Barrows Jacobs Foothill Durham Columbia Jones Concord Lower Hertz Maryland Minnesota Durant Mississippi Topeka Police Little Hearst Insectary Observatory Wisconsin Chou Hawaii Birge Hargrove Krutch Austin Annapolis Berkeley Santa Utah Nashville Edwards Class Illinois Simon West Montgomery Providence Richmond Energy Springer Salt Mathematical Etcheverry McLaughlin Trenton Maxwell Warren Cleary Bancroft Moses Cory Baton Grinnell Kentucky Cheyenne East Olympia McEnerney Rhode
100
Krutch Krutch
Energy Energy
Hearst Hearst
Campanile Campanile
Providence Providence
Utah Utah
Florida Florida
Jacobs Jacobs
Birge Birge
Clark Clark
Bancroft Bancroft
Harrisburg Harrisburg
Hawaii Hawaii
CNMAT CNMAT
Rhode Rhode
Blackwell Blackwell
Annapolis Annapolis
LeConte LeConte
Cory Cory
Edwards Edwards
Observatory Observatory
Wisconsin Wisconsin
McLaughlin McLaughlin
Haste Haste
Illinois Illinois
Moffitt Moffitt
Silver Silver
Insectary Insectary
Chou Chou
Little Little
Nashville Nashville
Baton Baton
Bowles Bowles
Montana Montana
Moses Moses
Jefferson Jefferson
East East
Hartford Hartford
Donner Donner
Lansing Lansing
Chvez Chvez
Hellman Hellman
BART BART
Columbia Columbia
Stadium Stadium
Michigan Michigan
Class Class
International International
Hertz Hertz
Pennsylvania Pennsylvania
McEnerney McEnerney
Kentucky Kentucky
Tang Tang
Life Life
Jones Jones
Durham Durham
Columbus Columbus
Salt Salt
Heating Heating
Berkeley Berkeley
Sproul Sproul
Maryland Maryland
West West
Olympia Olympia
Tennessee Tennessee
Martin Martin
Durant Durant
Concord Concord
Simpson Simpson
Madison Madison
Simon Simon
Morrison Morrison
Oregon Oregon
Police Police
Brain Brain
Topeka Topeka
Lower Lower
Boalt Boalt
Richmond Richmond
Nevada Nevada
University University
Austin Austin
Mathematical Mathematical
Minnesota Minnesota
Valley Valley
Barrows Barrows
Cheyenne Cheyenne
Montgomery Montgomery
Hargrove Hargrove
Foothill Foothill
Springer Springer
Santa Santa
Etcheverry Etcheverry
Trenton Trenton
Maxwell Maxwell
Mulford Mulford
Grinnell Grinnell
Warren Warren
Mississippi Mississippi
Cleary Cleary
