BukitBatokEast Simei SungeiRoad Sudong RobertsonQuay Redhill PearlsHill TiongBahruStation DowntownCore LowerSeletar GaliBatuMandai Safti Tengeh Frankel SwissClub TanjongPagar SimpangNorth JooKoon Tyersall AirportRoad NeeSoon ChoaChuKang Bayshore Hillcrest RiverValley Sembawang LeonieHill BukitBatokEast
23
Frankel Frankel
SungeiRoad SungeiRoad
Simei Simei
Redhill Redhill
GaliBatuMandai GaliBatuMandai
Tengeh Tengeh GhimMoh
RiverValley RiverValley
SimpangNorth SimpangNorth
NeeSoon NeeSoon
JooKoon JooKoon
DowntownCore DowntownCore
SwissClub SwissClub CityHall
ChoaChuKang ChoaChuKang
Hillcrest Hillcrest
LowerSeletar LowerSeletar
LeonieHill LeonieHill
Sudong Sudong
PearlsHill PearlsHill
Safti Safti
TanjongPagar TanjongPagar
Tyersall Tyersall
TiongBahruStation TiongBahruStation
Sembawang Sembawang
