139 58 1 106 69 72 162 187 17 64 101 153 111 25 31 131 125 176 47 32 148 165 199 84 189 127 134 18 15 14 43 13 53 9 78 77 123 152 32 74 36 8 200 198 71 26 16 108 57 39 60 7 182 95 178 114 157 2 98 172 186 156 30 144 142 37 130 161 44 41 22 105 158 145 96 27 128 67 82 69 118 75 104 138 89 21 79 107 33 62 91 112 113 173 48 141 191 6 188 109 122 81 65 35 5 37 23 146 119 184 147 11 85 139
100
189 189
106 106
77 77
91 91
142 142
47 47
146 146
84 84
125 125
85 85
112 112
23 23
101 101
8 8
198 198
11 11
81 81
18 18
152 152
74 74
43 43
173 173
15 15
5 5
64 64
78 78
176 176
127 127
184 184
187 187
141 141
71 71
1 1
60 60
65 65
2 2
72 72
111 111
113 113
123 123
109 109
188 188
9 9
95 95
57 57
48 48
108 108
153 153
14 14
79 79
33 33
144 144
191 191
114 114
13 13
58 58
148 148
16 16
30 30
32 32
158 158
147 147
39 39
182 182
82 82
128 128
98 98
134 134
27 27
31 31
35 35
119 119
96 96
138 138
104 104
131 131
22 22
122 122
161 161
41 41
178 178
157 157
7 7
67 67
118 118
156 156
21 21
25 25
130 130
105 105
69 69
37 37
89 89
145 145
75 75
44 44
186 186
26 26
172 172
165 165
