Latias Shelgon Dartrix Keldeo Petilil Luvdisc Staryu Infernape Scolipede Bounsweet Wurmple Exeggutor Relicanth Elgyem Vibrava Charmeleon Golisopod Primeape Palkia Reshiram Noivern Jigglypuff Magearna Raticate Toxicroak Latias
24
Raticate Raticate
Noivern Talonflame Noivern
Petilil Petilil
Shelgon Shelgon
Charmeleon Charmeleon
Wurmple Wurmple
Jigglypuff Jigglypuff
Toxicroak Toxicroak
Primeape Primeape
Infernape Infernape
Magearna Magearna
Dartrix Dartrix
Staryu Staryu
Elgyem Elgyem
Keldeo Keldeo
Scolipede Scolipede
Exeggutor Exeggutor
Golisopod Golisopod
Reshiram Reshiram
Luvdisc Luvdisc
Palkia Palkia
Bounsweet Bounsweet
Relicanth Relicanth
Vibrava Vibrava
