Qwilfish Drampa Gengar Tauros Wailord Plusle Weezing Escavalier Weepinbell Lumineon Comfey Magnemite Yungoos Stufful Conkeldurr Zekrom Amoonguss Crawdaunt Woobat Tsareena Shellder Bastiodon Seaking Treecko Kakuna Honedge Skorupi Munna Swadloon Magnemite Froakie Bounsweet Whismur Nincada Shellos Xerneas Jumpluff Metapod Inkay Vespiquen Wartortle Steenee Metang Slurpuff Metang Terrakion Politoed Tornadus Noibat Skiddo Phanpy Magmar Volcarona Vullaby Drapion Lotad Politoed Dewpider Scatterbug Taillow Paras Vullaby Porygon2 Meloetta Sandile Simisear Slowbro Tropius Qwilfish
64
Qwilfish Qwilfish
Simisear Simisear
Phanpy Phanpy
Terrakion Terrakion
Drapion Drapion
Meloetta Meloetta
Volcarona Volcarona
Slurpuff Slurpuff
Skiddo Skiddo
Politoed Politoed
Tropius Tropius
Sandile Sandile
Magmar Magmar
Metang Metang
Taillow Taillow
Porygon2 Porygon2
Slowbro Slowbro
Drampa Drampa
Noibat Noibat
Lotad Lotad
Scatterbug Scatterbug
Vullaby Vullaby
Inkay Inkay
Steenee Steenee
Tornadus Tornadus
Skorupi Skorupi
Dewpider Dewpider
Shellos Shellos
Metapod Metapod
Wartortle Wartortle
Crawdaunt Crawdaunt
Paras Paras
Froakie Froakie
Nincada Nincada
Gengar Gengar
Honedge Honedge
Amoonguss Amoonguss
Tsareena Tsareena
Jumpluff Jumpluff
Vespiquen Vespiquen
Munna Munna
Kakuna Kakuna
Magnemite Magnemite
Whismur Whismur
Xerneas Xerneas
Weezing Weezing
Zekrom Zekrom
Woobat Woobat
Comfey Comfey
Bounsweet Bounsweet
Seaking Seaking
Tauros Tauros
Weepinbell Weepinbell
Stufful Stufful
Shellder Shellder
Plusle Plusle
Treecko Treecko
Swadloon Swadloon
Lumineon Lumineon
Yungoos Yungoos
Bastiodon Bastiodon
Wailord Wailord
Escavalier Escavalier
Conkeldurr Conkeldurr
