Burlington Independence Naperville Bridgeport Miramar Davenport Prairie Killeen McAllen Hampton Columbus Clarke Denver Rapids Cedar Chattanooga Merced Chicago Louisville Myrtle Greenville Amarillo Hayward Buffalo Cambridge Honolulu Burlington
25
Buffalo Buffalo
Denver Denver
Naperville Naperville
Amarillo Amarillo
Myrtle Myrtle
Chicago Chicago
Merced Merced
Columbus Columbus
Honolulu Honolulu
Davenport Davenport
McAllen McAllen
Killeen Killeen
Prairie Prairie
Bridgeport Bridgeport
Chattanooga Chattanooga
Rapids Rapids
Hayward Hayward
Clarke Clarke
Miramar Miramar
Cedar Cedar
Cambridge Cambridge
Louisville Louisville
Independence Independence
Hampton Hampton
Greenville Greenville
