Myrtle Joliet Deltona Houma Leominster Alexandria Minneapolis Lexington Muskegon Huntington Plen Erie Huntsville Montgomery Baltimore Brownsville Hollywood Davidson Miramar Chicago Lansing Bloomington Medford Kansas Champaign Cary Albuquerque Bradenton Hemet Appleton Corpus GreenBay Abilene Hartford Cedar Dallas Chandler Grays Aribel Nashua Kissimmee Harlingen Lorain Mobile Barnstable Macon Merced Moreno Cathedral Bridgeport Albany Myrtle
50
Hartford Hartford
Joliet Joliet
Barnstable Barnstable
Dallas Dallas
Grays Grays
Muskegon Muskegon
Merced Merced
Erie Erie
Chicago Chicago
Hollywood Hollywood
Hemet Hemet
Cary Cary
Bridgeport Bridgeport
Harlingen Harlingen
Macon Macon
Cedar Cedar
Plen Plen
Bradenton Bradenton
Bloomington Bloomington
Brownsville Brownsville
Albuquerque Albuquerque
Lorain Lorain
Nashua Nashua
Miramar Miramar
Kissimmee Kissimmee
Montgomery Montgomery
Davidson Davidson
Leominster Leominster
Minneapolis Minneapolis
Lexington Lexington
GreenBay GreenBay
Aribel Aribel
Baltimore Baltimore
Albany Albany
Abilene Abilene
Kansas Kansas
Chandler Chandler
Mobile Mobile
Champaign Champaign
Appleton Appleton
Cathedral Cathedral
Lansing Lansing
Corpus Corpus
Deltona Deltona
Huntsville Huntsville
Houma Houma
Medford Medford
Huntington Huntington
Alexandria Alexandria
Moreno Moreno
