DK HI HJ HD AG AN AK AT AO AU AV AY AZ BF BC BE BH BI BP BM BL BR BV BZ CG CA BW CC CD CE CI CM CS CP CK CT CR CU CX CW DD DB DE CY DI DL DF DN DM DO DP DX DZ DT DU ED EB EA EM EL EF EP EN EQ EO ES EY EW FD FA FB FG FW FH FN FP GB GG GN FZ GV GR GT GY GX HC GZ HE HB HF AB AA DK
91
FA FA
CS CS
BC BC
CA CA
DI DI
BH BH
EY EY
DZ DZ
GB GB
DN DN
HJ HJ
AU AU
BE BE
CW CW
AO AO FT
CE CE
AN AN
EN EN
DP DP
HE HE
DF DF
DU DU
AB AB
AZ AZ
AG AG
DM DM
DX DX
ED ED
CT CT
FZ FZ
HC HC
FB FB
CP CP
DO DO
EO EO
AK AK
DB DB
CY CY
EA EA
CD CD
CR CR
FP FP
FH FH
EL EL
FG FG
BV BV
DL DL
EP EP
HF HF
FN FN
GX GX
BW BW
DD DD
GY GY
AT AT
EQ EQ
HI HI
EB EB
CI CI
CC AM CC
FW FW
CM CM
BI BI
CK CK
GV GV
DE ET DE
GZ GZ
EM EM
EW EW
GR GR
BR BR
GG GG
BL BL
FD FD
AA AA
CU CU
BF BF
AY AY
EF EF
DT DT
ES ES
GT GT
AV AV
HB HB
BM BM
BP BP
CG CG
HD HD
GN GN
BZ BZ
CX CX
