Soda EtcheverryHall WicksonNaturalArea Piedmont NorthGateHall DonnerLab MinorHallAddition StHelena KleebergerFieldHouse SatherTower Pittsburg Insectary Healdsburg WomenFacultyClub BarkerHall PimentelHall CalvinLaboratory HearstGreekTheatre GilmanHall GoldmanField WheelerHall KroeberHall WestCircle Cory BlumHall Saratoga Hayward Unit3 Albany SanRafael Benicia IshiCourt SanPablo ClarkKerrCampus Campanile GiauqueHall StadiumRimWay Belmont ChouHall EastGate BancroftLibrary Unit1 HertzHall Emeryville SproulPlaza AnthonyHall FrankSchlessingerWay WestGate Oakley Brisbane Pacifica LowerSproulPlaza WellmanHall SternHall FoundersRock EvansHall SanRamon Hillsborough WursterHall ZellerbachPlayhouse MulfordHall ClearyHall Pinole MartinezCommons Soda
63
Campanile Campanile
GiauqueHall GiauqueHall Orinda Alameda
ClearyHall ClearyHall
IshiCourt IshiCourt
SanRafael Fairfield SanRafael
StadiumRimWay StadiumRimWay
LowerSproulPlaza LowerSproulPlaza
ZellerbachPlayhouse ZellerbachPlayhouse
SatherTower SatherTower
MulfordHall ZellerbachHall MulfordHall
AnthonyHall AnthonyHall
ClarkKerrCampus ClarkKerrCampus
Healdsburg Healdsburg
Pinole Pinole
DonnerLab DonnerLab LewisHall
SanPablo SanPablo
Saratoga Saratoga
EtcheverryHall EtcheverryHall
NorthGateHall NorthGateHall HargroveMusicLibrary
Brisbane Brisbane
Belmont Belmont
Unit3 HearstMiningCircle Unit3
PimentelHall PimentelHall
BancroftLibrary BancroftLibrary
KroeberHall KroeberHall
KleebergerFieldHouse KleebergerFieldHouse
Oakley Oakley
GilmanHall GilmanHall
SternHall SternHall
WheelerHall WheelerHall
WestCircle WestCircle
ChouHall ChouHall
HertzHall HertzHall
GoldmanField GoldmanField
EvansHall EvansHall
MartinezCommons MartinezCommons
Insectary Insectary
Unit1 Unit1
HearstGreekTheatre HearstGreekTheatre
Pittsburg Pittsburg
FoundersRock FoundersRock
EastGate EastGate
Pacifica Pacifica
Benicia Benicia
Piedmont Piedmont
Cory Cory
MinorHallAddition MinorHallAddition
Hayward Hayward
Albany Albany
SanRamon SanRamon
WursterHall WursterHall
BlumHall BlumHall
Emeryville Emeryville
WellmanHall WellmanHall
BarkerHall BarkerHall
WicksonNaturalArea WicksonNaturalArea
StHelena StHelena
Hillsborough Hillsborough
SproulPlaza SproulPlaza
WomenFacultyClub WomenFacultyClub
FrankSchlessingerWay FrankSchlessingerWay
WestGate WestGate
CalvinLaboratory CalvinLaboratory
