a gp gn gh gb fz gm ga fy fu et c fa b k h t ae w l dt u aj y dm aa al ag ab du an ar az bd br p ec dg by cl bc ct ap cv bi cp bl cq de bf dv j ep bm er dq cd ch bz em ey ak df ci cb ee m ea ah en dn fg ew eu dx ev aw eq fb cu ed ex ff fs dj fl bb do ck bv fd fv fr fh fn gl e a
97
aj aj
fl fl
et et
aw aw
ci ci
fy fy cs
fn fn
w w
ec ec
eu eu
ae ae
ey ey
cv cv
ep ep
aa aa
de de
em em
m m
bl bl
gn gn
dq dq
az az
ex ex
u u
en en
df df
ee ee
dm dm
y y
du du
dt dt
ff ff
cl cl
e e
bi bi
fb fb
dx dx
bd bd
ct ct
bc bc
ga ga
eq eq
h eg h
dg dg
p p
ag ag
bm bm
gl gl
b b
ck ck
fh fh
ap ap
fa fa
fz fz
l l
do do
cu cu
fv fv
ev ev
ar ar
er er
ea ea
a a o
fd fd
t t
fr fr
ew ew
c c
cq cq
ak ak
al al
fg fg
j j
fu fu
gp gp
bv bv
gh gh
dn dn
ah ah
dj dj
gb gb
br br
cd cd
k k
gm gm
ch ch
fs fs
by by
bf bf
ed ed
an an
cp cp
cb cb
bz bz
ab ab
bb bb
dv dv
