6 1 4 0 8 7 2 6 199 198 197 194 190 191 196 199 189 182 181 187 184 186 185 180 189 172 177 172 176 170 179 170 178 172 168 164 168 166 167 163 168 158 157 150 153 154 152 159 158 143 148 145 149 144 147 146 143 133 139 134 130 137 138 132 133 124 126 123 129 128 120 125 124 111 114 112 115 118 113 111 103 105 101 102 107 109 106 105 103 96 90 95 97 98 94 96 80 81 87 88 85 80 73 74 78 72 79 75 77 73 67 69 62 63 60 65 67 55 51 50 59 51 55 57 55 42 40 48 46 41 40 42 30 31 30 38 36 38 39 30 24 20 21 20 23 26 24 11 15 13 14 16 19 10 18 11 6
92
8 8
4 4
1 1
7 7
0 0
10 10
15 15
18 18
19 19
14 14
23 23
20 20
21 21
26 26
39 39
36 36
31 31
38 38
46 46
41 41
40 40
48 48
50 50
57 57
51 51
59 59
62 62
63 63
65 65
69 69
60 60
77 77
78 78
75 75
79 79
74 74
87 87
88 88
85 85
81 81
97 97
90 90
98 98
95 95
106 106
109 109
105 105
101 101
107 107
112 112
118 118
113 113
115 115
114 114
120 120
126 126
125 125
129 129
128 128
137 137
139 139
132 132
130 130
134 134
148 148
146 146
145 145
149 149
144 144
153 153
150 150
152 152
157 157
167 167
164 164
163 163
166 166
176 176
170 170
178 178
177 177
179 179
182 182
181 181
186 186
187 187
185 185
191 191
194 194
198 198
190 190
196 196
