L16 L135 L63 L82 L140 L114 L84 L83 L74 L100 L114 L104 L95 L152 L106 L4 L62 L82 L141 L131 L18 L80 L75 L86 L150 L89 L93 L139 L77 L56 L84 L8 L2 L87 L59 L53 L153 L119 L72 L119 L80 L138 L40 L28 L148 L91 L94 L85 L143 L65 L1 L107 L11 L70 L46 L145 L120 L129 L120 L47 L103 L61 L103 L133 L144 L128 L21 L147 L94 L16
59
L4 L4 L149
L106 L106 L35
L94 L7 L94 L22
L62 L62 L124
L11 L125 L11
L148 L78
L95 L95 L130
L131 L131
L83 L83
L119 L119 L90
L16 L29 L16
L47 L146 L47
L114 L114 L79
L89 L89 L76 L38
L104 L104 L126 L142 L9
L91 L91 L43
L18 L18 L5
L144 L144
L120 L20
L150 L150
L28 L24 L28 L12 L52
L80 L92 L80
L100 L100
L75 L75
L139 L139
L56 L56
L93 L93
L87 L87
L153 L153
L74 L74 L134
L2 L2
L140 L140
L103 L103
L138 L138
L21 L109 L21
L40 L40
L77 L77
L8 L101 L8
L85 L85
L53 L53 L110
L143 L143
L84 L151 L84
L107 L107
L63 L27 L63
L70 L70
L145 L145
L1 L1
L65 L65
L46 L67
L72 L72
L128 L128
L129 L129
L133 L133 L68
L61 L61
L135 L99
L141 L141
L147 L147
L82 L82
L152 L152
