location1 location90 location20 location56 location96 location85 location158 location179 location149 location46 location123 location40 location199 location13 location180 location105 location30 location136 location11 location185 location35 location197 location43 location148 location118 location188 location93 location193 location92 location190 location69 location107 location10 location108 location150 location130 location94 location196 location195 location95 location2 location186 location75 location139 location146 location161 location68 location91 location82 location49 location140 location3 location177 location106 location59 location37 location65 location182 location110 location142 location109 location6 location157 location172 location184 location129 location114 location5 location44 location12 location128 location25 location111 location152 location17 location57 location143 location171 location169 location127 location154 location165 location116 location26 location133 location58 location181 location87 location32 location175 location27 location178 location1
91
location69 location69
location35 location35
location106 location106
location13 location16 location13
location20 location20
location180 location180
location91 location97 location91
location158 location158 location28
location11 location11
location177 location177
location25 location25
location43 location43
location157 location157
location182 location182 location164
location169 location169
location123 location123
location82 location82
location110 location110
location12 location12
location59 location59
location105 location105
location179 location179
location92 location92 location100 location33
location57 location57
location65 location65
location6 location6
location172 location74 location172
location116 location116
location195 location195
location142 location142
location68 location68
location108 location108
location143 location143
location140 location140
location2 location2
location49 location49
location188 location188
location133 location133
location196 location196
location150 location150
location37 location37
location165 location165
location184 location159 location184
location85 location85
location17 location17
location197 location197
location139 location139
location128 location128
location149 location149
location90 location90
location130 location130
location199 location199
location171 location171
location152 location152
location27 location27
location5 location5
location146 location146
location118 location118
location94 location22 location94
location56 location56
location136 location136
location107 location107
location129 location129
location87 location87
location93 location93
location46 location46
location114 location114
location175 location175
location95 location95
location186 location186
location58 location58
location181 location181
location3 location3
location44 location44
location127 location127
location148 location148
location111 location111
location154 location154
location32 location32
location26 location26
location30 location30
location96 location96
location10 location10
location178 location178
location193 location193
location109 location109
location75 location75
location185 location185
location190 location190
location161 location161
location40 location40
