According wings are too small get its get small too are wings According to all known laws of there is no way a bee should be should bee a way no is there of laws known all to According care what humans think black and shake it up Breakfast Hang on Oan you believe this believe you Oan on Hang Breakfast up it shake and black think humans what care According
18
to to
known known
of of
is is
way way
bee bee
be be Its
are are
small small
its its little off The anyway bees
what what
think think
and and
it it
Breakfast Breakfast
on on
you you
this this pick
