190 135 114 92 106 137 6 121 145 38 65 34 55 36 149 85 112 185 49 76 60 74 95 162 108 133 3 126 139 101 177 173 27 147 67 111 189 93 116 93 164 93 165 67 8 67 33 58 83 129 58 40 90 193 146 195 171 71 66 179 11 100 89 117 68 10 30 181 120 151 29 21 176 169 94 113 123 182 2 99 132 152 198 102 109 46 62 155 1 142 1 156 50 54 32 69 192 84 186 23 103 44 61 52 138 47 4 172 5 153 45 56 166 75 190
91
165 165 136
60 60
146 146
185 185
103 141 103
138 138
117 104 117 22
55 55
192 192
176 176
99 188 99
29 29
36 36
1 1
34 34
11 11
166 166
123 123
3 3
50 50
62 62
181 118 181
23 168 23
182 182
172 172
142 142
69 69
113 113
109 109
21 21
61 61
112 112
94 94
139 139
54 54 163
33 33
177 177
2 2
135 135
137 137
27 27
179 179
129 129
133 133
10 10
47 47
162 162
5 5
76 76
156 156
40 40
38 38
149 149
169 57 169
95 95
153 153
92 92
52 52
100 100
66 66
71 71
56 56
121 121
132 132
198 198
186 186
101 101
32 32
195 195
30 30
45 45
84 84
46 46
44 44
108 108
93 93
67 67
193 193
8 8
173 173
116 116
106 106
114 114
111 111
152 152
83 83
164 164
68 68
189 189
102 102
65 65
