114 78 161 119 74 175 74 29 190 76 191 63 18 26 47 92 133 10 0 173 51 108 62 149 35 1 117 75 105 143 109 181 148 181 21 178 66 120 42 112 15 48 33 89 59 131 197 43 70 132 12 132 54 16 130 176 183 146 169 87 38 84 4 124 141 14 31 122 103 3 7 36 179 24 32 147 96 167 177 134 196 195 5 41 5 37 115 111 22 69 8 155 127 171 93 135 187 53 95 154 164 182 188 81 100 98 199 85 28 91 67 94 174 150 166 170 102 170 49 114
100
16 16
174 174
183 183
78 78
188 188
199 199
102 102
21 21
167 167
75 75
191 191
170 170
51 51
175 175
103 103
7 7
166 166
42 42
182 182
49 49
111 111
196 196
12 12
33 33
148 148
24 24
26 26
146 146
197 197
4 4
63 63
70 70
10 10
154 154
66 66
127 127
0 0
37 37
15 15
195 195
173 173
112 112
169 169
155 155
105 105
133 133
131 131
171 171
1 1
28 28
149 149
187 187
98 98
117 117
18 18
67 67
92 92
147 147
35 35
69 69
135 135
74 74
100 100
84 84
96 96
95 95
108 108
115 115
76 76
91 91
43 43
161 161
81 81
31 31
14 14
62 62
109 109
3 3
114 114
41 41
93 93
176 176
89 89
36 36
177 177
124 124
53 53
119 119
5 5
32 32
181 181
87 87
134 134
150 150
59 59
164 164
38 38
94 94
29 29
47 47
