Liam Evan Liam Jordan Jack Joshua Lucas Noah Camden Bentley Jayden Bentley Harrison Adrian Elijah Nolan Miles Luke Finn Jacob Finn Kevin Nathan Kevin Weston Jaxson Angel Anthony Maxwell Grayson Elliot Jasper Connor Jasper Alan Santiago Carter Elliott Caleb Nicholas Christian Brody David Brody George Ethan Juan Ivan Hudson Jameson Benjamin Jaxon Waylon Marcus Parker Marcus Tyler Eli Sawyer Steven James Isaac James Steven Xavier Emmett Thomas Hunter Isaiah Hunter Zachary Jude Jace Jude Joseph Robert Giovanni Ayden Theodore Rowan Austin Hayden Victor Dominic Victor Gabriel Cameron Gabriel Jayce Henry Malachi Bryson Leo Bryson Malachi Adam Colton Tucker Charles Mason Charles Tucker Aiden Mateo Aiden Richard Easton Patrick Oliver Andrew Dylan Lincoln Chase Aaron Michael Aaron Chase Greyson Eric Samuel Eric Messiah John Bennett Landon Bennett Justin Josiah Julian Josiah Justin Kai Carson Kai Christopher Kai Bryce Sebastian Edward Wyatt Gael Dawson Declan Brayden Asher Brayden Jonathan Preston Jose Ezra Ezekiel Jeremiah Ezekiel Maddox Xander Leonardo Jordan Liam
80
Liam Liam
Noah Noah Maverick
Landon William Landon
James James
Nolan Logan Nolan
Benjamin Benjamin
Mason Mason
Elijah Elijah
Oliver Oliver
Jacob Jacob
Lucas Lucas
Michael Michael
Grayson Alexander Grayson
Ethan Ethan
Nicholas Daniel Nicholas
John Matthew John
Aiden Aiden
Henry Henry
Joseph Joseph
Ezra Jackson Ezra
Samuel Samuel
Sebastian Sebastian
David David
Carter Carter
Wyatt Wyatt
Jayden Jayden
Santiago Owen Elias Cooper
Dylan Dylan
Luke Luke
Gabriel Gabriel
Anthony Anthony
Isaac Isaac
Jack Jack
Julian Julian
Xander Levi
Christopher Christopher
Joshua Joshua
Andrew Andrew
Lincoln Lincoln
Mateo Mateo
Xavier Ryan Xavier
Jaxon Jaxon
Nathan Nathan
Aaron Aaron
Isaiah Isaiah
Thomas Thomas
Charles Charles
Caleb Caleb
Josiah Josiah
Christian Christian
Hunter Hunter
Eli Eli
Jonathan Jonathan
Connor Connor
Adrian Adrian
Asher Asher
Cameron Cameron
Leo Leo
Theodore Theodore
Jeremiah Jeremiah
Hudson Hudson
Robert Robert
Easton Easton
Colton Colton
Angel Angel
Brayden Brayden
Jordan Jordan
Dominic Dominic
Austin Austin
Dawson Ian
Adam Adam
Jaxson Jaxson
Greyson Greyson
Jose Jose
Ezekiel Ezekiel
Carson Carson
Evan Evan
Bryson Bryson
Jace Jace
Parker Parker
