LOC16 LOC18 LOC15 LOC46 LOC25 LOC59 LOC37 LOC82 LOC28 LOC12 LOC34 LOC69 LOC0 LOC69 LOC34 LOC90 LOC73 LOC31 LOC61 LOC48 LOC56 LOC48 LOC61 LOC85 LOC9 LOC33 LOC44 LOC71 LOC45 LOC80 LOC83 LOC57 LOC35 LOC42 LOC62 LOC93 LOC76 LOC14 LOC29 LOC87 LOC6 LOC3 LOC51 LOC36 LOC26 LOC4 LOC47 LOC63 LOC75 LOC8 LOC91 LOC78 LOC32 LOC68 LOC27 LOC94 LOC5 LOC94 LOC16
34
LOC45 LOC45 LOC79 LOC50
LOC18 LOC18 LOC22
LOC8 LOC17
LOC5 LOC52
LOC25 LOC25
LOC6 LOC70
LOC47 LOC47
LOC0 LOC23 LOC97
LOC26 LOC26
LOC44 LOC96
LOC46 LOC46 LOC53
LOC3 LOC3
LOC15 LOC15
LOC56 LOC98 LOC56
LOC9 LOC9
LOC82 LOC82
LOC12 LOC81 LOC12
LOC62 LOC62 LOC89
LOC80 LOC95
LOC59 LOC59
LOC36 LOC36
LOC85 LOC85
LOC61 LOC61
LOC57 LOC57
LOC33 LOC33
LOC91 LOC43
LOC78 LOC78
LOC73 LOC73 LOC99
LOC90 LOC90 LOC20
LOC37 LOC37
LOC4 LOC4
LOC29 LOC29
LOC31 LOC31
LOC28 LOC28
