zero three ten nine sixteen twentythree thirty thirtyseven thirtysix fortythree fifty fiftyseven sixtyfour seventyone seventyeight eightyfour eightythree eightytwo eightynine eightyeight eightyone seventyfour sixtyseven sixty sixtyone sixtytwo fiftyfive fortyeight fortyone thirtyfour twentyseven twenty thirteen six zero
30
zero two four five
three three
six six
ten ten
thirteen twelve fourteen
sixteen fifteen
twenty twenty
twentythree twentytwo twentyfour twentyfive
thirty twentynine thirty
thirtyfour thirtythree thirtyfour thirtyfive
thirtysix thirtysix
thirtyseven thirtyseven thirtynine
fortythree fortyfour fortyfive
fortyeight fortyseven fortyeight
fifty fifty fiftyone
fiftyfive fiftythree fiftyfive
fiftyseven fiftyseven
sixty sixty
sixtyone sixtyone
sixtytwo sixtytwo
sixtyfour sixtyfive seventy
sixtyseven sixtysix sixtyseven sixtyeight
seventyone seventyone seventyseven
seventyfour seventyfive
seventyeight seventyeight seventynine
eightyone eightyone
eightytwo eightytwo
eightyfour eightyfour
eightyeight eightyseven eightyeight ninetyfive
eightynine eightynine
