0 20 53 32 99 47 87 51 6 78 17 13 173 5 31 4 179 48 46 2 66 176 45 176 62 75 29 43 144 85 11 113 82 93 26 37 68 180 23 180 68 50 153 19 74 52 21 65 56 24 100 96 16 54 80 97 27 35 8 57 40 91 1 49 77 188 14 38 25 61 10 88 3 95 122 73 64 130 116 67 116 60 76 7 184 39 18 81 58 55 30 41 69 163 22 72 9 121 84 28 90 98 120 183 44 189 83 89 59 70 182 92 150 15 86 36 12 79 20 0
97
66 66
31 31
93 93
36 36
74 74
59 59
22 22
99 99
62 62
43 43
41 41
77 77
50 50
58 58
60 60
15 15
49 49
45 45
95 95
4 4
1 1
44 44
75 75
18 18
96 96
37 37
67 67
76 76
79 79
38 38
92 92
29 29
19 19
52 71 52
27 27
73 73
28 28
176 34
7 7
17 17 33
173 63
0 0
47 47
97 97
40 40
84 84
61 61
20 20
85 85
80 80
98 98
53 53
72 72
46 46
64 64
78 78
30 30
89 89
57 57
35 35 42
23 23
82 82
32 32
68 68
25 25
91 91
54 54
48 48
10 10
56 56
83 83
55 55
81 81
86 86
2 2
51 51
144 94
90 90
6 6
5 5
8 8
24 24
70 70
87 87
9 9
12 12
14 14
39 39
16 16
65 65
11 11
3 3
21 21
69 69
26 26
13 13
88 88
