0 3 117 92 112 116 188 116 189 116 103 135 103 41 50 7 119 171 119 198 119 7 106 153 158 108 157 108 194 118 98 36 125 101 126 101 130 101 68 33 105 143 105 146 105 142 164 109 45 95 100 123 100 121 100 120 100 95 45 109 180 114 12 113 78 110 168 110 78 113 178 138 104 139 104 140 191 117 3 0
42
120 120
121 121
100 122
123 123
101 124 127 128 129
125 125
126 126
130 130
12 131 132 133
103 134 136 137
135 135
138 138
139 139
140 140
105 141 144 145
142 142
143 143
146 146
106 147 148 149 150 151 152 154
153 153
171 155 171
108 156 159 160 186 187
157 157
158 158
109 161 162 163 165 166 167
164 164
168 168
110 169 170
112 172 173 174 175 176 177
178 178
113 179
180 180
114 181 182 183 184 185
188 188
189 189
116 190
191 191
117 192 193
194 194
118 195 196
119 197 199
198 198
