F1E81B 7D997B E51A66 7D997B 85D6DB 6B340B A9F1B8 52C88C A9F1B8 24743A 5C7062 4CAD30 0C73D8 E81014 0C73D8 86493E 596CF6 2924CB 1F842B 7E78F3 6825D4 AE4A01 6966D7 1111F7 D4A75D CEAC59 90451D 5BB557 1EC224 293D59 1EC224 C4303B 13A782 E80628 14B430 C953A6 8B519F 2595F1 8B6C2F 2595F1 5D0E2E B47658 D6CC7A 846159 6D51F4 783751 ABD8FE 20EAE7 ABD8FE D2BE39 66048A 36590B 53C6C8 7829D7 CF668A 614224 FFEEBD 7BE8A9 C9AF85 E5E6C0 BB4908 C18C9B BB4908 112AE7 94A561 77A0B5 490F1E D2BE39 5D0E2E 0CBC31 E3C2C9 3B4B53 D1967A 36C862 AEFF96 DCE144 205E5C BB40E6 AD0427 94941B 4A5708 086D53 F33196 086D53 61199E 086D53 10520F C3EF62 6B4619 CC9C14 A1F104 CC9C14 6B4619 191510 305D33 191510 2FEDFB 91A0DC C3B3E7 002274 D337F2 002274 0F5860 47FACD 82A1F6 E0BEFC 28F6D1 E0BEFC EC4D08 B7F75A 851F90 2334E8 DE6899 59843B 6CAF46 685D1A 6CAF46 6B644E 813B05 396D53 462226 79BC3D B69F55 2CCB19 5FD658 770D1A CDC6D4 8417C8 6C010A 1E1095 FFFD4B 573788 FFFD4B 17779E 8C971D 8EBF8A 239994 55BAD2 4099A6 55BAD2 1B337D 7E1C6C 1B337D C45E71 4A28BA C45E71 6B622D D8AAF4 8F17C0 151BC9 8F17C0 D8AAF4 A014A0 06C557 93EBE3 8015E0 29D5D7 E33276 B23A80 8BFCAC 612FAA 124C90 F1E81B
94
573788 573788
29D5D7 29D5D7
8015E0 8015E0
17779E 17779E
D337F2 D337F2
CEAC59 CEAC59
AE4A01 AE4A01
D1967A D1967A
B47658 B47658
85D6DB 230A7C 85D6DB 63361A
1F842B 1F842B
47FACD 47FACD
C3EF62 C3EF62
E81014 E81014
A1F104 A1F104
52C88C 52C88C
E5E6C0 E5E6C0
6B340B 6B340B
2CCB19 2CCB19
AEFF96 AEFF96
851F90 851F90
8BFCAC 8BFCAC
E51A66 E51A66
396D53 396D53
C9AF85 9096DB C9AF85
596CF6 596CF6
0CBC31 8F495E 0CBC31
4099A6 4099A6
F33196 F33196
FFEEBD FFEEBD
614224 614224
94A561 94A561
305D33 305D33
C18C9B C18C9B
151BC9 151BC9
36C862 36C862
93EBE3 93EBE3
6B622D 6B622D 5F4E43
783751 783751
CC9C14 CC9C14
66048A 66048A
770D1A 770D1A
20EAE7 20EAE7
5D0E2E 6E313C 2BF7B5
E80628 E80628
79BC3D 4B97F1
8B6C2F 8B6C2F
0F5860 0F5860
685D1A 685D1A
61199E 61199E
1E1095 1E1095
59843B 59843B
4A28BA 4A28BA
5BB557 5BB557
90451D 90451D
5C7062 5C7062
C4303B C4303B
8B519F 8B519F
7829D7 7829D7
B7F75A B7F75A
A9F1B8 14994D
6D51F4 6D51F4
239994 239994
2FEDFB 2FEDFB
813B05 813B05
8417C8 8417C8
DCE144 DCE144
D4A75D D4A75D
7E78F3 7E78F3
4CAD30 4CAD30
28F6D1 28F6D1
6966D7 6966D7
7E1C6C 7E1C6C
8EBF8A 8EBF8A
B69F55 B69F55
F1E81B F1E81B
C3B3E7 C3B3E7
3B4B53 3B4B53
D6CC7A D6CC7A
86493E 86493E
4A5708 4A5708
490F1E 490F1E
FFFD4B FFFD4B
BB40E6 BB40E6
DE6899 DE6899
293D59 293D59
14B430 14B430
8F17C0 8F17C0
E3C2C9 E3C2C9
BB4908 BB4908
77A0B5 77A0B5
124C90 124C90
ABD8FE ABD8FE
36590B 36590B
