S BK X AN Z AW CW AN AM D CV O CF P U E BP J AS J AQ Q AO AN AL AN BY AN BX Q BT Q BQ AN BO AN BJ Q BI AN BU F CM A BD B AX CT AK Q CN M AP R CS G CU V CR C BG AN BE AN BB AN AV AW CK AC CC AW CH AN CI AN CJ AN CO AN BV I AU Q AA AN AD AN AG Q CQ AB CL K S
69
A A
B B
C C
D D
E E
F F
G G
CK H CK
I I
J J
K K
CV L CV
M M
BK N T BK
O O
P P
Q Q
R R
S S
U U
V V
AW W AW BF BZ
X X AY
AN Y AE AF AH AI AJ AN AR AT AZ BA BC BH BL BM BN BR BS BW CA CD CE CP
Z Z
AA AA
AB AB
AC AC
AD AD
AG AG
AK AK
AL AL
AM AM
AO AO
AP AP
AQ AQ
AS AS
AU AU
AV AV
AX AX
BB BB
BD BD
BE BE
BG BG
BI BI
BJ BJ
BO BO
BP BP
BQ BQ
BT BT
BU BU
BV BV
BX BX
BY BY
CW CB CW
CC CC
CF CF
CH CH
CI CI
CJ CJ
CL CL
CM CM
CN CN
CO CO
CQ CQ
CR CR
CS CS
CT CT
CU CU
