Bowles Calvin Bowles Mulford Latimer Edwards Latimer MLK Hearst Jacob Hertz CVStarr Unit3 CKerr Unit3 CVStarr Hertz Jacob TopDog Fenwick TopDog Starbucks Chipotle Starbucks TopDog Jacob Foothill Dwinelle Haas Crossroads Lawrence UCTheatre Lawrence Crossroads Haas Dwinelle HearstAnnex Dwinelle Foothill Haviland Morgan Haviland Foothill Davis Hildebrand Davis Foothill Jacob Evan Moffitt Evan Blackwell McLaughlin Blackwell Evan SigmaPhiOmega BearFoodCourt Hargrove MemorialStadium Campbell Stanley LeConte Campanile Bongo Artichokes Bongo Campanile Wurster McCone Spats Stonefire PiLambda Stonefire Spats McCone Wurster Campanile LeConte VLSB Boalt Kresge Boalt VLSB Chez VLSB LeConte Stanley Cory Bechtel Baker Strada Baker Bechtel Wilde StrawberryCreek Wolf Unit2 Milano Unit2 Greek Stebbins Greek Moses Pimentel Stacks Pimentel Moses Wellman Moses RareTea Moses SigmaOmicronPi Marugame Memorial Maxwell Memorial Minor Bechtel Birge Bowles
52
Evan Evan
Foothill Foothill Unit1
Campbell Campbell Doe Koshland
Birge Birge
Campanile Campanile
Moses Moses
VLSB VLSB
Wellman Wellman Sutardja
Mulford Mulford Crescent
HearstAnnex HearstAnnex Lothlorien
LeConte RSF ALS
Haas Haas Pavilion
Boalt Boalt
Wurster Wurster Zellerbach
Blackwell Blackwell
Greek Greek
Maxwell Maxwell Barrows
Calvin Calvin Etcheverry Graduate
Kresge Kresge PeoplesPark Castro
Hildebrand Hildebrand YogurtPark
Morgan Morgan Martinez
Baker Baker Simons Daiso
Unit2 Unit2
Unit3 Unit3
CKerr CKerr WayWest Ridge
Stacks Stacks Sherman
Bowles LaVals
Bongo Bongo ShengKee
Memorial TacoBell AlphaSigmaPhi
Strada Strada RoseGarden
Edwards Edwards Easterly
Crossroads Crossroads
Davis Browns
Stebbins Safeway
RareTea Gypsys
MLK Rochdale
Moffitt Cloyne
Wilde Wilde
Wolf Wolf
Spats Spats
Chipotle Chipotle MFoundry
Milano IndianRock
Chez NorthGate
Cory Extension
UCTheatre UCTheatre NCEM
Artichokes Cheeseboard
StrawberryCreek StrawberryCreek
McLaughlin GenPlantBio
Fenwick Barker
BearFoodCourt BearFoodCourt
TopDog GammaPhiBeta
PiLambda PiLambda PiAlphaPhi
