Wheeler Evans Morrison Hertz Kroeber Hertz Morrison Evans Latimer Etcheverry Soda Sather Unit3 Sather Martinez Sather OCF Sather Soda Cheit Normandy Kresge Davis Hearst Cafe3 Cloyne WayWest Ippuku NorthGate Bongo BigC Pavilion Simons Koja Legends Koja Simons Pavilion BigC McCone CKerr McCone Baker FSM Faculty Haas Minor Memorial Haviland Campbell LeConte Campanile Doe Wheeler
26
Martinez Martinez
Sather Barker
Unit3 Unit3
OCF OCF
Hearst Hearst
Haas Stonefire Haas
Simons Unit2
Legends Legends
Koja TriDelta
Ippuku Metropolitan
WayWest Anthony Warren
Etcheverry Moffitt Etcheverry
Minor Hargrove
Wheeler Sproul Dwinelle
Campbell Birge
Morrison Bechtel Jacobs Morrison
Kroeber Boalt Kroeber
Baker Baker Fiji
CKerr CKerr
Pavilion PeoplePark
Haviland RSF
Cheit Cheit
Davis Davis
Cloyne Cloyne
Latimer Foothill
Memorial IHouse McLaughlin Moses
