86 169 115 97 127 94 114 105 114 93 58 28 58 116 78 71 78 76 111 54 171 75 63 74 63 143 6 143 181 88 151 17 151 80 194 80 151 127 72 95 57 7 163 7 101 147 113 111 129 111 121 55 132 167 140 147 138 12 149 166 154 142 156 188 198 188 81 157 32 159 32 175 32 126 131 196 99 79 21 79 30 79 137 79 12 123 12 48 61 69 61 51 43 185 43 92 182 100 182 108 44 134 36 20 82 20 47 41 47 18 84 37 11 3 19 180 45 147 91 98 173 98 5 109 13 9 26 186 120 86
81
114 1 8 52
171 2
5 5
6 6
127 10 87 183
11 11
13 13
78 14 148
17 17
19 19
21 21
142 22 179
26 26
88 27 56 199
28 28
30 30
115 35 53 89 90
36 36
20 38
41 41
44 44
45 45
48 48
51 51
54 54
57 57
93 64 93
55 66
69 69
71 71
72 72
58 73 122
74 74
75 75
76 76
82 82
84 84
91 91
92 92
94 94
97 97
100 100
101 101
105 105
180 106
81 107 189
9 110
113 113
116 116
143 117 153
120 120
121 121
123 123
86 125 150 152
126 126
129 129
132 132
137 137
138 138
188 139
140 140
63 145
167 146
149 149
154 154
156 156
157 157
147 158
159 159
151 160 184 192
163 163
169 169
173 173
182 174
175 175
18 177
181 181
185 185
194 194
196 196
198 198
