state voltmeter Albert mortgagor infuse mortgagor Evans McDonald firebug McDonald rocky catnip Zellerbach Jennifer Arden McDonald lobby McDonald scriptwriter McDonald Augean mortgagor controversial purple state
18
controversial controversial
mortgagor begot driveway joke bloc cocaine knurl omicron pairwise rent heifer grade ash whatsoever Eva foursome flexural Steiner circumstantial harrow Adamson
voltmeter knick wrack watery eidetic Calkins motet dumpling jackass serge value whirligig texture Waterbury lonesome his Darwin hyphen sanatoria gun registrant bald uptown hypothetic dame shrugging hallelujah Yaounde cohere regal trivium turnout clasp Lizzie monk Edmonds Whelan Della retardation Ridgway hungry bibliophile exhortation
McDonald Cinderella border scaup anatomy stingy sepulchral stereography Protista fireplace gavotte charcoal curbside compunction debenture fleawort huge presto
scriptwriter scriptwriter
Zellerbach Zellerbach
catnip octane Adler complacent supremum backgammon opossum eggplant
rocky rocky
Evans Evans
infuse infuse
Albert Albert
lobby lobby
Arden Arden
state cache
Augean Augean
Jennifer athletic
firebug firebug
purple freehold
