142 121 137 48 76 24 53 131 35 131 63 171 140 129 140 171 135 97 164 126 177 126 164 59 21 157 21 150 99 141 65 130 58 130 193 60 78 186 78 91 3 174 4 46 148 108 160 77 143 90 172 52 134 14 134 52 178 195 158 69 64 122 128 68 152 41 133 33 9 136 47 7 47 136 9 92 70 18 181 153 139 30 139 145 139 154 1 100 163 8 31 8 45 159 151 144 151 93 118 38 197 38 118 190 183 0 26 149 22 185 5 115 39 188 137 66 44 66 106 127 106 66 137 121 142
56
150 150
144 144
31 31
129 129
158 158
90 90
133 133
178 178
14 14
181 181
141 141
30 30
174 174
70 70
183 183
46 46
106 106
21 21
186 186 55
159 159
60 124 60
100 34
41 41
108 108
7 7
121 121
177 177 16
18 89
22 22
153 23
127 127
63 63
151 151 167
157 157
76 76
145 145
195 195
3 3
197 197
115 115
48 48
35 35
38 38
140 140
77 77
69 69
91 91
137 137
93 93
58 58
97 97
39 39
4 4
33 33
64 64
44 44
