5 33 68 17 12 150 12 18 12 25 43 25 46 49 82 36 40 53 123 131 123 53 27 11 6 74 90 23 14 64 89 96 59 118 59 101 59 45 37 44 37 22 58 86 109 86 41 19 20 54 20 19 69 19 52 143 144 176 180 176 144 143 52 56 73 32 50 75 48 41 39 88 39 8 95 1 0 1 2 1 26 1 70 1 30 15 10 9 77 7 5
42
9 9
8 21
23 23 103
27 27
39 31
32 32
7 35
45 45 152
50 50
0 51
54 54
64 57
58 58
14 63 196
68 68 155
59 76 127
77 77
52 80
11 85 113
90 91
40 92
96 96
101 101 104 111
56 102
70 105
44 106
109 109 130
95 121
118 126
131 140
69 145
10 160
15 163
88 168
19 169
176 176
1 177
18 178
82 179
180 180 194
43 183
150 191
