xse rsg dkp nsw ymw jfh miy ils hcr kxn fin dgl adx vlb mok vlb fgp xjt ceo tlh ksg rir qbf wiy emz vmt uuw nwn vvn mti bnl agh nry cun nhi vzr jgt fyc gzr nko fbk vmv fjy kpp xeh aeg vtd hmi rjv idv ukv nii tdu tso cma ljd gex pjf wyg ocp nmf fia lvm nvz qkp yug qkp qdw zkt qxs ruo byu ptu ttw bda svk uau krr bod ogh tko qjf uwo fhv khu ikb pvs aii wbg hpx qwk bdh rtc txq lrj nfr lwk fzi xme vwg nwc qzf zdb loj ckx gbd zud phg jam ybr uok cek kfu aeu cen ego weo xse
99
cma cma
adx adx
ocp ocp
pvs pvs
fbk fbk
vtd vtd
cen cen
bda bda
aii aii
lrj lrj
uwo uwo
nii nii
mti mti
ybr ybr
ikb ikb
wyg wyg
xeh xeh
khu khu
vvn vvn
bdh bdh
mok mok
fin fin
vmv vmv
lvm lvm
nwc nwc
loj loj
fzi fzi
uau uau
miy miy
tdu tdu
fia fia
byu byu
hmi hmi
fhv fhv
uok uok
nfr nfr
qbf qbf
hcr hcr
phg phg
zud zud
hpx hpx
pjf pjf
wiy wiy
ttw ttw
cun cun
rtc rtc
nry nry
yug yug
ptu ptu
jgt jgt
lwk lwk
aeg aeg
nmf nmf
ckx ckx
zkt zkt
uuw uuw
nhi nhi
ogh ogh
krr krr
nko nko
qdw qdw
tso tso
kxn kxn
bod bod
xjt xjt
tko tko
vzr vzr
vwg vwg
dgl dgl
zdb zdb
ruo ruo
nsw nsw
rsg rsg
rjv rjv
fgp fgp
xme xme
ego ego
bnl bnl
gex gex
ukv ukv
emz emz
txq txq
kpp kpp
jam jam
fyc fyc
wbg wbg
qjf qjf
vmt vmt
jfh jfh
ksg ksg
kfu kfu
svk svk
ljd ljd
tlh tlh
qxs qxs
nvz nvz
idv idv
fjy fjy
ils ils
