1 200 199 200 196 197 193 194 193 192 188 187 186 185 184 183 182 181 177 176 172 173 169 168 167 166 165 161 160 159 158 157 153 154 153 152 151 150 149 145 146 145 144 143 144 140 139 138 137 136 135 134 133 129 128 127 126 125 121 120 119 120 116 117 113 112 111 112 108 107 106 105 104 100 99 98 97 96 95 96 92 91 90 89 88 84 85 81 82 81 80 79 78 77 73 74 73 72 68 67 66 65 64 60 61 57 58 57 56 55 56 52 53 49 50 49 48 47 46 45 41 40 39 40 36 35 34 33 32 31 32 28 29 25 24 23 24 20 21 17 16 15 16 12 11 10 9 8 4 5 1
100
1 2
4 4
5 5
8 7
10 10
12 12
9 13
15 15
17 18
20 20
21 21
23 23
25 26
28 28
29 29
31 31
34 34
36 36
33 37
39 39
41 42
48 44
45 45
47 47
50 50
52 52
53 53
55 55
58 58
60 60
61 61
64 63
66 66
68 68
65 69
72 71
74 74
80 76
77 77
79 79
82 82
84 84
85 85
88 87
90 90
92 92
89 93
95 95
98 98
100 100
97 101
104 103
106 106
108 108
105 109
111 111
113 114
116 116
117 117
119 119
121 122
128 124
125 125
127 127
129 130
136 132
133 133
135 135
138 138
140 140
137 141
143 143
146 146
152 148
149 149
151 151
154 154
160 156
157 157
159 159
161 162
168 164
165 165
167 167
169 170
172 172
173 173
176 175
177 178
184 180
181 181
183 183
186 186
188 188
185 189
192 191
194 194
196 196
197 197
199 199
