Soda BerkeleyWayWest Campanile BerkeleyWayWest Wheeler DavisHall Stern HesseHall Unit1 Blackwell DurantHall Unit2 BancroftLibrary Unit2 Etcheverry LeConte Foothill HavilandHall Dwinelle HearstMining HilgardHall CaliforniaHall Barrows Unit3 Campbell GiauqueHall AlumniHouse InternationalHouse MemorialStadium LawrenceHall Doe Soda
20
Campanile Evans Campanile BAMPFA
Doe Doe Bowles
HearstMining HearstMining
Wheeler Wheeler
LeConte LeConte
DavisHall Moffit SouthHall
Dwinelle Dwinelle
HilgardHall Gilman
CaliforniaHall CaliforniaHall
BancroftLibrary BancroftLibrary
DurantHall DurantHall
Stern Stern
Campbell Campbell
LawrenceHall GreekTheatre LawrenceHall
BerkeleyWayWest BerkeleyWayWest
InternationalHouse InternationalHouse
Unit1 Unit1
Unit2 Unit2
Unit3 Unit3
Foothill Foothill
