Shelf0 Whale137 Cat163 Allergies103 Mail22 Puppy140 Mail22 Male149 Urine124 Whale114 Robot164 Comics107 Towel92 Android196 Ring169 Toolbox146 Light30 Comics28 Book171 Solar130 Toolbox72 Monster175 Shower47 Sink109 Shower57 Whale31 Cat187 Printer188 Clock61 Post158 Whale126 Book99 Poop76 Mail6 Body55 Ice165 Water38 Ice165 Puppy117 Clock2 Horse148 Kitty89 System183 Settings75 Flowers178 Dislike27 Laptop19 Ice41 Shelf40 Solar59 Plus78 Urine97 Ice50 BBQ36 Rollers14 Nuclear35 Rollers63 Breakfast85 Fusion104 Poop80 Websites94 Fusion34 Cone185 Solar71 Ring60 Plants118 Hnads182 Urine108 Shoe17 Shoes8 Soap58 Toilet191 Dog181 Elevator115 Shoe174 Boat67 Allergies176 Dislike143 Towel154 Leash136 Puppy133 Drugs39 System79 Drugs195 Cat15 Soda119 Solar192 Water29 Laptop125 Rollers95 Kitty98 Kitty194 Solar162 Website190 Ice9 Dog128 Nuclear18 System156 Soap53 Leash77 Poop150 Robot93 Crab83 Soap64 Clock139 Websites4 Monster73 Drugs184 Toilet13 Toolbox153 Shelf0
90
Crab83 Crab83
Boat67 Boat67
Horse148 Horse148
Post158 Post158
Robot93 Robot93
Kitty194 Kitty194
Drugs39 Drugs39 Hnads116
Sink109 Sink109
Shelf40 Shelf40
Leash77 Leash77
Laptop125 Laptop125
Clock139 Allergies88 Clock139
Toolbox146 Toolbox146
Ice9 Ice9
Light30 Light30
Soap58 Soap58
Towel154 Towel154
Plants118 Plants118
Settings75 Settings75
Kitty89 Kitty89
Body55 Body55
Monster175 Monster175
Rollers95 Water135 Rollers95
Shower47 Shower47
Shoes8 Dislike12 Shoes8
Android196 Dog168 Android196
BBQ36 BBQ36 Urine20
Shoe174 Shoe174
Urine124 Urine124
Nuclear35 Nuclear35
Mail22 Mail22 Ring82
Allergies103 Allergies103
Dislike143 Dislike143
Ice41 Ice41
Monster73 Monster73
Puppy117 Puppy117
Whale126 Whale126
Solar130 Solar130
Soda119 Soda119
Printer188 Printer188
Water29 Water29
Hnads182 Robot51 Hnads182
Poop150 Poop150
Drugs195 Drugs195
Laptop19 Laptop19
Toolbox72 Toolbox72
Clock2 Clock2
Nuclear18 Nuclear18
Soap64 Soap64
Robot164 Robot164
Dislike27 Soda197 Dislike27 Book24
Dog181 Dog181
Toolbox153 Toolbox153
Water38 Water38
System156 System156
Puppy140 Puppy140
Poop80 Poop80
Solar162 Solar162
Allergies176 Allergies176
Plus78 Plus78
Ice165 Ice165
Solar192 Solar192
Mail6 Mail6
Whale137 Whale137
Rollers14 Rollers14
Urine97 Urine97
Fusion104 Fusion104
Flowers178 Flowers178
Shoe17 Shoe17
Cat15 Cat15
Book171 Book171
Solar71 Solar71
System183 System183
Poop76 Poop76
Clock61 Clock61
Ring169 Ring169
Male149 Male149
Cat187 Cat187
Shelf0 Shelf0
Fusion34 Fusion34
Whale114 Whale114
Towel92 Towel92
Toilet13 Toilet13
Website190 Website190
Breakfast85 Breakfast85
Websites4 Websites4
Shower57 Shower57
Comics107 Comics107
System79 System79
Kitty98 Kitty98
