hutmk vmgxh ugyls yzaje hopbn qdzgs tejxc aqzce axmwy artvi abupm mzlsn spuoi vczkh ugamb lnfiu aeomh otirh yiodb bcrwj ijofp ywion ijvuq xeljy misyc urlkt xintv coubd xnysi cursl tyuep zsehb tiyfv lcghr lskxo oscrv mlfbi lsnhz gxdqt rlfxc ablxw yaxts dowbf omjfc hutmk
40
oscrv oscrv
hopbn hopbn
mlfbi mlfbi
lcghr lcghr
aqzce aqzce
mzlsn mzlsn
zsehb zsehb
tyuep tyuep
coubd coubd
yzaje yzaje
lnfiu lnfiu
cursl cursl
omjfc omjfc
qdzgs qdzgs
xintv xintv
ywion ywion
gxdqt gxdqt
vczkh vczkh
yiodb yiodb
urlkt urlkt
rlfxc rlfxc
aeomh aeomh
artvi artvi
vmgxh vmgxh
ugamb ugamb
ablxw ablxw
otirh otirh
ugyls ugyls
tejxc tejxc
xeljy xeljy
yaxts yaxts
spuoi spuoi
xnysi xnysi
dowbf dowbf
misyc misyc
bcrwj bcrwj
lsnhz lsnhz
axmwy axmwy
ijvuq ijvuq
ijofp ijofp
