hdpxs osxbc bsvth htkwy vcwfj qsmkj utdhx gdovn wcjeg zntkr tndwl oaeyh mtcsd rjdai qhibx evtgj cxajk joztf jcwpu aedvq pihld xcvow wajol qbdwz maqho pgqva yvbse evsbm lpudv gdnim syoxf osvgp oewcd cxdes oewcd mhuad tjake ayrgb oxuqn rzvtg ypdnb fjdqi zcjqx yqfdk gstwp pytwh ehqyk bdevm ebwcp uklga zqjxb jhlus ymcfp lnjxt btwzv armnk mhekz gufvs kjihy wkbuf qpbmc kzwah mujil xlrzc drojn vobqh qhvsb yazqf dbjxw glrpy yqtob cqsby ahnds xnpwq tfcam wdquv uiogl ktzce tmwdy mlibf rlumh nqtru hwmzn sxdiu vgwoi dkjro ohzfn iyuas egclu bwknx lmwpk frhgc rchbw amfiz hdpxs
89
mlibf mlibf
sxdiu sxdiu
qpbmc qpbmc
uiogl uiogl
uklga uklga
maqho maqho
yqtob yqtob
mujil mujil
tmwdy tmwdy
fjdqi fjdqi
xlrzc xlrzc
osxbc oxitr wnelr cihba osxbc
nqtru nqtru
bdevm bdevm
ayrgb ayrgb
lnjxt lnjxt
armnk armnk bkfuc tkwle
gdnim gdnim
zqjxb zqjxb
yqfdk yqfdk
drojn drojn
ohzfn ohzfn
jcwpu jcwpu kscoz
bwknx wotiq bwknx
joztf joztf
pytwh pytwh
cxdes cxdes
tndwl tndwl
qhibx qhibx
aedvq aedvq
ymcfp ymcfp
syoxf stflc syoxf
wajol wajol
mtcsd mtcsd
pgqva pgqva
btwzv btwzv
ahnds ahnds
utdhx utdhx
wdquv rjuxc qckjp wdquv
dkjro dkjro
xnpwq xnpwq
frhgc frhgc
osvgp osvgp
bsvth bsvth
rjdai rjdai
lmwpk lmwpk
rlumh rlumh
qbdwz qbdwz
zcjqx zcjqx
yazqf yazqf
vgwoi vgwoi
dbjxw dbjxw
gufvs gufvs
kjihy kjihy
iyuas iyuas
mhekz syoxv mhekz
zntkr zntkr
jhlus jhlus
ebwcp ebwcp
amfiz amfiz
cqsby cqsby
wkbuf wkbuf
kzwah kzwah
yvbse yvbse
htkwy htkwy
oewcd oewcd
rchbw rchbw
oaeyh oaeyh
evtgj evtgj
cxajk cxajk
pihld pihld
lpudv lpudv
qsmkj qsmkj
vcwfj vcwfj
ehqyk ehqyk
gdovn gdovn
gstwp gstwp
hwmzn hwmzn
mhuad mhuad
oxuqn oxuqn
tjake tjake
xcvow xcvow
evsbm evsbm
wcjeg wcjeg
rzvtg rzvtg
vobqh vobqh
ktzce ktzce
ypdnb ypdnb
qhvsb qhvsb
