Hayward Asheville CedarRapids Memphis Winston Murrieta Winston Hickory Trenton Hickory Winston Hickory Kennewick Sebastian Atlanta Abilene Downey Rochester Montgomery Topeka Omaha PuntaGorda Wilmington Washington Tucson Aurora NewBedford York BelAir SaintLouis NewOrleans Burbank Huntsville Bradenton Tucson PalmBay McHenry Springdale Corona Modesto Hampton Modesto Lafayette Durham Asheville Hayward
31
PuntaGorda PuntaGorda
Hickory Tyler HuntingtonBeach Hickory
Montgomery ThousandOaks SantaCruz
PalmBay PalmBay
Tucson Tucson
Kennewick Barnstable NewYorkCity Kennewick
Huntsville Yonkers McAllen Huntsville
Burbank Burbank Chicago
McHenry McHenry Newark Torrance
SaintLouis Harlingen
Hampton Charlotte RichmondCounty Hampton
Omaha Omaha
Topeka Topeka
Durham Deltona Durham Bloomington
Atlanta Danbury Atlanta
Downey Downey
Asheville Asheville
Abilene GrandRapids
BelAir BelAir Monroe
Aurora Aurora Bakersfield
CedarRapids CedarRapids
Washington LakeCharles
Bradenton Bradenton SaintPaul
Modesto Modesto
Murrieta Tampa
Springdale Springdale
Hayward SantaClara
Memphis Memphis
NewBedford NewBedford
York York
NewOrleans Waco Waterloo
