Aberdeen Reno Springdale Reno Hampton Newburgh Hampton Lowell Chattanooga SaltLakeCity Redding SanAntonio Redding Montgomery Racine Elkhart Pensacola Elkhart Lewisville Gainesville Lewisville StPetersburg Henderson WestValleyCity Frederick Modesto SanBernardino Hartford Miramar McAllen Marina McAllen GreenBay Palmdale Austin Winston Tuscaloosa Hampton Reno Aberdeen
25
Pensacola Pensacola
SaltLakeCity SaltLakeCity
Gainesville Gainesville
Hampton Hampton
Winston Winston
Tuscaloosa Tuscaloosa
WestValleyCity WestValleyCity
Chattanooga Chattanooga
Modesto Modesto
Henderson Henderson
Lewisville Lewisville
Miramar Miramar
Racine Racine
Reno Reno
Lowell Lowell
SanBernardino SanBernardino
Frederick SouthLyon
Newburgh Newburgh
Austin Austin
Montgomery Montgomery
GreenBay GreenBay
SanAntonio SanAntonio
StPetersburg StPetersburg
Marina Marina
Springdale Springdale
