Hayward Shreveport Hartford NorthLasVegas SterlingHeights Champaign Charlotte Tacoma Merced Detroit Duluth SaintPaul GrandRapids Vancouver Wilmington Arvada Tyler Nashua LasVegas Stamford Marysville Stamford VeroBeach SantaClara Fullerton Flint Trenton Louisville Trenton OverlandPark Anchorage Utica Norwich SanBuenaventura Hemet Mobile SanBernardino Pueblo SanBernardino PembrokePines Racine Bakersfield SouthBend Youngstown Barnstable RoundLakeBeach Independence Escondido Sacramento StLouis Sacramento Aberdeen SimiValley NewportNews Bethlehem Orem NewBedford SouthLyon SanJose Lafayette GreenBay Laredo Gastonia Hampton Newark Hampton Salem Deltona Tucson NewYork Monroe Escondido Mesquite CapeCoral Bloomington CapeCoral Seaside Elkhart Modesto Greenville Plano Hagerstown PalmBay Cambridge ThousandOaks PortSaintLucie Olympia PortSaintLucie ThousandOaks Huntsville Kissimmee Marina Frederick Marina PortArthur RichmondCounty PortArthur Lacey Savannah StPaul CathedralCity StPaul Scranton Sarasota HuntingtonBeach LakeCharles Spartanburg Springfield Harlingen Hialeah Albuquerque Oxnard Fitchburg Waterbury Newburgh Carrollton SiouxFalls Carrollton Visalia Columbus Anaheim Eugene Boise Eugene Torrance Melbourne Lubbock Bryan Birmingham Bryan HavredeGrace JohnsonCity SanAntonio ElPaso Burlington Downey Topeka Henderson NewYorkCity Omaha NewYorkCity York Reno Ogden Reno Shreveport Hayward
96
Hemet PuntaGorda Hemet
Tyler Tyler
Independence Cincinnati
ThousandOaks ThousandOaks
Norwich Norwich
PalmBay PalmBay
Tucson Tucson
Utica Utica
Pueblo Pueblo
Albuquerque Albuquerque
Laredo Laredo
NewportNews NewportNews
Barnstable Barnstable
JohnsonCity JohnsonCity
Greenville Greenville
Eugene Eugene
Racine Racine
Nashua Nashua
RoundLakeBeach RoundLakeBeach
Harlingen Harlingen
Newburgh Newburgh
HavredeGrace HavredeGrace
Charlotte Charlotte
OverlandPark OverlandPark
Omaha Omaha Scottsdale
Topeka Topeka
CapeCoral CapeCoral
Deltona Deltona
Anchorage Anchorage Fresno
Marina Marina
Salem Salem
LasVegas LasVegas
Downey Downey
Hagerstown Hagerstown
Birmingham Birmingham
SanBuenaventura SanBuenaventura
Mesquite Mesquite
Flint Flint
Merced McAllen
Lubbock Lubbock
StPaul CorpusChristi
Marysville Layton Marysville
Fullerton Fullerton
Bethlehem Bethlehem
NorthLasVegas NorthLasVegas
StLouis StLouis
GrandRapids GrandRapids
Frederick Frederick
Boise Boise
Arvada Arvada
Oxnard Oxnard
Scranton Scranton
Waterbury Waterbury
LakeCharles LakeCharles
Stamford Stamford
Olympia Olympia
RichmondCounty RichmondCounty
Duluth Duluth
Modesto Modesto
Henderson Henderson
HuntingtonBeach HuntingtonBeach
Huntsville Huntsville
Lacey Lacey
Burlington Burlington
Columbus Columbus
Savannah Savannah
Vancouver Vancouver
Detroit Detroit
Hialeah Hialeah
CathedralCity CathedralCity
NewYorkCity NewYorkCity
GreenBay GreenBay
Bakersfield Bakersfield
Monroe Monroe
Louisville Louisville
ElPaso ElPaso
SantaClara SantaClara
Kissimmee Kissimmee
Newark Newark
Torrance Torrance
Hartford Hartford
Plano Plano
Bloomington Bloomington
NewYork Kalamazoo
NewBedford NewBedford
SiouxFalls SiouxFalls
Elkhart Elkhart
Champaign Champaign
Anaheim Anaheim
SaintPaul SaintPaul
York York
Spartanburg Spartanburg
Aberdeen Aberdeen
Mobile Mobile
Melbourne Melbourne
Ogden Ogden
