0 65 147 21 71 93 24 156 37 124 49 198 3 152 9 40 160 66 55 13 23 197 162 109 125 189 150 38 168 22 155 144 6 98 42 193 170 161 56 106 89 5 30 95 123 62 12 116 91 75 138 184 172 17 87 157 171 18 25 61 113 26 122 52 16 192 81 129 159 136 11 105 15 101 68 135 110 60 80 164 141 104 158 50 83 140 187 108 96 173 7 188 1 163 47 179 51 79 196 119 10 130 145 130 31 34 36 151 67 178 27 39 194 111 183 59 0
95
173 173
124 124
164 164
79 79 102
6 6
80 80
1 1
135 135
179 179
110 110
18 18
42 35 42
160 160
193 193
50 50
129 129
147 147
140 140
171 171
26 26
150 150
119 119
91 91
108 108
123 123
138 138
21 21
96 96
152 152
101 101
59 73 59
87 87
158 158
111 111
104 104
22 22
178 178
40 142 40
31 31
38 38
156 156
161 161
145 145
168 168
184 184
83 83
95 95
162 162
9 9
56 56
16 16 118
30 30
5 5
17 17
60 60
187 187
27 27
196 196
163 163
36 36
194 194
25 25
189 189
71 71
109 109
12 12
67 67
68 68
10 10
61 61
89 89
157 157
122 122
34 34
136 136
55 55
24 24
105 105
151 151
49 49
172 172
155 155
23 23
11 11
141 141
7 7
198 198
93 93
144 144
15 15
66 66
39 39
62 62
75 75
130 130
