ssp200 13 10 2 8 6 5 4 3 7 2 12 2 14 2 181 122 132 122 134 122 127 123 124 125 126 128 122 181 47 52 48 49 50 51 53 47 59 47 57 47 181 107 117 107 113 111 110 109 108 112 107 119 107 181 167 173 171 170 169 168 172 167 179 167 177 167 181 77 87 77 83 81 80 79 78 82 77 89 77 181 137 149 137 143 141 140 139 138 142 137 147 137 181 17 27 17 29 17 22 18 19 20 21 23 17 181 182 188 186 185 184 183 187 182 192 182 194 182 181 32 37 33 34 35 36 38 32 42 32 44 32 181 152 158 156 155 154 153 157 152 164 152 162 152 181 62 68 66 65 64 63 67 62 72 62 74 62 181 92 98 96 95 94 93 97 92 104 92 102 92 181 2 10 13 ssp200
78
3 3
4 4
5 5
6 6
12 11
14 14 15
18 18
19 19
20 20
21 21
27 26
29 29 30
33 33
34 34
35 35
36 36
42 41
44 44 45
48 48
49 49
50 50
51 51
57 56
59 59 60
63 63
64 64
65 65
66 66
72 71
74 74 75
78 78
79 79
80 80
81 81
87 86
89 89 90
93 93
94 94
95 95
96 96
102 101
104 104 105
108 108
109 109
110 110
111 111
117 116
119 119 120
123 123
124 124
125 125
126 126
132 131
134 134 135
138 138
139 139
140 140
141 141
147 146
149 149 150
153 153
154 154
155 155
156 156
162 161
164 164 165
168 168
169 169
170 170
171 171
177 176
179 179 180
183 183
184 184
185 185
186 186
192 191
194 194 195
