Austin Victoria Rhonda Rachel Maxwell Paige Elaine Kyle Jeanette Jennifer Walter Dennis Garrett Mariah Elizabeth Hannah Sean Natasha Ashley Patrick Danielle Jamie Joshua Steven Janet Glenda Jordan Robert Cassandra Daniel Robin Jonathan Juan Donald Debra Scott Paul Gina Michael Edward Melissa Eugene Alex Amy Kari Ralph Monique John Sara April Melinda Austin
50
Victoria Victoria
John John
Debra Debra
Hannah Hannah
Elaine Elaine
Mariah Mariah
Eugene Eugene
Patrick Patrick
Joshua Joshua
Natasha Natasha
Walter Walter
Sara Sara
Gina Gina
Paul Paul
Daniel Daniel
Melissa Melissa
Kari Kari
Edward Edward
Jamie Jamie
Paige Paige
Robert Robert
Donald Donald
Janet Janet
Glenda Glenda
Amy Amy
Steven Steven
Maxwell Maxwell
Dennis Dennis
Danielle Danielle
Scott Scott
Michael Michael
Elizabeth Elizabeth
Sean Sean
Juan Juan
Rhonda Rhonda
Ralph Ralph
Garrett Garrett
Monique Monique
Alex Alex
Jonathan Jonathan
April April
Jennifer Jennifer
Cassandra Cassandra
Kyle Kyle
Ashley Ashley
Jordan Jordan
Melinda Melinda
Rachel Rachel
Robin Robin
Jeanette Jeanette
