Granbull PorygonZ Electrode Flygon Crabominable Kyurem Ampharos Trumbeak Mawile Spiritomb Chespin Metapod Arbok Rufflet Lampent Electrike Greninja Mudsdale Pancham Vivillon Pancham Mudsdale Pidgeot Rockruff Whiscash Quilava Skitty Budew Grumpig Gliscor Cinccino Heatmor Serperior Bergmite Serperior Charmander Heatran Golbat Reshiram Carbink Bronzor Mightyena Tyrunt Charizard Glalie Mimikyu Swanna Unown Relicanth Floatzel Malamar Altaria Sylveon Bonsly Chinchou Typhlosion Floette Staryu Deoxys Staryu Nuzleaf Aipom Dustox Aipom Buizel Jolteon Torchic Binacle Exeggcute Torracat Lapras Hitmontop Absol Lileep Goomy Magmortar Happiny Chatot Slakoth Ninjask Machamp Remoraid Machamp Torkoal Diggersby Darkrai Jirachi Magikarp Cascoon Krookodile Corphish Azurill Crawdaunt Cosmog Masquerain Tsareena Staravia Feraligatr Luvdisc Mantine Carnivine Electivire Probopass Fletchling Cubone Butterfree Cubone TypeNull Blissey Magmar Whimsicott Lycanroc Raichu Reuniclus Bulbasaur Granbull
94
Tsareena Tsareena
Absol Absol
Unown Unown
Bronzor Roserade Bronzor
Dustox Dustox
Heatran Heatran
Butterfree Butterfree Beedrill
Ampharos Ampharos
Spiritomb Spiritomb
Torchic Torchic
Cosmog Cosmog
Arbok Arbok
Cascoon Cascoon
Torracat Torracat
Chinchou Chinchou
Crawdaunt Crawdaunt
Slakoth Slakoth
Mimikyu Mimikyu
Happiny Happiny
Quilava Quilava
Skitty Kangaskhan Skitty
Rockruff Rockruff
Bonsly Bonsly
Grumpig Grumpig
Mawile Spinda Mawile
Cinccino Cinccino
Budew Budew
Sylveon Sylveon
Lampent Lampent
Greninja Greninja
Malamar Malamar
Buizel Buizel
Jolteon Jolteon
Mantine Mantine
Charizard Charizard
Gliscor Gliscor
Binacle Binacle
Raichu Raichu
Relicanth Relicanth
Cubone Cubone
Krookodile Krookodile
Heatmor Heatmor
Swanna Swanna
Diggersby Diggersby
Whiscash Whiscash
Carbink Metagross Infernape Carbink
TypeNull TypeNull
Whimsicott Whimsicott
Lycanroc Lycanroc
Mightyena Mightyena
Floette Floette
Jirachi Jirachi
Mudsdale Mudsdale
Darkrai Darkrai
Reuniclus Reuniclus
Remoraid Remoraid
Magmar Magmar
Rufflet Rufflet
Reshiram Reshiram
Crabominable Crabominable
Machamp Machamp
Charmander Charmander
Electrode Electrode
Serperior Serperior
Golbat Golbat
Hitmontop Hitmontop
Trumbeak Trumbeak
Flygon Flygon
Bergmite Bergmite
Torkoal Torkoal
Goomy Goomy
Metapod Metapod
Corphish Corphish
Probopass Probopass
Carnivine Carnivine
Lapras Lapras
Pidgeot Pidgeot
Exeggcute Exeggcute
Magmortar Magmortar
Electrike Electrike
Lileep Lileep
Ninjask Ninjask
PorygonZ PorygonZ
Feraligatr Feraligatr
Floatzel Floatzel
Glalie Glalie
Deoxys Deoxys
Chespin Chespin
Luvdisc Luvdisc
Blissey Blissey
Vivillon Vivillon
Chatot Chatot
Nuzleaf Nuzleaf
Typhlosion Typhlosion
