Florges Stufful Omastar Bouffalant Infernape Timburr Machoke Bidoof Piloswine Bidoof Manectric Zubat Regice Chansey Tentacruel Caterpie Cascoon Delibird Purrloin Poliwag Purrloin Sentret Celebi Cofagrigus Pichu Dialga Volbeat Buzzwole Hakamoo Palkia Girafarig Shieldon Zapdos Poliwrath Wailmer Primarina Kricketot Dusknoir Celesteela Snorlax Bewear Togetic Bergmite Wormadam Roggenrola Yanmega Hitmonlee Doublade Carracosta Aurorus Bayleef Bisharp Scolipede Furfrou Persian Furfrou Shaymin Gastrodon Moltres Hoopa Hakamoo Lillipup Cherrim Toxapex Ralts Toxapex Tsareena Weepinbell Vespiquen Florges
50
Cherrim Cherrim
Zapdos Zapdos
Zubat Zubat
Delibird Delibird
Ralts Ralts
Togetic Togetic
Manectric Manectric
Lillipup Lillipup
Dialga Dialga
Dusknoir Dusknoir
Persian Persian
Weepinbell Weepinbell
Volbeat Volbeat
Carracosta Carracosta
Shaymin Shaymin
Tentacruel Tentacruel
Moltres Moltres
Yanmega Yanmega
Wailmer Wailmer
Piloswine Piloswine
Bidoof Bidoof
Aurorus Aurorus
Purrloin Purrloin
Gastrodon Gastrodon
Timburr Timburr
Poliwag Poliwag
Machoke Machoke
Poliwrath Poliwrath
Sentret Sentret
Cascoon Cascoon
Bayleef Bayleef
Scolipede Scolipede
Regice Regice
Buzzwole Buzzwole
Celesteela Celesteela
Infernape Infernape
Kricketot Kricketot
Hitmonlee Hitmonlee
Bouffalant Bouffalant
Wormadam Wormadam
Hakamoo Hakamoo
Omastar Omastar
Girafarig Girafarig
Pichu Pichu
Primarina Primarina
Bergmite Bergmite
Bisharp Bisharp
Celebi Celebi
Tsareena Tsareena
Stufful Stufful
