0 143 145 109 176 195 6 160 6 153 105 153 181 152 69 87 183 25 91 83 75 130 174 101 84 81 63 149 48 189 131 73 177 157 197 199 27 151 17 16 98 135 106 46 15 167 85 114 103 179 156 20 126 68 66 68 80 13 67 7 122 162 122 35 122 166 102 121 23 121 113 136 113 185 108 187 92 10 92 76 198 111 2 139 53 196 31 138 50 129 82 36 125 116 59 147 168 134 11 171 144 74 41 72 97 19 45 137 45 70 140 155 42 40 148 4 141 30 34 12 9 88 9 26 52 0
95
140 140
131 131
23 62 23
176 176
80 80
111 111
87 180 87
9 9
67 67
144 144
31 31
11 11
109 109
162 162
13 13
50 50
126 126
83 83
168 117 168
97 97
52 52
166 166
10 10
27 27
26 128 26
59 59
82 82
16 16
4 4
195 195
199 199
30 30
137 137
136 136
147 147
45 45
171 171
66 66
116 116
143 143
145 145
98 98
69 69
160 160
114 114
177 177
42 42
139 139
46 46
91 91
70 70
179 179
181 181
189 189
105 105
157 157
84 84
102 102
183 183
138 138
152 152
72 72
196 196
19 19
106 106
134 134
81 81
34 34
108 108
48 48
185 185
103 184 103
53 53
36 36
122 122
88 88
121 121
130 130
153 55
20 20
125 125
76 76
63 63
75 75
149 149
174 174
156 156
35 35
40 40
74 74
198 198
85 85
151 151
197 197
17 17
