21 156 93 161 179 178 63 83 84 60 61 132 131 130 122 117 170 108 167 166 120 119 115 125 124 189 37 38 169 168 139 142 139 1 96 8 101 92 91 92 101 194 101 198 101 27 43 110 150 85 86 47 116 47 48 64 40 176 146 176 148 197 50 197 196 126 196 195 95 97 36 35 76 31 113 81 11 41 42 150 53 150 151 175 151 191 192 191 23 160 17 160 74 144 74 136 69 66 69 171 82 171 15 185 143 185 186 33 6 181 134 188 111 152 21
71
1 1 3
15 5 15
8 7 9
11 11
191 13 191
17 17 77
48 19 79
21 21
23 23
179 25 165 179
27 27
36 29
31 31
33 33 155
35 35
37 37
119 39 119 159
41 41
43 43 73
156 45
47 47
50 49
120 51
53 53
185 55 185
169 57 169
60 59
61 61
63 63 71
175 65 175
66 67 145
69 69
74 75
81 81
83 83
85 85 105 107
38 87 187
93 89 93
91 91
95 95
97 97
142 99 149
101 101
192 103
176 109
111 111
113 113
115 115
117 117
170 121
122 123
125 125 137
126 127
40 129
131 131
116 133
188 135
139 139
151 141 151
143 143 147 157
152 153
161 161
197 163 197
167 167
171 171 183
6 173
82 177
181 181
189 189
194 193
195 195
