Soda Burkina Malawi Croatia Sint Egypt Singapore Lebanon Finland Cambodia Jamaica Sao Kyrgyzstan Antigua Republic Algeria Republic Burundi Congo Luxembourg Argentina Pakistan Aruba Northern British Korea Moldova Latvia Japan Pitcairn Palau Hong Liberia Grenada Iraq Iran Macao Lesotho Lao Lesotho Indonesia Bahamas Mexico Kiribati Netherlands Fiji Nigeria Rwanda Christmas Belize Saint New Albania United Niger Mayotte Ireland China Soda
50
United United
Burundi Burundi
Japan Japan
Pakistan Pakistan
Fiji Fiji
Lao Lao
Singapore Singapore
Nigeria Nigeria
Luxembourg Luxembourg
Burkina Burkina
Croatia Croatia
Lebanon Lebanon
Northern Northern
Korea Korea
Sao Sao
Niger Niger
Hong Hong
Mayotte Mayotte
Malawi Malawi
Sint Sint
Jamaica Jamaica
Netherlands Netherlands
Indonesia Indonesia
Rwanda Rwanda
Liberia Liberia
Latvia Latvia
Bahamas Bahamas
Kyrgyzstan Kyrgyzstan
Moldova Moldova
Republic Republic
Congo Congo
Pitcairn Pitcairn
Belize Belize
British British
Cambodia Cambodia
Algeria Algeria
Iraq Iraq
Finland Finland
Palau Palau
Ireland Ireland
Saint Saint
Kiribati Kiribati
Mexico Mexico
Aruba Aruba
New New
Macao Macao
Albania Albania
Egypt Egypt
Antigua Antigua
Argentina Argentina
