Soda Guadeloupe Guyana Honduras Cayman Cocos Cambodia Czech United Azerbaijan Angola Central Aruba Austria Cuba Comoros Egypt Argentina Fiji Bermuda China Antigua Algeria Denmark Ethiopia Belize Guam Botswana Bouvet Hungary Soda
24
Denmark Denmark
Angola Angola
Comoros Comoros
Botswana Botswana
Belize Belize
Antigua Antigua
Cocos Cocos
Cayman Cayman
Guadeloupe Guadeloupe
Guam Guam
United United
Bouvet Bouvet
Hungary Colombia
Egypt Egypt
Czech Australia Czech
Austria Austria
Argentina Argentina
Aruba Aruba
Bermuda Bermuda
Cambodia Cambodia
Fiji Fiji
China China
Guyana Guyana
Central Central
