Meckgue TheKrustyKrab Yunkai LakeLaogai ThePrancingPony Carvahall Urubaen ShatteredPlains Meereen Winterfell Lorien HorneaterPeaks FlourishBlotts HorneaterPeaks Murkcairn Ellesmera GooLagoon Keld Grayburn KoralReef Larcbost TheHogsHead Netherfort Gizton Beldenn RepublicCity TreeofTime Dagobah Steeltown TheArcanum TheWaystoneInn Tartarus VaultofSouls Kinecardine Braavos Vexhollow Ademre BayofDragons UtgardMountain EarthKingdom TheSpine BeyondtheWall EasternAirTemple TheVale Castamere TheVale TheBoilingRock BeyondtheWall Boatwright Gotham Sanlow ZhaoFu RepublicCity MysticRuins TheGodswood TheUniversity LeakyCauldron TheUniversity Meckgue
50
Murkcairn Murkcairn
TheWaystoneInn TheWaystoneInn
Grayburn Grayburn
TheSpine TheSpine
Gotham Gotham
Sanlow Sanlow
EarthKingdom EarthKingdom
TheUniversity TheUniversity
EasternAirTemple EasternAirTemple
Meereen Meereen
BeyondtheWall BeyondtheWall
Gizton Gizton
Braavos Braavos
VaultofSouls VaultofSouls
Lorien Lorien
Ademre Ademre
Meckgue Meckgue
Netherfort Netherfort
Kinecardine Kinecardine
Keld Keld
Tartarus Tartarus
KoralReef KoralReef
GooLagoon GooLagoon
Dagobah Dagobah
ZhaoFu ZhaoFu
MysticRuins MysticRuins
Winterfell Winterfell
Steeltown Steeltown
Carvahall Carvahall
TheVale TheVale
FlourishBlotts FlourishBlotts
Larcbost Larcbost
Vexhollow Vexhollow
UtgardMountain UtgardMountain
Urubaen Urubaen
ShatteredPlains ShatteredPlains
Beldenn Beldenn
Castamere Castamere
LeakyCauldron LeakyCauldron
Yunkai Yunkai
LakeLaogai LakeLaogai
TheKrustyKrab TheKrustyKrab
Ellesmera Ellesmera
RepublicCity RepublicCity
TheGodswood TheGodswood
TheHogsHead TheHogsHead
ThePrancingPony ThePrancingPony
TreeofTime TreeofTime
TheBoilingRock TheBoilingRock
TheArcanum TheArcanum
