Essos TheRiverStyx Ivormere TheUnderworld CastleBlack Meereen DuWeldenvarden Helgrind Shinovar Blackwater Grimbarrow Carvahall Karth BeyondtheWall Braavos Valyria ShriekingShack Alderaan Bobbingbourne FlourishBlotts Gizton Boatwright Aerodenn Arkham Alethkar Vintas Westeros Astapor Netherfort Glimthain Soda WitheredHeath Lockinge TheVale Penketh Yll Arcwallow MountOlympus Ellesmera Glimthain Hogwarts Bellechulish Trebon Kinecardine Newarre ShatteredPlains Westeros Tartarus TheAturanEmpire Hogsmead Tarbean Castamere TheBoilingRock MysticRuins BikiniBottom TheKrustyKrab Duskhollow TheReshiIsles Toperhagen TheFae Urubaen Azir TheGreatDivide RepublicCity TheSpine Endor SatishVille TheChumBucket TheGodswood HighGarden Accrington DiagonAlley Sanlow FireNation Neddingtown Steeltown Riverrun Westeros Arrowcave Dragonstone BaSingSe Neddington TheEyrie Peridrift JahKeved Atlantas Batcave Chrofall Winterfell WesternAirTemple Omashu WesternAirTemple FleaBottom Dubwall Toffingburg Lorien TheCommonwealth Ademre Barkamsted TheWhompingWillow Jakku CaveofTwoLovers TheSpiritWorld KnifesEdge ProBendingArena Severen GooLagoon Keld JarrensOutpost Essos
100
RepublicCity RepublicCity
Arcwallow Arcwallow
WitheredHeath WitheredHeath
Trebon Trebon
Yll Yll
TheSpiritWorld TheSpiritWorld
Newarre Newarre
Essos Essos
Severen Severen
ShatteredPlains ShatteredPlains
Penketh Penketh
Dubwall Dubwall
Ellesmera Ellesmera
Netherfort Netherfort
Boatwright Boatwright
Tartarus Tartarus
Tarbean Tarbean
TheFae TheFae
Hogsmead Hogsmead
TheCommonwealth TheCommonwealth
TheVale TheVale
Toffingburg Toffingburg
MountOlympus MountOlympus
Hogwarts Hogwarts
Lockinge Lockinge
Soda Soda
Barkamsted Barkamsted
Omashu Omashu
Chrofall Chrofall
BikiniBottom BikiniBottom
KnifesEdge KnifesEdge
TheKrustyKrab TheKrustyKrab
Azir Azir
DiagonAlley DiagonAlley
Valyria Valyria
Westeros Westeros
Arrowcave Arrowcave
Astapor Astapor
Castamere Castamere
Urubaen Urubaen
Endor Endor
JarrensOutpost JarrensOutpost
TheSpine TheSpine
TheChumBucket TheChumBucket
TheBoilingRock TheBoilingRock
TheWhompingWillow TheWhompingWillow
TheGodswood TheGodswood
Accrington Accrington
Vintas Vintas
BaSingSe BaSingSe
Toperhagen Toperhagen
TheReshiIsles TheReshiIsles
JahKeved JahKeved
Alethkar Alethkar
BeyondtheWall BeyondtheWall
Dragonstone Dragonstone
Gizton Gizton
Neddington Neddington
Keld Keld
Braavos Braavos
ProBendingArena ProBendingArena
FleaBottom FleaBottom
TheGreatDivide TheGreatDivide
Duskhollow Duskhollow
ShriekingShack ShriekingShack
TheRiverStyx TheRiverStyx
Steeltown Steeltown
FlourishBlotts FlourishBlotts
Atlantas Atlantas
HighGarden HighGarden
Peridrift Peridrift
CaveofTwoLovers CaveofTwoLovers
Neddingtown Neddingtown
Lorien Lorien
SatishVille SatishVille
Jakku Jakku
WesternAirTemple WesternAirTemple
GooLagoon GooLagoon
FireNation FireNation
Helgrind Helgrind
DuWeldenvarden DuWeldenvarden
Ademre Ademre
Blackwater Blackwater
Shinovar Shinovar
Ivormere Ivormere
Grimbarrow Grimbarrow
Sanlow Sanlow
Bobbingbourne Bobbingbourne
Carvahall Carvahall
Alderaan Alderaan
TheEyrie TheEyrie
Karth Karth
Aerodenn Aerodenn
Meereen Meereen
Arkham Arkham
Winterfell Winterfell
Batcave Batcave
TheUnderworld TheUnderworld
CastleBlack CastleBlack
Riverrun Riverrun
