8 2 3 29 4 5 6 79 80 83 16 17 21 25 22 40 26 45 42 24 19 85 87 135 89 91 93 95 102 90 38 35 51 53 55 54 99 52 30 47 49 63 64 65 66 105 113 68 69 70 71 73 59 61 78 118 171 160 109 72 115 116 167 168 190 169 191 192 193 188 183 179 181 137 136 147 100 145 144 97 153 164 152 142 174 173 172 125 127 126 124 123 121 120 82 8
93
123 123
160 160
24 24
25 25
66 66
49 49
121 121
40 88 40
55 55
124 124
5 5
164 164
183 183
54 54
127 127
87 87 23
97 97
193 193
137 137
102 102
80 80
19 19
152 185 152
90 90
63 63
69 69
191 191
35 35
4 4
64 64
105 165 105
2 2
65 65
153 153
71 71
188 188
147 147 182
115 115
82 82
167 167
99 99
172 172
169 169
6 6
85 85
45 45
109 109
136 136
21 21
89 89
30 30
135 135
73 73
53 53
120 120
100 100
59 59
179 179
91 91
38 38 39
68 68
113 113
29 29
26 26
126 126
22 22
118 118
47 47
171 171
52 52 33
72 72
93 93
79 79
192 192
116 116
42 42
70 70
51 51
17 17
145 145
83 83
144 144
181 181
168 168
78 78
174 174
173 173
95 95
142 142
125 125
3 3
190 190
61 61
