Building65 Building66 Building67 Building70 Building77 Building73 Building77 Building70 Building94 Building97 Building94 Building95 Building29 Building14 Building12 Building88 Building90 Building88 Building12 Building14 Building13 Building21 Building13 Building18 Building24 Building17 Building24 Building28 Building25 Building28 Building24 Building18 Building20 Building27 Building23 Building22 Building53 Building51 Building52 Building5 Building7 Building59 Building62 Building63 Building60 Building33 Building44 Building41 Building35 Building39 Building38 Building34 Building99 Building66 Building65
32
Building27 Building27
Building90 Building84 Building91
Building35 Building42 Building35
Building97 Building96 Building97
Building66 Building64 Building83
Building24 Building24 Building32
Building25 Building31 Building25
Building59 Building59
Building44 Building44 Building36 Building46
Building88 Building88
Building60 Building58 Building57
Building51 Building54 Building51
Building52 Building55
Building29 Building15
Building21 Building16 Building11
Building73 Building71 Building82 Building73
Building7 Building4
Building33 Building33
Building94 Building94
Building5 Building8 Building1 Building3
Building22 Building22
Building41 Building41
Building63 Building61
Building14 Building10
Building70 Building76
Building67 Building80
Building38 Building37 Building45
Building99 Building99
Building13 Building13
Building77 Building79 Building81
Building95 Building92
Building20 Building20 Building30
