Gastre Bovec Tukchi Scottsdale Juliaca Cocieri Coronel Polatsk Taungoo Winters Kalgoorlie Baicheng Allahabad Clay Malolos Neryungri Benha Scranton Derby Maidenhead Kyrenia Triesen Branson Channahon Kindu Sholapur Daloa Narva Bungoma Gwadar Charlestown Aasiaat Absecon Punakha Dongola Visby Luganville Caen Destrnik Cumming Pingtung Bell Woodinville Hope Forteau Polevskoy Coatzacoalcos Chepes Sambava Bosilovo Leo Gastre
50
Malolos Malolos
Baicheng Baicheng
Triesen Triesen
Punakha Punakha
Bosilovo Bosilovo
Forteau Forteau
Scranton Scranton
Scottsdale Scottsdale
Bovec Bovec
Charlestown Charlestown
Absecon Absecon
Cocieri Cocieri
Kindu Kindu
Maidenhead Maidenhead
Visby Visby
Derby Derby
Coronel Coronel
Bungoma Bungoma
Chepes Chepes
Benha Benha
Caen Caen
Kyrenia Kyrenia
Branson Branson
Daloa Daloa
Coatzacoalcos Coatzacoalcos
Tukchi Tukchi
Woodinville Woodinville
Narva Narva
Leo Leo
Taungoo Taungoo
Bell Bell
Clay Clay
Dongola Dongola
Polevskoy Polevskoy
Winters Winters
Aasiaat Aasiaat
Channahon Channahon
Sambava Sambava
Luganville Luganville
Allahabad Allahabad
Pingtung Pingtung
Juliaca Juliaca
Destrnik Destrnik
Neryungri Neryungri
Sholapur Sholapur
Polatsk Polatsk
Hope Hope
Cumming Cumming
Kalgoorlie Kalgoorlie
Gwadar Gwadar
