Milton Kiruna Madrid Helotes Zadar Hengshui Barddhaman Samux Jeonju Koboko Salsk Plainfield Moanda Kerma Esmeraldas Eydhafushi San Cochrane Wallington Pleasantville Berkley Shamva Pasadena Kirovohrad Heath Winona Plast Aizawl Bonao Zvezdnyy Carnikava Agago Campana Scottsdale Nguigmi Rumuruti Keene Mauldin Cairo Quime Nusaybin Boosaaso Skiatook Jizan Jambi Piran Clawson Hayden Tallaght Toktogul Zumpango Totness Elburn Zicheng Sofia Marsaskala Ipatinga Devine Littlestown Yevlax Tabriz Tabuk Morondava Makinsk Karur Kitamilo Arras Bam Ihosy Kimba Shu Joliet Esik Moorhead Crawfordsville Dunhuang Managua Cooma Chancay Martin Tunapuna Luga Kasaali Jerusalem Trang Ashtabula Kelang Kanoya Harahan Chicopee Socorro Pakalongan Dalby Multan Chicago Burylbaytal Sari Siquijor Barabinsk Lodja Milton
100
Kasaali Kasaali
Wallington Wallington
Lodja Lodja
Skiatook Skiatook
Martin Martin
Luga Luga
Winona Winona
Esik Esik
Tunapuna Tunapuna
Dunhuang Dunhuang
Littlestown Littlestown
Marsaskala Marsaskala
Moorhead Moorhead
Burylbaytal Burylbaytal
Cooma Cooma
Kanoya Kanoya
Siquijor Siquijor
Nguigmi Nguigmi
Barabinsk Barabinsk
Sari Sari
Zadar Zadar
Nusaybin Nusaybin
Piran Piran
Salsk Salsk
Quime Quime
Boosaaso Boosaaso
Rumuruti Rumuruti
Managua Managua
Elburn Elburn
Harahan Harahan
Hengshui Hengshui
Hayden Hayden
Cochrane Cochrane
Plainfield Plainfield
Ipatinga Ipatinga
Toktogul Toktogul
Devine Devine
Arras Arras
Ashtabula Ashtabula
Samux Samux
Zvezdnyy Zvezdnyy
Ihosy Ihosy
Chicopee Chicopee
Shu Shu
Crawfordsville Crawfordsville
Jerusalem Jerusalem
Chancay Chancay
Cairo Cairo
Jeonju Jeonju
Campana Campana
Agago Agago
Kirovohrad Kirovohrad
Totness Totness
Kiruna Kiruna
Yevlax Yevlax
Heath Heath
Karur Karur
Tallaght Tallaght
Keene Keene
Tabriz Tabriz
Clawson Clawson
Koboko Koboko
Joliet Joliet
Berkley Berkley
Zumpango Zumpango
Morondava Morondava
San San
Kerma Kerma
Tabuk Tabuk
Multan Multan
Eydhafushi Eydhafushi
Zicheng Zicheng
Jambi Jambi
Kimba Kimba
Kitamilo Kitamilo
Madrid Madrid
Shamva Shamva
Trang Trang
Bonao Bonao
Scottsdale Scottsdale
Aizawl Aizawl
Socorro Socorro
Barddhaman Barddhaman
Sofia Sofia
Chicago Chicago
Carnikava Carnikava
Esmeraldas Esmeraldas
Pasadena Pasadena
Kelang Kelang
Moanda Moanda
Milton Milton
Mauldin Mauldin
Helotes Helotes
Bam Bam
Jizan Jizan
Pleasantville Pleasantville
Plast Plast
Pakalongan Pakalongan
Makinsk Makinsk
Dalby Dalby
