Soda Location50 Location190 Location0 Location131 Location47 Location39 Location89 Location11 Location10 Location11 Location74 Location87 Location74 Location171 Location25 Location112 Location41 Location102 Location119 Location42 Location120 Location72 Location105 Location30 Location34 Location192 Location32 Location116 Location32 Location120 Location12 Location180 Location168 Location188 Location33 Location143 Location115 Location144 Location65 Location62 Location126 Location147 Location126 Location62 Location65 Location144 Location64 Location133 Location109 Location3 Location109 Location61 Location182 Location61 Location70 Location49 Location13 Location187 Location75 Location184 Location142 Location68 Location179 Location48 Location16 Location125 Location26 Location46 Location121 Location40 Location162 Location40 Location164 Location19 Location99 Location56 Location113 Location1 Location132 Location151 Location28 Location96 Location90 Location96 Location101 Location134 Location6 Location189 Location173 Location123 Location118 Location66 Location191 Location181 Location191 Location104 Location177 Location36 Location145 Location0 Location27 Location60 Location88 Location57 Location117 Location154 Location158 Location9 Location135 Location129 Location163 Location176 Location38 Location24 Location159 Soda
84
Location145 Location145
Location176 Location8 Location176
Location50 Location50
Location101 Location128 Location101
Location168 Location168
Location62 Location62
Location12 Location12
Location115 Location115
Location142 Location142
Location74 Location74
Location90 Location90
Location179 Location179
Location135 Location135
Location191 Location149 Location191
Location10 Location10
Location28 Location28
Location189 Location172 Location189
Location125 Location125
Location25 Location25
Location180 Location180 Location29
Location164 Location164
Location131 Location131
Location9 Location9
Location190 Location190
Location116 Location116
Location104 Location104
Location88 Location88
Location89 Location89 Location127
Location119 Location119
Location1 Location1
Location48 Location48
Location33 Location33
Location34 Location34
Location123 Location123
Location129 Location129
Location120 Location120
Location134 Location134
Location46 Location46
Location42 Location42
Location158 Location158
Soda Soda
Location133 Location43
Location56 Location56
Location57 Location57
Location118 Location118
Location3 Location3
Location38 Location38
Location187 Location187
Location36 Location36
Location41 Location41
Location112 Location112
Location181 Location181
Location147 Location147
Location184 Location184
Location49 Location49
Location188 Location188
Location60 Location60
Location102 Location102
Location72 Location72
Location132 Location132
Location19 Location19
Location39 Location39
Location163 Location163
Location32 Location32
Location105 Location105
Location143 Location143
Location16 Location16
Location40 Location40
Location0 Location0
Location113 Location113
Location75 Location75
Location27 Location27
Location182 Location182
Location64 Location64
Location154 Location154
Location173 Location173
Location30 Location30
Location11 Location11
Location87 Location87
Location151 Location151
Location99 Location99
Location70 Location70
Location144 Location144
Location162 Location162
