xjbms riwwe mbzzn bthif kyaqs tykrt fnhle akegy xecik impuz dzfkr nnnts lfceh xvefe hstmf deoux bqgqy yztko wnlug iddrb ocgbu bicnj fuume lpolv ydhop llwzk ybgaf vaeqh ejwkt xeikc bsuwt kvvqk psudb czppi rnrnh usrtf uegez bwgqu lkzxl beqlb lyixz nrtqp wxnxi itxfb npvgp fxnnl hwhxr xjbms
47
rnrnh rnrnh
vaeqh qkysn vaeqh
czppi czppi
lkzxl lkzxl
bthif bthif
akegy akegy
psudb psudb
itxfb itxfb
bqgqy bqgqy mrnvg
lfceh uzzfw lfceh
fnhle fnhle
impuz impuz
dzfkr dzfkr
fxnnl fxnnl
fuume fuume
bsuwt bsuwt
kvvqk kvvqk
xeikc xeikc
usrtf usrtf
xvefe xvefe
ybgaf ybgaf
bicnj bicnj
xjbms xjbms
riwwe riwwe
uegez uegez
npvgp npvgp
lyixz lyixz
kyaqs kyaqs
ocgbu ocgbu
wxnxi wxnxi
deoux deoux
hstmf hstmf
tykrt tykrt
iddrb iddrb
lpolv lpolv
nrtqp nrtqp
yztko yztko
xecik xecik
nnnts nnnts
wnlug wnlug
hwhxr hwhxr
bwgqu bwgqu
ydhop ydhop
mbzzn mbzzn
llwzk llwzk
ejwkt ejwkt
beqlb beqlb
