0 52 49 13 29 1 45 34 78 64 76 48 35 30 3 32 43 41 72 77 33 74 20 16 8 15 2 59 67 65 50 36 57 60 7 5 4 54 17 66 47 70 44 62 51 58 18 46 37 38 14 53 63 28 56 55 12 31 11 25 23 27 69 19 6 71 68 75 10 9 21 24 61 39 42 22 73 26 0
78
26 26
0 0
27 27
3 3
42 42
14 14
20 20
77 77
54 54
19 19
21 21
43 43
7 7
70 70
74 74
13 13
29 29
73 73
8 8
30 30
46 46
65 65
44 44
67 67
76 76
4 4
16 16
9 9
31 31
72 72
22 22
39 39
60 60
75 75
50 50
47 47
1 1
37 37
41 41
5 5
53 53
57 57
56 56
48 48
28 28
51 51
68 68
35 35
49 49
25 25
38 38
23 23
64 64
34 34
62 62
10 10
55 55
2 2
32 32
78 78
52 52
11 11
59 59
12 12
24 24
36 36
58 58
15 15
69 69
61 61
66 66
18 18
63 63
45 45
33 33
17 17
71 71
6 6
