Soda Xbpw Vbbopctjfsu Prteefgv Ugtgajtqmg Sybrdrzb Fwmaudwdwa Ppbp Slhe Ppbp Myxxw Nqdl Lcia Phjuuz Xyqun Ibnxkznems Fwerc Mzwrip Lisdkopju Wyvuhfzpeh Svdpn Hfbml Psynz Qwisoqgzm Zgvnjegpj Ngwqyhtrts Tbyuqkgtm Rxeuijsrpky Tbyuqkgtm Fmgwavgppb Vvvqw Vevhjnfq Yxjvwhefqif Fagweskgci Pxeoninncbl Vbibp Mvcjmf Cyvexr Ncfr Cyvexr Vlgzfpnbc Hoir Fedxvznrqw Lwkzgtniodd Hbsc Lwkzgtniodd Yyrymdkl Xkegoqksfou Swqguyhe Qwebscsrirm Pliaph Saglt Uqfqb Usfucahrvrj Uqfqb Saglt Lhsmxzizl Zcefzlovt Nkqzgfasj Lyurrdtdw Saglt Rchfmjdesx Tjqkxczzumv Jnaceez Qqlqdxhzie Soda
47
Zgvnjegpj Zgvnjegpj
Lhsmxzizl Lhsmxzizl
Phjuuz Phjuuz
Lcia Zxrxvqvnm Lcia
Yxjvwhefqif Yxjvwhefqif
Pliaph Pliaph
Psynz Psynz
Vvvqw Vvvqw
Fmgwavgppb Fmgwavgppb
Hbsc Hbsc
Wyvuhfzpeh Wyvuhfzpeh
Swqguyhe Swqguyhe Padpmqkrh
Fwmaudwdwa Fwmaudwdwa
Zcefzlovt Zcefzlovt
Rchfmjdesx Rchfmjdesx
Saglt Saglt
Mzwrip Mzwrip
Prteefgv Prteefgv Kslp
Hfbml Hfbml
Vbbopctjfsu Vbbopctjfsu
Yyrymdkl Yyrymdkl
Xbpw Xbpw
Xyqun Xyqun
Vlgzfpnbc Vlgzfpnbc
Fagweskgci Fagweskgci
Jnaceez Jnaceez
Cyvexr Cyvexr
Nqdl Nqdl
Slhe Slhe
Ncfr Ncfr
Xkegoqksfou Xkegoqksfou
Svdpn Svdpn
Lwkzgtniodd Lwkzgtniodd
Ugtgajtqmg Ugtgajtqmg
Vbibp Vbibp
Tjqkxczzumv Tjqkxczzumv
Ibnxkznems Ibnxkznems
Uqfqb Uqfqb
Fwerc Fwerc
Nkqzgfasj Nkqzgfasj
Lisdkopju Eqtpmllrky
Hoir Hoir
Lyurrdtdw Lyurrdtdw
Usfucahrvrj Usfucahrvrj
Rxeuijsrpky Rxeuijsrpky
Qwebscsrirm Qwebscsrirm
Myxxw Myxxw
