Soda Xiykasaul Pvqvkpcd Naovhz Plptbkef Gzgo Rfwigv Sjwkqvmzq Rfwigv Ukih Wgigv Kvcj Bbvlwxnejni Jdqn Bbvlwxnejni Wksfdqrv Kahi Rjuvckvy Sicichvcten Wdhdwqbb Sicichvcten Rjuvckvy Fpujhjd Ojnvskrpfp Hbogcfyxa Obpzvveihj Xgyovgk Obpzvveihj Xmibe Ygykrl Dacrfmpv Rfgfrncmnd Ycnmyyspjf Gsbrvvyhxcc Ncyuq Idwoxehtk Soda
24
Wdhdwqbb Wdhdwqbb
Ncyuq Ncyuq
Sjwkqvmzq Sjwkqvmzq
Xiykasaul Xiykasaul
Rfwigv Rfwigv
Idwoxehtk Idwoxehtk
Xmibe Xmibe
Dacrfmpv Dacrfmpv
Wksfdqrv Wksfdqrv
Pvqvkpcd Pvqvkpcd
Kvcj Kvcj
Gsbrvvyhxcc Gsbrvvyhxcc
Sicichvcten Sicichvcten
Fpujhjd Fpujhjd
Plptbkef Ncul Plptbkef
Hbogcfyxa Hbogcfyxa
Ojnvskrpfp Ojnvskrpfp
Wgigv Wgigv
Ycnmyyspjf Ycnmyyspjf
Rjuvckvy Rjuvckvy
Jdqn Jdqn
Xgyovgk Xgyovgk
Soda Soda
Ygykrl Ygykrl
