KMZ MMI TFL MQG OBR LRF XYT VSQ CDW XPB DEW VTA OUR UAO ZCR YGM YWR FZZ NLD NSY AFO HTU YFA COR NDM WXC KDF KNQ BWL KBZ XNH IKT KDO VNH XNM ENU CSI PKG YEC GMG QOE HDY PSZ EKW GEV KQK XFP LCB KVT FYE XXL HPL DZY DGD HSN CEA SZK VIF NYW WZI HGZ VZI BMH WDE HON WVO IYC PWL BVP IEN KDH GAZ KAL MBM BUN ZUA EVY WDN EFO XWZ WYK ACK GJK YET MWN WPB RHL FBZ ZES RDP EXX RWN GJW QUS YQU BTR MWC GVH HTV URI JTH KMZ
100
XPB XPB
EXX EXX
VSQ VSQ
XYT XYT
RDP RDP
WPB WPB
RWN RWN
DEW DEW
KAL KAL
GJW GJW
YQU YQU
RHL RHL
ZES ZES
URI URI
EVY EVY
MMI MMI
BTR BTR
FBZ FBZ
XWZ XWZ
MWN MWN
ACK ACK
WYK WYK
MWC MWC
QUS QUS
EFO EFO
GVH GVH
MBM MBM
YET YET
OBR OBR
BUN BUN
MQG MQG
HTV HTV
GJK GJK
JTH JTH
CDW CDW
LRF LRF
BVP BVP
WDN WDN
KDH KDH
IEN IEN
ZUA ZUA
BMH BMH
PWL PWL
HON HON
TFL TFL
WVO WVO
SZK SZK
WDE WDE
NYW NYW
GEV GEV
GAZ GAZ
WZI WZI
VZI VZI
DGD DGD
HGZ HGZ
HSN HSN
XFP XFP
CEA CEA
LCB LCB
FYE FYE
VIF VIF
HDY HDY
KQK KQK
KVT KVT
DZY DZY
KDO KDO
YEC YEC
EKW EKW
IYC IYC
QOE QOE
GMG GMG
PSZ PSZ
HPL HPL
IKT IKT
XXL XXL
VNH VNH
ENU ENU
XNM XNM
KNQ KNQ
BWL BWL
XNH XNH
KBZ KBZ
KDF KDF
YWR YWR
AFO AFO
CSI CSI
WXC WXC
FZZ FZZ
YGM YGM
NDM NDM
PKG PKG
NSY NSY
NLD NLD
COR COR
HTU HTU
YFA YFA
VTA VTA
ZCR ZCR
UAO UAO
OUR OUR
