m6 r8 y0 r3 r4 r7 r2 r1 w8 w9 w3 w2 w1 q7 q6 q1 q8 q3 q0 l8 l6 l5 l0 l4 l2 m8 m4 n7 n8 n6 n5 n2 v6 v1 v4 x7 x1 v0 x9 z8 x5 z9 z3 k9 k0 k7 k4 k8 k2 j9 j8 j1 j5 h8 h7 h4 g8 j0 h1 e6 g6 g0 f5 f1 f7 g2 f4 e2 f6 e3 c3 d4 d3 d0 c9 b9 b3 c2 b8 c5 a5 c0 a9 b0 a6 a1 a0 m6
87
a0 a0
a1 a1
a5 a5
a6 a6
n7 a8 n7
a9 a9
b0 b0
b3 b3
b8 b8
b9 b9
c0 c0
c2 c2
c3 c3
c5 c5
c9 c9
d0 d0
d3 d3
d4 d4
e2 d5 e2
x7 e1 x7
e3 e3
e6 e6
q7 e9 q7
f1 f1
f4 f4
f5 f5
f6 f6
f7 f7
g0 g0
g2 g2
g6 g6
g8 g8
j5 g9 j5
h1 h1 j3
h4 h4
h7 h7
h8 h8
j9 h9 j9
j0 j0
j1 j1
l6 j2 l6
w9 j4 w9
j8 j8
k0 k0
k2 k2
k4 k4
k7 k7
k8 k8
k9 k9
z3 z3
z8 z8
z9 z9
x1 x1
x5 x5
x9 x9
v0 v0
v1 v1
v4 v4
v6 v6
n2 n2
l4 n3 l4
n5 n5
n6 n6
n8 n8
m4 m4
m6 m6
m8 m8
l0 l0
l2 l2
l5 l5
q3 l7 q3
l8 l8
q0 q0
q1 q1
w8 q4 w8
q6 q6
q8 q8
w1 w1
w2 w2
w3 w3
r1 r1
r2 r2
r3 r3
r4 r4
r7 r7
r8 r8
y0 y0
