0 3 196 56 7 68 71 187 43 11 43 93 25 4 97 139 10 116 79 62 47 26 64 72 69 28 77 42 110 35 36 5 121 61 15 23 70 17 87 59 98 87 94 40 92 40 14 154 19 12 34 99 140 46 33 58 65 44 45 90 50 109 91 30 112 73 76 20 105 8 105 51 32 57 29 39 63 86 161 142 27 157 54 84 88 83 134 24 100 67 177 74 177 16 6 96 22 75 37 60 49 144 78 55 52 80 193 38 85 81 153 2 153 53 21 82 21 13 18 0
94
33 33
4 4
69 69
98 98
85 85
11 11
46 46
2 2
35 35
59 59
6 6
68 68
77 77
81 81 89
44 44
56 56
3 3
39 39
10 10
74 74
92 92
76 76
83 83 95
70 70 1
43 43
13 13
25 25
94 94
27 27 41
53 53
72 72
37 37
61 61 9
5 5
45 45
65 65
0 0
93 93
50 50
22 22
49 49
32 32
14 14
82 82
30 30
15 15
36 36
40 40
64 64
17 17
73 73
18 18
19 19
80 80
58 58
52 52
16 16
21 21
60 60
29 29
67 67
62 62
23 23
90 66 90
84 84
63 63
7 7
154 31
88 88
96 96
12 12
87 87
28 28
38 38
55 55
57 57
139 48
51 51
26 26
34 34
86 86
8 8
99 99
24 24
91 91
97 97
20 20
47 47
42 42
54 54
78 78
79 79
75 75
71 71
