0 24 132 162 182 29 104 83 192 183 88 142 44 47 4 90 111 90 171 90 181 68 92 176 180 191 7 30 2 86 75 67 186 161 135 121 71 82 128 39 196 19 17 12 18 119 106 179 166 198 166 97 103 84 96 112 11 69 81 149 160 118 153 130 124 105 57 139 189 87 107 99 14 91 55 157 14 109 159 109 40 20 155 122 77 25 89 25 24 0
63
0 0
2 2 114
4 4
39 6
87 8
160 10 160
12 12
14 14
11 16
18 18 42
20 20 64 70
69 22 38
24 24
25 26 152
122 28 76 122 174
30 30
128 32 128
88 34 88
29 36
40 40 72
44 44
139 46 144
103 48 52
192 50 192 194
118 54 118
92 56 92 140
104 58 104 164
105 60
17 62
149 66
68 68
111 74 190
171 78
191 80 120 172
82 82
84 84 170
86 86 94
90 90
96 96
75 98 102 158
162 100 126 162 168
106 106
89 108
180 110 180
112 112
91 116
124 124
130 130
132 132
198 134 198
186 136 138 186
142 142
97 146
19 148
135 150
153 154
181 156
166 166
176 176
179 178 188
182 182
81 184
196 196
