71 37 60 35 11 5 83 88 41 31 79 73 26 47 10 47 40 69 34 24 16 29 16 3 28 97 13 49 54 14 3 39 52 85 52 86 18 86 52 39 61 75 19 74 19 75 15 94 45 62 66 58 77 93 55 32 6 99 7 99 25 30 43 84 81 95 21 50 21 95 81 33 2 36 42 70 53 70 57 9 0 9 65 96 38 64 91 37 71
48
85 85
7 7
13 13
50 50
61 87 61
49 49
18 18
5 5
33 33
95 95
74 74
55 55
30 30
35 35
65 65
15 15
64 64
66 66
70 70
88 88
26 26
94 94
84 84
10 10
11 11
36 36
53 53
47 47
41 41
28 28
60 60
86 78 59
39 39
2 2
38 38
45 45
0 0
6 6
69 69
19 19
24 24
96 96
29 29
54 54
79 79
21 21
42 42
77 77
