2 41 85 9 60 142 60 9 17 191 168 61 172 103 116 67 134 94 57 15 30 137 96 62 139 55 130 55 139 62 90 177 90 95 82 110 158 112 190 92 190 112 4 161 4 65 86 37 25 81 12 127 150 101 93 194 10 31 125 5 163 188 163 5 59 173 162 152 36 98 27 91 183 97 199 121 7 79 7 121 199 195 56 52 56 195 148 159 156 131 63 26 11 23 34 181 45 102 117 164 138 13 8 87 175 126 114 107 43 71 6 118 80 54 80 43 107 114 100 198 147 32 147 115 104 166 113 99 165 99 174 28 174 182 189 122 153 3 149 171 179 16 133 16 179 171 18 14 22 76 51 176 192 0 186 136 119 136 186 38 46 38 83 73 58 1 187 1 50 42 145 193 53 157 2
95
93 93
194 194
142 142
52 52
125 125
139 139
157 49 157
8 8
82 178 82
179 179
27 141 27
97 106 97
38 38
122 122
133 133
79 79
61 61
92 92
32 32
46 46
73 73
131 131
58 58
174 174
76 76
6 6
116 116
171 171
189 189
13 13
121 196 121
94 94
14 14
2 2
145 145
130 130
34 34
55 55
173 173
95 95
192 192
112 112
126 126
119 119
96 96
3 3
28 28
164 164
199 35
25 25
7 7
50 50
161 161
188 188
113 113
36 36
86 86
110 110
118 118
177 177
80 80
198 128
104 44
53 53
23 23
51 51
0 0
193 193
54 54
100 100
85 85
42 42
187 187
12 12
4 4
182 182
136 136
56 56
156 156
158 158
149 149
26 26
15 15
115 115
98 98
114 114
67 67
30 30
90 90
59 59
63 63
181 181
165 165
138 138
175 48
