199 82 196 190 152 69 152 190 25 113 1 113 25 153 71 2 27 19 70 134 53 163 17 163 75 163 49 0 49 150 54 176 189 95 189 96 9 96 174 40 33 40 174 146 142 26 142 184 6 72 46 47 93 56 93 178 50 101 13 67 34 98 8 65 76 106 42 106 76 65 86 14 66 30 138 198 16 81 43 92 193 31 97 102 52 102 64 194 159 68 63 143 15 91 12 91 133 105 77 51 160 7 29 39 5 44 60 20 61 57 11 114 59 21 73 21 88 21 83 38 79 38 83 55 3 18 3 55 94 62 183 87 183 122 84 32 120 130 145 37 124 119 4 119 156 74 192 58 192 74 156 119 78 167 115 157 41 177 23 177 103 182 35 159 80 45 104 85 99 139 158 28 197 151 10 24 199
96
0 0
1 1
2 2
3 3
4 4
5 5
6 6
7 7
8 8
9 9
10 10
11 11
12 12
13 13
14 14
15 15
16 16 48
17 17
18 18
19 19
20 20
21 21
63 22 63
23 23
24 24
25 25
26 26
27 27
28 28
29 29
30 30
31 31
32 32
33 33
34 34
35 35
47 36 47
37 37
38 38
39 39 90
40 40
41 41
42 42
43 43
44 44
45 45
46 46
49 49
50 50
51 51
52 52
53 53
54 54
55 55
56 56
57 57
58 58
59 59
60 60
61 61
62 62
64 64
65 65
66 66
67 67
68 68
69 69
70 70
71 71
72 72
73 73
74 74
75 75
76 76
77 77
78 78
79 79
80 80
81 81
82 82
83 83
84 84
85 85
86 86
87 87
88 88
138 89
91 91
92 92
93 93
94 94
95 95
96 96
97 97
98 98
99 99
