Chelmbourne Shaftwich Melborne Pemwold Melborne Sudworth Wenwang Edgchester Horncester Cookton Egborne Barngrove Prestdon Barngrove Hartbage Maidenden Enlow Waltbrook Hurstworth Rocktree Cookbridge Rocktree Whitborough Horndown Whitborough Rocktree Pemwood Bracklow Leatherlow Alfby Elside Whitavon Elside Stainfield Wenden Kingsbrook Dartsted Clerethorne Barnside Clerethorne Stapthorne Stapmoor Burchester Shrivside Southmere Whitover Stainside Enbage Flitham Shrivlow Durditch Hornley Stapwold Marlton Alfwell Aldhall Alfwell Casford Stapwang Edgwich Staintree Elgrove Wenborough Prestey Brainbridge Sodside Wyhead Cleredon Staflow Bursted Staflow Elgrove Chelmbourne
53
Prestey Sudwich Prestey
Sudworth Sudworth
Elside Elside
Barnside Barnside
Brainbridge Brainbridge
Enbage Enbage
Hornley Hornley
Shaftwich Shaftwich
Stapthorne Stapthorne
Stapmoor Stapmoor
Pemwood Pemwood
Hurstworth Hurstworth
Wenwang Wenwang
Whitborough Whitborough
Sodside Sodside
Alfby Alfby Leatherlake Stapwell
Edgwich Edgwich
Casford Casford
Southmere Southmere Stainhall
Aldhall Aldhall
Stainside Stainside
Flitham Flitham Kingsley
Horndown Horndown
Waltbrook Waltbrook
Bursted Bursted
Edgchester Edgchester
Elgrove Elgrove
Wenborough Wenborough
Cookbridge Cookbridge
Whitover Whitover
Bracklow Bracklow
Dartsted Dartsted
Shrivside Shrivside
Wenden Wenden
Egborne Barnham Egborne
Hartbage Hartbage
Pemwold Pemwold
Shrivlow Shrivlow
Wyhead Wyhead
Horncester Horncester
Staflow Staflow
Leatherlow Leatherlow
Melborne Egcastle
Cleredon Cleredon
Durditch Durditch
Cookton Cookton
Rocktree Rocktree
Staintree Staintree
Prestdon Prestdon
Alfwell Alfwell
Whitavon Whitavon
Marlton Marlton
Enlow Enlow
