Soda Browning Comstock Spring Mabel Overlook Mabel Terrace Forest Ajax Haskell Bowditch Bataan Haste Cowper Greenwood Heinz Greenwood Marin Madera Wheeler Edith Lewiston Eunice Solano Allston Shasta Addison Shasta Acacia Domingo Acacia Shasta Columbia High Amador Fulton Florida Muir Cutter Bancroft Menlo Burnett Menlo Belrose Haviland Anne Arch Poppy Bret Vermont Hospital Bristol Keeler Pardee Yolo Martin Yolo Soda
44
Addison Addison
Ajax Ajax
Allston Allston
Anne Anne
Arch Arch
Bancroft Bancroft
Bataan Bataan
Belrose Belrose
Bowditch Bowditch Fresno
Bret Bret Kenilworth
Bristol Bristol
Browning Browning
Burnett Burnett
Columbia Byron Columbia
Menlo Colusa Menlo
Comstock Comstock
Cutter Cutter
Domingo Domingo
Edith Edith
Eunice Eunice
Florida Florida
Forest Forest
Fulton Fulton
Greenwood Greenwood
Haskell Haskell
Haste Haste
Haviland Haviland
Heinz Heinz
High High
Hospital Hospital
Keeler Keeler
Lewiston Lewiston
Mabel Mabel Summit
Madera Madera
Marin Marin
Martin Martin
Muir Muir
Overlook Overlook
Pardee Pardee
Spring Poplar Spring
Poppy Poppy
Shasta Shasta
Terrace Terrace
Vermont Vermont
