Whitgrove Worberney Tippenbrook Suddenmoor Staincombe Suddenmoor Egmerhampton Prestwick Wychchester Durbrook Toddenmoor Ketnell Staplow Ketchester Watchlake Farndlesover Watchlake Tippingbage Blansbrook Fullensborne Sundlethorne Abgleham Siavon Horsnell Warsmith Horstleover Toddenmerbrough Endingnell Toddenmerbrough Casbrook Redcombe Siey Wychchester Marlbrook Falderbrough Warsmith Wetsmith Elside Cannerthorne Sirenshall Hampingbascombe Wetwick Stapbrook Skellingover Candleswick Cirerham Wolley Cirerham Dartden Shaftwick Hurstdown Botshot Falworth Whitringlake Milthorne Rothingcombe Faldenhall Wethampton Egsted Southmere Ribberrenston Shaftborough Wychcompwold Dribberham Endleberey Burlake Tipstoke Worrenberwang Bothenhall Basbage Warblestancester Tippendham Stainbrough Wendleringdown Reddendeney Worhall Hampingworth Bursmith Sodberling Bromstanham Clereennell Botbeck Sundendford Chedworth Suddingover Ellerbridge Boothingchester Wycastle Bootwick Todhampton Nortwell Marlcester Nortwell Bassinghead Southbury Emmerley Hamwold Bastlebury Rothendcombe Wychditch Abglewold Farnditch Shaftmoor Bothenton Basditch Hampingcastle Eley Reddingtree Stapbrough Penby Falderseythorne Worford Rotherlow Skellenshot Cihead Skellenshot Egbeck Cireport Leatherport Alfmere Hamscombe Skelberden Sodport Enderbeck Sifield Abcester Botbeck Dribblecombe Whitgrove
97
Sifield Sifield
Candleswick Melwood Candleswick
Wethampton Wethampton
Tipstoke Tipstoke
Worrenberwang Worrenberwang
Cannerthorne Cannerthorne Waltbeck
Reddendeney Reddendeney
Ketchester Ketchester Boothingmanstree
Enderbeck Enderbeck
Abglewold Abglewold
Bastlebury Bastlebury
Ketnell Ketnell
Skelberden Skelberden
Bothenton Bothenton
Faldenhall Faldenhall
Eley Eley
Siavon Siavon
Todhampton Todhampton
Hampingcastle Hampingcastle
Casbrook Casbrook
Shaftborough Shaftborough
Redcombe Redcombe
Southbury Southbury
Suddingover Suddingover
Farnditch Farnditch
Dribblecombe Dribblecombe
Egmerhampton Egmerhampton
Watchlake Watchlake
Clereennell Clereennell
Penby Penby
Cihead Cihead
Rothingcombe Rothingcombe
Staincombe Staincombe
Horsnell Horsnell
Staplow Staplow
Wetsmith Wetsmith
Falworth Falworth
Stapbrough Stapbrough
Tippingbage Tippingbage
Nortwell Nortwell
Ribberrenston Ribberrenston
Dartden Dartden
Rotherlow Rotherlow
Basditch Basditch
Prestwick Prestwick
Ellerbridge Ellerbridge
Wycastle Wycastle
Milthorne Milthorne
Hamwold Hamwold
Elside Elside
Endingnell Endingnell
Worford Worford
Bootwick Bootwick
Suddenmoor Suddenmoor
Southmere Southmere
Skellenshot Skellenshot
Bromstanham Bromstanham
Worhall Worhall
Chedworth Chedworth
Hampingworth Hampingworth
Sirenshall Sirenshall
Wetwick Wetwick
Bothenhall Bothenhall
Siey Siey
Whitringlake Whitringlake
Wychcompwold Wychcompwold
Rothendcombe Rothendcombe
Botbeck Botbeck
Tippenbrook Tippenbrook
Toddenmoor Toddenmoor
Leatherport Leatherport
Dribberham Dribberham
Emmerley Emmerley
Skellingover Skellingover
Wychchester Wychchester
Sodberling Sodberling
Sodport Sodport
Tippendham Tippendham
Whitgrove Whitgrove
Farndlesover Farndlesover
Alfmere Alfmere
Horstleover Horstleover
Durbrook Durbrook
Abcester Abcester
Sundlethorne Sundlethorne
Marlbrook Marlbrook
Bursmith Bursmith
Abgleham Abgleham
Wendleringdown Wendleringdown
Blansbrook Blansbrook
Marlcester Marlcester
Wolley Wolley
Sundendford Sundendford
Falderseythorne Falderseythorne
Hampingbascombe Hampingbascombe
Egsted Egsted
Endleberey Endleberey
