0 15 30 45 31 46 31 45 60 75 90 105 90 106 120 106 122 107 91 92 108 123 124 109 94 93 94 79 78 79 80 95 111 95 80 81 82 98 99 84 85 100 115 100 116 100 85 86 87 88 87 103 104 89 59 74 72 71 56 41 57 73 58 43 28 12 11 10 25 40 54 53 68 52 36 50 36 20 35 20 5 6 7 8 7 6 5 4 3 18 19 34 49 48 63 48 33 17 16 0
52
0 0
3 3
5 5
7 7
8 8 23
10 10
12 13
15 15
18 18
20 20
25 25
28 28
30 30
31 31
34 34
35 35
36 36 51
40 40
41 41 55
45 45
46 46
63 47 63
50 50
52 52
56 56
57 57
68 68
85 70 85
71 71
73 73
75 75 76
78 78
80 80
82 83
88 88
90 90
93 93
95 95 110
98 98
100 100
103 103
105 105
106 106 121
108 108
109 109
111 111
115 115
116 116
104 119
120 120
122 122
124 124
