0 49 154 27 185 54 98 54 120 116 6 38 153 110 44 182 92 108 102 108 79 51 111 149 35 138 35 9 65 173 84 42 159 87 130 20 121 81 78 186 197 58 64 118 17 175 106 199 48 118 22 150 69 135 180 179 196 26 176 26 8 166 8 39 151 178 14 4 141 60 83 60 104 97 36 73 184 128 156 168 125 133 100 10 12 25 109 127 191 137 96 67 47 29 95 29 119 117 61 77 50 157 70 155 28 103 145 160 85 99 85 19 74 63 91 136 146 129 194 163 103 170 1 183 139 18 0
95
173 173
179 179
83 83
116 75 116 32
160 160
6 6
103 103
156 156
25 25
14 14
17 17
178 178
64 64
185 185
109 109
48 48
196 196
121 121
84 89
111 126 111
61 24
91 91
26 26
166 166
28 28
184 184
186 186 193
133 133
151 151
182 182
180 180
120 120
194 194
9 9
65 65
159 159
138 138
4 4
42 42
108 108
12 12
106 106
175 175
22 22
67 67
44 44
98 98
81 81
125 125
77 77
49 49
157 157
100 100
18 18
87 87
51 51
36 36
130 130
70 70
39 39
197 197
20 20
117 117
139 139
102 102
137 137
176 176
10 10
38 38
78 78
104 104
85 85
58 58
96 96
128 134 128
19 19
118 31
155 155
168 168
149 149
170 170
63 63
27 27
50 50
69 69
119 119
145 145
79 79
74 74
47 47
95 95
146 146
163 163
199 199
99 99
