SantaClarita Carrollton Lubbock Concord Reno FortCollins Stamford Berkeley Akron Chandler Paterson SanDiego Waco SanDiego StLouis SanDiego Henderson Portland Visalia Sunnyvale Surprise WestValleyCity Washington RanchoCucamonga Brownsville Orlando LosAngeles OklahomaCity Lafayette Alexandria Garland Worcester Fontana Fayetteville Independence SiouxFalls Scottsdale Bellevue Newark StPetersburg Miami LouisvilleJefferson LongBeach Hartford Boston Ontario Omaha Allentown Pomona Stockton Indianapolis Austin PembrokePines Frisco LexingtonFa Wichita Memphis Yonkers Thornton Beaumont NewportNews FortWorth Midland Thornton Huntsville Shreveport Victorville GardenGrove Carrollton SantaClarita
50
Midland Midland
Victorville Victorville
Shreveport Shreveport
Washington Washington
Independence Independence
OklahomaCity OklahomaCity
Sunnyvale Sunnyvale
Newark Newark
GardenGrove GardenGrove
LexingtonFa LexingtonFa
Scottsdale Scottsdale
Pomona Pomona
Carrollton Carrollton
Lafayette Lafayette
Worcester Worcester
Bellevue Bellevue
StLouis StLouis
Fayetteville Fayetteville
Stamford Stamford
Alexandria Alexandria
Paterson Paterson
Boston Boston
SiouxFalls SiouxFalls
Waco Waco
NewportNews NewportNews
Visalia Visalia
StPetersburg StPetersburg
Henderson Henderson
Brownsville Brownsville
Omaha Omaha
Beaumont Beaumont
LosAngeles LosAngeles
Huntsville Huntsville
Concord Concord
PembrokePines PembrokePines
Hartford Hartford
LouisvilleJefferson LouisvilleJefferson
RanchoCucamonga RanchoCucamonga
Ontario Ontario
LongBeach LongBeach
Austin Austin
WestValleyCity WestValleyCity
Yonkers Yonkers
Stockton Stockton
Indianapolis Indianapolis
Allentown Allentown
Wichita Wichita
Orlando Orlando
Garland Garland
Surprise Surprise
