Waco SanAntonio MorenoValley OverlandPark SterlingHeights Palmdale Clarksville Stamford Cary Stamford SanBernardino Victorville StPaul Palmdale FortWayne Palmdale LexingtonFa OWO AthensClarkeCounty SanFrancisco Richmond OverlandPark Newark Lincoln ChulaVista SantaClara Irving Oski Rochester SaltLakeCity AnnArbor OverlandPark Waco
24
Rochester Rochester
Palmdale Palmdale
Clarksville Clarksville
OWO OWO
Cary Cary
SanAntonio SanAntonio
StPaul StPaul
SanFrancisco SanFrancisco
LexingtonFa LexingtonFa
MorenoValley MorenoValley
AnnArbor AnnArbor
SterlingHeights SterlingHeights
Stamford Stamford
Lincoln Detroit Lincoln
FortWayne FortWayne
OverlandPark Omaha
Victorville FortCollins
SaltLakeCity SaltLakeCity
SanBernardino SanBernardino
AthensClarkeCounty AthensClarkeCounty
ChulaVista ChulaVista
Irving Irving
Richmond Richmond
Newark Newark
