wNqlpYNsRbJEgiGpKxrU lbWonvEbeplndKguSTkk igyeOiSdezmmXGTwMzLw oKAKfpUUuLItChLyByFh IvXQutSorlqOgnSVAIUd shugRMnaHVqQSmKaNBgu efZntVbfQTvIUOiRNPSH EEeDJaHeajXXlwYcHTeJ juzxSpUVuccJUMBOcJjO EEeDJaHeajXXlwYcHTeJ umZXKcxkweEplHZdotgU oLMkSrYLQRLHmPiuLCTC pMOSpTzPTPLXHLOQMjnt zHPSSEtFTQIbLYMdHqgP vTbNxpVTEoFlSjvvVvfG cMYyKTXGNKnFzrpwnXUl wuSVWJYvpiWaQAHXocSG cwgJAHVpCCTmuckJkncL lIpVoDPUIfHCPpjswogJ wfEFdNDcColoskjTjcLm uUKZHvHmBrpBHjYWNaUL MBJqOYmxhUYbldNVEdRy PZwTcKCPsEmpxetNZvef ZauPfhkpsGmhbvkhkltR FaWIqatYRYVcXfVhAFRN XtZHoAxqEyzvMChzPHpN CbGuHgZfQMmSOfHDFJnK qfRRtdRbhYJBARMfPlZM eobSFtKBbBdcVrTOREdK jUSlIFtitQxyvVLJjiCc XPPBMlNyfVVeZGIzTCEW jUSlIFtitQxyvVLJjiCc hLaNXBYgTzgUhvjmqUTu pzrGQEObzJGPnfATEYDc wlySPverjehsBxldyigf SitzoubgYFeTjmkLjVPz eCBFrcppbiLzdGQubocl ZwvojvRdUOYNJXIwAqgC qDLPWLkWayzdxIYSKLER gDYKDrbERUXTnCayjBrC QePOUWiXcAUCoHETxuGS iVjkcMenotYGMFEBTvoa VIPPawblKbhOVWrmrWBx JVONrXhhmtFWhFfDiOXW scpUkbcaYSAsHhSktebT FYfGkhtzhjqJHqxmUsVx kwPuYZgJgVVJfdBGUtPw HeWrJOKsDjgdrcamgZLN ccdJRKiTXwIErdhSIxfh erZKLqpCZsYKDnOCaBGq NIJaJxCurulNUdZZMxFk JvFxbsySBAiFiOUrzrBi IvXQutSorlqOgnSVAIUd NPSPGRTNRcKKVpsBRSwh NzDQJknJPDEkcwCHzzbF EmbDgEECbkHbfAfHCgwB vIbIQYXZnmYrooTLYNtu fgzJCwocQniGlXAZHJId UIlSMnVKIdNiXZNSiHsI bEfUXCTlwRBndElSbPGf imEmCMbYEtZJJkwxkSDD xlbpuxAjoVPJWPCWBEkJ zNRhhVdMWUgTnnqmAfeY syonLisTOSczosCwoILE kqcEdfKLaRzxOhAIzchh nCedHqGgdWAicwyuYWpg VRpSthoDcomqMDsGoVql yscsUFTNNyaVMKBztBdV EhDFVLWZueLOrdjEOzEQ QeYNNLpZMBxyiFbZMPFY wvSJDoqoPGAkYgSuPFPw UdSbtwxTqTJxOiUoxEqw eOfnBeTgmYCNEnRUhlEK KcrnMnFDTrBKaUaGpdLY fpoTaBKmVdlDCxFwCFoz FWnudSYFvYQJHehOpEKf YTwycpmzEWCqqTELtzXc ANDviqMIuFwdcboQDprt QyXpliHSeQOPIsurIcpa DpztIuGTRpGuLsdlODJw lSJjEsqamUCgRZdCmdyI edlAtPQdNXJQPCIzpkyX ihxEqMQIIvyQmtrtMjeO aGPbLNWYAMujnfHCTCMo kyApsCeFkLoLFCdkazaE gcXUxTVUZWsOwtRNeDDa GMxGouyyndiUBMqMdOoc joWAhkfNqIEECnBeulGl oZXYedlbtBLmkfoVmgta svUOWvTJLneAqJGnExpc eiLPqIroFfCGzqSAlzAp RlHeRhvUOhGhZVGGJuED gFUGYXSirCYiFTivWNah ayQgUwyRuQVKeyFLPNbQ ZXihCBEQBTdisqSlEMsj CvZkdIYtdeDHtwufupie oHoxoLeyDYnKZDzgMtxI TEPaiCedHTXapLxoBXMp bFmSeBrfNuxjYPUDCLYq NJZlnWyeJFrkOwoqHKtT xgBrJmdXVwtxgRuCBhMe gqsFUfkkQrlyYYdSXwmt nreoVgWrBhNXFZgTBlXO QjbdwbUnopENkiNyqirZ DZEpVGVXkxHljziwItaS ADVVlRLpnspleRTgeTdu oDgfEuAVpeOlkkTIMDLw mgNeYYUOPKpLeiVEFIXd NtyLZDOaSczVvOGdocUp WoTuprXYItmuBoyNwAcV wNqlpYNsRbJEgiGpKxrU
96
svUOWvTJLneAqJGnExpc svUOWvTJLneAqJGnExpc
cwgJAHVpCCTmuckJkncL cwgJAHVpCCTmuckJkncL
DZEpVGVXkxHljziwItaS DZEpVGVXkxHljziwItaS
NtyLZDOaSczVvOGdocUp NtyLZDOaSczVvOGdocUp
vIbIQYXZnmYrooTLYNtu vIbIQYXZnmYrooTLYNtu
yscsUFTNNyaVMKBztBdV yscsUFTNNyaVMKBztBdV
syonLisTOSczosCwoILE syonLisTOSczosCwoILE aIuYyryCOUGVeCAqbqkg jznspKyqlmxZtgfQUJVB
ihxEqMQIIvyQmtrtMjeO ihxEqMQIIvyQmtrtMjeO
ADVVlRLpnspleRTgeTdu ADVVlRLpnspleRTgeTdu
bFmSeBrfNuxjYPUDCLYq bFmSeBrfNuxjYPUDCLYq
NzDQJknJPDEkcwCHzzbF NzDQJknJPDEkcwCHzzbF
ZauPfhkpsGmhbvkhkltR ZauPfhkpsGmhbvkhkltR
DpztIuGTRpGuLsdlODJw DpztIuGTRpGuLsdlODJw
scpUkbcaYSAsHhSktebT scpUkbcaYSAsHhSktebT
ZwvojvRdUOYNJXIwAqgC ZwvojvRdUOYNJXIwAqgC
EmbDgEECbkHbfAfHCgwB EmbDgEECbkHbfAfHCgwB
FWnudSYFvYQJHehOpEKf FWnudSYFvYQJHehOpEKf
QeYNNLpZMBxyiFbZMPFY QeYNNLpZMBxyiFbZMPFY
juzxSpUVuccJUMBOcJjO juzxSpUVuccJUMBOcJjO
eobSFtKBbBdcVrTOREdK eobSFtKBbBdcVrTOREdK
wuSVWJYvpiWaQAHXocSG wuSVWJYvpiWaQAHXocSG
zNRhhVdMWUgTnnqmAfeY zNRhhVdMWUgTnnqmAfeY
EEeDJaHeajXXlwYcHTeJ EEeDJaHeajXXlwYcHTeJ
oKAKfpUUuLItChLyByFh oKAKfpUUuLItChLyByFh
efZntVbfQTvIUOiRNPSH efZntVbfQTvIUOiRNPSH
igyeOiSdezmmXGTwMzLw igyeOiSdezmmXGTwMzLw NYdfLxXxFVvLEbDKzXWn
xgBrJmdXVwtxgRuCBhMe xgBrJmdXVwtxgRuCBhMe
XPPBMlNyfVVeZGIzTCEW XPPBMlNyfVVeZGIzTCEW
YTwycpmzEWCqqTELtzXc YTwycpmzEWCqqTELtzXc
MBJqOYmxhUYbldNVEdRy MBJqOYmxhUYbldNVEdRy
NJZlnWyeJFrkOwoqHKtT NJZlnWyeJFrkOwoqHKtT
QyXpliHSeQOPIsurIcpa QyXpliHSeQOPIsurIcpa
pzrGQEObzJGPnfATEYDc pzrGQEObzJGPnfATEYDc
ayQgUwyRuQVKeyFLPNbQ ayQgUwyRuQVKeyFLPNbQ
bEfUXCTlwRBndElSbPGf bEfUXCTlwRBndElSbPGf
uUKZHvHmBrpBHjYWNaUL XvUPApTFkqaSSizYsCIr
wlySPverjehsBxldyigf wlySPverjehsBxldyigf
CbGuHgZfQMmSOfHDFJnK CbGuHgZfQMmSOfHDFJnK
edlAtPQdNXJQPCIzpkyX edlAtPQdNXJQPCIzpkyX
gcXUxTVUZWsOwtRNeDDa gcXUxTVUZWsOwtRNeDDa
EhDFVLWZueLOrdjEOzEQ EhDFVLWZueLOrdjEOzEQ
KcrnMnFDTrBKaUaGpdLY KcrnMnFDTrBKaUaGpdLY
nreoVgWrBhNXFZgTBlXO nreoVgWrBhNXFZgTBlXO
mgNeYYUOPKpLeiVEFIXd mgNeYYUOPKpLeiVEFIXd
kqcEdfKLaRzxOhAIzchh kqcEdfKLaRzxOhAIzchh
SitzoubgYFeTjmkLjVPz SitzoubgYFeTjmkLjVPz
IvXQutSorlqOgnSVAIUd IvXQutSorlqOgnSVAIUd
oHoxoLeyDYnKZDzgMtxI oHoxoLeyDYnKZDzgMtxI
CvZkdIYtdeDHtwufupie CvZkdIYtdeDHtwufupie szyiMlKhtyOynWjcoMsm
cMYyKTXGNKnFzrpwnXUl cMYyKTXGNKnFzrpwnXUl
kwPuYZgJgVVJfdBGUtPw kwPuYZgJgVVJfdBGUtPw
JvFxbsySBAiFiOUrzrBi JvFxbsySBAiFiOUrzrBi
erZKLqpCZsYKDnOCaBGq erZKLqpCZsYKDnOCaBGq
GMxGouyyndiUBMqMdOoc GMxGouyyndiUBMqMdOoc
NPSPGRTNRcKKVpsBRSwh NPSPGRTNRcKKVpsBRSwh
QePOUWiXcAUCoHETxuGS QePOUWiXcAUCoHETxuGS
ANDviqMIuFwdcboQDprt ANDviqMIuFwdcboQDprt
HeWrJOKsDjgdrcamgZLN HeWrJOKsDjgdrcamgZLN
UIlSMnVKIdNiXZNSiHsI UIlSMnVKIdNiXZNSiHsI
eOfnBeTgmYCNEnRUhlEK eOfnBeTgmYCNEnRUhlEK
qfRRtdRbhYJBARMfPlZM qfRRtdRbhYJBARMfPlZM
imEmCMbYEtZJJkwxkSDD imEmCMbYEtZJJkwxkSDD
xlbpuxAjoVPJWPCWBEkJ xlbpuxAjoVPJWPCWBEkJ
TEPaiCedHTXapLxoBXMp TEPaiCedHTXapLxoBXMp
fgzJCwocQniGlXAZHJId fgzJCwocQniGlXAZHJId
ccdJRKiTXwIErdhSIxfh ccdJRKiTXwIErdhSIxfh
aGPbLNWYAMujnfHCTCMo aGPbLNWYAMujnfHCTCMo
pMOSpTzPTPLXHLOQMjnt pMOSpTzPTPLXHLOQMjnt
wvSJDoqoPGAkYgSuPFPw wvSJDoqoPGAkYgSuPFPw
wfEFdNDcColoskjTjcLm wfEFdNDcColoskjTjcLm
jUSlIFtitQxyvVLJjiCc jUSlIFtitQxyvVLJjiCc
oLMkSrYLQRLHmPiuLCTC oLMkSrYLQRLHmPiuLCTC
zHPSSEtFTQIbLYMdHqgP zHPSSEtFTQIbLYMdHqgP
NIJaJxCurulNUdZZMxFk NIJaJxCurulNUdZZMxFk
gDYKDrbERUXTnCayjBrC gDYKDrbERUXTnCayjBrC
hLaNXBYgTzgUhvjmqUTu hLaNXBYgTzgUhvjmqUTu
kyApsCeFkLoLFCdkazaE kyApsCeFkLoLFCdkazaE
PZwTcKCPsEmpxetNZvef PZwTcKCPsEmpxetNZvef
shugRMnaHVqQSmKaNBgu shugRMnaHVqQSmKaNBgu
UdSbtwxTqTJxOiUoxEqw UdSbtwxTqTJxOiUoxEqw
JVONrXhhmtFWhFfDiOXW JVONrXhhmtFWhFfDiOXW
VIPPawblKbhOVWrmrWBx VIPPawblKbhOVWrmrWBx
XtZHoAxqEyzvMChzPHpN XtZHoAxqEyzvMChzPHpN
nCedHqGgdWAicwyuYWpg nCedHqGgdWAicwyuYWpg
lSJjEsqamUCgRZdCmdyI lSJjEsqamUCgRZdCmdyI
VRpSthoDcomqMDsGoVql VRpSthoDcomqMDsGoVql
lbWonvEbeplndKguSTkk lbWonvEbeplndKguSTkk
oZXYedlbtBLmkfoVmgta oZXYedlbtBLmkfoVmgta
RlHeRhvUOhGhZVGGJuED RlHeRhvUOhGhZVGGJuED
QjbdwbUnopENkiNyqirZ QjbdwbUnopENkiNyqirZ
fpoTaBKmVdlDCxFwCFoz fpoTaBKmVdlDCxFwCFoz
joWAhkfNqIEECnBeulGl joWAhkfNqIEECnBeulGl
vTbNxpVTEoFlSjvvVvfG vTbNxpVTEoFlSjvvVvfG
ZXihCBEQBTdisqSlEMsj ZXihCBEQBTdisqSlEMsj
lIpVoDPUIfHCPpjswogJ WMWBpOSnHGywZjCgaYyY
eiLPqIroFfCGzqSAlzAp eiLPqIroFfCGzqSAlzAp
