Soda woolf winifred danyal rosen berit chloe alvin yip caroline daniel juliann lo roshan kevin ruhi eshaan annie vilaythong djajadi andrew sarina rabie ian walsh aidan meghan castro singhal connor ritter ashley shah massachusetts amanda sunny lewke tamara jarrett krishnan garcia shen sriram rob golden noor martinez davis garbers patagonia grace Soda
50
danyal danyal
singhal singhal
grace grace
patagonia patagonia
shen shen
sunny sunny
vilaythong vilaythong
alvin alvin
rabie rabie
sriram sriram
daniel daniel
winifred winifred
davis davis
castro castro
rob rob
noor noor
lewke lewke
golden golden
martinez martinez
chloe chloe
garbers garbers
garcia garcia
sarina sarina
krishnan krishnan
amanda amanda
massachusetts massachusetts
ruhi ruhi
jarrett jarrett
tamara tamara
rosen rosen
shah shah
woolf woolf
eshaan eshaan
caroline caroline
yip yip
juliann juliann
kevin kevin
lo lo
roshan roshan
annie annie
djajadi djajadi
meghan meghan
ritter ritter
andrew andrew
ian ian
walsh walsh
aidan aidan
connor connor
ashley ashley
berit berit
