Jingzhou Ghugus Manduria Sanaa Sarzedo Jeypore Entroncamento Shizunaifurukawacho Shumen Ermelo Sapele Kirovsk SmederevskaPalanka Chittaranjan Ibri BeneBeraq Gangtok Tabatinga Kabarnet CoonRapids Sagalo BurgbeiMagdeburg Shively Rangae SaintMichael Rembangan AzZuwaytinah RioFormoso Radnor LondonderryCountyBor Colachel Ketrzyn SanJosedeOcoa Tottori Thamaga Bejucal Depok FortLauderdale TanahMerah Malnate Kheri Carmichael Crespo Khabarovsk Chegem Lysva Jingzhou
43
CoonRapids CoonRapids
Sarzedo Sarzedo
SaintMichael SaintMichael
Colachel Colachel
Entroncamento Entroncamento
Chegem Chegem
Rembangan Rembangan
AzZuwaytinah AzZuwaytinah Ronse
Manduria Manduria
Gangtok Gangtok
Tottori Tottori
Kirovsk Kirovsk
Ermelo Ermelo
Chittaranjan Chittaranjan
Depok Depok
Shizunaifurukawacho Shizunaifurukawacho
Crespo Crespo
Ibri Ibri
Lysva Lysva
Jeypore Jeypore
TanahMerah TanahMerah
Ghugus Ghugus Veenendaal
Khabarovsk Khabarovsk
Shively Shively
BurgbeiMagdeburg BurgbeiMagdeburg
Rangae Rangae
Kabarnet Kabarnet
Ketrzyn Ouarzazat Ketrzyn
Sagalo Sagalo
Kheri Kheri Srinagar
SanJosedeOcoa SanJosedeOcoa
LondonderryCountyBor LondonderryCountyBor
Shumen Shumen
Sanaa Sanaa JabalosSaraj
Thamaga Thamaga
Tabatinga Tabatinga
Carmichael Carouge elCampello Carmichael
Radnor Radnor
FortLauderdale FortLauderdale
BeneBeraq BeneBeraq
Malnate Malnate
Bejucal Bejucal
RioFormoso RioFormoso
