Dannemora Fire Goshen Flanders Frankfort DeRuyter Fairmount Dexter Germantown Delmar Herricks Deposit Earlville Firthcliffe Highland Farmingville Frewsburg Dunkirk Noyack Deferiet Fishers Forest Norwich Franklinville Dansville Delevan Dansville Delanson Deer Florida Farnham Freeville Delhi Franklin Norwood Fairport Fulton Gardiner Falconer Gasport Oceanside Fair Oceanside Freeport Forestville Davis Fishkill Mills Fairview Geneva Depew Hicksville Herkimer Fayetteville Harbor Fredonia Depauville Ghent Glenwood Fabius Fonda Fleischmanns Hamburg Dannemora
48
Dansville Dansville
Davis Davis
Deer Deer
Deferiet Deferiet
Delanson Delanson
Delevan Delevan Galeville
Delhi Delhi
Delmar Delmar
Depauville Depauville
Depew Depew
Deposit Deposit
DeRuyter DeRuyter
Dexter Dexter
Dunkirk Dunkirk
Earlville Earlville
Fabius Fabius
Fair Fair
Fairmount Fairmount
Fairport Fairport
Fairview Fairview
Falconer Falconer
Farmingville Farmingville
Farnham Farnham
Fayetteville Fayetteville
Fire Fire
Firthcliffe Firthcliffe
Fishers Fishers
Fishkill Fishkill
Flanders Flanders
Fleischmanns Fleischmanns
Florida Florida
Hamburg Flower
Fonda Fonda
Forest Forest
Forestville Forestville
Frankfort Frankfort
Franklin Franklin
Franklinville Franklinville
Fredonia Fredonia
Freeport Freeport
Freeville Freeville
Frewsburg Frewsburg
Gardiner Friendship Gardiner
Fulton Fulton
Gasport Gasport
Geneva Geneva
Germantown Germantown
Ghent Ghent
