Acton Carlsbad Encinitas Canyondam Bakersfield Burney Fellows Bradbury Adelanto Colusa Dinuba Alturas Florin Calexico Blairsden Atherton Blairsden Calexico Anderson Caribou Eureka Brawley Biggs Byron Fruitdale Avenal Chowchilla Avery Capitola Barstow Calimesa Burbank Camarillo Burbank Arcadia Belvedere Bonita Carrick Alameda Berkeley Armona Danville Blythe Arbuckle Biola Brentwood Calabasas Beaumont Benicia Alpaugh Bell Artesia Diablo Fortuna Calwa Carson Antioch Folsom Emeryville Atwater Escondido Albany Bayview Ducor Burlingame Ducor Bloomington Ceres Auburn Farmersville Covelo Cartago Bodfish Cotati Boron Cotati August Castroville Fontana Alpine Columbia Carpinteria Columbia Avalon Alamo Banning Fresno Bluewater Cerritos Broadmoor Amesti Cabazon Crockett Calipatria Crockett Campbell Arnold Bradley Caruthers Freedom Carmichael Duarte Cupertino Auberry Corona Aptos Bystrom Aromas Bootjack Cloverdale Altadena Foresthill Covelo Ashland Alhambra Belden Arcata Corning Brisbane Belmont Cambria Almanor Cambria Cayucos Arvin Bishop Brea Azusa Beckwourth Calistoga Anaheim Bystrom Buttonwillow Bowles Buttonwillow Boronda Clyde Bonsall Atascadero Angwin Bolinas Bellflower Carlsbad Acton
100
Adelanto Adelanto
Alameda Alameda
Alamo Alamo
Albany Albany
Alhambra Alhambra
Almanor Almanor
Alpaugh Alpaugh
Alpine Alpine
Altadena Altadena
Alturas Alturas
Amesti Amesti
Anaheim Anaheim
Anderson Anderson
Angwin Angwin
Antioch Antioch
Aptos Aptos
Arbuckle Arbuckle
Arcadia Arcadia
Arcata Arcata
Armona Armona
Arnold Arnold
Aromas Aromas
Artesia Artesia
Arvin Arvin
Ashland Ashland
Atascadero Atascadero
Atherton Atherton
Atwater Atwater
Auberry Auberry
Auburn Auburn
August August
Avalon Avalon
Avenal Avenal
Avery Avery
Azusa Azusa
Bakersfield Bakersfield
Banning Banning
Barstow Barstow
Bayview Bayview
Beaumont Beaumont
Beckwourth Beckwourth
Belden Belden
Bell Bell
Bellflower Bellflower
Belmont Belmont
Belvedere Belvedere
Benicia Benicia
Berkeley Berkeley
Biggs Biggs
Biola Biola
Bishop Bishop
Blairsden Blairsden
Bloomington Bloomington
Bluewater Bluewater
Blythe Blythe
Bodfish Bodfish
Bolinas Bolinas
Bonita Bonita
Bonsall Bonsall
Bootjack Bootjack
Boron Boron
Boronda Boronda
Bowles Bowles
Bradbury Bradbury
Bradley Bradley
Brawley Brawley
Brea Brea
Brentwood Brentwood
Brisbane Brisbane
Broadmoor Broadmoor
Burbank Burbank
Burlingame Burlingame
Burney Burney
Buttonwillow Buttonwillow
Byron Byron
Bystrom Bystrom
Cabazon Cabazon
Calabasas Calabasas
Calexico Calexico
Calimesa Calimesa
Calipatria Calipatria
Calistoga Calistoga
Calwa Calwa
Camarillo Camarillo
Cambria Cambria
Campbell Campbell
Canyondam Canyondam
Capitola Capitola
Caribou Caribou
Carlsbad Carlsbad
Carmichael Carmichael
Carpinteria Carpinteria
Carrick Carrick
Carson Carson
Cartago Cartago
Caruthers Caruthers
Castroville Castroville
Cayucos Cayucos
Ceres Ceres
Cerritos Cerritos
