Acadia Capitol Acadia Tortugas Acadia Guadalupe Sequoia Arches Olympic Crater Badlands Basin Gunnison Glacier Brycecanyon Canyonlands Clark Shenandoah Haleakala Indiana Channel Gateway Teton Isle Lassen Smoky Voyageurs Bend Yosemite Denali Katmai Everglades Caverns Congaree Cuyahoga Biscayne Acadia
25
Arches Arches
Badlands Badlands
Bend Bend
Biscayne Biscayne
Gunnison Gunnison
Brycecanyon Brycecanyon
Canyonlands Canyonlands
Capitol Capitol
Caverns Caverns
Channel Channel
Congaree Congaree
Crater Crater
Cuyahoga Cuyahoga
Denali Denali
Tortugas Tortugas
Everglades Everglades
Gateway Gateway
Glacier Glacier
Teton Teton
Basin Basin
Smoky Smoky
Guadalupe Guadalupe
Haleakala Haleakala
Indiana Indiana
Isle Isle
