6 195 193 195 188 181 174 167 160 158 160 153 152 153 146 139 137 139 132 131 132 125 118 111 109 111 104 103 104 97 90 83 76 69 62 55 48 41 34 33 34 27 20 13 6
35
6 6 2 1
13 10 12 11
20 19 17 18
27 27 25 22
33 31 30
34 32
41 38 41 39
48 44 43 47
55 50 51 53
62 61 60 62
69 64 69 65
76 76 74 75
83 83 77 80
90 90 87 88
97 96 91 94
103 101 100 103
111 110
109 106 105
118 116 115 112
125 124 120 122
131 128 129
132 126
139 136
137 134 133
146 140 145 142
152 150 149
153 148
158 155 154
160 160
167 165 166 161
174 174 172 169
181 179 177 181
188 182 184 186
195 194
193 189 190
