0 11 20 30 52 43 33 24 15 6 17 8 19 28 27 26 35 36 45 54 63 64 82 80 90 91 92 111 112 123 151 162 161 150 132 143 135 124 114 104 95 85 75 76 66 57 56 55 46 47 58 77 87 89 107 108 119 139 149 138 147 155 156 157 167 175 174 173 172 171 180 192 193 184 185 186 196 188 178 168 158 159 148 137 126 115 105 94 84 73 62 51 40 31 22 13 4 3 12 0
97
3 3
4 4
6 6
8 8
11 11
12 12
13 13
15 15
17 17
19 19
20 20
22 22
24 24
26 26
27 27
28 28
30 30
31 31
33 33
35 35
36 36
40 40
43 43
45 45
46 46
47 47
51 51
52 52
54 54
55 55
56 56
57 57
58 58
62 62
63 63
64 64
66 66
73 73
75 75
76 76
77 77
80 80
82 82
84 84
85 85
87 87
89 89
90 90
91 91
92 92
94 94
95 95
104 104
105 105
107 107
111 111
112 112
114 114
115 115
119 119
123 123
124 124
126 126
132 132
135 135
137 137
138 138
139 139
143 143
147 147
148 148
149 149
150 150
151 151
155 155
156 156
157 157
158 158
159 159
161 161
162 162
167 167
168 168
171 171
172 172
173 173
174 174
175 175
178 178
180 180
184 184
185 185
186 186
188 188
192 192
193 193
196 196
