pace voice financial respect bitter rob lake page fortune imposter paper understand figure banana judicial glasses tool dialogue likely dialogue prison solve tolerate forge vegetarian forge winner solve prison injury shy nationalist shy title sunrise seize due guarantee king guarantee buffet exclusive dip joint demand pain demand cigarette tablet swear other excuse thumb enhance dough enhance legislation sign romantic straighten quality headline mature brake chair mystery enter autonomy output circulation deposit honor feature interactive throne interactive pace
48
shy shy
swear swear
dough dough linger
pain pain
buffet buffet
circulation circulation
exclusive class exclusive
nationalist nationalist
tool tool
honor honor
prison prison
imposter imposter
guarantee guarantee
other other
rob rob
sunrise sunrise
voice voice
winner winner
vegetarian vegetarian
tolerate tolerate
lake lake
headline headline
throne throne
seize seize
glasses glasses
paper paper
tablet tablet
legislation legislation
enter enter
enhance enhance
quality quality
injury injury
bitter bitter
dip dip
page page
mystery mystery
figure figure
autonomy autonomy
likely likely
demand demand
output output
thumb thumb
cigarette cigarette
brake brake
financial financial
title title
king king
sign sign
