pace other quadruple ask enemy control enemy desk spoil desk injection pardon notebook fortune financial mercy mixture chair respect throne structure bowel brake scheme brake nationalist acceptance nationalist swop joystick guarantee attraction coffin bitter rage deposit page mature native development skeleton development confrontation forge confrontation mixture joint output joint single country triple candle dialogue home flag injury demand rob demand feature opposed dip exclusive excuse teacher ex beg joystick swop electronics interface environment bleed curriculum chew offset chew drawer smile bleed pier pig straighten identity coincide dive honor comfortable likely viable atmosphere rent sunrise audience ignore due ignore shiver ignore liver tool railcar tool swear coast profound coast lifestyle cotton paper autonomy quality boom winner assignment winner virgin blonde pipe buffet exempt buffet election interactive error widen banana driver imposter tablet note deter terms thumb terms deter linger physics dough greeting decisive linger vegetarian exile vegetarian market pace
95
exclusive exclusive
identity identity
injection injection
market market
acceptance acceptance
exempt exempt
coffin coffin
greeting begin greeting
teacher teacher
autonomy autonomy
development development
drawer drawer
control control
swop swop
enemy stress illusion enemy
audience audience
injury injury
deter deter
environment environment
virgin virgin
tablet tablet
output output
dip dip
thumb thumb
structure structure
buffet buffet
viable viable
dough dough
assignment assignment
coincide coincide
atmosphere atmosphere
cotton cotton
triple triple
mature mature
pig pig
spoil spoil
profound profound
curriculum curriculum
widen widen
dive dive
shiver shiver
smile smile headline
note note
flag flag
physics physics
driver driver
railcar railcar
mercy mercy
error error
throne throne
decisive decisive
candle candle
rob rob
scheme scheme
offset offset
country knot country
comfortable comfortable
native native
skeleton skeleton
rent rent
guarantee guarantee
coast coast
interface interface
electronics electronics
other other
confrontation confrontation
exile exile
pace pace
ask ask
imposter imposter
straighten straighten
quadruple quadruple
liver liver
pardon pardon
due due
likely likely
bowel bowel
home home
financial financial
lifestyle lifestyle
ignore ignore
interactive interactive
respect respect
swear swear
chair chair
page page
boom boom
attraction attraction
forge forge
rage rage
election election
excuse excuse
tool tool
feature feature
pipe pipe
