pace nationalist feature nationalist brake headline audience due excuse gate tablet approval voice mixture market likely circulation likely king page guarantee enter deposit skeleton injury output exclusive throne exclusive pace
22
deposit deposit
enter exempt enter honor
gate gate
audience audience
headline headline
brake brake opposed
likely likely
market market
mixture mixture
throne throne
circulation circulation
feature feature
output output
nationalist nationalist
voice voice
excuse excuse
guarantee guarantee
king king
page page
injury injury
approval approval
skeleton skeleton
