0 182 181 179 178 177 118 114 111 176 106 175 172 170 171 102 94 169 89 168 86 92 80 167 166 76 165 72 164 67 163 162 120 160 159 157 47 156 52 155 154 54 57 153 60 151 152 150 11 149 147 14 145 146 20 144 24 5 141 139 1 138 135 44 131 40 132 38 134 133 34 27 182 0
30
1 2 3 4 13
5 6 7 8 9 10
11 12
14 15 16 17 18 19
20 21 22 23
24 25 26
27 28 29 30 31 32 33
34 35 36 37
38 39
40 41 42 43
44 45 46
47 48 49 50 51
52 53
54 55 56
57 58 59
60 61 62 63 64 65 66
67 68 69 70 71
72 73 74 75
76 77 78 79
80 81 82 83 84 85
86 87 88
89 90 91
92 93
94 95 96 97 98 99 100 101
102 103 104 105
106 107 108 109 110
111 112 113
114 115 116 117
118 119
120 121 122 123 124 125 126 127 128 129 130
