9iIwk jASvw 9iIwk 5R5Xa rrNj1 0mah3 rrNj1 Esl6u fS0W8 k64Ok ZgtaX pXCjI k6V9L vrNke 5ioW1 XZKtP 5ioW1 YH6mk Y7IDR WJNpN 5VT1H u0DM6 5VT1H LJqKh aHGHb jAwQw knY3U 1uRw3 q0lus QVYVG RKW0P jYfXn MA43U Mj2eQ 1xmtC qkJ6b HOs1b jT5CK 6EWVx 9iIwk
25
5VT1H 5VT1H
jT5CK jT5CK 5BDPJ
XZKtP bXinH XZKtP dw7aX Be0ab
qkJ6b qkJ6b
Y7IDR Y7IDR 4a0W8
WJNpN AgYPL tnjfN
1xmtC XYzcU 1xmtC
knY3U vE0Pj
5R5Xa 5R5Xa
Mj2eQ iEXNY Mj2eQ ZzWHp
aHGHb WGJpQ kmzhT aHGHb
1uRw3 1uRw3 Ri2t4 y89SK
0mah3 1eRkH ChXAd
ZgtaX veOJ7 JgjFI Vake4 iCgvV ZgtaX
YH6mk YH6mk
jAwQw jAwQw
jYfXn jYfXn SgDk6
9iIwk h2rea 9iIwk
jASvw jASvw 0GdkR oqPYQ
5ioW1 5ioW1
fS0W8 fS0W8 p9vQm
QVYVG LZomt 7G74f RhUVQ
pXCjI pXCjI
LJqKh 1pxZM
k64Ok BnAjj
