location1 location2 location5 location4 location7 location8 location11 location12 location15 location14 location17 location86 location83 location84 location87 location86 location89 location86 location85 location82 location79 location58 location57 location54 location53 location50 location28 location29 location28 location31 location124 location125 location126 location129 location128 location131 location130 location133 location132 location135 location136 location139 location138 location141 location142 location145 location144 location71 location169 location166 location165 location164 location167 location164 location163 location160 location157 location154 location155 location152 location149 location146 location143 location140 location137 location20 location19 location51 location177 location176 location179 location66 location65 location66 location69 location66 location63 location60 location33 location36 location39 location38 location41 location42 location45 location47 location44 location43 location73 location118 location115 location112 location111 location108 location107 location104 location105 location102 location99 location96 location97 location98 location101 location1
74
location1 location1
location2 location3
location5 location5
location7 location7 location77
location8 location9
location11 location11
location12 location13
location15 location15
location17 location17
location19 location19
location20 location21 location23
location28 location25 location27
location29 location29
location31 location31
location33 location33
location36 location35 location37
location39 location39
location41 location41
location43 location43
location45 location45
location47 location47
location50 location49
location51 location51
location53 location53
location83 location55 location83
location57 location57
location58 location59 location61
location63 location63
location65 location65
location125 location67 location125
location69 location69
location71 location71
location73 location73
location60 location75
location79 location79
location14 location81
location85 location85
location87 location87 location91 location171
location89 location89
location96 location93 location95
location97 location97
location99 location99
location101 location101
location104 location103
location105 location105
location107 location107
location112 location109 location113
location111 location111
location115 location115
location118 location117 location119
location124 location121 location123 location127
location129 location129
location131 location131
location133 location133
location135 location135
location137 location137
location139 location139
location141 location141
location143 location143
location145 location145
location144 location147
location149 location149
location154 location151 location153
location155 location155
location157 location157
location160 location159
location164 location161
location163 location163
location165 location165
location167 location167
location169 location169
location176 location173 location175
location177 location177
location179 location179
