Taozhuang Chharra Ilesa Gua Middle Besuki Vernon Severodvinsk Vernon Caravaca Vernon Jingzhou Uran Jinotepe Alatyr Kallio Somma Donggongon Boo Hechingen Aytos Gudermes Memmingen Strathfield Bourbonnais Longgang Norco Udumalaippettai Carnot Bhit Durazno Bhit Camayenne Artur New Ulu Freetown Southsea Sarandi Ramla Chharra Jackson Rosedale Tupelo Esperanza Bang Waverly Nonsan Villa Cibinong Villa Rafiganj Rutherglen Gauting Rutherglen Oulmes Fort Uran Pottstown Uran Wesseling Chharra Taozhuang
48
Gauting Gauting
Nonsan Nonsan
Jackson Jackson
Kallio Kallio
Ulu Ulu
Sarandi Sarandi
Middle Middle
Donggongon Donggongon
Durazno Durazno
Camayenne Camayenne
Strathfield Strathfield
Cibinong Cibinong
Jingzhou Jingzhou
New New
Somma Somma
Ramla Azrou Ramla
Fort Fort
Esperanza Esperanza
Longgang Longgang
Udumalaippettai Udumalaippettai
Boo Boo Esmeraldas
Villa Villa
Severodvinsk Severodvinsk
Ilesa Ilesa
Besuki Besuki
Gudermes Gudermes
Southsea Calauan
Wesseling Wesseling
Taozhuang Taozhuang
Rosedale Rosedale
Aytos Aytos
Tupelo Tupelo
Rutherglen Rutherglen
Alatyr Alatyr
Artur Artur
Bang Bang
Freetown Freetown
Waverly Waverly
Caravaca Caravaca
Chharra Sicklerville
Bourbonnais Bourbonnais
Memmingen Memmingen
Hechingen Hechingen
Jinotepe Jinotepe
Rafiganj Rafiganj
Pottstown Pottstown
Uran Uran
Oulmes Oulmes
