Lesnoy GatesNorth Beveren Kundla Beveren Artur Portogruaro Stade Ishim Gisborne Dharmapuri Gisborne Meerut Blackpool Hudiksvall Franceville Rutherglen Winsford Sungurlu Malaut Pingyi Hueytown Brentwood Zgorzelec Yangambi Andijon Glogovac Visitacion Lesnoy
24
Hudiksvall Hudiksvall
Rutherglen Rutherglen
Dharmapuri Dharmapuri
Artur Artur
Meerut Meerut
Kundla Kundla
Visitacion Visitacion
Hueytown Sun Hueytown
Zgorzelec Zgorzelec
Ishim Ishim
Malaut Malaut
Pingyi Pingyi
Stade Stade
Sungurlu Sungurlu
Glogovac Glogovac
Gisborne Gisborne
GatesNorth GatesNorth
Blackpool Blackpool
Lesnoy Lesnoy
Winsford Winsford
Portogruaro Portogruaro
Franceville Franceville
Brentwood Brentwood
Yangambi Yangambi
