1 143 144 134 132 131 120 122 108 119 96 110 84 98 72 95 60 86 48 83 36 74 24 71 1 4 142 136 130 124 118 112 106 100 94 88 82 76 70 64 58 52 46 40 34 28 22 16 10 137 138 128 126 125 114 104 102 101 90 92 78 89 66 80 54 77 42 68 30 65 18 56 6 53 3 44 3 41 3 32 3 29 3 20 3 17 3 8 3 5 1 62 1 50 1 47 1 38 1 35 1 23 1 2 1
88
2 2
4 4
5 5
6 6
8 8
10 10
1 11 14 26 59 107
143 12 143
16 16
17 17
18 18
20 20
22 22
23 23
24 24
28 28
29 29
30 30
32 32
34 34
35 35
36 36
38 38
40 40
41 41
42 42
44 44
46 46
47 47
48 48
50 50
52 52
53 53
54 54
56 56
58 58
60 60
62 62
64 64
65 65
66 66
68 68
70 70
71 71
72 72
74 74
76 76
77 77
78 78
80 80
82 82
83 83
84 84
86 86
88 88
89 89
90 90
92 92
94 94
95 95
96 96
98 98
100 100
101 101
102 102
104 104
106 106
108 108
110 110
112 112
142 113 116 140 142
114 114
118 118
119 119
120 120
122 122
124 124
125 125
126 126
128 128
130 130
131 131
132 132
134 134
136 136
137 137
138 138
144 144
