pride thank equinox partnership pupil shelter homosexual wrong huge farewell transmission concern create direct feign knit east exotic dilemma think line gift mind tin perception accessible predict scrap berry car crew cancel appear prove basketball bring suffer maze leash rabbit creation glide bracket ballot fuss minimize community dramatic lobby formation present inhibition craftsman work whole pastel thread top tribe mechanism traction colon salmon linear battery skip seller steward desk dialect absorption adult magnetic nationalism denial breakin merit snap trance dedicate deter contract belief transaction vote company mosaic integrated celebration loud hide fortune offensive dose childish valid deck makeup magnitude domestic pride
100
transmission transmission
farewell farewell
trance trance
pride pride
mind mind
magnitude magnitude
predict predict
car car
prove prove
community community
lobby lobby
adult adult
vote vote
dramatic dramatic
create create
think think
mechanism mechanism
ballot ballot
tin tin
feign feign
crew crew
battery battery
makeup makeup
salmon salmon
work work
thank thank
nationalism nationalism
partnership partnership
tribe tribe
dose dose
east east
breakin breakin
homosexual homosexual
absorption absorption
scrap scrap
valid valid
seller seller
glide glide
loud loud
berry berry
leash leash
wrong wrong
mosaic mosaic
minimize minimize
company company
hide hide
accessible accessible
equinox equinox
skip skip
belief belief
fuss fuss
fortune fortune
suffer suffer
knit knit
rabbit rabbit
integrated integrated
deter deter
exotic exotic
gift gift
magnetic magnetic
top top
pupil pupil
pastel pastel
bracket bracket
craftsman craftsman
merit merit
colon colon
dedicate dedicate
dialect dialect
dilemma dilemma
traction traction
transaction transaction
domestic domestic
huge huge
maze maze
denial denial
concern concern
present present
creation creation
perception perception
cancel cancel
basketball basketball
deck deck
appear appear
contract contract
snap snap
whole whole
desk desk
steward steward
linear linear
direct direct
inhibition inhibition
shelter shelter
formation formation
childish childish
celebration celebration
bring bring
line line
thread thread
offensive offensive
