1 176 177 178 177 176 1 14 17 14 1 76 77 78 79 80 79 78 77 76 1 64 65 66 64 1 114 115 114 1 2 3 4 2 1 168 171 168 1 6 8 6 1 10 11 10 1 56 57 58 59 56 1 60 61 63 60 1 68 70 71 69 68 1 106 108 109 106 1 110 112 111 113 110 1 118 119 118 1 160 161 163 160 1 126 127 128 129 130 129 128 127 126 1 50 51 52 53 54 52 51 50 1 100 101 102 104 105 102 101 100 1 150 151 152 153 155 152 151 150 1 22 23 25 24 22 1 72 73 75 74 72 1 122 123 124 122 1 172 173 175 174 172 1 26 27 28 27 26 1
60
3 3
4 4
2 5
6 7 9
8 8
11 11
10 12 13
14 15 16
17 17
1 19 20 21 157 158 159 165 166 167
23 23
24 24
25 25
28 28 30
53 53
54 54
52 55
57 57
58 58
59 59
61 61
60 62
63 63
65 65
66 66
64 67
69 69
70 70
71 71
73 73
74 74
75 75
78 78
80 80
104 103 104
105 105
106 107
108 108
109 109
111 111
112 112
113 113
115 115
114 116 117
119 119 120 121
123 123
124 124 125
128 128
130 130
153 153 154
155 155
161 161
160 162
163 163
168 169
171 170 171
173 173
174 174
175 175
178 178 180
