0 10 20 21 22 31 42 51 61 71 70 80 81 82 83 72 73 63 53 43 33 24 34 45 55 66 76 86 95 96 107 116 127 136 147 146 155 165 164 154 153 152 151 142 132 133 123 124 125 114 105 104 103 102 101 111 122 121 120 130 140 150 161 170 181 182 183 184 174 175 176 186 196 187 188 198 189 178 168 158 149 139 129 118 108 98 99 89 88 87 77 67 68 57 48 37 38 39 29 18 9 18 17 16 26 15 5 4 3 12 2 1 0
93
53 53
125 125
186 186
86 86
31 31
152 152
154 154
114 114
61 61
20 20
130 130
196 196
150 160 150
80 80
108 108
127 127
29 29
22 22
99 99
77 77
12 12
101 101
82 82
15 15
103 103
2 2
178 178
155 155 166
73 64 73
21 21
188 188
122 122
158 158
9 9
33 33
132 132
51 51
71 71
16 16
123 123
39 39
68 68
139 139
95 95 94
146 146
147 147
5 5
164 164
149 149
175 175
18 18 8
151 151
4 4
76 76
176 167 176
87 87
83 83
189 189
118 118
181 181
153 153
120 120
184 184
81 81
129 129
133 133
26 26
17 17
105 105
140 140
111 111
182 182
48 48
165 165
43 43
42 42
45 45
37 37
70 70
98 98
104 104
107 107
198 199 198
96 96
161 161
116 116
102 102
24 24
183 183
187 187
72 72
89 89
67 67
