Nepal Georgia Argentina Liechtenstein Tanzania Afghanistan Palau Vietnam Niger Serbia Panama Fiji Botswana NewZealand Slovakia Azerbaijan Belarus Ecuador Estonia Suriname MarshallIslands TheGambia VaticanCity SaintLucia Mauritius Kuwait Nepal
23
Azerbaijan Azerbaijan
NewZealand Tajikistan NewZealand
VaticanCity VaticanCity
Estonia Estonia
Botswana Botswana
Vietnam UAE Vietnam
Serbia Serbia
Belarus Belarus
Tanzania Tanzania
Georgia Georgia
Panama Panama
Suriname Suriname
Fiji Fiji
Argentina Argentina
Niger Niger
MarshallIslands MarshallIslands
Afghanistan Afghanistan
Slovakia Slovakia
Palau Palau
Liechtenstein Liechtenstein
Mauritius Mauritius
Kuwait Kuwait
SaintLucia SaintLucia
