point0 point69 point113 point111 point110 point112 point124 point123 point127 point126 point121 point129 point125 point122 point83 point75 point76 point78 point73 point72 point68 point67 point109 point67 point68 point63 point16 point3 point22 point21 point14 point27 point34 point31 point33 point25 point30 point35 point29 point43 point39 point40 point39 point45 point42 point45 point86 point93 point92 point95 point87 point89 point131 point135 point139 point137 point179 point189 point183 point181 point186 point134 point140 point120 point132 point138 point187 point182 point190 point185 point177 point178 point171 point160 point163 point162 point163 point155 point146 point151 point148 point144 point157 point144 point145 point149 point154 point152 point108 point102 point107 point103 point59 point56 point59 point49 point50 point51 point50 point55 point11 point1 point15 point13 point15 point5 point9 point0
76
point1 point1
point3 point3
point5 point5
point15 point6 point15
point11 point10 point11
point13 point13
point16 point16
point29 point17 point29
point14 point18
point21 point21
point27 point27
point30 point30
point31 point31
point33 point33
point34 point34
point40 point38 point40 point41
point39 point39
point42 point42
point43 point43
point49 point49
point51 point51
point50 point52
point0 point54
point55 point55
point56 point56
point67 point67
point69 point69
point72 point72
point73 point73
point75 point75
point76 point76 point79 point94
point78 point78
point83 point83
point93 point85
point86 point86
point87 point87
point89 point89 point91
point107 point100
point102 point102
point103 point103
point108 point108
point109 point109
point110 point110
point111 point111 point115
point112 point112
point113 point113
point125 point119
point120 point120
point122 point122
point123 point123
point124 point124
point126 point126
point131 point131
point132 point132
point134 point134
point135 point135
point138 point138
point139 point139
point144 point144
point148 point148
point149 point149
point151 point151
point152 point152
point146 point153
point155 point155
point157 point157
point162 point158 point162
point160 point160
point163 point163
point171 point172
point177 point177
point179 point179
point137 point180
point183 point183
point185 point184 point185
point187 point187
