55 57 182 101 61 91 48 115 63 106 158 29 113 15 13 15 135 15 122 179 62 42 97 40 181 146 90 56 85 180 171 149 89 11 185 131 17 14 36 168 118 81 128 188 86 80 88 66 43 140 166 58 133 10 163 184 78 153 157 107 69 77 175 109 148 41 49 150 9 54 127 53 8 172 28 114 67 76 116 134 32 105 124 136 160 170 27 164 126 30 152 119 59 159 186 33 83 137 111 189 71 4 16 84 12 151 45 177 162 173 55
94
40 40
11 11
140 140
33 33
159 159
97 97
146 146
149 149
12 12
170 170
63 63
119 119
184 184
172 172
81 81
17 17
32 32
91 91
61 61
43 26 43
27 27
148 148
188 188
78 78
101 101
62 62
45 45
76 76
111 111
133 133
152 152
88 88
185 185
90 90
162 162
182 182
49 49
59 59
58 58
107 107
186 186
189 189
118 118
181 181
175 74 175
67 67
15 15
29 29
83 83
53 53
41 41
36 36
171 171
134 134
54 54
177 177
151 151
116 116
135 135
106 106
105 105
179 179
86 86
158 158
163 163
66 66
131 131
166 166
56 56
115 115
57 57
160 160
137 137
8 8
13 13
109 109
126 126
150 150
42 42
16 16
122 122
71 71
85 85
113 113
89 20
153 153
80 80
77 77
173 173
9 9
30 30
48 48
168 168
114 114
