x182 x184 x46 x61 x45 x119 x182 x187 x127 x83 x121 x106 x192 x11 x120 x64 x139 x71 x107 x9 x95 x9 x25 x154 x27 x167 x155 x177 x155 x23 x119 x155 x32 x183 x125 x72 x100 x99 x53 x165 x38 x109 x159 x101 x95 x114 x5 x52 x80 x31 x191 x5 x172 x5 x158 x186 x127 x58 x151 x67 x141 x138 x133 x191 x196 x146 x128 x91 x72 x170 x115 x6 x49 x127 x45 x119 x42 x112 x20 x127 x187 x86 x187 x182
61
x121 x74
x5 x21 x164
x86 x86 x3 x87 x84
x20 x20 x166 x7
x42 x42
x45 x45 x189
x6 x6
x72 x147 x72
x165 x10
x192 x192
x196 x69 x92
x27 x79 x27
x64 x88 x48 x137 x64 x4
x109 x14 x109 x163
x128 x128
x141 x43 x141
x133 x133
x138 x138
x32 x59 x32 x82
x151 x151
x186 x186
x158 x143 x76
x172 x172 x55
x52 x161 x17
x146 x2 x146
x80 x80
x100 x153 x100
x114 x114
x9 x18 x19 x136 x50
x115 x104 x66
x187 x8
x159 x159
x112 x179 x118
x53 x53
x99 x99
x125 x125
x183 x183
x106 x15 x106
x154 x94
x127 x127 x56 x98
x31 x31
x71 x71 x77
x155 x155 x198
x119 x119
x23 x23
x177 x177 x116
x38 x185 x113
x120 x194 x156
x49 x49
x25 x25
x58 x58
x95 x95
x107 x107
x139 x139
x11 x11
x83 x83
x167 x102
x184 x30 x26 x184
x182 x182
x61 x61
x46 x46
