129 99 145 52 101 97 76 179 92 124 92 110 154 196 154 110 157 4 2 46 25 70 96 11 95 190 182 21 151 153 121 192 175 127 74 160 74 7 19 43 6 130 167 69 77 152 91 152 58 170 73 136 73 170 101 148 5 28 10 118 166 118 45 94 119 64 119 163 79 112 61 31 88 1 88 115 197 51 34 109 184 85 133 106 178 106 181 8 142 8 181 32 187 32 145 99 129
58
1 1
4 4
7 7
10 10 100
92 13
25 16 25
19 19
45 22
28 28
31 31
34 34
196 37 196
94 40 94 139
43 43
46 46
76 49 76
52 52
2 55
58 58
61 61
64 64
21 67
70 70
73 73
79 79
197 82
85 85
88 88
91 91
97 97
192 103
106 106
109 109
112 112
115 115
118 118
121 121
124 124
127 127
130 130
133 133
136 136
142 142
145 145
148 148
151 151
154 154 193
157 157
160 160
163 163
166 166
181 169 181
95 172
175 175
178 178
184 184
187 187
190 190
