1 15 177 4 81 4 25 77 49 67 167 83 167 101 167 67 41 72 41 74 99 149 88 34 88 11 82 52 94 164 86 50 17 58 161 19 161 38 61 93 9 71 39 179 98 166 46 166 105 3 78 57 35 57 60 85 33 59 44 40 45 20 80 70 80 112 75 65 54 51 12 16 21 53 95 42 95 53 55 27 87 32 87 107 23 104 73 104 91 111 157 10 8 79 76 68 69 30 69 13 66 90 63 22 14 89 48 26 114 37 24 97 92 28 84 172 62 92 18 176 96 176 18 100 6 47 187 159 31 7 1
93
61 2 61
3 3
4 4
13 5 13
6 6
7 7
8 8
9 9
10 10
11 11
12 12
14 14
15 15
16 16
17 17
18 18
19 19
20 20
21 21
22 22
23 23
24 24
25 25
26 26
27 27
28 28
33 29 33
30 30
31 31
32 32
34 34
35 35
80 36 80
37 37
38 38
39 39
40 40
41 41
42 42 64
66 43 66
44 44
45 45
46 46
47 47
48 48
49 49
50 50
51 51
52 52
53 53
54 54
55 55
72 56 72
57 57
58 58
59 59
60 60
62 62
63 63
65 65
67 67
68 68
69 69
70 70
71 71
73 73
74 74
75 75
76 76
77 77
78 78
79 79
81 81
82 82
83 83
84 84
85 85
86 86
87 87
88 88
89 89
90 90
91 91
92 92
93 93
94 94
95 95
96 96
97 97
98 98
99 99
100 100
101 101
