159 109 127 146 127 137 85 137 53 193 8 178 16 179 154 2 154 93 65 26 65 98 32 79 3 79 160 88 29 175 114 35 114 31 156 64 177 111 34 111 177 5 102 82 102 123 102 158 99 158 74 185 74 129 78 96 162 191 162 67 119 172 126 97 14 140 149 4 44 107 189 59 147 157 71 15 167 1 101 132 101 25 138 25 45 72 7 117 48 182 47 148 41 20 87 20 164 6 197 106 13 63 121 166 27 145 27 173 133 17 36 66 10 200 46 37 75 77 190 77 159
82
109 122 180 109
164 43
157 157
27 169
59 100 199 181 59
111 128 111
36 36
107 134 107 120
15 15
32 32
119 86
146 146
101 101
149 76 21
93 93
35 35
77 77
72 72
126 126
193 193 24
132 132
185 185
63 63
47 47
6 52 6
158 116 158
71 71 139
46 46 192
65 65 165
172 172
45 45
138 138 155
2 2
97 97
79 79
137 137
177 174
98 98
31 31 28
17 17
148 51 148
85 85
64 64
106 106
10 10
53 53
191 191
41 41
75 38
114 114
37 37
96 96
190 190
74 74
127 61
26 26
133 133
121 121
99 99
4 4
13 13
87 87
3 3
82 82
145 145
34 34
178 178
48 48
140 140
156 156
154 154
102 102
7 7
14 14
20 11
147 40
123 123
167 167
159 22
200 200
44 60
88 88
