33 20 73 42 93 22 2 22 31 16 94 47 94 25 94 16 29 16 39 82 40 82 7 35 5 43 26 14 97 8 97 14 9 10 90 68 90 10 9 80 32 6 81 61 81 6 32 89 14 63 12 63 66 27 23 27 17 85 95 100 11 86 64 86 60 67 54 30 54 67 57 67 69 88 50 19 99 36 53 71 48 71 53 36 18 65 52 38 98 13 98 91 46 75 46 91 98 51 33
48
60 60
31 31
17 17
80 80
36 79
68 68
61 61
89 89
13 13
9 9
63 63
8 8
5 5
100 100
20 20 15
19 19
22 22
69 34 69
7 7
50 50
94 94
86 86
26 26
30 30
54 54
10 10
42 42
23 23
95 95
67 67
35 35
64 64
2 2
88 88
47 47
75 75
29 29
40 40
82 82
57 57
97 97
65 65
11 11
12 12
48 48
52 52
51 51
25 25
