lllIl1I 11IIII1 Ill11II IlI1II1 11I1llI I1llII1 l1IllI1 1llI111 l1Ill11 IIlIllI 1I1l1Il l1lllll 1111I11 111lI1I l1IllI1 lII111l I1Ill1I II11l1l lIIl11l IIlI1lI 1III1ll lllIl1I
18
IlI1II1 lI11III Ill1I11 Il1Il1I l1I111I IlI1II1 1I1I1lI I111I1I III111I
II11l1l lIl111I II11l1l lIIlII1 IIl1l1I lIllIll
lIIl11l lIIl11l 1I1I1l1
IIlI1lI II1Il1I llIIII1 1l1lIlI III1llI
1III1ll I11111l I11I11l
lII111l lII111l 11lI11I
l1IllI1 ll111ll l1IllI1 I1ll1II I11I111 IlI1Il1 1I1lllI l1IIl1l
l1lllll 11111lI l1lllll lI1l111 1I11Ill 1IlIl1I
1111I11 l1l11l1 llI1lII
11I1llI 1l11lII
Ill11II Ill11II
1llI111 lll1I1l 1llI111
11IIII1 11IIII1
111lI1I 111lI1I
1I1l1Il 1I1l1Il
IIlIllI IIlIllI
I1llII1 I1llII1 I1llll1
l1Ill11 l1Ill11 l1lll11 1lIl11I
