845LWU7Kg6167HQY Uyj5raM7C9SGCHQGUC y B4mQOl023dn1 5Ll49ySSWT043CtCd2 NQ3vX6W6H74aK53np X6SrYf57mSUQQ28C J 672Pt4Ytw8LW J 7L 122gt ElUTL D FL4V06094CU0zO3gJava H6pXAnE0KypnExX YLKBD54k H6pXAnE0KypnExX SmI7f 48783322I5q9PFVPT a 95fufpL7BuUW8Mng00jE O41Muu YKpC4gQmPKaU311w9eOT UH4Lf7FAuZoT4lv2 DUiYDuR9yYFD5 MVvh eDv5MBdo 9vq8gscs7dz1 6RiHvQ4xTN5 fgM12T WMY0xVk9j8T6Ly eqYzN7b19UgNo1K WMY0xVk9j8T6Ly fgM12T EnhLq7BgTj8IN3Z2m u3Qv 42U0k6JhTQxPvUw8 u3Qv MY3aL96Y 2qgWbB40Ya16 xaM1q4jQi3efYb0 11l6P71DgEau1baEX4 77yN7eHZwfF99R2 TBk5Pt5vt5SInt 77yN7eHZwfF99R2 geUO1h 8M2OK8Px58 geUO1h r ICQxh0Q58799CUd2 r k 3k 3 TU76UjE52906 4 KpBvy 4l4aqvNKB KpBvy 4 WPu ZT3 95E0752p51t N8191M9E9v HDLHc5Kdk SL88w66v7 HDLHc5Kdk N8191M9E9v 9 KKUFV29x8iO ftk2 KKUFV29x8iO 1 5 1 i7lmV5iDIgl5f 845LWU7Kg6167HQY
48
MVvh MVvh
48783322I5q9PFVPT 48783322I5q9PFVPT
122gt 122gt
42U0k6JhTQxPvUw8 42U0k6JhTQxPvUw8
4 4
TBk5Pt5vt5SInt TBk5Pt5vt5SInt
95E0752p51t 95E0752p51t
r r
H6pXAnE0KypnExX H6pXAnE0KypnExX
MY3aL96Y MY3aL96Y 5CCl0n2r5512
ZT3 ZT3
6RiHvQ4xTN5 6RiHvQ4xTN5
fgM12T fgM12T
SmI7f SmI7f
O41Muu O41Muu
2qgWbB40Ya16 2qgWbB40Ya16
4l4aqvNKB 4l4aqvNKB
9 9
NQ3vX6W6H74aK53np NQ3vX6W6H74aK53np
11l6P71DgEau1baEX4 11l6P71DgEau1baEX4
xaM1q4jQi3efYb0 xaM1q4jQi3efYb0
geUO1h geUO1h
3k 3k
X6SrYf57mSUQQ28C X6SrYf57mSUQQ28C
KKUFV29x8iO KKUFV29x8iO
5 5
8M2OK8Px58 8M2OK8Px58
a O58T
DUiYDuR9yYFD5 DUiYDuR9yYFD5
eqYzN7b19UgNo1K eqYzN7b19UgNo1K
TU76UjE52906 TU76UjE52906
YLKBD54k YLKBD54k
EnhLq7BgTj8IN3Z2m EnhLq7BgTj8IN3Z2m
YKpC4gQmPKaU311w9eOT YKpC4gQmPKaU311w9eOT
u3Qv u3Qv
845LWU7Kg6167HQY 845LWU7Kg6167HQY
y y
3 3
7L 7L
eDv5MBdo 5Qkzz260R7 eDv5MBdo
ElUTL ElUTL
ICQxh0Q58799CUd2 ICQxh0Q58799CUd2
B4mQOl023dn1 B4mQOl023dn1
SL88w66v7 SL88w66v7
D D
KpBvy KpBvy
ftk2 ftk2
672Pt4Ytw8LW 672Pt4Ytw8LW
