0 90 79 4 171 101 55 130 84 97 147 95 147 99 82 18 57 53 20 106 76 34 125 87 85 75 164 77 118 68 58 6 198 60 141 31 141 64 9 80 9 107 142 199 39 199 142 116 19 105 7 33 72 83 72 28 41 46 22 109 5 13 17 33 2 78 2 36 56 174 93 124 35 184 69 184 40 49 121 153 66 153 12 3 65 61 70 61 14 122 10 42 51 30 103 89 138 160 94 148 71 67 8 128 45 128 53 57 16 57 1 196 168 119 98 54 108 112 0 123 15 123 0 137 37 137 52 137 0 43 0
80
0 0 59 62 86
1 1
2 2 27
3 3
4 4
5 5
6 6
7 7
8 8
9 9 50
10 10
75 11 75
12 12
13 13
14 14
15 15
16 16
17 17 21
18 18
19 19
20 20
22 22
89 23 26 89
84 24 84
99 25 32 73 99
28 28
174 29
30 30
31 31
33 33 74
34 34
35 35 44
36 36
37 37
93 38 93
39 39
40 40
41 41
42 42 48
43 43
45 45
46 46
107 47 81
49 49
51 51 96
52 52
53 53
54 54
55 55 63
56 56
57 57
58 58
60 60
61 61
64 64
65 65
66 66
67 67
68 68
69 69
70 70
71 71
72 72
76 76
77 77
78 78
79 79
80 80
82 82
83 83
85 85
87 87
198 88
90 90
125 91
105 92
94 94
95 95
97 97
98 98
