loc0 loc23 loc99 loc34 loc22 loc30 loc53 loc1 loc2 loc87 loc72 loc91 loc49 loc33 loc86 loc68 loc81 loc4 loc65 loc4 loc62 loc45 loc62 loc6 loc62 loc90 loc29 loc70 loc98 loc39 loc23 loc0
21
loc39 loc39 loc24
loc6 loc8 loc6 loc61 loc79 loc88
loc29 loc29
loc86 loc40 loc69 loc86
loc99 loc21 loc26 loc99
loc72 loc93 loc72
loc45 loc45 loc54 loc35
loc91 loc91 loc31
loc81 loc81 loc25
loc49 loc49
loc62 loc20 loc16 loc62
loc33 loc48 loc33
loc23 loc7 loc23 loc84
loc98 loc75
loc90 loc90
loc65 loc65
loc53 loc28
loc4 loc42
loc34 loc34
loc68 loc52
loc30 loc51
