loc0 loc163 loc169 loc47 loc157 loc112 loc87 loc143 loc92 loc143 loc122 loc50 loc196 loc50 loc32 loc138 loc32 loc186 loc113 loc186 loc10 loc150 loc109 loc177 loc31 loc66 loc81 loc115 loc20 loc95 loc27 loc127 loc184 loc164 loc4 loc178 loc134 loc96 loc77 loc51 loc191 loc46 loc49 loc144 loc33 loc54 loc53 loc78 loc58 loc0
40
loc54 loc54
loc46 loc37 loc89 loc46
loc150 loc85 loc150 loc17 loc197 loc84
loc77 loc129 loc15 loc198 loc162
loc0 loc167
loc66 loc168 loc66 loc11
loc157 loc82 loc157
loc53 loc52 loc106 loc160 loc45
loc49 loc49 loc105
loc81 loc187
loc51 loc192 loc116
loc191 loc191 loc39
loc96 loc96
loc95 loc147 loc67 loc131
loc163 loc36 loc119 loc97
loc138 loc118 loc179 loc25 loc188 loc138 loc42 loc183 loc8 loc120
loc109 loc109
loc32 loc41 loc14 loc32
loc164 loc164
loc112 loc172 loc112
loc186 loc28 loc186 loc83
loc58 loc185 loc69 loc130
loc27 loc27
loc20 loc20 loc165
loc31 loc31
loc177 loc177
loc10 loc10
loc169 loc156
loc127 loc57 loc93
loc184 loc184
loc33 loc182 loc75
loc113 loc113
loc122 loc122
loc134 loc134
loc144 loc144
loc196 loc196
loc115 loc100
loc92 loc92
loc47 loc47
loc78 loc78
