73 96 38 8 38 88 22 88 100 88 27 2 94 53 34 12 62 65 62 99 46 99 25 90 68 92 33 82 33 11 64 93 17 10 17 14 77 1 19 18 76 37 86 31 66 74 49 44 57 9 98 21 98 9 71 50 78 34 55 83 29 84 81 91 28 40 16 85 16 40 13 48 15 79 15 96 73
49
1 1
38 5
8 8
9 9
10 10
11 11
12 12
13 13
15 15
14 14
18 18
19 19
21 21
22 22
25 25
27 27
29 29
33 33
34 34
44 44
46 46 75
48 48
49 49
50 50
53 53
57 57
65 65
66 66
68 68
71 71
74 74
76 76
77 77
78 78
79 79
81 81
82 82
83 83
84 84
86 86
85 85
90 90
91 91
93 93
94 94
96 96
98 98
99 99
100 100
