Soda loc3 loc63 loc61 loc12 loc92 loc53 loc55 loc53 loc96 loc86 loc10 loc63 loc64 loc83 loc91 loc68 loc91 loc83 loc64 loc72 loc6 loc44 loc6 loc22 loc43 loc26 loc67 loc90 loc45 loc49 loc73 loc49 loc45 loc19 loc71 loc33 loc50 Soda
26
loc63 loc57
loc50 loc21 loc18
Soda loc79
loc72 loc72
loc33 loc33
loc71 loc71
loc19 loc19
loc45 loc45 loc32 loc48 loc81 loc93 loc66 loc36 loc97
loc90 loc90
loc67 loc67
loc26 loc26
loc43 loc43
loc49 loc49 loc20
loc73 loc73
loc83 loc17 loc8 loc83 loc31 loc41
loc91 loc91
loc68 loc68 loc38
loc44 loc40 loc44 loc39 loc89
loc61 loc30 loc23 loc61
loc12 loc12
loc92 loc92
loc53 loc53 loc29 loc28 loc95
loc96 loc96 loc99
loc86 loc86
loc10 loc10
loc55 loc55 loc13
