0 2 53 54 68 83 132 43 132 95 1 113 15 113 30 9 98 8 38 35 78 42 3 90 88 63 21 6 25 6 157 69 158 96 120 93 140 81 140 124 40 64 11 70 111 75 111 155 48 49 46 36 58 103 100 61 148 85 148 45 56 45 123 65 5 66 169 84 80 31 14 121 91 24 16 24 94 130 52 82 22 62 12 10 188 87 188 18 32 77 32 41 19 41 79 160 167 89 51 59 7 59 50 106 13 106 86 39 29 39 86 139 37 47 76 92 177 72 177 33 177 92 60 183 110 26 110 17 125 28 20 133 4 74 171 44 27 144 0
92
1 1
2 2
3 3
4 4
5 5
6 6
7 7
8 8 34
9 9
10 10
11 11
12 12
13 13
14 14
15 15
16 16
17 17
18 18
19 19
20 20
21 21
22 22
90 23 90
24 24
25 25
26 26
27 27
28 28
29 29
30 30
31 31
32 32
33 33
35 35
36 36
37 37
38 38
39 39
40 40
41 41
42 42
43 43
44 44
45 45
46 46
47 47
48 48
49 49
50 50
51 51
52 52
53 53 55
54 54
56 56
88 57 88
58 58
59 59
60 60
61 61
62 62
63 63
64 64
65 65
66 66 97
91 67 91
68 68
69 69
70 70
80 71 80
72 72
100 73 100
74 74
75 75
76 76
77 77
78 78
79 79
81 81
82 82
83 83
84 84
85 85
86 86
87 87
89 89
92 92
93 93
94 94
95 95
96 96
98 98
113 99
