0 84 6 7 1 10 1 32 2 26 2 20 97 37 3 11 18 12 18 22 29 21 77 36 77 38 69 15 5 89 9 95 8 16 51 24 51 34 44 34 42 48 40 49 83 41 83 65 46 65 25 14 13 30 28 35 70 17 70 35 28 33 23 76 27 50 19 39 45 39 19 4 47 4 31 43 31 0
50
1 1
2 2
3 3
4 4
5 5
6 6
7 7
8 8
9 9
10 10
11 11
12 12
13 13
14 14
15 15
16 16
17 17
18 18
19 19
20 20
21 21
22 22
23 23
24 24
25 25
26 26
27 27
28 28
29 29
30 30
31 31
32 32
33 33
34 34
35 35
36 36
37 37
38 38
39 39
40 40
41 41
42 42
43 43
44 44
45 45
46 46
47 47
48 48
49 49
50 50
