48 73 171 163 173 35 81 148 21 79 11 6 106 64 83 55 47 108 47 102 179 102 110 154 7 175 140 149 74 66 191 96 29 36 147 135 181 135 84 60 57 103 98 67 50 34 165 38 98 101 43 137 143 155 3 170 122 176 40 121 151 45 107 87 90 25 42 9 42 158 177 107 133 93 119 126 94 182 113 69 77 19 77 124 56 124 2 23 39 85 152 136 129 141 196 46 10 115 154 53 154 197 65 5 51 180 156 52 193 194 157 114 123 162 134 164 58 118 145 173 88 127 199 138 78 185 190 185 168 109 168 20 48
95
199 199
73 73 186
143 143 167 125
20 20
93 93
154 154
141 141
151 151
56 56
109 109
135 135
107 107
118 118
126 126
133 133
157 157
149 149
115 115
66 66
175 175
60 60
11 11
85 85
197 197
191 191
58 58
123 123
177 177
196 196
38 38 117
110 110
34 34
5 5
148 148
136 136
163 163
158 158
147 147
190 190
46 46
182 182
19 19
176 176
48 48
90 90
152 152
21 21
10 10
23 23
25 25
164 164
181 181
36 36
78 78
84 84
79 79
64 64
108 108
145 145
9 9
103 103
193 193
185 185
29 29
194 194
42 42
113 113
98 16 98
119 119
180 180
179 179
101 101
3 3
170 170
88 88
138 138
171 171
40 40
7 7
39 39
165 165
87 87
137 137
35 35
156 156
52 52
69 69
155 155
129 129
74 74
53 53
2 2
55 55
67 67
121 120
