mdyuzxshey mysadifwma mdyuzxshey vkrlpmybdj zmfuudfatm ouxenssqdu qydclznxrd cmdqzmgvfi qfbvncxldf cmdqzmgvfi zpybghfdbe psiebvskfb zpybghfdbe lndsfxewdc mswyvpdrsy lndsfxewdc bulywvvpni zjbarjhmau kdujdjjwot zjbarjhmau wkwwcqjtxf qcktwemqbm pymtnhypxd xkasbvrrxd idfvjoquhh lazlsvgukx ahqdrcepub siatqqydwf ixyurvbpvu uooysjrxsb seeyrseflx vugkhjygfe seeyrseflx uooysjrxsb ixyurvbpvu gwnccktgki ixyurvbpvu optviwhmbr rkyixxpcbx eooyfwmxln rkyixxpcbx gllungmori jrmlkfexfk wtlzrefwav hsjqtjkukk smwxdupkdv aokbiptbzc koawdpgqdx unihwwnyqz qepegujmaa xtvbrolacp qepegujmaa unihwwnyqz koawdpgqdx smwxdupkdv hsjqtjkukk wtlzrefwav epdwcjuvdr wynbxuuxru hadchvmijq jqtguzxxsl yiwwdwbzth xftptyrlvl knfzsnhzvx oewptytlja nwlccbonas oewptytlja jedsthbmzo xftptyrlvl yiwwdwbzth wtyqwjwskq bswhowadhl oegfbrwyrp tgbmxdmvwe oegfbrwyrp lbuiysostx sjtuxgdwms fznfvsgjhc lkvobxyfca oggftsricu euqbrkzdsw oggftsricu lnicnhmajr owusjcmdkp ljhmnbaicr ebqxbaqnmm zumetrybth jatkaoyfxb bnmegnfgii jatkaoyfxb vkrlpmybdj mdyuzxshey
49
mysadifwma mysadifwma
jatkaoyfxb jatkaoyfxb
gwnccktgki gwnccktgki
jedsthbmzo jedsthbmzo
bnmegnfgii bnmegnfgii
kdujdjjwot kdujdjjwot
oewptytlja oewptytlja
zjbarjhmau zjbarjhmau
vkrlpmybdj vkrlpmybdj
bulywvvpni bulywvvpni
lndsfxewdc lndsfxewdc
knfzsnhzvx knfzsnhzvx
lbuiysostx lbuiysostx
tgbmxdmvwe tgbmxdmvwe
eooyfwmxln eooyfwmxln
zmfuudfatm zmfuudfatm
xtvbrolacp xtvbrolacp
hadchvmijq hadchvmijq
ahqdrcepub ahqdrcepub
rkyixxpcbx rkyixxpcbx
ebqxbaqnmm ebqxbaqnmm
mswyvpdrsy mswyvpdrsy
qydclznxrd qydclznxrd
wynbxuuxru wynbxuuxru
qcktwemqbm qcktwemqbm
zumetrybth zumetrybth
lazlsvgukx lazlsvgukx
jqtguzxxsl jqtguzxxsl
vugkhjygfe vugkhjygfe
aokbiptbzc aokbiptbzc
gllungmori gllungmori
optviwhmbr optviwhmbr
qepegujmaa qepegujmaa
wtlzrefwav wtlzrefwav
wtyqwjwskq wtyqwjwskq
lkvobxyfca lkvobxyfca
owusjcmdkp owusjcmdkp
qfbvncxldf qfbvncxldf
ljhmnbaicr ljhmnbaicr
xftptyrlvl xftptyrlvl
koawdpgqdx koawdpgqdx
fznfvsgjhc fznfvsgjhc
cmdqzmgvfi cmdqzmgvfi
mdyuzxshey mdyuzxshey
nwlccbonas nwlccbonas
euqbrkzdsw euqbrkzdsw
lnicnhmajr lnicnhmajr
seeyrseflx seeyrseflx
psiebvskfb psiebvskfb
