0 40 43 40 160 137 136 137 135 52 135 138 135 134 79 184 159 149 104 17 16 17 113 110 57 56 57 110 44 100 105 99 145 95 97 95 87 85 195 197 195 144 139 64 189 129 72 141 142 140 54 74 125 128 117 168 117 166 117 116 77 101 102 108 82 169 114 150 152 150 20 35 38 35 37 36 37 35 39 190 192 190 94 170 172 170 90 92 91 92 90 55 58 32 30 65 68 65 27 118 27 25 28 2 13 10 12 11 12 66 67 123 120 47 183 180 182 181 182 180 124 179 69 185 187 186 42 41 42 186 132 131 132 130 133 130 0 3 0
96
27 27
66 66
68 68
192 192
120 122 120
3 3
134 134
124 124
100 15 100
37 37
91 91
82 82
16 16
186 186
104 104
13 13
180 180
38 38
131 131
116 116
36 36
132 132
136 136
17 17
64 64
2 2
139 139
166 166
25 25
102 102
65 65
141 141
55 55
184 184
149 149
47 47
97 97
43 43
145 145 148
172 172
99 99
57 57
12 12
181 181
95 95
28 28
113 113
114 114
128 128
35 35
179 179
94 94
92 92
87 87
20 20
142 142
105 105
182 182
108 108
54 54
152 152
190 154
138 138
159 159
101 101
110 110
67 67
183 183
118 118
74 74
0 78
39 39
69 69
160 161 160
133 133
32 32
42 42
44 44
123 123
52 52
72 72
189 189
56 56
11 11
135 135
125 125
168 168
30 30
129 129
41 41
144 144
187 187
197 197
79 79
58 58
195 195
