85 43 24 81 24 0 65 6 35 13 34 52 32 86 32 94 5 1 5 72 77 72 11 36 28 36 16 29 98 25 23 25 14 38 70 68 70 22 41 47 66 71 33 56 99 60 91 44 4 27 4 69 42 53 45 14 55 14 48 80 49 37 21 15 21 7 62 64 88 51 82 87 10 93 18 57 61 8 61 54 85
49
0 0
1 1
7 7
8 8
11 11 79
13 13
15 15
16 16
14 17
22 22
23 23
27 27
28 28
32 31
34 34
35 35
37 37
38 38
43 43
44 44
45 45
49 46
47 47
48 48
82 50
51 51
52 52
53 53
54 54
55 55
56 56
57 57
64 64
68 68
69 69
71 71
21 76
77 77
80 80
81 81
86 86
87 87
91 91
42 92
93 93
94 94
60 96
98 98
99 99
