99 176 102 198 26 199 39 175 15 175 188 79 178 79 75 156 70 156 142 118 4 118 166 84 160 120 171 120 55 46 27 116 163 107 49 125 49 126 81 100 69 173 69 83 69 82 31 104 130 162 53 162 0 21 78 23 37 190 16 148 113 124 113 59 113 114 113 51 113 30 157 119 157 172 157 96 132 43 66 43 97 43 18 7 111 45 185 137 150 137 28 129 8 22 52 103 52 167 76 161 62 73 62 128 164 159 131 159 106 108 88 85 127 85 192 71 146 86 181 86 2 40 194 184 19 1 12 139 33 110 151 110 155 36 98 36 35 176 99
91
0 0
1 1
4 4
23 5 20 68 165
8 8
81 9 158
49 10 123
12 12
15 15
16 17
18 18
22 22
194 24 183
69 25
26 26
27 27
28 28
30 30
33 33
79 34
35 35
39 39
40 40
45 41
199 42
2 47 63
51 51
53 53
55 55
43 56
59 59
129 61
66 66
70 70
73 73
75 75
78 78
128 80
82 82
83 83
88 88
110 90
52 92
107 94
97 97
98 98
99 99
100 100
102 102
103 103
106 106
111 111
71 112
114 114
116 117
119 119
176 122
124 124
125 125
126 126
127 127
130 130
131 131
132 132
142 142
146 146
148 148
167 149 167
150 150
151 151
155 155
160 160
161 161
163 163
164 164
166 166
86 168
46 169
113 170
171 171
172 172
173 173
85 174 186
178 178
37 180
181 181
184 184
185 185
188 188
190 190
192 192
