81 85 24 159 1 35 80 12 123 69 92 127 33 93 8 182 125 115 161 117 64 86 178 78 158 84 46 183 197 57 199 74 43 9 107 132 65 42 170 126 153 48 23 71 109 103 77 188 27 100 52 180 20 58 16 200 150 154 53 179 195 196 81
62
92 92
153 153
35 35
78 76 135 124 87 191 70 49 130 90 34 166 184 121 88 95 18 14 78 89 45 164 17 162 138 59 198 165 141 156 96 41 152 145
86 86
195 195
199 199
183 183
161 161
180 180
107 107
85 85
9 9
77 77
8 8
57 57
42 42
126 167 36 97 56 126 189
109 109
188 188
52 52
71 71
196 196
93 93
20 20
16 108 16
132 132
58 58
154 154
81 81
23 23
115 115
179 179
103 103
53 53
80 80
12 12
48 48
182 182
1 1
127 127
84 84
33 33
123 123
64 64
170 170
125 125
158 158
46 46
178 178
100 100
65 65
117 117
74 74
150 150
69 69
197 197
200 200
27 27
24 24
159 159
43 43
