destitute Loomis Rio Darwin ripe papal McCall bobble mediate extractor combine Elizabethan Modesto Auberge jewel Injun stanza choice shroud choice fatten trill yogurt Andersen Halstead embassy Dominican Bleeker minion bifurcate illusion amateur slowdown schedule connubial Fisk anvil septillion transpiration septillion creekside Hewlett decor swordfish Goodrich funny Gilmore tate diligent swingy midget balustrade Isfahan MN Hindi Loomis destitute
49
Andersen Andersen
Auberge Auberge Vega
Bleeker Bleeker
Darwin Darwin
Dominican Dominican
Elizabethan Elizabethan
Fisk Fisk
Gilmore Gilmore
Halstead Halstead
Hewlett Hewlett
Hindi Hindi
Injun Injun
Isfahan Isfahan
Loomis Loomis
MN MN
McCall McCall
Modesto Modesto
Rio Rio
amateur amateur
anvil anvil
balustrade balustrade
bobble bobble
choice choice
connubial connubial
creekside creekside
decor decor
diligent diligent
embassy embassy
extractor extractor
fatten fatten
funny funny
illusion illusion
jewel jewel
mediate mediate
midget midget
minion minion
papal papal
ripe ripe
schedule schedule
septillion septillion
shroud shroud
slowdown slowdown
stanza stanza
swingy swingy
swordfish swordfish
tate tate
transpiration transpiration
trill trill
yogurt yogurt
