woebegone trill fulsome embroil septillion McCall diligent numerology viscous bunch midstream noon sphalerite archive dull swingy Fisk mediate Sunday silage Sunday whatsoever balustrade babysat balustrade thoroughfare Isfahan felony tate felony equipping felony casserole renaissance casserole MN exothermic MN monotonous dreadnought monotonous sinh Durango Reilly Durango bifurcate update icon torus coarse atom transonic funny wingspread shovel choice lexicon Modesto stanza administer anvil softball car December Zorn mack Irvin cowhand explosion cowhand Andersen extrovert Tucson deduce trimester yogurt griddle illusion trimester postscript inform secondary inform millennium funky swordfish Rodney Simon Goodrich Elizabethan Darwin catenate thirteen broil barnacle yearn funny switchmen Gilmore simulate Stephen PDP limitate PDP oriole Winchester connubial Winchester bat directory lexicon Vega lexicon involuntary mitre involuntary backplate relaxation encumbrance woebegone
92
Andersen Andersen
Rodney Auberge Rodney
trimester Curtis transfuse trimester
Darwin Darwin
December December
Durango Durango Hewlett
Fisk Fisk
Gilmore Gilmore
Goodrich Goodrich
Irvin Irvin
Isfahan Isfahan
McCall McCall
Modesto Modesto
PDP PDP
Reilly Reilly
Simon Simon
Stephen Stephen
Sunday Sunday
Tucson Tucson
Vega Vega
dull Wheller dull
Winchester Winchester
Zorn Zorn
administer administer
anvil anvil
archive archive papal
babysat babysat
backplate backplate
barnacle barnacle
bat bat
bifurcate bifurcate
broil broil
bunch bunch
car car
casserole casserole
catenate catenate
choice choice
coarse coarse
connubial connubial
deduce deduce
diligent diligent
directory directory
dreadnought dreadnought
embroil embroil
equipping equipping
exothermic exothermic
explosion explosion
extrovert extrovert
felony felony
fulsome fulsome
funky funky
funny funny
griddle griddle
icon icon
illusion illusion
switchmen imperishable
inform inform
involuntary involuntary slowdown
limitate limitate
mack mack
mediate mediate
midstream midstream
millennium millennium
mitre mitre spill
monotonous monotonous
noon noon
numerology numerology
oriole oriole
postscript postscript
relaxation relaxation
renaissance renaissance
secondary secondary
septillion septillion
shovel shovel
silage silage
simulate simulate
sinh sinh
softball softball
sphalerite sphalerite
stanza stanza
swingy swingy
swordfish swordfish
tate tate
thirteen thirteen
thoroughfare thoroughfare
transonic transonic
update update
viscous viscous
whatsoever whatsoever
wingspread wingspread
yearn yearn
yogurt yogurt
