exothermic felony Irvin felony Dominican yogurt swordfish wafer slowdown tate coarse midget amateur Injun Curtis Bernini Tucson intangible lordosis Halstead Sicilian extrovert sacrifice McCall Andersen McCall namesake FPC Iowa combine trill shovel exothermic
24
Andersen Andersen
Bernini Bernini
Curtis Curtis
FPC FPC
Halstead Halstead
Injun Injun
Iowa Iowa
Irvin Irvin decor
McCall McCall
Tucson Tucson
amateur amateur
coarse coarse
combine combine
extrovert extrovert
felony felony
lordosis lordosis
midget midget
namesake namesake
sacrifice sacrifice
shovel shovel
swordfish swordfish
trill trill
wafer wafer
yogurt yogurt
