g3ylJsdLuC idQHxtSnxr BUMLJo6sc3 fecMfiAuGC BUMLJo6sc3 TSSOUimHPg Q1N77BLmyb bsEkAY2K41 KZfI0wRW9K 8ZKCAWlImg z9nRKYQ1ub 8ZKCAWlImg tubjzjzUpV M2hatQPY96 CxfzSa2YOV PcFJuErB3q 4TTtdOaCTp biWuM2iRnz MXIvZpEPtW 4znnlMjVra dj8JMfo3hX QrJxLpX875 2eMl9AO5o8 oWmQcQwHPo WcyuqGYOzU XOxGPscMMG yU6iUY8YgO qnkfLCmfDn Pijq8aHqIR lfdanPGo3c jBYJ7v19BQ qjDSEKmZMW vLjEFrUVJv pKK7T4agKn TyL7NE2puV GQ4F0g3Mdj TP2TNyk7wl GQ4F0g3Mdj XW1Wn7EqpN FqFik17fFH r8njDwxc2t JD3uem81Lg D0kECQ0RvI emYRLTiyj9 LeZK9UvMT9 vnZBjkVngj IGpxjveim7 x7iq98BiN3 eV8Vk47Uma rCoEuOa7EU 8KtuAXHUy3 EG1t1o8YrR fWIjO8yhE3 KHDeTTvJC1 fWIjO8yhE3 WAi18jd2vJ S8BtTu4yH9 WAi18jd2vJ Tk8ERvdKxF oCk2Yieytb bWDewy6WbV oCk2Yieytb Tk8ERvdKxF uIf3wnJUdn oIVQ2qkgnR bhojeHeddF oIVQ2qkgnR 0hs3CNDF4L nFqfAnhO3U TBzLS0OAYU xjSWG1YKh9 wRn7Oi1bcW 0mnwiU4XrT u4LnQNaaiz yvMowGbkvn vUu8ijgxxf KUJdxKVZFO 0wTk0mYkLH KUJdxKVZFO 7g0Idy1nzK 03xK87sjTf nKHFs5cKTX s3eMpsYH00 oIVQ2qkgnR h5Si5BAPN0 QTNhZIciNJ CSjLrGbUz3 xtp1B5q0W1 CSjLrGbUz3 WYEDqSuNRX KpxiCfRqh3 WYEDqSuNRX oVMPVsMWrZ g2I4si69gU u4FAx2sHZm 2OsmeZV9xh u4FAx2sHZm 1TfvXd6dPZ dC48GQHGzO RN0bCAV6rQ pk0Vh75DnH RN0bCAV6rQ dC48GQHGzO vajlhYBumL 1QXjsHNYao 2S929yZddP YpRs8m6oyX oEdovEhrWM CUEWGmB7Gt dMOAUqH7Z3 9LabQjTqkn LCKLTNE1vp uvoepIQg9n IA0Uf143OT mwzQG3SxnO 97ZNlakBoq 7ZWqK2F5XG 2O61j91J3T K05xB79KZo srT70dfQEr Pz3egMzKU8 gZXiityEnU J3muHocLp9 7wS9dKOnJR XlU2fx0ZPn BNkM7qaRNw yky49wE4YG Pv5LMSkQii yky49wE4YG WRd4lScvm6 yky49wE4YG YAqGe4tKAP FvzkpZRSj8 Oiowits7js 12ECENJIev HHHZ1vC1rP WvFZJEkTrw 5SSy593K31 WvFZJEkTrw aEo62SfMqH j98kcW9qGB onlLq65Azx idQHxtSnxr g3ylJsdLuC
96
lfdanPGo3c lfdanPGo3c
S8BtTu4yH9 S8BtTu4yH9
0wTk0mYkLH 0wTk0mYkLH
Q1N77BLmyb Q1N77BLmyb
qjDSEKmZMW qjDSEKmZMW
12ECENJIev 12ECENJIev
oCk2Yieytb oCk2Yieytb
CUEWGmB7Gt CUEWGmB7Gt
s3eMpsYH00 s3eMpsYH00
YpRs8m6oyX YpRs8m6oyX
TBzLS0OAYU TBzLS0OAYU
XW1Wn7EqpN XW1Wn7EqpN
WcyuqGYOzU WcyuqGYOzU
bhojeHeddF bhojeHeddF
uIf3wnJUdn uIf3wnJUdn
WRd4lScvm6 WRd4lScvm6
Pz3egMzKU8 Pz3egMzKU8
z9nRKYQ1ub z9nRKYQ1ub
h5Si5BAPN0 h5Si5BAPN0
CxfzSa2YOV CxfzSa2YOV
1TfvXd6dPZ 1TfvXd6dPZ mbSdju1TJK
Pijq8aHqIR Pijq8aHqIR
WAi18jd2vJ WAi18jd2vJ
oEdovEhrWM oEdovEhrWM
LeZK9UvMT9 LeZK9UvMT9
uvoepIQg9n uvoepIQg9n
0mnwiU4XrT 0mnwiU4XrT
gZXiityEnU gZXiityEnU
5SSy593K31 5SSy593K31
yvMowGbkvn yvMowGbkvn
u4LnQNaaiz u4LnQNaaiz
g2I4si69gU g2I4si69gU
7wS9dKOnJR IT4pKw3giW 723MhcLxt0
QrJxLpX875 QrJxLpX875
yky49wE4YG yky49wE4YG
Pv5LMSkQii Pv5LMSkQii
2O61j91J3T 2O61j91J3T
idQHxtSnxr idQHxtSnxr
Oiowits7js Oiowits7js
KUJdxKVZFO KUJdxKVZFO fXy828RCG4
GQ4F0g3Mdj GQ4F0g3Mdj
oIVQ2qkgnR oIVQ2qkgnR
RN0bCAV6rQ RN0bCAV6rQ
tubjzjzUpV tubjzjzUpV
03xK87sjTf 03xK87sjTf
M2hatQPY96 M2hatQPY96
97ZNlakBoq 97ZNlakBoq
bsEkAY2K41 bsEkAY2K41
bWDewy6WbV bWDewy6WbV
WvFZJEkTrw WvFZJEkTrw
dj8JMfo3hX dj8JMfo3hX
aEo62SfMqH aEo62SfMqH
r8njDwxc2t r8njDwxc2t
IA0Uf143OT IA0Uf143OT
BNkM7qaRNw BNkM7qaRNw
pk0Vh75DnH pk0Vh75DnH
xtp1B5q0W1 xtp1B5q0W1
fecMfiAuGC fecMfiAuGC
K05xB79KZo K05xB79KZo
FvzkpZRSj8 FvzkpZRSj8
KHDeTTvJC1 KHDeTTvJC1
oWmQcQwHPo oWmQcQwHPo
4znnlMjVra 4znnlMjVra
qnkfLCmfDn qnkfLCmfDn
CSjLrGbUz3 CSjLrGbUz3
8ZKCAWlImg t25XjDwQhD
KpxiCfRqh3 KpxiCfRqh3
BUMLJo6sc3 jPXsbXPNMq BUMLJo6sc3
JD3uem81Lg JD3uem81Lg
TP2TNyk7wl TP2TNyk7wl
7g0Idy1nzK 7g0Idy1nzK
mwzQG3SxnO mwzQG3SxnO
oVMPVsMWrZ oVMPVsMWrZ
nKHFs5cKTX nKHFs5cKTX
Tk8ERvdKxF Tk8ERvdKxF
dMOAUqH7Z3 dMOAUqH7Z3
yU6iUY8YgO yU6iUY8YgO
wRn7Oi1bcW wRn7Oi1bcW
TyL7NE2puV TyL7NE2puV
XlU2fx0ZPn XlU2fx0ZPn
QTNhZIciNJ QTNhZIciNJ
onlLq65Azx onlLq65Azx
emYRLTiyj9 emYRLTiyj9
0hs3CNDF4L 0hs3CNDF4L
srT70dfQEr srT70dfQEr
vUu8ijgxxf vUu8ijgxxf
LCKLTNE1vp LCKLTNE1vp
2OsmeZV9xh 2OsmeZV9xh
x7iq98BiN3 x7iq98BiN3
biWuM2iRnz biWuM2iRnz
YAqGe4tKAP YAqGe4tKAP
1QXjsHNYao 1QXjsHNYao
jBYJ7v19BQ jBYJ7v19BQ
2S929yZddP 2S929yZddP
u4FAx2sHZm u4FAx2sHZm
8KtuAXHUy3 8KtuAXHUy3
