ctUVEJSyNR Z82QDWb0Pr U5XdtBFGOe Z82QDWb0Pr 7d3UA4fKWz 8Jejdr7ynm QwY2G6aX6c VbPBW7rmhF BtCEVbHoQI I4iTN5KXjB BtCEVbHoQI HG8olhhcTZ oWdH0Xcxwv VBTKstUXwG uVIshS2g8a qg08r1Pg6g N4DMbR59L3 MzId8uwrPz pxgZ5VHtpD 6lpxgUxCxO oPQmRUijH5 gLI8ArV2Ui osdKgXyg1e MuYreynm57 f91pUtm9EZ vzXeZbLrSW UphA2uAaYC VbPBW7rmhF RLF9v27sOQ T3o9dNVbcG ctUVEJSyNR
22
U5XdtBFGOe U5XdtBFGOe
VBTKstUXwG 8UaR4YpZys VBTKstUXwG
uVIshS2g8a zUWT7uduzq
6lpxgUxCxO 6lpxgUxCxO
Z82QDWb0Pr Z82QDWb0Pr IU0Ia8127Z
osdKgXyg1e osdKgXyg1e
oPQmRUijH5 oPQmRUijH5
I4iTN5KXjB I4iTN5KXjB
T3o9dNVbcG T3o9dNVbcG TDmNOuGJBk
8Jejdr7ynm 8Jejdr7ynm
gLI8ArV2Ui gLI8ArV2Ui
HG8olhhcTZ HG8olhhcTZ
MuYreynm57 MuYreynm57
7d3UA4fKWz 7d3UA4fKWz
qg08r1Pg6g qg08r1Pg6g
RLF9v27sOQ RLF9v27sOQ
MzId8uwrPz MzId8uwrPz
BtCEVbHoQI BtCEVbHoQI
QwY2G6aX6c QwY2G6aX6c
vzXeZbLrSW vzXeZbLrSW
f91pUtm9EZ f91pUtm9EZ
UphA2uAaYC UphA2uAaYC
