ZfI6StUliqd8YxBr0zVp Z6746tUNXH05XsKVq5bc 4gVQx4yn8gZ0TQBRafbQ zFahEplFbW4f2V6jQTmi UoiNiYnewh16WNDFqvYW Z38PT2VWeDoNiuh4rc0v gGXF4imn3IOLlYGD81XA ZBTm8fkarNXg3vLUAnt8 SI1jqone3x4IZwZ6qVW6 98jc4TOf5CFD5ooRLXKs WEpQsV1SPLNjRDFxWGJw RnnCc8OgQLqPe5HvvbS3 Af4sQnaDf5G2yrOfmk45 QUmdpeJNwq8Od3rclrVL Af4sQnaDf5G2yrOfmk45 QBaUzVWA62rnfcsnEShZ Af4sQnaDf5G2yrOfmk45 YzWX8RqUW0YPFsebUKYP a5U0eplwXr4BNJCc524G Hxhi6IYOb3B8uxHbGYVt mMagcNSN7U8s7oy3e0j4 5JVto9dbOz4Lu3AeAOZD QGzcn6XPemZ0IhmCJCmq cC9SZGtAtirSBnbvLWzt ufkSgxNAeRAXQFn3w6eB Fa64KRccvM4rqOgxBKtu ip0vmcqzxYgrY2Mc3Bu9 zs8puphf0SbuOBS6XpM9 uYmver98TgwbkIsM8XgU gX6xMy6pWnenI68kwgcu gj1PIUxoUprs5rKMLNpv BFat56YSkekx77JCOMI4 ZfI6StUliqd8YxBr0zVp
25
uYmver98TgwbkIsM8XgU uYmver98TgwbkIsM8XgU
WEpQsV1SPLNjRDFxWGJw WEpQsV1SPLNjRDFxWGJw
Z6746tUNXH05XsKVq5bc Z6746tUNXH05XsKVq5bc
QGzcn6XPemZ0IhmCJCmq QGzcn6XPemZ0IhmCJCmq
YzWX8RqUW0YPFsebUKYP YzWX8RqUW0YPFsebUKYP
BFat56YSkekx77JCOMI4 BFat56YSkekx77JCOMI4
Fa64KRccvM4rqOgxBKtu Fa64KRccvM4rqOgxBKtu
Hxhi6IYOb3B8uxHbGYVt Hxhi6IYOb3B8uxHbGYVt
gGXF4imn3IOLlYGD81XA gGXF4imn3IOLlYGD81XA
cC9SZGtAtirSBnbvLWzt cC9SZGtAtirSBnbvLWzt
SI1jqone3x4IZwZ6qVW6 SI1jqone3x4IZwZ6qVW6
gj1PIUxoUprs5rKMLNpv gj1PIUxoUprs5rKMLNpv
Af4sQnaDf5G2yrOfmk45 Af4sQnaDf5G2yrOfmk45
5JVto9dbOz4Lu3AeAOZD 5JVto9dbOz4Lu3AeAOZD
QBaUzVWA62rnfcsnEShZ QBaUzVWA62rnfcsnEShZ
98jc4TOf5CFD5ooRLXKs 98jc4TOf5CFD5ooRLXKs
UoiNiYnewh16WNDFqvYW UoiNiYnewh16WNDFqvYW
ip0vmcqzxYgrY2Mc3Bu9 ip0vmcqzxYgrY2Mc3Bu9
RnnCc8OgQLqPe5HvvbS3 RnnCc8OgQLqPe5HvvbS3
zs8puphf0SbuOBS6XpM9 zs8puphf0SbuOBS6XpM9
ZBTm8fkarNXg3vLUAnt8 ZBTm8fkarNXg3vLUAnt8
ZfI6StUliqd8YxBr0zVp ZfI6StUliqd8YxBr0zVp
QUmdpeJNwq8Od3rclrVL QUmdpeJNwq8Od3rclrVL
mMagcNSN7U8s7oy3e0j4 mMagcNSN7U8s7oy3e0j4
gX6xMy6pWnenI68kwgcu gX6xMy6pWnenI68kwgcu
