Jacksonville Atlanta Fresno Atlanta Louisville Arlington Portland Seattle LasVegas LongBeach Omaha Austin Raleigh Memphis Raleigh Indianapolis LosAngeles ElPaso Nashville VirginiaBeach ColoradoSprings Houston Philadelphia Oakland Phoenix OklahomaCity FortWorth SanJose Boston SanAntonio Detroit Tulsa Minneapolis Tulsa Detroit Columbus Tucson Milwaukee Jacksonville
24
Philadelphia Philadelphia
LasVegas LasVegas
FortWorth FortWorth
Portland Portland
Memphis Memphis
Tulsa Tulsa
Fresno Fresno
Atlanta SanFrancisco Atlanta
Columbus Columbus
Seattle Seattle
SanJose SanJose
Phoenix Phoenix
ElPaso ElPaso
Tucson Tucson
LongBeach LongBeach
VirginiaBeach VirginiaBeach
Oakland Albuquerque
Indianapolis Indianapolis
Austin Austin
Minneapolis Minneapolis
Jacksonville Jacksonville
Louisville Louisville
Boston Boston
LosAngeles LosAngeles
