SaintPaul Indianapolis Mesa Baltimore LongBeach FortWorth BatonRouge Albuquerque FortWayne Anchorage FortWayne Aurora Omaha Miami KansasCity NewOrleans Chandler Greensboro Dallas Tucson Raleigh Tucson Detroit Denver JerseyCity Lexington Fresno Chesapeake Fresno Spokane Fresno Plano LosAngeles ElPaso Austin SanAntonio Arlington Wichita Lincoln Minneapolis Bakersfield Minneapolis SanDiego SanJose Madison SanFrancisco Stockton Houston Tampa Toledo Atlanta Oakland Philadelphia Pittsburgh SantaAna Durham Phoenix Charlotte ChulaVista Cincinnati OklahomaCity Hialeah Glendale Columbus Milwaukee StPetersburg Henderson StPetersburg Lubbock Honolulu Memphis Honolulu Scottsdale Newark Garland SaintPaul
48
Newark Newark
Plano Plano
Scottsdale Scottsdale
Denver Denver
Honolulu Honolulu
SanAntonio SanAntonio
Durham Durham WinstonSalem
Lexington Lexington
FortWorth FortWorth
Henderson Henderson
Austin Austin
FortWayne FortWayne
Baltimore Baltimore
Houston Houston
Glendale Glendale
Pittsburgh Pittsburgh
SanDiego SanDiego
Tucson Tucson
SanJose SanJose
SantaAna SantaAna
Hialeah Hialeah
Lincoln Lincoln
LongBeach LongBeach
Charlotte Charlotte
Spokane Spokane
Milwaukee Milwaukee
Atlanta Atlanta
JerseyCity Laredo JerseyCity
Chesapeake Chesapeake
Dallas Dallas
Stockton Stockton
Columbus Columbus
Memphis Memphis
Phoenix Phoenix
StPetersburg StPetersburg
Chandler Chandler
Indianapolis Indianapolis
Lubbock Lubbock
Bakersfield Bakersfield
Tampa Tampa
Anchorage Anchorage
Raleigh Raleigh
NewOrleans NewOrleans
OklahomaCity OklahomaCity
ElPaso ElPaso
Aurora Aurora
Madison Madison
Cincinnati Cincinnati
