Hernandezville Beckyshire Ponceville Garymouth Christophertown Crystaltown Christophertown Garymouth Camposstad Donaldstad Camposstad Garymouth Ponceville Bridgesville Esparzaberg Kristinbury Esparzaberg Thomasburgh Esparzaberg Bridgesville Dennisstad Wilsonburgh Dennisstad Bridgesville Riveramouth Martinton Riveramouth Bradshawside Riveramouth Bridgesville Ponceville Mcculloughchester Jonestown Barbarachester Jonestown Kellyfort Jonestown Mcculloughchester Crystalchester Smithmouth Crystalchester Mcculloughchester Ponceville Beckyshire Derekton Wallaceville Morenoside Wallaceville Derekton Thomaschester Mcfarlandville Thomaschester Derekton Beckyshire Hernandezville Joelview Mitchellchester Lopezmouth Dixonton Francesmouth Dixonton Keithton Dixonton Lopezmouth Heathermouth Lopezview Heathermouth Lopezmouth Mitchellchester Sheabury Maysfort Sheabury Mitchellchester Joelview Farmerside Gabriellabury Courtneyfurt Gabriellabury Murphyberg Gabriellabury Farmerside Ryanton Williamsmouth Mcdonaldmouth Williamsmouth Ryanton Farmerside Ralphtown Garciaport Charlesburgh Garciaport Ralphtown Stricklandbury Tylermouth Stricklandbury Ralphtown Farmerside Joelview Downsville Richardhaven Tammychester Richardhaven Downsville Williammouth Downsville Joelview Hernandezville
26
Williammouth Haasville
Thomasburgh Johnsonmouth Thomasburgh Sanchezland
Williamsmouth Johnstonmouth
Kristinbury Allenberg Kristinbury
Barbarachester Barbarachester Jonesberg
Kellyfort Pittsland Tinatown Kellyfort
Smithmouth Smithmouth Robertborough
Tylermouth Tylermouth Deanstad
Francesmouth Francesmouth Richardville
Murphyberg Hendersonchester
Keithton Keithton Andrewland Aprilstad
Courtneyfurt Contrerasland Morrisbury
Wilsonburgh Wilsonburgh Harristown Josephton
Charlesburgh Angelaview Charlesburgh
Martinton Deborahfort Martinton Brianland
Bradshawside Wandaside Bradshawside
Morenoside Johnport Amberfurt
Camposstad Williamsville
Mcdonaldmouth Mcdonaldmouth Adkinsfurt
Lopezview Robertsfort Lopezview
Maysfort Huynhton
Crystaltown Crystaltown Johnsontown
Heathermouth Emilymouth
Mcfarlandville Belindamouth
Donaldstad Donaldstad Thomastown
Tammychester Rebeccaton Tammychester
