89 12 187 4 127 101 169 5 172 16 118 189 51 156 130 29 86 56 86 173 36 173 86 21 188 197 98 182 48 9 48 27 78 75 59 124 37 41 38 81 94 151 45 135 99 44 155 178 102 58 13 148 146 85 39 132 195 32 96 23 128 111 49 140 144 160 20 11 83 88 80 149 190 179 119 70 192 3 136 70 114 125 143 102 122 61 87 100 199 107 31 6 64 18 121 33 25 73 133 141 194 90 147 65 191 97 193 109 183 69 89
96
100 100
96 96
179 179
178 178
101 101
132 132
86 86
197 197
172 172
127 127
73 79 73
94 94
3 3
88 88
190 190
122 122
33 33
18 18
151 151
51 51
97 97
169 169
99 99
78 78
102 102
124 124
36 36
183 183
44 44
199 199
125 125
128 128
109 109 112
135 135
29 29
173 173
81 81
114 114
59 59
37 37
146 146
107 107
148 148
16 16
75 75
136 136
69 69
194 194
21 21
195 195
11 11
149 149
5 5
130 130
83 83
27 27
25 25
98 98
189 189
12 12
13 13
41 41
4 4
191 191
111 111
39 39
64 64
193 193
156 156
23 23
85 85
160 160
65 65 82
133 133
80 80
155 155
38 38
61 61
56 56
6 6
192 192
58 58
140 140
32 32
48 48
187 187
144 144
118 118 1
31 31
121 121
147 147
141 141
188 188
49 49
70 70
9 9
