FortCollins Hollywood Grayslake Allentown Bremerton Elkhart Champaign Harrisburg Irvine GrandRapids Garland Indianapolis Albuquerque Davenport Arvada Erie Arvada Fargo Charleston Baltimore DesMoines Chandler LittleRock Henderson Atlanta Manchester Leominster Kalamazoo Fresno Houston DalyCity Fayetteville Appleton Brownsville Barnstable Aberdeen Bryan CedarRapids AppleValley Corona Beaumont Bethlehem Eugene BoiseCity Amarillo Alexandria Amarillo FortWaltonBeach Elizabeth Akron FortSmith Arvada Hickory Inglewood Lubbock Louisville Anchorage Lancaster Fairfield LasCruces Joliet Fairfield FortWayne Evansville Clearwater Chicago McAllen Bridgeport Bradenton Dallas Jefferson Augusta Gilbert Kenosha Lakewood Lafayette Frederick Carrollton DavidsonCounty KansasCity CapeCoral Berkeley ElMonte AnnArbor Bakersfield Cincinnati Fremont Cary Lacey Brighton ElPaso Boise CollegeStation Lakeland Bellevue Independence Bellevue Cleveland ColoradoSprings Layton Denver Layton Austin LasVegas Kennewick Anaheim Arlington Knoxville Hemet FortCollins
93
Aberdeen Aberdeen
LittleRock Abilene LittleRock
Akron Akron
Albuquerque Albuquerque
Alexandria Alexandria
Allentown Allentown
Amarillo Amarillo
Anaheim Anaheim
Anchorage Anchorage
AnnArbor AnnArbor
AppleValley AppleValley
Appleton Appleton
Arvada Arvada
Atlanta Atlanta
Augusta Augusta
Austin Austin
Bakersfield Bakersfield
Baltimore Baltimore
Barnstable Barnstable
Beaumont Beaumont
Bellevue Bellevue
Berkeley Berkeley
Bethlehem Bethlehem
Boise Boise
BoiseCity BoiseCity
Charleston BonitaSprings
Bradenton Bradenton
Bremerton Bremerton
Brighton Brighton
Brownsville Brownsville
Jefferson Burbank Jefferson
CapeCoral CapeCoral
Carrollton Carrollton
Cary Cary
CedarRapids CedarRapids
Champaign Champaign
Chandler Chandler
Chicago Chicago
Cleveland Cleveland
CollegeStation CollegeStation
ColoradoSprings ColoradoSprings
Dallas Dallas
DalyCity DalyCity
Evansville Danbury Evansville
DavidsonCounty DavidsonCounty
Denver Denver
DesMoines DesMoines
Corona Detroit
ElMonte ElMonte
ElPaso ElPaso
Elizabeth Elizabeth
Elkhart Elkhart
Erie Erie
Eugene Eugene
Fairfield Fairfield
Fargo Fargo
Fayetteville Fayetteville
Harrisburg Fontana Harrisburg
FortCollins FortCollins
FortWaltonBeach FortWaltonBeach
Frederick Frederick Hampton
Fremont Fremont
Fresno Fresno
Garland Garland
Gilbert Gilbert Jacksonville
GrandRapids GrandRapids
Grayslake Grayslake
Arlington Harlingen
Hemet Hemet
Henderson Henderson
Hickory Hickory
Hollywood Hollywood
Houston Houston
Independence Independence
Indianapolis Indianapolis
Inglewood Inglewood
Irvine Irvine
Lacey Irving Lacey
Joliet Joliet
Kalamazoo Kalamazoo
Kennewick Kennewick
Knoxville Knoxville
Lafayette Lafayette
Lakeland Lakeland
Lakewood Lakewood
Lancaster Lancaster
LasCruces LasCruces
Layton Layton
Leominster Leominster
Bryan Lorain
Louisville Louisville
Lubbock Lubbock
Manchester Manchester
