152 75 50 153 183 9 81 166 35 95 184 179 0 62 145 60 89 108 136 39 37 126 69 82 53 102 181 125 5 182 5 113 4 161 56 149 150 91 163 90 116 165 134 169 36 87 142 28 42 13 38 6 144 65 139 101 171 66 180 130 172 51 2 78 123 170 58 155 121 104 12 104 143 151 94 105 74 21 92 21 73 168 111 31 112 157 160 175 160 45 61 85 96 61 79 27 152
70
31 31
142 142
28 28
27 97 27
116 116
89 89
105 105
79 79
169 169
157 157
170 170
45 45
112 112
56 56
134 134
172 172
37 37
9 9
175 175
163 163
149 41 149
35 35
95 95
171 171
111 111
139 139
78 78
165 165
143 143
73 73
81 81
12 12
58 58
50 50
92 92
87 87
166 166
85 85
5 5
130 130
182 182
121 121
168 168
60 60
183 183
90 90
65 65
96 96
145 145
126 126
113 113
13 13
42 42
94 94
136 136
184 184
180 180
144 144
53 53 54
181 181
151 151
2 2
153 153
51 51
101 101
108 8
0 0
38 38
75 75
66 66
