location34 location192 location23 location27 location96 location79 location0 location79 location9 location79 location6 location79 location119 location120 location142 location180 location164 location165 location185 location37 location12 location188 location114 location92 location170 location3 location89 location134 location4 location163 location174 location55 location135 location159 location149 location91 location182 location52 location111 location76 location104 location151 location71 location132 location146 location116 location103 location116 location161 location122 location64 location24 location175 location99 location97 location157 location97 location189 location155 location125 location165 location156 location107 location156 location83 location11 location63 location54 location177 location28 location45 location144 location109 location32 location104 location15 location123 location95 location131 location95 location123 location140 location123 location115 location98 location59 location167 location2 location158 location39 location34
74
location34 location34
location2 location46 location90 location2
location115 location72 location115
location132 location132
location189 location189
location155 location155 location162
location23 location23
location89 location89 location176
location52 location52
location45 location45
location39 location39
location177 location177 location68 location117 location187
location159 location159
location131 location131
location151 location181 location151
location97 location194
location149 location149
location170 location170
location71 location71
location11 location11
location165 location197
location28 location28
location158 location158
location55 location55
location111 location111
location140 location140
location192 location192
location134 location134
location99 location99
location188 location143 location188
location167 location167
location164 location164
location15 location15 location88
location37 location37 location47
location161 location161
location9 location9
location96 location96
location157 location157
location107 location107
location104 location130
location64 location64
location122 location122
location12 location12 location38
location24 location24
location163 location163
location27 location27
location142 location142
location174 location137 location174
location0 location0
location63 location172 location199
location6 location6
location119 location119
location135 location135
location92 location92
location109 location109
location120 location120
location91 location91
location103 location103
location144 location144
location54 location54
location125 location125
location182 location136 location21
location79 location79
location59 location59
location98 location98
location146 location139
location123 location121
location114 location60 location114
location175 location175 location105
location180 location180
location4 location17
location76 location76
location3 location3
location116 location86
