4HOMU ZRPB5 61QWU TY0L7 RAAD4 TI35I 6NY7T CM5WA WXZHF Y61KP TBPBM MC71K LKP22 LLTLN 69BJO FRZVP WOEUE DCHO3 PYPSO T9O11 HWKGJ OLLV9 H1LTE C45HH BVMDZ 0D2BR KC9RF IZESQ ZN2EP 4YS4G 52MNN SA6G0 8EXDQ WZB33 JF7TT DTPF4 TORQI 1F0YL L2GJ5 EDSMH WI88U ZHSBU M1HJR NPDI9 C7WKJ OIPRN P419D FC0PR 7GA8O 6WOBI 2BUI5 A1QRL HZHRA RU85S 50J5H SHOOM AT3CI 768ZF VHCFR W2H22 FMCVK 9WSXC FMCVK PXCIN CFGE5 6OA3K K50JQ 53Y1R 7U3JG C8O6I UDYJK DOLRQ 45JXE PTADN TCC7B L2PQE LEBVZ OSJ7O V22SY 0VPRW KN0CP 6ACGE IF7TL ELH5L W2M5C Q7FCL 4WDJE BE5V8 945CN 1RS2N PMFJ2 3AIXW KOYRV Z22CS 8CLEZ YJ67U SKPO7 Q5DAA WP2MA HV4Z2 SYV5N XEEQB 2C63O LIRLU JXLE1 4HOMU
96
L2PQE L2PQE
945CN 945CN
L2GJ5 L2GJ5
2C63O 2C63O
SYV5N SYV5N
768ZF 768ZF
RU85S RU85S
KOYRV KOYRV
XEEQB XEEQB
KC9RF KC9RF
ZN2EP ZN2EP
45JXE 45JXE
ELH5L UW44H ELH5L
0D2BR 0D2BR
M1HJR M1HJR
LIRLU LIRLU
1F0YL 1F0YL
DOLRQ DOLRQ
WP2MA WP2MA
50J5H 50J5H
CFGE5 CFGE5
Q7FCL Q7FCL
0VPRW 0VPRW
SHOOM SHOOM
HWKGJ HWKGJ
6ACGE 6ACGE
DTPF4 DTPF4
7GA8O 7GA8O
7U3JG 7U3JG
BE5V8 BE5V8
TY0L7 TY0L7
W2M5C W2M5C
SA6G0 SA6G0
WI88U WI88U
TORQI TORQI
ZHSBU ZHSBU
DCHO3 DCHO3
RAAD4 RAAD4 FCYPJ
FRZVP FRZVP
HZHRA HZHRA
53Y1R 53Y1R
TI35I TI35I
Y61KP Y61KP
9WSXC 9WSXC
C7WKJ C7WKJ
P419D P419D
NPDI9 NPDI9
Q5DAA ZZH8Z Q5DAA
IF7TL IF7TL
V22SY V22SY
PXCIN PXCIN
K50JQ K50JQ
JXLE1 JXLE1 X180A
H1LTE H1LTE
4HOMU DDXG0
PTADN PTADN
IZESQ IZESQ
2BUI5 2BUI5
3AIXW 3AIXW
1RS2N 1RS2N
KN0CP 0U9HU
WZB33 WZB33
4WDJE 4WDJE
8EXDQ 8EXDQ
W2H22 W2H22
PYPSO PYPSO
CM5WA CM5WA
6WOBI 6WOBI
AT3CI AT3CI
SKPO7 SKPO7
ZRPB5 ZRPB5
T9O11 T9O11
LEBVZ LEBVZ
61QWU 61QWU
C45HH C45HH
69BJO 69BJO
52MNN 52MNN
OLLV9 OLLV9
WXZHF WXZHF
OIPRN OIPRN
MC71K MC71K
BVMDZ BVMDZ
6OA3K 6OA3K
FC0PR FC0PR
C8O6I C8O6I
LLTLN LLTLN
A1QRL A1QRL
YJ67U YJ67U
FMCVK V8GEC
PMFJ2 PMFJ2
8CLEZ 8CLEZ
TCC7B TCC7B
LKP22 LKP22
TBPBM TBPBM
EDSMH EDSMH
VHCFR VHCFR
