10 92 15 53 30 52 30 88 30 35 64 65 26 96 20 31 91 56 9 57 4 50 86 87 51 33 0 85 0 3 70 34 71 3 72 45 24 75 74 47 97 98 67 13 8 61 93 60 8 19 80 42 81 42 48 79 78 48 46 76 77 43 62 94 95 63 2 82 83 82 2 90 55 54 89 23 21 68 69 14 10 58 10 59 10
47
50 50
51 51
52 52
53 53
54 54
55 55
56 56
57 57
58 58
59 59
60 60
61 61
62 62
63 63
64 64
65 65
97 66 97
67 67
68 68
69 69
70 70
71 71
72 72 73
74 74
75 75
76 76
77 77
78 78
79 79
80 80
81 81
82 82
83 83
0 84
85 85
86 86
87 87
88 88
89 89
90 90
91 91
92 92
93 93
94 94
95 95
96 96
98 98
