2 67 2 14 86 14 29 11 29 62 90 59 68 23 18 71 18 20 34 61 69 42 69 60 0 19 94 19 47 58 47 66 49 1 78 79 81 3 81 79 16 40 16 76 35 25 41 70 17 70 41 65 41 87 74 56 88 4 88 22 83 13 77 50 6 98 72 5 72 7 84 96 89 30 89 24 31 24 43 38 44 38 43 63 78 2
48
25 25
44 44
13 13
29 29
98 98
58 58
17 17
63 63
70 28 70
16 16
69 69
61 61
62 62
59 59
67 67
30 30
42 42
31 31
4 4
3 3
0 0
72 10 72
14 14
94 94
5 5
38 38
86 86
83 83
66 66
40 40
7 7
11 11
65 65
41 41
50 50
23 23
81 81
88 88
74 74
47 47
24 24
35 35
60 60
1 1
71 71
76 76
34 34
96 96
