COM NER MTQ NER MYT ARM ARE ALB NFK NGA FSM FIN GAB ETH EGY GIB GHA GEO GBR ESH ECU ESH FRA GIN FSM NGA GMB GRC HND MAR HND COK CPV MLI CPV LIE LTU LSO HTI GUM HKG KAZ HKG IDN COL IDN RUS BLZ BEN BLM BHR BOL BMU BOL BHR BDI AZE BIH BHS BIH PRY NPL MMR HMD HRV SAU DOM DZA MYS IRN IRL NIC ABW NIC LUX LAO KNA CRI BVT LKA BVT CIV CAF NRU PRT ATG MWI ITA MWI CXR DEU CYP CZE NIU PLW PNG POL MEX SDN SHN CHN COD COG LVA KOR LBN JPN HUN PAK SGS NZL SGS LBR SGS MUS DJI DMA RWA CPV MHL MAC MHL PAN MDA GLP REU AFG REU COM
90
CIV CIV
HTI CAN HTI
HND HND
PRY MOZ PRY
ITA ITA
KOR KOR
NER NER
MYT MYT
REU REU
GRC GRC
LUX LUX
CXR CXR
LIE LIE
EGY EGY
MMR MMR
PAK GNQ PAK
PAN PAN
NPL NPL
SHN SHN
FRA FRA
GEO ESP GEO
LKA LKA
BLM BLM
COG COG
GIB GIB
MAC MAC
MAR MAR
LBR LBR
SGS KHM SGS
MEX MEX
ATG ATG
MDA MDA
IDN IDN
ARM ARM
DZA DZA
SDN SDN
NRU NRU
GBR GBR
LBN LBN
MTQ MTQ
BDI BDI
DMA DMA
BHS BHS
NZL NZL
KNA KNA
GUM GUM
RUS RUS
COL COL
IRL IRL
AFG AFG
BEN BEN
COK COK
HKG HKG
NFK NFK JEY ALA
ESH ESH
ALB ALB
HRV HRV
AZE AZE
HMD HMD
PNG PNG
MLI MLI
LAO LAO
GIN GIN
KAZ KAZ
CYP CYP
FSM FSM
DEU DEU
POL POL
CHN CHN
LTU KWT LTU
FIN FIN
CPV CPV
IRN IRN IOT
HUN HUN
DJI DJI
NIC AUS NIC
ARE ARE
CRI PSE
ABW ABW
NIU NIU
BHR BHR
ECU ECU
GAB GAB
GMB GMB
JPN JPN
COD COD
BMU BMU
RWA RWA
CAF CAF
GHA GHA
