139 85 11 101 134 25 111 108 57 43 64 164 33 164 9 184 147 198 26 71 35 65 81 67 82 69 118 75 91 122 169 72 2 177 14 15 31 15 128 182 119 158 106 153 112 130 161 148 138 104 146 123 156 186 172 16 127 189 113 173 48 141 191 187 109 188 27 125 131 105 84 44 41 22 142 144 37 5 95 178 8 157 114 79 21 78 77 47 96 152 32 74 7 60 39 55 1 58 139
93
189 189
106 106
77 77
91 91
142 142
47 47
146 146
84 84
125 125
85 85
112 112
118 23 118
101 101
8 8
198 198
11 11
81 81
139 18 176
152 152
74 74
43 43 13
173 173
15 15
5 5
64 64
78 78
127 127
184 184
187 187
141 141
71 71
1 1
60 60
65 65
2 2 98
72 72
111 111 30
113 113
123 123
109 109
188 188
9 9
95 95
57 57
48 48
108 108
153 153
14 14
79 79
33 33
144 144
191 191
114 114
58 58
148 148
16 16
32 32
158 158 145
147 147
39 39
182 182
82 82
128 128
134 134
27 27
31 31
35 35
119 119 89
96 96
138 138
104 104
131 131
22 22
122 122
161 161
41 41
178 178
157 157
7 7
67 67
156 156
21 21
25 25
130 130
105 105
69 69
37 37
75 75
44 44
186 186
26 26
172 172
177 165
