Qwilfish Tropius Shellos Xerneas Wailord Plusle Weezing Escavalier Weepinbell Lumineon Comfey Magnemite Yungoos Stufful Conkeldurr Zekrom Amoonguss Tauros Swadloon Munna Seaking Treecko Seaking Bastiodon Shellder Vespiquen Wartortle Honedge Skorupi Lotad Gengar Bounsweet Whismur Tsareena Woobat Crawdaunt Scatterbug Dewpider Froakie Dewpider Slowbro Nincada Noibat Metapod Jumpluff Steenee Metang Slurpuff Inkay Magmar Volcarona Vullaby Paras Taillow Drapion Vullaby Porygon2 Meloetta Sandile Simisear Noibat Tornadus Politoed Terrakion Noibat Skiddo Phanpy Drampa Qwilfish
63
Qwilfish Qwilfish
Simisear Simisear
Phanpy Phanpy
Terrakion Terrakion
Drapion Drapion
Meloetta Meloetta
Volcarona Volcarona
Slurpuff Slurpuff
Skiddo Skiddo
Politoed Politoed
Tropius Tropius
Sandile Sandile
Magmar Magmar
Metang Metang
Taillow Taillow
Porygon2 Porygon2
Slowbro Slowbro
Drampa Drampa
Noibat Noibat
Lotad Lotad
Scatterbug Scatterbug
Vullaby Vullaby
Inkay Inkay
Steenee Steenee
Tornadus Tornadus
Skorupi Skorupi
Dewpider Dewpider
Shellos Shellos
Metapod Metapod
Wartortle Wartortle
Crawdaunt Crawdaunt
Paras Paras
Froakie Froakie
Nincada Nincada
Gengar Gengar
Honedge Honedge
Amoonguss Amoonguss
Tsareena Tsareena
Jumpluff Jumpluff
Vespiquen Vespiquen
Munna Munna
Lumineon Kakuna Lumineon
Magnemite Magnemite
Whismur Whismur
Xerneas Xerneas
Weezing Weezing
Zekrom Zekrom
Woobat Woobat
Comfey Comfey
Bounsweet Bounsweet
Seaking Seaking
Tauros Tauros
Weepinbell Weepinbell
Stufful Stufful
Shellder Shellder
Plusle Plusle
Treecko Treecko
Swadloon Swadloon
Yungoos Yungoos
Bastiodon Bastiodon
Wailord Wailord
Escavalier Escavalier
Conkeldurr Conkeldurr
