Monroe Clarksville Huntsville Lowell Cambridge Albany Boise Kailua Lancaster Hagerstown Antioch Daytona Anchorage Bethlehem Bridgeport Abilene Layton Corpus Baton Elizabeth Irving Huntington Elkhart Erie Cleveland Julian Jacksonville Ten Lakeland Leominster Canton Four Monterey Hartford Hickory Lafayette Kenosha Baltimore Greensboro Vista Allentown Lewisville Kennewick Denver Bradenton Akron Laredo Charleston Johnson Arlington Rapids Davidson Hialeah Mesa Muskegon Austin Havre Aberdeen Apple Fayetteville Fairfield Kissimmee Seven Anaheim Miami Dallas Modesto Gilbert Viejo Chesapeake Mobile Birmingham Amarillo Mesquite Burlington Dayton Merced Montgomery Detroit Three Boulder Lacey Melbourne Gainesville Asheville Carrollton Athens Cary Manchester Brownsville Glendale Killeen Clarke Hesperia Denton Hayward Bedford Naples Prairie Hampton Monroe
100
Bradenton Bradenton
Three Three
Mesquite Mesquite
Hampton Hampton
Albany Albany
Ten Ten
Burlington Burlington
Miami Miami
Kenosha Kenosha
Melbourne Melbourne
Kissimmee Kissimmee
Baton Baton
Allentown Allentown
Fairfield Fairfield
Arlington Arlington
Four Four
Elizabeth Elizabeth
Chesapeake Chesapeake
Gainesville Gainesville
Clarke Clarke
Montgomery Montgomery
Baltimore Baltimore
Mesa Mesa
Kailua Kailua
Elkhart Elkhart
Aberdeen Aberdeen
Greensboro Greensboro
Gilbert Gilbert
Athens Athens
Akron Akron
Killeen Killeen
Amarillo Amarillo
Lewisville Lewisville
Seven Seven
Monroe Monroe
Johnson Johnson
Naples Naples
Hagerstown Hagerstown
Havre Havre
Vista Vista
Brownsville Brownsville
Rapids Rapids
Bridgeport Bridgeport
Erie Erie
Modesto Modesto
Manchester Manchester
Hesperia Hesperia
Lowell Lowell
Lancaster Lancaster
Prairie Prairie
Daytona Daytona
Lacey Lacey
Boulder Boulder
Davidson Davidson
Dayton Dayton
Birmingham Birmingham
Hartford Hartford
Kennewick Kennewick
Huntington Huntington
Cleveland Cleveland
Irving Irving
Dallas Dallas
Julian Julian
Cary Cary
Lakeland Lakeland
Laredo Laredo
Mobile Mobile
Bethlehem Bethlehem
Apple Apple
Cambridge Cambridge
Hayward Hayward
Austin Austin
Lafayette Lafayette
Monterey Monterey
Merced Merced
Asheville Asheville
Glendale Glendale
Viejo Viejo
Denton Denton
Canton Canton
Muskegon Muskegon
Anaheim Anaheim
Boise Boise
Anchorage Anchorage
Huntsville Huntsville
Leominster Leominster
Detroit Detroit
Hialeah Hialeah
Bedford Bedford
Antioch Antioch
Charleston Charleston
Hickory Hickory
Carrollton Carrollton
Jacksonville Jacksonville
Abilene Abilene
Clarksville Clarksville
Corpus Corpus
Fayetteville Fayetteville
Layton Layton
Denver Denver
