BerkeleyArtMuseumand LegendsAquaticCenter ArchitectsEngineersA CareerCenter WarrenHall ChancellorsEsplanade IRLE McConeHall AnthonyHall BarrowsHall LiKaShingCenter BancroftDanceStudio HavilandHall MorrisonHall McLaughlinHall FacultyGlade Sebastians SutardjaDaiHall EvansHall MosesHall MartinezCommons GoldmanField HearstMemorialMining LeConteHall ClarkKerrCampus GianniniHall EdwardsTrackStadiumG ZellerbachHall InvestigativeReporti WellmanHall NaturalResourcesLabo MagnesCollectionofJe MaxwellFamilyFieldan SimonHall Unit1ResidentHall InternationalHouse LowerHearstParkingSt FoxCottage2350Bowdit EastAsianStudiesInst AHammock BanwayBuilding CaliforniaHall CesarEChavezStudentC HenryHWheelerBrainIm FacultyClub ManvilleHall BowlesHall EnergyBiosciencesBui UpperHearstParkingSt CheitHall MathematicalSciences KoretVisitorCenter LawrenceBerkeleyNati EllsworthParkingStru GraduateTheologicalU StanleyHall CoryHall UniversityHealthServ GolbousPlace ObservatoryHill PacificFilmArchiveBe MariesHouse AcademicInnovationSt InsectaryGreenhouse SimpsonCenterforStud LatinAmericanStudies KoshlandHall NorthField PublicAffairsOfficeo AlumniHouse Library Demography EvansDiamond UniversityHouse HaasSchoolofBusiness LawrenceHallofScienc MulfordHall SpiekerAquaticsCompl FallProgramforFreshm SatherTower BancroftLibrary LawSchool BerkeleyArtMuseumand
82
FoxCottage2350Bowdit FoxCottage2350Bowdit
MartinezCommons MartinezCommons
FallProgramforFreshm FallProgramforFreshm
AnthonyHall AnthonyHall
GoldmanField GoldmanField
SimpsonCenterforStud SimpsonCenterforStud
PublicAffairsOfficeo PublicAffairsOfficeo
BowlesHall BowlesHall
BancroftLibrary BancroftLibrary
McConeHall McConeHall
CesarEChavezStudentC CesarEChavezStudentC
LeConteHall LeConteHall
MaxwellFamilyFieldan MaxwellFamilyFieldan
KoshlandHall KoshlandHall
GianniniHall GianniniHall
BancroftDanceStudio BancroftDanceStudio
CareerCenter CareerCenter
HavilandHall HavilandHall
MariesHouse MariesHouse
SutardjaDaiHall SutardjaDaiHall
ObservatoryHill ObservatoryHill
KoretVisitorCenter KoretVisitorCenter
StanleyHall StanleyHall
Demography Demography
HearstMemorialMining HearstMemorialMining
AlumniHouse AlumniHouse
EnergyBiosciencesBui EnergyBiosciencesBui
PacificFilmArchiveBe PacificFilmArchiveBe
NorthField NorthField
ArchitectsEngineersA ArchitectsEngineersA
InsectaryGreenhouse InsectaryGreenhouse
BanwayBuilding BanwayBuilding
MulfordHall MulfordHall
MagnesCollectionofJe MagnesCollectionofJe
FacultyGlade FacultyGlade
WarrenHall WarrenHall
GraduateTheologicalU GraduateTheologicalU
SpiekerAquaticsCompl SpiekerAquaticsCompl
MosesHall MosesHall
EvansHall EvansHall
ManvilleHall ManvilleHall
BarrowsHall BarrowsHall
EvansDiamond EvansDiamond
HaasSchoolofBusiness HaasSchoolofBusiness
EdwardsTrackStadiumG EdwardsTrackStadiumG
LegendsAquaticCenter LegendsAquaticCenter
FacultyClub FacultyClub
InternationalHouse InternationalHouse
MathematicalSciences MathematicalSciences
GolbousPlace GolbousPlace
LawSchool LawSchool
LatinAmericanStudies LatinAmericanStudies
IRLE IRLE
EastAsianStudiesInst EastAsianStudiesInst
Unit1ResidentHall Unit1ResidentHall
UniversityHouse UniversityHouse
CaliforniaHall CaliforniaHall
SimonHall SimonHall
ClarkKerrCampus ClarkKerrCampus
MorrisonHall MorrisonHall
EllsworthParkingStru EllsworthParkingStru
NaturalResourcesLabo NaturalResourcesLabo
BerkeleyArtMuseumand BerkeleyArtMuseumand
Sebastians Sebastians
CheitHall CheitHall
LawrenceHallofScienc LawrenceHallofScienc
LawrenceBerkeleyNati LawrenceBerkeleyNati
McLaughlinHall McLaughlinHall
Library Library
LiKaShingCenter LiKaShingCenter
WellmanHall WellmanHall
CoryHall CoryHall
SatherTower SatherTower
ZellerbachHall ZellerbachHall
AHammock AHammock
UpperHearstParkingSt UpperHearstParkingSt
InvestigativeReporti InvestigativeReporti
LowerHearstParkingSt LowerHearstParkingSt
AcademicInnovationSt AcademicInnovationSt
ChancellorsEsplanade ChancellorsEsplanade
HenryHWheelerBrainIm HenryHWheelerBrainIm
UniversityHealthServ UniversityHealthServ
