a bz bb by bf dv k cp gm fl cv ci aw aj t ar cu ap l er gl ep ey em fy dq j dj fs gb gh fg dn al gp fu dx eu c ak cq h ew fa fh fr fd fv ev fz b fn e do ck bm ag dg ec p eg m ea et ga bd cs az bc ct ae bi bl cl y dm u dt eq fb w ff ex gn ee cb an du ab df aa de c en ah bv br cd ch o ed a
100
aj aj
fl fl
et et
aw aw
ci ci
fy fy
fn fn
w w
ec ec
eu eu
ae ae
ey ey
cv cv
ep ep
aa aa
de de
em em
m m
bl bl
gn gn
dq dq
az az
ex ex
u u
en en
df df
ee ee
dm dm
y y
du du
dt dt
ff ff
cl cl
e e
bi bi
fb fb
dx dx
bd bd
ct ct
bc bc
ga ga
eq eq
eg eg
dg dg
p p
ag ag
bm bm
gl gl
b b
ck ck
fh fh
ap ap
fa fa
cs cs
fz fz
l l
do do
cu cu
fv fv
ev ev
ar ar
er er
ea ea
a a
fd fd
t t
h h
fr fr
ew ew
c c
cq cq
ak ak
al al
fg fg
j j
fu fu
gp gp
bv bv
gh gh
dn dn
o o
ah ah
dj dj
gb gb
br br
cd cd
k k
gm gm
ch ch
fs fs
by by
bf bf
ed ed
an an
cp cp
cb cb
bz bz
ab ab
bb bb
dv dv
