L16 L49 L141 L82 L140 L114 L84 L144 L87 L59 L53 L65 L1 L152 L91 L148 L28 L24 L7 L22 L94 L129 L128 L47 L52 L67 L110 L92 L80 L101 L116 L8 L134 L100 L79 L114 L126 L109 L125 L11 L89 L93 L6 L29 L77 L16
42
L65 L4 L40 L143 L65 L5
L87 L106 L150 L87 L68
L7 L7
L82 L62 L124 L82
L125 L125
L148 L78
L152 L95 L152
L49 L131 L133 L61 L63
L84 L83 L56 L27 L84
L80 L119 L75 L80 L90 L72
L29 L29
L47 L146 L103 L47
L114 L114
L89 L89 L139 L76 L107
L126 L104 L126 L151
L91 L91
L79 L18 L79 L145
L144 L144
L129 L20 L129 L9
L1 L130 L1
L16 L16 L99
L24 L24
L92 L92
L100 L100
L52 L43 L52
L116 L35 L2
L93 L93
L22 L153 L22
L134 L74 L134 L38
L140 L140
L28 L138 L28 L149 L142 L12
L109 L109 L21
L77 L77 L70
L101 L101
L94 L85 L94 L147
L53 L53
L11 L11
L67 L67
L110 L110
L128 L128
L8 L8
L141 L141
