187 86 156 47 18 67 196 99 7 110 179 36 87 164 78 52 144 119 144 172 66 8 166 173 30 2 77 107 77 161 191 136 72 173 190 169 149 132 149 6 12 152 106 111 163 79 114 146 41 93 171 90 21 108 134 154 97 54 55 54 89 189 80 194 165 160 39 69 44 180 53 35 56 33 83 157 159 176 58 95 58 126 184 92 101 127 82 15 183 65 140 117 175 142 73 23 109 131 133 150 148 71 181 124 128 9 120 13 59 37 42 88 153 29 4 94 158 48 63 195 199 70 45 32 185 162 68 187
100
63 63
111 111
82 82
152 152
133 133
33 33
119 119
191 191
173 173
175 175
163 163
13 13
181 181
90 90
142 142
6 6
110 110
148 148
109 109
132 132
30 30
117 117
165 165
41 41
69 69
128 128
157 157
150 150
54 54
9 9
23 23
169 169
12 12
162 162
2 2
80 80
107 107
190 190
146 146
78 78
153 153
134 134
161 161
67 67
120 120
183 183
55 55
176 176
184 184
93 93
164 164
136 136
48 48
140 140
8 8
72 72
95 95
94 94
171 171
92 92
36 36
18 18
89 89
87 87
160 160
180 180
53 53
97 97
52 52
114 114
172 172
15 15
68 68
47 47
127 127
71 71
65 65
73 73
126 126
58 58
83 83
39 39
70 70
32 32
108 108
79 79
199 199
196 196
154 154
124 124
59 59
29 29
45 45
86 86
156 156
131 131
7 7
44 44
42 42
166 166
