190 135 166 56 45 153 5 172 4 47 138 52 61 50 32 54 163 93 164 93 116 24 152 132 92 106 137 6 121 145 38 65 34 55 36 55 64 44 168 23 186 84 192 69 108 162 95 188 134 99 2 182 113 123 182 71 66 179 11 195 146 10 68 60 76 107 62 46 98 149 85 112 89 100 89 117 22 104 30 141 94 169 176 21 29 102 198 102 109 1 142 1 156 133 147 27 173 177 101 139 193 90 40 189 111 136 165 8 67 33 58 83 3 9 118 190
94
165 165
60 60
146 146
76 185 76
141 141
138 138
104 104
55 55
192 192
176 176
188 188
29 29
36 36
1 1
34 34
11 11
166 166
123 123
3 3
50 50
62 62
118 118
168 168 103
182 182
117 117
172 172
142 142
69 69
113 113
109 109
21 21
61 61
112 112
94 94
139 139
54 54
33 33 114
177 177
2 2
135 135
137 137
27 27
179 179
83 129 83
133 133
10 10
47 47
162 162
5 5
99 99
156 156
40 40
38 38
149 149
169 57 169
95 95
153 153
92 92
23 23
52 52
163 163
100 100
66 66
71 71
22 22
56 56
121 121
132 132
198 198
186 186
101 101
32 32
195 195
30 30
45 45
84 84
46 46
44 44
102 181 102
108 108
93 93
67 67
193 193
136 136
8 8
173 173
116 116
106 106
111 111
152 152
164 164
68 68
189 189
65 65
