Liam Isaiah Joseph Mateo Alexander Mason Elijah Aiden William Logan Christian Luke Noah Lucas Eli Wyatt Eli Jackson Eli Dominic Oliver Dominic Carter Benjamin Sawyer John Sawyer Jose Owen Dylan Thomas James Thomas Ezra Michael Jaxson Brayden Ethan Brayden Adam Ian Henry Ian Adam Jayden Cooper Matthew Cooper Jordan Nicholas Theodore David Sebastian Mateo Joseph Isaiah Liam
30
Liam Liam
Noah Noah
William William
James James
Logan Logan
Benjamin Benjamin
Mason Mason
Elijah Elijah
Oliver Oliver
Jordan Jacob
Lucas Lucas
Michael Michael
Alexander Alexander
Ethan Ethan
Isaiah Daniel
Matthew Matthew
Aiden Aiden
Henry Henry
Joseph Joseph
Jackson Jackson
Brayden Samuel
Sebastian Sebastian
David David
Carter Carter
Wyatt Wyatt
Jayden Jayden
John John
Owen Owen
Dylan Dylan
Luke Luke
