Liam Jordan Jack Joshua Lucas Joshua Cooper Grant Antonio Owen Antonio Carter Elliott Caleb Cameron Gabriel Victor Dominic Maximus Joseph Robert Giovanni Ayden Theodore Jude Zachary Hunter Isaiah Hunter Thomas Emmett Xavier Ryan Nolan Elijah Adrian Elijah Nolan Logan Andrew Oliver Patrick Dean Beau William Landon Bennett John Matthew John Messiah Eric Samuel Eric Greyson Chase Aaron Michael Aaron Chase Lincoln Max Jayden Bentley Camden Noah Maverick Anthony Angel Jaxson Weston Kevin Finn Luke Finn Jacob Finn Kevin Nathan Connor Elias Kaleb Isaac James Steven Sawyer Eli Tyler Marcus Parker Marcus Waylon Jaxon Benjamin Jameson Matteo Julian Josiah Julian Matteo Jameson Daniel Nicholas Christian Brody David Brody Elliot Grayson Alexander Leo Bryson Malachi Adam Colton Tucker Charles Mason Charles Tucker Aiden Mateo Aiden Richard Easton Richard Preston Jonathan Preston Jose Ezra Ezekiel Jeremiah Ezekiel Ezra Jackson Braxton Brantley Ethan Brantley Kai Christopher Kai Carson Kai Brantley Brayden Asher Brayden Declan Dawson Alejandro Ian Alejandro Dawson Gael Wyatt Edward Sebastian Bryce Oscar Levi Oscar Xander Leonardo Jordan Liam
87
Liam Liam Evan
Noah Noah
William William
James James
Logan Logan
Benjamin Benjamin
Mason Mason
Elijah Elijah
Oliver Oliver
Jacob Jacob
Lucas Lucas
Michael Michael
Alexander Alexander
Ethan Ethan
Daniel Daniel
Matthew Matthew
Aiden Aiden
Malachi Henry
Joseph Joseph
Jackson Jackson
Samuel Samuel
Sebastian Sebastian
David David
Carter Carter
Wyatt Wyatt
Jayden Jayden
John John
Owen Owen
Lincoln Dylan Lincoln
Luke Luke
Gabriel Gabriel
Anthony Anthony
Isaac Isaac
Grayson Grayson
Jack Jack
Julian Julian
Levi Levi
Christopher Christopher
Joshua Joshua
Andrew Andrew
Mateo Mateo
Ryan Ryan
Jaxon Jaxon
Nathan Nathan
Aaron Aaron
Isaiah Isaiah
Thomas Thomas
Charles Charles
Caleb Caleb
Josiah Josiah
Christian Christian
Hunter Hunter
Eli Eli
Jonathan Jonathan
Connor Connor
Landon Landon
Adrian Adrian
Asher Asher
Cameron Cameron
Leo Leo
Theodore Theodore Austin
Jeremiah Jeremiah
Jameson Hudson
Robert Robert
Easton Easton
Nolan Nolan
Nicholas Nicholas
Ezra Ezra
Colton Colton
Angel Angel
Brayden Brayden
Jordan Jordan
Dominic Dominic
Ian Ian
Adam Adam
Elias Elias
Jaxson Jaxson
Greyson Greyson
Jose Jose
Ezekiel Ezekiel
Carson Carson
Maverick Maverick
Bryson Bryson
Jude Jace
Cooper Cooper
Xavier Xavier
Parker Parker
