Liam Benjamin Wyatt Daniel Joseph Matthew Joseph Jacob Joseph Michael Luke Oliver Charles Andrew Lucas Julian Ethan Logan Noah Mason William Carter William Elijah Mason Samuel Alexander Samuel James Aiden Jaxon Sebastian Jaxon Liam
23
Liam Liam
Noah Noah
William William
James James
Logan Logan
Benjamin Benjamin
Mason Mason
Elijah Elijah
Oliver Oliver
Jacob Jacob
Lucas Lucas Jackson
Michael Michael
Alexander Alexander Henry
Ethan Ethan
Daniel Daniel
Matthew Matthew
Aiden Aiden
Joseph Joseph
Samuel Samuel
Sebastian Sebastian
Jaxon David
Carter Carter
Wyatt Wyatt
