LOC16 LOC18 LOC83 LOC80 LOC37 LOC82 LOC34 LOC12 LOC56 LOC48 LOC61 LOC31 LOC73 LOC51 LOC85 LOC9 LOC33 LOC44 LOC71 LOC45 LOC63 LOC75 LOC8 LOC91 LOC76 LOC6 LOC87 LOC29 LOC14 LOC90 LOC34 LOC69 LOC0 LOC36 LOC26 LOC4 LOC32 LOC68 LOC27 LOC94 LOC5 LOC59 LOC25 LOC46 LOC15 LOC18 LOC16
32
LOC45 LOC45 LOC79 LOC50
LOC18 LOC18 LOC22
LOC8 LOC17
LOC5 LOC52
LOC25 LOC25
LOC6 LOC70 LOC97
LOC63 LOC47
LOC0 LOC23
LOC26 LOC26
LOC44 LOC96
LOC46 LOC46
LOC51 LOC3
LOC15 LOC15
LOC56 LOC98 LOC56 LOC89
LOC9 LOC9
LOC82 LOC82 LOC28
LOC12 LOC81 LOC12
LOC76 LOC62
LOC59 LOC53 LOC59
LOC80 LOC95
LOC36 LOC36
LOC85 LOC85
LOC61 LOC61
LOC83 LOC57
LOC33 LOC33
LOC91 LOC43 LOC78
LOC73 LOC73 LOC99
LOC90 LOC90 LOC20
LOC37 LOC37
LOC4 LOC4
LOC29 LOC29
LOC31 LOC31
