zero seven six thirteen twenty twentyseven thirtyfour thirtyfive fortytwo fortyone forty thirtynine thirtyeight thirtyseven thirtyeight fortyfive thirtyeight thirtyone thirtytwo twentyfive eighteen seventeen sixteen fifteen sixteen nine ten eleven twelve five zero three zero
22
three three
five five
six six
seven seven
nine nine
eleven eleven
twelve twelve
thirteen thirteen fourteen
fifteen fifteen
sixteen sixteen
eighteen eighteen
twenty nineteen twenty
twentyfive twentyfive
thirtyone thirtyone
thirtytwo thirtytwo
thirtyfour thirtyfour
thirtyfive thirtyfive
thirtyseven thirtyseven
thirtyeight thirtyeight
forty forty
fortytwo fortytwo
fortyfive fortyfive fortysix
