zero six five four eleven eighteen twentyfive thirtytwo thirtynine forty fortyseven fortyeight fiftyfive sixtytwo sixtythree fiftyseven sixtythree seventy sixtyfour sixtyfive sixtysix sixtyseven seventyfour eightyone eightytwo eightynine eightyeight ninetyfive ninetyfour eightyseven eightysix seventynine seventyeight eightyfour seventyeight seventyone seventyseven seventysix seventyfive sixtyeight sixtyone sixty fiftythree fiftytwo fiftyone fifty fiftyone fortyfour fortythree thirtysix thirtyseven thirty twentynine thirtyfive thirtyfour thirtythree thirtytwo twentyfive twentyfour twentythree twentytwo fifteen twentyone twenty twentyone fourteen eight nine ten three two zero
49
two two
three three
four four
five five
six six
ten ten
eleven twelve
fourteen fourteen
fifteen fifteen
twenty twenty
twentytwo twentytwo
twentyfour twentyfour
twentyfive twentyfive
twentynine twentynine
thirty thirty
thirtythree thirtythree
thirtyfour thirtyfour
thirtyfive thirtyfive
thirtysix thirtysix
thirtyseven thirtyseven
thirtynine thirtynine
fortyfour fortyfour fortyfive
fortyseven fortyseven
fortyeight fortyeight
fifty fifty
fiftyone fiftyone
fiftythree fiftythree
fiftyfive fiftyfive
fiftyseven fiftyseven
sixty sixty
sixtyone sixtyone
sixtytwo sixtytwo
sixtyfive sixtyfive
sixtysix sixtysix
sixtyseven sixtyseven
sixtyeight sixtyeight
seventy seventy
seventyone seventyone
seventyfive seventyfive
seventyseven seventyseven
seventyeight seventyeight
seventynine seventynine
eightyone eightyone
eightytwo eightytwo
eightyfour eightyfour
eightyseven eightyseven
eightyeight eightyeight
eightynine eightynine
ninetyfive ninetyfive
