zero six thirteen twenty twentyseven twentysix twentyseven thirtyfour fortyone fortyeight fiftyfive sixtytwo sixtynine seventy seventyseven seventyone seventyeight eightyfour ninetyone ninetyeight ninetytwo ninetynine onehunfive onehunfour onehunthree onehunten onehuneleven onehuneighteen onehuntwentyfive onehunthirtytwo onehunthirtynine onehunfortysix onehunfiftythree onehunsixty onehunfiftynine onehunsixtysix onehunseventythree onehunseventyfour onehuneightyone onehuneighty onehuneightyseven onehunninetyfour onehunninetythree onehunninetytwo onehunninetyone onehuneightyfour onehuneightythree onehuneightynine onehuneightytwo onehunseventysix onehunsixtynine onehunseventy onehunseventyone onehunseventy onehunsixtythree onehunsixtyfour onehunfiftyseven onehunfifty onehunfortythree onehunfortyfour onehunfortyfive onehunfortyfour onehunthirtyseven onehunthirty onehunthirtyone onehuntwentyfour onehuntwentyfive onehuntwentysix onehuntwenty onehunthirteen onehunnineteen onehuneighteen onehunseventeen onehunsixteen onehunfifteen onehuneight onehunone ninetyfour eightyseven eightyeight eightynine eightytwo seventyfive seventyfour sixtyseven sixtysix sixtyfive fiftyeight fiftynine sixty fiftythree fiftytwo fiftyone fortyfour fortyfive thirtyeight thirtyseven thirtysix twentynine thirty twentythree twentytwo fifteen sixteen seventeen ten eleven twelve thirteen fourteen eight one zero
82
one one
zero two three seven
six six
ten ten
eleven eleven
twelve twelve
fourteen fourteen
fifteen fifteen
sixteen sixteen
seventeen seventeen
twenty twenty
twentythree twentythree
twentysix twentyfive twentysix
twentyseven twentyseven
twentynine twentynine
thirtyfour thirtythree thirtyfour
thirtyseven thirtyseven
thirtyeight thirtyeight
fortyfour fortythree fortyfour
fortyfive fortyfive
fortyeight fortynine
fiftytwo fiftytwo
fiftythree fiftythree
fiftyfive fiftyfive
fiftyeight fiftyseven fiftyeight
sixty sixty
seventy sixtyfour seventy
sixtysix sixtysix
sixtyseven sixtyseven
sixtynine sixtynine
seventyone seventyone seventytwo
seventyfive seventyfive
seventyseven seventyseven
seventyeight seventyeight seventynine
eightytwo eightytwo
eightyfour eightythree eightyfour
eightyseven eightyseven
ninetyeight ninetyeight
ninetynine ninetynine
onehunone onehunone
onehuneight onehuneight
onehunten onehunten
onehuneleven onehuneleven
onehunthirteen onehunthirteen
onehunsixteen onehunsixteen
onehunseventeen onehunseventeen
onehuneighteen onehuneighteen
onehunnineteen onehunnineteen
onehuntwenty onehuntwentyone
onehuntwentyfour onehuntwentythree onehuntwentyfour
onehuntwentysix onehuntwentysix
onehunthirtytwo onehuntwentyseven
onehunthirty onehuntwentyeight onehunthirty
onehunthirtyseven onehunthirtyfive
onehunthirtynine onehunforty
onehunfortythree onehunfortythree
onehunfortyfour onehunfortyfour
onehunfortyfive onehunfortyfive
onehunfortysix onehunfortysix
onehunfifty onehunfortynine onehunfifty
onehunfiftythree onehunfiftyfour
onehunfiftyseven onehunfiftyseven
onehunfiftynine onehunfiftynine
onehunsixty onehunsixty onehunsixtyone
onehunsixtythree onehunsixtythree
onehunsixtyfour onehunsixtyfour
onehunsixtysix onehunsixtyfive onehunsixtysix
onehunsixtynine onehunsixtynine
onehunseventy onehunseventy
onehunseventyone onehunseventyone
onehunseventythree onehunseventythree
onehunseventyfour onehunseventyfour onehunseventyfive
onehunseventysix onehunseventysix
onehuneighty onehunseventyeight onehuneighty
onehuneightyone onehuneightyone
onehuneightytwo onehuneightytwo
onehuneightyfour onehuneightyfour
onehuneightyseven onehuneightyseven
onehunninetyone onehunninety onehunninetyone
onehunninetytwo onehunninetytwo
onehunninetythree onehunninetythree
onehunninetyfour onehunninetyfour
