0 20 53 20 79 167 36 12 32 99 42 35 47 87 51 6 78 33 17 13 46 48 179 34 176 45 176 62 75 11 85 144 43 144 94 82 63 173 5 31 4 2 66 134 37 68 180 23 180 68 26 93 26 74 52 71 58 81 123 21 96 16 54 25 61 1 91 40 57 8 10 88 3 95 122 73 64 130 116 67 14 24 56 65 50 153 19 69 41 30 55 193 80 97 27 97 76 7 184 39 18 72 9 121 84 28 90 98 120 183 44 189 83 89 59 70 182 92 150 15 86 106 109 0
95
66 66
31 31
93 93
36 36
74 74
59 59
72 22 72
99 99
62 62
43 43
41 41
14 77 38 14
50 50
58 58
116 60
15 15
1 49 1
45 45
95 95
4 4
44 44
75 75 29
18 18
96 96
37 37
67 67
76 76
79 79
92 92
19 19
71 71
27 27
73 73
28 28
34 34
7 7
17 17
63 63
0 0
47 47
97 97
40 40
84 84
61 61
20 20
85 85
80 80
98 98
53 53
52 52
46 46
64 64
78 78
30 30
89 89
57 57
35 35
23 23
82 82
32 32
68 68
25 25
91 91
54 54
48 48
10 10
56 56
83 83
55 55
33 33
81 81
86 86
2 2
51 51
94 94
90 90
6 6
5 5
8 8
24 24
70 70
87 87
9 9
12 12
39 39
16 16
65 65
42 42
11 11
3 3
21 21
69 69
26 26
13 13
88 88
