0 3 117 193 117 191 140 104 138 178 113 78 110 168 110 169 110 78 113 179 113 12 132 102 133 102 132 12 114 185 114 180 109 166 109 45 95 100 123 100 97 89 61 36 125 101 124 101 126 101 127 101 128 101 129 101 130 101 125 36 98 118 195 118 194 108 115 187 115 108 156 108 159 108 158 153 106 147 106 152 106 150 142 105 146 105 145 105 141 105 21 103 134 103 116 190 116 112 175 112 172 112 92 55 119 199 119 197 119 55 92 117 3 0
57
100 120 121 122
123 123
124 124
125 125
126 126
127 127
128 128
129 129
130 130
102 131 155
132 132
133 133
134 134
103 135 136 137
138 138
104 139
140 140
141 141
142 142
105 143 144
145 145
146 146
147 147
106 148 149 151 154
150 150
152 152
153 153
156 156
108 157 160
158 158
159 159
109 161 162 163 164 165 167
166 166
168 168
169 169
110 170
119 171 198
172 172
112 173 174 176 177
175 175
178 178
179 179
180 180
114 181 182 183 184
185 185
115 186
187 187
116 188 189
190 190
191 191
117 192
193 193
194 194
195 195
118 196
197 197
199 199
