S Q AG Q AK AW BZ AW CJ Q Y N BY F BL D BA I BV C CN Q AQ L BB Q BC AW BF H CK AC BJ AN CW AB CQ V AV P AT J Z BR T DJ S
40
N A N
BL B BL
C C
D D U
Q E O Q W AA AE AO AR AS AU AX BG BH BI BM BQ BS BT BW BX CA CD CE CP CR
F F
DJ G R
H H
I I
J J
S K S
L L
CN M CN
P P
T T
V V
AW X AD AF AH AI AJ AL AM AP AW AY AZ BD BE BK BN BO BP BU CC CF CH CI CL CM CO CS CU CV
Y Y
Z Z
AB AB
AC AC
AG AG CT
AK AK
AN AN
AQ AQ
AT AT
AV AV
BA BA
BB BB
BC BC
BF BF
BJ BJ
BR BR
BV BV
BY BY
BZ BZ CB
CJ CJ
CK CK
CQ CQ
CW CW
