Wheeler Doe Campanile LeConte Birge Campbell Haviland Memorial Minor Haas Faculty FSM Baker McCone CKerr McCone BigC Pavilion Simons Koja Legends Koja Simons Pavilion BigC Bongo NorthGate Ippuku WayWest Cloyne Cafe3 Hearst Davis Kresge Normandy Cheit Soda Sather OCF Sather Soda Moffitt VLSB Etcheverry Latimer Evans Morrison Hertz Kroeber Lewis Greek Cory Jacobs Cory Greek Morrison Evans Wheeler
26
Sather Martinez Barker Unit3
OCF OCF
Hearst Hearst
Haas Stonefire Haas
Simons Unit2
Legends Legends
Koja TriDelta
Ippuku Metropolitan
WayWest Anthony Warren
Moffitt Moffitt
Minor Hargrove
Wheeler Sproul Dwinelle
Birge Birge
Jacobs Bechtel Jacobs
Kroeber Boalt Kroeber
Morrison Morrison
Baker Baker Fiji
CKerr CKerr
Pavilion PeoplePark
Haviland RSF
Cheit Cheit
Davis Davis
Cloyne Cloyne
Etcheverry Etcheverry
Latimer Foothill
Memorial IHouse McLaughlin Moses
