0 11 3 75 3 4 3 57 31 25 31 89 64 35 12 81 10 20 86 0 100 106 100 105 100 103 100 107 100 101 116 101 115 101 113 101 111 101 110 101 109 101 112 101 108 101 100 104 100 102 100 0 17 68 17 77 17 70 5 17 80 17 0
37
17 17 13
104 104 136
103 128 130 127
20 20 43
107 152 153 151
109 167 109
112 182 180 112 179
4 14 87 63 96 49 4
5 42 5
10 83 99 10
25 25 24 59
70 70 65
35 35
108 156 158 160 154
101 117 101
110 172 169 175 171 173 168
111 177 178
106 147 149 106 142 145 144 146
102 124 123 118 121 102
86 90 85 86 98
113 189 188 113
75 18 28 54 29 75
31 31 53
115 196 194
80 66
81 81 82
89 26 1 89
3 51 56
77 77 22
100 100
64 72 7
68 44 68
57 57 21
12 62
116 198
11 58 55
105 138 105
