86 169 186 196 99 76 111 113 147 101 133 152 133 92 127 151 80 194 80 151 127 87 127 72 186 120 86 125 49 122 40 58 28 58 97 115 89 136 91 98 148 98 107 81 157 32 159 32 126 180 45 180 106 180 19 166 183 4 179 4 142 156 39 177 39 149 12 138 147 158 25 153 25 64 40 38 20 82 20 187 35 68 90 68 22 67 54 114 105 114 70 117 143 48 61 69 61 51 18 84 88 27 88 172 56 172 186 26 9 110 9 10 187 79 137 79 30 61 71 167 65 146 65 167 140 67 2 63 74 63 145 7 163 161 150 86
86
81 1 181
2 2
98 5 173 189
143 6
12 8 123
10 10
99 11
9 13
76 14 76
151 17 192
19 19
79 21
22 22
26 26
27 27
28 28
30 30
35 35
133 36 116
38 38
20 41
149 44 149
45 45
48 48
51 51
114 52
115 53
54 54
56 56
70 57
64 64
180 66 154
69 69
71 71
72 72
186 73 139
74 74
63 75
82 82
84 84
87 87
89 89
90 90
91 91
92 92
58 93
127 94
97 97
68 100
101 101
105 105
106 106
107 107
110 110
113 113 174
117 117
120 120
111 121 129
122 122
125 125
126 126
167 132
137 137
138 138
140 140
145 145
146 146
148 148
150 150
152 152
153 153
156 156
157 157
158 158
159 159
147 160 184
163 163
169 169 185
32 175
177 177
179 179
183 183
194 194
196 196
67 198
88 199
