0 50 65 64 62 66 67 63 61 63 59 70 68 57 58 57 68 70 69 82 84 83 97 94 98 94 97 83 84 80 85 87 88 86 92 86 88 91 88 87 85 80 79 73 74 76 74 73 79 80 71 70 59 63 67 66 62 64 53 64 65 50 0 15 14 12 16 17 13 11 13 9 20 18 7 8 7 18 20 19 32 34 33 47 44 48 44 47 33 34 30 35 37 38 36 42 36 38 41 38 37 35 30 29 23 24 26 24 23 29 30 21 20 9 13 17 16 12 14 3 14 15 0
32
0 1
3 2 3
11 4
8 5 6
9 10
30 22
24 24
26 25 26
23 27
33 33
47 47
44 44
48 48 49
42 46 42
36 36
41 40 41
50 51
53 52 53
61 54
58 55 56
59 60
80 72
74 74
76 75 76
73 77
83 83
97 97
94 94
98 98 99
92 96 92
86 86
91 90 91
