5 14 23 103 23 14 63 14 5 33 68 155 68 17 12 9 12 150 191 150 12 25 43 183 43 25 37 45 152 45 59 101 111 101 59 96 59 127 59 75 50 32 21 8 95 121 95 1 177 1 6 11 113 11 27 41 86 109 86 41 19 52 143 144 176 180 194 180 176 144 143 52 19 5
37
9 9 77 92 160 163
21 21
23 23
27 27 140
5 31 35
32 32 91
45 45
50 50
1 51 105
96 54 96
17 57 179
86 58
63 63
68 68
59 76 126
52 80 102
11 85
101 101 104
103 103
37 106
109 109 130
111 111
113 113
121 121
127 127
19 145 169
152 152
155 155
8 168
176 176
177 177
12 178
180 180
183 183
191 191
194 194
14 196
