zMnoKpsz12d1Y6CixoCL hdXOmxRAbu0HN40emwgb RLriJ3z2V3NV2Vo1oURR dakEfF8eF1B4IYsSGGLe oJor9EUgXhaXPDmChml7 UkKARQyd3ZxfrQwOeW0R 5jE3DcSbPJWRITx0u2Kf jS5XJP3bXemMgWyvfsmt M3MAG2lM6nUmTjQ3nD4D JOo21iuZtHvP9sSModQZ e7oVwvEXzQVG9DeK8uQS BVbv363irLjfCXrWQjqn fat0ktgmwPXvqLhmWfJ0 YqOJXOtRcgzFFRGKRutM hH5yU5IgxmmStVnXEBJ1 IcoYVabhkC8yNYJgy44V B56U06r3nz3RZaXVmiK2 QHym2s92VJ8ycxMeFawz WCUwzDEkBlRrgSeSv9vv 50qWynRev5CSErzk8Yih RIRtIJewArUY7i7A6OEl FwLnZPETaUkrkp7dE0hH GhNWfyijkz8OKJbptIGO TuA4wNSOMjTMUxZ5fZWx OcyqfDTyG7wfT1rvpitz 1Tm2BSSz9mj8o3m9o0TB ybqDdUoaPknlNwzZFeto kHWDWFJURX8TBbDnLSlR hzqXRQPGO5tnMpQYDdxn g6l3PryZJRSAXJGUyq22 73GclC6XOTCjqTwHSUFH vPVOeWczn8eJlf3Gviol zMnoKpsz12d1Y6CixoCL
27
fat0ktgmwPXvqLhmWfJ0 mNuLv0WHsIRpWEdSUREd mUERvxQcAO2XlgBTPRGA qSLkk45Evo68Y4JhMUq7
1Tm2BSSz9mj8o3m9o0TB ZcpnIKUrL8i4GzxAolZX 07iKiKtYzy9bLoKUo0ve 5VNO6t8qAcR3d5jJgfi4
e7oVwvEXzQVG9DeK8uQS olgHJpCT79b6HED7FUWa ARorC1kPdEun4czh3dmX bUGtOHLCdzsNiRxcLtaT
FwLnZPETaUkrkp7dE0hH ZvocIzADG7dBR58wmnu8 9c21VhIQJbtu6kG4NZT4 KBGTLYOWLSviflcWwd9y
UkKARQyd3ZxfrQwOeW0R u91JdIwHTd2zumpXCvmK OMLAPgVr1RosMrpENk9K JKKWZrMfMDLTYQt6t5Ap
M3MAG2lM6nUmTjQ3nD4D PrzulPuk0tqiNKmdjp0X GfpGWz1SaDeisCQVEJrI z2nBS9pweVYpDmW0fMRS
jS5XJP3bXemMgWyvfsmt CcIlGrru613gqyngyuYo Vv2apUMOUSvB9J5u8yJr ZSg6FSZaRCTLmeHoLgMI
QHym2s92VJ8ycxMeFawz KP4zLIZ5LMWJ6mkRn6BX QFT8yfDPa0xDNdRMchX3 pkPHvGrHHriGlmiL3mRW
IcoYVabhkC8yNYJgy44V dBvruVRsFq4ihmzPj7nf GaG5DAqLVuTD09GfUl6l U8fsnzMIN4aMdzToihTq
5jE3DcSbPJWRITx0u2Kf NieXnWTTyXxCRp5CSl0i gM8AHyLc0ZjUxmDMuXzJ 9q9h29089dBsNERnjXsd
g6l3PryZJRSAXJGUyq22 RvFA5khunRjN3Z7dmUKr 2DqN6NYyebkVczAnrbNI Armxs904ujfdAYn9LtOF
JOo21iuZtHvP9sSModQZ oDA5VKbLZuTPP2ZEB14d T7hLF9jTtc4htoAH0PWD QmCq2RCVgnssPOgSwAr8
hH5yU5IgxmmStVnXEBJ1 3mTCmcCkVhhFn533BM03 oougNPfNRCSRCWJrOUlb Y2BEa9hp0T63SlTWXenG
BVbv363irLjfCXrWQjqn nfdt04yvrwrpPVPzIy2c MDHuBmBbeFOGqzpuNmVz 34ScKN0pHkNmnxdkoIOC
B56U06r3nz3RZaXVmiK2 Y0dqIYSR4P9Br1Cq3f9U MyPRIiIVlLarPoP5nZfy xBNbU9Yu51mQvClxjQdr
ybqDdUoaPknlNwzZFeto FHGlzd4VlMUVjTba9Qjm WELPo1XEQnG4JejlB13A z6gtkXCB2ntSiYsjrque
hzqXRQPGO5tnMpQYDdxn XKYNaFpYuIx7Zx7vNANa 8s4ukhLgGBoor0D87KUr bclRgmmOqfg3PHQz06qB
RIRtIJewArUY7i7A6OEl cthtNVKVABeolrPabegT szEChRtMF49nUq5i634G FqxzURcIHYyg2FOpiXCN
GhNWfyijkz8OKJbptIGO lcq8BXTLE4WDnj4JF3yo EvdCmEq3CXPDtnZYkiVu VxRxz5foWagBafuSz1m4
oJor9EUgXhaXPDmChml7 TzlCRBgA0Q2cCjETm7Vx C3qGKxHtliSTI7oOnHoB FDT7h4JKMRWa9fcDNmXs
dakEfF8eF1B4IYsSGGLe yE3wNgUIJB0oZwUjLCMo 9XhdonQsTDmLQknJ4xeP YIAlamFOfZeHd5qDll32
50qWynRev5CSErzk8Yih QTgsp1BfPDsixeeH6QUT Vkpfkc0JUDpakJkZipKD 3fQHkf8pseCy7Ys4Kez5
WCUwzDEkBlRrgSeSv9vv ofmz95sRAyIS0ShQndvb 15e7umNMnawEegsOhkYh 5cjkSqVe5mFfFhCgwe8r
TuA4wNSOMjTMUxZ5fZWx jdgXkfbupFQ0XUNJEyvU JzMVZjOikutQZg00S8wX WdpiLe9uZpnuS9WMphYw
OcyqfDTyG7wfT1rvpitz sNJuS4R6b6KAUX5QI4md G6KTAOxQU8MNiSLazU1t uqAmYQiu3O0THeAaPzKH
kHWDWFJURX8TBbDnLSlR W8ft2Hcg1VXPVNTpprS3 mTYxpEwVJTp369cmBN7S dUDrtIP8WIldh2FT7uba
YqOJXOtRcgzFFRGKRutM JPD2uBroiElzO4z72vhQ HAc1Ylu9mrUmnheKISnK Ryx97mzVLWHytqmLAKlJ
