Ippudo Platano Gypsys EastAsianLibrary LittleCampanile EastAsianLibrary Campbell Eureka Ikes Gongcha MSRI NoodleGirl Wikiwiki Underhill Homeroom PokeBar Plentea ClarkKerr BSC TukTukThai Venus TukTukThai DavisHall NorthHall DavisHall Cinnaholic Slivers Cinnaholic TripleRock Cinnaholic HortonHall Shengkee HortonHall Underhill SteamTrains KroeberHall SteamTrains JambaJuice Doe ThaiNoodle Cafe3 LewisHall SmokesPoutinerie TheDwight SmokesPoutinerie Flavia UCafe Flavia PurpleKow PeoplesCafe PurpleKow Flavia AndrewsApartment UrbanOutfitters Cornerstone Campanile TPTea TennisCourts BobaNinja TToust Crossroads LiKaShing BanshoRamen Raretea InternationalHouse BobbyGPizza ImmThai BobbyGPizza Marugame Gadani HalalGuys LittleBird Fengcha HavilandHall Bonchon Wheeler GSPP EastBaySpiceCompany HesseHall Kips Muraccis Kips HesseHall ThaiBasil Milkbomb Blackwell SuperDuperBurgers Pappys HearstAnnex McDonalds Morrisonhall McDonalds HearstAnnex Bowles AshaTeaHouse Barrows BerkeleyBart BigC TenderGreens BigC BerkeleyBart HappyLemon BerkeleyWayWest Artichokes SnackShack AmoebaMusic LeConte Cafe3 ExtremePizza LaNote TacoBell LaNote Toss YogurtPark GreatChina SatherGate GreatChina YogurtPark OptometryBuilding YogurtPark TraderJoes Gather Spats Gather Tilden LatimerHall Jupiter TopDog Firewings Quicklys BerkeleyArtStudio Mezzo BerkeleyArtStudio SaturnCafe HeatCafe BerkeleyThaiHouse Safeway BerkeleyThaiHouse SutardjaDai Rachas NatApartment HildebrandHall Soda Platano Ippudo
88
HortonHall HortonHall
KroeberHall KroeberHall
LatimerHall LatimerHall
LewisHall LewisHall
Jupiter Morganhall Jupiter
Morrisonhall Morrisonhall
ThaiBasil MulfordHall ThaiBasil
NorthHall NorthHall Yifang
OptometryBuilding OptometryBuilding LaBurrita
AshaTeaHouse AshaTeaHouse
McDonalds McDonalds
Bonchon Bonchon
Firewings Firewings
HappyLemon HappyLemon
Crossroads Ucha Crossroads
Artichokes Artichokes LowerSproul
TacoBell TacoBell
Gongcha Gongcha
Fengcha Fengcha
UCafe UCafe
BerkeleyBart SproulHall
TPTea TPTea
SatherGate SatherGate
TennisCourts StrawberryCreek Cheeseboard
BigC BigC
ClarkKerr ClarkKerr
Cafe3 Cafe3
Raretea Raretea
Underhill Underhill
TraderJoes TraderJoes
Safeway Safeway
Marugame Marugame
Kips Kips
Pappys Pappys
NatApartment BetaLounge
Spats Spats WursterHall
Cornerstone Cornerstone
TripleRock TripleRock
Shengkee Shengkee
Plentea Plentea
Campbell Chipotle MemorialGlade
ImmThai ImmThai
Milkbomb Milkbomb
EastAsianLibrary EastAsianLibrary
ThaiNoodle ThaiNoodle
Mezzo Mezzo
Slivers Slivers
Ikes Ikes
NoodleGirl Teazone
PokeBar PokeBar
Quicklys Quicklys
TopDog TopDog
Gypsys Gypsys
SnackShack SnackShack
SmokesPoutinerie SmokesPoutinerie
GreatChina GreatChina
Eureka Eureka
BSC BSC
Platano Platano
EastBaySpiceCompany EastBaySpiceCompany
TenderGreens TenderGreens
PeoplesCafe PeoplesCafe SweetheartCafe
SuperDuperBurgers SuperDuperBurgers
YogurtPark Target
JambaJuice JambaJuice
HalalGuys HalalGuys
ExtremePizza ExtremePizza
Gadani Gadani
Wikiwiki Wikiwiki
Homeroom TheHabit Homeroom
Campanile ChezPanisse
LaNote LaNote
Rachas Rachas
BobaNinja BobaNinja
Wheeler Wheeler
TukTukThai TukTukThai
Gather Gather
Venus Venus
SaturnCafe SaturnCafe
AmoebaMusic AmoebaMusic
AndrewsApartment GrizzlyPeak AndrewsApartment
BerkeleyArtStudio BerkeleyArtStudio
TheDwight TheDwight
BanshoRamen BanshoRamen
LittleCampanile LittleCampanile
Bowles Namaste
Muraccis Muraccis
UrbanOutfitters UrbanOutfitters
