Shelf0 Whale137 Cat163 Allergies103 Mail22 Puppy140 Ring169 Toolbox146 Light30 Comics28 Book171 Solar130 Toolbox72 Nuclear18 System156 Soap53 Poop150 Robot93 Ice9 Solar162 Kitty194 Soda197 Dislike27 Book24 Dislike27 Flowers178 Settings75 Sink109 Shower47 Sink109 Printer188 Cat187 Whale31 Clock61 Post158 Whale126 Monster175 Towel92 Dog168 Android196 Ring82 Soap3 Toolbox147 Male149 Urine124 Whale114 Robot164 Comics107 Nuclear65 Poop76 Mail6 Body55 Ice165 Water38 Ice165 Puppy117 Clock2 Horse148 Kitty89 System183 Urine97 Robot51 Hnads182 Plus78 Rollers14 BBQ36 Urine20 Nuclear35 Rollers63 Breakfast85 Fusion104 Poop80 Websites94 Fusion34 Cone185 Solar71 Ring60 Plants118 Dog181 Elevator115 Shoe174 Boat67 Shoes8 Soap58 Shoe17 Shelf40 Ice41 Laptop19 Water135 Rollers95 Kitty98 Laptop125 Allergies176 Dislike143 Running177 Hnads116 Drugs39 System79 Running66 Cat70 Leash46 Cat15 Solar192 Soda119 YouTube33 Crab83 Soap64 Clock139 Allergies88 Websites4 Monster73 Drugs184 Toilet13 Toolbox153 Shelf0
95
Crab83 Crab83
Boat67 Boat67
Horse148 Horse148
Post158 Post158
Robot93 Robot93
Kitty194 Kitty194
Drugs39 Drugs39
Sink109 Sink109
Shelf40 Shelf40
Poop150 Leash77 Poop150
Laptop125 Laptop125 Water29
Allergies88 Allergies88
Toolbox146 Toolbox146
Ice9 Ice9
Light30 Light30
Soap58 Soap58
Dislike143 Towel154 Dislike143
Plants118 Plants118
Settings75 Settings75
Kitty89 Kitty89
Body55 Body55
Monster175 Monster175
Water135 Water135
Shower47 Shower47
Shoes8 Dislike12 Shoes8
Dog168 Dog168
BBQ36 BBQ36
Shoe174 Shoe174
Urine124 Urine124
Nuclear35 Nuclear35
Mail22 Mail22
Allergies103 Allergies103
Ice41 Ice41
Monster73 Monster73
Puppy117 Puppy117
Whale126 Whale126
Solar130 Solar130
Soda119 Soda119
Printer188 Printer188
Rollers95 Rollers95
Robot51 Robot51
Running177 Drugs195
Laptop19 Laptop19
Toolbox72 Toolbox72
Clock2 Clock2
Hnads116 Hnads116
Nuclear18 Nuclear18
Soap64 Soap64
Robot164 Robot164
Soda197 Soda197
Dog181 Dog181
Clock139 Clock139
Toolbox153 Toolbox153
Water38 Water38
Dislike27 Dislike27
System156 System156
Puppy140 Puppy140
Poop80 Poop80
Solar162 Solar162 Website190
Allergies176 Allergies176
Plus78 Plus78
Ice165 Ice165
Solar192 Solar192
Mail6 Mail6
Whale137 Whale137
Rollers14 Rollers14
Book24 Book24
Urine97 Urine97
Fusion104 Fusion104
Flowers178 Flowers178
Shoe17 Shoe17
Urine20 Urine20
Cat15 Cat15
Book171 Book171
Solar71 Solar71
System183 System183
Ring82 Ring82
Poop76 Poop76
Clock61 Clock61
Ring169 Ring169
Male149 Male149
Cat187 Cat187
Android196 Android196
Hnads182 Hnads182
Shelf0 Shelf0
Fusion34 Fusion34
Whale114 Whale114
Towel92 Towel92
Toilet13 Toilet13
Breakfast85 Breakfast85
Websites4 Websites4
Whale31 Shower57
Comics107 Comics107
System79 System79
Kitty98 Kitty98
