hutmk omjfc dowbf yaxts rlfxc gxdqt lsnhz mlfbi oscrv misyc xeljy ijvuq ywion ijofp bcrwj yiodb otirh aeomh iofdr ugamb vczkh spuoi mzlsn abupm artvi axmwy aqzce tejxc qdzgs hopbn zsehb tyuep cursl xnysi hincx urlkt coubd xintv lcghr ugyls vmgxh hutmk
37
oscrv oscrv
hopbn hopbn
mlfbi mlfbi
lcghr lcghr
aqzce aqzce
mzlsn mzlsn
zsehb zsehb
tyuep tyuep
coubd coubd
ugyls yzaje ugyls
rlfxc lnfiu rlfxc ablxw
cursl cursl
omjfc omjfc
qdzgs qdzgs
xintv xintv
ywion ywion
gxdqt gxdqt
vczkh vczkh
yiodb yiodb
urlkt urlkt
aeomh aeomh
artvi artvi
vmgxh vmgxh
ugamb ugamb
otirh otirh
tejxc tejxc
xeljy xeljy
yaxts yaxts
spuoi spuoi
xnysi xnysi
dowbf dowbf
misyc misyc
bcrwj bcrwj
lsnhz lsnhz
axmwy axmwy
ijvuq ijvuq
ijofp ijofp
