Hayward SantaClara Hayward CedarRapids Memphis Winston Murrieta Tampa Murrieta Fontana SantaCruz Montgomery Topeka Omaha PuntaGorda SaintPaul Bradenton Tucson PalmBay Torrance McHenry Springdale Barnstable Medford GulfportBiloxi Chicago Burbank Danbury Atlanta Abilene GrandRapids Abilene Downey SaintLouis Harlingen Waco NewOrleans Waterloo Yonkers Huntsville KansasCity McAllen BelAir Monroe BelAir York NewBedford Aurora Bakersfield Aurora Tucson Washington LakeCharles Newark NewYorkCity Kennewick Tyler Hickory HuntingtonBeach Hickory Charlotte RichmondCounty Hampton Modesto Corona Deltona Durham Bloomington Durham Asheville Hayward
50
PuntaGorda PuntaGorda
Tyler Tyler
Montgomery ThousandOaks
PalmBay PalmBay
Tucson Tucson
Barnstable Barnstable
Yonkers Yonkers
Burbank Burbank
McHenry McHenry
Harlingen Harlingen
Charlotte Charlotte
Omaha Omaha
Topeka Topeka
Deltona Deltona
Danbury Danbury
Downey Downey
Asheville Asheville
McAllen McAllen
Chicago Chicago
GrandRapids GrandRapids
BelAir BelAir
Aurora Aurora
CedarRapids CedarRapids
LakeCharles LakeCharles
Bradenton Bradenton
RichmondCounty RichmondCounty
SantaCruz SantaCruz
Modesto Modesto
HuntingtonBeach HuntingtonBeach
Huntsville Huntsville
NewYorkCity NewYorkCity
Tampa Tampa
Monroe Monroe
Bakersfield Bakersfield
Springdale Springdale
SantaClara SantaClara
Atlanta Atlanta
Durham Durham
Newark Newark
Torrance Torrance
Memphis Memphis
Kennewick Kennewick
Bloomington Bloomington
NewBedford NewBedford
SaintPaul SaintPaul
York York
Hickory Hickory
Waco Waco
Waterloo Waterloo
Hampton Hampton
