Hayward Shreveport Hartford NorthLasVegas SterlingHeights Springfield Harlingen Springfield Spartanburg LakeCharles Boulder Phoenix BatonRouge Eugene Anaheim Columbus SantaClara Fullerton Flint Trenton Louisville Bloomington CapeCoral Mesquite Escondido Sacramento StLouis Sacramento Escondido Monroe NewYork Kalamazoo RoundLakeBeach Independence Cincinnati Independence RoundLakeBeach Lorain Scottsdale Omaha NewYorkCity Henderson Topeka Downey Salem Deltona Tucson Utica Anchorage Norwich SanBuenaventura Oxnard Fitchburg Waterbury Newburgh Carrollton SiouxFalls RichmondCounty PortArthur Lacey Savannah StPaul CathedralCity StPaul CorpusChristi Hampton Newark Hampton Gastonia Laredo GreenBay Lafayette Birmingham Bryan HavredeGrace JohnsonCity SanAntonio ElPaso Charlotte Champaign York Reno Ogden Sarasota Scranton Arvada Tyler Nashua LasVegas Stamford Marysville Layton PembrokePines Racine PembrokePines SanBernardino Pueblo SanBernardino Mobile Hemet PuntaGorda Modesto Elkhart McAllen ElMonte Merced Detroit Duluth SaintPaul GrandRapids Vancouver GrandRapids Burlington Albuquerque Torrance Melbourne Lubbock CostaMesa Bakersfield SouthBend Youngstown Barnstable Youngstown OverlandPark Greenville Plano Hagerstown PalmBay Cambridge ThousandOaks PortSaintLucie Olympia PortSaintLucie ThousandOaks Huntsville Kissimmee Marina Frederick Marina NewportNews Bethlehem Orem NewBedford Orem Shreveport Hayward
96
PuntaGorda PuntaGorda
Tyler Tyler
Cincinnati Cincinnati
ThousandOaks ThousandOaks
Norwich Norwich
PalmBay PalmBay
Tucson Tucson
Utica Utica
Pueblo Pueblo
Albuquerque Albuquerque Hialeah
Laredo Laredo
NewportNews NewportNews Aberdeen
Barnstable Barnstable
JohnsonCity JohnsonCity
Greenville Greenville
Eugene Eugene Boise
Racine Racine
Nashua Nashua
RoundLakeBeach RoundLakeBeach
Harlingen Harlingen
Newburgh Newburgh
HavredeGrace HavredeGrace
Charlotte Charlotte
OverlandPark OverlandPark
Omaha Omaha
Topeka Topeka
CapeCoral CapeCoral
Deltona Deltona
Anchorage Anchorage Fresno
Marina Marina
Salem Salem
LasVegas LasVegas
Downey Downey
Hagerstown Hagerstown
Birmingham Birmingham
SanBuenaventura SanBuenaventura
Mesquite Mesquite
Flint Flint
McAllen McAllen
Lubbock Lubbock
CorpusChristi CorpusChristi
Layton Layton
Fullerton Fullerton
Bethlehem Bethlehem
NorthLasVegas NorthLasVegas
StLouis StLouis
GrandRapids GrandRapids
Frederick Frederick
Arvada Arvada
Oxnard Oxnard
Hemet Hemet
Scranton Scranton
Waterbury Waterbury
LakeCharles LakeCharles
Stamford Stamford
Olympia Olympia
RichmondCounty RichmondCounty
Duluth Duluth
Modesto Modesto
Henderson Henderson
Sarasota HuntingtonBeach
Huntsville Huntsville
Lacey Lacey
Burlington Burlington
Columbus Columbus
Savannah Savannah
Vancouver Vancouver
Detroit Detroit
CathedralCity CathedralCity
NewYorkCity NewYorkCity
Marysville Marysville
GreenBay GreenBay
Bakersfield Bakersfield
Monroe Monroe
Louisville Louisville
ElPaso ElPaso
SantaClara SantaClara
Kissimmee Kissimmee
Newark Newark
Torrance Torrance
Hartford Hartford
Plano Plano
Bloomington Bloomington
Kalamazoo Kalamazoo
NewBedford NewBedford
SiouxFalls SiouxFalls
Elkhart Elkhart
Champaign Champaign
Anaheim Anaheim
SaintPaul SaintPaul
York York
Spartanburg Spartanburg
Scottsdale Scottsdale
Mobile Mobile
Melbourne Melbourne
Ogden Ogden
