0 59 73 142 176 66 160 40 9 152 3 198 71 93 24 121 124 49 36 151 145 130 10 119 182 31 34 140 187 108 166 50 83 158 87 17 172 184 75 91 116 12 62 123 95 30 5 56 161 170 193 170 150 38 168 22 155 197 23 197 162 109 125 189 144 6 2 35 42 89 171 18 25 26 113 61 113 105 11 136 122 52 16 97 15 101 68 135 110 60 80 167 104 141 102 196 79 51 179 47 163 1 188 7 173 96 67 178 39 27 111 194 191 147 21 0
94
173 173
124 124
141 164 141
79 79
6 6
80 80
1 1
135 135
179 179
110 110
18 18
35 35
160 160
193 193
50 50
11 129 11
147 147
140 140
42 42
171 171
26 26
150 150
119 119
91 91
108 108
123 123
184 138 184
21 21
96 96
152 152
101 101
73 73
87 87 157
158 158
111 111
104 104
22 22
178 178
142 142
31 31
38 38
121 156
161 161
145 145
168 168
83 83
95 95
162 162
9 9
56 56
16 16 118
30 30
5 5
17 17
40 40
60 60
59 59
187 187
27 27
196 196
163 163
36 36
194 194
102 102
25 25
189 189
71 71
109 109
12 12
67 67
68 68
10 10
61 61
89 89
122 122
34 34
136 136
66 55 66
24 24
105 105
151 151
49 49
172 172
155 155
23 23
7 7
198 198
93 93
144 144
15 15
39 39
62 62
75 75
130 130
