68 63 64 17 82 41 71 29 31 75 93 19 18 95 21 97 21 49 94 11 69 87 23 84 25 27 25 9 81 89 61 78 83 78 77 13 5 15 5 52 45 65 79 67 91 73 91 43 57 43 42 47 42 58 85 58 39 59 55 76 80 3 2 1 26 34 35 34 33 53 44 7 44 53 51 50 37 64 63 68
49
1 1
3 3
5 5
7 7
9 9
11 11
13 13
15 15
17 17
19 19
21 21
23 23
25 25
27 27
29 29
31 31
33 33
35 35
37 37
39 39
41 41
43 43
45 45
47 47
49 49
51 51
53 53
55 55
57 57
59 59
61 61
63 63
65 65
67 67
69 69
71 71
73 73
75 75
77 77
79 79
81 81
83 83
85 85
87 87
89 89
91 91
93 93
95 95
97 97
