21 152 153 152 111 188 135 188 113 81 11 41 105 104 103 102 187 156 45 156 93 89 141 151 175 65 48 19 48 79 48 47 116 133 116 115 119 120 51 120 9 8 7 8 59 60 61 132 131 130 122 123 122 117 75 137 125 124 189 37 36 35 154 29 30 167 166 169 57 169 168 139 87 73 43 27 101 194 193 107 85 150 53 181 180 126 127 5 15 171 69 66 145 66 69 136 39 52 49 50 197 95 195 95 97 140 147 55 185 143 185 186 33 155 165 25 179 161 179 178 63 71 63 83 82 177 183 114 77 17 160 23 191 13 172 173 106 109 176 149 142 99 142 139 1 2 3 34 129 21
94
1 1
3 3
5 5
7 7
9 9
11 11
13 13
15 15
17 17
19 19
21 21
23 23
25 25
27 27
29 29
113 31 113
33 33
35 35
37 37
39 39
41 41
43 43
45 45
47 47
49 49
51 51
53 53
55 55
57 57
59 59
61 61
63 63
65 65
66 67
69 69
71 71
73 73
75 75
77 77
79 79
81 81
83 83
85 85
87 87
89 89
101 91 101
93 93
95 95
97 97
99 99
103 103
105 105
107 107
109 109
111 111
115 115
117 117
119 119 159
120 121
123 123
125 125
127 127
129 129
131 131
133 133
135 135
137 137
139 139
141 141
143 143 157
145 145
147 147
149 149
151 151
153 153
155 155
161 161
197 163 197
165 165
167 167
169 169
171 171
173 173
175 175
177 177
179 179
181 181
183 183
185 185
187 187
189 189
191 191
193 193
195 195
