0 179 178 177 176 177 178 150 70 150 178 179 0 1 8 117 116 115 116 117 8 1 175 111 110 21 20 142 141 140 139 138 94 138 95 137 136 135 92 91 118 39 130 51 50 51 130 39 118 89 132 30 29 28 27 26 27 28 97 28 29 46 32 63 62 170 85 170 62 63 32 46 45 99 45 46 29 30 132 89 118 91 92 135 134 52 134 135 136 137 95 138 139 140 141 142 20 21 110 111 112 113 37 36 88 36 37 113 78 15 47 127 126 174 126 127 147 13 12 11 10 11 103 107 106 107 103 11 12 13 147 54 24 23 22 154 22 23 24 54 147 127 47 15 78 79 165 164 163 2 163 120 4 14 152 151 169 168 167 166 165 125 124 123 83 82 81 17 81 82 83 123 124 125 165 79 78 113 112 111 175 1 0
54
113 102 113
103 103
106 105 106
110 109
111 111
112 112
115 114 115
116 116
123 122 123
126 126
132 131
147 147
15 15
150 150
152 152
154 153 154
2 158 2
17 16 17
170 170
141 172 7
174 173 55
175 175
178 178
22 22
24 24
26 25 26
27 27
29 29
32 32
151 34
36 35
4 4
176 44
47 47
50 49
54 53 54
140 58
62 61 62
63 63
70 69 70
52 72
164 73
78 77
81 80 81
83 83
85 84
168 86
88 87
10 9
135 90
94 93 94
95 95
97 96
99 98 99
