Essos JarrensOutpost TheReshiIsles FleaBottom Dubwall Gizton Carvahall Urubaen Boatwright Duskhollow Glimthain Ellesmera MountOlympus MysticRuins BikiniBottom TheKrustyKrab Grimbarrow TheKrustyKrab Toperhagen TheFae Helgrind Shinovar Neddington BaSingSe Dragonstone Arrowcave Valyria Braavos BeyondtheWall TheSpine CrastersKeep Atlantas Batcave Keld ShatteredPlains Alderaan Bobbingbourne Omashu WesternAirTemple Winterfell Arcwallow Yll ProBendingArena FireNation Neddingtown Penketh Arkham WitheredHeath Soda Steeltown CastleBlack Lockinge TheVale Westeros Astapor Netherfort Aerodenn CaveofTwoLovers TheSpiritWorld SatishVille Endor Barkamsted Ademre TheCommonwealth DuWeldenvarden Meereen Lorien Alethkar TheBoilingRock Castamere Tarbean TheGodswood HighGarden Accrington FlourishBlotts Azir TheGreatDivide RepublicCity TheRiverStyx Tartarus Riverrun DiagonAlley Sanlow Hogwarts GooLagoon ShriekingShack Trebon TheChumBucket TheUnderworld Ivormere JahKeved Peridrift Newarre Karth TheWhompingWillow Jakku Toffingburg Essos
93
RepublicCity RepublicCity
Arcwallow Arcwallow
WitheredHeath WitheredHeath
Trebon Trebon
Yll Yll
TheSpiritWorld TheSpiritWorld
Newarre Newarre
Essos Essos
TheReshiIsles Severen TheReshiIsles
ShatteredPlains ShatteredPlains
Penketh Penketh
Dubwall Dubwall
Ellesmera Ellesmera
Netherfort Netherfort
Boatwright Boatwright KnifesEdge
Tartarus Tartarus
Tarbean Tarbean
TheFae TheFae
BeyondtheWall Hogsmead BeyondtheWall
TheCommonwealth TheCommonwealth
TheVale TheVale
Toffingburg Toffingburg
MountOlympus MountOlympus
Hogwarts Hogwarts
Lockinge Lockinge
Soda Soda
Barkamsted Barkamsted
Omashu Omashu
Batcave Chrofall Batcave
BikiniBottom BikiniBottom Blackwater
TheKrustyKrab TheKrustyKrab
Azir Azir
DiagonAlley DiagonAlley
Valyria Valyria
Westeros Westeros
Arrowcave Arrowcave
Astapor Astapor
Castamere Castamere
Urubaen Urubaen TheEyrie
Endor Endor
JarrensOutpost JarrensOutpost
TheSpine TheSpine
TheChumBucket TheChumBucket
TheBoilingRock TheBoilingRock
TheWhompingWillow TheWhompingWillow
TheGodswood TheGodswood
Accrington Accrington
Neddington Vintas Neddington
BaSingSe BaSingSe
Toperhagen Toperhagen
JahKeved JahKeved
Alethkar Alethkar
Dragonstone Dragonstone
Gizton Gizton
Keld Keld
Braavos Braavos
ProBendingArena ProBendingArena
FleaBottom FleaBottom
TheGreatDivide TheGreatDivide
Duskhollow Duskhollow
ShriekingShack ShriekingShack
TheRiverStyx TheRiverStyx
Steeltown Steeltown
FlourishBlotts FlourishBlotts
Atlantas Atlantas
HighGarden HighGarden
Peridrift Peridrift
CaveofTwoLovers CaveofTwoLovers
Neddingtown Neddingtown
Lorien Lorien
SatishVille SatishVille
Jakku Jakku
WesternAirTemple WesternAirTemple
GooLagoon GooLagoon
FireNation FireNation
Helgrind Helgrind
DuWeldenvarden DuWeldenvarden
Ademre Ademre
Shinovar Shinovar
Ivormere Ivormere
Grimbarrow Grimbarrow
Sanlow Sanlow
Bobbingbourne Bobbingbourne
Carvahall Carvahall
Alderaan Alderaan
Karth Karth
Aerodenn Aerodenn
Meereen Meereen
Arkham Arkham
Winterfell Winterfell
TheUnderworld TheUnderworld
CastleBlack CastleBlack
Riverrun Riverrun
