21 54 110 97 37 95 149 49 74 64 34 120 14 16 60 18 88 81 136 194 130 68 156 108 36 168 125 127 15 42 47 7 32 169 114 82 148 91 115 27 100 137 72 53 87 154 173 45 20 85 62 170 172 24 116 50 38 105 46 177 51 12 103 196 139 135 56 188 190 186 176 17 119 178 78 96 75 102 90 163 122 144 152 184 133 31 147 29 40 180 10 30 23 159 94 134 118 146 2 142 121 21
94
147 147
20 20
18 18
14 14
17 17
136 136
190 190
42 42
194 194
170 170
24 24
91 91
188 188
47 47
21 48 21
23 23
51 51
34 34
36 36
135 135 131
172 172
127 127
45 45
163 163
90 90 167
40 40 61
10 10
125 125
122 122
100 100
130 130 160
46 46
74 74
2 2
31 31
7 7
184 151 184
97 97
133 133
142 142
180 180
30 30
29 29
56 56
156 156
144 144
186 186
37 37
116 116
121 121
64 64
15 15
108 108
149 149
154 154
120 120
81 81
118 118
119 119
139 139
178 178
16 16
78 78
27 27
169 169
96 96
152 152
102 102
88 88
115 115
103 103
75 75
68 68
134 134
62 62
38 38
49 49
168 168
146 146
177 177
32 32
196 196
176 176
87 87
105 105
137 137
159 159
114 114
54 54
60 60
72 72
53 53
82 82
95 95
