8 97 153 185 152 142 174 173 172 125 144 145 100 147 182 183 181 179 137 136 135 90 102 160 171 193 192 191 169 190 168 167 116 115 165 113 105 68 70 72 109 118 78 59 73 71 69 55 54 99 20 17 19 21 22 23 25 26 24 87 88 89 91 93 95 42 40 39 38 53 52 66 65 63 49 30 51 35 33 4 29 3 6 83 127 126 124 123 121 120 82 80 5 2 8
92
123 123
160 160
24 24
25 25
66 66 64
49 49
121 121
88 88
55 55
124 124
5 5
105 164 105
183 183
54 54
127 127
87 87
97 97
193 193 188
137 137
102 102
80 80
19 19 85
185 185
90 90
63 63 47
69 69
191 191
35 35
4 4
165 165
2 2
65 65
153 153
71 71
147 147
115 115
82 82 79
167 167
99 99
172 172
169 169
6 6
91 45 91
109 109
136 136
21 21
89 89
30 30
135 135
73 73
53 53
120 120
100 100
59 59
179 179
38 38
68 68
113 113
182 182
29 29
26 26
126 126
22 22
118 118
171 171
52 52
72 72
93 93
192 192
33 33
152 152
116 116
42 42
23 23
70 70
51 51
17 17
145 145
83 83
144 144
181 181
168 168
78 78 61
174 174
173 173
95 95
142 142
39 39
125 125
3 3
190 190
40 40
