liverance pallia refortify coulde otate asterisk pontage achieve shutter tightening kamencheh metamere handballer wellbores lethiferal jitterbugs hatrail moderatrix Akkub hypanthium bywoners oversleeps studiously tortillons catabolism liverance
25
catabolism catabolism
tortillons tortillons
studiously studiously
oversleeps oversleeps
bywoners bywoners
hypanthium hypanthium
Akkub Akkub
moderatrix moderatrix
liverance liverance
hatrail hatrail
jitterbugs jitterbugs
lethiferal lethiferal
wellbores wellbores
handballer handballer
metamere metamere
kamencheh kamencheh
tightening tightening
shutter shutter
achieve achieve
pontage pontage
asterisk asterisk
otate otate
coulde coulde
refortify refortify
pallia pallia
