Wrightsville Palopo Rauna Praya Maywood Necochea Leeuwarden Asti Golubac Coihaique Temirtau Metz Gemena Sayhut Rivas Ayacucho Ljutomer Progress Bayonne Changde Zanzibar Pljevlja Mzimba Gevgelija Hsinchu Irvington Wrightsville
25
Asti Asti
Sayhut Sayhut
Coihaique Coihaique
Maywood Maywood
Hsinchu Hsinchu
Rauna Rauna
Pljevlja Pljevlja
Mzimba Mzimba
Progress Progress
Metz Metz
Gevgelija Gevgelija
Ayacucho Ayacucho
Golubac Golubac
Palopo Palopo
Ljutomer Ljutomer
Necochea Necochea
Praya Praya
Temirtau Temirtau
Irvington Irvington
Leeuwarden Leeuwarden
Zanzibar Zanzibar
Rivas Rivas
Bayonne Bayonne
Changde Changde
Gemena Gemena
