xjbms mbzzn riwwe xecik fnhle tykrt bthif llwzk ybgaf ydhop qkysn ejwkt impuz dzfkr nnnts bsuwt xeikc kvvqk psudb czppi usrtf rnrnh uegez itxfb npvgp fxnnl wxnxi nrtqp lyixz beqlb lkzxl bwgqu uzzfw lfceh xvefe hstmf deoux mrnvg bqgqy yztko wnlug iddrb ocgbu bicnj fuume lpolv hwhxr xjbms
47
rnrnh rnrnh
qkysn qkysn vaeqh
czppi czppi
lkzxl lkzxl
bthif bthif
xecik akegy xecik
psudb psudb
itxfb itxfb
bqgqy bqgqy
uzzfw uzzfw
fnhle fnhle
impuz impuz
dzfkr dzfkr
fxnnl fxnnl
fuume fuume
bsuwt bsuwt
kvvqk kvvqk
xeikc xeikc
usrtf usrtf
xvefe xvefe
ybgaf ybgaf
bicnj bicnj
xjbms xjbms
riwwe riwwe
uegez uegez
npvgp npvgp
lyixz lyixz
tykrt kyaqs tykrt
ocgbu ocgbu
wxnxi wxnxi
deoux deoux
hstmf hstmf
iddrb iddrb
lpolv lpolv
nrtqp nrtqp
mrnvg mrnvg
yztko yztko
nnnts nnnts
wnlug wnlug
hwhxr hwhxr
bwgqu bwgqu
ydhop ydhop
mbzzn mbzzn
lfceh lfceh
llwzk llwzk
ejwkt ejwkt
beqlb beqlb
