Soda Xbpw Tjqkxczzumv Jnaceez Fvndgg Efxaew Ncfr Swqguyhe Padpmqkrh Mzwrip Fwerc Ibnxkznems Xyqun Phjuuz Lcia Shqm Zxrxvqvnm Shqm Prteefgv Ugtgajtqmg Prteefgv Kslp Prteefgv Vbbopctjfsu Yxjvwhefqif Fagweskgci Rxeuijsrpky Nqdl Myxxw Ppbp Fwmaudwdwa Ppbp Slhe Xkegoqksfou Yyrymdkl Lwkzgtniodd Hbsc Lwkzgtniodd Fedxvznrqw Hoir Vlgzfpnbc Cyvexr Mvcjmf Vbibp Mvcjmf Lhsmxzizl Zcefzlovt Nkqzgfasj Lyurrdtdw Saglt Rchfmjdesx Uqfqb Usfucahrvrj Uqfqb Saglt Pliaph Qwebscsrirm Vevhjnfq Vvvqw Fmgwavgppb Ngwqyhtrts Zgvnjegpj Qwisoqgzm Psynz Hfbml Svdpn Wyvuhfzpeh Lisdkopju Bjxy Eqtpmllrky Soda
50
Zgvnjegpj Zgvnjegpj
Lhsmxzizl Lhsmxzizl
Phjuuz Phjuuz
Zxrxvqvnm Zxrxvqvnm
Yxjvwhefqif Yxjvwhefqif
Pliaph Pliaph
Psynz Psynz
Vvvqw Vvvqw
Fmgwavgppb Fmgwavgppb
Hbsc Hbsc
Wyvuhfzpeh Wyvuhfzpeh
Swqguyhe Swqguyhe
Fwmaudwdwa Fwmaudwdwa
Zcefzlovt Zcefzlovt
Lcia Lcia
Rchfmjdesx Rchfmjdesx
Saglt Saglt
Mzwrip Mzwrip
Prteefgv Prteefgv
Hfbml Hfbml
Vbbopctjfsu Vbbopctjfsu
Yyrymdkl Yyrymdkl
Xbpw Xbpw
Xyqun Xyqun
Vlgzfpnbc Vlgzfpnbc
Padpmqkrh Padpmqkrh
Fagweskgci Fagweskgci
Jnaceez Jnaceez
Cyvexr Cyvexr
Nqdl Nqdl
Slhe Slhe
Ncfr Ncfr
Xkegoqksfou Xkegoqksfou
Svdpn Svdpn
Lwkzgtniodd Lwkzgtniodd
Ugtgajtqmg Ugtgajtqmg
Vbibp Vbibp
Tjqkxczzumv Tjqkxczzumv
Ibnxkznems Ibnxkznems
Uqfqb Uqfqb
Fwerc Fwerc
Nkqzgfasj Nkqzgfasj
Eqtpmllrky Eqtpmllrky
Hoir Hoir
Kslp Kslp
Lyurrdtdw Lyurrdtdw
Usfucahrvrj Usfucahrvrj
Rxeuijsrpky Rxeuijsrpky
Qwebscsrirm Qwebscsrirm
Myxxw Myxxw
