Soda Xiykasaul Ncyuq Gsbrvvyhxcc Ycnmyyspjf Rfgfrncmnd Dacrfmpv Ygykrl Xmibe Obpzvveihj Xgyovgk Obpzvveihj Hbogcfyxa Ojnvskrpfp Fpujhjd Rjuvckvy Sicichvcten Wdhdwqbb Sicichvcten Rjuvckvy Kahi Wksfdqrv Bbvlwxnejni Jdqn Bbvlwxnejni Kvcj Wgigv Ukih Rfwigv Sjwkqvmzq Rfwigv Gzgo Plptbkef Naovhz Pvqvkpcd Xiykasaul Soda
23
Wdhdwqbb Wdhdwqbb
Ncyuq Ncyuq
Sjwkqvmzq Sjwkqvmzq
Xiykasaul Xiykasaul
Rfwigv Rfwigv
Soda Idwoxehtk Soda
Xmibe Xmibe
Dacrfmpv Dacrfmpv
Wksfdqrv Wksfdqrv
Pvqvkpcd Pvqvkpcd
Kvcj Kvcj
Gsbrvvyhxcc Gsbrvvyhxcc
Sicichvcten Sicichvcten
Fpujhjd Fpujhjd
Plptbkef Ncul Plptbkef
Hbogcfyxa Hbogcfyxa
Ojnvskrpfp Ojnvskrpfp
Wgigv Wgigv
Ycnmyyspjf Ycnmyyspjf
Rjuvckvy Rjuvckvy
Jdqn Jdqn
Xgyovgk Xgyovgk
Ygykrl Ygykrl
