0 58 173 46 149 130 181 152 29 40 52 118 144 42 50 6 106 108 97 93 3 188 197 160 90 57 55 140 102 124 98 154 8 125 80 61 92 12 45 156 131 145 153 15 32 27 104 199 88 23 13 164 34 24 53 21 33 179 134 35 86 0
60
140 140
181 181
50 50
33 33
52 52
156 156
118 118
199 199
90 90
152 152
15 15
134 134
153 153
46 46
106 106
12 12
125 125
53 53
131 131
45 45
97 97
144 144
32 32
6 6
61 61
27 27
104 104
3 3
173 173
98 98
92 92
88 88
24 24
23 23
80 80
29 29
164 164
108 108
35 35
154 154
8 8
13 13
40 40
21 21
86 86
179 179
102 102
130 130
34 34
93 93
160 160
197 197
145 145
124 124
149 149
188 188
42 42
58 58
55 55
57 57
