m6 r8 r7 a8 c0 b3 a5 d4 c9 b9 e1 d3 e6 d0 d5 g2 e9 f6 f1 g0 g6 g9 h4 h7 j2 j3 j8 j1 j0 j4 j5 n3 k0 x7 k2 z3 z9 v0 z8 v1 v4 n5 n6 l4 n7 l5 l6 q1 l8 q0 q3 q4 q6 q7 w1 w3 w9 w8 r1 r3 r2 m6
61
n7 a0 n2 n7 l2
q0 a1 q0
a5 a5 f5
x7 a6 x7
a8 a8
g2 a9 g2
z8 b0 h8 z8
b3 b3 g8
v1 b8 k9 v1
b9 b9 j9
c0 c0
n5 c2 n5 l0
r1 c3 r1
j0 c5 j0 m4
c9 c9 f4
d0 d0
d3 d3
d4 d4
d5 d5 e2
e1 e1
h7 e3 h7 l7
e6 e6 f7 x1
e9 e9 x9
f1 f1
f6 f6
g0 g0
g6 g6
g9 g9
j3 h1 j3
h4 h4
w1 h9 w1
j1 j1
j2 j2
j4 j4
j5 j5
j8 j8 w2
k0 k0
k2 k2
l5 k4 l5
m6 k7 m6 r4
z3 k8 z3
z9 z9
v4 x5 v4
v0 v0 m8
r2 v6 r2
n3 n3
n6 n6
w3 n8 w3
l4 l4
l6 l6
l8 l8
q1 q1 q8
q3 q3
q4 q4
q6 q6 y0
q7 q7
w8 w8
w9 w9
r3 r3
r7 r7
r8 r8
