aa0 aa1 aa5 aa6 aa5 aa8 aa2 aa4 aa3 aa4 aa2 aa8 aa9 ab0 ab1 ab5 ab8 ab7 ab8 ab9 ac0 ac5 ac8 ac6 ac3 ac7 ac4 ac9 ad0 ad9 ad1 ad2 ad3 ad4 ad3 ad5 ad3 ad6 ad3 ad7 ad3 ad2 ad1 ad9 ga0 ga1 ga3 ga1 ga5 ga6 ga5 ga8 ga9 gb0 gb2 gb1 gb7 gb9 gc0 gc1 gc2 gc1 gc0 gc3 gc0 gc6 gc5 gc9 gd0 gd2 gd5 gd3 gd4 gd6 gd7 gd9 ka0 ka2 ka4 ka7 ka8 ka7 ka9 kb0 kb1 kb3 kb7 kb4 kb8 kb5 kb2 kb6 kb9 kc0 kc1 kc3 kc5 kc4 kc6 kc9 kd0 kd1 kd3 kd2 kd4 kd6 kd5 kd8 kd9 aa0
52
aa5 aa5
aa6 aa6
aa3 aa3
aa4 aa4 aa7
ab7 ab2 ab4 ab7
ab5 ab5
ab8 ab8
ac3 ac2 ac3
ac6 ac6
ac7 ac7
ac8 ac8
ad4 ad4
ad5 ad5
ad6 ad6
ad7 ad7
ad3 ad8
ga1 ga2
ga3 ga3
ga6 ga6
ga8 ga4 ga7
gb2 gb2
gb0 gb3
gb1 gb4 gb6
gb7 gb7
gc1 gc1
gc2 gc2
gc3 gc3
gc5 gc5
gc0 gc8
gd3 gd3
gd4 gd4
gd7 gd7
gd9 gd8 gd9
ka2 ka2
ka7 ka5 ka7
ka4 ka6
ka8 ka8
kb2 kb2
kb5 kb5
kb6 kb6
kb7 kb7
kb8 kb8
kc1 kc1
kc3 kc2
kc5 kc5
kc6 kc6
kc9 kc8
kd1 kd1
kd3 kd3
kd4 kd4
kd5 kd5
kd8 kd8
