71 37 60 35 11 5 83 88 78 68 56 86 18 86 89 59 29 16 24 34 69 40 47 10 47 26 47 67 90 85 90 67 42 70 53 70 42 36 2 36 30 43 84 81 95 21 50 63 80 79 31 41 31 28 97 13 49 54 14 3 39 61 75 15 75 19 74 19 75 87 7 99 6 32 55 93 77 58 66 62 45 94 65 96 38 64 91 37 71
48
85 85
7 7
13 13
50 50
87 87
49 49
18 18
5 5
2 33 2
95 95
74 74
55 55
30 30
35 35
65 65 0
15 15
64 64
66 66
70 70
88 88
26 26
94 94
84 84
10 10
11 11
36 36
53 53
47 47
41 41
28 28
60 60
78 78
39 39
38 38
45 45
6 6
69 69
19 19
61 61
24 24
59 59
96 96
29 29
54 54
79 79
21 21
42 42
77 77
