ffffff uu ggggg ffffffff rrrrr nnnnnn fffff ttttttt sssss bbbbbbb d cccc dd j zzzzz ee wwwwww hhhhhhh q gggggggg kkkkkkkk tttttt eeeee jjjj dddd a aaa qqqqqq ggggggg bbbbbb zzz jjjjjj ttttt ssssss mm tttt eeee ffff oooooo yyyyyyy sss yy qqq sssssss mmmmmmmm bbbbbbbb kkkkkk aaaaaaaa e rrrrrr ccccccc xxxxxxx hhhh lll oooooooo aaaaaa iiiiiiii x o uuu nnn tt mmmm kkkk cc jjj ppppp hhh s xxxx wwww rr eeeeeee aa pppppppp vvvvvv k lllllll iiiiiii vvvvv uuuuuu b llllll llllllll vvv wwwww ooooo ssss gggg pppp cccccc qq m eeeeee xxx ii aaaa xxxxx ll uuuuuuu ffffff
100
ffffff ffffff
iiiiiiii iiiiiiii
pppppppp pppppppp
b b
x x
ppppp ppppp
mmmmmmmm mmmmmmmm
ttttttt ttttttt
xxxx xxxx
mm mm
ssss ssss
o o
ffff ffff
k k
xxxxx xxxxx
jjj jjj
zzz zzz
q q
eeeeeee eeeeeee
uuu uuu
yy yy
ll ll
tttt tttt
gggggggg gggggggg
bbbbbb bbbbbb
ccccccc ccccccc
aaaaaaaa aaaaaaaa
wwww wwww
oooooooo oooooooo
j j
eeeeee eeeeee
uuuuuu uuuuuu
cccc cccc
d d
aaaa aaaa
llllll llllll
xxxxxxx xxxxxxx
wwwww wwwww
bbbbbbbb bbbbbbbb
ee ee
nnn nnn
ggggg ggggg
rr rr
zzzzz zzzzz
kkkk kkkk
a a
lll lll
llllllll llllllll
ooooo ooooo
sssssss sssssss
eeee eeee
iiiiiii iiiiiii
xxx xxx
aaaaaa aaaaaa
uuuuuuu uuuuuuu
rrrrr rrrrr
hhhhhhh hhhhhhh
uu uu
bbbbbbb bbbbbbb
kkkkkkkk kkkkkkkk
ttttt ttttt
qqq qqq
s s
kkkkkk kkkkkk
dd dd
aaa aaa
vvvvvv vvvvvv
fffff fffff
rrrrrr rrrrrr
cc cc
tt tt
wwwwww wwwwww
sssss sssss
qq qq
ssssss ssssss
jjjj jjjj
tttttt tttttt
mmmm mmmm
ggggggg ggggggg
vvvvv vvvvv
hhhh hhhh
oooooo oooooo
jjjjjj jjjjjj
eeeee eeeee
yyyyyyy yyyyyyy
ffffffff ffffffff
dddd dddd
e e
aa aa
hhh hhh
sss sss
pppp pppp
gggg gggg
lllllll lllllll
qqqqqq qqqqqq
nnnnnn nnnnnn
m m
vvv vvv
cccccc cccccc
ii ii
