99 4 99 68 96 82 46 41 46 84 7 22 10 79 98 21 36 37 32 5 75 30 93 39 78 40 78 29 0 31 38 31 81 76 18 63 49 63 16 33 48 47 48 33 2 8 17 43 58 3 20 3 6 89 44 89 6 3 13 11 42 11 88 15 14 15 1 24 23 19 26 19 45 25 45 72 71 27 71 72 9 95 35 99
48
0 0
1 1
2 2
3 3
4 4
5 5
6 6
7 7 34
8 8
9 9
10 10
11 11
81 12
13 13
14 14
15 15
16 16
17 17
18 18
19 19
20 20
21 21
22 22
23 23
24 24
25 25
26 26
27 27
37 28 37
29 29
30 30
31 31
32 32
33 33
35 35
36 36
38 38
39 39
40 40
41 41
42 42
43 43
44 44
45 45
46 46
47 47
48 48
49 49
