AlbertFredHaines JoannCharlieWilkinso RobinStephenWebster EdwardDennisStewart MichaelMarkHolloway StevenNeilNguyen AnnDeannaLarzazs JessicaChristopherHa HeidiMayJohnson DwainJoeFeldman CassandraJaniceGlove KevinThomasHiggins TravisMichelleMeller MarkAngelaMccloud TommyAmandaMartin GlennaMichaelBorden CynthiaConnieWright MichaelElizabethWeav JosephAmandaMullen RickyJamesBrumfield ElmerDemetriusLark BernicePennyRiddick GeorgeHenryVillar DeeAmandaBartley JudyPearlineKaminski DenaJewellDavis KevinCharlesEvans StormyOllieYork StephenWilliamCoffma DorisJeffreyBinger WadeSonnyMcbride ManuelaJoseBailey JohnBrendaFuller MaryJamesDavila RonaldEdnaArant PerryJamesBennett DianeElisePickett KellyJohnnaOles JeremyJamesChavez LillianJuanAncona CraigJohnLard LynnKennethChavez DebraJaneFitzgerald PeterJosephBarbee ClaudeBobbyBaker JoStephenMay IsaacGregGargano EricJamesJuckett DeniseBrunoWilliam KathleenSherryDay MarciaWalterKirschma HowardKennethCollins RosaPatrickYankey WilliamDavidGray JamesJordanZamora BrettDominickSonnier BradleyDeborahSaball RolandGregoryWatson EdwardErnestSinger EricTammyScott JannaDavidCarranza JudeJanetHarcourt EricTinaPerea ZacharyWarrenKarth LawrenceBarryHadden CherylMaryMorgan GeorgeWilliamJackson KathleenJoseClark JackieSharonScherrer SandraHarryStewart MistyRobertKing ThomasEssieEwing GaryCharlesHudson JimmyFlorTasson MarthaJackRobinson JohnRichardSmith MarkDianeDuchon FerdinandLukeJackson AlbertFredHaines
78
DenaJewellDavis DenaJewellDavis
KevinThomasHiggins KevinThomasHiggins
TommyAmandaMartin TommyAmandaMartin
CassandraJaniceGlove CassandraJaniceGlove
GlennaMichaelBorden GlennaMichaelBorden
CynthiaConnieWright CynthiaConnieWright
DwainJoeFeldman DwainJoeFeldman
RickyJamesBrumfield RickyJamesBrumfield
TravisMichelleMeller TravisMichelleMeller
MichaelElizabethWeav MichaelElizabethWeav
MarkAngelaMccloud MarkAngelaMccloud
ElmerDemetriusLark ElmerDemetriusLark
JosephAmandaMullen JosephAmandaMullen
BernicePennyRiddick BernicePennyRiddick
JudyPearlineKaminski JudyPearlineKaminski
GeorgeHenryVillar GeorgeHenryVillar
ThomasEssieEwing ThomasEssieEwing
DeeAmandaBartley DeeAmandaBartley
MistyRobertKing MistyRobertKing
MarthaJackRobinson MarthaJackRobinson
MarkDianeDuchon MarkDianeDuchon
FerdinandLukeJackson FerdinandLukeJackson
JimmyFlorTasson JimmyFlorTasson
GaryCharlesHudson GaryCharlesHudson
JohnRichardSmith JohnRichardSmith
JackieSharonScherrer JackieSharonScherrer
LawrenceBarryHadden LawrenceBarryHadden
SandraHarryStewart SandraHarryStewart
GeorgeWilliamJackson GeorgeWilliamJackson
CherylMaryMorgan CherylMaryMorgan
ZacharyWarrenKarth ZacharyWarrenKarth
KathleenJoseClark KathleenJoseClark
EdwardErnestSinger EdwardErnestSinger
JannaDavidCarranza JannaDavidCarranza
JudeJanetHarcourt JudeJanetHarcourt
EricTammyScott EricTammyScott
BradleyDeborahSaball BradleyDeborahSaball
EricTinaPerea EricTinaPerea
RolandGregoryWatson RolandGregoryWatson
RosaPatrickYankey RosaPatrickYankey
BrettDominickSonnier BrettDominickSonnier
WilliamDavidGray WilliamDavidGray
JamesJordanZamora JamesJordanZamora
LynnKennethChavez LynnKennethChavez
DeniseBrunoWilliam DeniseBrunoWilliam
MarciaWalterKirschma MarciaWalterKirschma
KathleenSherryDay KathleenSherryDay
HowardKennethCollins HowardKennethCollins
JoStephenMay JoStephenMay
DianeElisePickett DianeElisePickett
DebraJaneFitzgerald DebraJaneFitzgerald
LillianJuanAncona LillianJuanAncona
EricJamesJuckett EricJamesJuckett
ClaudeBobbyBaker ClaudeBobbyBaker
KellyJohnnaOles KellyJohnnaOles
StephenWilliamCoffma StephenWilliamCoffma
IsaacGregGargano IsaacGregGargano
CraigJohnLard CraigJohnLard
JeremyJamesChavez JeremyJamesChavez
PerryJamesBennett PerryJamesBennett
ManuelaJoseBailey ManuelaJoseBailey
RonaldEdnaArant RonaldEdnaArant
JohnBrendaFuller JohnBrendaFuller
PeterJosephBarbee PeterJosephBarbee
MaryJamesDavila MaryJamesDavila
StormyOllieYork StormyOllieYork
HeidiMayJohnson HeidiMayJohnson
AlbertFredHaines AlbertFredHaines
DorisJeffreyBinger DorisJeffreyBinger
WadeSonnyMcbride WadeSonnyMcbride
JessicaChristopherHa JessicaChristopherHa
EdwardDennisStewart EdwardDennisStewart
KevinCharlesEvans KevinCharlesEvans
RobinStephenWebster RobinStephenWebster
AnnDeannaLarzazs AnnDeannaLarzazs
StevenNeilNguyen StevenNeilNguyen
MichaelMarkHolloway MichaelMarkHolloway
JoannCharlieWilkinso JoannCharlieWilkinso
