Egsmith Waltditch Wenside Alfchester Wenside Burbourne Leathermere Sudtree Flitgrove Chelmbeck Cookford Wychbourne Cookford Farnsmith Ashdown Shaftbage Edgey Hurstlow Chelmwang Wychsmith Wetwick Nortley Stainbrough Egtree Chelmden Egtree Wychnell Burfield Wywick Wychbeck Staplake Shaftbridge Penborne Wetbridge Wenwold Stainby Brackbrough Wenbeck Watchcombe Pemlow Sudwich Ashbourne Stapbeck Ashbourne Barnton Egsmith
35
Staplake Staplake
Stapbeck Stapbeck
Wychnell Wychnell
Stainby Stainby
Wenside Wenside
Wenwold Wenwold
Wychbourne Wychbourne Egavon
Stainbrough Stainbrough
Wetwick Wetwick
Farnsmith Farnsmith
Cookford Cookford
Wychsmith Wychsmith
Ashbourne Ashbourne
Burbourne Burbourne
Shaftbridge Shaftbridge
Flitgrove Flitgrove
Leathermere Leathermere
Chelmwang Chelmwang
Alfchester Alfchester
Wywick Wywick
Sudtree Sudtree
Edgey Edgey
Nortley Nortley
Ashdown Ashdown
Wenbeck Wenbeck
Waltditch Waltditch
Chelmbeck Chelmbeck
Brackbrough Brackbrough
Penborne Penborne
Chelmden Chelmden
Pemlow Pemlow
Wychbeck Wychbeck
Egtree Egtree
Shaftbage Shaftbage
Barnton Barnton
