Chelmbourne Shaftwich Chelmbourne Elgrove Staintree Edgwich Staintree Stafthorne Waltbrook Stafthorne Stapwell Alfby Leatherlake Alfby Leatherlow Sudgrove Whitavon Elside Stainfield Wenden Stainfield Pemwood Bracklow Barngrove Prestdon Barngrove Hartbage Maidenden Enlow Sudwich Prestey Brainbridge Sodside Wyhead Cleredon Staflow Bursted Staflow Rocktree Whitborough Horndown Whitborough Rocktree Cookbridge Rocktree Barnden Shrivlow Flitham Enbage Stainside Whitover Stainhall Southmere Shrivside Edglow Dartsted Clerethorne Barnside Clerethorne Stapthorne Stapmoor Barnham Alfcastle Egborne Cookton Horncester Edgchester Wenwang Sudworth Melborne Pemwold Hornley Durditch Hornley Stapwold Marlton Alfwell Casford Wetborne Chelmbourne
55
Sudwich Sudwich
Sudworth Sudworth
Elside Elside
Barnside Barnside
Brainbridge Brainbridge
Enbage Enbage
Hornley Hornley
Shaftwich Shaftwich
Stapthorne Stapthorne
Stapmoor Stapmoor
Pemwood Pemwood
Waltbrook Hurstworth Waltbrook
Wenwang Wenwang
Whitborough Whitborough
Sodside Sodside
Alfby Alfby
Edgwich Edgwich
Casford Casford
Southmere Southmere
Alfwell Aldhall Alfwell
Stainside Stainside
Flitham Flitham Kingsley
Horndown Horndown
Leatherlake Leatherlake
Bursted Bursted
Edgchester Edgchester
Elgrove Elgrove Wenborough
Cookbridge Cookbridge
Whitover Whitover
Prestey Prestey
Bracklow Bracklow
Dartsted Dartsted
Shrivside Shrivside
Wenden Wenden
Barnham Barnham
Hartbage Hartbage
Pemwold Pemwold
Shrivlow Shrivlow
Wyhead Wyhead
Horncester Horncester
Staflow Staflow
Leatherlow Leatherlow
Melborne Egcastle
Cleredon Cleredon
Stapwell Stapwell
Stainhall Stainhall
Durditch Durditch
Cookton Cookton
Rocktree Rocktree
Staintree Staintree
Prestdon Prestdon
Egborne Egborne
Whitavon Whitavon
Marlton Marlton
Enlow Enlow
