Soda Browning Comstock Spring Poplar Spring Mabel Summit Vicente Alvarado Overlook Alvarado Sport Cutter Bancroft Menlo Burnett Menlo Colusa Fulton Florida Amador High Columbia Byron Addison Shasta Allston Solano Eunice Lewiston Edith Kenilworth Bret Poppy Arch Anne Pardee Keeler Bristol Hospital Vermont Bret Jones Terrace Forest Ajax Heinz Greenwood Marin Madera Marin Kentucky Haste Bataan Center Fresno Bowditch Haskell Martin Yolo Soda
47
Addison Addison
Ajax Ajax
Allston Allston
Anne Anne
Arch Arch
Bancroft Bancroft
Bataan Bataan
Menlo Belrose Menlo
Bowditch Bowditch
Bret Bret
Bristol Bristol
Browning Browning
Burnett Burnett
Byron Byron
Columbia Columbia
Colusa Colusa
Comstock Comstock
Cutter Cutter Muir
Shasta Domingo Shasta
Edith Edith
Eunice Eunice
Florida Florida
Forest Forest
Fresno Fresno
Fulton Fulton
Greenwood Greenwood
Haskell Haskell
Haste Haste
Vicente Haviland
Heinz Heinz
High High
Hospital Hospital
Keeler Keeler
Kenilworth Kenilworth
Lewiston Lewiston
Mabel Mabel
Madera Madera
Marin Marin
Martin Martin
Overlook Overlook
Pardee Pardee
Poplar Poplar
Poppy Poppy
Spring Spring
Summit Summit
Terrace Terrace
Vermont Vermont
