Whitgrove Dribblecombe Falworth Whitringlake Milthorne Rothingcombe Faldenhall Wethampton Egsted Southmere Ribberrenston Farnditch Abglewold Wychditch Rothendcombe Bastlebury Hamwold Emmerley Southbury Bassinghead Marlcester Nortwell Todhampton Shafthead Marlbrook Falderbrough Warsmith Wetsmith Elside Cannerthorne Waltbeck Staincombe Suddenmoor Egmerhampton Prestwick Wychchester Durbrook Sodport Elside Ciringnell Penby Falderseythorne Worford Rotherlow Worford Hampingworth Botenbrook Tipstoke Burlake Endleberey Burlake Windleshead Casbrook Toddenmerbrough Endingnell Toddenmerbrough Horstleover Warsmith Horsnell Siavon Abgleham Sundlethorne Fullensborne Blansbrook Fullensborne Hampingcastle Basditch Reddingtree Eley Reddingtree Stapbrough Egbeck Skellenshot Cihead Shaftborough Wychcompwold Sirenshall Hampingbascombe Wetwick Stapbrook Skellingover Candleswick Endleshall Melwood Reddensden Cirerham Wolley Cirerham Dartden Shaftwick Abcester Sifield Enderbeck Edgwich Boothingmanstree Ribbenhall Worhall Reddendeney Wycastle Bootwick Bothenton Chelmdenmoor Ketnell Toddenmoor Ketnell Siey Redcombe Alfmere Hamscombe Stainbrough Wendleringdown Stainbrough Tippendham Watchlake Farndlesover Watchlake Ketchester Ellerbridge Suddingover Chedworth Sundendford Botbeck Clereennell Bromstanham Sodberling Bursmith Sodberling Whitgrove
94
Sifield Sifield
Melwood Melwood
Wethampton Wethampton
Tipstoke Tipstoke
Ellerbridge Worrenberwang Ellerbridge
Cannerthorne Cannerthorne
Reddendeney Reddendeney
Ketchester Ketchester
Enderbeck Enderbeck
Abglewold Abglewold
Bastlebury Bastlebury
Ketnell Ketnell Staplow
Hamscombe Skelberden
Bothenton Bothenton
Faldenhall Faldenhall
Eley Eley
Siavon Siavon
Todhampton Todhampton
Hampingcastle Hampingcastle
Casbrook Casbrook
Shaftborough Shaftborough
Redcombe Redcombe
Southbury Southbury
Suddingover Suddingover
Farnditch Farnditch
Dribblecombe Dribblecombe
Egmerhampton Egmerhampton
Watchlake Watchlake Tippingbage
Clereennell Clereennell
Penby Penby
Cihead Cihead
Rothingcombe Rothingcombe
Staincombe Staincombe
Horsnell Horsnell
Wetsmith Wetsmith
Falworth Falworth
Stapbrough Stapbrough
Nortwell Nortwell
Ribberrenston Ribberrenston
Dartden Dartden
Rotherlow Rotherlow
Basditch Basditch
Prestwick Prestwick
Wycastle Wycastle
Milthorne Milthorne
Hamwold Hamwold
Elside Elside
Endingnell Endingnell
Worford Worford Dribberham
Bootwick Bootwick
Waltbeck Waltbeck
Suddenmoor Suddenmoor Tippenbrook
Southmere Southmere
Skellenshot Skellenshot
Bromstanham Bromstanham
Worhall Worhall
Chedworth Chedworth
Hampingworth Hampingworth
Sirenshall Sirenshall
Wetwick Wetwick
Tippendham Bothenhall Tippendham
Candleswick Candleswick
Siey Siey
Whitringlake Whitringlake
Wychcompwold Wychcompwold
Rothendcombe Rothendcombe
Botbeck Botbeck
Toddenmoor Toddenmoor
Egbeck Leatherport
Emmerley Emmerley
Skellingover Skellingover
Wychchester Wychchester
Sodberling Sodberling
Sodport Sodport
Whitgrove Whitgrove
Farndlesover Farndlesover
Alfmere Alfmere
Horstleover Horstleover
Durbrook Durbrook
Abcester Abcester
Sundlethorne Sundlethorne
Marlbrook Marlbrook
Bursmith Bursmith
Abgleham Abgleham
Wendleringdown Wendleringdown
Blansbrook Blansbrook
Marlcester Marlcester
Wolley Wolley
Sundendford Sundendford
Boothingmanstree Boothingmanstree
Falderseythorne Falderseythorne
Hampingbascombe Hampingbascombe
Egsted Egsted
Endleberey Endleberey
