0 15 30 45 60 75 90 105 90 106 122 107 91 92 93 94 109 94 79 80 95 111 95 80 81 82 83 84 85 100 116 100 85 86 87 88 87 103 104 89 59 58 73 57 41 55 41 56 71 70 69 67 66 51 36 52 68 53 54 40 25 10 9 24 23 8 7 6 5 20 5 4 3 18 33 48 63 47 31 46 31 15 0
51
0 0
3 3
5 5
7 7
8 8
10 10 13
15 15
18 18
20 20 35
23 23
25 25
58 28
30 30
31 31
4 34
36 36 50
40 40
41 41
45 45
46 46
47 47
51 51
52 52
55 55
56 56
57 57
63 63
68 68
70 70
71 71
73 73
75 75 76
79 78
80 80
83 83
85 85
88 88
90 90
93 93
95 95 110
84 98
100 100 115
103 103
105 105
106 106 120 121
92 108 124
109 109
111 111
116 116
104 119
122 122
