0 185 23 153 115 107 158 31 24 152 138 157 35 3 4 9 130 83 163 146 163 1 133 86 182 50 125 119 174 154 114 111 164 51 176 69 167 26 80 110 18 192 113 76 33 76 12 120 12 100 68 101 37 108 20 108 166 70 140 71 8 160 5 17 96 98 89 47 129 137 17 94 177 106 59 199 52 78 72 184 14 13 102 30 197 22 74 38 131 93 150 63 183 88 172 134 172 67 56 39 193 27 97 141 159 43 87 190 87 11 65 187 28 128 81 128 175 143 175 173 6 15 16 116 66 0
96
0 0
1 1
119 2 42
3 3
4 4
5 5
8 8
9 9 103
11 11
13 13
14 14
15 15
16 16
17 17
18 18
20 20
190 21 190
22 22
23 23
24 24
26 26
27 27
28 28
31 31
33 33
35 35
38 38
39 39
43 43
47 47
50 50
51 51
52 52
56 56
59 59
65 65
66 66
67 67
68 68
69 69
70 70
71 71
72 72
74 74
78 78
80 80
81 81
83 83
131 84
86 86
89 89 151
93 93
94 94
96 96
98 98
100 100
101 101
102 102
107 107
111 111
114 114
115 115
116 116
120 120
125 125
128 128
129 129
130 130
133 133
134 134
137 137
138 138
141 141
143 143
146 146
152 152
153 153
154 154
157 157
158 158
159 159
160 160
164 164
166 166
167 167
172 172
173 173
174 174
177 177
182 182
183 183
184 184
187 187
193 193
197 197
199 199
