oUyBZvEHNPOWtAsHANHU eWGFHgdBASXJbxQbYrCG hNRcEeFjmsmOnuOdNAXl eqwycKZriorIAbsUBjxu VVzvLIOwARaWwhQTKPrx OWCblOtQanZakRLMqMxz eWVKeYegIFOJxvfRkjek QFaSXENOfunmdZIBqDsS UMfDYlvFlUVuogMRkWNG lPMfQyVLDIZczBuDgsVQ UMfDYlvFlUVuogMRkWNG QFaSXENOfunmdZIBqDsS JKNUHFrXPStBWMuUOVkj tItiZloipgPmLuONrNnZ ikjgYLaZRolSrbIYyKBd CXrruomvXfADUrHxMwZi ikjgYLaZRolSrbIYyKBd NBTlGJqSnWahMvuDlXAm rqqedkokePZFdhDbMNpX IuNNJvHSmYKpVBzmzuJX znYRMYifzQwyixuIXDnz DsLevMWgWFWOQXFMbaQy PojKKQvEDmFOnJinujFi CcspnGXfrmzZRWjdMjLd XZRBuctXhYPbWardFSZS QMnEKXGwZYUlreveNjwA XZRBuctXhYPbWardFSZS oUyBZvEHNPOWtAsHANHU
20
VVzvLIOwARaWwhQTKPrx VVzvLIOwARaWwhQTKPrx
hNRcEeFjmsmOnuOdNAXl hNRcEeFjmsmOnuOdNAXl
JKNUHFrXPStBWMuUOVkj JKNUHFrXPStBWMuUOVkj CCYBPFZgoOONzoEeTKzC
eqwycKZriorIAbsUBjxu MeohNnftDTzllMTGwxnG eqwycKZriorIAbsUBjxu
lPMfQyVLDIZczBuDgsVQ lPMfQyVLDIZczBuDgsVQ
rqqedkokePZFdhDbMNpX IUJDEWwYxhQimsCqnrFH
eWGFHgdBASXJbxQbYrCG eWGFHgdBASXJbxQbYrCG
IuNNJvHSmYKpVBzmzuJX NVPacTSrBMpDkMBotiWB IuNNJvHSmYKpVBzmzuJX
znYRMYifzQwyixuIXDnz znYRMYifzQwyixuIXDnz
NBTlGJqSnWahMvuDlXAm NBTlGJqSnWahMvuDlXAm
tItiZloipgPmLuONrNnZ cAvnOxZJtanpVvcAxJHM
CcspnGXfrmzZRWjdMjLd CcspnGXfrmzZRWjdMjLd oMKDNkBacLxexXKHqXfF
eWVKeYegIFOJxvfRkjek eWVKeYegIFOJxvfRkjek
QMnEKXGwZYUlreveNjwA QMnEKXGwZYUlreveNjwA
CXrruomvXfADUrHxMwZi CXrruomvXfADUrHxMwZi
PojKKQvEDmFOnJinujFi PojKKQvEDmFOnJinujFi hpQFeVriPZmwKZcYFAWN
DsLevMWgWFWOQXFMbaQy gUlgGYCPZjsRiFLqnVun
OWCblOtQanZakRLMqMxz OWCblOtQanZakRLMqMxz
oUyBZvEHNPOWtAsHANHU oUyBZvEHNPOWtAsHANHU
UMfDYlvFlUVuogMRkWNG UMfDYlvFlUVuogMRkWNG
