Jingzhou Ghugus Veenendaal Ouarzazat Ketrzyn Colachel Ibri Chittaranjan BurgbeiMagdeburg Sagalo CoonRapids Malnate Srinagar Kirovsk Sapele Ermelo Kheri Lysva Shively Rangae SaintMichael MelitodiNapoli BeneBeraq Gangtok Rembangan Crespo Khabarovsk Chegem Entroncamento Shizunaifurukawacho Shumen elCampello Carmichael Carouge Depok FortLauderdale TanahMerah LondonderryCountyBor Radnor RioFormoso AzZuwaytinah Ronse Bejucal Thamaga Tottori SanJosedeOcoa Kabarnet Tabatinga Sarzedo Sanaa JabalosSaraj Sanaa Manduria Ghugus Jingzhou
49
CoonRapids CoonRapids
Sarzedo Sarzedo
SaintMichael SaintMichael
Colachel Colachel
Entroncamento Entroncamento
Chegem Chegem
Rembangan Rembangan
AzZuwaytinah AzZuwaytinah
Manduria Manduria
Gangtok Gangtok
Tottori Tottori
Ronse Ronse
Kirovsk Kirovsk
Ermelo Ermelo
Chittaranjan Chittaranjan
Depok Depok
Shizunaifurukawacho Shizunaifurukawacho
Crespo Crespo
Ibri Ibri
Lysva Lysva
Malnate Jeypore Malnate
TanahMerah TanahMerah
Ghugus Ghugus
Khabarovsk Khabarovsk
Shively Shively
BurgbeiMagdeburg BurgbeiMagdeburg
Rangae Rangae
Kabarnet Kabarnet
Ouarzazat Ouarzazat
Sagalo Sagalo
Kheri Kheri
SanJosedeOcoa SanJosedeOcoa
LondonderryCountyBor LondonderryCountyBor
Shumen Shumen
Sanaa Sanaa
Thamaga Thamaga
Tabatinga Tabatinga
Veenendaal Veenendaal
Carouge Carouge
Radnor Radnor
JabalosSaraj JabalosSaraj
FortLauderdale FortLauderdale
BeneBeraq BeneBeraq
elCampello elCampello
Srinagar Srinagar
Bejucal Bejucal
Carmichael Carmichael
RioFormoso RioFormoso
Ketrzyn Ketrzyn
