Dannemora Hamburg DeRuyter Fairmount Dexter Fulton Gardiner Friendship Gardiner Falconer Gasport Oceanside Fair Oceanside Freeport Ghent Depauville Fredonia Harbor Fayetteville Harbor Hewlett Fairview Geneva Depew Geneva Fairport Granville Forestville Davis Fishkill Galeville Delevan Dansville Delanson Dunkirk Noyack Deferiet Fishers Forest Norwich Franklinville Norwich Fabius Fonda Fleischmanns Hamburg Flower Herricks Delmar Frankfort Flanders Odessa Frewsburg Delhi Freeville Farnham Florida Farmingville Highland Firthcliffe Earlville Fire Dannemora
48
Dansville Dansville
Davis Davis
Granville Deer
Deferiet Deferiet
Delanson Delanson
Delevan Delevan
Delhi Delhi Franklin
Delmar Delmar
Depauville Depauville
Depew Depew
Herricks Deposit
DeRuyter DeRuyter
Dexter Dexter Germantown
Dunkirk Dunkirk
Earlville Earlville
Fabius Fabius
Fair Fair
Fairmount Fairmount
Fairport Fairport
Fairview Fairview
Falconer Falconer
Farmingville Farmingville
Farnham Farnham
Fayetteville Fayetteville
Fire Fire
Firthcliffe Firthcliffe
Fishers Fishers
Fishkill Fishkill
Flanders Flanders
Fleischmanns Fleischmanns
Florida Florida
Flower Flower
Fonda Fonda
Forest Forest
Forestville Forestville
Frankfort Frankfort
Franklinville Franklinville
Fredonia Fredonia
Freeport Freeport
Freeville Freeville
Frewsburg Frewsburg
Friendship Friendship
Fulton Fulton
Galeville Galeville
Gardiner Gardiner
Gasport Gasport
Geneva Geneva
Ghent Ghent
