Acton Carlsbad Bellflower Bolinas Angwin Atascadero Bonsall Clyde Boronda Buttonwillow Bystrom Anaheim Calistoga Beckwourth Azusa Brea Bishop Fruitdale Escondido Atwater Escondido Albany Bayview Ducor Burlingame Alhambra Belden Arcata Clayton Adelanto Bradbury Fellows Byron Biggs Brawley Alhambra Ashland Covelo Foresthill Altadena Cloverdale Bootjack Florin Alturas Florin Calexico Blairsden Atherton Blairsden Calexico Anderson Caribou Folsom Antioch Bluewater Cartago Bodfish Cotati Boron Cotati August Castroville Fontana Alpine Columbia Carpinteria Columbia Avalon Ceres Auburn Ceres Bloomington Cupertino Auberry Corona Aptos Cerritos Broadmoor Amesti Cabazon Crockett Calipatria Escalon Alpaugh Bell Artesia Diablo Fortuna Calwa Carson Bishop Arvin Cayucos Cambria Almanor Esparto Blythe Arbuckle Biola Brentwood Calabasas Beaumont Benicia Chowchilla Avenal Chowchilla Avery Capitola Barstow Aromas Davis Calimesa Burbank Camarillo Burbank Brisbane Belmont Arcadia Belvedere Bonita Carrick Alameda Berkeley Armona Encinitas Canyondam Bakersfield Burney Duarte Carmichael Freedom Caruthers Bradley Arnold Dublin Bowles Compton Acton
97
Adelanto Adelanto
Alameda Alameda
Avalon Alamo Avalon
Albany Albany
Alhambra Alhambra
Almanor Almanor
Alpaugh Alpaugh
Alpine Alpine
Altadena Altadena
Alturas Alturas
Amesti Amesti
Anaheim Anaheim
Anderson Anderson
Angwin Angwin
Antioch Antioch Banning
Aptos Aptos
Arbuckle Arbuckle
Arcadia Arcadia
Arcata Arcata
Armona Armona
Arnold Arnold Campbell
Aromas Aromas
Artesia Artesia
Arvin Arvin
Ashland Ashland
Atascadero Atascadero
Atherton Atherton
Atwater Atwater
Auberry Auberry
Auburn Auburn
August August
Avenal Avenal
Avery Avery
Azusa Azusa
Bakersfield Bakersfield
Barstow Barstow
Bayview Bayview
Beaumont Beaumont
Beckwourth Beckwourth
Belden Belden
Bell Bell
Bellflower Bellflower
Belmont Belmont
Belvedere Belvedere
Benicia Benicia
Berkeley Berkeley
Biggs Biggs
Biola Biola
Bishop Bishop
Blairsden Blairsden
Bloomington Bloomington
Bluewater Bluewater
Blythe Blythe
Bodfish Bodfish
Bolinas Bolinas
Bonita Bonita
Bonsall Bonsall
Bootjack Bootjack
Boron Boron
Boronda Boronda
Bowles Bowles
Bradbury Bradbury
Bradley Bradley
Brawley Brawley
Brea Brea
Brentwood Brentwood
Brisbane Brisbane
Broadmoor Broadmoor
Burbank Burbank
Burlingame Burlingame
Burney Burney
Buttonwillow Buttonwillow
Byron Byron
Bystrom Bystrom
Cabazon Cabazon
Calabasas Calabasas
Calexico Calexico
Calimesa Calimesa
Calipatria Calipatria
Calistoga Calistoga
Calwa Calwa
Camarillo Camarillo
Cambria Cambria
Canyondam Canyondam
Capitola Capitola
Caribou Caribou
Carlsbad Carlsbad
Carmichael Carmichael
Carpinteria Carpinteria
Carrick Carrick
Carson Carson
Cartago Cartago
Caruthers Caruthers
Castroville Castroville
Cayucos Cayucos
Ceres Ceres
Cerritos Cerritos
