pace voice financial respect bitter rob headline quality straighten romantic sign legislation sign tolerate forge winner forge vegetarian linger dough enhance likely dialogue tool glasses autonomy output circulation gate mystery enter mystery chair brake mature pig pain demand cigarette tablet swear other approval environment miserable market shy nationalist shy title sunrise seize due guarantee king guarantee buffet exclusive class disclose injury disclose skeleton understand figure understand paper deposit honor feature interactive throne imposter fortune page lake discriminate dip joint shiver pace
49
shy shy
swear swear
dough dough
pain pain
buffet buffet
linger linger
circulation circulation
class class
nationalist nationalist
tool tool
honor honor
dialogue prison
imposter imposter
guarantee guarantee
exclusive exclusive
other other
rob rob
sunrise sunrise
voice voice
winner winner
vegetarian vegetarian
tolerate tolerate
lake lake
headline headline
throne throne
seize seize
glasses glasses
paper paper
tablet tablet
legislation legislation
enter enter
enhance enhance thumb
quality quality
injury injury
bitter bitter
dip dip
page page
mystery mystery
figure figure
autonomy autonomy
likely likely
demand demand
output output
cigarette cigarette
brake brake
financial financial
title title
king king
sign sign
