pace other quadruple ask enemy control enemy stress circulation approval rent atmosphere viable likely comfortable honor dive coincide identity straighten pig write feature demand injury flag home error interactive pier bleed smile bleed curriculum bleed environment interface electronics swop liver tool railcar assume acceptance nationalist page mature native development skeleton development confrontation forge coast swear coast profound virgin winner assignment winner boom quality autonomy paper cotton lifestyle coast linger dough physics linger decisive greeting begin science mercy financial injection desk spoil desk enemy illusion joint output joint single country knot country triple candle dialogue rage bitter coffin attraction guarantee joystick bowel brake scheme brake exempt buffet pipe blonde shiver ignore due ignore audience ignore shiver structure throne respect chair pardon vegetarian exclusive dip excuse teacher hospitality terms thumb terms deter note tablet imposter driver banana widen banana market pace
96
exclusive exclusive
identity identity
injection injection
market market
acceptance acceptance
exempt exempt
coffin coffin
begin begin
teacher teacher
autonomy autonomy
development development
smile drawer smile headline
control control
swop swop
stress stress
audience audience
injury injury
deter deter
environment environment
virgin virgin
tablet tablet
output output
dip dip
thumb thumb
structure structure
buffet buffet election
viable viable
dough dough
assignment assignment
coincide coincide
atmosphere atmosphere
cotton cotton
triple triple
mature mature
pig pig
spoil spoil
profound profound
curriculum curriculum offset
widen widen
dive dive
shiver shiver
note note
flag flag
physics physics
driver driver
railcar railcar
mercy mercy
error error
throne throne
decisive decisive
candle candle
illusion illusion
demand rob
scheme scheme
knot knot
country country
comfortable comfortable
native native
skeleton skeleton
rent rent
guarantee guarantee
coast coast
interface interface
electronics electronics
other other
confrontation confrontation
vegetarian exile
pace pace
ask ask
imposter imposter
enemy enemy
straighten straighten
quadruple quadruple
liver liver
pardon pardon
due due
likely likely
bowel bowel
home home
financial financial
lifestyle lifestyle
ignore ignore
interactive interactive
respect respect
swear swear
chair chair
page page
boom boom
greeting greeting
attraction attraction
forge forge
rage rage
excuse excuse
tool tool
feature feature
pipe pipe
