pace nationalist feature nationalist brake opposed injection profound honor prison approval deposit enter thumb exempt thumb guarantee page king likely circulation headline audience due excuse due voice mixture injury skeleton injury output exclusive throne exclusive pace
23
deposit deposit
exempt exempt
enter enter
approval gate approval
audience audience
headline headline
honor honor
brake brake
likely likely market
mixture mixture
throne throne
circulation circulation
feature feature
output output
nationalist nationalist
voice voice
opposed opposed
excuse excuse
guarantee guarantee
king king
page page
injury injury
skeleton skeleton
