C0 C198 C196 C195 C192 C191 C99 C187 C185 C126 C184 C183 C177 C171 C104 C170 C169 C167 C106 C165 C108 C162 C160 C136 C159 C157 C156 C154 C153 C151 C148 C146 C144 C117 C143 C142 C141 C139 C119 C137 C136 C127 C135 C132 C134 C133 C132 C131 C130 C129 C106 C128 C127 C126 C120 C125 C124 C123 C122 C134 C121 C136 C120 C143 C119 C117 C104 C116 C115 C113 C114 C113 C109 C108 C107 C106 C196 C105 C104 C103 C133 C101 C167 C97 C83 C185 C82 C192 C76 C68 C183 C67 C151 C0
51
C185 C185 C179 C100
C171 C171 C28
C105 C45 C105
C134 C134
C101 C101
C142 C10 C7
C167 C167 C26 C27
C132 C132
C192 C5 C192 C1 C181
C141 C4 C56 C141
C97 C97
C122 C122
C159 C35 C16 C63
C157 C78 C77
C108 C66
C144 C144
C198 C145 C161 C152 C193 C74 C198 C149 C164 C86 C71 C110
C137 C137 C55 C32
C165 C165 C57
C125 C54
C184 C70 C24 C2
C0 C0
C146 C146 C84
C191 C95 C194 C31
C119 C119
C196 C168 C11 C190 C182 C196 C172 C43 C166
C162 C52 C3
C169 C169 C93 C50
C103 C103
C107 C107
C121 C121
C195 C19 C20
C129 C129
C76 C51
C177 C58
C187 C87 C88
C153 C153
C67 C47
C160 C160 C59
C82 C8 C25
C126 C49
C83 C48
C154 C154 C30
C120 C120
C127 C127
C104 C104
C114 C114
C124 C124
C68 C18 C68
C123 C123
C139 C139
