HAZtD 4Eg1F wnnBN Cg1yP J0OP0 iKwe0 F7CZj RN9nS CXkxa Lusir CXkxa ED9em 5h4rt ED9em CXkxa 3NU9e aWuHk uPUO1 DaieK p3gJd rH3nx p3gJd cC0Rg u60s4 jyRQW Xqwfz 7kY28 IOpdQ BaYb3 1VA1I BaYb3 SxklZ VESmp SxklZ rVnMc OWqP4 6owsT iimZq qz2Of 8Qx0C qz2Of iimZq GUEko 0moVI HAKlt 6sv9O ejBhY 8x5TS o2JtM e7SjH 2LhKB e7SjH E6pda xKTIz RkCLD SfSL1 bMhFI lF8gH bMhFI rmW0U HOuAL rmW0U GrnJ7 gNinx GrnJ7 iIQll p4kTx iIQll 4jcrD DmTRc tgL8p 0FMEI 2GCiD 0FMEI R6NzB v0WXM iHR3J fWz4T EgumV UQeyk kjZGl kNG2j AwFdf 2zHfe wVSYr WVEjT Agb0E eVDVP Ia6ul kvy7i Q5zY0 69WZh wedr3 69WZh jesVt 4AhmX jesVt 69WZh mdIe6 69WZh ox9Gx 15wtn Mm2U8 v7hOX fExZu 2zHfe AwFdf cpzS8 acHTt cpzS8 p3gJd aWuHk vfAR8 bW6Ms vfAR8 zg9rt UqGfS Ssao4 kPB79 4Tt2a kPB79 4PXv9 kPB79 6gp0A HAZtD
75
Xqwfz pLg86
p4kTx p4kTx
kNG2j kNG2j
aWuHk aWuHk O8CwF iqOI4 TlJnt
uPUO1 uPUO1
4AhmX 4AhmX cu5FB aegld
bMhFI bMhFI
7kY28 7kY28 URrao fiXIW
HOuAL HOuAL
1VA1I Zok18 1VA1I
u60s4 Zxvdf gpbSj u60s4
0moVI 0moVI
Agb0E VG4na Agb0E
UqGfS UqGfS NqBQW X2hjX
xKTIz xKTIz
F7CZj z82fM
iIQll iIQll Vg6Sz
OWqP4 OWqP4
e7SjH DuU0x BIY9X
wedr3 zrVPv wedr3
WVEjT WVEjT
DaieK DaieK
RN9nS RN9nS
R6NzB R6NzB
fWz4T TzGS5 fWz4T
HAKlt Pk19A HAKlt
4Tt2a 4Tt2a
5h4rt 5h4rt
v7hOX SEkfX v7hOX
4jcrD 4jcrD
cC0Rg cC0Rg
vfAR8 vfAR8
gNinx gNinx
ejBhY Q8lcd
iHR3J iHR3J
3NU9e GxQg8
2LhKB 2LhKB
fExZu fExZu
jesVt jesVt
4PXv9 4PXv9
rmW0U CHx6u 9tf0w
8x5TS H1xt8
rH3nx 1gvq4 lJnz7 rH3nx
J0OP0 J0OP0
bW6Ms bW6Ms
mdIe6 mdIe6
SxklZ SxklZ
AwFdf AwFdf
eVDVP eVDVP
ox9Gx ox9Gx
VESmp VESmp
iKwe0 iKwe0
p3gJd p3gJd
Ia6ul Ia6ul
E6pda E6pda
jyRQW 0F8yg zcuSA
acHTt acHTt
iimZq iimZq
6owsT 6owsT
wnnBN wnnBN
GrnJ7 UbqWX v9joy iaaYU
0FMEI 5EAEu
cpzS8 cpzS8
IOpdQ IOpdQ
Lusir Lusir
BaYb3 BaYb3
EgumV EgumV
Ssao4 Ssao4
8Qx0C 8Qx0C
69WZh 69WZh
ED9em ED9em
DmTRc DmTRc
2GCiD 2GCiD
lF8gH lF8gH
Cg1yP Cg1yP
