Taozhuang Chharra Jackson Rosedale Esmeraldas Aytos Gudermes Esperanza Bang Waverly Strathfield Bourbonnais Longgang Norco Udumalaippettai Carnot Bhit Durazno Bhit Camayenne Artur New Memmingen Alatyr Kallio Somma Donggongon Caravaca Vernon Severodvinsk Vernon Jingzhou Uran Pottstown Uran Jinotepe Uran Fort Oulmes Gua Middle Gua Nonsan Villa Rafiganj Villa Cibinong Boo Hechingen Azrou Ramla Sarandi Southsea Calauan Southsea Freetown Ulu Rutherglen Gauting Tupelo Sicklerville Chharra Wesseling Chharra Ilesa Chharra Taozhuang
50
Gauting Gauting
Nonsan Nonsan
Jackson Jackson
Kallio Kallio
Ulu Ulu
Sarandi Sarandi
Middle Middle
Donggongon Donggongon
Durazno Durazno
Camayenne Camayenne
Strathfield Strathfield
Cibinong Cibinong
Jingzhou Jingzhou
New New
Somma Somma
Azrou Azrou
Fort Fort
Esperanza Esperanza
Longgang Longgang
Udumalaippettai Udumalaippettai
Boo Boo
Villa Villa
Severodvinsk Severodvinsk
Ilesa Ilesa
Chharra Besuki
Gudermes Gudermes
Calauan Calauan
Wesseling Wesseling
Taozhuang Taozhuang
Rosedale Rosedale
Aytos Aytos
Tupelo Tupelo
Rutherglen Rutherglen
Alatyr Alatyr
Artur Artur
Bang Bang
Ramla Ramla
Freetown Freetown
Waverly Waverly
Caravaca Caravaca
Sicklerville Sicklerville
Bourbonnais Bourbonnais
Memmingen Memmingen
Hechingen Hechingen
Jinotepe Jinotepe
Rafiganj Rafiganj
Pottstown Pottstown
Esmeraldas Esmeraldas
Uran Uran
Oulmes Oulmes
