Ilesa Foshan Aklera Stuttgart Rutland Zaozhuang Bensheim Campobasso Bensheim Copperas Aistala Tharu Aistala PortVila Alexandria American Puducherry Lodwar Calauan Paredes Liberia PointeClaire Bensheim Gariadhar Bavly Polohy Mexborough Oulmes Bensheim Bang Shagamu Zeist Brunswick Jiangyan Davis Toledo Meizhou Talipparamba Tak Perth UlanUde Perth Clermont Perth New Minas Dahlem Minas Skalica Belper Guli Belper LonsleSaunier GernikaLumo Krymsk Tiruppuvanam Onex Puerto Milledgeville Tupelo Memmingen WaltonontheNaze Landshut Bon An Bobigny Sillanwali Sishui Palm Oberhausen Sorsogon Marburg Lille Bensheim Kyzylorda Brzeg Perth Niort Ventimiglia Viewpark Palafrugell Villaquilambre Stupino Jagna Mouscron Bogovinje Valday Tupiza DehiwalaMount El Shaowu Chacabuco Ramla Yingkou Oschatz Barracas Aurora MitryMory Ponta Sirsi Itacoatiara Valletta Sceaux Hermsdorf Aleshtar Alfenas Uran Azrou Milagro Rhosllanerchrugog Jashpurnagar Magomeni MitryMory Claremont Malden Ada Great Tyoply Great Resplendor Ilesa
100
Jagna Jagna
Sishui Sishui
Milagro Milagro
Claremont Claremont
Palm Palm
Talipparamba Talipparamba
Aklera Aklera
Sillanwali Sillanwali
Milledgeville Milledgeville
Ada Ada
Tyoply Tyoply
Bavly Bavly
Mexborough Mexborough
Sceaux Sceaux
Foshan Foshan
Valletta Valletta
Resplendor Resplendor
Brunswick Brunswick
Stuttgart Stuttgart
Stupino Stupino
Bensheim Bensheim
Alexandria Alexandria
Sirsi Sirsi
New New
Malden Malden
Chacabuco Chacabuco
Azrou Azrou
Perth Perth
Bogovinje Bogovinje
Oberhausen Oberhausen
UlanUde UlanUde
Palafrugell Palafrugell
Polohy Polohy
Tak Tak
Campobasso Campobasso
Yingkou Yingkou
Zaozhuang Zaozhuang
Skalica Skalica
Ilesa Ilesa
Calauan Calauan
Tiruppuvanam Tiruppuvanam
Shagamu Shagamu
Gariadhar Gariadhar
Ventimiglia Ventimiglia
Shaowu Shaowu
Aurora Aurora
Landshut Landshut
Tupelo Tupelo
Guli Guli
Davis Davis
Ramla Ramla
Barracas Barracas
An An
Bobigny Bobigny
Bang Bang
Toledo Toledo
Rhosllanerchrugog Rhosllanerchrugog
PortVila PortVila
PointeClaire PointeClaire
MitryMory MitryMory
Meizhou Meizhou
Memmingen Memmingen
Itacoatiara Itacoatiara
Viewpark Viewpark
Rutland Rutland
Mouscron Mouscron
Niort Niort
Tupiza Tupiza
Lille Lille
Magomeni Magomeni
Sorsogon Sorsogon
Puerto Puerto
Great Great
Brzeg Brzeg
Valday Valday
American American
DehiwalaMount DehiwalaMount
Hermsdorf Hermsdorf
Clermont Clermont
Aleshtar Aleshtar
Villaquilambre Villaquilambre
Marburg Marburg
Jiangyan Jiangyan
Lodwar Lodwar
Jashpurnagar Jashpurnagar
Onex Onex
Alfenas Alfenas
Bon Bon
Uran Uran
Ponta Ponta
Copperas Copperas
LonsleSaunier LonsleSaunier
Oulmes Oulmes
Kyzylorda Kyzylorda
Tharu Tharu
Puducherry Puducherry
WaltonontheNaze WaltonontheNaze
Paredes Paredes
Dahlem Dahlem
GernikaLumo GernikaLumo
