Lesnoy GatesNorth Visitacion Glogovac Andijon Yangambi Zgorzelec Brentwood Hueytown Dharmapuri Gisborne Ishim Stade Portogruaro Artur Beveren Kundla Beveren Pingyi Malaut Blackpool Hudiksvall Franceville Rutherglen Sun Winsford Sungurlu Lesnoy
24
Hudiksvall Hudiksvall
Rutherglen Rutherglen
Dharmapuri Dharmapuri
Artur Artur
Gisborne Meerut Gisborne
Kundla Kundla
Visitacion Visitacion
Sun Sun
Zgorzelec Zgorzelec
Ishim Ishim
Malaut Malaut
Pingyi Pingyi
Hueytown Hueytown
Stade Stade
Sungurlu Sungurlu
Glogovac Glogovac
GatesNorth GatesNorth
Blackpool Blackpool
Lesnoy Lesnoy
Winsford Winsford
Portogruaro Portogruaro
Franceville Franceville
Brentwood Brentwood
Yangambi Yangambi
