108 69 7 51 101 49 170 54 78 178 34 48 6 23 129 23 6 43 140 130 85 68 95 105 77 110 75 150 179 157 15 157 107 133 31 38 190 116 109 76 1 83 84 183 146 39 193 11 193 73 189 177 186 134 197 137 196 92 65 176 148 182 148 191 100 191 117 24 114 142 99 28 181 167 156 187 118 113 184 113 136 103 5 26 127 45 81 14 35 188 174 19 70 153 144 96 57 90 53 82 71 82 56 151 128 55 64 37 143 121 63 126 8 61 17 67 120 138 36 79 46 32 13 44 66 108
97
188 188
7 7
39 39
67 67
99 99
48 48
54 54
114 114
129 129
37 37
176 176
57 57
19 19
95 95
153 153
26 26
121 121
100 100
142 142
184 184
137 137
46 46
63 63
64 64
14 14
126 126
186 186
24 24
117 117
151 151
118 118
11 11
181 181
148 148
61 61
78 78
81 81
66 66
69 69
44 44
34 34
144 144
110 110
68 68
187 187
128 128
136 136
157 157
23 23
35 35
107 107
182 182
134 134
13 13
17 17
79 79
138 138
45 45
1 1
83 83
49 49
190 190
75 75
56 56
197 197
150 150
65 65
77 77
140 140
82 82
109 109
31 31
36 36
133 133
15 15
38 38
5 5
43 43
179 179
96 96
120 120
84 84
130 130
167 167
177 177
71 71
85 85
73 73
28 28
53 53
174 174
92 92
146 146
143 143
170 170
101 101
32 32
