1 134 144 122 132 107 120 98 108 95 96 86 84 83 72 74 60 71 48 62 24 59 12 50 1 65 6 68 18 77 30 80 42 89 54 92 66 101 78 104 90 113 102 116 114 125 126 128 138 137 10 16 22 28 34 40 46 52 58 64 70 76 82 88 94 100 106 112 118 124 130 136 142 56 3 53 3 44 3 41 3 32 3 29 3 20 3 17 3 8 3 5 1 47 1 38 1 35 1 26 1 23 1 14 1 11 1 2 1
90
2 2
10 4 10 140
5 5
6 6
8 8
11 11
12 12
14 14
16 16
17 17
18 18
20 20
22 22
23 23
24 24
26 26
28 28
29 29
30 30
32 32
34 34
35 35
134 36 134
38 38
40 40
41 41
42 42
44 44
46 46
47 47
48 48
50 50
52 52
53 53
54 54
56 56
58 58
59 59
60 60
62 62
64 64
65 65
66 66
68 68
70 70
71 71
72 72
74 74
76 76
77 77
78 78
80 80
82 82
83 83
84 84
86 86
88 88
89 89
90 90
92 92
94 94
95 95
96 96
98 98
100 100
101 101
102 102
104 104
106 106
107 107
108 108
1 110 119 131 143
112 112
113 113
114 114
116 116
118 118
120 120
122 122
124 124
125 125
126 126
128 128
130 130
132 132
136 136
137 137
138 138
142 142
144 144
