create appear transmission fuss magnitude concern battery contract dose belief think accessible feign deck pupil farewell crew ballot bracket breakin tin absorption hide merit childish company direct exotic minimize adult skip cancel scrap top perception nationalism community maze linear colon mechanism line prove celebration basketball pride creation pastel suffer predict steward create
50
merit merit
hide hide
predict predict
fuss fuss
direct direct
contract contract
scrap scrap
accessible accessible
linear linear
pride pride
crew crew
creation creation
community community
prove prove
think think
battery battery
celebration celebration
nationalism nationalism
adult adult
tin tin
feign feign
farewell farewell
bracket bracket
exotic exotic
ballot ballot
steward steward
perception perception
concern concern
cancel cancel
breakin breakin
colon colon
childish childish
dose dose
transmission transmission
magnitude magnitude
suffer suffer
top top
absorption absorption
skip skip
basketball basketball
pupil pupil
deck deck
appear appear
belief belief
pastel pastel
maze maze
minimize minimize
mechanism mechanism
company company
line line
