1 176 177 178 177 176 1 64 65 66 64 1 26 27 28 27 26 1 122 124 125 122 1 72 74 73 72 1 22 24 23 22 1 50 51 52 55 52 51 50 1 150 151 152 154 153 152 151 150 1 100 101 102 104 103 102 101 100 1 126 127 128 129 130 129 128 127 126 1 168 169 171 168 1 160 162 161 160 1 156 159 158 156 1 110 112 110 1 106 108 106 1 68 69 71 70 68 1 60 63 60 1 56 59 58 56 1 18 19 21 20 18 1 10 13 10 1 6 9 6 1 118 121 118 1 2 5 4 3 2 1 164 166 165 164 1 76 77 78 77 76 1
58
3 3
4 4
5 5
6 7 8
9 9
10 11 12
13 13
1 15 16 17 115 116 117 173 174 175
19 19
20 20
21 21
23 23
24 24 25
28 28 30
55 53 54 55
56 57
58 58
59 59
60 61 62
63 63
65 65
66 66
64 67
69 69
70 70
71 71
73 73
74 74 75
78 78 80
103 103
104 104
102 105
106 107 109
108 108
110 111 113
112 112
118 119
121 120 121
122 123
124 124
125 125
128 128
130 130
153 153
154 154
152 155
156 157
158 158
159 159
161 161
162 162
160 163
165 165
166 166
164 167
169 169 170
171 171
178 178 180
