0 10 20 21 22 31 42 51 61 71 70 80 81 82 72 83 73 64 53 43 33 24 34 45 55 66 76 86 87 96 95 94 93 103 104 105 114 125 124 123 133 132 122 111 101 110 120 130 131 142 152 151 150 160 161 170 181 182 183 184 174 175 186 196 187 188 198 199 189 178 168 167 176 166 165 164 153 154 155 146 147 148 158 149 139 129 118 117 116 107 108 98 89 78 77 67 68 57 48 37 38 39 29 18 9 8 17 16 26 15 5 4 3 12 2 1 0
97
53 53
125 125
186 186
86 86
31 31
152 152
154 154
114 114
61 61
20 20
130 130 140
196 196
160 160
80 80
108 108
117 127
29 29
22 22
98 99 98
77 77
12 12
101 101
82 82
15 15
103 103 102
2 2
178 178
155 155
64 64
21 21
188 188
122 122
158 158
9 9
33 33
132 132
51 51
71 71
16 16
123 123
39 39
68 68
139 139
95 95
146 146
147 147
5 5
164 164
149 149
166 166
175 175
18 18
151 151
4 4
76 76
167 167
87 87
83 83
189 189
118 118
181 181
73 73
153 153
8 8
120 120
184 184
81 81
129 129
133 133
26 26
17 17
105 105
111 111
182 182
48 48
165 165
150 150
43 43
42 42
45 45
94 94
37 37
70 70
104 104
107 107
199 199
198 198
96 96
161 161
116 116
24 24
183 183
187 187
72 72
89 89
176 176
67 67
