CH CV AP DN BY DD CZ CD DU CQ DU DO BD CF CW CF BG CO DM CL AX CA BU DS DG DS DC BA DL AT AD BV CP AY AZ BL CS BC CU BF DA BP DF BW DI CB DB CB BS AF AJ CN DV AV AU AM BZ AN AL BN DQ BT DP BI DP CH
50
BS BS
CQ CQ
DM DM
BL BL
DO DO
AT AT
DB DB
CU CU
DU DU
DV DV
AY AY
CB CB
BN BN
DP DP
AN AN
CN CN
CF CF
AV AV
BC BC
DI DI
DD DD
BG BG
DL DL
BZ BZ
CW CW
CL CL
CP CP
DQ DQ
CD CD
AJ AJ
AZ AZ
BY BY
CA CA
AU AU
AM AM
BU BU
CS CS
AL AL
CV CV
DG DG
CZ CZ
BV BV
AP AP
DC DC
AF AF
BI BI
BP BP
BF BF
BD BD
DF DF
