Albania VaticanCity SolomonIslands Bahamas Lithuania Malaysia Suriname Greece Maldives Fiji Serbia Venezuela Switzerland PapuaNewGuinea Mali Israel Liechtenstein TheGambia Vanuatu NewZealand Finland RussianFederation Rwanda Seychelles Poland UAE Togo SriLanka Grenada NorthKorea Guatemala Cuba Hungary SaintLucia Ethiopia Bhutan SaoTomPrincipe CentralAfricanRep Yemen Gabon Romania Argentina Lesotho Slovenia France Ukraine Newfoundland SaudiArabia Tanzania Chile Germany Cambodia Australia Danzig Qatar Jamaica Tunisia Portugal Kazakhstan Japan Latvia Kiribati SierraLeone America CapeVerde Dominica MountAthos Cyprus Niger Burma Philippines Paraguay Laos Brazil Belarus UnitedKingdom Eritrea Mauritius Peru Mongolia Comoros Norway Panama Kosovo Algeria Estonia Nepal Bulgaria Mauritania Italy Luxembourg BosHerzegovina Thailand Djibouti Andorra Pakistan IvoryCoast Rome Burkina EquatorGuinea SaintKitts Albania
100
Bahamas Bahamas
Malaysia Malaysia
Rome Rome
Burkina Burkina
SolomonIslands SolomonIslands
IvoryCoast IvoryCoast
BosHerzegovina BosHerzegovina
Andorra Andorra
VaticanCity VaticanCity
EquatorGuinea EquatorGuinea
Djibouti Djibouti
Mauritania Mauritania
Pakistan Pakistan
Bulgaria Bulgaria
Thailand Thailand
Nepal Nepal
Estonia Estonia
Italy Italy
Comoros Comoros
Kosovo Kosovo
Norway Norway
Algeria Algeria
Panama Panama
Eritrea Eritrea
Mongolia Mongolia
UnitedKingdom UnitedKingdom
Peru Peru
Mauritius Mauritius
Laos Laos
Luxembourg Luxembourg
Belarus Belarus
Paraguay Paraguay
America America
Brazil Brazil
MountAthos MountAthos
Dominica Dominica
Philippines Philippines
CapeVerde CapeVerde
Niger Niger
Latvia Latvia
Cyprus Cyprus
Burma Burma
SierraLeone SierraLeone
Kazakhstan Kazakhstan
Cambodia Cambodia
Japan Japan
Portugal Portugal
Danzig Danzig
Jamaica Jamaica
Tunisia Tunisia
Qatar Qatar
Argentina Argentina
Chile Chile
Tanzania Tanzania
Kiribati Kiribati
Germany Germany
Ukraine Ukraine
Australia Australia
Yemen Yemen
France France
Newfoundland Newfoundland
Slovenia Slovenia
Lesotho Lesotho
CentralAfricanRep CentralAfricanRep
Romania Romania
Bhutan Bhutan
Ethiopia Ethiopia
NorthKorea NorthKorea
SaintLucia SaintLucia
Gabon Gabon
Hungary Hungary
SaintKitts SaintKitts
Vanuatu Vanuatu
SaudiArabia SaudiArabia
Grenada Grenada
SaoTomPrincipe SaoTomPrincipe
Rwanda Rwanda
RussianFederation RussianFederation
Guatemala Guatemala
UAE UAE
SriLanka SriLanka
Cuba Cuba
Togo Togo
Poland Poland
Israel Israel
Switzerland Switzerland
Seychelles Seychelles
Venezuela Venezuela
NewZealand NewZealand
PapuaNewGuinea PapuaNewGuinea
Finland Finland
Mali Mali
TheGambia TheGambia
Greece Greece
Suriname Suriname
Liechtenstein Liechtenstein
Lithuania Lithuania
Serbia Serbia
Maldives Maldives
Fiji Fiji
