Nepal Georgia Argentina Liechtenstein Tanzania Niger Palau Afghanistan Panama Mauritius Kuwait Botswana Fiji Vietnam Serbia UAE Belarus Ecuador Estonia Slovakia NewZealand Tajikistan Suriname MarshallIslands TheGambia VaticanCity SaintLucia Nepal
24
Belarus Azerbaijan Belarus
Tajikistan Tajikistan
VaticanCity VaticanCity
Estonia Estonia
Botswana Botswana
UAE UAE
Serbia Serbia
NewZealand NewZealand
Tanzania Tanzania
Georgia Georgia
Panama Panama
Suriname Suriname
Fiji Fiji
Argentina Argentina
Vietnam Vietnam
Niger Niger
MarshallIslands MarshallIslands
Afghanistan Afghanistan
Slovakia Slovakia
Palau Palau
Liechtenstein Liechtenstein
Mauritius Mauritius
Kuwait Kuwait
SaintLucia SaintLucia
