55 101 20 131 185 89 149 89 11 168 17 14 36 14 118 81 128 188 86 80 125 171 180 85 56 90 146 181 147 26 88 66 43 140 58 133 10 163 184 153 78 77 69 107 74 187 41 148 175 109 97 42 40 54 127 53 9 172 28 114 67 76 116 134 32 150 49 105 124 136 160 170 27 164 126 30 152 59 96 158 29 113 15 135 15 13 179 122 61 115 63 91 48 186 33 83 137 111 189 71 4 16 84 12 45 151 162 177 173 55
88
40 40
11 11
140 140
33 33
59 159 119 59
97 97
146 146
149 149
12 12
170 170
63 63 106
184 184
172 172
81 81
17 17
32 32
91 91
61 61
26 26
27 27
148 148
188 188
78 78
101 101 182
42 62 42
45 45
76 76
111 111
133 133
152 152
88 88
185 185
90 90
162 162
49 49
58 58 166
107 107
186 186
189 189
118 118
181 181
74 74
67 67
15 15
29 29
83 83
53 53
41 41
36 36
171 171
134 134
54 54
175 175
177 177
151 151
43 43
116 116
135 135
105 105
179 179
86 86
158 158
163 163
66 66
131 131
56 56
115 115
173 57 173
160 160
137 137
9 8 9
13 13
109 109
126 126
150 150
16 16
122 122
71 71
85 85
113 113
20 20
153 153
80 80
77 77
30 30
48 48
168 168
114 114
