x182 x187 x156 x50 x76 x21 x164 x21 x76 x4 x64 x106 x13 x177 x89 x116 x163 x66 x95 x77 x118 x168 x127 x49 x27 x113 x38 x93 x32 x89 x177 x122 x51 x94 x137 x125 x159 x101 x100 x169 x104 x87 x9 x146 x196 x161 x119 x151 x119 x45 x43 x90 x50 x79 x196 x69 x170 x42 x3 x86 x187 x182
48
x93 x74 x2
x21 x21 x172 x17
x86 x86 x84
x77 x20 x14 x166 x71 x77
x42 x42
x45 x45 x189
x49 x6 x49
x170 x147 x72 x179 x7
x50 x10 x80 x31 x107 x50
x177 x192 x155 x177 x198 x102
x69 x69 x194
x79 x79
x64 x88 x64 x46
x146 x128 x146 x53
x3 x3 x184
x43 x43 x138 x141 x26
x4 x48 x4
x137 x137 x133
x32 x59 x186 x183 x32 x82
x151 x151
x76 x143 x114 x76
x161 x161
x100 x153 x99 x100
x9 x18 x19 x136
x87 x87
x104 x104
x187 x8
x159 x159
x116 x109 x116
x125 x125
x106 x15 x106
x94 x94
x127 x127 x58 x83 x98
x119 x119 x23
x168 x56
x38 x185 x139
x113 x113
x27 x27
x122 x25
x118 x118
x95 x95
x66 x66
x163 x163
x196 x92 x30
x182 x11 x182
x164 x164
x169 x55 x61
x156 x156
