Clearnesse Ironriver Corbank Woodice Eriwall Oldmoor Morwall Butterbush Goldwyvern Esterfall Buttermead Courtcastle Courtwall Morwald Oakmere Dellwyn Foxhaven Marbleiron Foxvale Valhaven Newby Westvale Ironshore Freyview Violetley
25
Oldmoor Oldmoor
Woodice Woodice
Dellwyn Dellwyn
Freyview Freyview
Oakmere Oakmere
Eriwall Eriwall
Valhaven Valhaven
Newby Newby
Foxhaven Foxhaven
Morwall Morwall
Goldwyvern Goldwyvern
Corbank Corbank
Westvale Westvale
Morwald Morwald
Ironriver Ironriver
Violetley Violetley
Courtwall Courtwall
Ironshore Ironshore
Marbleiron Marbleiron
Buttermead Buttermead
Courtcastle Courtcastle
Butterbush Butterbush
Foxvale Foxvale
Esterfall Esterfall
Clearnesse Clearnesse
