0 86 0 62 0 59 0 43 0 123 15 123 0 137 37 137 52 137 0 90 79 4 171 121 49 40 100 134 44 134 100 40 184 69 184 35 155 68 58 6 198 88 198 60 140 143 32 25 32 99 147 95 147 97 84 24 54 98 54 172 74 33 72 28 41 46 22 109 31 109 5 13 17 21 122 10 42 48 42 51 47 107 55 63 103 89 26 89 23 89 138 160 94 148 71 67 8 128 45 128 53 20 106 76 34 125 175 91 175 125 77 125 87 85 75 11 121 153 66 153 12 3 65 61 70 61 14 29 174 56 36 2 27 135 143 154 199 39 199 142 116 19 105 92 124 93 38 93 174 81 107 9 80 9 64 162 196 1 57 18 82 99 73 96 112 0
94
0 0
1 1
2 2 78
3 3
4 4
5 5
6 6
33 7 33
8 8
9 9 50
10 10
11 11
12 12
13 13
14 14
15 15
57 16 57
17 17
18 18
19 19
20 20
21 21
22 22
23 23
24 24
25 25
26 26
27 27
28 28
29 29
51 30 51
31 31
32 32
34 34
35 35
36 36
37 37
38 38
39 39
40 40
41 41
42 42
43 43
44 44
45 45
46 46
47 47
48 48
49 49
52 52
53 53
54 54
55 55
56 56
58 58
59 59
60 60
61 61
62 62
63 63
64 64
65 65
66 66
67 67
68 68
69 69
70 70
71 71
72 72 83
73 73
74 74
75 75
76 76
77 77
79 79
80 80
81 81
82 82
84 84
85 85
86 86
87 87
88 88
89 89
90 90
91 91
92 92
93 93
94 94
95 95
96 96
97 97
98 98
99 99
