WNYCV K1ZSD XTUSM UGOIO HZ80H XBRKQ H212X HHCET 65TK9 XD7IR 1ACIU B8UZ8 KR27P EYREL QTZLJ GAXPM J501P 1UWW5 QSI1X F07YB XDKMD 1NBGE 1XUNX BO3AW RFDQ4 OE5TB HR8IA GXYLV URMBF KRLTG 77EY5 XPFOM 9HVLF UUOP5 18R1B H7R17 XRQ65 2KYXC 5I6U4 V11OW 1BUOS ZA57Z BMC9X CUG55 H8ZPW ULCTZ 7CXN0 YMTTJ KB443 X2AM4 TG5ZG 91RFG F5YBY WNYCV
48
XRQ65 XRQ65 EQWAL
1ACIU 1ACIU
H8ZPW H8ZPW
GXYLV GXYLV
TG5ZG TG5ZG
91RFG 91RFG
OE5TB OE5TB
KB443 KB443
QSI1X QSI1X
F5YBY F5YBY
QTZLJ QTZLJ
HR8IA HR8IA
ULCTZ ULCTZ
V11OW V11OW
XPFOM XPFOM
77EY5 77EY5
K1ZSD K1ZSD
5I6U4 5I6U4
XTUSM XTUSM
KRLTG KRLTG
UGOIO UGOIO
XBRKQ XBRKQ
UUOP5 UUOP5
ZA57Z ZA57Z
1BUOS 1BUOS
URMBF 2FT0Z URMBF
X2AM4 X2AM4
KR27P 42QVU
1UWW5 1UWW5
GAXPM GAXPM
EYREL EYREL
B8UZ8 B8UZ8
1NBGE 1NBGE
XDKMD XDKMD
CUG55 CUG55
XD7IR XD7IR
HHCET HHCET
65TK9 65TK9
7CXN0 7CXN0
BMC9X BMC9X
BO3AW BO3AW
9HVLF 9HVLF
YMTTJ YMTTJ
HZ80H HZ80H
H212X H212X
F07YB F07YB
2KYXC 2KYXC
18R1B 18R1B
