BukitBatokEast Simei SungeiRoad Sudong GaliBatuMandai Bayshore Hillcrest Tyersall Sembawang JooKoon LowerSeletar DowntownCore Redhill CityHall Tengeh Frankel SwissClub TanjongPagar SimpangNorth NeeSoon
20
Frankel Frankel
SungeiRoad SungeiRoad
Simei Simei
Redhill Redhill PearlsHill
GaliBatuMandai GaliBatuMandai
Tengeh Tengeh GhimMoh Safti
BukitBatokEast RiverValley LeonieHill TiongBahruStation
SimpangNorth SimpangNorth
NeeSoon NeeSoon
JooKoon JooKoon
DowntownCore DowntownCore
SwissClub SwissClub
Bayshore ChoaChuKang
Hillcrest Hillcrest
LowerSeletar LowerSeletar
Sudong Sudong
TanjongPagar TanjongPagar
Tyersall Tyersall
CityHall CityHall
Sembawang Sembawang
