McLaughlinHall RedwoodGroveBotanica SamsPad DurantHall BotanicalGarden KroeberHall HasteStreetChildDeve GrinnellNaturalArea EnergyBiosciencesBui EtcheverryHall EvansDiamond ResidentialStudentSe SeniorHall SpiekerAquaticsCompl MagnesCollectionofJe FacultyGlade LegendsAquaticCenter GoldmanSchool EshlemanHall GiauqueHall StrawberryCanyonRecr CampusSharedServices UCBerkeleyExtension Romeos GianniniHall WomensFacultyClub ZellerbachHall BerkeleyArtMuseumand WarrenHall BancroftParkingStruc RecreationalSportsFa HertzHall PublicAffairsOfficeo EastAsianStudiesInst Library Unit3ResidentHall WitterRugbyField SimpsonCenterforStud InsectaryGreenhouse AnnaHeadAlumnaeHall StephensHall LevineFrickeSoftball JonesChildStudyCente CNMAT1750ArchSt
44
CNMAT1750ArchSt CNMAT1750ArchSt
EvansDiamond EvansDiamond
WitterRugbyField WitterRugbyField
RedwoodGroveBotanica RedwoodGroveBotanica
PublicAffairsOfficeo PublicAffairsOfficeo
HasteStreetChildDeve HasteStreetChildDeve
UCBerkeleyExtension UCBerkeleyExtension
GrinnellNaturalArea GrinnellNaturalArea
SeniorHall SeniorHall
EastAsianStudiesInst EastAsianStudiesInst
AnnaHeadAlumnaeHall AnnaHeadAlumnaeHall
Unit3ResidentHall Unit3ResidentHall
DurantHall DurantHall
BancroftParkingStruc BancroftParkingStruc
FacultyGlade FacultyGlade
CampusSharedServices CampusSharedServices
SamsPad SamsPad
RecreationalSportsFa RecreationalSportsFa
StrawberryCanyonRecr StrawberryCanyonRecr
EshlemanHall EshlemanHall
JonesChildStudyCente JonesChildStudyCente
InsectaryGreenhouse InsectaryGreenhouse
WarrenHall WarrenHall
McLaughlinHall MoffittLibrary CareerCenter MathematicalSciences McLaughlinHall VisitorCenter
EtcheverryHall EtcheverryHall
StephensHall StephensHall
ZellerbachHall ZellerbachHall
HertzHall HertzHall
EnergyBiosciencesBui EnergyBiosciencesBui
BerkeleyArtMuseumand BerkeleyArtMuseumand
BotanicalGarden BotanicalGarden
SimpsonCenterforStud SimpsonCenterforStud
MagnesCollectionofJe MagnesCollectionofJe
KroeberHall KroeberHall
ResidentialStudentSe ResidentialStudentSe
GiauqueHall GiauqueHall
Library Library
LegendsAquaticCenter LegendsAquaticCenter
Romeos Romeos
LevineFrickeSoftball LevineFrickeSoftball
SpiekerAquaticsCompl SpiekerAquaticsCompl
GoldmanSchool GoldmanSchool
GianniniHall GianniniHall
WomensFacultyClub WomensFacultyClub
