0 143 27 35 43 47 45 42 73 68 64 56 53 51 55 62 146 145 9 11 18 24 25 28 23 31 33 84 76 7 12 16 22 29 30 49 4 148 142 131 135 138 141 137 133 134 128 132 75 83 85 78 77 70 67 69 66 65 60 19 26 32 40 34 39 36 44 86 81 82 80 119 123 125 120 122 127 15 13 10 8 5 97 93 95 101 96 98 94 89 97 104 110 109 111 117 118 114 113 105 108 0
100
73 73
18 18
118 118
78 78
76 76
31 31
64 64
141 141
68 68
82 82
110 110
12 12
36 36
9 9
19 19
56 56
104 104
69 69
55 55
132 132
29 29
127 127
26 26
128 128
131 131
145 145
108 108
143 143
45 45
30 30
22 22
15 15
65 65
11 11
42 42
146 146
51 51
27 27
4 4
32 32
142 142
85 85
86 86
16 16
10 10
81 81
133 133
137 137
75 75
109 109
96 96
105 105
66 66
0 0
122 122
67 67
28 28
40 40
44 44
60 60
123 123
24 24
25 25
23 23
94 94
39 39
95 95
117 117
47 47
97 97
113 113
33 33
138 138
101 101
62 62
84 84
148 148
53 53
5 5
93 93
111 111
49 49
35 35
80 80
77 77
34 34
114 114
7 7
43 43
70 70
98 98
120 120
83 83
134 134
135 135
89 89
8 8
13 13
119 119
125 125
