0 15 14 3 2 3 14 12 16 17 13 9 20 21 30 35 37 38 36 42 46 42 36 38 37 35 30 29 23 24 26 24 23 29 30 34 33 47 44 48 49 48 44 47 33 34 30 21 20 18 7 8 5 8 7 18 20 9 13 17 16 12 14 15 0 50 65 64 62 66 67 63 59 70 71 80 85 87 88 91 90 91 88 86 88 87 85 80 79 73 74 76 75 76 74 73 77 73 79 80 84 83 97 94 98 94 97 83 84 80 71 70 68 57 58 56 58 57 68 70 59 63 67 66 62 64 53 52 53 64 65 50 0
39
0 1
2 2
3 3
13 4
5 5
8 6
9 10
30 22
24 24
26 25 26
23 27
33 33
47 47
44 44
48 48
49 49
46 46
42 42
36 36
38 40 41
50 51
52 52
53 53
63 54
58 55
56 56
59 60
80 72
74 74
75 75
76 76
77 77
83 83
97 97
94 94
98 98 99
86 96 92 86
90 90
91 91
