Aberdeen Reno Newburgh Riverside SanBernardino Modesto Marina Henderson WestValleyCity SanAntonio StPetersburg Lewisville Elkhart Racine Norwalk SaltLakeCity Lowell Hampton Tuscaloosa Winston Austin Montgomery
21
Elkhart Pensacola
SaltLakeCity SaltLakeCity Chattanooga
Lewisville Gainesville Lewisville
Hampton Hampton
Winston Winston
Tuscaloosa Tuscaloosa
WestValleyCity WestValleyCity
Modesto Modesto
Henderson Henderson
Norwalk Miramar
Racine Racine
Reno Reno SouthLyon Springdale
Lowell Lowell
SanBernardino SanBernardino
Newburgh Newburgh
Austin Austin
Montgomery Montgomery
Riverside GreenBay
SanAntonio SanAntonio
StPetersburg StPetersburg
Marina Marina
