8 97 153 185 152 164 165 115 167 190 169 191 192 193 171 160 182 179 181 137 136 147 135 100 145 144 126 173 174 172 125 142 123 127 124 121 120 82 83 16 17 19 21 23 25 22 39 40 26 45 42 24 89 91 93 95 102 90 87 85 88 99 54 116 168 109 118 78 61 59 73 72 71 70 69 55 53 52 113 105 66 63 47 30 51 33 4 29 3 6 80 79 5 2 8
93
123 123
160 160 183
24 24 38
25 25
66 66 64
30 49 30
121 121
88 88
55 55
124 124
5 5
164 164
54 54
127 127
87 87
97 97
193 193 188
137 137
102 102
80 80
19 19
185 185
90 90
63 63
69 69
191 191
16 35
4 4
165 165
2 2
105 65 105 68
153 153
71 71
147 147
115 115
82 82
167 167
99 99
172 172
169 169
6 6
85 85
45 45
109 109
136 136
21 21
89 89
135 135
73 73
53 53
120 120
100 100
59 59
179 179
91 91
113 113
182 182
29 29
26 26
126 126
22 22
118 118
47 47
171 171
52 52
72 72
93 93
79 79
192 192
33 33
152 152
116 116
42 42
23 23
70 70
51 51
17 17
145 145
83 83
144 144
181 181
168 168
78 78
174 174
173 173
95 95
142 142
39 39
125 125
3 3
190 190
40 40
61 61
