Soda Location26 Location46 Location93 Location48 Location44 Location31 Location20 Location57 Location2 Location45 Location17 Location76 Location74 Location72 Location10 Location82 Location54 Location16 Location62 Location66 Location32 Location67 Location42 Location23 Location80 Location7 Location94 Location56 Location58 Location77 Location70 Location3
32
Location62 Location5
Location80 Location80
Location32 Location32 Location12
Location10 Location10
Location56 Location56
Location20 Location20
Location45 Location39 Location45
Location2 Location2
Location70 Location70 Location35
Location48 Location1
Location76 Location76
Location77 Location77
Location58 Location58
Location94 Location94 Location29
Location66 Location66
Location72 Location79 Location72 Location41
Location57 Location9 Location57
Location3 Location3
Location17 Location17
Location44 Location44
Location23 Location23
Location67 Location38
Location46 Location46
Location82 Location82
Location16 Location16
Location54 Location28
Location42 Location42
Location26 Location26 Location0
Location74 Location74
Location7 Location7
Location31 Location31
Location93 Location93
