Soda HearstMiningCircle Bechtel McCone MLK HearstFieldAnnex GreekTheatre Foothill ClarkKerr Cory MemorialStadium LifeSciences Blackwell Cheit McLaughlin Dwinelle BarkerHall Stern Hildebrand Campbell VLSB HaasPavilion SproulPlaza Pitzer Observatory Stanley Etcheverry Bowles Senior Morgan Insectary Simon KrutchTheater NorthGate Gilman Jacobs DoeLibrary Boalt Moses Wheeler Koshland Haste LeConte Giannini Hertz EdwardsStadium
45
Bechtel Bechtel
Boalt Boalt
Cheit Cheit
Cory Cory
Dwinelle Dwinelle
Etcheverry Etcheverry
Giannini Giannini
GreekTheatre GreekTheatre
Haste Haste
HearstMiningCircle HearstMiningCircle
LifeSciences LifeSciences
McLaughlin McLaughlin
Jacobs Jacobs
KrutchTheater KrutchTheater
Hildebrand Hildebrand
MLK MLK
Moses Moses
Observatory Observatory
Senior Senior
SproulPlaza SproulPlaza
Stern Stern
VLSB VLSB
Wheeler Wheeler
BarkerHall BarkerHall
Blackwell Blackwell
Campbell Campbell
Bowles Bowles
ClarkKerr ClarkKerr
DoeLibrary DoeLibrary
EdwardsStadium EdwardsStadium
Foothill Foothill
Gilman Gilman
HaasPavilion HaasPavilion
HearstFieldAnnex HearstFieldAnnex
Hertz Hertz
Insectary Insectary
Koshland Koshland
LeConte LeConte
McCone McCone
MemorialStadium MemorialStadium
Morgan Morgan
NorthGate NorthGate
Pitzer Pitzer
Simon Simon
Stanley Stanley
