qgyqjgwlbh ajjekwybql hnnlwliezo fwzkdpfinn npffaineub iznialmand stxmhuffri czgfnbovhq gqulqjeire qlieaqyzel cddppqxsmb fdbzjhgcmh tvrzrioagg tjcamfqmxd ysndikwwgh xpcqolcpnf lgwqodunqt culutarzsm sgizgtdhhn ntlhpzyidk sthbsdqlwm uyirsvqblu bzcpozsody sqlbmrxpwv wmeeitskjx rzgfaqookt gdtsmzpvig kmwsevkfov lpopityrof hqvifzhbmo smlsmfgyxa hyficezvgi tdqzbpmftq bnfhxmjqzg sngqmldfxu ekdcatpuui cynraykzum hrbvyznkmd dzokhkbjld atkqvymdax aruweadnpf yfvfzingng hpbkyqcejb
43
uyirsvqblu uyirsvqblu
sqlbmrxpwv sqlbmrxpwv
culutarzsm culutarzsm
ajjekwybql ajjekwybql wegckoctcp
hpbkyqcejb hpbkyqcejb kgewtltijq
hrbvyznkmd hrbvyznkmd
ntlhpzyidk ntlhpzyidk
yfvfzingng yfvfzingng
aruweadnpf aruweadnpf
xpcqolcpnf xpcqolcpnf
cddppqxsmb cddppqxsmb
tvrzrioagg tvrzrioagg
gdtsmzpvig gdtsmzpvig
qgyqjgwlbh fnlmocuczk
hnnlwliezo hnnlwliezo
sngqmldfxu sngqmldfxu
iznialmand bvwklxlwsa iznialmand
bnfhxmjqzg feggaeevcb bnfhxmjqzg
hyficezvgi hyficezvgi
sgizgtdhhn sgizgtdhhn
lgwqodunqt lgwqodunqt
tdqzbpmftq tdqzbpmftq
kmwsevkfov kmwsevkfov
npffaineub npffaineub
sthbsdqlwm sthbsdqlwm
gqulqjeire gqulqjeire
wmeeitskjx wmeeitskjx djtmyhmwnn
rzgfaqookt rzgfaqookt
fwzkdpfinn fwzkdpfinn
dzokhkbjld vvurcgizpo
ysndikwwgh ysndikwwgh
smlsmfgyxa smlsmfgyxa
atkqvymdax atkqvymdax
stxmhuffri stxmhuffri
tjcamfqmxd tjcamfqmxd
cynraykzum cynraykzum
hqvifzhbmo hqvifzhbmo
czgfnbovhq czgfnbovhq
ekdcatpuui somaaudaxm
bzcpozsody bzcpozsody
qlieaqyzel qlieaqyzel
lpopityrof lpopityrof
fdbzjhgcmh fdbzjhgcmh
