Loc1 Loc42 Loc16 Loc10 Loc107 Loc35 Loc52 Loc103 Loc192 Loc156 Loc38 Loc88 Loc7 Loc131 Loc14 Loc187 Loc22 Loc53 Loc183 Loc153 Loc8 Loc133 Loc11 Loc126 Loc118 Loc174 Loc84 Loc33 Loc146 Loc97 Loc113 Loc59 Loc151 Loc49 Loc46 Loc12 Loc5 Loc121 Loc37 Loc162 Loc57 Loc17 Loc47 Loc61 Loc155 Loc193 Loc32 Loc70 Loc95 Loc106 Loc66 Loc188 Loc56 Loc165 Loc19 Loc112 Loc170 Loc45 Loc80 Loc178 Loc147 Loc194 Loc91 Loc128 Loc111 Loc135 Loc50 Loc58 Loc197 Loc186 Loc122 Loc158
72
Loc193 Loc0 Loc51
Loc22 Loc3
Loc5 Loc5
Loc146 Loc6 Loc25 Loc145 Loc175
Loc7 Loc7
Loc8 Loc8
Loc162 Loc9 Loc54 Loc144 Loc154 Loc172
Loc11 Loc11
Loc42 Loc13 Loc71
Loc14 Loc14
Loc12 Loc15
Loc16 Loc16
Loc17 Loc17
Loc88 Loc18
Loc19 Loc19
Loc158 Loc20 Loc132 Loc140
Loc95 Loc23 Loc95
Loc178 Loc27
Loc1 Loc30
Loc47 Loc31 Loc83 Loc163 Loc168 Loc176
Loc32 Loc32
Loc33 Loc33
Loc37 Loc37
Loc38 Loc38
Loc35 Loc39
Loc197 Loc44 Loc197
Loc46 Loc46
Loc50 Loc50
Loc52 Loc52
Loc53 Loc53
Loc57 Loc57
Loc174 Loc60
Loc61 Loc61
Loc45 Loc62
Loc112 Loc65 Loc160
Loc10 Loc67 Loc137 Loc143
Loc113 Loc74 Loc77
Loc135 Loc75 Loc85 Loc149
Loc49 Loc76
Loc91 Loc91
Loc194 Loc94
Loc186 Loc96
Loc97 Loc97
Loc131 Loc99
Loc156 Loc100
Loc84 Loc101 Loc159
Loc103 Loc103
Loc106 Loc106
Loc107 Loc107
Loc155 Loc109
Loc165 Loc110 Loc177
Loc111 Loc111
Loc118 Loc118
Loc122 Loc122
Loc70 Loc124
Loc128 Loc128
Loc58 Loc129
Loc133 Loc133 Loc171
Loc126 Loc141
Loc147 Loc147
Loc153 Loc153
Loc80 Loc167
Loc170 Loc170
Loc56 Loc180 Loc195
Loc187 Loc182
Loc183 Loc183
Loc188 Loc188
Loc121 Loc189
Loc66 Loc190
Loc192 Loc192
Loc151 Loc151
Loc59 Loc59 Loc123
