1 155 169 69 114 73 74 105 156 6 24 23 55 60 5 10 160 106 14 56 110 119 178 173 174 128 78 19 164 64 124 123 28 29
33
5 3 4 5
6 7 8 9
10 11 12 13
14 15 16 17
19 19 20 21
23 23
24 24 25
28 28
29 30
55 53 54 55
56 57 58 59
60 61 62 63
64 65 66 67
69 69 70 71
73 73
74 74 75
78 78 80
105 103 104 105
106 107 108 109
110 111 112 113
114 115 116 117
119 119 120 121
123 123
124 124 125
128 128 130
155 153 154 155
156 157 158 159
160 161 162 163
164 165 166 167
169 169 170 171
173 173
174 174 175
178 178 180
