85 24 0 74 50 74 91 60 43 85 54 21 76 21 20 27 2 28 63 81 24 1 5 13 83 52 2 62 7 21 80 48 80 62 51 88 64 19 57 62 37 49 73 55 14 25 8 10 32 96 32 86 3 47 66 70 68 89 79 89 38 14 93 30 75 34 29 98 29 95 99 60 26 94 32 80 60 77 25 14 45 37 49 46 49 37 21 16 83 35 2 53 42 4 11 36 87 90 4 42 92 83 31 32 69 60 22 60 44 60 99 56 99 60 25 23 25 14 17 70 71 14 15 24 0 24 85
50
0 0
1 1
7 7
8 8
11 11
13 13
15 15
16 16
17 17
22 22
23 23
27 27
28 28
31 31
34 34
35 35
37 37
38 38
43 43
44 44
45 45
46 46
47 47
48 48
50 50
51 51
52 52
53 53
54 54
55 55
56 56
57 57
64 64
68 68
69 69
71 71
76 76
77 77
79 79
80 80
81 81
86 86
87 87
91 91
92 92
93 93
94 94
96 96
98 98
99 99
