Soda loc79 loc22 loc43 loc26 loc67 loc90 loc45 loc66 loc36 loc66 loc45 loc19 loc71 loc33 loc50 loc64 loc83 loc64 loc63 loc30 loc63 loc22 loc43 loc26 loc67 loc90 loc45 loc93 loc45 loc90 loc67 loc26 loc43 loc22 loc63 loc86 loc96 loc53 loc55 loc13 loc55 loc53 loc96 loc86 loc63 loc3 Soda
23
loc63 loc57 loc12
loc50 loc21 loc18
loc79 loc79
loc3 loc72
loc33 loc33
loc71 loc71
loc19 loc19
loc45 loc45 loc49 loc73 loc20 loc32 loc48 loc81
loc90 loc90
loc67 loc67
loc26 loc26
loc43 loc43
loc93 loc93
loc66 loc66 loc97
loc36 loc36
loc83 loc17 loc8 loc83 loc31 loc91 loc41 loc68 loc38
loc22 loc40 loc44 loc39 loc89
loc30 loc30 loc23 loc61
loc53 loc92 loc53 loc29 loc28 loc95
loc96 loc96
loc86 loc86 loc10 loc99
loc55 loc55
loc13 loc13
