Soda loc3 loc179 loc45 loc129 loc17 loc23 loc74 loc13 loc34 loc14 loc121 loc14 loc34 loc13 loc74 loc23 loc17 loc129 loc168 loc43 loc27 loc38 loc193 loc37 loc27 loc43 loc92 loc75 loc137 loc75 loc92 loc43 loc27 loc55 loc77 loc173 loc107 loc173 loc77 loc111 loc150 loc165 loc8 loc164 loc47 loc87 loc192 loc170 loc196 loc51 loc196 loc170 loc192 loc87 loc47 loc164 loc111 loc30 loc111 loc131 loc27 loc43 loc50 loc74 loc23 loc17 loc129 loc179 loc53 loc25 loc106 loc172 loc106 Soda
38
loc45 loc45
loc168 loc82 loc42 loc163 loc171 loc154
loc179 loc90 loc151 loc80 loc199
loc43 loc65
loc50 loc50 loc83
loc17 loc94 loc17
loc34 loc34 loc32 loc189 loc118 loc138 loc84 loc167 loc97
loc13 loc13
loc74 loc74
loc23 loc23
loc14 loc14 loc88
loc121 loc121
loc75 loc72 loc57 loc75 loc157 loc59
loc137 loc137 loc40 loc20
loc3 loc64 loc3
Soda Soda
loc106 loc106 loc36 loc156 loc145
loc25 loc25
loc53 loc53 loc58 loc140
loc172 loc172 loc6
loc193 loc193 loc114
loc30 loc11 loc28 loc30 loc109 loc39 loc136
loc150 loc101 loc41 loc22
loc51 loc155 loc51 loc103
loc196 loc142 loc7 loc185 loc61
loc165 loc165 loc100 loc95 loc9
loc38 loc122 loc147 loc38
loc8 loc79 loc15 loc8
loc27 loc10 loc183 loc188 loc26 loc180
loc111 loc128 loc111 loc24
loc77 loc77
loc192 loc192 loc126
loc107 loc146 loc107
loc37 loc141 loc181 loc37
loc55 loc55 loc194 loc35
loc131 loc131
loc173 loc173
loc170 loc170
