129 99 145 32 181 106 181 8 142 122 69 61 31 88 1 88 115 197 51 34 109 184 33 151 21 67 21 72 79 72 43 25 16 11 96 70 96 7 74 160 37 196 154 193 154 110 157 4 45 118 10 100 10 118 166 118 13 92 121 192 175 192 121 170 58 170 73 136 73 170 101 97 101 148 5 139 94 27 165 40 3 90 152 91 152 90 71 64 119 163 119 162 49 171 145 99 129
55
1 1
4 4 55
7 7
10 10 28
13 13
16 16
43 19 43
45 22
25 25 46
31 31
34 34
37 37
40 40
49 49
101 52
58 58
61 61
64 64
67 67
70 70
73 73
92 76 124
79 79 112
197 82
184 85 184
88 88
91 91
94 94
97 97
100 100
192 103
106 106 133 178
109 109
115 115
118 118
121 121
74 127
69 130
136 136
139 139
142 142
145 145 172
148 148
151 151
154 154
157 157
160 160
163 163
166 166
181 169 181
175 175
32 187
21 190
193 193
196 196
