159 77 190 77 140 14 97 126 172 119 86 129 41 148 47 148 51 65 26 65 93 154 2 154 93 56 96 162 191 162 96 56 156 52 6 164 43 164 81 138 69 155 69 171 10 200 46 37 46 192 130 107 134 120 134 107 44 60 44 4 149 23 194 21 194 23 181 100 199 100 59 147 40 147 157 71 15 167 8 178 16 13 63 121 166 27 169 27 173 133 17 36 141 48 117 7 72 45 25 101 132 163 53 193 24 20 87 20 104 11 30 81 28 9 31 114 92 116 92 158 74 185 74 158 99 158 102 123 102 82 102 5 177 174 177 111 34 111 128 111 177 64 57 79 3 79 32 98 65 165 184 76 137 85 188 61 127 146 127 109 180 122 180 109 159
96
122 122
43 43
157 157
169 169
100 100 139
128 128
36 36
134 134
15 15
32 32
86 86
146 146
101 101
107 107
76 76
93 93
114 35 114
77 77
72 72
126 126
193 193
132 132
185 185
63 63
47 47
52 52
116 116
71 71
46 46
65 65
172 172
45 45
138 138
158 158
2 2
97 97
79 79
137 137
174 174
98 98
31 31
17 17
51 51
85 85
64 64
13 106 13
10 10
120 120
199 199
53 53
21 21
191 191
41 41
44 38 88
180 180
37 37
96 96
190 190
74 74
61 61
26 26
133 133
121 121
155 155
99 99
4 4
87 87
3 3
111 111
24 24
82 82
181 181
27 145
28 28
34 34
178 178
48 48
140 140
156 156
165 165
148 148
154 154
102 102
7 7
14 14
11 11
40 40
59 59
123 123
109 109
167 167
159 22
200 200
192 192
60 60
6 6
