Home141 Home15 Home129 Home131 Home48 Home29 Home64 Home87 Home135 Home26 Home121 Home75 Home121 Home63 Home5 Home86 Home174 Home173 Home174 Home53 Home164 Home127 Home164 Home53 Home174 Home86 Home174 Home12 Home140 Home31 Home172 Home119 Home134 Home62 Home152 Home62 Home134 Home119 Home120 Home69 Home179 Home162 Home101 Home170 Home165 Home170 Home101 Home66 Home52 Home176 Home52 Home11 Home49 Home47 Home49 Home11 Home88 Home154 Home141
41
Home101 Home4
Home162 Home157 Home45 Home92
Home69 Home69
Home165 Home110 Home165
Home154 Home154 Home32 Home128
Home66 Home91 Home66
Home174 Home34 Home43 Home111
Home53 Home97 Home44 Home53
Home88 Home20 Home126 Home88 Home149 Home103
Home119 Home3 Home60 Home55 Home89
Home127 Home7 Home127
Home64 Home106 Home64
Home5 Home144 Home76 Home167 Home124 Home5 Home161
Home31 Home31
Home52 Home35 Home51 Home105 Home96
Home120 Home25 Home120
Home134 Home122 Home132 Home134 Home27
Home29 Home114 Home147 Home37 Home13
Home121 Home156
Home75 Home81 Home75
Home131 Home131 Home112 Home16
Home173 Home173
Home15 Home15
Home164 Home164
Home62 Home62
Home140 Home50
Home26 Home82 Home171 Home143 Home26 Home177
Home11 Home11 Home1
Home48 Home48 Home125
Home63 Home83 Home63
Home172 Home172
Home170 Home100 Home170 Home67
Home152 Home152
Home135 Home135
Home47 Home47
Home86 Home86
Home179 Home36
Home176 Home176
Home12 Home74
Home49 Home136
Home87 Home87
