lllIl1I 11IIII1 1lIl11I 111lI1I lIllIll l1l11l1 1I1I1lI IlI1II1 lI11III III1llI 1IlIl1I l1IllI1 I11I111 l1IllI1 l1lllll lI1l111 I1ll1II l1IllI1 lII111l 11lI11I l1l11l1 lII111l I1Ill1I II11l1l lIIl11l IIlI1lI lI11III l11llll lllIl1I
22
lI11III lI11III Il1Il1I IIlIllI I111I1I
II11l1l lIl111I II11l1l lIIlII1 IIl1l1I
IlI1II1 Ill1I11 IlI1II1 III111I
lIIl11l lIIl11l 1I1I1l1
IIlI1lI II1Il1I llIIII1
lI1l111 I11111l 11111lI lI1l111 1I1l1Il 1I11Ill 1l1lIlI
lII111l lII111l
I11I111 ll111ll I11I111
l1IllI1 l1IllI1 lll1I1l 1llI111 l1Ill11 IlI1Il1 l1lll11 1I1lllI l1IIl1l
l1l11l1 l1l11l1
11lI11I 1l11lII 11lI11I
1I1I1lI l1I111I 1I1I1lI
I1ll1II I1ll1II
11IIII1 Ill11II 11IIII1
111lI1I 111lI1I llI1lII
l1lllll l1lllll
l11llll I11I11l I1llll1
I1Ill1I I1llII1
1IlIl1I 1IlIl1I
III1llI III1llI
lIllIll lIllIll
1lIl11I 1lIl11I
