Satish R6VBAVZ0B PTWCQ ZY9VPYMXA PZMGYZL 4INC2D8SDN ER2YSPML1C Z6H98 NSBI BBFYA9B OXWYDF PTL1QU OK29GJ UVP4WIKK 399VM5PU6 VFRT26 1BZLEM 9XFF YXBMACC ZRYV5F ICTGXV WZ1MC3189 KSHB2KG 92R432 KRM4B PYD9SISJI Satish
24
VFRT26 VFRT26
1BZLEM 1BZLEM
ZRYV5F ZRYV5F
YXBMACC YXBMACC
PZMGYZL PZMGYZL
9XFF FS1RWBVR7 9XFF
PTWCQ PTWCQ
PYD9SISJI PYD9SISJI
KRM4B KRM4B
WZ1MC3189 WZ1MC3189
BBFYA9B BBFYA9B
R6VBAVZ0B R6VBAVZ0B
UVP4WIKK UVP4WIKK
OXWYDF OXWYDF
399VM5PU6 399VM5PU6
PTL1QU PTL1QU
Z6H98 Z6H98
4INC2D8SDN 4INC2D8SDN
92R432 92R432
ICTGXV ICTGXV
KSHB2KG KSHB2KG
ER2YSPML1C ER2YSPML1C
ZY9VPYMXA ZY9VPYMXA
NSBI NSBI
