Satish FM2G14H8I 4P0LGP0 9K8PLAET L7QS0UEPJ GH8C LQQ5IH O44VZ B690 JX6GCY E5HD HBQM42U EFIKTK4Y0Y 4P0LGP0 G90OCSZY 91ZONFE PMXEOGGIQ CKNDWG 7GAD3F FM2HEMVR1 79KTC8AS9 DYYG23O DST5W4G0 5HULMUDLAQ IHN21LA4 Satish
24
HBQM42U 3WJYJDDU HBQM42U YSRPP VGYKKKOFLZ GN4G0L2
G90OCSZY 9QJRN G90OCSZY PIW6IC50D FPZT
E5HD GNVXN 2BLLD3SK E5HD 8TH7QVQY 6PVQIBNB9
JX6GCY 8MDFNIK8AY YU3U1T 1UCE JX6GCY FWM5C MLKOJ
B690 B690
79KTC8AS9 W71YV1R66L P6RI91D87 0TRB9358 79KTC8AS9 3IXHQXHYBV
GH8C G4QE3I ARTWTP9 3J6SSA GH8C
FM2HEMVR1 ET82NVH9 FM2HEMVR1 7622OJ ZZACWP Q7Z37G5
LQQ5IH SQLSVN 7T8I47 J2ETZ1C LQQ5IH MXJIYJYNH4 CV6NHW7M CXQDH6YMZ8 5XYO
9K8PLAET 9V10EOH A8WYICH3 E9DZLL M649OA 9K8PLAET
7GAD3F CB93 Q7ZEY 7GAD3F
IHN21LA4 IHN21LA4 EEZS KCOFJD 01G9IQ2 M71OYIS RP28W1
PMXEOGGIQ DNIV2BOR2P PMXEOGGIQ
91ZONFE 91ZONFE 26PG QW15YTSV M35E H41HZ6 E2DHWGC HM48FZD0 GILAN21GR3
CKNDWG DDB26ZHC 4UE11 ZMZIWZ PUW25N CKNDWG 4VE7V
EFIKTK4Y0Y EFIKTK4Y0Y 8UPUEGO
DYYG23O YQB2CII950 ETNCY9XH2 VOAV ETB2 C8WREP 02X2C LBR67PCKBJ DYYG23O 2B1K6EW9CL
DST5W4G0 HQG39M DST5W4G0 KBI1CALMNJ
FM2G14H8I A118 FM2G14H8I H1LQ91V
O44VZ LM7KL5G3V O44VZ E37ZKA8WK B3R68HYWZ
5HULMUDLAQ ZH2INF 5HULMUDLAQ
Satish 4C88SXD
L7QS0UEPJ ZMQ5BH L7QS0UEPJ
4P0LGP0 4P0LGP0
