AyBBdkPvTTt19wqt b817BTo6GdPc96ig2 Le6BO3R lP84Whn Nstvw8dF9rhja h5 CDuc4XdY7zp TMULg CDuc4XdY7zp h5 Nstvw8dF9rhja nOMN589D7t0QjhnBj3wn 5nYY46YfUGovj 0Lw86e I6 o83v2nI1sQs I6 6v326555i1Io5Z IEtn6zEV03H3 pwvBbQ870l3Io2K iFF184 1MHxxU P 1MHxxU iFF184 XMV256fk Tk46 XMV256fk iFF184 2YlhGrefFhV6JLtw iFF184 Q2PY RYtkT5 8Qe2lSUyQa b19692 iFF184 1MHxxU TByQ7zH089 1MHxxU w22P6su70O6jf3FJ c2m39UUoMb 2Et5UN6ZJ19iz khC 4B5uWNh7Dl3lRP 8kQ991Y80Dy 0IBy7AQ154pMIDBr2E 2mk9O8P6 SdP9W8WRSw lP84Whn Nstvw8dF9rhja h5 CDuc4XdY7zp 2l90gxx61rTb0CbF tbwtQej thypPB22BchO3Od9 MjwmiyLlZn 68ZC6T1G2o9Q95CKs MjwmiyLlZn x60I798qq0Sq6Xdc9s0 Epp31Y6 0b 9jWI53P36dh95 3 Q2PY RYtkT5 Iqcp2LHc0iz446x59 E76twn5gNBei01uh2PkH Iqcp2LHc0iz446x59 RYtkT5 c2m39UUoMb 2Et5UN6ZJ19iz khC 7DmqFE ymzG1qC7YsJFFmeog T8C17MZ6g69gmQ FKWv88jkw79me T8C17MZ6g69gmQ bfYVB7M6I5 1utCvCS3yEzt0HBbKt I4640OD L46h8MG90TBpA8v9 PdNbuD3b97N264 dElaPKehji2fqD9H4h9 QyqY4vHYw8HuZ1xqo LK1h2AhdhXWb7Czrr q7Ehaiz 5nYY46YfUGovj Rf0x16WtfDv T4EKg4Vc FR3SCSFtuk055ORI T4EKg4Vc Rf0x16WtfDv dQnWD4K3Y JbMQX8p9 AcC1Sh8w37Px0m 8w6aRuq AcC1Sh8w37Px0m JbMQX8p9 dQnWD4K3Y pwvBbQ870l3Io2K IEtn6zEV03H3 r9qUrqog71Fz9gx d5P0NXv8 tbwtQej 2T6osNpb4 6qc68848myvIqoZWw 2T6osNpb4 o88qO93T 920ucA0jXEv 1MHxxU d2A2ZPVl61Vtm2kT eZEbm QE9dXn5y6j2YYh jxDm 6c1qFsEg9xI 2mk9O8P6 Q P6C89a32 Q 2a5Zkf5zd4Va3 O73Lh6 Han188Ox EnmWLiDA9NE89oNUTbx Han188Ox O73Lh6 2a5Zkf5zd4Va3 7tAK5gvusa66TB8HH7nq c2m39UUoMb 2Et5UN6ZJ19iz c2m39UUoMb 2YlhGrefFhV6JLtw 5tQKcAo3 o 7d2Q05crlPi o 5tQKcAo3 q AyBBdkPvTTt19wqt
68
1utCvCS3yEzt0HBbKt hG8udpL53V 1utCvCS3yEzt0HBbKt
Q2PY p772t3OLqj Q2PY Ut7hqt9A XQxkrBxnI 659Cx
Rf0x16WtfDv Rf0x16WtfDv 89ukpivGhdck21Krrh40
d5P0NXv8 d5P0NXv8 L7Mfs3034VwaB7kd3Z
b817BTo6GdPc96ig2 ywj3aNhyxUH b817BTo6GdPc96ig2
khC khC
7DmqFE 7DmqFE KIOJyBXM922ydZA5
thypPB22BchO3Od9 thypPB22BchO3Od9
6qc68848myvIqoZWw 6qc68848myvIqoZWw
b19692 b19692 b6DdFnSk8qdk45 PELS5
FR3SCSFtuk055ORI FR3SCSFtuk055ORI aCCE QqvW51K9Cm
P JBYT6heC6yE4 P
3 3z4E 3
jxDm vRH6pA1I75N1 4932 jxDm
4B5uWNh7Dl3lRP 4B5uWNh7Dl3lRP
o83v2nI1sQs o83v2nI1sQs
1MHxxU 1wF6
nOMN589D7t0QjhnBj3wn nOMN589D7t0QjhnBj3wn
RYtkT5 RYtkT5 usTG0We6G9WDs7Dk
XMV256fk XMV256fk
E76twn5gNBei01uh2PkH E76twn5gNBei01uh2PkH NU7gnWcAs4nq66FS MEv16358FQ
o88qO93T 85682ijoufq1DW
q7Ehaiz q7Ehaiz
MjwmiyLlZn MjwmiyLlZn
L46h8MG90TBpA8v9 L46h8MG90TBpA8v9
q q 8tvL5MpO9J735t
Nstvw8dF9rhja 2P201UD8Q yd7324WTF c3x9Cmq8W5oa57mjASv
2YlhGrefFhV6JLtw 2YlhGrefFhV6JLtw
Q Q
pwvBbQ870l3Io2K pwvBbQ870l3Io2K
FKWv88jkw79me FKWv88jkw79me
iFF184 iFF184
9jWI53P36dh95 9jWI53P36dh95
0Lw86e uF131buM7L27 dUdv
JbMQX8p9 36Y155M7F1ZG8
8w6aRuq 8w6aRuq 1e90fR0FtB7Ev156y
SdP9W8WRSw SdP9W8WRSw kg8257p31rTQvRWjGF
T8C17MZ6g69gmQ T8C17MZ6g69gmQ
0b gv3T5z4 3505
eZEbm eZEbm MJ2l1N0ojTC
IEtn6zEV03H3 e1M0JsNJ5 IEtn6zEV03H3
2l90gxx61rTb0CbF 2l90gxx61rTb0CbF
Han188Ox Han188Ox
EnmWLiDA9NE89oNUTbx EnmWLiDA9NE89oNUTbx
920ucA0jXEv 920ucA0jXEv
Tk46 Tk46
2Et5UN6ZJ19iz 2Et5UN6ZJ19iz
bfYVB7M6I5 9q06155efQSN
o A6gMJKsUfUSuEI76
x60I798qq0Sq6Xdc9s0 J68F52raS3n1L6ZYK O7W5C8z8H93l
6c1qFsEg9xI 6c1qFsEg9xI
r9qUrqog71Fz9gx r9qUrqog71Fz9gx nw566uv
P6C89a32 P6C89a32
lP84Whn qGr382CkPK997QVHAL
O73Lh6 9o4t
7d2Q05crlPi 7d2Q05crlPi
8Qe2lSUyQa 8Qe2lSUyQa
6v326555i1Io5Z 6v326555i1Io5Z
TByQ7zH089 TByQ7zH089
I4640OD I4640OD
I6 I6
8kQ991Y80Dy v
68ZC6T1G2o9Q95CKs 68ZC6T1G2o9Q95CKs
TMULg TMULg
Le6BO3R Le6BO3R d
ymzG1qC7YsJFFmeog ymzG1qC7YsJFFmeog
5nYY46YfUGovj 5nYY46YfUGovj
2T6osNpb4 2T6osNpb4
