845LWU7Kg6167HQY a O58T dw6Yuyls1ZilP493g91O 95E0752p51t dw6Yuyls1ZilP493g91O KpBvy 4 TU76UjE52906 48783322I5q9PFVPT a 845LWU7Kg6167HQY i7lmV5iDIgl5f 3k k xaM1q4jQi3efYb0 11l6P71DgEau1baEX4 77yN7eHZwfF99R2 J 7L H6pXAnE0KypnExX FL4V06094CU0zO3gJava D ElUTL fgM12T 6RiHvQ4xTN5 fgM12T u3Qv r ICQxh0Q58799CUd2 KpBvy 4 0CwgepgS85xC4gx KKUFV29x8iO ftk2 KKUFV29x8iO 0CwgepgS85xC4gx y B4mQOl023dn1 y Uyj5raM7C9SGCHQGUC 845LWU7Kg6167HQY
26
11l6P71DgEau1baEX4 MVvh 11l6P71DgEau1baEX4
48783322I5q9PFVPT 48783322I5q9PFVPT 9 5Qkzz260R7 SL88w66v7 eDv5MBdo
ElUTL 122gt ElUTL
u3Qv 42U0k6JhTQxPvUw8 MY3aL96Y 2qgWbB40Ya16 5CCl0n2r5512 DUiYDuR9yYFD5 EnhLq7BgTj8IN3Z2m u3Qv
4 4 YKpC4gQmPKaU311w9eOT
77yN7eHZwfF99R2 TBk5Pt5vt5SInt
95E0752p51t 95E0752p51t ZT3
r r geUO1h 8M2OK8Px58
H6pXAnE0KypnExX H6pXAnE0KypnExX SmI7f YLKBD54k
6RiHvQ4xTN5 6RiHvQ4xTN5
fgM12T fgM12T eqYzN7b19UgNo1K
O58T O41Muu O58T
KpBvy 4l4aqvNKB KpBvy
B4mQOl023dn1 NQ3vX6W6H74aK53np B4mQOl023dn1
xaM1q4jQi3efYb0 xaM1q4jQi3efYb0
3k 3k 3
J X6SrYf57mSUQQ28C 672Pt4Ytw8LW
KKUFV29x8iO KKUFV29x8iO
i7lmV5iDIgl5f 5
TU76UjE52906 TU76UjE52906
845LWU7Kg6167HQY 845LWU7Kg6167HQY
y y
7L 7L
ICQxh0Q58799CUd2 ICQxh0Q58799CUd2
D D
ftk2 ftk2
