0 112 96 150 29 174 56 36 2 65 102 53 128 71 148 94 160 138 89 103 63 24 84 87 85 136 162 64 141 31 109 158 40 100 35 124 127 48 42 18 57 16 139 12 153 167 149 7 105 141 64 9 50 9 107 142 57 142 107 22 109 5 13 17 33 7 149 82 99 124 35 100 134 44 134 100 168 126 20 53 128 8 149 84 97 84 87 85 68 58 6 51 96 112 0 137 52 137 0 123 15 123 0 112 108 54 98 54 108 112 0 137 37 137 0
62
0 0 43 59 62 86 90
57 1 57
2 2 27 78 88
65 3 61 65 70
138 4 79
5 5
6 6
7 7 76
8 8
9 9 80
42 10 42 95
85 11 75 85
12 12
13 13
29 14 29
15 15
16 16
17 17 21
18 18
105 19
20 20
22 22
89 23 26 89
24 24
103 25 30
33 28 33 72 74 83
31 31
99 32 99
87 34 87
35 35
36 36
37 37
174 38 81 93
142 39
40 40 49 69
71 41 67 71
44 44
128 45
158 46
107 47
48 48
50 50
51 51
52 52
53 53
54 54
63 55 63
56 56
58 58
141 60
64 64
153 66
68 68
96 73 96
139 77
82 82
84 84
167 91
124 92
94 94
97 97
98 98
