0 38 0 20 0 11 45 40 4 57 35 18 78 25 6 25 78 18 33 18 9 43 9 37 98 32 98 29 37 44 60 10 14 30 71 1 41 15 41 21 77 16 23 42 88 47 27 47 34 69 17 69 48 63 19 2 3 13 19 28 12 66 36 97 46 24 50 56 7 75 96 31 96 8 86 39 68 11 0 49 22 49 0
48
0 0 26
1 1
2 2
3 3
4 4
45 5 45
6 6
7 7
8 8
9 9
10 10
11 11
12 12
13 13
14 14
15 15
16 16
17 17
18 18
19 19
20 20
21 21
22 22
23 23
24 24
25 25
27 27
28 28
29 29
30 30
31 31
32 32
33 33
34 34
35 35
36 36
37 37
38 38
39 39
40 40
41 41
42 42
43 43
44 44
46 46
47 47
48 48
49 49
