loc0 loc58 loc192 loc60 loc129 loc77 loc198 loc131 loc198 loc60 loc105 loc71 loc44 loc100 loc161 loc118 loc138 loc32 loc150 loc17 loc25 loc183 loc25 loc42 loc168 loc93 loc61 loc186 loc197 loc94 loc106 loc160 loc106 loc46 loc25 loc46 loc122 loc53 loc54 loc182 loc76 loc163 loc169 loc156 loc126 loc155 loc165 loc20 loc149 loc150 loc197 loc23 loc61 loc28 loc40 loc163 loc36 loc158 loc58 loc0
42
loc54 loc54
loc46 loc37 loc49 loc89 loc144 loc46
loc23 loc85
loc129 loc129 loc15 loc162
loc0 loc167
loc168 loc168 loc66 loc67 loc31 loc57 loc11 loc92
loc76 loc82
loc106 loc52 loc106
loc28 loc187 loc28
loc192 loc192
loc161 loc191 loc41 loc39
loc122 loc96 loc122 loc134 loc196
loc126 loc147
loc36 loc36
loc118 loc118
loc150 loc109 loc150 loc177 loc84
loc183 loc179 loc188 loc183 loc8 loc120
loc165 loc164 loc184 loc165
loc44 loc172
loc58 loc185 loc130
loc131 loc27 loc131
loc94 loc116 loc119
loc198 loc198 loc112 loc157
loc20 loc20 loc113
loc32 loc10 loc14 loc32
loc156 loc156
loc182 loc182
loc163 loc97
loc25 loc25
loc158 loc69
loc160 loc160 loc45
loc186 loc186 loc83
loc138 loc138
loc93 loc93
loc42 loc42
loc77 loc75
loc17 loc17
loc100 loc100
loc169 loc47
loc105 loc105
loc53 loc78
loc197 loc197
