loc0 loc89 loc86 loc68 loc81 loc4 loc42 loc67 loc13 loc28 loc53 loc7 loc48 loc33 loc48 loc24 loc74 loc20 loc95 loc60 loc45 loc43 loc91 loc9 loc88 loc6 loc62 loc90 loc29 loc70 loc98 loc39 loc23 loc0
26
loc39 loc39
loc88 loc8 loc88
loc29 loc29 loc34
loc6 loc6 loc61
loc86 loc40 loc69 loc86
loc89 loc21
loc91 loc93 loc91 loc31
loc45 loc45 loc35
loc81 loc81 loc25
loc43 loc49
loc20 loc20
loc13 loc79
loc24 loc24
loc48 loc48
loc7 loc7 loc54
loc62 loc16 loc62
loc98 loc75 loc51
loc33 loc33
loc90 loc90
loc67 loc65
loc28 loc28
loc95 loc26
loc42 loc42
loc23 loc23 loc84 loc99
loc53 loc72
loc68 loc52
