73 96 15 79 15 48 13 40 16 85 16 40 28 91 81 84 29 83 55 34 78 50 1 19 18 76 37 86 31 66 74 25 90 68 92 33 82 33 11 64 93 17 14 77 45 98 21 98 9 71 9 57 44 49 75 46 99 62 65 62 12 34 53 94 2 27 88 100 88 22 88 45 10 45 5 38 8 38 96 73
50
1 1
5 5
8 8
9 9
10 10
11 11
12 12
13 13
15 15
14 14
18 18
19 19
21 21
22 22
25 25
27 27
29 29
33 33
34 34
44 44
46 46
48 48
49 49
50 50
53 53
57 57
65 65
66 66
68 68
71 71
74 74
75 75
76 76
77 77
78 78
79 79
81 81
82 82
83 83
84 84
86 86
85 85
90 90
91 91
93 93
94 94
96 96
98 98
99 99
100 100
