74 123 109 161 139 138 116 120 198 143 171 165 64 47 25 23 68 58 43 158 43 187 17 64 90 155 190 51 77 51 199 133 54 179 168 4 193 127 186 45 146 73 125 83 78 136 194 57 86 128 86 31 21 76 89 6 121 13 192 148 105 148 115 63 66 50 159 107 44 25 183 108 183 188 88 113 28 130 52 34 7 80 56 135 151 39 14 118 14 59 60 83 125 98 125 103 27 103 147 95 172 12 172 5 48 132 173 100 134 112 76 154 184 96 20 181 142 42 8 141 61 141 129 163 94 34 18 110 72 100 97 137 99 11 140 16 152 37 178 37 53 131 200 131 91 162 167 81 123 74
95
4 4
5 5
11 11
12 12
14 14
16 16
17 17
18 18
20 20
23 23
27 27
31 31
127 32 127
39 39
42 42
45 45
44 44
47 47
50 50
51 51
52 52
53 53
56 56
58 58
59 59
60 60
61 61
54 54
63 63 174
66 66
72 72
73 73
76 76
77 77
80 80
81 81
83 83
86 86
88 88
89 89
90 90
91 91
94 94
95 95
96 96
97 97
98 98
99 99
100 100
103 103
105 105
107 107
108 108
109 109
199 111 199
112 112 114
113 113
115 115
118 118
116 116
120 120
123 123
125 125 157
128 128
129 129
130 130
132 132
133 133
134 134
135 135
136 136
138 138
139 139
140 140
142 142
143 143
146 146
152 152
154 154
155 155
158 158
161 161
163 163
165 165
167 167
171 171
173 173
178 178
179 179
184 184
190 190
192 192
193 193
198 198
200 200
