SA01 SA07 SA08 SA09 SA10 SA11 SA12 SA11 SB07 SB08 SB09 SB10 SB11 SC07 SC06 SC03 SC04 SC03 SC06 SC07 SB11 SB10 SB09 SB08 SB07 SB06 SB03 SB05 SB03 SB06 SB07 SB08 SB09 SB08 SB07 SB06 SB03 SB04 SB03 SB06 SB07 SB08 SB09 SB10 SB11 SC07 SC08 SC09 SC10 SC11 SC10 SC09 SC08 SC07 SB11 SB10 SB09 SB08 SB07 SA11 SA10 SA09 SA08 SA07 SA01
19
SA07 SA02 SA04 SA05
SA08 SA08
SA09 SA09
SA10 SA10
SA11 SA11
SA12 SA12
SB03 SB02
SB04 SB04
SB05 SB05
SB08 SB08
SB09 SB09
SB10 SB10
SB11 SB11 SB12
SC03 SC02 SC05
SC04 SC04
SC08 SC08
SC09 SC09
SC10 SC10
SC11 SC11 SC12
