Soda loc57 loc64 loc8 loc31 loc41 loc31 loc8 loc64 loc22 loc43 loc26 loc67 loc90 loc45 loc48 loc45 loc90 loc67 loc26 loc43 loc22 loc64 loc83 loc64 loc72 loc6 loc44 loc40 loc39 loc40 loc44 loc6 loc22 loc43 loc19 loc43 loc22 loc63 loc61 loc63 loc86 loc96 loc53 loc29 loc95 loc28 loc95 loc29 loc53 loc96 loc86 loc63 loc18 loc7 loc22 loc43 loc26 loc67 loc90 loc45 loc49 loc45 loc90 loc67 loc26 loc43 loc22 loc63 loc86 loc96 loc86 loc63 loc23 loc63 loc86 loc96 loc53 loc29 loc53 loc96 loc86 loc63 loc22 loc43 loc22 Soda
29
loc57 loc57
loc22 loc21
Soda loc79
loc18 loc18
loc72 loc72
loc67 loc33 loc67
loc19 loc71 loc19
loc45 loc45 loc81 loc93 loc66 loc36 loc97
loc90 loc90
loc26 loc26
loc43 loc43
loc49 loc49 loc73 loc20
loc48 loc32 loc48
loc8 loc17 loc8
loc83 loc83 loc91 loc68
loc31 loc31
loc41 loc41 loc38
loc40 loc40
loc44 loc44 loc89
loc39 loc39
loc23 loc30 loc23
loc61 loc61
loc63 loc12
loc53 loc92 loc53 loc55
loc96 loc96
loc86 loc86 loc10 loc99
loc29 loc29
loc28 loc13 loc28
loc95 loc95
