Soda loc3 loc179 loc43 loc50 loc74 loc13 loc34 loc84 loc34 loc13 loc74 loc23 loc17 loc129 loc168 loc43 loc27 loc115 loc99 loc9 loc99 loc115 loc27 loc43 loc92 loc57 loc72 loc57 loc92 loc43 loc27 loc26 loc188 loc66 loc111 loc31 loc24 loc31 loc111 loc10 loc111 loc38 loc27 loc43 loc92 loc57 loc92 loc43 loc27 loc169 loc111 loc30 loc39 loc30 loc111 loc164 loc47 loc87 loc192 loc170 loc196 loc142 loc196 loc170 loc192 loc87 loc47 loc164 loc111 loc30 loc39 loc198 loc28 loc198 loc39 loc30 loc111 loc77 loc173 loc107 loc173 loc77 loc41 loc27 loc43 loc104 loc163 loc42 loc177 loc186 loc179 loc58 loc179 loc43 loc27 loc164 loc47 loc87 loc192 loc170 loc192 loc87 loc47 loc164 loc27 loc43 loc179 loc53 loc25 loc53 loc179 loc43 loc27 loc77 loc27 loc43 loc179 loc53 loc25 loc106 loc172 loc6 loc172 loc106 loc25 loc53 loc179 loc129 loc17 loc23 loc74 loc13 loc34 loc88 loc34 loc13 loc74 loc23 loc17 loc129 loc168 loc43 loc27 loc100 loc12 loc111 loc30 loc136 loc30 loc111 loc169 loc27 loc43 loc92 loc75 loc92 loc179 loc3 Soda
50
loc186 loc45 loc90
loc168 loc82
loc43 loc65
loc179 loc151 loc80 loc199
loc50 loc50 loc83
loc34 loc94 loc34 loc32 loc189 loc118 loc138
loc13 loc13
loc74 loc74
loc23 loc23
loc17 loc17
loc88 loc14 loc121 loc88
loc84 loc84 loc167 loc97
loc72 loc72
loc57 loc57 loc157 loc59 loc20
loc75 loc75 loc137 loc40
loc42 loc42 loc171
loc163 loc163 loc154
loc3 loc64 loc3
Soda Soda
loc106 loc106 loc36 loc156 loc145
loc25 loc25
loc53 loc53 loc140
loc58 loc58
loc172 loc172
loc6 loc6
loc111 loc193 loc128 loc111 loc114
loc30 loc11 loc30
loc164 loc101
loc196 loc155 loc51 loc185 loc61 loc103
loc142 loc142 loc7
loc28 loc28
loc100 loc165 loc100
loc38 loc122 loc38
loc27 loc79 loc15 loc183 loc131 loc180
loc10 loc10 loc147 loc55 loc95 loc194 loc8
loc77 loc77
loc41 loc41 loc141
loc192 loc192 loc126
loc107 loc146 loc107
loc188 loc188
loc26 loc26 loc181 loc37
loc173 loc173
loc99 loc35
loc9 loc9
loc170 loc170
loc24 loc24
loc198 loc109
loc39 loc39
loc66 loc22
loc136 loc136
