0 2 0 144 157 6 157 16 24 87 31 80 84 169 135 145 58 15 113 99 113 30 55 151 66 5 86 139 168 21 6 157 16 18 196 45 56 122 64 40 124 90 88 90 3 104 13 106 146 192 76 192 7 59 174 82 196 5 86 39 117 1 113 30 113 16 24 173 77 32 18 188 10 188 121 68 83 98 9 63 138 94 24 16 157 150 62 140 124 174 53 174 125 17 125 174 59 51 59 174 53 54 0
63
1 1
2 2
3 3 49 92
196 4 48
5 5 65
6 6 25
7 7 73
98 8 38 98
9 9
10 10 12
64 11 64 96
13 13
121 14 67 91
15 15
16 16 93
17 17 26
18 18
122 19 41
145 20 34
21 21
62 22 62
117 23
24 24
144 27 44
125 28
39 29 39
30 30 42
31 31
32 32
59 33 59
173 35
58 36 58 61 100
139 37
40 40
53 43 53
45 45 72 85
138 46
124 47
106 50
51 51
82 52 70 82
54 54
55 55
56 56
88 57 88
151 60
63 63
66 66 97
68 68
157 69
80 71 80
188 74 89
192 75 95
76 76
77 77
140 78 81
87 79 87
83 83
84 84
86 86
90 90
94 94
99 99
