48 73 171 163 72 108 72 136 152 85 39 23 2 141 199 138 176 40 16 98 103 98 193 52 193 194 157 114 123 162 8 119 126 119 93 133 106 64 32 185 168 46 10 115 154 197 65 5 51 180 9 42 25 90 87 107 177 178 189 117 38 147 36 147 135 84 60 30 11 79 21 148 81 35 173 145 118 58 164 77 124 56 4 15 82 170 3 155 143 125 174 179 195 159 120 121 151 45 191 66 74 149 140 175 165 34 165 13 20 48
84
199 199
73 73
143 143 167
20 20
93 93
154 154 110 7 53
141 141 196
151 151
56 56
168 109
135 135 181
107 107
118 118
126 126
133 133
157 157
149 149
115 115
66 66
175 175
60 60
11 11
85 85
197 197
191 191
58 58
123 123
177 177 158
38 38
34 34
5 5
148 148
136 136 129
163 163
147 147
185 190 78 185
72 186
46 46
140 182
77 19 69
176 176
48 48
90 90
152 152 29
21 21
10 10
23 23
25 25
164 164
36 36 55
84 84
79 79
64 64
108 108
145 145
9 9
103 103
193 193
117 117
194 194
42 42
178 113
16 16
119 119
180 180 156
179 179
98 101 98 67
3 3
170 170
173 88
138 138
171 171
40 40
39 39
165 165
87 87
15 137
35 35
52 52
125 125
155 155
74 74
2 2
120 120
