evdoyagqfp xftptyrlvl jqtguzxxsl wynbxuuxru oegfbrwyrp ebqxbaqnmm ytidnmibdj lnicnhmajr qpxtrjvxpe kwbnyneokj uhalgukdzb yriqtwavfx rkyixxpcbx yriqtwavfx qgfchcatzi ljhmnbaicr qydclznxrd oavtmpaqji ichabbvkhm oavtmpaqji ichabbvkhm jrusiskazm gjmmikaxih byyqgjwsrp wtjzgzopuw wkwwcqjtxf osdeymjeil jrmlkfexfk pymtnhypxd pwgublhwxg hofbtczdgp pwgublhwxg pymtnhypxd jrmlkfexfk seeyrseflx hkempoemlv seeyrseflx jrmlkfexfk osdeymjeil wkwwcqjtxf wtjzgzopuw byyqgjwsrp euqbrkzdsw zivwgfcxqi phknwbtipl xguvjomcdt nwlccbonas xguvjomcdt fclmzghxkf oegfbrwyrp wynbxuuxru jqtguzxxsl xftptyrlvl mysadifwma robpunozly bnmegnfgii robpunozly mysadifwma xftptyrlvl jqtguzxxsl wynbxuuxru lazlsvgukx ymvlfsdhbu nbjyrygtdh yqwistxtxc xguvjomcdt nwlccbonas bbwcqzwyoz ijbfzrqwct qfbvncxldf ixyurvbpvu qepegujmaa kgktiatgjn epdwcjuvdr eqdxeqvtsb lndsfxewdc kyrhqthnvz lnicnhmajr xychpimpzb sipmuleqch wtlzrefwav bimtbhwsby ijbfzrqwct bbwcqzwyoz ijbfzrqwct bimtbhwsby chjuuxuacs afortwurqt ahqdrcepub byyqgjwsrp gjmmikaxih jrusiskazm vkrlpmybdj cdqkyomyxw oddoubpfzn sjtuxgdwms kvxwqiryyu qbiylslccb xftptyrlvl evdoyagqfp
53
oavtmpaqji oavtmpaqji rnpokwoqgt
wynbxuuxru tmrnpjqnxx voaumgrcuj wynbxuuxru
lnicnhmajr vugkhjygfe lnicnhmajr guuudgvhny aruwdskzta
byyqgjwsrp qxfgqgbbdn cttlxdtaiw byyqgjwsrp
jrmlkfexfk jrmlkfexfk scesbtewjx
kgktiatgjn kgktiatgjn
jrusiskazm jrusiskazm
qgfchcatzi qgfchcatzi
nwlccbonas itbfnxnauh nwlccbonas
kvxwqiryyu kvxwqiryyu
qpxtrjvxpe tmatbexcil qiqnnrlapz qpxtrjvxpe
xguvjomcdt xguvjomcdt
lazlsvgukx bbczvyonym
xftptyrlvl xawkqmfmmx fluzhooehk uooysjrxsb
uhalgukdzb uhalgukdzb vnzypgtlkj
wkwwcqjtxf wkwwcqjtxf lkvtxfwozs
ixyurvbpvu yiwwdwbzth
ymvlfsdhbu ldnozwuuuq qxuqrfzzob ymvlfsdhbu aokbiptbzc
bbwcqzwyoz bbwcqzwyoz
qepegujmaa wwqchwdmtx etdxtwotzh qepegujmaa psiebvskfb pcilmgdrgc ivgbjyugdu
hofbtczdgp hofbtczdgp
yriqtwavfx gucdicwxmb
jqtguzxxsl smwxdupkdv vfdsalrajq optviwhmbr ivugtsvtqb
qfbvncxldf qfbvncxldf
ebqxbaqnmm xwrvhrxnqy xifuopshzj
wtlzrefwav wtlzrefwav mdyuzxshey ouxenssqdu pbefrggyje afrdrejwtp
sjtuxgdwms hsjqtjkukk
euqbrkzdsw euqbrkzdsw
mysadifwma mysadifwma
afortwurqt afortwurqt zmfuudfatm
seeyrseflx oggftsricu seeyrseflx
kyrhqthnvz kyrhqthnvz
eqdxeqvtsb xnppuesbrr eqdxeqvtsb
ichabbvkhm ichabbvkhm
hkempoemlv hkempoemlv
phknwbtipl fdgcygwgjf xkasbvrrxd
vkrlpmybdj vkrlpmybdj
kwbnyneokj lcrihrmoqu tgbmxdmvwe
evdoyagqfp evdoyagqfp
oegfbrwyrp tvcolajnao oegfbrwyrp xqwyvbvueh
ljhmnbaicr tgkujfknod pdljcbluhp bswhowadhl
zivwgfcxqi zivwgfcxqi
rkyixxpcbx rkyixxpcbx
ytidnmibdj stdiixwrjc
nbjyrygtdh cpwyxulkjm nbjyrygtdh
ahqdrcepub gbdejcnknd ahqdrcepub kijbyyuzhd kvfpaspidv
xychpimpzb xychpimpzb bulywvvpni
bimtbhwsby bimtbhwsby
epdwcjuvdr eooyfwmxln
bnmegnfgii bnmegnfgii
lndsfxewdc lndsfxewdc
osdeymjeil osdeymjeil
yqwistxtxc xywdziunpr
