mdyuzxshey mysadifwma mdyuzxshey vkrlpmybdj zmfuudfatm ouxenssqdu qydclznxrd cmdqzmgvfi tmrnpjqnxx wtlzrefwav hsjqtjkukk smwxdupkdv koawdpgqdx unihwwnyqz qepegujmaa xtvbrolacp qepegujmaa unihwwnyqz koawdpgqdx aokbiptbzc smwxdupkdv hsjqtjkukk wtlzrefwav jrmlkfexfk gllungmori rkyixxpcbx eooyfwmxln rkyixxpcbx optviwhmbr ixyurvbpvu uooysjrxsb seeyrseflx vugkhjygfe seeyrseflx uooysjrxsb ixyurvbpvu gwnccktgki ixyurvbpvu hkempoemlv mswyvpdrsy lndsfxewdc zpybghfdbe psiebvskfb bswhowadhl wtyqwjwskq yiwwdwbzth xftptyrlvl jedsthbmzo oewptytlja nwlccbonas oewptytlja knfzsnhzvx xftptyrlvl yiwwdwbzth jqtguzxxsl hadchvmijq wynbxuuxru hadchvmijq phknwbtipl kdujdjjwot zjbarjhmau bulywvvpni siatqqydwf ahqdrcepub lazlsvgukx idfvjoquhh lbuiysostx oegfbrwyrp tgbmxdmvwe oegfbrwyrp lbuiysostx sjtuxgdwms fznfvsgjhc lkvobxyfca oggftsricu euqbrkzdsw oggftsricu lnicnhmajr owusjcmdkp ljhmnbaicr ebqxbaqnmm zumetrybth jatkaoyfxb bnmegnfgii jatkaoyfxb vkrlpmybdj mdyuzxshey
48
mysadifwma mysadifwma
jatkaoyfxb jatkaoyfxb
gwnccktgki gwnccktgki
jedsthbmzo jedsthbmzo
bnmegnfgii bnmegnfgii
kdujdjjwot kdujdjjwot
oewptytlja oewptytlja
zjbarjhmau zjbarjhmau
vkrlpmybdj vkrlpmybdj
bulywvvpni bulywvvpni
lndsfxewdc lndsfxewdc
knfzsnhzvx knfzsnhzvx
lbuiysostx lbuiysostx
tgbmxdmvwe tgbmxdmvwe
eooyfwmxln eooyfwmxln
zmfuudfatm zmfuudfatm
xtvbrolacp xtvbrolacp
hadchvmijq hadchvmijq
ahqdrcepub ahqdrcepub
rkyixxpcbx rkyixxpcbx
ebqxbaqnmm ebqxbaqnmm
mswyvpdrsy mswyvpdrsy
qydclznxrd qydclznxrd
wynbxuuxru wynbxuuxru
ouxenssqdu qcktwemqbm
zumetrybth zumetrybth
lazlsvgukx lazlsvgukx
jqtguzxxsl jqtguzxxsl
vugkhjygfe vugkhjygfe
aokbiptbzc aokbiptbzc
gllungmori gllungmori
optviwhmbr optviwhmbr
qepegujmaa qepegujmaa
wtlzrefwav wtlzrefwav
wtyqwjwskq wtyqwjwskq
lkvobxyfca lkvobxyfca
owusjcmdkp owusjcmdkp
cmdqzmgvfi qfbvncxldf cmdqzmgvfi
ljhmnbaicr ljhmnbaicr
xftptyrlvl xftptyrlvl
koawdpgqdx koawdpgqdx
fznfvsgjhc fznfvsgjhc
mdyuzxshey mdyuzxshey
nwlccbonas nwlccbonas
euqbrkzdsw euqbrkzdsw
lnicnhmajr lnicnhmajr
seeyrseflx seeyrseflx
psiebvskfb psiebvskfb
