gucdicwxmb epdwcjuvdr vugkhjygfe ahqdrcepub vugkhjygfe qzdrdcxoib wtyqwjwskq gwnccktgki yiwwdwbzth siatqqydwf tvuprbwofb lbuiysostx lkvobxyfca jedsthbmzo chjuuxuacs xtvbrolacp psiebvskfb xtvbrolacp tgbmxdmvwe gkcfktyute evdoyagqfp gkcfktyute zjbarjhmau xawkqmfmmx smwxdupkdv ouxenssqdu rnpokwoqgt iwdghbmiai rnpokwoqgt zpjhxyylhb koawdpgqdx zpjhxyylhb vkrlpmybdj vugkhjygfe epdwcjuvdr gucdicwxmb
18
rnpokwoqgt rnpokwoqgt
ahqdrcepub ahqdrcepub
xawkqmfmmx xawkqmfmmx
lkvobxyfca lkvobxyfca
iwdghbmiai iwdghbmiai
psiebvskfb psiebvskfb zumetrybth
vkrlpmybdj vkrlpmybdj
yiwwdwbzth yiwwdwbzth oggftsricu
zjbarjhmau zjbarjhmau
gwnccktgki seeyrseflx ztplgyvqhm
tvuprbwofb tvuprbwofb
gkcfktyute gkcfktyute
zpjhxyylhb zpjhxyylhb
koawdpgqdx koawdpgqdx
evdoyagqfp evdoyagqfp
vugkhjygfe vugkhjygfe
wtyqwjwskq wtyqwjwskq
epdwcjuvdr epdwcjuvdr
