0 18 102 18 53 176 177 176 53 57 136 57 11 179 11 45 173 45 54 193 54 49 196 49 53 176 53 10 199 10 84 143 84 78 187 78 94 127 94 39 107 39 47 164 47 10 114 10 47 164 165 164 47 34 121 34 49 194 49 40 135 40 11 181 11 41 112 41 57 190 57 83 169 83 41 122 123 41 87 149 87 83 167 168 167 83 0
44
57 100 101 188
102 102 103
39 104 105
107 106 107
94 108 109 128 129
10 110 111 158 159 160 197
112 112 113
114 114 115
0 116 117 138 139 155 156 157 170 171 172
53 118 119 178
121 120 121
122 122
123 123
49 124 125
127 126 127
11 130 131
84 132 133 145
135 134 135
136 136 137
18 140 141 142 161 162 163
143 143 144
34 146 147 148
149 149 150
87 151
47 152 153 154 166
164 164
165 165
167 167
168 168
169 169
173 173 174
45 175 182 183 184
176 176
177 177
179 179 180
181 181
78 185
187 186 187
190 189 190
54 191
193 192 193
194 194
196 195 196
199 198 199
