0 60 63 60 54 79 4 30 33 30 32 31 32 68 67 96 97 95 77 76 77 85 87 86 87 90 92 90 84 39 80 82 81 12 10 13 10 35 37 88 47 46 47 88 42 58 55 57 55 65 20 23 20 15 18 15 17 16 17 49 89 29 94 99 52 51 52 50 25 28 25 5 8 5 7 71 72 70 0
46
84 84 44
82 82
86 86
80 80 83
63 63
88 88
8 8
60 60 48
5 5
23 23
31 31
97 97
51 51
33 33
29 29
54 54
4 40 4
20 20
65 65
99 99
46 46
79 79
55 55
58 58
81 81
13 13
12 11
32 32
89 89
16 16
90 90
85 85
71 71
18 18
39 39
67 67
92 92
42 42
52 52
76 76
57 57
28 28
37 37
68 68
49 49
94 94
