0 75 78 75 25 28 2 13 10 12 11 12 66 67 123 67 80 82 108 102 101 77 116 117 168 117 166 137 136 137 160 162 161 162 160 144 170 172 170 94 64 154 190 192 191 92 91 92 90 55 58 32 30 35 38 35 37 36 37 35 39 104 17 16 17 113 110 57 56 57 110 20 65 68 65 27 118 115 99 195 114 150 152 151 122 120 47 183 180 182 181 182 189 179 124 145 148 145 95 87 95 97 95 40 43 40 135 52 135 138 135 134 74 125 128 125 15 100 105 44 140 142 141 72 129 139 149 159 184 79 69 185 187 186 42 41 42 186 132 131 132 130 133 130 0
99
27 27
66 66
68 68
192 192
122 122
0 3
134 134
124 124
15 15
37 37
91 91
82 82
16 16
186 186
104 104
13 13
180 180
38 38
131 131
116 116
36 36
132 132
136 136
17 17
64 64
2 2
139 139
166 166
25 25
102 102
65 65
141 141
55 55
184 184
149 149
47 47
97 97
43 43
145 145
172 172
99 99
57 57
12 12
100 100
148 148
181 181
95 95
28 28
113 113
114 114
128 128
35 35
179 179
94 94
92 92
87 87
20 20
142 142
105 105
182 182
108 108
80 54
152 152
154 154
138 138
159 159
101 101
110 110
67 67
183 183
118 118
74 74
78 78
39 39
69 69
161 161
133 133
160 160
32 32
42 42
44 44
120 120
123 123
52 52
72 72
189 189
56 56
11 11
135 135
125 125
168 168
30 30
129 129
41 41
144 144
187 187
195 197 195
79 79
58 58
