loc0 loc148 loc104 loc176 loc23 loc125 loc98 loc179 loc89 loc179 loc71 loc143 loc169 loc142 loc97 loc133 loc150 loc195 loc51 loc132 loc168 loc87 loc186 loc183 loc174 loc99 loc135 loc90 loc153 loc10 loc109 loc146 loc128 loc74 loc110 loc11 loc110 loc74 loc128 loc173 loc38 loc112 loc31 loc121 loc0
36
loc153 loc1 loc45 loc55 loc91
loc173 loc2 loc29 loc56 loc83
loc183 loc3 loc4 loc6 loc21 loc75
loc38 loc5 loc38 loc41
loc169 loc7 loc34
loc143 loc8 loc26
loc135 loc9 loc18 loc27 loc36 loc54 loc63 loc81
loc10 loc10
loc11 loc11
loc174 loc12 loc22 loc66 loc84
loc0 loc13 loc49 loc67 loc85
loc176 loc14 loc32 loc59 loc68 loc77
loc132 loc15 loc24
loc142 loc16 loc25 loc61 loc70 loc79 loc88
loc179 loc17 loc44
loc109 loc19 loc28 loc37 loc46 loc64 loc100
loc146 loc20 loc65 loc73
loc23 loc23
loc186 loc30 loc93
loc31 loc31
loc87 loc33 loc87
loc71 loc35 loc53 loc71
loc99 loc39 loc48 loc57 loc72 loc99
loc148 loc40 loc58 loc94
loc150 loc42 loc69
loc97 loc43 loc97
loc110 loc47 loc92
loc104 loc50 loc76 loc95
loc51 loc51
loc133 loc52 loc78
loc195 loc60 loc96
loc125 loc62 loc86
loc74 loc74
loc98 loc80 loc98
loc90 loc82 loc90
loc89 loc89
