85 54 61 8 6 35 13 34 52 72 77 72 11 89 79 41 47 41 22 70 68 70 16 83 31 86 32 25 23 25 87 82 51 10 93 30 50 74 15 21 76 21 7 62 64 88 27 46 49 37 49 80 48 14 92 42 69 4 44 91 60 96 60 99 56 33 71 5 1 5 94 26 81 24 0 24 43 85
47
0 0
1 1
7 7
8 8
11 11 28
13 13
15 15
16 16
14 17 45 55
22 22
23 23
27 27
31 31
34 34
35 35
37 37
70 38
43 43
44 44
46 46
47 47
48 48
50 50
51 51
52 52
42 53
54 54
56 56
61 57
64 64
68 68
69 69
71 71
76 76
77 77
79 79
80 80
81 81
86 86
87 87
91 91
92 92
93 93
94 94
96 96
33 98
99 99
