99 32 152 90 110 151 52 22 52 103 76 161 139 33 19 1 58 102 48 122 48 26 198 94 93 69 83 69 25 69 82 31 104 130 104 169 144 166 84 160 120 53 37 23 165 64 170 113 51 113 124 113 30 113 148 16 17 16 97 43 56 96 132 96 157 172 62 73 62 159 131 159 164 95 24 95 183 95 47 2 86 181 86 146 71 112 71 192 2 63 85 174 85 186 196 88 29 129 28 137 185 45 41 45 111 87 68 187 117 116 163 107 158 81 9 81 126 49 10 118 4 118 156 70 156 75 79 178 79 188 176 99
90
53 0 53
1 1
4 4
23 5 20 78
129 8 61
9 9
10 10
139 12
188 15 188
17 17
43 18 66
22 22
24 24
25 25
26 26 39
116 27
28 28
30 30
33 33
32 34 98
176 35
2 40
41 41
107 42
47 47
51 51
144 55
56 56
64 59
63 63
68 68
70 70
73 73
75 75
62 80
82 82
83 83
88 88
90 90
52 92 167
94 94
97 97
99 99
81 100
102 102
103 103
159 106
111 111
112 112
113 114
117 117
157 119
122 122
49 123 125
124 124
126 126
85 127
130 130
131 131
132 132
156 142
146 146
148 148
58 149
137 150
151 151
110 155
158 158
160 160
161 161
163 163
164 164
165 165
166 166
86 168
169 169
170 170
120 171
172 172
69 173
174 174
178 178
37 180
181 181
183 183
19 184
185 185
186 186
16 190
192 192
