81 77 141 89 42 65 56 126 36 43 78 158 17 46 161 115 18 20 71 159 16 96 121 81
23
78 92 35 76 86 135 195 199 183 180 124 85 87 9 191 8 57 70 109 188 52 49 130 196 93 90 34 166 184 88 132 58 154 95 23 14 78 179 103 53 80 12 48 182 127 45 84 33 123 164 162 138 64 59 198 165 125 178 156 100 117 74 150 69 197 200 41 152 27 24
126 153 107 167 97 170 126
161 161
77 77
42 42
71 71
36 36 189
56 56
121 121
20 20
16 108 16
81 81
18 18
115 115
89 89 145
159 1 159
17 17
141 141
158 158
46 46
65 65
96 96
43 43
