0 1 69 71 73 74 75 76 77 78 79 80 81 83 81 82 81 80 79 78 77 76 75 74 73 71 72 91 93 95 96 95 93 91 92 98 99 100 99 98 92 91 72 90 105 106 107 108 109 110 112 113 115 116 117 118 117 116 115 113 112 110 109 108 107 106 105 90 72 71 69 70 122 124 125 131 132 133 134 135 136 137 136 135 134 133 132 131 125 124 126 128 129 128 126 124 122 123 138 139 140 141 142 143 145 147 148 150 151 146 152 153 154 155 156 157 158 159 158 157 156 155 154 153 152 146 145 143 142 141 140 139 138 123 122 70 121 163 164 165 166 167 168 169 171 173 175 176 175 173 171 169 170 183 185 186 188 189 191 192 193 194 195 196 197 198 197 196 195 194 193 192 191 187 186 185 183 170 169 168 167 166 165 164 163 121 70 69 68 67 66 64 63 57 63 62 60 61 60 59 58 56 55 53 54 53 52 51 50 49 48 47 46 45 44 43 41 34 33 35 36 38 39 38 36 35 33 32 31 30 28 4 3 5 6 7 8 9 11 12 13 15 16 17 16 15 13 14 13 12 11 9 10 20 21 23 24 25 26 25 24 23 21 22 21 20 10 19 10 9 8 7 6 5 3 2 0
93
76 76
142 142
75 75
132 132
198 198 199
57 57
167 167
100 100 101
146 146
79 79
163 163
14 14
39 39
54 54
68 68
191 191
175 181 175
35 35
128 128
166 166
95 95
83 83
168 168
131 131
66 66
93 94 93
158 158
31 31
26 27 26
129 129
91 91
73 73
61 61
17 18 17
21 21
140 140
154 154
38 38
41 42
9 9
90 90
153 153
80 80
44 44
148 148
10 10
50 50
63 63
22 22
147 147
25 25
137 137
118 120 118
96 96
19 19
69 69
0 0
121 121
52 52
82 82
64 65
108 108
13 13
77 77
59 59
196 196
176 176
47 29
141 141
11 11
1 1
188 188
150 150
171 172
24 24
183 183
5 5
170 170
113 113
45 45
4 4
15 15
51 51
134 134
78 78
195 195
2 2
62 62
58 58
136 136
74 74
159 159
107 107
