PQlYD3syBoo7C0hcATPD iA0OPvpmSXnD5PmFrIY3 1AmZo7yJ6YJzwrjZr6vX 58PE6yTygndgQ75HC5PU MnuekaeS1NiILcuuvn3o IBSvm7mZeG0vXjguUx8d j0WhcaOOy1JCyHTrxCSk DLNj52Bf5LL4ZddWTcYY NpHJpdHaoVuG1evDy4mD daYVb2kr83paGhJZJJyA AhTd32p44tQrgKLluTfO I3dKkMa3JUxVpADvWcmQ 29ZrssG8owPMWU0dtlEx aAf4nv1B7ggfx0DjrAOi wpM05AhdMYgh3n4WvalH ikaH2IngBoan8x64dwnD lTNvRGBulC52xVXvXmmj zTPp43usagg8jQuMreHJ 4EHOWDgXvpoSadcvvLu4 IjoU40tEWMCkwd5SaIZC 4xoBiS6HZ3COfmNv2aTR pmpfdWSNFW4BZf3j9zey 2RLdpM4k7Le8vufDMuf4 MGPH1ZQv2OM6dRC07Rj5 diWFyYW4KuKIAVWCVTOh zOauzkXEQku3g7FmlO3i dRs9JullKCFwk8f9TP2C c5B3yGaAxuGVYEd7DCc5 XtcwDUG5TGpryRZKRvrm VjMruztOvYBB57sBtK7F Zd6upjEKdV6jHG9xKORy xUd3lWAackpOjTn98YBa oAwJ8ncZge95DCLogDfz gByPZFfsA72SjYPmontO m3uIZkevVRyscNPa6NkD tBx3RfPMJg4OhazCeTsa BHDRDstSlZtm71sWfOHB SWMrIKPuAQFTY7HmPty0 CtdShr26uGGV2W6zZTdS Mo6dK8I2XR9RUnPgLFfU C8l14blndt8uGQmGfPky UWVA5dAu4wDF6Efl9d4O FE9d826a5RuYfSI6vEz4 hQH0nHlpxkrlncu9buJt CeJalRL3KinyCQjl6tio MmXiw0PdJXAsicjY4bml 8kEed91vb76Fhm6ivuFw 5wKsB6wx9H7PujNL03GN symCtAIG82LYD9Qs6FxZ ul5TY5YtUVHURRbHo0xt lP2ISUwXZ5Vr1Dbyi5b2 egafCQ4ih9nCuFY3RBSk j1u2ybLPFsWda7RGIo6J 4ck2vdbl0wzRRSh9h5JI Saezs03GHhWlgEusf2xb ouUk8HCXkT1xNHUSpktV Hj9GXo6u0dDYfg4xoW2T WpDgsUZvfm1s3J1djPk6 mHciHIbodF92KWBlyZhd XfIhMNfCnUCbP8MIjhA8 PRxK9WGPQn2vmuBbswLk N4yrn0aLU6ELQucPFmw8 BfkNC5T0oZOQYOkOg1Lr y5HlDp3ZOU3fT35BihFS dcRmXZcpiyoLWuwR56cL oRnkB9WX4h9Vz2XYe2Mz EWUzUZ9Yb7H9gHpK5NdI KFbZubIZwxKjbFZIhivu CE9MuYF6CpN99atuGjZ0 ajZwDYcDrAcHajKZpRul 4yCDRp1k04Ch6IBU1p1H TRIzdQQDV9bs8k4M9U4X AcGlxsvhfAOKA2Ti96Hg CQFH0bM5UHhxPATIQeaZ y5UFufU6hy8Zt47b4K3v upn88whXcmTNEpbLaMgR 8BVD1mXIeFKDWXC0pHC5 JNypu0O2hxRmLxF04Zie dPunn27br1tTUelFVNIt h36zX7NC4P81W3KQD11u e7HIMwL2s8LjuoIRxDl7 LvHeBFyLyC9KHnAltZnF iGcRn4eFfZI68Qr0MOgy SJuQEhk6NZgb7Y1YXHxx IuwSP1hfYZRam5iX6Sbk WuSb6mZA4Ht48gzyBwrs 58LVuHISdldtYbuuEa4z rRx4ufuRfBzAjOzuQptQ pGBevvfrXEYRwdy9Xa3h XT2Ymi7YdhYVjSO57uvy ZOUAFthiVkWe23hp0746 JWNjS0Xtxw6CDJbk4UbK jN7FJhuhmTKkduIKGyBx r52GhdJM3J6bC9RxltxZ mMXK7rFRd7VNNboRtMKu aZ1gME9dgT1obQwN7kgz xM3fh05um8j45RhdwKOx yuNLI2bosn9XVMaJllU2 Kxk6VsPzNOhHpwuN2F67 0UIZ9YDhxr3ipBPf2WkK PQlYD3syBoo7C0hcATPD
100
0UIZ9YDhxr3ipBPf2WkK 0UIZ9YDhxr3ipBPf2WkK
Kxk6VsPzNOhHpwuN2F67 Kxk6VsPzNOhHpwuN2F67
yuNLI2bosn9XVMaJllU2 yuNLI2bosn9XVMaJllU2
xM3fh05um8j45RhdwKOx xM3fh05um8j45RhdwKOx
aZ1gME9dgT1obQwN7kgz aZ1gME9dgT1obQwN7kgz
mMXK7rFRd7VNNboRtMKu mMXK7rFRd7VNNboRtMKu
r52GhdJM3J6bC9RxltxZ r52GhdJM3J6bC9RxltxZ
jN7FJhuhmTKkduIKGyBx jN7FJhuhmTKkduIKGyBx
JWNjS0Xtxw6CDJbk4UbK JWNjS0Xtxw6CDJbk4UbK
ZOUAFthiVkWe23hp0746 ZOUAFthiVkWe23hp0746
XT2Ymi7YdhYVjSO57uvy XT2Ymi7YdhYVjSO57uvy
pGBevvfrXEYRwdy9Xa3h pGBevvfrXEYRwdy9Xa3h
rRx4ufuRfBzAjOzuQptQ rRx4ufuRfBzAjOzuQptQ
58LVuHISdldtYbuuEa4z 58LVuHISdldtYbuuEa4z
WuSb6mZA4Ht48gzyBwrs WuSb6mZA4Ht48gzyBwrs
IuwSP1hfYZRam5iX6Sbk IuwSP1hfYZRam5iX6Sbk
SJuQEhk6NZgb7Y1YXHxx SJuQEhk6NZgb7Y1YXHxx
iGcRn4eFfZI68Qr0MOgy iGcRn4eFfZI68Qr0MOgy
LvHeBFyLyC9KHnAltZnF LvHeBFyLyC9KHnAltZnF
e7HIMwL2s8LjuoIRxDl7 e7HIMwL2s8LjuoIRxDl7
h36zX7NC4P81W3KQD11u h36zX7NC4P81W3KQD11u
dPunn27br1tTUelFVNIt dPunn27br1tTUelFVNIt
JNypu0O2hxRmLxF04Zie JNypu0O2hxRmLxF04Zie
8BVD1mXIeFKDWXC0pHC5 8BVD1mXIeFKDWXC0pHC5
upn88whXcmTNEpbLaMgR upn88whXcmTNEpbLaMgR
y5UFufU6hy8Zt47b4K3v y5UFufU6hy8Zt47b4K3v
CQFH0bM5UHhxPATIQeaZ CQFH0bM5UHhxPATIQeaZ
AcGlxsvhfAOKA2Ti96Hg AcGlxsvhfAOKA2Ti96Hg
TRIzdQQDV9bs8k4M9U4X TRIzdQQDV9bs8k4M9U4X
4yCDRp1k04Ch6IBU1p1H 4yCDRp1k04Ch6IBU1p1H
ajZwDYcDrAcHajKZpRul ajZwDYcDrAcHajKZpRul
CE9MuYF6CpN99atuGjZ0 CE9MuYF6CpN99atuGjZ0
KFbZubIZwxKjbFZIhivu KFbZubIZwxKjbFZIhivu
EWUzUZ9Yb7H9gHpK5NdI EWUzUZ9Yb7H9gHpK5NdI
oRnkB9WX4h9Vz2XYe2Mz oRnkB9WX4h9Vz2XYe2Mz
dcRmXZcpiyoLWuwR56cL dcRmXZcpiyoLWuwR56cL
y5HlDp3ZOU3fT35BihFS y5HlDp3ZOU3fT35BihFS
BfkNC5T0oZOQYOkOg1Lr BfkNC5T0oZOQYOkOg1Lr
N4yrn0aLU6ELQucPFmw8 N4yrn0aLU6ELQucPFmw8
PRxK9WGPQn2vmuBbswLk PRxK9WGPQn2vmuBbswLk
XfIhMNfCnUCbP8MIjhA8 XfIhMNfCnUCbP8MIjhA8
mHciHIbodF92KWBlyZhd mHciHIbodF92KWBlyZhd
WpDgsUZvfm1s3J1djPk6 WpDgsUZvfm1s3J1djPk6
Hj9GXo6u0dDYfg4xoW2T Hj9GXo6u0dDYfg4xoW2T
ouUk8HCXkT1xNHUSpktV ouUk8HCXkT1xNHUSpktV
Saezs03GHhWlgEusf2xb Saezs03GHhWlgEusf2xb
4ck2vdbl0wzRRSh9h5JI 4ck2vdbl0wzRRSh9h5JI
j1u2ybLPFsWda7RGIo6J j1u2ybLPFsWda7RGIo6J
egafCQ4ih9nCuFY3RBSk egafCQ4ih9nCuFY3RBSk
lP2ISUwXZ5Vr1Dbyi5b2 lP2ISUwXZ5Vr1Dbyi5b2
ul5TY5YtUVHURRbHo0xt ul5TY5YtUVHURRbHo0xt
symCtAIG82LYD9Qs6FxZ symCtAIG82LYD9Qs6FxZ
5wKsB6wx9H7PujNL03GN 5wKsB6wx9H7PujNL03GN
8kEed91vb76Fhm6ivuFw 8kEed91vb76Fhm6ivuFw
MmXiw0PdJXAsicjY4bml MmXiw0PdJXAsicjY4bml
CeJalRL3KinyCQjl6tio CeJalRL3KinyCQjl6tio
hQH0nHlpxkrlncu9buJt hQH0nHlpxkrlncu9buJt
FE9d826a5RuYfSI6vEz4 FE9d826a5RuYfSI6vEz4
UWVA5dAu4wDF6Efl9d4O UWVA5dAu4wDF6Efl9d4O
C8l14blndt8uGQmGfPky C8l14blndt8uGQmGfPky
Mo6dK8I2XR9RUnPgLFfU Mo6dK8I2XR9RUnPgLFfU
CtdShr26uGGV2W6zZTdS CtdShr26uGGV2W6zZTdS
SWMrIKPuAQFTY7HmPty0 SWMrIKPuAQFTY7HmPty0
BHDRDstSlZtm71sWfOHB BHDRDstSlZtm71sWfOHB
tBx3RfPMJg4OhazCeTsa tBx3RfPMJg4OhazCeTsa
m3uIZkevVRyscNPa6NkD m3uIZkevVRyscNPa6NkD
gByPZFfsA72SjYPmontO gByPZFfsA72SjYPmontO
oAwJ8ncZge95DCLogDfz oAwJ8ncZge95DCLogDfz
xUd3lWAackpOjTn98YBa xUd3lWAackpOjTn98YBa
Zd6upjEKdV6jHG9xKORy Zd6upjEKdV6jHG9xKORy
VjMruztOvYBB57sBtK7F VjMruztOvYBB57sBtK7F
XtcwDUG5TGpryRZKRvrm XtcwDUG5TGpryRZKRvrm
c5B3yGaAxuGVYEd7DCc5 c5B3yGaAxuGVYEd7DCc5
dRs9JullKCFwk8f9TP2C dRs9JullKCFwk8f9TP2C
zOauzkXEQku3g7FmlO3i zOauzkXEQku3g7FmlO3i
diWFyYW4KuKIAVWCVTOh diWFyYW4KuKIAVWCVTOh
MGPH1ZQv2OM6dRC07Rj5 MGPH1ZQv2OM6dRC07Rj5
2RLdpM4k7Le8vufDMuf4 2RLdpM4k7Le8vufDMuf4
pmpfdWSNFW4BZf3j9zey pmpfdWSNFW4BZf3j9zey
4xoBiS6HZ3COfmNv2aTR 4xoBiS6HZ3COfmNv2aTR
IjoU40tEWMCkwd5SaIZC IjoU40tEWMCkwd5SaIZC
4EHOWDgXvpoSadcvvLu4 4EHOWDgXvpoSadcvvLu4
zTPp43usagg8jQuMreHJ zTPp43usagg8jQuMreHJ
lTNvRGBulC52xVXvXmmj lTNvRGBulC52xVXvXmmj
ikaH2IngBoan8x64dwnD ikaH2IngBoan8x64dwnD
wpM05AhdMYgh3n4WvalH wpM05AhdMYgh3n4WvalH
aAf4nv1B7ggfx0DjrAOi aAf4nv1B7ggfx0DjrAOi
29ZrssG8owPMWU0dtlEx 29ZrssG8owPMWU0dtlEx
I3dKkMa3JUxVpADvWcmQ I3dKkMa3JUxVpADvWcmQ
AhTd32p44tQrgKLluTfO AhTd32p44tQrgKLluTfO
daYVb2kr83paGhJZJJyA daYVb2kr83paGhJZJJyA
NpHJpdHaoVuG1evDy4mD NpHJpdHaoVuG1evDy4mD
DLNj52Bf5LL4ZddWTcYY DLNj52Bf5LL4ZddWTcYY
PQlYD3syBoo7C0hcATPD PQlYD3syBoo7C0hcATPD
j0WhcaOOy1JCyHTrxCSk j0WhcaOOy1JCyHTrxCSk
IBSvm7mZeG0vXjguUx8d IBSvm7mZeG0vXjguUx8d
MnuekaeS1NiILcuuvn3o MnuekaeS1NiILcuuvn3o
58PE6yTygndgQ75HC5PU 58PE6yTygndgQ75HC5PU
1AmZo7yJ6YJzwrjZr6vX 1AmZo7yJ6YJzwrjZr6vX
iA0OPvpmSXnD5PmFrIY3 iA0OPvpmSXnD5PmFrIY3
