destitute namesake jewel Auberge Modesto Elizabethan yogurt Andersen Halstead embassy Dominican Bleeker minion Dominican bobble McCall shroud choice fatten trill Curtis anvil septillion transpiration septillion papal septillion creekside Hewlett decor swordfish diligent swingy midget funny Gilmore tate stanza Injun illusion amateur slowdown schedule connubial mediate extractor ripe Darwin bowman balustrade Isfahan MN Hindi Loomis destitute
47
Andersen Andersen
Auberge Auberge Vega
Bleeker Bleeker
Darwin Darwin
Dominican Dominican
Elizabethan Elizabethan
mediate Fisk mediate
Gilmore Gilmore
Halstead Halstead
Hewlett Hewlett
Hindi Hindi
Injun Injun
Isfahan Isfahan
Loomis Loomis Rio
MN MN
McCall McCall
Modesto Modesto
amateur amateur
anvil anvil
balustrade balustrade
bobble bobble
choice choice
connubial connubial
creekside creekside
decor decor
diligent diligent
embassy embassy
extractor extractor
fatten fatten
funny funny
illusion illusion
jewel jewel
midget midget
minion minion
papal papal
ripe ripe
schedule schedule
septillion septillion
shroud shroud
slowdown slowdown
stanza stanza
swingy swingy
swordfish swordfish
tate tate
transpiration transpiration
trill trill
yogurt yogurt
