woebegone trill administer stanza numerology viscous numerology diligent oriole bunch midstream noon inform secondary inform millennium funky icon update bifurcate Durango Hewlett hamper sphalerite Curtis deduce trimester illusion griddle illusion transfuse trimester yogurt tate felony equipping felony thoroughfare Isfahan felony casserole renaissance casserole MN exothermic MN monotonous dreadnought monotonous sinh Durango Reilly Durango directory bat Winchester connubial limitate PDP Sunday silage Sunday whatsoever balustrade babysat balustrade imperishable switchmen Gilmore simulate Stephen cowhand explosion cowhand Andersen extrovert Tucson taft creekside Wheller creekside broil barnacle yearn slowdown involuntary backplate involuntary mitre spill involuntary thirteen catenate Darwin Elizabethan Goodrich Simon transonic atom coarse fatten decor anvil softball car December Zorn mack Irvin relaxation postscript archive papal archive dull swingy Fisk mediate Auberge Rodney swordfish Modesto lexicon Vega lexicon choice shovel wingspread funny McCall septillion embroil fulsome trill woebegone
100
Andersen Andersen
Auberge Auberge
Curtis Curtis
Darwin Darwin
December December
Durango Durango
Fisk Fisk
Gilmore Gilmore
Goodrich Goodrich
Hewlett Hewlett
Irvin Irvin
Isfahan Isfahan
McCall McCall
Modesto Modesto
PDP PDP
Reilly Reilly
Rodney Rodney
Simon Simon
Stephen Stephen
Sunday Sunday
Tucson Tucson
Vega Vega
Wheller Wheller
Winchester Winchester
Zorn Zorn
administer administer
anvil anvil
archive archive
babysat babysat
backplate backplate
barnacle barnacle
bat bat
bifurcate bifurcate
broil broil
bunch bunch
car car
casserole casserole
catenate catenate
choice choice
coarse coarse
connubial connubial
deduce deduce
diligent diligent
directory directory
dreadnought dreadnought
dull dull
embroil embroil
equipping equipping
exothermic exothermic
explosion explosion
extrovert extrovert
felony felony
fulsome fulsome
funky funky
funny funny
griddle griddle
icon icon
illusion illusion
imperishable imperishable
inform inform
involuntary involuntary
limitate limitate
mack mack
mediate mediate
midstream midstream
millennium millennium
mitre mitre
monotonous monotonous
noon noon
numerology numerology
oriole oriole
papal papal
postscript postscript
relaxation relaxation
renaissance renaissance
secondary secondary
septillion septillion
shovel shovel
silage silage
simulate simulate
sinh sinh
slowdown slowdown
softball softball
sphalerite sphalerite
spill spill
stanza stanza
swingy swingy
swordfish swordfish
tate tate
thirteen thirteen
thoroughfare thoroughfare
transfuse transfuse
transonic transonic
trimester trimester
update update
viscous viscous
whatsoever whatsoever
wingspread wingspread
yearn yearn
yogurt yogurt
