1 128 1 49 1 9 73 9 72 9 38 61 38 31 143 31 18 69 18 63 18 7 120 7 28 83 28 6 126 6 37 125 37 19 98 19 53 19 27 140 27 78 27 17 60 17 66 17 43 136 43 30 95 30 36 110 36 33 67 33 15 103 15 12 59 12 20 115 20 124 20 47 141 47 11 142 11 65 11 23 108 23 55 23 14 105 14 75 14 13 109 13 79 13 21 138 21 82 21 32 135 32 39 57 39 48 58 48 68 48 5 93 5 42 104 42 89 42 24 134 24 88 24 10 76 10 35 84 35 4 118 4 26 121 26 2 81 2 29 129 29 41 106 41 34 77 34 50 34 3 97 3 22 94 22 16 91 16 1
87
49 49
50 50
4 51
39 52
53 53
33 54 127 144
55 55
1 56 123
57 57
58 58
59 59
60 60
61 61
2 62
63 63
43 64
65 65
66 66
67 67
68 68
69 69
31 70
22 71
72 72
73 73
35 74 92 122
75 75
76 76
77 77
78 78
79 79
14 80 86
81 81
82 82
83 83
84 84
15 85 87 117
88 88
89 89
5 90
91 91
93 93
94 94
95 95
29 96
97 97
98 98
37 99
26 100
30 101
18 102 114
103 103
104 104
105 105
106 106
7 107
108 108
109 109
110 110
38 111
3 112
47 113
115 115
12 116
118 118
6 119
120 120
121 121
124 124
125 125
126 126
128 128
129 129
36 130
28 131
10 132
16 133
134 134
135 135
136 136
41 137
138 138
32 139
140 140
141 141
142 142
143 143
