1 79 1 8 66 8 38 90 38 31 91 31 44 77 44 18 70 18 7 74 7 28 60 28 37 68 37 19 54 19 27 63 27 17 96 17 43 50 43 30 95 30 36 83 36 33 72 33 15 85 15 40 71 40 12 52 12 20 64 20 47 93 47 11 78 11 23 55 23 14 89 14 25 86 25 13 58 13 21 61 21 39 69 39 48 88 48 5 76 5 42 59 42 24 53 24 10 65 10 45 75 45 35 87 35 4 67 4 2 57 2 29 73 29 41 94 41 34 62 34 3 92 3 22 81 22 1
48
22 49
50 50
4 51
52 52
53 53
54 54
55 55
37 56
57 57
58 58
59 59
60 60
61 61
62 62
63 63
64 64
65 65
66 66
67 67
68 68
69 69
70 70
71 71
72 72
73 73
74 74
75 75
76 76
77 77
78 78
79 79
39 80
81 81
33 82
83 83
1 84
85 85
86 86
87 87
88 88
89 89
90 90
91 91
92 92
93 93
94 94
95 95
96 96
