6Zg7j6t8kt lrFRnKniRv MpRNDD0glq 4ViGHxfdlc 0gqiqztWgj fhmE7A9rVl 79JJ9GZF8c s8EkvbOYAX 1iUrZ2N0MA ESDdDChkYw 1aPtXDhYtV wXTrLT9dUx dojrtYXceT YZKJeBb8Pe ECFKqOm791 OR78sPVsV9 EZQ9HUGjRN OR78sPVsV9 4RZs4XFvF9 G05S6XZiBa 1koyFI8rlU Octagmmhko TH1GgoG5GU vCSWEyz4PC KpPj50fAfy fbxiHLAsv4 rCrtLJTXdv tvKOOMQ7Sv Iroa6leixY YrPP1U1r20 7cteJXIZM1 YrPP1U1r20 ckEVpwA8CD YQKcyMibnc ckEVpwA8CD YrPP1U1r20 I1RTFIGWhc NULo72dPyj OGWcs2X8pk 8pgnfE3xKu oRs9wR3IGE 8pgnfE3xKu vD4d0BZ03p zH4Z0p0Ftj VWD9Yy5Xrg MImiDijd1o 97dvK2Az7S Dkc5CxJ6RV 97dvK2Az7S GSDEYlNcCM 1iUrZ2N0MA pm1Yq2dCLL iyQiEnpG35 pm1Yq2dCLL uXkvSfF7Kv OpwMnuSGmp dyS1o5lQHD J6nn6V6pVr 4lUeyqYb0U NgxnYo41LY cqCbnI2bkr b3jUAAPOlA R0OKpbbX8l oQb2PqTM8x H0NdoJawvz oQb2PqTM8x N08DpqDewo gSP0irArmo M9d0z6OccV ka4cgDWgq7 6Zg7j6t8kt
49
tvKOOMQ7Sv tvKOOMQ7Sv
1iUrZ2N0MA UgxUR9jKcJ
1koyFI8rlU 1koyFI8rlU
ckEVpwA8CD ckEVpwA8CD
zH4Z0p0Ftj zH4Z0p0Ftj
97dvK2Az7S 97dvK2Az7S
M9d0z6OccV M9d0z6OccV
YrPP1U1r20 YrPP1U1r20
fbxiHLAsv4 fbxiHLAsv4
KpPj50fAfy KpPj50fAfy
NgxnYo41LY NgxnYo41LY
wXTrLT9dUx wXTrLT9dUx
4ViGHxfdlc 4ViGHxfdlc
lrFRnKniRv lrFRnKniRv
I1RTFIGWhc I1RTFIGWhc
YQKcyMibnc YQKcyMibnc
OGWcs2X8pk OGWcs2X8pk
b3jUAAPOlA b3jUAAPOlA
H0NdoJawvz 4JtfcKJvHu H0NdoJawvz
79JJ9GZF8c 79JJ9GZF8c
G05S6XZiBa G05S6XZiBa
iyQiEnpG35 iyQiEnpG35
uXkvSfF7Kv uXkvSfF7Kv
EZQ9HUGjRN EZQ9HUGjRN
GSDEYlNcCM GSDEYlNcCM
Dkc5CxJ6RV Dkc5CxJ6RV
7cteJXIZM1 7cteJXIZM1
N08DpqDewo N08DpqDewo
vCSWEyz4PC vCSWEyz4PC
YZKJeBb8Pe YZKJeBb8Pe
4RZs4XFvF9 4RZs4XFvF9
oRs9wR3IGE oRs9wR3IGE
OpwMnuSGmp OpwMnuSGmp
TH1GgoG5GU TH1GgoG5GU
Iroa6leixY Iroa6leixY
VWD9Yy5Xrg VWD9Yy5Xrg
0gqiqztWgj 0gqiqztWgj
MpRNDD0glq MpRNDD0glq
Octagmmhko Octagmmhko
ESDdDChkYw ESDdDChkYw
4lUeyqYb0U 4lUeyqYb0U
s8EkvbOYAX s8EkvbOYAX
8pgnfE3xKu 8pgnfE3xKu
dojrtYXceT dojrtYXceT
fhmE7A9rVl fhmE7A9rVl
cqCbnI2bkr cqCbnI2bkr
1aPtXDhYtV 1aPtXDhYtV
vD4d0BZ03p vD4d0BZ03p
ka4cgDWgq7 ka4cgDWgq7
