1 1aC 1dA 1bT 1eO 1cD 1dT 1cB 1aJ 1bW 1aJ 1dC 1aJ 1dH 1eH 1bO K 1bD K 1cH 1aH 1bL 1aH 1dD 1aQ 1aT K 1eX 1cN 1
24
1 1 1dE
K 1aA 1aB 1aI 1aK 1aN 1aP 1aX 1bB 1bC 1bF 1bG 1bK 1bQ 1bU 1cJ 1cP 1cQ 1cU 1cZ 1dF 1dP 1dS 1eA 1eC 1eG
1aC 1aC
1aJ 1aE 1aJ 1aM 1aY 1aZ 1bX 1cE 1cF 1dI 1dV 1dY 1dZ 1eB 1eE
1eO 1aL 1aS 1dG
1aQ 1aQ
1eX 1aR 1aU 1aV 1aW 1bA 1bE 1bH 1bJ 1bM 1bN 1bP 1bR 1bS 1bV 1bY 1cC 1cG 1cI 1cK 1cO 1cR 1cS 1cT 1cW 1cX 1cY 1dJ 1dK 1dM 1dN 1dO 1dR 1dW 1eD 1eF 1eI 1eJ
1aT 1aT
1bD 1bD
1bL 1bL
1bO 1bO
1bT 1bT
1bW 1bW
1cB 1cB
1cD 1cD
1cH 1cH
1cN 1cN
1aH 1cV
1dA 1dA
1dC 1dC
1dD 1dD
1dH 1dH
1dT 1dT
1eH 1eH
