153 88 98 83 53 134 49 11 26 98 5 145 104 47 158 119 61 138 171 185 2 90 156 152 28 75 13 124 113 170 153 4 31 89 93 188 183 19 169 69 60 143 134 109 29 128 96 40 91 137 153
43
11 168 150 11
2 127 2 160 37 56 187 179
29 29
93 12 93 129
119 119
19 81 52 19
138 140 70 138 131 43
13 196 13 86
145 145 178 95
152 126 152
69 118 197 180
47 58 21 47 120 36 184
183 15
26 26 194 172 79
124 124 7
113 113 34
185 3 8
53 68 53 77
75 182 16 135 136 146
90 90 23 35
89 89 74 20
60 112 60 0 195
4 4
88 163 88
98 98 42 122 147
153 153
156 156
61 61
188 188
137 137 177
40 40
91 41 108
49 49 167
96 96
109 99 161
5 192 5
128 128 50
169 169
134 134
83 83
170 170
171 171
28 28
