Patrick0 Frank5 Julia9 Ray12 Tempie14 Doris19 John24 William28 Danny31 Flora33 Donna38 Scott43 Carolyn47 Sylvia50 Don52 Cheryl57 Amy62 Joseph66 Michell69 Cheryl71 Ray76 Luisa81 Billie85 Keith88 Velva90 Nancy95 Colleen100 Dominique101 Glen102 Brandon103 Glen102 Dominique101 Colleen100 Vicente104 Ruth107 Jeremy109 Gordon114 Peggy119 Mark123 Levi126 Rick128 Christi133 Eric138 Sharon142 Roberta145 Elizabeth147 Michael148 Brent149 Nicholas150 Brent149 Michael148 Elizabeth147 Roberta145 Sharon142 Eric138 Christi133 Rick128 Levi126 Mark123 Peggy119 Gordon114 Jeremy109 Ruth107 Vicente104 Colleen100 Nancy95 Velva90 Keith88 Billie85 Luisa81 Ray76 Cheryl71 Michell69 Joseph66 Amy62 Cheryl57 Don52 Sylvia50 Carolyn47 Scott43 Gina44 Jose45 Gina44 Scott43 Donna38 Flora33 Danny31 William28 John24 Doris19 Tempie14 Ray12 Julia9 Frank5 Patrick0
45
Patrick0 Elaine1 Antoinette2 Lawrence3 Minnie4
Frank5 Louis6 Taylor7 Gabrielle8
Julia9 Matthew10 Brenda11
Ray12 Lela13
Tempie14 Mary17 Dave18
Doris19 Robert20 Catherine21 Vivian22 Paula23
John24 Lorraine25 Louise26 Tisha27
William28 Phyllis29 Kyle30
Danny31 Yvonne32
Flora33 Fred36 William37
Donna38 Maria39 Bette40 William41 Brenda42
Gina44 Gina44
Jose45 Jose45 Richard46
Carolyn47 Ronald48 Gerald49
Sylvia50 Lori51
Don52 Lena55 Mercedes56
Cheryl57 Charles58 Jenny59 Christine60 Joseph61
Amy62 Paul63 Joshua64 David65
Joseph66 Steven67 Rhonda68
Michell69 Dorothy70
Cheryl71 Josephine74 Loretta75
Ray76 Emily77 Salvador78 Carol79 Thomas80
Luisa81 Dorothy82 David83 Tom84
Billie85 Darnell86 Evangelina87
Keith88 Ellis89
Velva90 Joel93 Joyce94
Nancy95 Michael96 Donna97 Robert98 Judith99
Dominique101 Dominique101
Glen102 Glen102
Brandon103 Brandon103
Vicente104 Ryan105 Jared106
Ruth107 Jean108
Jeremy109 Valerie112 Bill113
Gordon114 Ashley115 Christina116 Barbara117 Fidel118
Peggy119 Susie120 Luz121 Naomi122
Mark123 Marlene124 Richard125
Levi126 Joshua127
Rick128 Darla131 Timothy132
Christi133 William134 Andrew135 Robert136 Robert137
Eric138 Irma139 Heidi140 Scott141
Sharon142 Samuel143 Man144
Roberta145 Margaret146
Nicholas150 Nicholas150
Brent149 Rebecca151
Elizabeth147 Patricia153 John154 Michael155 Tony156
