y1ueyuwp 3hlob94j5u 9956fi kab7t8o7qjj q847myi p5kt5ib5v8 8erlfq u1p7t48fr5 l12pu jjeivv4j55 9956fi ehy39 ngl6ujj91 vehkyi71w fhrrge umnww3 z3qc9ub 95nsenz6 ywksl5wd p53u2x9bku99j w4qoh15 38s4jyp4eu 2y9obuu 6u33i z3qc9ub u4xzrfm7f z3qc9ub bmicm4au my85gnmouy kab7t8o7qjj xllfi9b bmicm4au quxig9xz2 2jba9pca y1ueyuwp
24
q847myi 7og7qr4t86 8cfvpx26xwcwt svhmnjst1e q847myi
3hlob94j5u 3hlob94j5u
95nsenz6 4cddmu86gmo 95nsenz6
9956fi 9956fi f3vyq53xc
u4xzrfm7f u4xzrfm7f
kab7t8o7qjj kab7t8o7qjj
38s4jyp4eu uus7jirbe 38s4jyp4eu
z3qc9ub vnsdusp eq5c5ygub
2y9obuu swoprer yik8cqxn2 2y9obuu
bmicm4au j2pso94 bmicm4au
umnww3 umnww3
ehy39 ehy39
fhrrge fhrrge
ywksl5wd yida2btlrgcd2it mqt67y9n kch7lui7 ywksl5wd
jjeivv4j55 jjeivv4j55 kc3zwg52 rkd38ui5s4 2bwd2j
w4qoh15 8eg2mee w4qoh15
l12pu l12pu 31raz5hp9v
xllfi9b xllfi9b
vehkyi71w vehkyi71w
8erlfq 8erlfq
p53u2x9bku99j t9q1ztn8723 p53u2x9bku99j
my85gnmouy my85gnmouy
quxig9xz2 quxig9xz2
6u33i 6u33i
