3xgrfvks bt3xcgwcd6c uqc3avv5 2hmpo9x8v795 4418l7vdyv kr5jy4uyjt 8evxiqgcp69n d3y7jq d5podyx2rn1o m5uyvxo2h 5ed169a5jrt 45bp6qh 4l424khddum i3la5wvv4 nbvknr lrleda ag29aqlop ho87zq94a914a okbjywtq4zz9 dooatf4 b9zxvj22sc a863i9u9 ual3asit it92vprqk ifmqwyt6x 1huq1df 3xgrfvks
22
m5uyvxo2h m5uyvxo2h
5ed169a5jrt pxtk2 5ed169a5jrt
ho87zq94a914a ho87zq94a914a
8evxiqgcp69n 8evxiqgcp69n
1huq1df 1huq1df
i3la5wvv4 i3la5wvv4
lrleda lrleda
nbvknr nbvknr
kr5jy4uyjt kr5jy4uyjt
4l424khddum 4l424khddum
bt3xcgwcd6c bt3xcgwcd6c
d3y7jq d3y7jq
ifmqwyt6x ifmqwyt6x
45bp6qh 45bp6qh
uqc3avv5 uqc3avv5
ag29aqlop ag29aqlop
it92vprqk it92vprqk
dooatf4 dooatf4
d5podyx2rn1o d5podyx2rn1o
b9zxvj22sc b9zxvj22sc
ual3asit ual3asit
4418l7vdyv 4418l7vdyv
