htb26qt wqkqf 5nzdw36v zjh83ae zjj1dm8s 7pbkkbbpw k3qywmpr wqkqf 9oii82xaa kuxb29 1ca2x2cnc ozag34bm9 6u4sf1gi hq5mh8mi pt2n7hl hq5mh8mi nd9xavj ml5lp1nmef fej54ps5j p9mtts og6n7bgq8h nm7ud og6n7bgq8h 59yzvtv uzsjpl5f5 8m3pascg kxhc6t8tu s9vu9xx884 a5u8g4sej 29vqtk3x h1gz5hzz 3khitn6 x73l73jp ozag34bm9 x73l73jp hyc885fvjls x73l73jp g2g6fxcwr2l w7iil hc2hf5t8 188h5ax htb26qt
31
pt2n7hl yhvc7zg yg6hizqty tu8xxomxhi euhqqqmdpe pt2n7hl e7lxs
59yzvtv iffsi 59yzvtv
nd9xavj zou7sx9w nd9xavj
wqkqf wqkqf i6lsw66h 1161ildqnj
fej54ps5j tjwldi fej54ps5j 8jea4n4ez
ml5lp1nmef txlltgki 812l47wm hwu8dv9jgknbm obabms q42s9z886w5
ozag34bm9 ozag34bm9 ht1efrhmh ay5sahonq84 dt4ljfgjkizpq pwqxinlzb3s
zjj1dm8s l8yypbh 5stwoup pmyqr f92ere3 grn3uqx9y
k3qywmpr 9lvbrlgk k3qywmpr
p9mtts p9mtts yx6dguko
6u4sf1gi ushjdkdhm9 6u4sf1gi 8gc7dka8lfy t4iedm
g2g6fxcwr2l g2g6fxcwr2l ilaz9q
zjh83ae yhp7wbv9 7hz6j8 zjh83ae 87jxa
s9vu9xx884 y3eg7gqq6 dlkmpx s9vu9xx884 37v6d
hq5mh8mi itrx5fucdq vrem3ey3kg44 hq5mh8mi
og6n7bgq8h og6n7bgq8h ynuam4f8 piawzpgtzz9
nm7ud nm7ud 1jhmm8m85
uzsjpl5f5 6k7du gd5ct4 uzsjpl5f5
7pbkkbbpw 7pbkkbbpw
9oii82xaa 4ka6l1c8w 9oii82xaa
kxhc6t8tu kxhc6t8tu 9egqgrh7x4e 4w6uhigzl
8m3pascg aplkk57cpzm 8m3pascg vl6czuab
1ca2x2cnc mw8g2qjo1 ic2r4blmm9 1ca2x2cnc
kuxb29 kwtb3cg
188h5ax ysiw8m4l 52a3fj2zh art44ncra
hc2hf5t8 mucolb1r hc2hf5t8
3khitn6 3khitn6
h1gz5hzz h1gz5hzz
x73l73jp x73l73jp yr44oj2
hyc885fvjls hyc885fvjls
a5u8g4sej a5u8g4sej
