index97 index0 index76 index99 index23 index36 index97 index8 index26 index2 index6 index14 index49 index13 index71 index91 index60 index87 index33 index84 index15 index85 index41 index43 index70 index4 index97
22
index0 index0 index24
index97 index1 index51 index97
index2 index2 index32 index35 index38
index15 index3 index15
index6 index6
index33 index7 index33 index44 index68 index73
index8 index8 index9 index78
index71 index10 index58
index84 index11 index79
index13 index13 index72
index14 index14
index91 index22 index91
index23 index23 index27
index76 index25 index76 index94
index26 index26 index31 index48 index57
index70 index29 index42 index52 index59 index70
index87 index39 index63
index41 index41
index43 index43
index49 index49
index60 index60
index85 index85
