hC71hIuyRaST3AiaSZqg YygsiZkXDS9oQ07w4psX qsbRHSDlSHG3Ep5gugbq 3MmCPAjYheu6g9TkIxDm Mi1upMhcgP7iV16OWKN5 Wvcwm6VpeYnZXpTH3IZP Z2YJKymsE6JEohxl2CgC QYsTJmc2IUi36H1YK47s Tgouk8HApNFShyYjQedR khygntR9CTz08DjsR0la Z2YJKymsE6JEohxl2CgC jLS4UljOCe6h8LwAOGRX NXZByMrsstrrXRLxVcyg gZiMcGUkLd8qaWleLH1T b9q1t3OMZ6dXE5R6ca5w D3gODzQIzHZRe5A487BX g5fwwkfUKem4JdibLkXM D3gODzQIzHZRe5A487BX YygsiZkXDS9oQ07w4psX OBEPyJuvhH0Z9VoT2UNC RiZJXix70KkeQI5YZY9j ddzqPXECnHQT4a4RIpSF NqvNOj5h3GSbJm5NawjL g6Fit1BcwBIbAAJnBKGn OBEPyJuvhH0Z9VoT2UNC OLGSBuAPLZmdhTN6ApoS CJPsPFylFkMPqvXrW58O 63EFNMvLteBrV7Lj9nA4 rW1b1NT9NaRlIIxoT8XF fm9EBymrV0VSOljfjrTQ laRDyozSdXcFtmdQ5VqD 4wWd3kvalFkda9M583i7 btiXecpJBKmrIHtQ7jPA CgUyoeVDFzkf0g6EiF8w RDnAjQbgrCahBSBieO1p 6KcltWtleWJ6izN3XL0F Udew7VNFg6dndWFd4Xv7 jGNThQH3U9Qqi91Eop7X 61VEe5QpRdEG1AHTZmSn RP9IQz70eEvTJVIHw5Lv hC71hIuyRaST3AiaSZqg
35
rW1b1NT9NaRlIIxoT8XF bw0K7NVh1sgqlnescYkX rW1b1NT9NaRlIIxoT8XF
3MmCPAjYheu6g9TkIxDm 3MmCPAjYheu6g9TkIxDm
QYsTJmc2IUi36H1YK47s IWOalMs6IXX5Ln6F9Eov 2QgUKFj4HV0dn5Ia55tj QYsTJmc2IUi36H1YK47s
fm9EBymrV0VSOljfjrTQ 2YL9dYowMkTTxjU0fVal eULKHiriYHElwEbrQo2X C5aQkckiWq5qVUhbiI57 yXrak2UUHdgFCsCWvgfp
CJPsPFylFkMPqvXrW58O R22TNV5lr1tmI44FcHvv RSJQdRAK7H6zYHVeXyPj
OLGSBuAPLZmdhTN6ApoS JuSdCG8HSUzwufkmRvTN 8IUV6HBSYn47shRwVW5F DmIjX4adnoqSEDmx2f39 1ae7bJScGomdGEdgag5b KqTw626stjcdChciHrJ6 8w6JkwNghwwfzVWZlMG6 mkGdh9qd7uj9x5W3Koxj RNtZ6m1O9hQj2ovJiJE3 OLGSBuAPLZmdhTN6ApoS 1uTE034Q24DWmybWBbX4 FE29I03FH1qEyEvIQNGT
jLS4UljOCe6h8LwAOGRX fuNQ8Sfy86k6zaBQjwEz jLS4UljOCe6h8LwAOGRX NWAZrSnr0i1Dj5TA6dLc 24YcTAlCtPoNC11H3BAQ
63EFNMvLteBrV7Lj9nA4 63EFNMvLteBrV7Lj9nA4 nmwnnNlPCMIjajSEo2R3 oakCd1HozhO35GtImcF2 dsEyS8WvuzfBZPrbbzZx
laRDyozSdXcFtmdQ5VqD laRDyozSdXcFtmdQ5VqD
6KcltWtleWJ6izN3XL0F EqrhH8oFQmMRN10foGjV wqyhoOJuJuNfuZ1c9ZhU 6KcltWtleWJ6izN3XL0F
NXZByMrsstrrXRLxVcyg NXZByMrsstrrXRLxVcyg nnG2z19YXqYOoAxMQkFV 72cxNTZ1Tw5teVGiR2xj
D3gODzQIzHZRe5A487BX xtgYSd34f56WAH3CCBpW
RDnAjQbgrCahBSBieO1p RDnAjQbgrCahBSBieO1p
b9q1t3OMZ6dXE5R6ca5w IC3wlDskAWyf0o1M61kl 1wSeohNTb1oCspxe2x4j fzCA3w8Mu664WC0yRZb5 4MuL6AbQo2ozZ4x7psrd b9q1t3OMZ6dXE5R6ca5w vXrEXAmThLoQVXFImZcg
g5fwwkfUKem4JdibLkXM g5fwwkfUKem4JdibLkXM 7DZfG4yobV0xCcSaxf27 t9sTQNaMU9o2HF5pm7xT PFAHK1LPbENiUm01N8B0
ddzqPXECnHQT4a4RIpSF ddzqPXECnHQT4a4RIpSF
Mi1upMhcgP7iV16OWKN5 Mi1upMhcgP7iV16OWKN5 TrUW9m3qjkTMvqHNRot0 2dfprAgHp3T6RrgooKgP
YygsiZkXDS9oQ07w4psX YygsiZkXDS9oQ07w4psX OAcbYkMyAi1Iu0vWaaFc ymIUUgCvgB7r5le0Mh11 oq1GulTWdKtwAlNIQxnY EEWjQ3rZ3GM9oucA2vc5 5doygtE58PVlrfBbaaxD v0QCMKnmfkXllH4nQHen
61VEe5QpRdEG1AHTZmSn 61VEe5QpRdEG1AHTZmSn
4wWd3kvalFkda9M583i7 zbsjvfwSdNExCnTFLo8x 4wWd3kvalFkda9M583i7
Wvcwm6VpeYnZXpTH3IZP WgneGAZv4qtDq8Q5DYZf nOsoIFzZBhdd6bjP45Ba kuIwHVHn49UEM4TprHKr
Udew7VNFg6dndWFd4Xv7 W5rNQea9NsCafaUbLgWC
g6Fit1BcwBIbAAJnBKGn 6jnt0RQvUBeXBhrLOwzh 1Oc2bGjHzXrMLiYLik5Z QHOT9LWV0s6xVVreglDh g6Fit1BcwBIbAAJnBKGn
Z2YJKymsE6JEohxl2CgC 2TderjwrXrNV2UBZ77eD qyWH5Ui5kFJGpXM7i2RZ yMXdJdorJpzOHHt9uIfg LI8fhHKJlh7mQx1nNK0m Z2YJKymsE6JEohxl2CgC
NqvNOj5h3GSbJm5NawjL NqvNOj5h3GSbJm5NawjL 468JV90VoJDfHRf7bwGC
hC71hIuyRaST3AiaSZqg COVfDobG5VcfcSxLDUch cXmjc3Wu4kjM1IHGgfA5 P6PcaiimLTne6w5m7SJi VkEnPX1CQCoh4CxlXSlf Ca5sYccbD9TUz7JLHrcf Wf6tYlitgmZKoXfughsS
jGNThQH3U9Qqi91Eop7X aGWdv30UuUFiszMErlJF
Tgouk8HApNFShyYjQedR sCcEFmBkhTop4sycKzuM Tgouk8HApNFShyYjQedR Mufarp9xGx29xj0P1ijS Dv6lwBgjbbZceuQXFzFf
CgUyoeVDFzkf0g6EiF8w CgUyoeVDFzkf0g6EiF8w x81SdeDfzbsk8wgCHcJT
btiXecpJBKmrIHtQ7jPA btiXecpJBKmrIHtQ7jPA UQEmoPmHSH2FlTDuXOEx
gZiMcGUkLd8qaWleLH1T gZiMcGUkLd8qaWleLH1T
khygntR9CTz08DjsR0la lVjpvSHc5hBrS7dzTmI1
OBEPyJuvhH0Z9VoT2UNC z0rRwRZbA1TaaAgS8PYu OBEPyJuvhH0Z9VoT2UNC
RP9IQz70eEvTJVIHw5Lv l5OFQGDhW1xJJ8ERuglz
qsbRHSDlSHG3Ep5gugbq qsbRHSDlSHG3Ep5gugbq
