Chattanooga Cleveland SanAntonio Memphis Roseville FortWorth Corona Lubbock Louisville Lubbock Corona Olathe Mobile GrandPrairie LongBeach Cincinnati Paterson Cincinnati DesMoines NewportNews Alexandria Spokane Springfield Berkeley Knoxville GardenGrove Salinas Murfreesboro Charlotte SanDiego Sunnyvale Boise SanBernardino Fremont Honolulu SanFrancisco Honolulu Miramar PortStLucie Chandler Washington SaintPaul Norfolk Raleigh Hayward SantaClarita Hayward Jacksonville SanJose Denton Madison Joliet Madison Lincoln Fontana OklahomaCity SantaAna OklahomaCity Irvine Syracuse NewYork Anaheim ChulaVista Anaheim MorenoValley Henderson Toledo Atlanta Chicago Naperville Orlando Albuquerque Waco Albuquerque Pomona Buffalo Tallahassee MorenoValley Durham Yonkers Plano Fresno GrandRapids Savannah FortLauderdale Indianapolis Riverside Scottsdale Tempe Scottsdale Austin Vancouver Detroit BatonRouge Bakersfield Oceanside CapeCoral LittleRock Phoenix Oxnard McAllen Newark RanchoCucamonga TianamenSquare Ontario Salem Boston Brownsville Jackson KansasCity Frisco Orange Aurora Lexington Baltimore Aurora Fayetteville Richmond Stockton Surprise Anchorage Midland Dayton ElPaso Chattanooga
95
Yonkers Yonkers
Alexandria Alexandria
Joliet Joliet
Orlando Orlando
Lincoln Lincoln
Fresno Worcester Glendale
LittleRock LittleRock Shreveport
GardenGrove GardenGrove
Aurora Aurora
DesMoines DesMoines
Surprise Surprise
Phoenix Phoenix
Knoxville Knoxville
Jacksonville Jacksonville
Oceanside Oceanside
Baltimore Baltimore
Henderson Henderson
Fremont Fremont
Riverside Riverside
Memphis Memphis Wichita
SanBernardino SanBernardino
Oxnard Tacoma Oxnard
Paterson Paterson
Washington Washington
Ontario Ontario
Bakersfield Bakersfield
SantaClarita SantaClarita
Cleveland Cleveland
Brownsville Brownsville
McAllen McAllen
Charlotte Charlotte
Corona Corona
Honolulu Honolulu
Springfield Springfield
Denton Denton
Tempe Tempe
Spokane Spokane
GrandPrairie GrandPrairie
Irvine Irvine
NewportNews NewportNews
Lexington Lexington
Olathe Olathe
SanFrancisco SanFrancisco
Scottsdale Scottsdale
Vancouver Vancouver
Indianapolis Indianapolis
Murfreesboro Murfreesboro
Anchorage Anchorage
FortWorth FortWorth
Austin Austin
Raleigh Raleigh
Anaheim Anaheim
SanJose SanJose
Fayetteville Fayetteville
Cincinnati Cincinnati
Durham Durham
ChulaVista ChulaVista
SantaAna SantaAna
SaintPaul SaintPaul
FortLauderdale FortLauderdale
ElPaso ElPaso
Syracuse Syracuse
Madison Madison
GrandRapids GrandRapids
NewYork NewYork
Savannah Savannah
CapeCoral CapeCoral
Louisville Louisville
Hayward Hayward Akron
Buffalo Buffalo
BatonRouge BatonRouge
Boston Boston
Boise Boise
Waco Waco
Chicago Chicago
SanAntonio SanAntonio
KansasCity KansasCity
Richmond Richmond
Tallahassee Tallahassee
Salem Salem
Midland Midland
Albuquerque LosAngeles
Fontana Fontana
Berkeley Berkeley
PortStLucie PortStLucie
Plano Plano
Orange Orange
Newark Newark
Toledo Toledo
Naperville Naperville
Jackson Jackson
Pomona Pomona
Lubbock Lubbock
Frisco Frisco
SanDiego SanDiego
