SaintPaul Garland Newark Scottsdale LosAngeles ElPaso Austin Honolulu Memphis NorthLasVegas SanDiego Dallas LongBeach Baltimore ChulaVista JerseyCity Toledo Durham WinstonSalem Durham LosAngeles Austin LosAngeles Bakersfield OklahomaCity Hialeah Chandler Plano Fresno Lexington Fresno Chesapeake Houston Stockton Louisville SantaAna Durham Phoenix Charlotte Irvine SaintPaul
29
Newark Newark
Plano Plano
Scottsdale Scottsdale
JerseyCity Denver Lincoln Laredo JerseyCity
Honolulu Honolulu Lubbock
Austin SanAntonio Austin Aurora
Durham Durham
Lexington Lexington
Baltimore FortWorth FortWayne Baltimore Indianapolis Anchorage
ChulaVista Henderson Milwaukee StPetersburg Cincinnati
Houston Houston
Hialeah Glendale Hialeah
SantaAna Pittsburgh SantaAna
SanDiego SanDiego SanJose
Dallas Tucson Dallas Raleigh
WinstonSalem WinstonSalem
LongBeach LongBeach
Charlotte Charlotte
Fresno Spokane NewOrleans
Toledo Atlanta Tampa
Chesapeake Chesapeake
Stockton Stockton
Phoenix Columbus Phoenix
Memphis Memphis
Chandler Chandler
Bakersfield Bakersfield
OklahomaCity OklahomaCity
ElPaso ElPaso
Louisville Madison
