Jacksonville Milwaukee Tucson Columbus Detroit SanAntonio Boston SanJose FortWorth OklahomaCity Phoenix Oakland Philadelphia Oakland Albuquerque Tulsa Minneapolis Chicago ColoradoSprings VirginiaBeach Nashville ElPaso LosAngeles Raleigh Memphis Raleigh Austin Omaha LongBeach LasVegas Seattle Portland Arlington Louisville Atlanta SanFrancisco Atlanta Fresno Atlanta Jacksonville
24
Philadelphia Philadelphia
LasVegas LasVegas
FortWorth FortWorth
Portland Portland
Memphis Memphis
Tulsa Tulsa
Fresno Fresno
SanFrancisco SanFrancisco
Columbus Columbus
Atlanta Atlanta
Seattle Seattle
SanJose SanJose
Phoenix Phoenix
ElPaso ElPaso
Tucson Tucson
LongBeach LongBeach
VirginiaBeach VirginiaBeach
Albuquerque Albuquerque
LosAngeles Indianapolis LosAngeles
Austin Austin
Minneapolis Minneapolis
Jacksonville Jacksonville
Louisville Louisville
Boston Boston
