Porterton Wallton Davisstad Newmanburgh Gallowaymouth Rioshaven Gallowaymouth Newmanburgh Davisstad Leechester Pettyton Bondmouth Mercedesmouth Bondmouth Pettyton Jonesfurt Pettyton Leechester Davisstad Jacksonton Singletonton Clarkbury Jermaineton Clarkbury Singletonton Jacksonton Davisstad Wallton Derekmouth Geraldside Michellehaven Cranemouth Joneschester Cranemouth Michellehaven Ramosborough Fordhaven Ramosborough Michellehaven Geraldside Joseport Hallborough Kylieview Hallborough Joseport Gabrielburgh Joseport Geraldside Derekmouth Charlesberg Weberbury Kimberlyburgh Candiceland Kimberlyburgh Weberbury Charlesberg Sethland Ellisstad Osbornemouth Ellisstad Sethland Charlesberg Kevinberg Patriciabury Thomasmouth Patriciabury Kevinberg Adamside Andrewschester Adamside Kevinberg Charlesberg Derekmouth Jeffreyfort Johnsonchester Nealfurt Johnsonchester Jeffreyfort Garytown Audreyfort Patriciaside Audreyfort Garytown Jeffreyfort Derekmouth Wallton Danielleport Scottburgh Laurenbury Haleview Hallstad Haleview Laurenbury Scottburgh Danielleport Melissaview Cheyennefurt Thompsonshire Cheyennefurt Watsonville Christyland Watsonville Robertomouth Watsonville Cheyennefurt Melissaview Campbellhaven Annberg Houstonchester Annberg Dyerport Annberg Campbellhaven Melissaview Danielleport Cooperton Lopezborough Waltersmouth Adkinsberg Waltersmouth Lopezborough Cooperton Danielleport Wallton Porterton Dianashire Burgessview Williamfort Moodyburgh Gregoryberg Smithfort Millerborough Smithfort Gregoryberg Moodyburgh Heatherberg Thomasborough Heatherberg Moodyburgh Williamfort Thomasville Lopezburgh Leahmouth Lopezburgh Byrdfurt Garciamouth Byrdfurt Lopezburgh Thomasville Williamfort Williamport Ashleystad Codyton Mindyview Codyton Ashleystad Williamport Williamfort Burgessview Marcusburgh Matthewburgh Bondfort Shawnmouth Buckleyside Shawnmouth Priceville Shawnmouth Bondfort Adamview Harrisborough Adamview Bondfort Matthewburgh Virginiastad Robinsonmouth Virginiastad Johnsonberg Virginiastad Matthewburgh Marcusburgh Fletcherland Willisfurt Ortizberg Willisfurt Fletcherland Kingview Williamschester Mirandaview Williamschester Kingview Fletcherland Marcusburgh Tylerbury Paultown Hansonbury Paultown Tylerbury Marcusburgh Burgessview Billton Banksburgh Yvonneborough Parkermouth Shawnfort Parkermouth Yvonneborough Banksburgh Billton Burgessview Dianashire Ashleyborough Clarkberg Reevestown Judithview Michaelview Clarenceview Michaelview Judithview Reevestown Clarkberg Burtonview Murphyside Bakertown Derekville Bakertown Murphyside Burtonview Clarkberg Ashleyborough Paulburgh Robertsstad Toddtown Swansonshire Abigailhaven Swansonshire Toddtown Robertsstad Paulburgh Walltown Scotttown Jacksonview Danielville Jacksonview Scotttown Walltown Callahantown Maryport Combsville Maryport Callahantown Walltown Paulburgh Ashleyborough Osborneville Christophermouth Shawnhaven Dannyside Shawnhaven Candaceborough Shawnhaven Christophermouth Osborneville Payneview Teresafort Smithtown Jacksonland Smithtown Teresafort Payneview Jacksonville Jennifertown Feliciaville Jennifertown Jacksonville Christopherhaven Jacksonville Payneview Barnesmouth Harrisport Brendaview Harrisport Barnesmouth Payneview Osborneville Ashleyborough Dianashire Porterton
85
Johnsonberg Johnsonberg
Adamview Adamview
Feliciaville Feliciaville
Buckleyside Buckleyside
Combsville Combsville
Thompsonshire Thompsonshire
Mirandaview Mirandaview
Derekville Derekville
Tylerbury Wilsonstad
Johnsonchester Susanfort
Haleview Haleview
Hallstad Hallstad
Waltersmouth Adamport
Dannyside Dannyside
Jermaineton Jermaineton
Parkermouth Parkermouth
Bakertown Jameston Bakertown
Hansonbury Hansonbury
Kylieview Kylieview
Brendaview Brendaview
Mercedesmouth Mercedesmouth
Kimberlyburgh Kimberlyburgh
Leahmouth Leahmouth
Candiceland Candiceland
Houstonchester Houstonchester
Michaelview Michaelview
Dyerport Dyerport
Patriciabury Troyfort Patriciabury
Cranemouth Cranemouth
Audreyfort Audreyfort
Maryport Reynoldsview Maryport
Ellisstad Ellisstad
Byrdfurt Byrdfurt Loweryborough
Andrewschester Andrewschester
Sethland Tannerhaven
Christyland Christyland
Patriciaside Patriciaside
Garciamouth Garciamouth
Robinsonmouth Robinsonmouth Horneside
Adamside Adamside Bradberg
Banksburgh Williamland Michaelville
Jacksonland Jacksonland
Christopherhaven Christopherhaven
Harrisport Harrisport
Rioshaven Rioshaven Josephstad
Jonesfurt Jonesfurt
Bondmouth Taylorton Bondmouth
Williamschester Williamschester
Candaceborough Candaceborough
Gabrielburgh Hodgesstad Gabrielburgh
Weberbury Clarkport
Fordhaven Fordhaven
Barnesmouth Clarkborough
Ashleystad Holthaven Vickiville
Osbornemouth Osbornemouth
Thomasborough Ortegaberg Masseyside Thomasborough
Danielville Danielville
Shawnmouth Shawnmouth
Codyton Ryanside Codyton
Smithtown Smithtown Abigailville
Jacksonview Jacksonview
Ramosborough Ramosborough
Swansonshire Swansonshire
Thomasmouth Thomasmouth
Leechester Suttonville
Annberg Annberg
Ortizberg Ortizberg
Teresafort Calvinton
Walltown Williamshire
Mindyview Mindyview
Clarenceview Clarenceview
Robertomouth Robertomouth
Jennifertown Jennifertown
Nealfurt Nealfurt
Harrisborough Harrisborough
Adkinsberg Adkinsberg
Millerborough Millerborough
Shawnfort Shawnfort
Watsonville Watsonville
Abigailhaven Abigailhaven
Smithfort Smithfort
Clarkbury Clarkbury
Priceville Priceville
Joneschester Joneschester
Hallborough Hallborough
