Taylorville Weberside Jonesbury Lloydton Jonesbury Jamestown Glasston Jamestown Jonesbury Weberside Eduardotown Sullivanmouth Michaelville Sullivanmouth Eduardotown Weberside Taylorville Alejandroport Shawnport Mariaview Kristenmouth Alexmouth Kristenmouth Mariaview Saraport Lewisburgh Saraport Mariaview Shawnport Alejandroport Ashleyland Kathyfort Hawkinsland Camposstad Hawkinsland Ayalabury Hawkinsland Kathyfort Ashleyland Alejandroport Deborahfurt Anthonyburgh Martinezfort Ericksonmouth Martinezfort Anthonyburgh Deborahfurt Alejandroport Taylorville Valerietown Johnmouth Kempshire Grahambury Johnsonside Grahambury Kempshire Johnmouth Valerietown Stewartberg Tinaville Nicholasshire Tinaville Stewartberg Valerietown Taylorville
20
Jamestown Jamestown Nicholefurt
Lloydton Lloydton Stephensonburgh Smithborough
Lewisburgh Lewisburgh
Alexmouth Alexmouth
Saraport Saraport Underwoodmouth
Kempshire Michaelfort
Kristenmouth Kristenmouth Stevenshire
Tinaville Steventown
Johnsonside Johnsonside
Grahambury Grahambury
Hawkinsland Hawkinsland
Ericksonmouth Ericksonmouth
Deborahfurt Foleyhaven
Martinezfort Martinezfort
Camposstad Camposstad
Glasston Glasston
Nicholasshire Nicholasshire
Sullivanmouth Underwoodborough
Ayalabury Ayalabury
Michaelville Michaelville
