Hernandezville Joelview Downsville Williammouth Haasville Williammouth Downsville Richardhaven Tammychester Rebeccaton Tammychester Richardhaven Downsville Joelview Farmerside Ryanton Williamsmouth Johnstonmouth Williamsmouth Ryanton Farmerside Joelview Mitchellchester Lopezmouth Dixonton Francesmouth Richardville Francesmouth Dixonton Lopezmouth Mitchellchester Joelview Hernandezville Beckyshire Derekton Wallaceville Morenoside Johnport Morenoside Wallaceville Derekton Beckyshire Ponceville Garymouth Camposstad Donaldstad Thomastown Donaldstad Camposstad Garymouth Ponceville Bridgesville Riveramouth Bradshawside Riveramouth Bridgesville Ponceville Beckyshire Hernandezville Joelview Farmerside Ralphtown Garciaport Charlesburgh Angelaview Charlesburgh Garciaport Ralphtown Farmerside Joelview Hernandezville Beckyshire Ponceville Bridgesville Riveramouth Martinton Riveramouth Bridgesville Esparzaberg Thomasburgh Johnsonmouth Thomasburgh Esparzaberg Bridgesville Ponceville Mcculloughchester Jonestown Kellyfort Pittsland Kellyfort Jonestown Mcculloughchester Ponceville Beckyshire Hernandezville
31
Haasville Haasville
Johnsonmouth Johnsonmouth
Johnstonmouth Johnstonmouth
Esparzaberg Allenberg Kristinbury
Jonestown Barbarachester Jonesberg
Pittsland Pittsland
Mcculloughchester Smithmouth Robertborough
Ralphtown Tylermouth Deanstad
Francesmouth Francesmouth
Kellyfort Tinatown Kellyfort
Farmerside Hendersonchester Contrerasland Morrisbury
Thomasburgh Thomasburgh Sanchezland
Dixonton Keithton Andrewland Aprilstad
Bridgesville Wilsonburgh Harristown Josephton
Angelaview Angelaview
Martinton Deborahfort Martinton Brianland
Bradshawside Wandaside Bradshawside
Johnport Johnport
Camposstad Williamsville
Williamsmouth Mcdonaldmouth Adkinsfurt
Lopezmouth Robertsfort Emilymouth Lopezview
Morenoside Amberfurt
Mitchellchester Huynhton
Garymouth Crystaltown Johnsontown
Charlesburgh Charlesburgh
Derekton Belindamouth
Donaldstad Donaldstad
Rebeccaton Rebeccaton
Thomastown Thomastown
Richardville Richardville
Tammychester Tammychester
