89 100 87 179 190 179 98 177 187 12 44 121 18 160 194 21 109 183 4 70 94 176 119 70 64 169 20 11 47 135 70 119 179 85 48 65 34 156 132 190 47 1 47 103 79 36 173 58 112 78 101 89
40
100 100 199
94 96 94 151 81 37 41 38
179 179
87 178 122 102 114 189 61
101 101
132 132 195
173 86 29 173 130 56
21 197 124 59 21 188
169 172 169 5
4 127 88 4 111 80 140 49
79 79
70 3 125 136 192 70
190 190 149 39
121 33 25 121
18 18
156 51 156
103 97 193 73
44 99 44
78 78 75 27
36 36
183 183
34 128 13 147 82
109 109
135 135
85 146 85
64 107 64 6 31
58 148 58
47 16
89 69 23
194 194 133 141
11 11 83
98 98
12 12
65 191 65
160 160 144
48 155 48 9
112 112
177 32
187 187
1 118 1
