fmdhlepsteinstdnkill epsteindlsfdntmkillh nhslfmepsteindtkilld hnfdtmlepsteinkillds msfltdkillnepsteinhd hnfdtmlepsteinkillds nltdmsfepsteinkilldh fkillepsteindlhdnsmt epsteinkillmsftnddlh dnkillepsteinlshdtfm killnfsdhltmepsteind fdshnmkillepsteinltd killnsfmhdepsteindtl nfdhkilllsmtepsteind sldnhepsteindftkillm epsteinfsddmthkillnl dhepsteindsnlkillfmt epsteinfsddmthkillnl tlsfdmdepsteinnhkill epsteinlshkilldnfdmt flepsteindndhmtkills killdmnsfhldepsteint ddlmnftepsteinhskill fhndskillepsteintldm lhsepsteindtdnmkillf epsteindfhlmdnskillt fmsepsteindntldhkill tlmsdhdnkillfepstein tmlepsteinsdnfkillhd epsteinskilldlndhmtf fdshnmkillepsteinltd killnfsdhltmepsteind lnsmkilltfdepsteindh dnkillepsteinlshdtfm killepsteinlhtfdsmdn dhkilllsepsteinmntdf killepsteinlhtfdsmdn dnkillepsteinlshdtfm epsteindlsfdntmkillh fmdhlepsteinstdnkill
28
msfltdkillnepsteinhd msfltdkillnepsteinhd
nfdhkilllsmtepsteind nfdhkilllsmtepsteind dfkilllmtepsteinhdsn
epsteindlsfdntmkillh epsteindlsfdntmkillh
epsteinkillmsftnddlh epsteinkillmsftnddlh dmepsteinfnhltkillsd
fdshnmkillepsteinltd fdshnmkillepsteinltd ddtmkillepsteinflsnh lndsdkilltmepsteinhf
fmsepsteindntldhkill fmsepsteindntldhkill
tmlepsteinsdnfkillhd tmlepsteinsdnfkillhd
killdmnsfhldepsteint killdmnsfhldepsteint epsteintdkilllnfdhms ndkillftdsmepsteinlh
lnsmkilltfdepsteindh lnsmkilltfdepsteindh
hnfdtmlepsteinkillds hdepsteinskillldtnfm hnfdtmlepsteinkillds
dnkillepsteinlshdtfm dnkillepsteinlshdtfm mftkillepsteinndlhsd lmhdtfdepsteinnkills lhepsteinkilldtnmfsd
killnsfmhdepsteindtl killnsfmhdepsteindtl
tlsfdmdepsteinnhkill tlsfdmdepsteinnhkill
killepsteinlhtfdsmdn killepsteinlhtfdsmdn
ddlmnftepsteinhskill ntlepsteindmfdshkill fepsteinhsntddkilllm killmlepsteindthnfsd ddlmnftepsteinhskill
epsteindfhlmdnskillt epsteindfhlmdnskillt dlnsthfmepsteinkilld
epsteinfsddmthkillnl depsteinnlsfmhtkilld nepsteinlmdkilldhfts hnsdkilllftdmepstein
dhkilllsepsteinmntdf dhkilllsepsteinmntdf
fmdhlepsteinstdnkill nhmkilllsftepsteindd
tlmsdhdnkillfepstein lsdepsteinfmkillndth hsndepsteindlmtkillf tlmsdhdnkillfepstein epsteinmhndfkilltdls
epsteinskilldlndhmtf fshtdepsteinmldnkill epsteinskilldlndhmtf nkilltdhlmdepsteinsf hepsteinsddnfkillmlt
flepsteindndhmtkills flepsteindndhmtkills
nltdmsfepsteinkilldh nltdmsfepsteinkilldh
dhepsteindsnlkillfmt dhepsteindsnlkillfmt
nhslfmepsteindtkilld hsdfepsteintlnkilldm
fkillepsteindlhdnsmt stepsteinhkillfmnldd
fhndskillepsteintldm fhndskillepsteintldm
epsteinlshkilldnfdmt epsteinlshkilldnfdmt
