dldkilltnmhfepsteins msddkilllthepsteinfn dmhdepsteinfsltkilln tdkillepsteinsmhdfnl shepsteinnkillftlddm tepsteinhsdkillmldfn epsteinldtnfmshdkill fdmtdepsteinkilllsnh lntkillepsteinfsddhm fkillepsteinndmdlhts nepsteinfthdldmkills lhsntdepsteindkillmf sdndhepsteinltkillfm killmdshdtnflepstein dlfdkilltepsteinhnms hsepsteinfkillnmddtl hepsteinnfmtlkilldds ldfsmnepsteinkilltdh hepsteinnfmtlkilldds hsepsteinfkillnmddtl smfhndepsteinkillltd skillmfepsteinthddnl lkillfthdsepsteindnm ndkillthdepsteinlsmf dkillnmsfhtlepsteind epsteinhdkillltsmfdn mkilldlshdtfepsteinn lepsteindsmnhftdkill epsteinldtnfmshdkill fdmtdepsteinkilllsnh tsmdepsteinkillhfdln depsteinlfnmkilldsht lhepsteintndkilldsmf depsteinlfnmkilldsht tsmdepsteinkillhfdln lkilldtnmsepsteindfh tdnfmdhepsteinslkill fmtnkilldepsteindhsl mhdskillldftnepstein lntkillepsteinfsddhm fdmtdepsteinkilllsnh mdkilllfdnstepsteinh lkillepsteintdshmfnd mdkilllfdnstepsteinh fdmtdepsteinkilllsnh lntkillepsteinfsddhm mhdskillldftnepstein nmkilldepsteinhtldsf ltfnsdhepsteinkilldm tepsteinmdfldhnskill ltfnsdhepsteinkilldm killhtdmdlnsfepstein mkilldlshdtfepsteinn epsteinhdkillltsmfdn mdkillntepsteindfhsl depsteinfmkillhdsnlt fhnmkillepsteinsdltd mhkillepsteinddlfsnt hdntepsteinkilllsdfm dkillnmhldstfepstein skillmfepsteinthddnl lkillfthdsepsteindnm hnddkilltslmfepstein thdlskillnfdmepstein lepsteinkilldhfmstnd thdlskillnfdmepstein hnddkilltslmfepstein shfnmltepsteindkilld killtdslhfdepsteinnm slepsteinkillfmddhtn killtdslhfdepsteinnm shfnmltepsteindkilld killdldepsteinmfsthn epsteinfthkilldnslmd ntmdhepsteinsdkillfl epsteinfthkilldnslmd killdldepsteinmfsthn shfnmltepsteindkilld killtdslhfdepsteinnm fmtnkilldepsteindhsl mkillldnhepsteinstfd smkillnepsteinfldthd killdepsteinmfltdshn tsdnhkilllmepsteindf killdepsteinmfltdshn tsmdepsteinkillhfdln killmdshdtnflepstein fdskillndtmepsteinlh killmdshdtnflepstein fthlkillnepsteindsdm nftmskilldldepsteinh tepsteinkilldflhnmsd lhsntdepsteindkillmf lmkillepsteintsndfhd killhdfnsepsteinmltd hfskilldepsteinmndlt dhtepsteinkillsdflmn hdntepsteinkilllsdfm dkillnmhldstfepstein epsteinshlkilldmnfdt dfdepsteintlnskillhm ldepsteindhkilltsmfn dfdepsteintlnskillhm epsteinshlkilldmnfdt dkillnmhldstfepstein fsepsteindkillhmtdln epsteinlmkillfshnddt fsepsteindkillhmtdln dhkillldsepsteintnmf sndldftmkillepsteinh nepsteindhkillltmsfd killthsepsteindmlfdn msddkilllthepsteinfn dldkilltnmhfepsteins
64
dlfdkilltepsteinhnms dlfdkilltepsteinhnms
sdndhepsteinltkillfm sdndhepsteinltkillfm dfkilllepsteinsnmhtd
depsteinlfnmkilldsht tldkillhsfnmepsteind depsteinlfnmkilldsht
mdkillntepsteindfhsl mdkillntepsteindfhsl dmldfhskillntepstein
nftmskilldldepsteinh mdkillnlsdtepsteinhf nftmskilldldepsteinh
tsdnhkilllmepsteindf tsdnhkilllmepsteindf
tsmdepsteinkillhfdln tsmdepsteinkillhfdln killfthnmsdlepsteind
lepsteindsmnhftdkill dhsepsteintlkillmfnd
fmtnkilldepsteindhsl fhdmnepsteindkillslt fmtnkilldepsteindhsl
tdnfmdhepsteinslkill epsteintfhndkilllmsd dlshdtepsteinnkillfm
fdskillndtmepsteinlh fdskillndtmepsteinlh
killhdfnsepsteinmltd killhdfnsepsteinmltd
dhkillldsepsteintnmf killtdmsdfhnepsteinl fmltddhnepsteinskill
hfskilldepsteinmndlt fddsmepsteintnkillhl
lepsteinkilldhfmstnd lepsteinkilldhfmstnd
lkilldtnmsepsteindfh lkilldtnmsepsteindfh dhmkillfdltnsepstein
fdmtdepsteinkilllsnh killmfndshdtepsteinl fdmtdepsteinkilllsnh sdlhfnmdepsteintkill
fkillepsteinndmdlhts mkillthfdlnepsteinds epsteinsnmflhtdkilld dtsmdnlhfepsteinkill
mdkilllfdnstepsteinh mdkilllfdnstepsteinh
fhnmkillepsteinsdltd fhnmkillepsteinsdltd
shepsteinnkillftlddm msepsteintlhnfkilldd
slepsteinkillfmddhtn slepsteinkillfmddhtn
hnddkilltslmfepstein dmtlsfhnkilldepstein killtepsteinddhlmnsf
fthlkillnepsteindsdm hepsteinnfdmlsdtkill depsteinftndhmkillsl lepsteindnhstfdmkill epsteindkilltlmnhsfd thnkillmddsepsteinfl
ndkillthdepsteinlsmf ndkillthdepsteinlsmf mndtkillepsteindlfhs
dkillnmhldstfepstein dkillnmhldstfepstein
lkillepsteintdshmfnd lkillepsteintdshmfnd
lmkillepsteintsndfhd lmkillepsteintsndfhd hepsteinntdkillsdmfl depsteintkilllnmsfdh ndshkilldmlepsteinft
shfnmltepsteindkilld shfnmltepsteindkilld
mhkillepsteinddlfsnt mhkillepsteinddlfsnt
msddkilllthepsteinfn msddkilllthepsteinfn
lhsntdepsteindkillmf lhsntdepsteindkillmf
ldepsteindhkilltsmfn ldepsteindhkilltsmfn
dfdepsteintlnskillhm dfdepsteintlnskillhm
dkillnmsfhtlepsteind tndskilldfepsteinmhl dkillnmsfhtlepsteind
killhtdmdlnsfepstein killhtdmdlnsfepstein hmdkilllnepsteinfsdt nfltdmkillsdepsteinh lsmftnepsteinkillhdd
fsepsteindkillhmtdln fsepsteindkillhmtdln skillthlfndepsteindm
epsteinfthkilldnslmd epsteinfthkilldnslmd
skillmfepsteinthddnl skillmfepsteinthddnl
epsteinhdkillltsmfdn epsteinhdkillltsmfdn
mhdskillldftnepstein mhdskillldftnepstein
ltfnsdhepsteinkilldm ltfnsdhepsteinkilldm
tepsteinhsdkillmldfn tepsteinhsdkillmldfn sldhnfmtdkillepstein
killdepsteinmfltdshn killdepsteinmfltdshn dflstmkillepsteindhn
mkillldnhepsteinstfd mkillldnhepsteinstfd
depsteinfmkillhdsnlt tdfkillslepsteinhdmn
killtdslhfdepsteinnm killtdslhfdepsteinnm
dhtepsteinkillsdflmn hnsepsteinmkillfddtl dhtepsteinkillsdflmn
hsepsteinfkillnmddtl hsepsteinfkillnmddtl nmdhepsteinkilltfsld epsteindmshtfldnkill
tdkillepsteinsmhdfnl tdkillepsteinsmhdfnl
sndldftmkillepsteinh sndldftmkillepsteinh
dmhdepsteinfsltkilln hmndfkillslepsteintd
killthsepsteindmlfdn killthsepsteindmlfdn depsteinslkillhdftmn
lkillfthdsepsteindnm dtnkillsepsteinmdfhl hnskillepsteintfdmld
epsteinldtnfmshdkill epsteinldtnfmshdkill
thdlskillnfdmepstein thdlskillnfdmepstein
killdldepsteinmfsthn killdldepsteinmfsthn dnldkillhmfstepstein
ldfsmnepsteinkilltdh ldfsmnepsteinkilltdh
mkilldlshdtfepsteinn mkilldlshdtfepsteinn epsteinhnkillsldfdmt
epsteinlmkillfshnddt epsteinlmkillfshnddt
tepsteinmdfldhnskill tepsteinmdfldhnskill
ntmdhepsteinsdkillfl ntmdhepsteinsdkillfl
nepsteindhkillltmsfd nepsteindhkillltmsfd
lhepsteintndkilldsmf lhepsteintndkilldsmf
