149 100 105 109 111 109 105 103 104 120 119 140 142 140 125 123 122 126 117 115 116 107 100 149 060 062 054 053 050 053 056 066 056 053 054 059 054 063 065 063 072 084 088 087 089 087 086 074 085 074 075 076 081 076 080 076 077 078 083 078 079 063 090 091 092 097 096 099 090 063 054 062 070 071 068 071 070 069 067 070 062 060 149 000 001 002 013 024 025 026 027 028 038 048 038 037 036 044 031 024 013 002 001 000 149
36
024 006
026 026
031 031
037 037
048 048
050 050
053 053
054 054
056 056
059 059
060 060
063 064
065 065
066 066
067 067
068 068
069 069
078 078
079 079
080 080
081 081
083 083
085 085
086 086
088 088
089 089
091 091
096 096
097 097
103 103
104 104
111 111
115 115
123 123
126 126
142 142
