CorpusChristi Downey ElMonte Burbank Denver Alexandria BonitaSprings Dallas Bridgeport Chicago Appleton Chicago Denton Bremerton CathedralCity Anaheim Champaign Elkhart BelAir Anchorage Deltona Anchorage Davenport Bloomington Austin Beaumont Austin Asheville BatonRouge Augusta BatonRouge Chesapeake Durham Albuquerque Columbus Albuquerque Arvada Carrollton Elizabeth Columbia Brownsville Cleveland BoiseCity Danbury DavidsonCounty ColoradoSprings DavidsonCounty Chandler AppleValley Cincinnati Amarillo Boise Chattanooga Escondido Bryan Clearwater Boulder Charleston Canton DalyCity Akron ElPaso CorpusChristi CapeCoral CorpusChristi
50
Akron Akron
Albuquerque Albuquerque
Alexandria Alexandria
Amarillo Amarillo
Anaheim Anaheim
AppleValley AppleValley
Appleton Appleton
Arvada Arvada
Asheville Asheville
Augusta Augusta
Austin Austin
Beaumont Beaumont
BelAir BelAir
Bloomington Bloomington
BoiseCity BoiseCity
BonitaSprings BonitaSprings
Boulder Boulder
Bremerton Bremerton
Bridgeport Bridgeport
Brownsville Brownsville
Bryan Bryan
Canton Canton
CapeCoral CapeCoral
Carrollton Carrollton
CathedralCity CathedralCity
Champaign Champaign
Chandler Chandler
Charleston Charleston
Chattanooga Chattanooga
Chicago Chicago
Cincinnati Cincinnati
Clearwater Clearwater
ColoradoSprings ColoradoSprings
Columbia Columbia
Columbus Columbus
CorpusChristi CorpusChristi
Dallas Dallas
DalyCity DalyCity
Danbury Danbury
Davenport Davenport
Deltona Deltona
Denton Denton
Denver Denver
Downey Downey
Durham Durham
ElMonte ElMonte
ElPaso ElPaso
Elizabeth Elizabeth
Elkhart Elkhart
Escondido Escondido
