BatonRouge Bellevue Bradenton Cambridge Bradenton Boston Albuquerque Arvada Atlanta Berkeley Amarillo Aberdeen BoiseCity Aberdeen Aurora Akron Bethlehem Albany Bryan AnnArbor Birmingham Boulder AtlanticCity Buffalo Anchorage Bellevue BatonRouge
22
Aberdeen Aberdeen
Albuquerque Abilene Albuquerque
Albany Albany
Amarillo Amarillo
Anchorage Anchorage
AnnArbor AnnArbor Beaumont
Arvada Arvada
Atlanta Atlanta Barnstable
AtlanticCity AtlanticCity
Aurora Aurora
BatonRouge BatonRouge
Berkeley Berkeley
Bethlehem Bethlehem
Birmingham Birmingham
BoiseCity BoiseCity
Boston Boston
Boulder Boulder
Bradenton Bradenton
Bryan Bryan
Buffalo Buffalo
Bellevue Burbank
Cambridge Cambridge
