FortCollins Hollywood Bradenton Bridgeport McAllen Chicago Clearwater Evansville LasCruces Fairfield Cincinnati Bakersfield AtlanticCity Jacksonville Gilbert Augusta Appleton Brownsville Fayetteville DalyCity Houston Fresno Kalamazoo Fresno Bethlehem Eugene BoiseCity Henderson Grayslake Bremerton Allentown Detroit CedarRapids Lorain Garland GrandRapids Irvine Harrisburg Fontana AppleValley Amarillo Alexandria Carrollton Berkeley ElMonte Berkeley CapeCoral KansasCity DavidsonCounty Carrollton Frederick Hampton Lakewood Lafayette Champaign Elkhart Kissimmee FortWaltonBeach LittleRock Greensboro Abilene Dallas Jefferson Marysville Aberdeen Barnstable Louisville Lubbock Howell Atlanta Manchester Leominster Arvada Fargo BonitaSprings Baltimore DesMoines Inglewood Hickory Erie Albuquerque Indianapolis Burbank Fremont Brighton Lacey Irving Denver Layton Austin LasVegas Kennewick Anaheim Independence Bellevue Lakeland CollegeStation Boise CollegeStation ElPaso Hemet Knoxville Harlingen FortCollins
89
Aberdeen Aberdeen
Abilene Abilene
FortCollins Akron Elizabeth FortCollins
Albuquerque Albuquerque
Alexandria Alexandria
Allentown Allentown
Amarillo Amarillo
Anaheim Anaheim
Fairfield Anchorage Fairfield Joliet Lancaster
Bakersfield AnnArbor Bakersfield
AppleValley AppleValley
Appleton Appleton
Arvada Arvada
Atlanta Atlanta
Augusta Augusta
Austin Austin
Baltimore Baltimore
Barnstable Barnstable
Bethlehem Beaumont Bethlehem
Bellevue Bellevue
Berkeley Berkeley
Boise Boise
BoiseCity BoiseCity
BonitaSprings BonitaSprings
Bradenton Bradenton
Bremerton Bremerton
Brighton Brighton
Brownsville Brownsville
Burbank Burbank
CapeCoral CapeCoral
Carrollton Carrollton
Irving Cary Irving
CedarRapids CedarRapids
Champaign Champaign
DesMoines Chandler DesMoines
Chicago Chicago
LasVegas Cleveland
CollegeStation CollegeStation
Layton ColoradoSprings Layton
Dallas Dallas
DalyCity DalyCity
Evansville Danbury Evansville
DavidsonCounty DavidsonCounty
Denver Denver
Detroit Detroit
ElMonte ElMonte
ElPaso ElPaso
Elkhart Elkhart
Erie Erie
Eugene Eugene
Fargo Fargo
Fayetteville Fayetteville
Fontana Fontana
FortWaltonBeach FortWaltonBeach
Frederick Frederick
Fremont Fremont
Fresno Fresno
Garland Garland
Gilbert Gilbert
GrandRapids GrandRapids
Grayslake Grayslake
Hampton Hampton
Harlingen Harlingen
Harrisburg Harrisburg
Hemet Hemet
Henderson Henderson
Hickory Hickory
Hollywood Hollywood
Houston Houston
Independence Independence
Indianapolis Indianapolis
Inglewood Inglewood
Irvine Irvine
Jacksonville Jacksonville
Jefferson Jefferson
Kalamazoo Kalamazoo
Kennewick Kennewick
Knoxville Knoxville
Lacey Lacey
Lafayette Lafayette
Lakeland Lakeland
Lakewood Lakewood
LasCruces LasCruces
Leominster Leominster
LittleRock LittleRock
Lorain Lorain
Louisville Louisville
Lubbock Lubbock
Manchester Manchester
