152 97 94 180 51 54 115 129 58 186 12 104 24 183 50 181 102 82 143 95 119 101 37 49 89 60 89 108 105 140 169 106 157 106 101 139 65 74 166 64 84 161 4 5 27 152 126 33 43 19 79 92 21 149 24 183 152
37
183 31 9 111 168 183
139 142 134 139 87
74 28
97 97
84 116 56 171 165 66
89 89
105 105
79 79
169 169
157 157 45 175
129 170 112
51 172 78 2 51
37 37
149 163 41 149 90
95 35 95 145 184 0
143 143 151
21 73
166 81 166
12 12
58 58
50 50 153
92 92
108 85 96 136 8
5 5 182
180 130 180
104 121
60 60
27 27
65 65 144
126 126
4 113
94 13 42 94 38
82 53
181 181
101 101
54 54
152 75
