location34 location192 location163 location174 location137 location52 location111 location76 location104 location159 location135 location55 location14 location47 location37 location12 location38 location79 location9 location79 location0 location79 location194 location97 location157 location97 location99 location175 location24 location64 location122 location161 location116 location103 location101 location130 location104 location15 location88 location126 location139 location126 location117 location177 location54 location63 location134 location89 location3 location170 location176 location21 location182 location136 location72 location115 location123 location121 location189 location155 location162 location155 location165 location164 location180 location142 location120 location142 location158 location39 location46 location17 location6 location79 location96 location141 location71 location132 location108 location60 location108 location32 location109 location144 location45 location28 location177 location68 location11 location2 location90 location2 location19 location98 location59 location34
77
location34 location34
location46 location46
location72 location72
location132 location132
location189 location189
location155 location155 location125
location192 location23 location192
location89 location89
location52 location52
location45 location45
location39 location39
location177 location177 location187
location159 location159 location149
location123 location131 location140
location165 location181 location107 location151
location194 location194
location170 location170
location68 location68
location71 location71
location11 location11
location19 location197
location28 location28
location158 location158
location55 location55
location111 location111
location134 location134 location92
location99 location99
location108 location143
location59 location167 location59
location164 location164
location15 location15
location37 location37
location161 location161
location115 location115
location9 location9
location96 location96 location27
location157 location157
location130 location130
location64 location64
location162 location162
location122 location122
location12 location12
location24 location24 location188
location163 location163
location142 location142
location47 location47
location137 location137
location0 location0
location63 location172 location199
location6 location6
location79 location119 location79
location135 location135
location109 location109
location120 location120
location182 location91
location90 location90
location103 location103
location144 location144
location54 location54
location136 location136
location117 location117
location2 location2
location174 location174
location88 location88
location98 location98
location139 location139
location121 location121
location38 location38
location60 location60 location114
location175 location175 location105
location180 location180
location17 location17
location76 location76
location176 location176
location21 location21
location3 location3
location116 location86
