WNYCV 18R1B HZ80H CUG55 QTZLJ EYREL BGJ6Q BMC9X UUOP5 QSI1X 5I6U4 J501P OE5TB PQ40E 91RFG 1ACIU KRLTG BC3W4 1BUOS 5I6U4 EQWAL 7CXN0 WNYCV
20
5I6U4 XRQ65 V11OW 5I6U4 2KYXC
1ACIU 1ACIU B8UZ8 XD7IR 65TK9
BC3W4 H8ZPW KB443 X2AM4 YMTTJ
EYREL GXYLV EYREL
91RFG TG5ZG 91RFG
EQWAL EQWAL
OE5TB OE5TB HR8IA
QSI1X QSI1X 1UWW5 F07YB
PQ40E F5YBY
QTZLJ QTZLJ 42QVU XDKMD
7CXN0 ULCTZ XPFOM 7CXN0
KRLTG 77EY5 KRLTG
WNYCV K1ZSD
UUOP5 XTUSM UGOIO UUOP5 BO3AW 9HVLF
J501P XBRKQ 2FT0Z URMBF GAXPM 1NBGE
BMC9X ZA57Z BMC9X
1BUOS 1BUOS H212X
CUG55 CUG55
18R1B HHCET 18R1B
HZ80H HZ80H
