4HOMU ZRPB5 O9J47 PMFJ2 69BJO FRZVP RAAD4 FCYPJ 4WDJE BE5V8 ELH5L W2M5C Q7FCL UW44H Y61KP TBPBM ZHSBU M1HJR NPDI9 52MNN SA6G0 2BUI5 A1QRL HZHRA RU85S 50J5H SHOOM AT3CI VHCFR W2H22 FMCVK 9WSXC FMCVK PXCIN CFGE5 6OA3K FC0PR WBT4L 6WOBI SKPO7 Q5DAA ZZH8Z WP2MA HV4Z2 SYV5N XEEQB 2C63O LIRLU TY0L7 61QWU 768ZF P419D WI88U EDSMH L2GJ5 TORQI DTPF4 TORQI 1F0YL DOLRQ 45JXE PTADN TCC7B L2PQE LEBVZ TI35I 6NY7T CM5WA WXZHF 1Y2CG Z22CS KOYRV Z22CS 8CLEZ 3AIXW IZESQ KC9RF 0U9HU 6ACGE IF7TL 0VPRW V22SY UX00P H1LTE BVMDZ 0D2BR 1RS2N 945CN DCHO3 PYPSO T9O11 HWKGJ LLTLN UX00P MC71K LKP22 C8O6I 7U3JG 53Y1R V8GEC OIPRN C7WKJ 4HOMU JXLE1 X180A DDXG0 DL8LT 4HOMU
93
L2PQE L2PQE
945CN 945CN
L2GJ5 L2GJ5
2C63O 2C63O
SYV5N SYV5N
768ZF 768ZF
RU85S RU85S
KOYRV KOYRV
XEEQB XEEQB
KC9RF KC9RF
52MNN ZN2EP 52MNN
45JXE 45JXE
UW44H UW44H
0D2BR 0D2BR
M1HJR M1HJR
LIRLU LIRLU
1F0YL 1F0YL
DOLRQ DOLRQ
WP2MA WP2MA
50J5H 50J5H
CFGE5 CFGE5
Q7FCL Q7FCL
0VPRW 0VPRW
SHOOM SHOOM
HWKGJ HWKGJ
6ACGE 6ACGE
DTPF4 DTPF4
WBT4L 7GA8O
7U3JG 7U3JG
BE5V8 BE5V8
TY0L7 TY0L7
W2M5C W2M5C
SA6G0 SA6G0
WI88U WI88U
TORQI TORQI
ZHSBU ZHSBU
DCHO3 DCHO3
RAAD4 RAAD4
FRZVP FRZVP
HZHRA HZHRA
53Y1R 53Y1R K50JQ
TI35I TI35I
Y61KP Y61KP
9WSXC 9WSXC
C7WKJ C7WKJ
P419D P419D
NPDI9 NPDI9
ZZH8Z ZZH8Z
IF7TL IF7TL
V22SY V22SY
PXCIN PXCIN
JXLE1 JXLE1
H1LTE H1LTE OLLV9
DDXG0 DDXG0
PTADN PTADN
IZESQ IZESQ
2BUI5 2BUI5
3AIXW 3AIXW
1RS2N 1RS2N
0U9HU 0U9HU
Q5DAA WZB33 Q5DAA
4WDJE 4WDJE
PYPSO 8EXDQ PYPSO
FCYPJ FCYPJ
W2H22 W2H22
CM5WA CM5WA
6WOBI 6WOBI
AT3CI AT3CI
SKPO7 SKPO7
ZRPB5 ZRPB5 YJ67U
T9O11 T9O11
LEBVZ LEBVZ
61QWU 61QWU
BVMDZ C45HH BVMDZ
ELH5L ELH5L
69BJO 69BJO
X180A X180A
WXZHF WXZHF
OIPRN OIPRN
MC71K MC71K
6OA3K 6OA3K
FC0PR FC0PR
C8O6I C8O6I
LLTLN LLTLN
A1QRL A1QRL
V8GEC V8GEC
PMFJ2 PMFJ2
8CLEZ 8CLEZ
TCC7B TCC7B
LKP22 LKP22
TBPBM TBPBM
EDSMH EDSMH
VHCFR VHCFR
