fab8g f5Qx2 iy8Ty Lqz0g uQK8T 1rURn 8xyrX B3NSd Bw1D7 77EXR CT8M8 pnHil 5Ix1v ciJ7c KWmhW AGorf 1SvIs Upoa8 guI5B f5Qx2 DHhK9 lJJK2 Vjk2Z BWyM2 77EXR obqW1 HKgVO H6HgM kCdcu 1rURn cQMFl wKKkJ f5Qx2 TtUXd H6HgM eHREN nRTkO 3FUsL cQMFl RnwlC rzyrR mgHYN rzyrR lJfgZ rzyrR bD2TR HPcVt Flgse Gt2w1 HaHFT fab8g
37
fab8g 7J90B fab8g LBzlR 015ql cm8oa 8tK4L G944F 4GEPG tEdSo wiGnS 2Z0oU l0HDP 1OpM2 qchZ3 KB016 9u8oD L54Jg 9ZatH 1xx4U x8KLa fr0Bd
1rURn cDkiZ n9AEE
iy8Ty iy8Ty PpZP8 Nbb6U 1pNjr KzS0e GHmnJ eDWES FW6DI aiycm g1WJz O1QPI nScgp P5ucv fhc2k
guI5B guI5B
bD2TR bD2TR
uQK8T gwQSf b4E7v F7m3U uQK8T
Flgse Flgse
Gt2w1 Gt2w1
BWyM2 BWyM2
f5Qx2 8PY0r 3XMfZ Q0oXi yM9nQ lcarA XDGuI o4F0A RhMSo tQXF5 BybTG ZlgGe c17Qf 4b2sA f5Qx2
Bw1D7 Bw1D7
HaHFT HaHFT
Vjk2Z Vjk2Z
lJJK2 lJJK2
mgHYN mgHYN
Lqz0g G91ym RgC1Q BJ1iC 0YoJb VIl39 pesnn dAx9s Lqz0g
8xyrX bepE0 adW6k 8xyrX
AGorf AGorf
B3NSd TQZik sF84c B3NSd VUKiE
lJfgZ lJfgZ
1SvIs 1SvIs
CT8M8 CT8M8 4ORRk
KWmhW KWmhW
obqW1 obqW1
HKgVO HKgVO
cQMFl cQMFl
DHhK9 DHhK9
5Ix1v 5Ix1v
kCdcu kCdcu
H6HgM H6HgM
ciJ7c ciJ7c
TtUXd TtUXd
nRTkO nRTkO
RnwlC RnwlC
wKKkJ wKKkJ
rzyrR rzyrR
3FUsL 3FUsL
