cy4fm C565q uT5W0 kjpV4 w4BF1 19YKC dU1Ub G6G4p 3iQ53 GX9Mz 8RNd8 wdXpe F2nEN 19YKC P8Fbf IjjWK nogr2 Iks3D X6hJp yFKGt 1H2uK NvAYI wdXpe BoNoJ Xhpv3 19YKC tao9t 8aYYW DCl5F yMPWG YTtfA cy4fm
27
uT5W0 uT5W0 P3lE7 vSPJ5 qt5AA di7h7 EWhpw
C565q C565q 6ceXl Vjg5l LNh60 OFvld uWr4y
w4BF1 lA2MC 5rdYI GHZOS w4BF1 OoKEI
P8Fbf P8Fbf
yMPWG yMPWG
19YKC rUUVt zQjQm C0eRL 19YKC
Iks3D Iks3D
F2nEN FnVf8 F2nEN
X6hJp X6hJp
yFKGt yFKGt
DCl5F DCl5F
3iQ53 3iQ53
tao9t tao9t
BoNoJ BoNoJ
8RNd8 KYsbm 8RNd8
wdXpe wdXpe
G6G4p G6G4p Cfmbw
IjjWK IjjWK
nogr2 hOy4D nogr2
1H2uK 1H2uK
kjpV4 kbRYl gk2cW jse5F
Xhpv3 Xhpv3
8aYYW 8aYYW
cy4fm 7l0Vw
GX9Mz 7XIxZ
NvAYI NvAYI
dU1Ub dU1Ub
