10 58 10 14 69 68 21 23 89 54 55 90 2 82 2 63 62 94 95 49 67 98 67 40 66 97 6 61 93 61 8 19 80 42 81 42 48 79 78 48 46 76 46 24 75 74 24 45 73 72 41 87 51 87 86 50 33 0 84 85 0 3 71 34 70 3 9 57 9 56 91 31 20 96 26 65 64 35 30 52 30 53 15 92 10 59 10
46
50 50
51 51
52 52
53 53
54 54
55 55
56 56
57 57
58 58
59 59
93 60 93
61 61
62 62
63 63
64 64
65 65
66 66
67 67
68 68
69 69
70 70
71 71
72 72
73 73
74 74
75 75
76 76 77
78 78
79 79
80 80
81 81
82 82 83
84 84
85 85
86 86
87 87
30 88
89 89
90 90
91 91
92 92
94 94
95 95
96 96
97 97
98 98
