0 160 41 95 132 95 130 183 46 163 2 67 85 136 85 137 41 129 77 128 26 153 51 2 192 5 159 92 0 162 0 64 35 113 172 113 112 171 112 35 64 60 65 30 104 30 156 93 23 196 195 148 88 150 88 2 67 85 137 188 137 85 91 133 185 33 189 139 96 140 190 140 96 139 189 30 115 25 116 174 116 14 107 31 108 31 78 92 0
53
163 100 102 163
2 101 119 121 123 164 176
104 103 104 105 165
31 106
107 107 167 168
108 108
23 109 110 111 118 120 122 169 170 178
112 112
113 113
35 114
115 115 173
116 116
25 117
33 124 125 147 179 180 186
95 126 131 184
77 127 181
128 128 182
129 129
130 130
132 132
133 133
91 134 135
136 136 187
137 137
85 138
139 139
140 140
96 141
60 142 143 144
26 145
51 146 151 152 193 194 197 198
148 148
196 149 196
150 150
153 153
93 154 155
156 156
92 157 158
159 159
160 160 161
162 162
30 166
171 171
172 172
174 174
14 175 177
183 183
185 185
188 188
189 189
190 190
192 191 192
195 195
