0 2 5 11 24 50 102 50 24 11 5 12 26 53 107 53 26 12 5 2 0 1 3 7 15 31 64 130 64 31 15 7 3 1 4 9 19 39 80 161 80 39 19 9 4 1 3 8 18 38 77 155 77 38 18 8 3 1 4 10 21 43 87 175 87 43 21 10 4 1 3 7 16 34 70 141 70 34 16 7 3 1 4 9 20 41 84 170 84 41 20 9 4 1 0 2 5 12 25 51 103 51 25 12 5 2 6 13 28 58 117 58 28 13 6 2 5 11 23 48 97 196 97 48 23 11 5 2 0 1 3 8 17 35 72 145 72 35 17 8 3 1 0 2 5 11 23 48 97 195 97 48 23 47 95 192 95 47 23 11 5 2 0 1 4 10 22 46 94 190 94 46 22 10 4 1 3 8 17 35 71 143 71 35 17 8 18 37 75 152 75 37 18 8 3 1 0 2 6 14 30 62 126 62 30 14 6 2 0 1 3 8 17 36 73 148 73 36 17 8 3 1 0 2 5 11 24 49 99 199 99 49 24 11 5 2 0
61
49 100
50 101
102 102
103 103
51 104
25 105 106
107 107
53 108
26 109 110
13 111 112 113 114
28 115 116
117 117
58 118
14 119 120 121 122
30 123 124
62 125
126 126
31 127 128
64 129
130 130
15 131 132 133 134
16 135 136 137 138
34 139 140
141 141
70 142
143 143
71 144
145 145
72 146
73 147
148 148
36 149 150
75 151
152 152
37 153 154
155 155
77 156
38 157 158
39 159 160
161 161
80 162
19 163 164 165 166
41 167 168
84 169
170 170
20 171 172 173 174
175 175
87 176
43 177 178
21 179 180 181 182
22 183 184 185 186
46 187 188
94 189
190 190
95 191
192 192
47 193 194
195 195
196 196
48 197 198
199 199
