Soda ChiOmega Dwinelle Riverside SigmaKappa Jupiter BerkeleyHillel Perris Fontana Whittier Upland Dwinelle SouthGate DeltaDelta Venus InternationalHouse Soda ElGrullo Kips Dwinelle MexicoCity TripleRock Etcheverry Rasputin Cory CREAM Tako FantasticComics Tang SantaBarbara Platano Sacramento Etcheverry LosAngeles Etcheverry Soda
28
ChiOmega ChiOmega AlphaCentauri BayStreet Emeryville SanBernardino SanDiego Cancun CafeTibet VictoryPoint
SigmaKappa SigmaKappa Chino ChezPanisse
Riverside AlphaChi Mars Compton Ashby Tuxcacuesco Riverside
DeltaDelta DeltaDelta
InternationalHouse InternationalHouse
BerkeleyHillel BerkeleyHillel SanMiguel
Soda BerkeleyHigh Saturn Gregoire Pomona Tijuana Jalisco Myto DKingGallery BAMPFA Irvine
Jupiter Jupiter Talpa
Venus Venus
Perris Perris
Fontana Fontana
Upland Upland
Whittier Whittier
SouthGate SouthGate
Dwinelle Guadalajara Tuhuamixtel
ElGrullo ElGrullo
MexicoCity MexicoCity
Kips Kips
TripleRock TripleRock
Rasputin Rasputin
CREAM CREAM
Tako Tako
Tang Tang
Platano Platano
FantasticComics FantasticComics
SantaBarbara SantaBarbara
Sacramento Sacramento
LosAngeles LosAngeles
