5 4 33 137 156 76 81 19 151 19 81 47 45 14 45 158 80 158 45 139 67 41 67 119 71 134 116 138 69 183 51 183 69 153 69 138 61 28 149 90 159 172 143 77 196 184 85 86 44 86 93 190 16 190 18 192 100 78 179 32 166 122 166 199 53 0 27 174 101 1 99 37 64 130 150 91 36 11 36 62 123 40 155 96 175 22 35 110 35 26 70 178 65 30 25 105 79 83 117 136 170 74 187 154 46 48 56 195 68 133 34 9 34 121 157 162 103 189 186 112 171 112 82 109 75 109 152 109 94 39 92 39 94 5
86
112 10
150 194
1 1
100 100
47 47 43
28 28 180
178 178
133 133
171 171
14 14
85 85
90 2
91 91
48 48
33 33
122 122
76 76
32 32
187 187
82 146
138 138 55
37 37 177
96 96
199 199
35 135 188
174 174
39 39
186 140
53 53
67 67
25 25
103 103
9 9
69 69
153 153
94 193 20 63 173
83 104 83
105 105 17
74 31
109 168
26 26
162 162
134 50
16 16
116 116
75 75
46 46
78 164 78
34 34
137 137 42
157 157
152 152 58
123 123
196 196
121 52
192 192
143 143
71 71
158 102 158
61 61
44 44
189 189
11 11
170 170
81 81
92 92
101 101
51 51
156 156
151 151
80 80
64 64
110 110
99 99
183 183
159 159
18 18
184 184
154 154
41 41
179 179
77 77
149 149
68 68
56 56
22 22
