A42 A100 A78 A107 A101 A106 A101 A13 A75 A13 A88 A13 A70 A150 A96 A151 A95 A177 A95 A169 A28 A194 A82 A77 A66 A126 A66 A77 A115 A4 A7 A168 A125 A182 A102 A182 A125 A181 A125 A72 A37 A72 A162 A122 A160 A136 A67 A136 A5 A44 A120 A24 A98 A0 A16 A105 A16 A137 A32 A127 A196 A30 A90 A30 A189 A3 A189 A30 A191 A64 A186 A143 A172 A73 A123 A73 A40 A193 A20 A193 A185 A56 A154 A104 A118 A91 A93 A183 A43 A84 A183 A100 A184 A23 A57 A38 A57 A176 A58 A35 A130 A159 A130 A2 A141 A135 A141 A2 A39 A76 A187 A198 A197 A142 A139 A12 A124 A145 A124 A12 A98 A148 A98 A132 A147 A42
83
A115 A179
A118 A118
A105 A105 A9
A75 A75
A20 A20
A82 A65 A82
A102 A102
A148 A148 A192
A78 A78
A139 A139
A58 A58
A84 A84
A42 A42 A71
A196 A196
A122 A51 A122
A72 A72 A167 A114
A106 A106 A144 A33
A159 A159
A185 A185
A70 A70
A39 A39 A128
A142 A142
A90 A90
A127 A127
A32 A32
A176 A176
A120 A120
A44 A21
A130 A130
A40 A40
A186 A94 A111 A34
A4 A4
A187 A117 A187
A5 A5
A181 A181
A100 A100
A23 A23
A2 A2
A124 A124
A95 A95
A13 A13
A93 A93
A37 A37
A76 A76
A177 A177
A183 A183
A3 A3
A30 A30
A132 A132
A143 A143
A172 A172
A184 A184 A92
A123 A123
A66 A45
A194 A194
A57 A57
A0 A0 A103
A43 A43
A7 A7
A154 A154
A35 A35
A126 A126
A107 A107
A189 A189
A88 A113 A88
A168 A54
A182 A182
A137 A137
A151 A17
A191 A46 A191
A67 A67
A96 A96
A136 A136
A145 A145
A28 A28
A64 A64
A193 A193
A98 A98
A198 A198
A16 A16
A77 A77
A38 A38
A135 A135
