A29 A5 A57 A47 A66 A47 A18 A82 A35 A6 A88 A1 A0 A65 A54 A65 A0 A1 A19 A73 A69 A73 A19 A1 A0 A58 A92 A58 A0 A21 A75 A36 A52 A74 A83 A99 A93 A12 A59 A12 A85 A13 A7 A77 A7 A65 A0 A71 A10 A71 A45 A91 A4 A31 A49 A46 A5 A29
31
A35 A35 A96
A88 A88
A73 A73
A19 A26 A95 A72
A59 A59
A65 A65 A32 A79
A12 A53 A16 A12
A52 A67 A52
A31 A31 A51
A54 A3 A54
A7 A2 A68 A90
A99 A99
A13 A13
A77 A77
A18 A18 A34 A97
A91 A91
A10 A10
A82 A82
A5 A55 A27
A36 A36
A66 A66
A92 A92
A29 A29
A6 A30 A15 A6
A85 A89 A85
A21 A39 A38
A47 A47
A69 A69
A1 A60
A45 A28
A58 A14
