DZA GBR FRO FRA ECU GHA FSM ERI FIN ESP AND ALB ARG ALB ARE DNK CUW DOM AUS DOM BHS BFA BGD BRB CAN CIV CHE COD BRN BEL BDI BEN BLR BES BLM BRA GRC GUY CUB GUY GNQ GRD GUM HMD GTM COG CAF BVT CMR CCK CMR HKG GRL GLP GNB HND GEO HND DMA DJI DMA ATA ATF ASM CYP CZE CXR CYM DZA
48
COD COD
FIN FLK FIN ABW
BRN BRN
DJI DJI
AND AND
FRO FRO
CAF CAF
HMD HMD
ARG ARG
GRD GRD
BHS BHS
HND HND
ALB ALB
BLM BLM
CCK CCK
GNQ GNQ
GLP GLP
CHE CHE
BGD BGD
GRC GRC
ATA ATA
FSM FSM
ARE ARE
BES BES
DOM DOM
CUB CUB
COG COG
GHA GHA
GEO GEO
CYM CYM
DNK DNK
BDI BDI
GBR GBR
BVT BVT
ATF ATF
ECU ECU
BRB BRB
CUW CUW
ERI ERI
FRA FRA
AUS AUS
CXR CXR
BFA BFA
BEN BEN
HKG HKG
CAN CAN
CZE CZE
BLR BLR
