COM COL IDN KOR LBN JPN HUN PAK GNQ LBR SGS KHM LTU KWT GNB PSE MLT CRI KGZ LAO LUX LAO KNA LSO HTI GUM HKG MDA PRY BIH BHS BRB BMU BEN BLM BHR BDI AZE BIH PRY MOZ PRY PNG PLW NIU CZE CYP DEU CXR MWI ITA MWI ATG AUS NIC ABW NIC IRL IOT IRN MYS DZA MYS EGY GHA GEO ESP ECU ESH FRA GBR GAB FIN FSM NGA GMB NGA NFK ALA NFK JEY PAN MHL MAC MAR HND COK CPV MLI CPV RWA DMA DJI MUS SGS NZL SGS SHN CHN COD COG POL MEX MMR NPL NRU CAF CIV BVT LKA LCA HRV HMD PYF RUS SGP QAT ALB ARE ARM MYT NER COM REU AFG REU COM
92
CIV CIV
HTI CAN HTI
HND HND GRC
MOZ MOZ
ITA ITA
KOR KOR
NER NER MTQ
MYT MYT
REU REU SDN
LUX LUX
CXR CXR
CPV LIE CPV
EGY EGY
MMR MMR
GNQ GNQ
PAN PAN
NPL NPL
SHN SHN
FRA FRA
ESP ESP
LKA LKA
BLM BLM
COG COG
GHA GIB GHA
MAC MAC
MAR MAR
LBR LBR
KHM KHM
MEX MEX
ATG ATG
MDA MDA
IDN IDN
ARM ARM
DZA DZA
PRY PRY
NRU NRU
GBR GBR
LBN LBN
BDI BDI
DMA DMA
BHS BHS
NZL NZL
KNA KNA
GUM GUM
RUS RUS
COL COL
IRL IRL
AFG AFG
BEN BEN
COK COK
HKG HKG KAZ
NFK NFK
ESH ESH
ALB ALB
HRV HRV
AZE AZE
HMD HMD
PNG PNG
SGS SGS
MLI MLI
PAK PAK
LAO LAO
FSM GIN FSM
GEO GEO
CYP CYP
DEU DEU
POL POL
JEY JEY
CHN CHN
KWT KWT
ALA ALA
FIN FIN
IRN IRN
HUN HUN
DJI DJI
AUS AUS
LTU LTU
ARE ARE
PSE PSE
ABW ABW
NIU NIU
BHR BHR
ECU ECU
IOT IOT
NIC NIC
GAB GAB
GMB GMB
JPN JPN
COD COD
BMU BMU
RWA RWA
CAF CAF
