9b0f0f4ded15491691bd 97b46a2d8ead45d98077 b645cb0bc92b4d92bdf9 85d65d4df3204859a6e4 9fe71c55e3ae49ae8b15 8b72f079974a49c7aa40 622df2f2f11d4fd39c78 5cce412248b74953bcf8 eb960e815dd14fd6bd07 e70b11887ef14bce9075 cc612a917319427a804f f4d7e89ec3164c95942e 622df2f2f11d4fd39c78 5cce412248b74953bcf8 be5b9781cabc47a78aac e2caa88e503f4129b613 44b317edac764442b4cd c0fd362b334d43189c08 bab9aa2939444af1b896 3404f2452daa4f839b9b c0e69339ecae4efdb4d8 8a3bd04ca9844f3486da 2343f68f1ed74a6f8567 5a7dba50af224e2ab6b8 bef459c8a1f84af3a3a9 9b0f0f4ded15491691bd
22
f4d7e89ec3164c95942e f4d7e89ec3164c95942e ddfff2b50dff43868057 d3ae567eea5a44939b43 9ff40c0a1bef41898f25
e70b11887ef14bce9075 c65ed76062154b0ab868 e70b11887ef14bce9075
85d65d4df3204859a6e4 bcedb61dc02748cd9d61 85d65d4df3204859a6e4
bef459c8a1f84af3a3a9 1bcf747e9b5643a184fc bef459c8a1f84af3a3a9 cbdeaac599ea4917bf3b
be5b9781cabc47a78aac 6c2d42b6b644452fbba1 be5b9781cabc47a78aac
b645cb0bc92b4d92bdf9 b645cb0bc92b4d92bdf9 7b57359ca242406bb373
e2caa88e503f4129b613 885e825ee7fa47d0bf37 7a033f26eda14b709d28 e2caa88e503f4129b613 3f0f5ffb79ce42f4a325
8b72f079974a49c7aa40 8b72f079974a49c7aa40 f69f6451080d4570851d
9fe71c55e3ae49ae8b15 d6b027921ae340ac8c4c
2343f68f1ed74a6f8567 2343f68f1ed74a6f8567 0921b2d036264a09b57e 28b1f9c8d4d24d81bc6d
5a7dba50af224e2ab6b8 c88b4673ce3d49c6908f d41ce53800e74a0f849b 0823afbd07bf45febe21 18bb444e17894062aa31
bab9aa2939444af1b896 bab9aa2939444af1b896
8a3bd04ca9844f3486da 4083eeebbfb942a38987 339edeefe40f47f4abbe 8a3bd04ca9844f3486da c5365df821314eeb9891 b989f75f3cac48bfbf34 bcb1ec18982a4bb0815b b5e22237f3c14773b553
c0e69339ecae4efdb4d8 c0e69339ecae4efdb4d8 26bbebd3e4264edd8081
97b46a2d8ead45d98077 97b46a2d8ead45d98077
5cce412248b74953bcf8 2e7ecbbb3b3e47dc8d96
cc612a917319427a804f cc612a917319427a804f
eb960e815dd14fd6bd07 eb960e815dd14fd6bd07
c0fd362b334d43189c08 c0fd362b334d43189c08
9b0f0f4ded15491691bd 2bc5c3c02de447469b45 8234739fe11c4c58939e 9b0f0f4ded15491691bd
3404f2452daa4f839b9b 3404f2452daa4f839b9b
44b317edac764442b4cd 465a9fdfbe7e43bf9d6e e3f0a7bd5aa342ac9fe9
