Wurster Boston Spieker Oregon Hazardous Hilgard Anthony Indianapolis Gilman Goldman Tennessee Nevada Montgomery Pennsylvania Simon Optometry Raleigh Massachusetts Salem Wurster
19
Gilman Silver Sutardja Vermont Florida Gilman
Boston Boston Alabama Brain
Tennessee Honolulu Maxwell Stanley Tennessee Kleeberger Moffitt
Montgomery Montgomery Parking Idaho
Hilgard California Hilgard
Oregon Frank Oregon Simpson McLaughlin Chan Barrows
Hazardous Hazardous Sather Class Pitzer
Simon Recreational Visitor Simon
Pennsylvania Pennsylvania
Massachusetts Massachusetts Hesse
Salem Salem
Wurster Wurster Moses
Optometry Optometry
Nevada Juneau North Nevada Cory
Raleigh Raleigh
Spieker Spieker
Indianapolis Indianapolis Observatory
Goldman Goldman
Anthony Blackwell Anthony
