Rhode Hearst Durant Moffitt Minnesota Austin Etcheverry Hargrove University Montgomery Simon Lower Stadium Class Columbus Jones CNMAT Providence Police Edwards Concord International Durham Lansing Insectary Berkeley Bancroft Cory Campanile Florida Rhode
30
Austin Krutch Annapolis Austin
Hearst Energy Hearst Wisconsin Haste Little Nashville Hartford McEnerney Kentucky Tang Topeka Trenton
Campanile Campanile Silver Baton Michigan Simpson Oregon Nevada
Providence Providence Richmond
Lower Utah Montana Salt Lower
Florida Florida
Durant Jacobs Bowles Hertz Maryland Tennessee Durant Springer Mississippi Cleary
Hargrove Birge East Hargrove
Minnesota Clark Blackwell Chou Minnesota
Bancroft Bancroft
Moffitt Harrisburg McLaughlin Moffitt Sproul Morrison
Simon Hawaii Illinois Jefferson Columbia Simon Boalt Barrows
CNMAT CNMAT LeConte BART Brain Grinnell
Rhode Rhode
Cory Cory
Edwards Edwards Moses Santa
Insectary Observatory Insectary
University Donner Hellman Life Martin University Valley
Lansing Lansing
Columbus Chvez Columbus Cheyenne
Stadium Stadium Pennsylvania
Class Class Madison
International International
Jones Jones
Durham Durham Foothill
Etcheverry Heating Olympia Mathematical Etcheverry Maxwell Warren
Berkeley Berkeley
Montgomery West Montgomery Mulford
Concord Concord
Police Police
