Donner McCone North Topeka Life Tallahassee Gilman Recreational Gayley Foothill Iowa Old Minnesota Ishi Illinois Providence Haas Phoenix Haste Wurster Cyclotron Juneau Optometry Helena Santa Donner
25
Old Old
North North
Topeka Topeka
Foothill Foothill
Haas Haas
Cyclotron Cyclotron
Helena Helena
Providence Providence
Optometry Optometry
Life Life
Santa Santa
Minnesota Minnesota
Iowa Iowa
Juneau Juneau
Ishi Ishi
Illinois Illinois
Phoenix Phoenix
Gilman Gilman
Gayley Gayley
Recreational Recreational
McCone McCone
Wurster Wurster
Donner Donner
Haste Haste
Tallahassee Tallahassee
