YuhuaEast Northland Paterson PulauPunggolTimor Brickworks KampongUbi Sentosa DefuIndustrialPark Commonwealth Chatsworth TuasNorthPioneer WestCoast SembawangStraits Shipyard ClarkeQuay BedokSouth SenokoWest JooSengPayaLebar SenokoWest SerangoonNorth KallangWay TelokBlangahRise SembawangNorth KeatHong Dunearn Geylang JurongPort OneNorth PayaLebarEast PasirRisDrive BoonLayPlace ChengSan BedokNorth TagoreSindo PasirRisDrive Kangkar Saujana BoatQuay TohGuan Museum Moulmein SungeiKadut Serangoon CityHall Simpang Mandai AngMoKioTownCentre BukitTimah Port JurongWestCentral Museum KebunBahru YuhuaEast
43
Northland Northland Mountbatten BukitBatokSouth WoodlandsWest
SembawangStraits HongKah OneTreeHill SembawangStraits Trafalgar ClementiNorth UpperThomson
AngMoKioTownCentre AngMoKioTownCentre ChangiPoint
SerangoonNorth SerangoonNorth
Paterson Paterson SimpangNorth Khatib AlexandraNorth
Mandai Punggol PasirRis EvertonPark Mandai
Commonwealth YioChuKang KentRidge Commonwealth WaterwayEast SungeiRoad PangSua ChangiWest
KeatHong KeatHong
WestCoast HongKahNorth TampinesNorth SouthernIslands
BedokNorth BedokNorth
Serangoon Serangoon
Sentosa EastCoast PearlsHill Sentosa
YuhuaEast Sennett SerangoonGarden SingaporeRiver ChinaSquare
SungeiKadut SungeiKadut
KebunBahru TuasPromenade Tampines TiongBahru BukitBatokWest PunggolField TuasBay KebunBahru RochorCanal
Museum Museum
PayaLebarEast PayaLebarEast BenoiSector GeylangEast
BoonLayPlace LowerSeletar BoonLayPlace
BedokSouth BedokSouth
TuasNorthPioneer TuasNorthPioneer Kembangan
CityHall CityHall BayfrontSubzone
TelokBlangahRise TelokBlangahRise
KallangWay IstanaNegara
DefuIndustrialPark HougangCentral DefuIndustrialPark
PasirRisDrive PasirRisDrive
Saujana ChoaChuKang Saujana
Moulmein Moulmein
TagoreSindo TagoreSindo Sembawang
Shipyard Shipyard PasirRisPark PeoplesPark OrangeGrove
JurongPort JurongPort PeiChun DairyFarm MandaiEast
ClarkeQuay Matilda
Brickworks Brickworks DhobyGhaut
BoatQuay Aljunied BoatQuay
SembawangNorth SerangoonCentral Cairnhill
Dunearn SembawangHills UluPandan YioChuKangEast
Chatsworth InstitutionHill Chatsworth
TohGuan TohGuan
PulauPunggolTimor ReservoirView PulauPunggolTimor
JooSengPayaLebar JooSengPayaLebar Tanglin
Geylang Geylang
OneNorth OneNorth
Port Port
JurongWestCentral JurongWestCentral
