139 18 11 106 49 120 131 73 193 146 123 130 112 91 122 186 16 53 13 158 129 7 149 77 16 159 72 2 38 78 21 4 75 4 6 125 88 114 111 3 81 15 18 57 43 14 27 128 148 32 101 157 2 147 82 5 37 142 15 51 44 51 35 104 3 26 48 164 80 41 143 158 85 122 114 115 139
56
18 189 84 18 134
106 106 1 60 153 67 69
77 77 47
91 91
142 142
146 146 23 119
125 125 22
85 85
112 112 113
101 101
157 8 157
139 198 173 176 141 58
11 11 127
81 81 95
123 152 123 156
7 74 182 7
43 43
15 15
5 5
149 64 178
78 78
114 184 114
129 187
6 71 188 191
49 65 96
2 2
72 72
111 111 25
122 109 122
193 9 161
57 57
48 48
16 108 16
14 14
21 79 21
104 33 104
73 144
13 13 30 89
148 148 165
32 32
158 158 98 145
147 147
38 39
82 82
128 128
27 27
131 31 131 105
35 35
53 138
41 41
75 118 75
130 130
37 37
44 44
186 186 172
26 26
