F8 O3 F9 I4 F9 Q4 K5 T0 Q7 B3 J3 A5 T8 E6 F4 N8 D0 S5 I8 H0 O3 E0 J1 F4 H6 F7 C0 C5 Q5 P7 I5 R9 N0 R8 C5 P6 S2 A0 N9 I6 C8 P2 C8 O1 S0 Q5 B0 D5 E3 J6 O1 J2 S4 P9 G7 C8 L6 H5 T7 N1 N9 E8 N9 T9 N0 R8 E2 G0 H4 H1 N7 N2 Q0 F1 I0 F8
56
H4 H4
T0 T0 H3 A3 A9
H5 H5 M0
J2 J2 O5
S0 D8 S0
P9 P9 K6
I6 B4 I6
C8 C8 C3 M6
F8 M5
N2 E4 K3 N2
P7 Q3 S7 P7 T1 R6
S4 C2
B0 B0
R8 R8 L9 O2
I0 N4 I0
T8 T8 T5
T9 E5 B2 I2 T9
F4 A2
H6 H6 P5
N0 N0 G9
Q0 Q0
A0 A0
N7 N6 N7
E3 E3
N8 N8 G4
N1 N1 G6
I4 I4 F2
O1 O1 K1
D0 D4 A1 S8
E2 E2 Q8
G0 G0
P6 I3 P6
Q7 Q7 F6
Q5 Q5
F9 F9
C0 C0
E0 S9
K5 K5 H2
E6 R4 D9 J0
J3 C1 C4
F7 D3
R9 I9 R9
F1 F1
P2 P2
D5 A8 D5
L6 L6
E8 E8 E7
H0 H0
S2 S2
Q4 D7
J1 R0 J1
B3 B3
I8 I8
O3 O3
S5 G1 S5
H1 H1
