Qwilfish Drampa Gengar Tauros Wailord Plusle Weezing Escavalier Weepinbell Lumineon Whismur Bastiodon Shellder Xerneas Yungoos Stufful Conkeldurr Zekrom Amoonguss Magnemite Swadloon Munna Seaking Treecko Kakuna Honedge Wartortle Vespiquen Inkay Tsareena Woobat Crawdaunt Scatterbug Dewpider Froakie Bounsweet Whismur Nincada Shellos Vullaby Jumpluff Metapod Sandile Simisear Slowbro Tropius Drapion Taillow Paras Vullaby Porygon2 Meloetta Inkay Slurpuff Metang Steenee Volcarona Magmar Phanpy Skiddo Skorupi Lotad Politoed Tornadus Noibat Terrakion Scatterbug Tropius Qwilfish
63
Qwilfish Qwilfish
Simisear Simisear
Phanpy Phanpy
Terrakion Terrakion
Drapion Drapion
Meloetta Meloetta
Volcarona Volcarona
Slurpuff Slurpuff
Skiddo Skiddo
Politoed Politoed
Tropius Tropius
Sandile Sandile
Magmar Magmar
Metang Metang
Taillow Taillow
Porygon2 Porygon2
Slowbro Slowbro
Drampa Drampa
Noibat Noibat
Lotad Lotad
Scatterbug Scatterbug
Vullaby Vullaby
Inkay Inkay
Steenee Steenee
Tornadus Tornadus
Skorupi Skorupi
Dewpider Dewpider
Shellos Shellos
Metapod Metapod
Wartortle Wartortle
Crawdaunt Crawdaunt
Paras Paras
Froakie Froakie
Nincada Nincada
Gengar Gengar
Honedge Honedge
Amoonguss Amoonguss
Tsareena Tsareena
Jumpluff Jumpluff
Vespiquen Vespiquen
Munna Munna
Kakuna Kakuna
Magnemite Magnemite
Whismur Whismur
Xerneas Xerneas
Weezing Weezing
Zekrom Zekrom
Woobat Woobat
Lumineon Comfey Lumineon
Bounsweet Bounsweet
Seaking Seaking
Tauros Tauros
Weepinbell Weepinbell
Stufful Stufful
Shellder Shellder
Plusle Plusle
Treecko Treecko
Swadloon Swadloon
Yungoos Yungoos
Bastiodon Bastiodon
Wailord Wailord
Escavalier Escavalier
Conkeldurr Conkeldurr
