Latias Shelgon Dartrix Keldeo Petilil Luvdisc Staryu Scolipede Infernape Bounsweet Wurmple Exeggutor Magearna Jigglypuff Noivern Reshiram Palkia Primeape Charmeleon Golisopod Vibrava Relicanth Elgyem Toxicroak Latias
23
Magearna Raticate Magearna
Noivern Talonflame Noivern
Petilil Petilil
Shelgon Shelgon
Charmeleon Charmeleon
Wurmple Wurmple
Jigglypuff Jigglypuff
Toxicroak Toxicroak
Primeape Primeape
Infernape Infernape
Dartrix Dartrix
Staryu Staryu
Elgyem Elgyem
Keldeo Keldeo
Scolipede Scolipede
Exeggutor Exeggutor
Golisopod Golisopod
Reshiram Reshiram
Luvdisc Luvdisc
Palkia Palkia
Bounsweet Bounsweet
Relicanth Relicanth
Vibrava Vibrava
