Myrtle Dallas Medford Kansas Aribel Nashua Kissimmee Harlingen Hollywood Bradenton Albuquerque Davidson Muskegon Macon Kennewick Chicago Lansing Minneapolis Alexandria Myrtle
19
Albuquerque Hartford Cary Albuquerque Albany
Kansas Joliet Kansas Champaign
Macon Barnstable Macon
Dallas Dallas Hemet Chandler
Aribel Grays Leominster Aribel Abilene Mobile
Muskegon Muskegon Huntington
Bradenton Merced Bradenton Baltimore Corpus Huntsville
Minneapolis Erie Minneapolis Lexington
Chicago Chicago
Hollywood Hollywood Cedar Plen Brownsville
Lansing Bridgeport Lansing
Harlingen Harlingen Lorain Houma
Medford Bloomington GreenBay Medford
Nashua Nashua Appleton Moreno
Kissimmee Miramar Kissimmee
Myrtle Montgomery
Davidson Davidson
Kennewick Cathedral
Alexandria Deltona Alexandria
