Monroe Mesa Albany Leominster Jacksonville Bethlehem Huntington Detroit Clarksville Denver Kennewick Cleveland Gulfport Gilbert Two Melbourne Allentown Medford Austin Indianapolis Brownsville Clarke Killeen Cary Kaneohe Glendale Vista Kailua Baltimore Killeen Merced Fitchburg Kissimmee Fairfield Akron Laredo Denton Prairie Naples Viejo Burlington Ten Lakeland Baton Antioch Cambridge Lancaster Havre Abilene Johnson Havre Brighton Anchorage Apple Greensboro Collins Monroe
50
Denver Bradenton Monterey Denver
Detroit Three Detroit
Burlington Mesquite Burlington Dayton
Two Hampton
Albany Albany Arlington Muskegon Boise
Ten Ten Hickory
Allentown Miami Allentown Lewisville Rapids Dallas
Baltimore Kenosha Baltimore
Melbourne Melbourne Four Lacey Birmingham
Kissimmee Kissimmee
Baton Baton
Fairfield Fairfield Asheville
Apple Elizabeth Apple Fayetteville
Vista Chesapeake Gainesville Vista
Clarke Clarke Hesperia
Merced Montgomery Merced
Mesa Mesa Hialeah Carrollton
Kailua Kailua
Huntington Elkhart Huntington Irving
Havre Aberdeen Havre
Greensboro Greensboro Corpus
Gilbert Gilbert Modesto
Brighton Athens
Akron Akron
Killeen Killeen
Glendale Amarillo Hartford Glendale
Laredo Seven Laredo
Monroe Monroe Davidson
Johnson Johnson Charleston
Naples Naples Bedford
Antioch Hagerstown Antioch
Brownsville Brownsville Layton
Abilene Bridgeport Abilene
Cleveland Erie Cleveland
Cary Manchester Cary
Cambridge Lowell Cambridge
Lancaster Lancaster
Prairie Prairie
Anchorage Daytona Anchorage
Gulfport Boulder Huntsville
Kennewick Kennewick
Fitchburg Julian Lafayette
Lakeland Lakeland
Leominster Mobile Canton Leominster
Bethlehem Bethlehem
Denton Hayward Denton
Austin Austin
Viejo Viejo
Jacksonville Anaheim Jacksonville
Clarksville Clarksville
