DK CX FA CS BC CA DI BH EY DZ GB DN HJ BE AU AO CW CE AN EN HE DP DF AB DU AG DM DX CT AZ FZ ED HC FB CP DO AK EO EA DB CY CD CR FP FH FG EL BV DL HF EP GX FN BW DD AT EQ GY EB FT CI CM HI AM FW CK GV BI ET GZ EM EW GR CC BR BL GG FD DE CU AA BF DT AY EF ES GT HB AV BM BP CG HD GN BZ DK
94
FA FA
CS CS
BC BC
CA CA
DI DI
BH BH
EY EY
DZ DZ
GB GB
DN DN
HJ HJ
AU AU
BE BE
CW CW
AO AO
CE CE
AN AN
EN EN
DP DP
HE HE
DF DF
DU DU
AB AB
AZ AZ
AG AG
DM DM
DX DX
ED ED
CT CT
FZ FZ
HC HC
FB FB
CP CP
DO DO
EO EO
AK AK
DB DB
CY CY
EA EA
CD CD
CR CR
FP FP
FH FH
EL EL
FG FG
BV BV
DL DL
EP EP
HF HF
FN FN
GX GX
BW BW
DD DD
GY GY
AT AT
EQ EQ
HI HI
EB EB
FT FT
CI CI
AM AM
FW FW
CM CM
BI BI
CK CK
GV GV
ET ET
GZ GZ
EM EM
EW EW
GR GR
BR BR
CC CC
GG GG
BL BL
FD FD
AA AA
CU CU
DE DE
BF BF
AY AY
EF EF
DT DT
ES ES
GT GT
AV AV
HB HB
BM BM
BP BP
CG CG
HD HD
GN GN
BZ BZ
CX CX
