Soda DurantHall EtcheverryHall ChanShunAuditorium DonnerLab ChouHall ClarkKerrCampus CalvinLaboratory DavisHall BerkeleyArtMuseum AnthonyHall Campanile BerkeleyWayWest BrainImagingCenter VLSB CareerCenter Dwinelle EastAsianLibrary CampbellHall BotanicalGarden CyclotronRd EshlemanHall BlackwellHall BoaltHall BancroftLibrary EastGate Cory BarrowLane BarrowsHall BARTStation BirgeHall BlumHall CheitHall BarkerHall BanwayBldg EdwardsStadium CaliforniaHall CNMAT DoeMemorialLibrary AlumniHouse Soda
39
AlumniHouse AlumniHouse
AnthonyHall AnthonyHall
BancroftLibrary BancroftLibrary
BanwayBldg BanwayBldg
BarkerHall BarkerHall
BarrowLane BarrowLane EvansDiamond
BarrowsHall BarrowsHall
BARTStation BARTStation
BerkeleyArtMuseum BerkeleyArtMuseum
BerkeleyWayWest BerkeleyWayWest
BirgeHall BirgeHall
BlackwellHall BlackwellHall
BlumHall BlumHall
BoaltHall BoaltHall
BotanicalGarden BotanicalGarden
BrainImagingCenter BrainImagingCenter
EastAsianLibrary EastAsianLibrary
CaliforniaHall CaliforniaHall
CalvinLaboratory CalvinLaboratory
Campanile Campanile
CampbellHall CampbellHall
CareerCenter CareerCenter
ChanShunAuditorium ChanShunAuditorium
VLSB VLSB
CheitHall CheitHall
ChouHall ChouHall
ClarkKerrCampus ClarkKerrCampus
CNMAT CNMAT
Cory Cory
CyclotronRd CyclotronRd
DavisHall DavisHall
DoeMemorialLibrary DoeMemorialLibrary
DonnerLab DonnerLab
DurantHall DurantHall
Dwinelle Dwinelle
EastGate EastGate
EdwardsStadium EdwardsStadium
EshlemanHall EshlemanHall
EtcheverryHall EtcheverryHall
