Soda GiauqueHall Piedmont SproulPlaza HearstMiningCircle HearstGreekTheatre FrankSchlessingerWay HargroveMusicLibrary ClearyHall SanRamon SatherTower ZellerbachPlayhouse KleebergerFieldHouse CalvinLaboratory Saratoga BarkerHall ZellerbachHall ChouHall Insectary Hillsborough SternHall Benicia WomenFacultyClub MinorHallAddition FoundersRock Soda
25
GiauqueHall Campanile GiauqueHall LowerSproulPlaza Oakley Orinda Alameda
ClearyHall ClearyHall Pinole
Benicia IshiCourt ClarkKerrCampus BancroftLibrary Benicia SanRafael
ZellerbachHall Fairfield ZellerbachHall MulfordHall
ChouHall StadiumRimWay Belmont ChouHall EastGate
ZellerbachPlayhouse ZellerbachPlayhouse WursterHall
SatherTower SatherTower Pittsburg Albany
SproulPlaza AnthonyHall HertzHall Unit1 Emeryville SproulPlaza
Insectary Healdsburg KroeberHall WestCircle Insectary
Piedmont DonnerLab NorthGateHall Piedmont WicksonNaturalArea
HearstGreekTheatre SanPablo GilmanHall GoldmanField HearstGreekTheatre
Saratoga Saratoga MartinezCommons Cory Hayward BlumHall
Soda EtcheverryHall
SternHall Brisbane SternHall WellmanHall
HearstMiningCircle HearstMiningCircle Unit3
BarkerHall PimentelHall WheelerHall LewisHall BarkerHall
KleebergerFieldHouse KleebergerFieldHouse StHelena
HargroveMusicLibrary HargroveMusicLibrary
FoundersRock EvansHall FoundersRock
Hillsborough Pacifica Hillsborough
MinorHallAddition MinorHallAddition
SanRamon SanRamon
WomenFacultyClub WomenFacultyClub
FrankSchlessingerWay FrankSchlessingerWay WestGate
CalvinLaboratory CalvinLaboratory
