Pantheon Jhin Phoenix NightStalker Disruptor Talon Rumble SpiritBreaker MasterYi Morgana Heimerdinger Akali WraithKing Xerath Skarner Ahri TrollWarlord CentaurWarrunner BountyHunter Ezreal Sona Oracle Pantheon
22
Morgana Jinx Morgana Bristleback
Ezreal Nunu Ezreal
Akali Akali Lucian
Pantheon Spectre LoneDruid
Disruptor Anivia Disruptor Tailyah KogMaw
Heimerdinger CrystalMaiden Tiny Heimerdinger
CentaurWarrunner CentaurWarrunner Ziggs
Oracle Oracle Ashe
Xerath Xerath
SpiritBreaker Jayce Draven ChaosKnight SpiritBreaker
Jhin Lux Jhin Kled Shyvana
BountyHunter BountyHunter
Sona Malphite Maokai
Rumble Rumble
NightStalker NightStalker Magnus
Talon Talon
Skarner Skarner Bard
Phoenix Jax Lich Phoenix Galio
MasterYi MasterYi
Ahri ArcWarden Slark Ahri
TrollWarlord TrollWarlord
WraithKing WraithKing
