0 7 9 10 26 28 29 34 38 75 95 96 97 98 83 82 87 84 37 39 35 36 33 41 81 41 33 30 32 31 14 17 18 19 18 17 14 47 45 42 86 99 80 43 80 88 94 89 93 50 49 92 49 48 47 14 13 12 28 26 10 11 71 68 64 60 51 57 59 63 67 72 10 8 74 66 62 58 56 52 55 52 56 58 62 66 74 8 7 25 7 0 2 3 4 5 4 3 2 0
73
0 0 1 21 22 23
2 2
3 3
4 4
5 5 6
7 7
8 8
9 9 24
10 10
11 11
12 12 65 69 70 73
13 13
14 14 15 76
99 16 78 85 99
17 17
18 18
19 19 20
25 25
26 26
28 27 28 77
29 29
30 30
31 31 40
32 32
33 33
34 34
35 35
36 36
37 37
38 38
39 39
41 41
42 42
43 43 44 46 91
45 45
47 47
48 48
49 49
50 50
51 51
52 52
55 53 54 55
56 56
57 57
58 58
59 59
60 60 61
62 62
63 63
64 64
66 66
67 67
68 68
71 71
72 72
74 74
75 75
81 79 81
80 80
82 82
83 83
84 84
86 86
87 87
88 88
89 89
92 90 92
93 93
94 94
95 95
96 96
97 97
98 98
