L16 L135 L150 L106 L35 L84 L126 L9 L27 L63 L65 L143 L77 L141 L129 L5 L134 L38 L13 L149 L4 L1 L107 L118 L109 L21 L94 L22 L103 L11 L56 L138 L62 L140 L62 L6 L93 L139 L13 L76 L150 L2 L110 L147 L21 L18 L79 L100 L130 L144 L133 L43 L29 L94 L78 L104 L95 L125 L134 L153 L131 L7 L22 L119 L16
55
L4 L4
L106 L106
L7 L7 L24
L62 L62 L124 L82
L125 L125
L78 L78
L95 L95 L152
L131 L131
L9 L83 L9
L119 L119 L92 L75 L80 L90 L72
L29 L29
L103 L146 L20 L103 L47
L79 L114 L79 L12 L52 L145
L13 L89
L104 L104 L142
L94 L91 L85 L94
L18 L18
L144 L144
L130 L130
L150 L150 L87 L28
L126 L126 L151
L16 L16
L100 L100
L43 L43
L35 L35
L139 L139 L67
L56 L56
L93 L93
L153 L153
L76 L76
L134 L74 L134
L2 L2 L101 L8
L140 L140
L138 L138
L109 L109
L143 L40 L143
L77 L77 L70
L149 L149
L110 L53 L110
L38 L38
L107 L107
L27 L27
L11 L11
L1 L1
L65 L65
L129 L128 L129
L133 L133 L68
L63 L61 L63
L135 L99
L22 L22
L21 L21
L5 L5
L84 L84
L141 L141
L147 L147
