0 26 18 24 31 66 68 76 82 86 44 36 32 26 19 130 131 135 86 81 73 42 43 51 47 109 106 32 147 4 1 86 84 33 31 111 138 135 10 17 24 31 100 70 67 7 76 104 105 98 92 8 10 121 123 120 27 23 141 137 64 70 0
48
73 73
18 18 22 11
47 118 47
84 78 84 83
76 76 69 77
31 31 30
64 64
141 141
68 68 75
82 82 85 80
109 110 109 114
19 12 19 15 60
36 36 40 39
8 9 8
138 56 138
104 104 97
51 55 51 53
137 132 137
24 29 24 25
130 127 128 134
26 26
131 131 142 133
0 145 108 0
135 143 135
42 45 42 34
66 65 66
147 146 148
27 27
4 4
32 32
86 86
23 16 28 23
10 10 13
81 81 89
98 96 94 98
105 105
106 122 113
67 67 62
44 44 49
123 123 119 125
100 95 101 93
111 117 111
33 33
1 5
43 35 43
7 7
70 70
120 120
