1 147 114 94 184 192 122 114 9 97 161 97 143 52 127 9 100 118 188 180 12 112 36 97 9 89 129 77 67 20 65 11 147 44 123 142 148 97 126 42 159 108 192 131 176 116 45 190 163 92 158 1
42
92 151 32 28 92
20 119 2 197 20
123 74 123
147 147 57 167
112 112 27 21 191 155
184 16 160 95 13 184 149 81
158 59 183 91
163 163 172
190 140 170 190
12 12 139
100 53 100 164
143 143 29 79
36 36 78
97 182 97
192 192 25 99
129 7 129
126 126 181 76
42 42 132
127 127 70 87 17
45 14 45 93
67 186 67
89 89
122 153 122
142 142
180 60 180
118 118
159 165 6 40 159 34
94 68 94
108 108 121
11 11 3
114 114
52 52 178
9 35 9 117
176 176
148 137 148
116 64 116
161 161
44 120 44
77 77
65 65
188 188
131 131
