0 158 62 189 17 179 46 136 2 180 197 80 116 178 192 177 9 78 160 129 198 193 60 195 86 52 133 109 12 4 126 185 18 93 194 68 33 182 184 131 19 96 159 16 77 199 35 32 38 163 156 43 50 157 125 166 21 69 119 105 174 51 3 8 143 58 31 94 190 103 70 24 142 29 74 188 170 115 183 191 39 0
80
199 199
39 39
58 58
188 188
3 3
52 52
125 125
160 160
12 12
78 78
19 19
32 32
195 195
136 136
116 116
119 119
170 170
197 197
183 183
126 126
31 31
179 179
2 2
94 94
33 33
105 105
74 74
68 68
184 184
143 143
142 142
21 21
24 24
180 180
156 156
157 157
16 16
96 96
0 0
131 131
174 174
115 115
185 185
194 194
103 103
158 158
38 38
69 69
177 177
17 17
46 46
80 80
191 191
86 86
198 198
163 163
4 4
190 190
60 60
8 8
35 35
50 50
192 192
189 189
18 18
29 29
133 133
109 109
178 178
70 70
43 43
159 159
62 62
93 93
51 51
182 182
77 77
193 193
9 9
129 129
