190 135 166 56 45 153 5 172 4 47 138 52 61 134 188 134 99 2 182 123 113 94 141 30 68 104 22 117 89 100 71 171 195 66 179 11 159 173 159 101 177 27 156 1 142 118 181 120 151 29 102 198 102 109 46 62 139 193 90 40 58 33 129 132 92 106 137 6 121 145 38 65 34 55 36 55 64 44 103 168 23 186 84 192 69 108 3 108 162 95 152 189 111 8 67 165 136 165 116 164 93 163 32 54 50 57 169 176 21 176 149 85 112 185 49 76 60 190
95
165 165
60 60
193 146 193
185 185
141 141
138 138
104 104
55 55
192 192
176 176
188 188
29 29
36 36
1 1
34 34
11 11
166 166
123 123
3 3
50 50
62 62
118 118
168 168
182 182
117 117
172 172
142 142
69 69
113 113
109 109
21 21
61 61
112 112
94 94
139 139
54 54
33 33 114
177 177
2 2
135 135
137 137
27 27
179 179
129 129 83
108 133 108
68 10 68
47 47
162 162
5 5
99 99
76 76
156 156
40 40
38 38
149 149
57 57
95 95
153 153
92 92
23 23
52 52
163 163
100 100
66 66
169 169
71 71
22 22
56 56
121 121
132 132
198 198
186 186
101 101
32 32
195 195
30 30
45 45
84 84
46 46
44 44
181 181
93 93
67 67
136 136
8 8
173 173
116 116
106 106
111 111
152 152
164 164
103 103
189 189
102 102
65 65
