Loc1 Loc12 Loc126 Loc171 Loc22 Loc66 Loc16 Loc19 Loc136 Loc15 Loc136 Loc111 Loc144 Loc131 Loc62 Loc50 Loc18 Loc135 Loc106 Loc92 Loc194 Loc70 Loc130 Loc102 Loc114 Loc166 Loc112 Loc175 Loc154 Loc82 Loc8 Loc198 Loc188 Loc145 Loc33 Loc153 Loc192 Loc31 Loc76 Loc119 Loc64 Loc3 Loc196 Loc89 Loc39 Loc6 Loc51 Loc69 Loc63 Loc93 Loc5 Loc73 Loc117 Loc37 Loc165 Loc121 Loc91 Loc72 Loc98 Loc26 Loc183 Loc172 Loc167 Loc38 Loc122 Loc4 Loc155 Loc164 Loc17 Loc104 Loc127 Loc20 Loc87 Loc60 Loc83 Loc58 Loc174 Loc44 Loc150 Loc36 Loc13 Loc45 Loc161 Loc169 Loc196 Loc85 Loc128 Loc29 Loc180 Loc29 Loc132 Loc151 Loc28 Loc99 Loc68 Loc199 Loc178 Loc166 Loc187 Loc160 Loc113 Loc165 Loc1
92
Loc6 Loc115 Loc6
Loc58 Loc58
Loc45 Loc45
Loc83 Loc83
Loc3 Loc3
Loc82 Loc82
Loc39 Loc39
Loc166 Loc166
Loc172 Loc172
Loc127 Loc127
Loc113 Loc113
Loc164 Loc164 Loc55 Loc123
Loc136 Loc59
Loc130 Loc130
Loc160 Loc160
Loc199 Loc199
Loc4 Loc4
Loc126 Loc126
Loc73 Loc97 Loc73
Loc5 Loc5
Loc37 Loc37
Loc50 Loc110 Loc50
Loc44 Loc44
Loc150 Loc150
Loc99 Loc99
Loc145 Loc145
Loc106 Loc106
Loc198 Loc198
Loc117 Loc117
Loc104 Loc104
Loc51 Loc51 Loc177
Loc111 Loc111
Loc151 Loc156
Loc72 Loc72
Loc102 Loc102
Loc28 Loc28
Loc196 Loc196
Loc13 Loc13
Loc92 Loc92
Loc180 Loc180
Loc171 Loc171 Loc152
Loc98 Loc98
Loc188 Loc188
Loc60 Loc60 Loc186
Loc29 Loc29
Loc122 Loc122
Loc70 Loc70
Loc64 Loc64
Loc135 Loc135
Loc26 Loc26
Loc87 Loc87
Loc66 Loc66
Loc131 Loc131
Loc178 Loc178
Loc167 Loc167
Loc68 Loc68
Loc194 Loc194
Loc19 Loc19
Loc22 Loc22
Loc161 Loc161
Loc91 Loc91
Loc169 Loc169
Loc12 Loc12
Loc76 Loc76
Loc165 Loc157
Loc132 Loc132
Loc192 Loc192
Loc85 Loc85
Loc144 Loc144
Loc155 Loc155
Loc62 Loc62
Loc15 Loc15
Loc119 Loc119
Loc33 Loc33
Loc112 Loc112
Loc175 Loc175
Loc63 Loc63
Loc8 Loc8
Loc18 Loc18
Loc154 Loc154
Loc187 Loc187
Loc121 Loc121
Loc183 Loc183
Loc128 Loc128
Loc36 Loc36
Loc153 Loc153
Loc1 Loc1
Loc89 Loc89
Loc69 Loc69
Loc31 Loc31
Loc38 Loc38
Loc114 Loc114
