gc gk em eq d gi di gj cq dh en ae dq bp aw h dj gg dp do fi bj ge cn g z ck ep cd am go er br az db fa fy cg dy fw ds u fm et bn df fh df bv j cp cr cz b y es eg fg bu gq v ai dn at a bq fe e ff fk fq p cs cl ee cj el bi ao cv ey fn bb bt ap bx ad an bl ft fo fd gh ah bc by gn dx ga du dw q fr gm dg cm ab co ac as gc
100
d d
cm cm
ah ah
cs cs
gn gn
dy dy
fd fd
er er
ds ds
bj bj
eq eq
q q
fi fi
ep ep
an an
br br
j j
at at
bt bt
fy fy
dg dg
ad ad
fn fn
bq bq
ap ap
cz cz
gg gg
az az
dq dq
gi gi
et et
dn dn
as as
do do
di di
u u
fw fw
fo fo
am am
bp bp
bi bi
ac ac
cn cn
cg cg
aw aw
dp dp
ab ab
bc bc
en en
by by
cq cq
fr fr
ey ey
ao ao
g g
ee ee
ae ae
co co
ck ck
gj gj
dx dx
ga ga
ff ff
fe fe
bx bx
gh gh
go go
bv bv
em em
ft ft
e e
p p
y y
es es
el el
db db
dh dh
cj cj
ai ai
bl bl
fk fk
fq fq
cr cr
gq gq
dj dj
cv cv
gk gk
cl cl
fh fh
v v
a a
fa fa
cp cp
b b
bn bn
ge ge
dw dw
gm gm
bb bb
bu bu
