Liam Evan Liam Jordan Jack Joshua Lucas Noah Maverick Camden Bentley Jayden Max Grant Antonio Owen Antonio Grant Cooper Grant King Jaxon Waylon Marcus Parker Marcus Tyler Eli Sawyer Steven James Isaac James Steven Xavier Ryan Nolan Logan Nolan Elijah Adrian Elijah Nolan Miles Luke Finn Jacob Finn Kevin Nathan Connor Jasper Elliot Grayson Alexander Leo Bryson Malachi Adam Colton Adam Malachi Henry Jayce Gabriel Victor Dominic Victor Aiden Mateo Aiden Tucker Charles Mason Charles Tucker Aiden Richard Easton Patrick Oliver Andrew Dylan Lincoln Chase Aaron Michael Aaron David Brody George Ethan Brantley Kai Christopher Kai Carson Emmanuel Samuel Eric Greyson Eric Messiah John Matthew John Messiah Zion Rhett Christian Hayden Austin Rowan Theodore Jude Zachary Hunter Thomas Hunter Isaiah Hunter Zachary Jude Jace Jude Joseph Robert Giovanni Abraham Kaleb Elias Kaleb Santiago Carter Elliott Caleb Cameron Jaxson Angel Anthony Maxwell Dean Beau William Landon Bennett Justin Josiah Julian Matteo Jameson Hudson Jameson Benjamin Jameson Daniel Nicholas Silas Braxton Jackson Ezra Ezekiel Jeremiah Ezekiel Ezra Jose Preston Jonathan Brayden Asher Brayden Declan Dawson Alejandro Ian Alejandro Dawson Gael Wyatt Edward Sebastian Bryce Oscar Levi Oscar Xander Leonardo Jordan Liam
90
Liam Liam
Noah Noah
William William
James James
Logan Logan
Benjamin Benjamin
Mason Mason
Elijah Elijah
Oliver Oliver
Jacob Jacob
Lucas Lucas
Michael Michael
Alexander Alexander
Ethan Ethan
Daniel Daniel
Matthew Matthew
Aiden Aiden
Henry Henry
Joseph Joseph
Jackson Jackson
Samuel Samuel
Sebastian Sebastian
David David
Carter Carter
Wyatt Wyatt
Jayden Jayden
John John
Owen Owen
Dylan Dylan
Luke Luke
Gabriel Gabriel
Anthony Anthony
Isaac Isaac
Grayson Grayson
Jack Jack
Julian Julian
Levi Levi
Christopher Christopher
Joshua Joshua
Andrew Andrew
Lincoln Lincoln
Mateo Mateo
Ryan Ryan
Jaxon Jaxon
Nathan Nathan
Aaron Aaron
Isaiah Isaiah
Thomas Thomas
Charles Charles
Caleb Caleb
Josiah Josiah
Christian Christian
Hunter Hunter
Eli Eli
Jonathan Jonathan
Connor Connor
Landon Landon
Adrian Adrian
Asher Asher
Cameron Cameron
Leo Leo
Theodore Theodore
Jeremiah Jeremiah
Hudson Hudson
Robert Robert
Easton Easton
Nolan Nolan
Nicholas Nicholas
Ezra Ezra
Colton Colton
Angel Angel
Brayden Brayden
Jordan Jordan
Dominic Dominic
Austin Austin
Ian Ian
Adam Adam
Elias Elias
Jaxson Jaxson
Greyson Greyson
Jose Jose
Ezekiel Ezekiel
Carson Carson
Evan Evan
Maverick Maverick
Bryson Bryson
Jace Jace
Cooper Cooper
Xavier Xavier
Parker Parker
