Liam Benjamin Wyatt Daniel Joseph Michael Luke Oliver Charles Andrew Lucas Jackson Lucas Julian Ethan Logan Noah Mason William Elijah Mason Samuel Alexander Henry Alexander Samuel James David Jaxon Sebastian Jaxon Liam
22
Liam Liam
Noah Noah
William William Carter
James James
Logan Logan
Benjamin Benjamin
Mason Mason
Elijah Elijah
Oliver Oliver
Joseph Jacob Matthew Joseph
Lucas Lucas
Michael Michael
Alexander Alexander
Ethan Ethan
Daniel Daniel
Jaxon Aiden
Henry Henry
Jackson Jackson
Samuel Samuel
Sebastian Sebastian
David David
Wyatt Wyatt
