Liam Isaiah Joseph Mateo Alexander Elijah Aiden Parker Gavin Samuel Jason Anthony David Sebastian David Theodore Leonardo Connor Benjamin Easton Grayson Cooper Matthew Cooper Jordan Asher Luke Christian Eli Jackson Eli Josiah Colton Leo Isaiah Liam
18
Liam Liam
Luke Noah Luke
Aiden William Logan Aiden
Leo James Dylan
Benjamin Benjamin Carter
Alexander Mason Alexander
Elijah Elijah
Eli Oliver Lucas Wyatt
Jordan Jacob
Colton Michael Ethan Henry Jayden John
Isaiah Daniel
Matthew Matthew
Joseph Joseph
Jackson Jackson
Samuel Samuel
Sebastian Sebastian
David David
Gavin Owen
