zero five twelve nineteen twentysix thirtythree forty fortyseven fiftyfour sixtyone sixtyeight seventyfive eightytwo eightynine eightyeight eightyseven eightysix eightyfive ninetyone eightyfour seventyseven seventyone seventytwo sixtyfive sixtyfour fiftyseven fifty fiftyone fortyfour thirtyseven thirty twentynine thirtyfive twentyeight twentyone fourteen seven zero
32
zero two three four six
five five
twelve ten twelve
fourteen fourteen
twentyone fifteen
nineteen twenty
twentyeight twentytwo
twentysix twentyfour twentyfive
twentynine twentynine
thirty thirty
thirtythree thirtythree thirtyfour
thirtyfive thirtyfive
thirtyseven thirtysix thirtyseven
forty thirtynine
fortyfour fortyfour fortyfive
fortyseven fortyseven fortyeight
fifty fifty
fiftyone fiftyone
fiftyfour fiftythree fiftyfive
fiftyseven fiftyseven
sixtyone sixty sixtyone sixtytwo
sixtyfive sixtyfive sixtysix
sixtyeight sixtyseven sixtyeight
sixtyfour seventy
seventyone seventyone
seventyfive seventyfive
seventyseven seventyseven
eightyfour seventyeight seventynine eightyfour
eightytwo eightyone eightytwo
eightyseven eightyseven
eightyeight eightyeight ninetyfive
eightynine eightynine
