zero three ten seventeen twentyfour thirtyone thirtyeight fortyfive fiftytwo fiftynine sixtysix seventythree eighty eightyseven ninetyfour onehunone onehuneight onehunfifteen onehuntwentytwo onehuntwentynine onehunthirtysix onehunfortythree onehunfifty onehunfiftyseven onehunsixtyfour onehunseventyone onehunseventyeight onehuneightyfive onehunninetytwo onehunninetyone onehunninety onehunninetysix onehuneightynine onehuneightytwo onehunseventyfive onehunsixtyeight onehunsixtyone onehunfiftyfour onehunfortyseven onehunforty onehunthirtythree onehuntwentysix onehuntwenty onehuntwentyone onehuntwentytwo onehuntwentynine onehunthirtysix onehunfortythree onehunfifty onehunfiftyseven onehunfiftysix onehunfortynine onehunfortytwo onehunthirtyfive onehuntwentyeight onehuntwentyone onehunfourteen onehunseven onehun ninetythree eightysix seventynine seventytwo sixtyfive fiftyeight fiftyone fortyfour thirtyseven thirty twentythree sixteen nine two zero
55
zero one six seven
two two
three three
ten ten eleven twelve
nine fourteen
sixteen fifteen sixteen
seventeen seventeen twenty
twentythree twentythree
twentyfour twentyfive twentysix twentyseven
thirty twentynine
thirtyone thirtythree thirtyfour
thirtyseven thirtyseven
thirtyeight thirtyeight
fortyfour fortythree fortyfour fortynine
fortyfive fortyfive
fiftytwo fiftytwo fiftythree fiftyfive
fiftyeight fiftyseven fiftyeight
fiftynine sixty
sixtyfive sixtyfour seventy
sixtysix sixtysix sixtyseven sixtynine
seventytwo seventyone seventytwo seventyseven
seventythree seventyfive
seventynine seventyeight seventynine eightyfour
eighty eightytwo eightythree
eightyseven eightyseven
ninetythree ninetyeight
onehun ninetynine
onehunone onehunone
onehuneight onehuneight onehunten onehuneleven
onehunfourteen onehunthirteen onehunnineteen
onehunfifteen onehunsixteen onehunseventeen onehuneighteen
onehuntwentyone onehuntwentyone
onehuntwentytwo onehuntwentythree onehuntwentyfour
onehuntwentysix onehuntwentysix
onehunthirtythree onehuntwentyseven
onehuntwentyeight onehuntwentyeight
onehuntwentynine onehunthirty
onehunthirtyfive onehunthirtyfive
onehunforty onehunforty
onehunfortythree onehunfortythree onehunfortyfour onehunfortyfive
onehunfortyseven onehunfortysix
onehunfortynine onehunfortynine
onehunfifty onehunfifty
onehunfiftyfour onehunfiftyfour
onehunfiftyseven onehunfiftyseven onehunfiftynine
onehunsixtyone onehunsixty onehunsixtyone
onehunsixtyfour onehunsixtythree onehunsixtyfour onehunsixtyfive onehunsixtysix
onehunseventyfive onehunsixtynine onehunseventyfour onehunseventyfive
onehunseventyone onehunseventy onehunseventyone onehunseventythree
onehuneightytwo onehunseventysix onehuneightyone onehuneightytwo
onehunseventyeight onehunseventyeight onehuneighty
onehuneightyfive onehuneightyfour onehuneightyseven
onehunninety onehunninety
onehunninetyone onehunninetyone
onehunninetytwo onehunninetytwo onehunninetythree onehunninetyfour
