zero seven six five twelve thirteen fourteen eight fifteen twentyone twenty nineteen eighteen twentyfive thirtytwo thirtyone thirtytwo thirtythree thirtyfour thirtyfive fortytwo fortyone forty thirtynine fortysix fortyfive thirtyeight thirtyseven thirty twentythree sixteen nine ten three zero
24
three three
five five
six six
seven seven
nine nine
twelve eleven twelve
thirteen thirteen
fourteen fourteen
fifteen fifteen
sixteen sixteen
eighteen eighteen
nineteen nineteen
twenty twenty
twentyfive twentyfive
thirtyone thirtyone
thirtytwo thirtytwo
thirtyfour thirtyfour
thirtyfive thirtyfive
thirtyseven thirtyseven
thirtyeight thirtyeight
forty forty
fortytwo fortytwo
fortyfive fortyfive
fortysix fortysix
