0 3 117 193 117 92 112 174 112 116 103 21 105 145 105 144 105 142 150 106 152 106 153 158 108 157 108 194 118 196 118 98 36 125 101 129 101 130 101 125 36 61 89 97 100 121 100 120 100 95 45 109 167 109 161 109 180 114 181 114 12 113 178 113 78 110 168 110 78 113 12 132 102 131 102 2 107 155 107 4 90 171 119 199 119 55 92 117 3 0
44
120 120
121 121
100 122 123
101 124 126 127 128
125 125
129 129
130 130
131 131
132 132
102 133
103 134 135 136 137
178 138 178
109 139 162 163 165 166
117 140 191 192
105 141 143 146
142 142 164
144 144
145 145
106 147 148 149 151 154
150 150
152 152
153 153
155 155
108 156 159 160 186 187
157 157
158 158
161 161
167 167
168 168
110 169 170
171 171
112 172 173 175 176 177
174 174
113 179
180 180
181 181
114 182 183 184 185
116 188 189 190
193 193
194 194
118 195
196 196
119 197 198
199 199
