pump guideline lot ensure dark admiration title sentiment reflection pray gloom distributor row linger impound preoccupation engineer ground mouse parallel genetic float depressed privilege sensitivity unanimous valley judicial incongruous wage sticky separate diagram sweet genetic consideration performance twitch park sacrifice voice sit sticky reject brain formulate packet range minor pipe anger fairy button survival tip forest literature leadership preoccupation hierarchy freedom innovation polish plug ghost overlook category pump
60
guideline guideline
ensure ensure lemon
formulate hallway formulate
sticky sticky
impound impound
wage physical wage
category category mud
tip tip feign aspect
range range
forest prospect forest
literature literature
distributor distributor exercise
row row
sweet sweet
valley rock valley
pipe pipe descent
separate nominate separate
mouse mouse
lot appearance lot
fairy fairy
anger anger pursuit
brain brain
unanimous unanimous
consideration consideration
reflection reflection
plug plug
preoccupation preoccupation need
linger linger
minor minor
sentiment sentiment
depressed depressed
parallel parallel
sacrifice sacrifice wear
hierarchy affect hierarchy
reject reject
innovation innovation
admiration admiration attractive
overlook overlook
freedom freedom
ground ground
polish polish
park park
button button
sensitivity line
genetic pedestrian genetic
engineer engineer
float float
gloom gloom
title title
diagram diagram
judicial judicial
performance performance
pray pray
pump pump
packet packet
ghost ghost
leadership leadership
privilege privilege
sit sit
survival survival
