7FD578 C03738 EEEA40 C03738 719360 981760 FF39A5 981760 719360 19E454 61D740 19E454 17BEF0 859C0E 01684B 853F1A 1176C9 6C7BF0 7CDA20 7FD578 1AC5CE 283373 3E0BDD 2C376F E5D023 19E454 4BCD0B F4C859 4BCD0B 7FD578
19
01684B 01684B 1EE680
19E454 6CAF19 9B7F16
719360 E27C41
4BCD0B 7B7BDE
981760 B40756 981760
F4C859 F4C859 66B94B
853F1A A085DD 1BD5F4
E5D023 E5D023
3E0BDD 3E0BDD
1AC5CE 1AC5CE
6C7BF0 6C7BF0
1176C9 1176C9
2C376F 2C376F
859C0E 859C0E
61D740 61D740
FF39A5 FF39A5
EEEA40 9F01C8 EEEA40
283373 877D0E
C03738 2E60FC
