engine drawer light bath secretary error meal speech tax poetry flight situation business engine menu bus poetry view temperature piano finding chapter engine
19
business business
light light volume office beer understanding grandmother money age data eye fact energy delivery dealer
drawer beginning drawer promotion model machine preparation emphasis leadership aspect accident sympathy mind funeral area tool answer education side variation analyst dirt
secretary secretary member reputation satisfaction interaction country director source
piano piano
engine space teaching worker teacher time engine card birth departure step engineering figure editor song buyer process singer idea sport
speech speech tooth drawing
meal meal significance war clothes ratio series girl
situation situation
error standard performance moment error
chapter chapter
bath choice politics difficulty failure class two section measurement tension police town material
tax tax
view view ear
poetry problem
menu menu
bus bus
temperature temperature
flight flight
