maintenance object future context cause obligation cause selection church property marketing salad woman volume resolution cigarette focus wife average wife competition style fact maintenance
19
context philosophy income account day context
object object sister price rate action rock bread
competition competition
obligation war obligation
style style
church church contract
wife wife
cause sign cause inspection
marketing complaint marketing
volume economy volume
selection role description chest beer photo selection
maintenance driver career movie depression difficulty maintenance version example
average average
focus focus
future reputation population future
salad salad
resolution resolution
property feature property
woman woman
