S BR W AY X BK T R BE AN BH Q BJ AW BZ AW BX Q BT Q BS Q BQ AN BO AN BN AN BM Q BL Q AQ Q AO AN AM D CV O BP L AT CT AU Q BW J AZ I BG C CR V CU G CD N BY A CM F BU AN AS Q BA Q BB AN BD B CA AN CO AN CH AW CC AC CK H CP Q AE AN AF P U AI AN CW CB CN M CQ AB CL K AR AN AL AN AK AN AJ AN AH AN AG AN AD AN AA Q S
85
A A
B B
C C
D D
Q E Q
F F
G G
H H
I I
J J
K K
L L
M M
N N
O O
P P
R R
S S
T T
U U
V V
W W
X X
AY Y Z AY
AA AA
AB AB
AC AC
AD AD
AE AE
AF AF
AG AG
AH AH
AI AI
AJ AJ
AK AK
AL AL
AM AM
AN AN AP AV AX BC BI BV CE CF CI CJ
AO AO
AQ AQ
AR AR
AS AS
AT AT
AU AU
AW AW BF CS
AZ AZ
BA BA
BB BB
BD BD
BE BE
BG BG
BH BH
BJ BJ
BK BK
BL BL
BM BM
BN BN
BO BO
BP BP
BQ BQ
BR BR
BS BS
BT BT
BU BU
BW BW
BX BX
BY BY
BZ BZ
CA CA
CB CB
CC CC
CD CD
CH CH
CK CK
CL CL
CM CM
CN CN
CO CO
CP CP
CQ CQ
CR CR
CT CT
CU CU
CV CV
CW CW
