a1 a96 a92 a91 a27 a28 a29 a30 a31 a32 a33 a34 a35 a36 a40 a41 a40 a39 a38 a86 a85 a84 a83 a84 a88 a89 a93 a92 a91 a75 a76 a77 a73 a72 a68 a67 a68 a69 a70 a54 a53 a52 a51 a52 a53 a54 a22 a21 a20 a21 a17 a16 a15 a14 a13 a9 a8 a4 a5 a1
37
a1 a1
a4 a3 a4
a38 a6 a38
a9 a9
a91 a11 a43 a44 a59 a60 a62 a91
a16 a12
a14 a14
a17 a17
a20 a19 a20
a22 a22
a29 a25
a27 a27
a28 a28
a30 a30
a33 a33
a35 a35
a36 a36
a41 a41 a46
a53 a49
a51 a51
a52 a52 a57
a54 a54
a69 a65
a67 a67
a68 a68
a70 a70
a73 a73
a75 a75
a76 a76
a77 a78
a85 a81
a83 a83
a84 a84
a86 a86
a89 a89
a92 a92
a93 a94
