Wheeler Doe Campanile LeConte Campbell Haviland Memorial Minor Haas Faculty FSM Baker McCone BigC Pavilion Simons LaNote Unit2 LaNote Simons Pavilion BigC Bongo NorthGate Ippuku WayWest Pimentel Morgan CVStarr Soda Sather Barker Sather Soda Etcheverry Latimer Evans Morrison Greek Cory Jacobs Cory Greek Morrison Evans Wheeler
21
Sather Martinez Unit3 OCF
Barker Barker
WayWest Hearst Anthony Davis Cloyne Warren
Haas Stonefire Haas
Unit2 Unit2
Simons Legends TriDelta
Ippuku Metropolitan
CVStarr Moffitt
Minor Hargrove
Wheeler Sproul Dwinelle
LeConte Birge
Jacobs Bechtel Jacobs
Morrison Boalt Kroeber Morrison
Baker Baker Fiji
McCone CKerr
Pavilion PeoplePark
Haviland RSF
Pimentel Cheit
Etcheverry Etcheverry
Latimer Foothill
Memorial IHouse McLaughlin Moses
