Bowles Calvin Bowles LaVals Bowles Mulford Crescent Mulford Latimer Edwards Easterly Edwards Latimer South Pimentel Stacks Sherman Stacks Pimentel Moses Wellman Sutardja Wellman Moses Greek Stebbins Safeway Stebbins Greek Unit2 Wolf StrawberryCreek Wilde Bechtel Baker Daiso Baker Simons Baker Strada RoseGarden Strada Baker Bechtel Minor Memorial Maxwell Barrows Maxwell Memorial AlphaSigmaPhi Memorial Minor Bechtel Cory Jacob Foothill Unit1 Foothill Dwinelle Haas Pavilion Haas Crossroads Lawrence UCTheatre NCEM UCTheatre Lawrence Crossroads Haas Dwinelle HearstAnnex Dwinelle Foothill Haviland Morgan Haviland Foothill Davis Hildebrand YogurtPark Hildebrand Davis Foothill Jacob Evan Moffitt Cloyne Moffitt Evan Blackwell Evan Jacob Hertz CVStarr Unit3 CKerr WayWest CKerr Unit3 CVStarr Hertz Jacob TopDog GammaPhiBeta TopDog Starbucks Chipotle MFoundry Chipotle Starbucks TopDog Jacob Cory Stanley Campbell Koshland Campbell Stanley LeConte ALS LeConte Campanile Wurster McCone Spats Stonefire PiLambda PiAlphaPhi PiLambda Stonefire Spats McCone Wurster Campanile Bongo Artichokes Cheeseboard Artichokes Bongo Campanile LeConte VLSB Boalt Kresge Castro Kresge PeoplesPark Kresge Boalt VLSB Chez NorthGate Chez VLSB LeConte Stanley Cory Bechtel Birge Bowles
68
Evan Evan BearFoodCourt
Foothill Foothill
Campbell Campbell Doe
Birge Birge
Campanile Campanile
Moses Moses Gypsys
VLSB VLSB
Wellman Wellman
Koshland Koshland
Mulford Mulford
HearstAnnex HearstAnnex Lothlorien
LeConte RSF
Haas Haas
Boalt Boalt
Wurster Wurster Zellerbach
Unit1 Unit1
Blackwell Blackwell GenPlantBio
Greek Greek
Maxwell Maxwell
Calvin Calvin Etcheverry Graduate
Sutardja Sutardja
Kresge Kresge
Hildebrand Hildebrand
Morgan Morgan Martinez
Baker Baker
Barrows Barrows
Unit2 Unit2 IndianRock
Unit3 Unit3
CKerr CKerr Ridge
WayWest WayWest
Pavilion Pavilion
Stacks Stacks
Simons Simons
PeoplesPark PeoplesPark
LaVals LaVals
Bongo Bongo ShengKee
Memorial TacoBell
Strada Strada
Edwards Edwards
Crossroads Crossroads
Davis Browns
Safeway Safeway
Daiso Daiso
YogurtPark YogurtPark
Latimer Rochdale
Cloyne Cloyne
Wilde Wilde
Castro Castro
Sherman Sherman
Wolf Wolf
Spats Spats
Crescent Crescent
Chipotle Chipotle
NorthGate NorthGate
Cory Extension
UCTheatre UCTheatre
Cheeseboard Cheeseboard
RoseGarden RoseGarden
StrawberryCreek StrawberryCreek
TopDog Barker
Easterly Easterly
AlphaSigmaPhi AlphaSigmaPhi
GammaPhiBeta GammaPhiBeta
PiLambda PiLambda
PiAlphaPhi PiAlphaPhi
MFoundry MFoundry
NCEM NCEM
ALS ALS
