0 86 10 86 98 85 59 25 31 53 89 26 89 72 64 31 57 21 57 0 100 107 151 107 100 101 108 154 108 160 108 101 112 180 112 101 110 169 110 168 110 101 115 194 115 101 117 101 113 101 100 106 142 106 144 106 146 106 100 102 100 105 138 105 100 0 11 58 11 3 51 3 75 54 3 4 63 4 70 17 77 22 77 17 0
49
17 17 42 66 44 68 13 5
100 104 128 130 127 136 100
86 20 43 90 81 82 86 62
107 152 153
101 167 177 109 101 178 198
112 182 112 179
4 14 87 96 49 4
10 83 99 10
25 25 24
70 70 65
31 35 31
108 156 158
117 117
110 172 175 171 173
169 169
106 147 149 106 145
102 124 123 118 121 102
113 189 188 113
75 18 28 29 75
63 63
115 196
26 26
51 51
77 77
3 56
180 180
53 53
89 1 89
160 160
85 85
72 72
154 154
57 57
54 54
22 22
98 98
142 142
58 58
138 138
64 7
105 105
144 144
59 59
21 21
11 55
168 168
146 146
151 151
194 194
