MapLocation152 MapLocation14 MapLocation7 MapLocation81 MapLocation3 MapLocation92 MapLocation10 MapLocation153 MapLocation59 MapLocation43 MapLocation70 MapLocation71 MapLocation152 MapLocation106 MapLocation136 MapLocation145 MapLocation171 MapLocation42 MapLocation198 MapLocation114 MapLocation137 MapLocation183 MapLocation129 MapLocation172 MapLocation35 MapLocation100 MapLocation123 MapLocation118 MapLocation148 MapLocation8 MapLocation69 MapLocation13 MapLocation173 MapLocation89 MapLocation166 MapLocation30 MapLocation150 MapLocation188 MapLocation185 MapLocation9 MapLocation20 MapLocation194 MapLocation32 MapLocation133 MapLocation182 MapLocation0 MapLocation156 MapLocation47 MapLocation164 MapLocation72 MapLocation122 MapLocation9 MapLocation145 MapLocation56 MapLocation102 MapLocation67 MapLocation19 MapLocation186 MapLocation130 MapLocation111 MapLocation94 MapLocation57 MapLocation32 MapLocation28 MapLocation53 MapLocation76 MapLocation127 MapLocation121 MapLocation29 MapLocation146 MapLocation17 MapLocation41 MapLocation18 MapLocation62 MapLocation109 MapLocation161 MapLocation71 MapLocation55 MapLocation135 MapLocation15 MapLocation99 MapLocation96 MapLocation180 MapLocation179 MapLocation103 MapLocation196 MapLocation77 MapLocation175 MapLocation50 MapLocation152
78
MapLocation14 MapLocation14
MapLocation15 MapLocation15
MapLocation198 MapLocation16 MapLocation198
MapLocation17 MapLocation17
MapLocation18 MapLocation18
MapLocation19 MapLocation19
MapLocation20 MapLocation20
MapLocation69 MapLocation69
MapLocation136 MapLocation136
MapLocation35 MapLocation35
MapLocation186 MapLocation186
MapLocation81 MapLocation81
MapLocation10 MapLocation22 MapLocation10 MapLocation116
MapLocation72 MapLocation72 MapLocation79
MapLocation13 MapLocation13 MapLocation60
MapLocation71 MapLocation113 MapLocation71 MapLocation128
MapLocation50 MapLocation50
MapLocation100 MapLocation36 MapLocation100
MapLocation67 MapLocation67
MapLocation43 MapLocation97 MapLocation149 MapLocation43
MapLocation152 MapLocation12 MapLocation152
MapLocation8 MapLocation154 MapLocation8
MapLocation194 MapLocation105 MapLocation194
MapLocation156 MapLocation156 MapLocation125
MapLocation127 MapLocation127
MapLocation129 MapLocation129
MapLocation29 MapLocation192 MapLocation29
MapLocation96 MapLocation107 MapLocation96
MapLocation106 MapLocation106
MapLocation121 MapLocation61 MapLocation121
MapLocation145 MapLocation145
MapLocation123 MapLocation123 MapLocation170
MapLocation94 MapLocation94
MapLocation57 MapLocation57
MapLocation164 MapLocation164
MapLocation41 MapLocation41
MapLocation53 MapLocation53 MapLocation86
MapLocation137 MapLocation137
MapLocation59 MapLocation59
MapLocation171 MapLocation171
MapLocation122 MapLocation122
MapLocation109 MapLocation109
MapLocation146 MapLocation146
MapLocation130 MapLocation4
MapLocation56 MapLocation104 MapLocation56
MapLocation9 MapLocation9
MapLocation118 MapLocation118
MapLocation30 MapLocation119 MapLocation85
MapLocation102 MapLocation102
MapLocation173 MapLocation173
MapLocation103 MapLocation103
MapLocation47 MapLocation47
MapLocation150 MapLocation150
MapLocation135 MapLocation135
MapLocation161 MapLocation161
MapLocation180 MapLocation189
MapLocation77 MapLocation77
MapLocation55 MapLocation55
MapLocation175 MapLocation175
MapLocation133 MapLocation133
MapLocation92 MapLocation92
MapLocation182 MapLocation182
MapLocation111 MapLocation111
MapLocation183 MapLocation183
MapLocation7 MapLocation7
MapLocation32 MapLocation32
MapLocation62 MapLocation23 MapLocation62
MapLocation99 MapLocation99
MapLocation179 MapLocation179
MapLocation148 MapLocation148
MapLocation185 MapLocation185
MapLocation76 MapLocation76
MapLocation114 MapLocation114
MapLocation42 MapLocation42
MapLocation70 MapLocation70
MapLocation166 MapLocation166
MapLocation153 MapLocation153
MapLocation28 MapLocation28
