MapLocation77 MapLocation1 MapLocation2 MapLocation33 MapLocation93 MapLocation82 MapLocation30 MapLocation70 MapLocation5 MapLocation97 MapLocation39 MapLocation83 MapLocation38 MapLocation6 MapLocation45 MapLocation49 MapLocation51 MapLocation13 MapLocation42 MapLocation86 MapLocation61 MapLocation40 MapLocation67 MapLocation79 MapLocation27 MapLocation75 MapLocation80 MapLocation24 MapLocation77
27
MapLocation1 MapLocation0 MapLocation1
MapLocation2 MapLocation2
MapLocation93 MapLocation3 MapLocation93 MapLocation66
MapLocation5 MapLocation4 MapLocation5 MapLocation65
MapLocation6 MapLocation6
MapLocation82 MapLocation82
MapLocation70 MapLocation70
MapLocation79 MapLocation19 MapLocation20 MapLocation79
MapLocation27 MapLocation27 MapLocation44
MapLocation33 MapLocation37
MapLocation77 MapLocation77 MapLocation55 MapLocation72 MapLocation81
MapLocation30 MapLocation73
MapLocation39 MapLocation17 MapLocation39
MapLocation67 MapLocation67 MapLocation58
MapLocation86 MapLocation86 MapLocation84
MapLocation80 MapLocation80
MapLocation61 MapLocation61
MapLocation13 MapLocation13
MapLocation51 MapLocation91 MapLocation10 MapLocation48 MapLocation51
MapLocation40 MapLocation8 MapLocation40 MapLocation88
MapLocation45 MapLocation45 MapLocation85
MapLocation49 MapLocation14 MapLocation49
MapLocation83 MapLocation83 MapLocation74
MapLocation24 MapLocation24
MapLocation97 MapLocation97
MapLocation75 MapLocation68 MapLocation35
MapLocation42 MapLocation42
