86 169 23 185 43 192 151 184 161 163 7 57 7 45 147 91 136 89 115 53 180 26 9 110 9 128 143 6 143 88 27 88 151 17 151 37 11 3 5 131 134 44 134 25 153 25 68 100 68 22 142 4 179 4 31 36 20 82 20 36 133 152 133 92 182 113 147 160 147 138 12 123 12 48 61 107 81 157 81 1 114 52 114 54 3 19 49 122 49 125 86 120 186 72 127 87 60 66 55 121 55 8 79 21 79 30 61 69 61 71 67 2 63 74 63 145 167 132 55 93 58 28 58 116 78 148 98 173 98 126 37 97 165 177 39 156 95 150 86
88
1 1
2 2
5 5
6 6
8 8
9 10 13
11 11
78 14 76
17 17
19 19
21 21
22 22
26 26
27 27
28 28
30 30
68 35 90 159
36 36
20 38 41
44 44
45 45
48 48
43 51
52 52
53 53
54 54
128 56
57 57 175
25 64 183
66 66
69 69
71 71
72 72
147 73 140 158
74 74
63 75
82 82
88 84 199
87 87
89 89
91 91
92 92
93 93
136 94
97 97
100 100
7 101 129
114 105
180 106 154
107 107
110 110
113 113
116 116
143 117
120 120
121 121
122 122
123 123
125 125
126 126
132 132
79 137
138 138
186 139
145 145
167 146
148 148
12 149
150 150
152 152
153 153
156 156
157 157
160 160
163 163
169 169
173 173
182 174
177 177
179 179
161 181
184 184
185 185
61 189
192 192
151 194
131 196
67 198
