1 8 2 74 86 106 176 77 101 44 89 81 53 184 182 47 57 127 111 68 177 15 84 57 97 12 33 36 56 165 11 126 164 171 86 84 10 84 60 13 1
34
1 1 3 58 85 129 133 141 143 174 198
2 2 51 83 95
47 6 9 42 47 55
8 8 26 61 87 137 167 193
10 10
13 13
182 16 49 156 182
86 20 27 69 80 86 99 116 138 144 151 161 162
74 21 74 150 169 189 200
15 31
33 33
81 34 81 82
101 35 101 102
36 36
44 37 44 124
77 41 50 77 92
53 53 139
56 56
57 57
111 59 111
60 60
68 68 130 159
89 70 89
176 75 103 110 131 176
84 84
106 88 106 140 157
97 97
126 126
127 127
171 136 171
164 164
165 165
177 177
184 184
