state purple backgammon catnip Albert catnip Eva catnip eggplant maidservant bald versatec octane slake compunction Jennifer Calkins voltmeter knick mortgagor begot mortgagor controversial purple huge purple state
18
controversial controversial
begot begot
knick knick
catnip wrack border Zellerbach value texture Evans Adler lobby complacent supremum heifer uptown dame Augean flexural opossum Ridgway Adamson hungry presto
Jennifer Cinderella registrant
maidservant watery motet his cocaine cache hypothetic fireplace charcoal Yaounde harrow exhortation
purple scriptwriter eidetic dumpling scaup whirligig rocky joke bloc anatomy lonesome Darwin knurl hyphen sanatoria sepulchral gun omicron stereography Arden pairwise rent Protista grade ash gavotte whatsoever hallelujah athletic curbside foursome trivium turnout Steiner clasp Lizzie monk Whelan Della circumstantial firebug debenture freehold fleawort bibliophile
versatec driveway jackass serge infuse Waterbury stingy shrugging regal
Calkins Calkins
octane octane
Albert Albert
bald bald
Eva Eva
backgammon backgammon
slake cohere Edmonds retardation
compunction compunction
eggplant eggplant
huge huge
