142 121 58 130 175 34 100 163 170 120 127 106 66 137 188 83 93 118 38 118 93 151 181 18 103 85 89 85 103 6 17 171 63 149 22 149 63 171 17 6 103 18 181 91 3 174 4 46 148 108 160 77 143 90 172 52 178 195 158 195 178 37 24 76 48 137 121 142
37
6 150
151 144 159 151 167
163 31
171 129 21 177 157 140 97
158 158 69 64
90 90
103 133 41 7 33
178 178
52 14
181 181 30 23 145
130 141 124 60 16
174 174
18 70
118 183
46 46
106 106
17 186 55
34 34
108 108
121 121
89 89
22 22
127 127
63 63 35
76 76
195 195
3 3
38 197 38
188 115 39
48 48
77 77
91 91
137 137
93 93
58 58
4 4
66 44
