5 14 23 103 23 90 91 32 50 32 21 1 0 51 0 3 31 66 12 18 178 18 12 9 10 160 10 15 163 15 30 1 70 105 70 1 26 80 52 143 144 176 180 194 180 176 144 143 52 19 169 19 20 54 96 59 118 126 118 59 76 59 101 59 45 152 45 37 44 106 44 11 113 11 27 41 86 109 130 109 86 58 22 9 77 7 35 7 27 53 123 131 140 131 123 53 40 36 82 179 82 36 17 68 155 68 33 5
46
9 9
21 21
23 23
27 27
31 31 168
32 32
35 35
45 45
50 50
51 51
54 54
17 57
58 58
14 63 196
68 68
76 76
77 77
80 80
11 85
91 91
40 92
96 96
101 101 104 111
52 102
103 103
105 105
106 106
109 109
113 113
1 121 177
126 126
59 127
130 130
140 140
19 145
152 152
155 155
160 160
163 163
169 169
176 176
178 178
179 179
180 180
12 183 191
194 194
