PlmPdVeiiHQg3JYZCDWt nKDJ3ylOzub2eWcHnAhq Dwi7fYT8wa9I4Kzyto4Y nsq4rhHWMCaIVcah5fcd gdO0wiBlQ8wFbeNyGtx5 uNMLlt0W1KUwk2d6EP98 q4nqG9N45SSRxndw48Xl ANdko3dYAy7a2BOq7wpm 804aK8wEArkuheeUiB4R VuvjJGf6deKVAQ0JUD4i NA24XhOMsROCBnUViAJT ChEnlTNCMoqxBfyzEzW7 WsVMGV8yZisK6ojnqzBE 3M9YkxmgHhrzhCgskWR0 x5UVX06335fM5pfCNBMU 76b3evP8JEiQ8c6jd2b5 LXqfTqJggDSh6mykPyz3 dvxgUZzwjHAP85QpElWp kwA1qrRggH9YLKcVfIe5 UkqILZ2p4EbRuMBIrGXp 2chOacZ5nNYuf6eeGFSW 1tmkPhHujDQhTmW4oV7S kaVGl3oG0Ulg2MgkbJB8 7qCgmo7DrrfnVQIWnbiV N5YDsCDN1lKguyHbn4Zb PlmPdVeiiHQg3JYZCDWt
25
nKDJ3ylOzub2eWcHnAhq RuUdtXtfFCKpaLUcmsqg nKDJ3ylOzub2eWcHnAhq E8pbRn7LIeWnB3swkYzz a06qeiApctGnC1GMtGuJ
N5YDsCDN1lKguyHbn4Zb MEVVMgbTLIgXdG4vAbeX N5YDsCDN1lKguyHbn4Zb Tr6dOTuKB3EM5juuJxqy ELEJN8tWDJT7mLhCdqW3
ChEnlTNCMoqxBfyzEzW7 YmmIBqqdn3Z6PuFXWNHi ChEnlTNCMoqxBfyzEzW7 zvH9G6FQ1xC7CVezs43e eUyNsK7nwP1YPac54CbU k8LvqKsQ4ejh0bCWs4fP U7iVliqmXRkLwyPSNdfv YIxKvTpWMaQKGFtD5BDH
WsVMGV8yZisK6ojnqzBE SNmFiRdCmf8vg1yMqr30 JakuJordFcO229c3L5ct WsVMGV8yZisK6ojnqzBE Osa2UT4anhyBl7doUFs5 E59siIyngnj5PIsLeowv AmAHnr1XXkPpwJ6DUDIO EY9cQTmyqhrzeZsobQa5
1tmkPhHujDQhTmW4oV7S WErk2X2lm629vuxPHVtl 1tmkPhHujDQhTmW4oV7S YFXFh0nBpGYXfL8mfny3 BWhyt9wATIprZDhzxwVv
UkqILZ2p4EbRuMBIrGXp o85TEEBuzMbePdf5cbCv 9zoM12ZWjXrKaszveCQH PIekFeWZsA6etqyFB2SF UkqILZ2p4EbRuMBIrGXp XdyhPab6W9wOZnKLq1fq nyd0fM2XE4qmli1xfIwr ML4pCjYl4gPEwSnvlRaD irZyMKazQALnyfoOCtbL
3M9YkxmgHhrzhCgskWR0 g0ywcwildP9K6oBendJq 3M9YkxmgHhrzhCgskWR0 dsndgEJWfBsFA2I3Hgqf zforAf5jhSPEL0aOiCeo cUanhOambcNkocePqfvx CofLnw0Ss4pVGWmPS5oO 8RfB73Lw8C9LbSwIxA9Q KOLHrmR3FKDMdl4SYdK9
ANdko3dYAy7a2BOq7wpm GzSNGBn4EPemDLEWXNxx uaR7l3Qhn4FRAnSeVURz cYMPcE5UNSzOtkRY62gr EVtx7khff7Fs8yuuQKJx 4S2YiI3VYPKghkl95iqK iFXIyHTPBX7ivXxsV1VM ANdko3dYAy7a2BOq7wpm VXU331oDUcuzaGGUYIl9
7qCgmo7DrrfnVQIWnbiV 7qCgmo7DrrfnVQIWnbiV ukPtLY7YueARRkX8hPaS yKQw7YXCNsthb1VWEFur
nsq4rhHWMCaIVcah5fcd 48BAUsycKlkSkbOjYLFN nsq4rhHWMCaIVcah5fcd 2Cz4Y4eG1XIezf9qpdQl Zzs5CIqF9Ll2avkxI78N 1wRG7TNgo9ui6iZBLuaw
PlmPdVeiiHQg3JYZCDWt qOK6WPKQJA4Q9XqXgSgT xcisI0PJDdG9nIuyj3IS
LXqfTqJggDSh6mykPyz3 060q0aISPODkGeAbYbQ6 1JawjZrawLlOCGN1EB0O LXqfTqJggDSh6mykPyz3
dvxgUZzwjHAP85QpElWp NXYVlLN4oRDZThND0BmP DF1KTiOHBIkswyjh8uB1 IxWh6LSiXwGUWSx9VJ39 W9TKm0U6bNDZ1Aok7hNH dvxgUZzwjHAP85QpElWp
kwA1qrRggH9YLKcVfIe5 Vh6ScHVb39wz7CmKwIuA hZHynIvymuQxD6BftzWt kwA1qrRggH9YLKcVfIe5
kaVGl3oG0Ulg2MgkbJB8 kaVGl3oG0Ulg2MgkbJB8 3rqlQRwe5izypHjXjWla jVItWJkETNqrkY47Hghp
76b3evP8JEiQ8c6jd2b5 76b3evP8JEiQ8c6jd2b5
NA24XhOMsROCBnUViAJT NA24XhOMsROCBnUViAJT tX1uDaXm9hMlEKqU7m9j 4QLswP82Wvxw9Z42obzh PWUaVYPeofxjJdT472wG
2chOacZ5nNYuf6eeGFSW KjQNU2EAAYEZSeJWPxLM 2chOacZ5nNYuf6eeGFSW
uNMLlt0W1KUwk2d6EP98 yD8JCRUWcVAZxJ4ZDldr uNMLlt0W1KUwk2d6EP98 m1A3pMC42PQioFziqK5C
q4nqG9N45SSRxndw48Xl WZsO2i9GZwvMYoV9SyKS q4nqG9N45SSRxndw48Xl 6WGzUhXeOltLDbkIvTzq 7yt9hKqOEGabqtqIEmdH
Dwi7fYT8wa9I4Kzyto4Y EkRPPDhcu5ww6XulSOgx Dwi7fYT8wa9I4Kzyto4Y
VuvjJGf6deKVAQ0JUD4i VuvjJGf6deKVAQ0JUD4i TpLamlzpT6GwerxzVsxr
804aK8wEArkuheeUiB4R JWIkMKKlAG6fUoRVxKKI 804aK8wEArkuheeUiB4R
gdO0wiBlQ8wFbeNyGtx5 iwJGcbQH2bifG6D82Iel gdO0wiBlQ8wFbeNyGtx5 GUntLlYA0xo9Vk4WLTLV
x5UVX06335fM5pfCNBMU MSj6zOuZ0EoAKjP4wXXW C6w7afZujemehEooILjN x5UVX06335fM5pfCNBMU
