azv rti oqv hyb yiy hip yvc jwx brw cwq mtd gcw ipq yfq ncc vfq eqa mis boc mpw cib ufa txp sau scm hwc hlc qzx uua rcw cvb vxn rfl gfr uyd rov zuz ivp hcc ryg jvc hsi pzr hob wcd cim gei ctf ovx ijd dqy xie azv
48
gcw gcw
azv azv
yiy yiy
ipq ipq
zuz lmh zuz
oqv oqv
pzr pzr
ovx ovx
rcw rcw
rfl rfl
jwx jwx
yvc yvc
ijd ijd
ufa ufa
hwc hwc
hyb hyb
sau sau
scm scm aur
gfr gfr
rti rti
gei gei
xie xie
hsi hsi
ncc ncc
dqy dqy
jvc jvc
ctf ctf
cim cim
yfq yfq
vxn vxn
cib cib
vfq vfq
rov rov
uua uua
boc boc
mis mis
qzx qzx
brw brw
mtd mtd
hlc hlc
mpw mpw
uyd uyd
hip hip
wcd wcd
cwq cwq
hcc hcc
eqa eqa
ivp ivp
