lQCi69J0eWVlNqqKnSXq 24jW8KIc1KJpj5ibhLpV sNxtKpoSG9BFpERxjNr1 55xYloQMeVs9kVzx8cN5 sNxtKpoSG9BFpERxjNr1 EP0h2hGKZhLlRDvb1dHn lfvGd547iXhkHQ8AjYpO EP0h2hGKZhLlRDvb1dHn wlKpBtU5YVdE9Uq6V4z5 kdGczSrviM1C416w1kdh wlKpBtU5YVdE9Uq6V4z5 ivkDNojPLqpGb4cpDTON aAHnKpmemgrMwy9POpn9 ivkDNojPLqpGb4cpDTON yXTGXN4mJmD1MMnwU5DV ivkDNojPLqpGb4cpDTON HdqcKlipoTYMzJchffld G1Ecvcz8fZufY9CV0J2K HdqcKlipoTYMzJchffld sNxtKpoSG9BFpERxjNr1 NdzV8TNRFhnjMNZlaGI4 sNxtKpoSG9BFpERxjNr1 2fRxkCAZVyHGHkq3Bl9E CR5QbErmAVyIHQJyDFi9 2fRxkCAZVyHGHkq3Bl9E yytanXsBcYsWB0S4zr6x 0jsnTC6pUdifVPvCGLLe yytanXsBcYsWB0S4zr6x TULA7h1TJjCcU7b7ewMK pStp5oJ3mwz5HNV7VA81 TULA7h1TJjCcU7b7ewMK GzTC6SyDfi06snBYRanw tqCzeJHrHXSMuAlQdk95 GzTC6SyDfi06snBYRanw 5j3nVbxEAEFTUe3GDbN0 z8GF8LystXVXiuprVyTh 5j3nVbxEAEFTUe3GDbN0 GzTC6SyDfi06snBYRanw sX8C3CP6kza3VNKEcdNn GzTC6SyDfi06snBYRanw 6WjkeAWWKDbY507hYxDN lQCi69J0eWVlNqqKnSXq
23
sX8C3CP6kza3VNKEcdNn sX8C3CP6kza3VNKEcdNn
GzTC6SyDfi06snBYRanw sC8YSc2m8uVyLGRtJAJm
tqCzeJHrHXSMuAlQdk95 tqCzeJHrHXSMuAlQdk95
aAHnKpmemgrMwy9POpn9 aAHnKpmemgrMwy9POpn9
ivkDNojPLqpGb4cpDTON V6XJoCUDWAqZklsSLeM6
yXTGXN4mJmD1MMnwU5DV yXTGXN4mJmD1MMnwU5DV
2fRxkCAZVyHGHkq3Bl9E zdGOEur0Se3VWD6mlq5H AeT8ezBVfSNgGpCCNvM1
CR5QbErmAVyIHQJyDFi9 CR5QbErmAVyIHQJyDFi9
EP0h2hGKZhLlRDvb1dHn zbjpBk6LD1KcRmfqCimG ji2Hl3ZRuTNdz55QI9iS 5RtoZI2od7I5NUCXiQ20 m3HnuJcMZr0UjXE6y0Yj Q6Q14vRaFSx82FDA8F9j Rl9sd4PENsPVd55C9qNS sAR5WnnNshpkwOniAudb jsvSfTN8RLw8M7n8jb8D
lfvGd547iXhkHQ8AjYpO lfvGd547iXhkHQ8AjYpO
TULA7h1TJjCcU7b7ewMK u4CAydwAhszp7tM3ILy0 XeZKiAoyYZL9P7yBThlM
pStp5oJ3mwz5HNV7VA81 pStp5oJ3mwz5HNV7VA81
wlKpBtU5YVdE9Uq6V4z5 vnCWjVmMdmciaoCYnqW8 Ts2UPoejx7dwuInV9kms
kdGczSrviM1C416w1kdh kdGczSrviM1C416w1kdh
yytanXsBcYsWB0S4zr6x TDEVUkFlcjUpqrP6Bynx 0LTuG9BRd9b62kO39lM2
0jsnTC6pUdifVPvCGLLe 0jsnTC6pUdifVPvCGLLe
55xYloQMeVs9kVzx8cN5 55xYloQMeVs9kVzx8cN5
NdzV8TNRFhnjMNZlaGI4 NdzV8TNRFhnjMNZlaGI4
sNxtKpoSG9BFpERxjNr1 dSR37cF2irO0NLfFwZy0
HdqcKlipoTYMzJchffld h4lv4AWoIyOY4fsmP5xB IR7mOQhWXsCDKM4Cc4wS
G1Ecvcz8fZufY9CV0J2K G1Ecvcz8fZufY9CV0J2K
5j3nVbxEAEFTUe3GDbN0 76IyG9JBAhW2KiBt5QKY 9ZAwlDiWc0OkYVLdPP18
z8GF8LystXVXiuprVyTh z8GF8LystXVXiuprVyTh
