loc0 loc5 loc97 loc73 loc91 loc93 loc67 loc31 loc47 loc43 loc37 loc77 loc41 loc25 loc21 loc23 loc7 loc19 loc13 loc0
19
loc91 loc1 loc51 loc91
loc47 loc3 loc47 loc57 loc81 loc99
loc5 loc5 loc61 loc71
loc7 loc7 loc29 loc85
loc23 loc9 loc11 loc23
loc13 loc13
loc43 loc15 loc43 loc53 loc75 loc95
loc19 loc17 loc19 loc79
loc21 loc21 loc69
loc25 loc25
loc31 loc27 loc31
loc97 loc33 loc35 loc45 loc55 loc65 loc97
loc37 loc37 loc63
loc73 loc39 loc59 loc73
loc41 loc41 loc49
loc67 loc67 loc89
loc77 loc77
loc93 loc83 loc93
loc0 loc87
