loc0 loc7 loc129 loc195 loc191 loc185 loc181 loc171 loc173 loc184 loc163 loc159 loc164 loc161 loc9 loc153 loc65 loc139 loc151 loc133 loc121 loc125 loc20 loc107 loc97 loc58 loc57 loc106 loc79 loc77 loc53 loc47 loc115 loc35 loc31 loc17 loc0
35
loc171 loc1 loc171
loc121 loc3 loc121 loc141
loc129 loc5 loc11 loc37 loc43 loc105 loc129 loc165 loc175
loc7 loc7 loc19 loc149
loc9 loc9 loc119
loc185 loc13 loc69 loc71 loc111 loc185 loc189
loc181 loc15 loc85 loc113 loc117 loc179 loc181
loc17 loc17 loc101
loc77 loc21 loc49 loc77 loc177
loc31 loc23 loc31
loc65 loc25 loc65 loc127
loc163 loc27 loc55 loc93 loc131 loc157 loc163
loc139 loc29 loc139 loc143 loc197
loc195 loc33 loc169 loc195
loc35 loc35 loc83
loc151 loc39 loc151
loc161 loc41 loc147 loc161
loc0 loc45 loc51 loc63 loc109 loc135
loc47 loc47 loc187
loc53 loc53 loc193
loc57 loc57
loc107 loc59 loc67 loc81 loc107
loc20 loc61 loc75 loc99 loc145
loc133 loc73 loc133 loc137
loc79 loc79 loc103
loc164 loc87
loc115 loc89 loc115 loc155 loc167
loc191 loc91 loc191
loc153 loc95 loc153
loc97 loc97
loc106 loc123
loc125 loc125
loc159 loc159 loc183
loc173 loc173
loc184 loc199
