1 5 4 8 7 8 9 13 12 16 17 18 17 21 20 24 23 24 25 29 28 32 31 32 33 37 36 40 41 42 41 45 44 48 49 50 49 53 52 56 55 56 57 61 60 64 65 69 68 72 71 72 73 77 76 80 79 80 81 85 84 88 89 90 89 93 94 95 96 97 101 100 104 105 109 110 111 112 113 117 116 120 121 122 123 124 128 129 130 131 132 136 137 138 137 141 140 144 143 144 145 149 148 152 151 152 153 154 153 157 156 160 161 162 163 164 168 169 170 169 173 172 176 175 176 177 178 177 181 182 183 184 185 186 185 189 188 192 193 194 193 197 196 200 1 2 1
100
2 2
4 4
5 5
7 7
9 10
12 12
13 13
16 15
18 18
20 20
21 21
23 23
25 26
28 28
29 29
31 31
33 34
36 36
37 37
40 39
42 42
44 44
45 45
48 47
50 50
52 52
53 53
55 55
57 58
60 60
61 61
64 63
65 66
68 68
69 69
71 71
73 74
76 76
77 77
79 79
81 82
84 84
85 85
88 87
90 90
96 92
93 93
95 95
97 98
100 100
101 101
104 103
105 106
112 108
109 109
111 111
113 114
116 116
117 117
120 119
122 122
124 124
121 125
128 127
130 130
132 132
129 133
136 135
138 138
140 140
141 141
143 143
145 146
148 148
149 149
151 151
154 154
156 156
157 157
160 159
162 162
164 164
161 165
168 167
170 170
172 172
173 173
175 175
178 178
184 180
181 181
183 183
186 186
188 188
189 189
192 191
194 194
196 196
197 197
200 199
