Ippudo Platano Soda HildebrandHall NatApartment Rachas SutardjaDai ThaiBasil Milkbomb Foothill Kips Muraccis Kips EndlessSweets HalalGuys Gadani Marugame Etcheverry Toss BerkeleyHigh Stern HortonHall Cinnaholic Slivers Cinnaholic Tilden Gather Tilden LatimerHall Jupiter Morganhall GiauqueHall Mezzo HAAS Chipotle HearstMining Campbell EastAsianLibrary Gypsys EastAsianLibrary Campbell HearstMining Flavia AndrewsApartment GrizzlyPeak AmoebaMusic GrizzlyPeak UdupiPalace HavilandHall Bonchon HavilandHall Fengcha Ikes Eureka Campbell MemorialGlade Campbell HearstMining Chipotle LaBurrita OptometryBuilding YogurtPark LaVals Target LaVals YogurtPark Ucha Gilman GiauqueHall Ikea TheHabit UCafe UniversityVillage TToust BobaNinja TennisCourts TPTea Campanile LeConte AshaTeaHouse Barrows HeatCafe SaturnCafe HeatCafe Barrows BerkeleyBart BigC TenderGreens BigC BerkeleyBart Barrows Safeway Barrows BerkeleyBart LaBurrita OptometryBuilding YogurtPark GreatChina SatherGate GreatChina YogurtPark Ucha SouthHall Crossroads LiKaShing Rachas NatApartment HildebrandHall Soda Platano Ippudo
55
HortonHall HortonHall KroeberHall Underhill LowerSproul Shengkee JambaJuice
LatimerHall LatimerHall
Flavia LewisHall WursterHall SmokesPoutinerie PeoplesCafe TheDwight
Morganhall Morganhall StrawberryCreek
AshaTeaHouse Morrisonhall AshaTeaHouse McDonalds Namaste
ThaiBasil MulfordHall ThaiBasil EastBaySpiceCompany
Chipotle NorthHall Yifang Chipotle
OptometryBuilding OptometryBuilding
Bonchon Bonchon
Jupiter Firewings TopDog Jupiter
BerkeleyBart HappyLemon SproulHall
Ucha Ucha
AmoebaMusic Artichokes SnackShack AmoebaMusic
Toss TacoBell ExtremePizza LaNote
Ikes Gongcha Ikes SweetheartCafe
Fengcha Fengcha
UCafe UCafe
TPTea TPTea
SatherGate SatherGate
BigC BigC
Stern ClarkKerr Plentea BSC
Crossroads Crossroads
LeConte Cafe3 ThaiNoodle Wikiwiki
Marugame Raretea Marugame
YogurtPark TraderJoes
Safeway Safeway
Kips Kips
Milkbomb Pappys Milkbomb SuperDuperBurgers
NatApartment BetaLounge
Gather Spats Gather
Campanile Cornerstone ChezPanisse
Cinnaholic TripleRock TukTukThai Venus
TToust ImmThai
MemorialGlade MemorialGlade
EastAsianLibrary EastAsianLibrary LittleCampanile
Mezzo Mezzo
Slivers Slivers
LaBurrita Teazone LaBurrita
TheHabit PokeBar TheHabit Homeroom
SaturnCafe Quicklys SaturnCafe BerkeleyArtStudio
Gypsys Gypsys
GreatChina GreatChina
Eureka Eureka
Platano Platano
TenderGreens TenderGreens
Target Target
HalalGuys HalalGuys
Gadani Gadani
TennisCourts Cheeseboard
Rachas Rachas
BobaNinja BobaNinja
AndrewsApartment Wheeler AndrewsApartment UrbanOutfitters
GrizzlyPeak GrizzlyPeak
LiKaShing BanshoRamen
Muraccis Muraccis
