Soda BerkeleyWayWest Campanile Evans Campanile HesseHall Stern DavisHall Moffit SouthHall Unit1 Blackwell DurantHall Unit2 BancroftLibrary Unit2 Etcheverry LeConte Foothill HavilandHall Dwinelle HearstMining HilgardHall CaliforniaHall Barrows Unit3 Campbell GiauqueHall AlumniHouse InternationalHouse MemorialStadium LawrenceHall GreekTheatre Doe Soda
22
Evans Evans BAMPFA
Doe Doe Bowles
HearstMining HearstMining
BerkeleyWayWest Wheeler BerkeleyWayWest
Campanile Campanile
LeConte LeConte
Moffit Moffit
Dwinelle Dwinelle
SouthHall SouthHall
HilgardHall Gilman
CaliforniaHall CaliforniaHall
BancroftLibrary BancroftLibrary
DurantHall DurantHall
Stern Stern
Campbell Campbell
GreekTheatre GreekTheatre
LawrenceHall LawrenceHall
InternationalHouse InternationalHouse
Unit1 Unit1
Unit2 Unit2
Unit3 Unit3
Foothill Foothill
