Shelf0 Websites4 Crab83 Towel123 Robot164 Monster175 Toolbox146 Shelf0 Drugs195 Laptop1 Robot93 Book24 Poop150 Laptop69 Nuclear18 Shoe17 Shoes8 Hnads116 Light49 Websites4 Clock139 Dog101 Rollers95 Soda197 Monster16 Clock2 Horse148 Urine20 Solar162 Ice9 Solar130 Dog168 Towel154 Rollers95 Soap53 Shelf0
28
Crab83 Crab83 Soap64
Shoes8 Boat67 Soap58 Plants118 Dislike12 Shoe174 Dog181 Plus78 Shoes8
Horse148 Horse148 Kitty89
Monster175 Post158 Sink109 Monster175 Shower47 Whale126 Printer188 Clock61
Robot93 Robot93
Solar162 Kitty194 Solar162 Website190
Hnads116 Drugs39 Hnads116
Soda197 Shelf40 Soda197
Poop150 Leash77 Poop150
Rollers95 Laptop125 Water135 Rollers95 Water29 Kitty98
Clock139 Allergies88 Clock139
Toolbox146 Toolbox146 Monster73 Ring169 Toilet13
Ice9 Ice9
Solar130 Light30 Solar130 Book171
Towel154 Towel154 Dislike143 Allergies176
Book24 Settings75 Ice41 Robot51 Laptop19 Dislike27 Book24 Urine97 Flowers178 Shower57
Clock2 Body55 Puppy117 Clock2 Water38 Ice165 Mail6 Poop76
Dog168 Dog168 Mail22 Puppy140 Android196
Urine20 BBQ36 Nuclear35 Poop80 Rollers14 Fusion104 Urine20 Solar71 Fusion34 Breakfast85
Robot164 Urine124 Robot164 Ring82 Male149 Whale114 Towel92 Comics107
Shelf0 Allergies103 Toolbox153 Whale137 Shelf0
Light49 Soda119 Solar192
Drugs195 Drugs195 Cat15 System79
Nuclear18 Toolbox72 Nuclear18
Soap53 System156
Shoe17 Shoe17 Hnads182
Monster16 System183 Cat187
Websites4 Websites4
