Horse0 Shower11 Horse0 Bird82 Bird93 Water66 Ice10 Laptop36 Running77 Breakfast42 Soda57 Post61 System90 Leash68 Monster71 Whale22 Post2 Websites17 Dislike51 Mail88 Monster39 Ring45 Allergies3 Flowers98 Horse0
23
Shower11 Shower11 Whale59 Settings5
Monster39 Websites81 Monster39 Rollers48
Running77 Running77 Water52 Ring97 Cat13
Soda57 Horse55 Breakfast19 Soda57
Websites17 Websites17 Towel37 Rollers34 Ice38
Leash68 Male84 Kitty14 Leash68
Monster71 Monster71
Ring45 Ring45
Allergies3 Solar58 Allergies3 Towel35
Dislike51 Plus62 Dislike51
Laptop36 Allergies4 Ice30
Mail88 Printer53 Robot9 Mail88
Ice10 Ice10 Floppy63
Bird93 Toilet20 Bird93
Bird82 Bird82 Prints23
Water66 BBQ86 Water66
Horse0 Horse0 Breakfast74
Whale22 Book41 Whale22 Shelf25
Post2 Shower15
Flowers98 Flowers98
Breakfast42 Towel16
System90 Comics49
Post61 Post61
