Shower0 Robot49 Cat44 Light1 Mail41 Toilet26 Prints25 BBQ38 Plants3 Ice42 Toilet45 Ice30 Nuclear43 Crab16 Website21 Soda18 Website21 Soap14 Ring33 Prints46 Allergies7 Sink37 Rollers40 Elevator35 Monster32 Android27 Puppy28 Boat48 Cone13 Laptop22 Puppy19 Websites24 YouTube4 Shower0
24
Soda18 Soda18
Toilet45 Toilet45
Mail41 Mail41
Ring33 Ring33
YouTube4 YouTube4
Elevator35 Elevator35
Prints25 Prints25
Sink37 Sink37
Laptop22 Laptop22
Puppy19 Puppy19
Robot49 Robot49 BBQ36
Nuclear43 Nuclear43
Ice42 Ice42
Cat44 Cat44
Android27 Android27
Monster32 Monster32
Toilet26 Toilet26
Crab16 Crab16
Cone13 Cone13
Ice30 Ice30
Light1 Light1
BBQ38 BBQ38
Allergies7 Allergies7
Plants3 Plants3
