0 160 69 188 189 190 191 192 193 194 195 196 197 198 199 198 197 196 195 194 193 192 191 190 189 188 69 161 162 163 164 165 166 167 168 169 170 171 172 173 174 175 176 177 178 179 180 181 182 183 184 185 186 187 186 185 184 183 182 181 180 179 178 177 176 175 174 173 172 171 170 169 168 167 166 165 164 163 162 161 0
42
69 2 3 19 59 62 69 86 94 107 112 122 129 148 153
160 5 7 12 31 56 60 72 95 101 102 120 140 145 151 155 159 160
0 13 22 24 28 35 36 43 44 47 51 53 54 61 66 68 77 80 83 121 124 133 135 142 143 146 157
161 34 65 67 73 118
162 162
163 163
164 164
165 165
166 166
167 167
168 168
169 169
170 170
171 171
172 172
173 173
174 174
175 175
176 176
177 177
178 178
179 179
180 180
181 181
182 182
183 183
184 184
185 185
186 186
187 187
188 188
189 189
190 190
191 191
192 192
193 193
194 194
195 195
196 196
197 197
198 198
199 199
