hutmk omjfc ablxw rlfxc lnfiu aeomh otirh yiodb ywion ijvuq ywion ijofp bcrwj gxdqt xeljy misyc lsnhz mlfbi oscrv xintv coubd urlkt hincx xnysi cursl tyuep zsehb tiyfv lcghr yzaje ugyls vmgxh hopbn qdzgs tejxc aqzce axmwy artvi abupm mzlsn spuoi vczkh ugamb hutmk
38
oscrv oscrv
hopbn hopbn
mlfbi mlfbi
lcghr lcghr
aqzce aqzce
mzlsn mzlsn
zsehb zsehb
tyuep tyuep
coubd coubd
yzaje yzaje
lnfiu lnfiu
cursl cursl
omjfc omjfc dowbf
qdzgs qdzgs
xintv xintv
ywion ywion
gxdqt gxdqt
vczkh vczkh
yiodb yiodb
urlkt urlkt
rlfxc rlfxc
aeomh aeomh
artvi artvi
vmgxh vmgxh
ugamb ugamb
ablxw ablxw yaxts
otirh otirh
ugyls ugyls
tejxc tejxc
xeljy xeljy
spuoi spuoi
xnysi xnysi
misyc misyc
bcrwj bcrwj
lsnhz lsnhz
axmwy axmwy
ijvuq ijvuq
ijofp ijofp
