hdpxs osxbc amfiz frhgc cqsby ahnds bwknx wotiq vgwoi ohzfn iyuas xnpwq ktzce uiogl sxdiu nqtru rlumh mlibf tmwdy pytwh gstwp pytwh ehqyk yqfdk zcjqx fjdqi oxuqn rzvtg ayrgb tjake mhuad cxdes oewcd osvgp rdoqk stflc syoxf gdnim lpudv evsbm yvbse pgqva olqfv bkfuc tkwle armnk btwzv ypdnb bdevm ebwcp rjuxc qckjp uklga zqjxb jhlus ymcfp lnjxt yazqf dbjxw glrpy yqtob qhvsb vobqh drojn xlrzc mujil kzwah qpbmc wkbuf bfauz mhekz syoxv maqho qbdwz wajol xcvow pihld aedvq jcwpu joztf cxajk evtgj qhibx rjdai mtcsd oaeyh tndwl zntkr wcjeg gdovn utdhx qsmkj vcwfj htkwy bsvth wnelr cihba oxitr hdpxs
93
mlibf mlibf
sxdiu sxdiu hwmzn
qpbmc qpbmc
uiogl uiogl
uklga uklga
maqho maqho
yqtob yqtob
mujil mujil
tmwdy tmwdy
fjdqi fjdqi
xlrzc xlrzc
oxitr oxitr
nqtru nqtru
bdevm bdevm
ayrgb ayrgb
lnjxt lnjxt
armnk armnk
gdnim gdnim
zqjxb zqjxb
yqfdk yqfdk
drojn drojn
ohzfn ohzfn dkjro
jcwpu jcwpu kscoz
wotiq wotiq
joztf joztf
pytwh pytwh
cxdes cxdes
tndwl tndwl
qhibx qhibx
aedvq aedvq
ymcfp ymcfp
stflc stflc
wajol wajol
mtcsd mtcsd
pgqva pgqva
btwzv btwzv
ahnds ahnds
utdhx utdhx
rjuxc rjuxc
xnpwq xnpwq
frhgc frhgc lmwpk
osvgp osvgp
bsvth bsvth
rjdai rjdai
qckjp qckjp wdquv
wnelr wnelr
rlumh rlumh
syoxf syoxf
qbdwz qbdwz
zcjqx zcjqx
yazqf yazqf
vgwoi vgwoi
bkfuc bkfuc
cihba cihba
dbjxw dbjxw
mhekz gufvs mhekz
bfauz kjihy
iyuas iyuas
syoxv syoxv
zntkr zntkr
jhlus jhlus
ebwcp ebwcp
bwknx bwknx
amfiz amfiz rchbw
cqsby cqsby
wkbuf wkbuf
kzwah kzwah
yvbse yvbse
htkwy htkwy
oewcd oewcd
oaeyh oaeyh
evtgj evtgj
cxajk cxajk
pihld pihld
lpudv lpudv
qsmkj qsmkj
vcwfj vcwfj
ehqyk ehqyk
gdovn gdovn
gstwp gstwp
tkwle tkwle
mhuad mhuad
oxuqn oxuqn
tjake tjake
xcvow xcvow
evsbm evsbm
wcjeg wcjeg
rzvtg rzvtg
vobqh vobqh
osxbc osxbc
ktzce ktzce
ypdnb ypdnb
qhvsb qhvsb
