stop0 stop144 stop64 stop8 stop62 stop192 stop1 stop69 stop181 stop1 stop39 stop81 stop3 stop21 stop3 stop145 stop130 stop58 stop167 stop2 stop162 stop109 stop195 stop25 stop4 stop124 stop4 stop194 stop72 stop77 stop100 stop0 stop138 stop96 stop102 stop89 stop7 stop114 stop51 stop5 stop172 stop44 stop5 stop7 stop13 stop0 stop163 stop0 stop137 stop70 stop1 stop90 stop1 stop176 stop1 stop112 stop84 stop18 stop1 stop156 stop101 stop23 stop0 stop34 stop139 stop15 stop2 stop80 stop1 stop159 stop0 stop22 stop147 stop3 stop180 stop133 stop0
58
stop144 stop144 stop68 stop126 stop186 stop54 stop187 stop150 stop171 stop55
stop0 stop0 stop148 stop197 stop41 stop14 stop38 stop42 stop142 stop135 stop16 stop158 stop128 stop183 stop105 stop65 stop191 stop35 stop199 stop155 stop182 stop73 stop40 stop31 stop88 stop92 stop122
stop64 stop123 stop106 stop17 stop166 stop33 stop153 stop60 stop64
stop133 stop133
stop180 stop180
stop147 stop147
stop22 stop22
stop159 stop159
stop80 stop80
stop15 stop15
stop139 stop139
stop34 stop34
stop23 stop23
stop101 stop101
stop156 stop156
stop18 stop18
stop84 stop84
stop3 stop3
stop112 stop112
stop176 stop176
stop90 stop90
stop70 stop70
stop137 stop137
stop163 stop163
stop13 stop13
stop7 stop7
stop44 stop44
stop172 stop172
stop1 stop189
stop51 stop51
stop114 stop114
stop89 stop89
stop8 stop9 stop74 stop8
stop102 stop102
stop96 stop96
stop138 stop138
stop100 stop100
stop77 stop77
stop72 stop72
stop194 stop194
stop124 stop124
stop4 stop4
stop25 stop25
stop195 stop195
stop109 stop109
stop162 stop162
stop167 stop167
stop58 stop58
stop2 stop2
stop130 stop130
stop145 stop145
stop21 stop21
stop81 stop81
stop39 stop39
stop181 stop181
stop69 stop69
stop192 stop192
stop62 stop62
