Hayward Shreveport Hartford NorthLasVegas SterlingHeights Champaign Omaha Scottsdale Victorville ElPaso SanAntonio JohnsonCity Fresno Anchorage Utica Burlington Downey Salem Deltona Tucson NewYork Kalamazoo RoundLakeBeach Independence Escondido Monroe Escondido Mesquite Escondido Sacramento StLouis Sacramento Brighton Oxnard Albuquerque Hialeah Roseville Laredo Gastonia Hampton Newark Hampton Bryan Birmingham Bryan HavredeGrace PuntaGorda Hemet Mobile SanBernardino Pueblo Waterbury Newburgh Carrollton SiouxFalls Carrollton Visalia Columbus Anaheim Eugene Boise Marysville Stamford Marysville Layton PembrokePines Racine PembrokePines LasVegas Nashua Tyler Arvada Scranton Sarasota HuntingtonBeach Harrisburg BoiseCity Detroit Merced ElMonte McAllen Elkhart Seaside CapeCoral Bloomington Louisville Trenton Flint Fullerton Youngstown Barnstable Youngstown SouthBend Bakersfield CostaMesa Lubbock Melbourne Torrance RichmondCounty PortArthur Lacey Savannah StPaul CathedralCity Bethlehem NewportNews SimiValley Aberdeen Marina Frederick Marina Kissimmee Huntsville ThousandOaks PortSaintLucie Olympia Syracuse Murrieta Harlingen Springfield Spartanburg LakeCharles Boulder Anchorage OverlandPark Greenville Plano Hagerstown PalmBay VeroBeach SantaClara Fullerton Duluth SaintPaul GrandRapids Vancouver Henderson NewYorkCity York Reno Shreveport Hayward
94
PuntaGorda PuntaGorda
Tyler Tyler
Independence Cincinnati
ThousandOaks ThousandOaks
Utica Norwich Utica
PalmBay PalmBay
Tucson Tucson
Pueblo Pueblo
Albuquerque Albuquerque
Laredo Laredo
NewportNews NewportNews
Barnstable Barnstable
JohnsonCity JohnsonCity
Greenville Greenville
Eugene Eugene
Racine Racine
Nashua Nashua
RoundLakeBeach RoundLakeBeach
Harlingen Harlingen
Newburgh Newburgh
HavredeGrace HavredeGrace
Champaign Charlotte Champaign
OverlandPark OverlandPark
Omaha Omaha
Downey Topeka Downey
CapeCoral CapeCoral
Deltona Deltona
Anchorage Anchorage
Marina Marina
Salem Salem
LasVegas LasVegas
Hagerstown Hagerstown
Birmingham Birmingham
Oxnard SanBuenaventura Oxnard
Mesquite Mesquite
Flint Flint
McAllen McAllen
Lubbock Lubbock
StPaul CorpusChristi
Layton Layton
Fullerton Fullerton
Bethlehem Bethlehem NewBedford
NorthLasVegas NorthLasVegas
StLouis StLouis
GrandRapids GrandRapids
Frederick Frederick
Boise Boise
Arvada Arvada
Hemet Hemet
Scranton Scranton
Fresno Fresno
Waterbury Waterbury
LakeCharles LakeCharles
Stamford Stamford
Olympia Olympia
RichmondCounty RichmondCounty
Duluth Duluth
Elkhart Modesto Elkhart
Henderson Henderson
HuntingtonBeach HuntingtonBeach
Huntsville Huntsville
Lacey Lacey
Burlington Burlington
Columbus Columbus
Savannah Savannah
Vancouver Vancouver
Detroit Detroit
Hialeah Hialeah
CathedralCity CathedralCity
NewYorkCity NewYorkCity
Marysville Marysville
SterlingHeights GreenBay
Bakersfield Bakersfield
Monroe Monroe
Louisville Louisville
ElPaso ElPaso
SantaClara SantaClara
Kissimmee Kissimmee
Newark Newark
Torrance Torrance
Hartford Hartford
Plano Plano
Bloomington Bloomington
Kalamazoo Kalamazoo
SiouxFalls SiouxFalls
Anaheim Anaheim
SaintPaul SaintPaul
York York
Spartanburg Spartanburg
Scottsdale Scottsdale
Aberdeen Aberdeen
Mobile Mobile
Melbourne Melbourne
Reno Ogden
