Aberdeen Reno Hampton Pensacola Hampton Newburgh Hampton Tuscaloosa Winston Austin Gainesville Lewisville StPetersburg Henderson WestValleyCity Columbia GreenBay McAllen Marina McAllen Modesto SanBernardino Hartford Miramar Norwalk SaltLakeCity Redding SanAntonio Redding SaltLakeCity Chattanooga Lowell Hampton Reno Springdale Reno SouthLyon Montgomery Racine ChulaVista Newburgh Hampton Reno Aberdeen
25
Pensacola Pensacola
SaltLakeCity SaltLakeCity
Gainesville Gainesville
Hampton Hampton
Winston Winston
Tuscaloosa Tuscaloosa
WestValleyCity WestValleyCity
Chattanooga Chattanooga
Modesto Modesto
Henderson Henderson
Lewisville Lewisville
Miramar Miramar
Racine Racine
Reno Reno
Lowell Lowell
SanBernardino SanBernardino
SouthLyon SouthLyon
Newburgh Newburgh
Austin Austin
Montgomery Montgomery
GreenBay GreenBay
SanAntonio SanAntonio
StPetersburg StPetersburg
Marina Marina
Springdale Springdale
