Hayward Asheville Durham Lafayette PuntaGorda SaintPaul AtlanticCity Rochester Downey SaintLouis Harlingen Waco NewOrleans GrandRapids Abilene Atlanta Danbury Burbank Chicago Burbank CedarRapids Asheville Hayward SantaClara DalyCity NewBedford York NewBedford Aurora Bakersfield Aurora Tucson Bradenton Tucson Washington LakeCharles Washington Tucson PalmBay Torrance McHenry Springdale Waterloo Yonkers Omaha Topeka Montgomery ThousandOaks Montgomery SantaCruz Milwaukee BelAir Monroe BelAir McAllen KansasCity Huntsville Tyler Hickory Winston Murrieta Tampa Murrieta Winston Memphis Winston Hickory HuntingtonBeach Hickory Charlotte RichmondCounty Hampton Modesto Corona Deltona Durham Bloomington Newark NewYorkCity Kennewick Barnstable Kennewick PuntaGorda Lafayette Durham Asheville Hayward
50
PuntaGorda PuntaGorda
Tyler Tyler
ThousandOaks ThousandOaks
PalmBay PalmBay
Tucson Tucson
Barnstable Barnstable
Yonkers Yonkers
Burbank Burbank
McHenry McHenry
Harlingen Harlingen
Charlotte Charlotte
Omaha Omaha
Topeka Topeka
Deltona Deltona
Danbury Danbury
Downey Downey
Asheville Asheville
McAllen McAllen
Chicago Chicago
GrandRapids GrandRapids
BelAir BelAir
Aurora Aurora
CedarRapids CedarRapids
LakeCharles LakeCharles
Bradenton Bradenton
RichmondCounty RichmondCounty
SantaCruz SantaCruz
Modesto Modesto
HuntingtonBeach HuntingtonBeach
Huntsville Huntsville
NewYorkCity NewYorkCity
Tampa Tampa
Monroe Monroe
Bakersfield Bakersfield
Springdale Springdale
SantaClara SantaClara
Atlanta Atlanta
Durham Durham
Newark Newark
Torrance Torrance
Memphis Memphis
Kennewick Kennewick
Bloomington Bloomington
NewBedford NewBedford
SaintPaul SaintPaul
York York
Hickory Hickory
Waco Waco
Waterloo Waterloo
Hampton Hampton
