7f5b7c 86af3a fd25f7 717190 2f9755 4749d0 73865c 99ac94 683ca9 8c6c80 853e4b f88a12 b04992 e0f7dc 70482f e2665a 293f59 97fa28 6d23c4 ef8230 852215 1c61d3 1e408a dfba28 d5f5c5 293f59 14c5c6 a622e8 2193d2 d83335 6ced94 1aa96e 70482f d9abe3 d9351e a21b15 645a0c f742a0 19246a 73dd80 2c8bdc a1b647 e0f00d e8c504 a85abe 957ec9 22ad29 6281fb 4749d0 4c44ba 3292c4 11021c cb23fe 18ff59 395f46 fece60 b535fa a6d0cb a08830 7f5b7c
53
6d23c4 32669e 6d23c4 4188fa
a85abe a85abe 98bf31
6ced94 b2fa06 6ced94
e8c504 358d70 e8c504 541622 a51200 9b10ed
853e4b 853e4b
1e408a 9fdbc5 1e408a f4756e 974c48
f88a12 a3eeb9 f88a12 e78120
ef8230 ef8230 4459c3 4eb2aa
4c44ba 4c44ba
11021c 20427f 11021c ce509a
2193d2 2193d2
dfba28 89bc09 dfba28 36cc15 578691
8c6c80 3dc79c a314be 8c6c80 e60044
e0f7dc 536b21 10f84c e0f7dc
2c8bdc 2c8bdc
7f5b7c 7f5b7c f5615a 2ffab6
73dd80 73dd80 e52589 a40dde
d9351e d9351e
97fa28 97fa28
99ac94 99ac94
d83335 626470 d83335
1c61d3 1c61d3
e2665a 4e5c32 bc8350 e2665a
70482f 9c5717 70482f
14c5c6 d597c1 14c5c6
3292c4 3292c4
86af3a cf04cd a670a6 86af3a
e0f00d e0f00d
fd25f7 fd25f7
2f9755 2f9755
a6d0cb dd5707 a6d0cb
a622e8 b9c2f4
293f59 293f59
d9abe3 d9abe3
18ff59 18ff59
957ec9 957ec9 2e6ab4 3fc5b0 e45544
b04992 b04992 537a83
b535fa ff603d b535fa
d5f5c5 d5f5c5 2b057c
1aa96e 1aa96e 3df71a f045e7
73865c 73865c
4749d0 4749d0
cb23fe a3eab6 3b9bcd
fece60 fece60
6281fb d12aea 6281fb
a1b647 a1b647
f742a0 f742a0
645a0c 645a0c
a08830 a08830
19246a 19246a
a21b15 a21b15
22ad29 22ad29
852215 852215
