1efe0a 8035d3 ccf3af efb6f6 194181 bf7494 ca77e1 d36b6f f0977d 83454a e99176 6d8fd3 6d606b d1ae8e a3ccd4 db7e7c ff448b bb4650 bf356c 640320 bc446f 1c3716 ef9cce fc6ab6 a4f7ab 1efe0a
23
bf7494 ab6081 9e3235 bf7494
fc6ab6 22f6f5 d4f94d fc6ab6
8035d3 8035d3 390b11 de59c9 b9fcab 518f91 c845ed
bb4650 75b2ff bb4650
6d8fd3 1aedf0 363906 909532 6d8fd3 5b1cb0
a3ccd4 a3ccd4
bf356c bf356c
ccf3af ccf3af
1c3716 e758e6 940b78 1c3716 20ec85 525361 ae5d4a 98b7f9
efb6f6 efb6f6
640320 bd00fb 3c1987 640320
ca77e1 76bb8e
a4f7ab 444533 a4f7ab
6d606b 6d606b
db7e7c e17800 c0df7c
ff448b 22b74c ff448b
ef9cce ef9cce
194181 194181 770b7a
e99176 e99176
d1ae8e 444f08 d1ae8e
d36b6f d36b6f
83454a 83454a
f0977d 8903f8
