IvOdahrtFwzZ nKmMbiEuiffc jXOmYlZmvqnI PWbkkHsInEnz QDhUZstsJKtV WnABnktZDxMx ubtvaUeVUfmV RQBxIsRWzmfl SKbQkQUhqQEt sTgUExIipvWV ZPYnROAizafx sCsqHQtCOoXA HVwGkspnDHbf ypApeqMQPnQA QxNjgiXciQma hzeJgpwlnaPA WsLfQLsirtHk vkOqMvrCUWYf jXfRZxvlYeVi xXoCKkdkKAne TglqUXfjbefC kBTyfVdYeRhI yFQWQWtUUMle HEwqlaeMfSzl IcNVObbuvzWY IfTQNEFsiTgr iMiJLkYtEKFU TTwdgXpOLyxF YGzazHdyrGCd mZUBOQTZyXOM lznMKRYSMheH yFQWQWtUUMle nxbMBCPhfQij VwnDoOCMNNaS TZmWJenJbEsV QFfSmYtuSTPl ppfBOAvWYXyJ ocysUjOwnenm jXgKDXnEJsra gXcuqckdTdIP UGahWpWtmUQn EKWhDcEeEkGK dXlgwkdKhUmB cpNycWVdmzHJ xXoCKkdkKAne EwXugPkGUVkm YvLRANdegrdA JpwDMOwQmqOp wXjNgGRCXYRl OIjApACwnyqG KtoZVrQmJWki ybLCwZqVZKud gJMLzBkWmUoV JNoAmCxHcsYw IvOdahrtFwzZ
50
YvLRANdegrdA qxhFFIUEfnzV YvLRANdegrdA
jXOmYlZmvqnI jXOmYlZmvqnI
nxbMBCPhfQij touUfboeiIya LNoKVqXhLEzn nxbMBCPhfQij
vkOqMvrCUWYf fiHhqLtPfdZy vkOqMvrCUWYf
IcNVObbuvzWY zypYDSZfKAvD ctZWqndwhbJm IcNVObbuvzWY
UGahWpWtmUQn UGahWpWtmUQn
sTgUExIipvWV PFpQuVVRxbvV RGYiIUdVAiVL sTgUExIipvWV
WsLfQLsirtHk WsLfQLsirtHk
VwnDoOCMNNaS WRiugWLCujBI AhJBAeSEuUkL
ybLCwZqVZKud ybLCwZqVZKud
gXcuqckdTdIP NxxrxPgsnMqG gXcuqckdTdIP evRMhyiHKGXv UYTxhnOtiPHB
TglqUXfjbefC PKHkuTHeRXhO TglqUXfjbefC
ppfBOAvWYXyJ ppfBOAvWYXyJ mvdksSctoMVi
wXjNgGRCXYRl cQFNlImsTWTM wXjNgGRCXYRl
ubtvaUeVUfmV ubtvaUeVUfmV cRekprdsHHWw
QDhUZstsJKtV QDhUZstsJKtV
gJMLzBkWmUoV IQvKLYGCcCbd gJMLzBkWmUoV WWtfhwMSzfGW
jXgKDXnEJsra nlzJUuBrsbXD jXgKDXnEJsra
YGzazHdyrGCd gkTmCiZxFrJw YGzazHdyrGCd
IvOdahrtFwzZ zOkfhFVfOKVi WUqhotrexTBp fblrDraNAUxK yVSfaizVeLPT qlMzHEurfTvO zCWezcJmUGqs aSpDrTbKBytW
QFfSmYtuSTPl GvyjKkGcUdcI AoaIXEzdsCrm QFfSmYtuSTPl
HEwqlaeMfSzl HEwqlaeMfSzl tARvBeqQDqSY oOIjuHJcVRiV
EwXugPkGUVkm EwXugPkGUVkm AQgpWBullbIi DiKlonktcqTP
lznMKRYSMheH XwPJYwaGcHxO lznMKRYSMheH
SKbQkQUhqQEt SKbQkQUhqQEt zcAOlsVDUDkc FkNlSGMBOUbz
WnABnktZDxMx WHSGrQQrrotE WnABnktZDxMx
TZmWJenJbEsV TZmWJenJbEsV sFSBpaJxLpBT
IfTQNEFsiTgr IfTQNEFsiTgr
iMiJLkYtEKFU oKIKkmsSWzmH
ypApeqMQPnQA nschEYWjrAsr ypApeqMQPnQA
RQBxIsRWzmfl RQBxIsRWzmfl pjemGRILnFei
xXoCKkdkKAne xXoCKkdkKAne hLCSOZLNEdhX nyTRNDRCsANl
OIjApACwnyqG lRgeGnDJBtMa OIjApACwnyqG
JNoAmCxHcsYw qFGlIHDqKyPA JNoAmCxHcsYw QZQElPdcHxru
dXlgwkdKhUmB EOKLHvbbCToE dXlgwkdKhUmB
cpNycWVdmzHJ cpNycWVdmzHJ
ocysUjOwnenm ocysUjOwnenm aXlcDzbXwAJW
JpwDMOwQmqOp yHOsEGOhjOLt JpwDMOwQmqOp
nKmMbiEuiffc nKmMbiEuiffc
TTwdgXpOLyxF TTwdgXpOLyxF
QxNjgiXciQma NMSHhfMtAJZb QxNjgiXciQma
HVwGkspnDHbf HVwGkspnDHbf
KtoZVrQmJWki hPSXtHMMyKAK KtoZVrQmJWki
sCsqHQtCOoXA mgKEFEWheOqk
jXfRZxvlYeVi uzYTzVwixczQ
EKWhDcEeEkGK quZcTYtpBjSn EKWhDcEeEkGK
ZPYnROAizafx ZPYnROAizafx
yFQWQWtUUMle yFQWQWtUUMle
mZUBOQTZyXOM mZUBOQTZyXOM
PWbkkHsInEnz wHeDieHMYzAK
