MfdzFvsdGbvl AGbRQRBgaOdX MkUBuIisCVpZ mFYKjQfCsRtT QifLRRQkbeZy VyXrTLUcizAa GKWfMfVZxbJi PQTqeEtJjrHq IHnRSACwPeSd hLGIbMiwjPgd arcJTkwUqbUy SgyAcloZDNJV FCrKCfVsEsBk pkzKsTORVYro UVLyMXgqTFaJ PvZWLvSzyZfH axLiuEEXvnsQ RICmsRCgzRsB TbekQRoKcInv ZjfLZjjegWJT GemeldahvdVv mtRsLIzrlNLu MOpktZzuQRCH jBrNTBMPxyQD tywOQDwDhjwZ BkcPMTugAswL NlmuUUVQUbgI dDFWxTbuPymh EoEdLMroSPNp QHpWWcCYavdw PUcvIgREsriS MLnLJmQHwuOS dFUHctNjrywb plKUVNXwKfVb noaMakAlHdwq hCxjbMrSlUJQ DFscNnuMhxUC DvRTDyBMOCbT VARFNCcqfgIc AMizjBPjmCZd ymJllvoAiAsf SojgLCNtJNvq buqjmAINqGzN PnbamVANEguC deJmWrylVSGK rVqgoVgUmLRB GuSSYBNHDbKE uFHfCerNFIme pQCFwcmaYfTN rrRAqFcoDYfk BbyhqvohDUZK MfdzFvsdGbvl
50
BbyhqvohDUZK BbyhqvohDUZK
ymJllvoAiAsf ymJllvoAiAsf
ZjfLZjjegWJT ZjfLZjjegWJT
VARFNCcqfgIc VARFNCcqfgIc
QifLRRQkbeZy QifLRRQkbeZy
rVqgoVgUmLRB rVqgoVgUmLRB
noaMakAlHdwq noaMakAlHdwq
DFscNnuMhxUC DFscNnuMhxUC
dDFWxTbuPymh dDFWxTbuPymh
VyXrTLUcizAa VyXrTLUcizAa
rrRAqFcoDYfk rrRAqFcoDYfk
PvZWLvSzyZfH PvZWLvSzyZfH
MLnLJmQHwuOS MLnLJmQHwuOS
DvRTDyBMOCbT DvRTDyBMOCbT
PUcvIgREsriS PUcvIgREsriS
TbekQRoKcInv TbekQRoKcInv
arcJTkwUqbUy arcJTkwUqbUy
tywOQDwDhjwZ tywOQDwDhjwZ
hLGIbMiwjPgd hLGIbMiwjPgd
MkUBuIisCVpZ MkUBuIisCVpZ
uFHfCerNFIme uFHfCerNFIme
hCxjbMrSlUJQ hCxjbMrSlUJQ
AMizjBPjmCZd AMizjBPjmCZd
FCrKCfVsEsBk FCrKCfVsEsBk
mFYKjQfCsRtT mFYKjQfCsRtT
buqjmAINqGzN buqjmAINqGzN
dFUHctNjrywb dFUHctNjrywb
PnbamVANEguC PnbamVANEguC
GuSSYBNHDbKE GuSSYBNHDbKE
QHpWWcCYavdw QHpWWcCYavdw
RICmsRCgzRsB RICmsRCgzRsB
plKUVNXwKfVb plKUVNXwKfVb
jBrNTBMPxyQD jBrNTBMPxyQD
GemeldahvdVv GemeldahvdVv
pQCFwcmaYfTN pQCFwcmaYfTN
PQTqeEtJjrHq PQTqeEtJjrHq
axLiuEEXvnsQ axLiuEEXvnsQ
deJmWrylVSGK deJmWrylVSGK
GKWfMfVZxbJi GKWfMfVZxbJi
NlmuUUVQUbgI NlmuUUVQUbgI
mtRsLIzrlNLu mtRsLIzrlNLu
pkzKsTORVYro pkzKsTORVYro
MOpktZzuQRCH MOpktZzuQRCH
SgyAcloZDNJV SgyAcloZDNJV
AGbRQRBgaOdX AGbRQRBgaOdX
SojgLCNtJNvq SojgLCNtJNvq
UVLyMXgqTFaJ UVLyMXgqTFaJ
BkcPMTugAswL BkcPMTugAswL
IHnRSACwPeSd IHnRSACwPeSd
EoEdLMroSPNp EoEdLMroSPNp
