loc0 loc94 loc67 loc23 loc189 loc3 loc61 loc184 loc122 loc33 loc108 loc171 loc107 loc31 loc49 loc190 loc126 loc160 loc25 loc41 loc115 loc4 loc176 loc117 loc178 loc198 loc159 loc20 loc152 loc195 loc40 loc57 loc9 loc109 loc123 loc34 loc5 loc110 loc43 loc28 loc51 loc15 loc187 loc17 loc52 loc63 loc95 loc26 loc186 loc1 loc39 loc116 loc169 loc0 loc59 loc0 loc62 loc100 loc154 loc155 loc0 loc142 loc93 loc119 loc8 loc16 loc89 loc181 loc2 loc7 loc0
67
loc23 loc23 loc84 loc53 loc103 loc145 loc13
loc3 loc3
loc189 loc189
loc61 loc61 loc170 loc97
loc184 loc184
loc0 loc78 loc79 loc141 loc182 loc158 loc68 loc82 loc153 loc24 loc133
loc122 loc122
loc33 loc33
loc108 loc108
loc171 loc171
loc67 loc96 loc90 loc148 loc161 loc105 loc143 loc75 loc67 loc112
loc94 loc197 loc135 loc11 loc18 loc179 loc38 loc64 loc55 loc94
loc107 loc107
loc49 loc49 loc188
loc31 loc31
loc190 loc190
loc126 loc126
loc25 loc25
loc160 loc160
loc115 loc115
loc41 loc41
loc4 loc4
loc176 loc176
loc117 loc117
loc178 loc178
loc198 loc198
loc159 loc159
loc20 loc20
loc195 loc195
loc40 loc40
loc152 loc152
loc57 loc57
loc9 loc9
loc109 loc109
loc34 loc34
loc123 loc123
loc110 loc110
loc43 loc43
loc28 loc28
loc51 loc51
loc15 loc15
loc187 loc187
loc17 loc17
loc52 loc52
loc63 loc63
loc1 loc1
loc95 loc95
loc26 loc26
loc116 loc116
loc186 loc186
loc5 loc5
loc39 loc39
loc62 loc62
loc169 loc169
loc59 loc59
loc100 loc100
loc154 loc154
loc155 loc155
loc93 loc93
loc142 loc142
loc119 loc119
loc16 loc16
loc8 loc8
loc89 loc89
loc2 loc2
loc181 loc181
loc7 loc7
