5 78 69 27 82 182 92 197 137 130 196 108 106 89 42 112 55 168 35 115 91 117 157 38 149 164 124 190 93 97 198 147 46 100 1 188 83 103 159 185 20 170 79 58 16 102 122 177 66 8 50 5
50
130 130
147 147
16 16
177 177
27 27
1 1
100 100
35 35
122 122
79 79
115 115
157 157
20 20
8 8
149 149
185 185
188 188
97 97
55 55
46 46
108 108
190 190
58 58
42 42
196 196
137 137
112 112
93 93
50 50
117 117
197 197
159 159
170 170
102 102
83 83
82 82
66 66
91 91
182 182
164 164
78 78
124 124
69 69
103 103
92 92
89 89
198 198
106 106
38 38
168 168
