0 1 16 143 42 95 61 113 150 45 138 31 34 86 27 124 40 103 189 187 110 104 167 135 60 123 111 36 147 6 161 179 0
30
1 173 1 119 96 102 7
124 124 156 24 49
135 164 135 68 15
179 79 179 145 196 163 10
6 6 22 168 144
60 80 101 60
110 110
95 18 171 95 30 5
42 35 193 42 56 89
40 160 152 142 9 40 55 66
187 50 140 108 83 187
143 129 122 136 11
147 147 21 71
113 26 105
150 150 38 155 23
45 91 12 157 75
123 123 62
138 138 87 184 17
103 73 59
104 158 104 141
111 111 178 194
31 31 67 130
161 161
189 162 189 109
16 16 118
27 27 172 39
36 36
61 25 61
34 34 151
0 198 93
