Soda C9 A7 A1 A7 C9 Soda a0 a5 d6 d3 c1 d3 d6 a5 a0 c2 d4 c3 d4 c2 a0 Soda a b k ab av ab k b a Soda a0 c9 a7 a1 a7 c9 a0 Soda a i u an u i a Soda A5 A9 B7 A9 A5 Soda A B H B A Soda a g s al ak aj ak h a Soda A E Q E A Soda a0 a5 a9 b7 b5 b7 a9 a5 a0 Soda a i j aa z aa j i a Soda A D K AI AS AI K D A Soda C9 D5 C9 Soda a i j i a Soda a0 c5 b2 e5 e6 e7 e8 c6 e9 c4 a0 Soda C5 B2 C7 B2 C5 Soda C9 D5 D7 D5 C9 Soda A D K T K D A Soda C2 D4 E1 C3 D8 B9 D9 C10 A7 C9 Soda a0 c5 b2 c7 b2 c5 a0 c9 d5 c9 a0 Soda a b a g f g a Soda a0 c2 d4 e1 d4 c2 a0 Soda a d a Soda a0 c9 a0 Soda
58
A1 A1
A9 A3 A9
A5 A5
A7 A7
B2 B1 E5 E7
C7 B3 C7
B7 B5 B7 C1 D3
B9 B9
C3 C3
C5 C5 E3
C9 C9
D9 D1 D9
D5 D5
D7 D7
E1 E1
H AB H
A AP N J AF AC AO
AS AS
AI AU AW
T T
E P
Q AG Q
b b ad
d d n
f f
h h
j j
k l ax
a p af ah
ak r
al t al
u v
i x ap
z z ar
ab ab
aj aj
an an
aa at
av av
a1 a1
b5 a3 b5
a5 a5
a7 a7 b9 d1 d9
a9 a9
e5 b1 e5
e6 b3
b7 b7
c1 c1
c3 c3
c5 c5
c7 c7
c9 c9
d3 d3
d5 d5
d4 d7
e1 e1
c4 e3
e7 e7
