Austin Victoria Jessica John Hannah Patrick Ashley Natasha Sara Michele Gina Kyle April Melinda Juan Jonathon Sean Elizabeth Debra Scott Cassandra Travis Danielle Tracy Paige Kari Monique Robert Amy Daniel Arthur Maxwell Austin
31
Victoria Victoria
John John Jennifer
Debra Debra
Hannah Hannah
Kyle Elaine Walter Melissa Kyle Rachel Jeanette
Michele Mariah
Cassandra Eugene Cassandra
Patrick Patrick Donald
Jonathon Joshua Edward
Natasha Natasha
Sara Sara Janet
Gina Gina
Tracy Paul Dennis
Daniel Daniel Robin
Kari Kari Steven Rhonda Ralph
Austin Jamie
Paige Paige
Robert Robert Jordan
Danielle Glenda Danielle
Amy Amy Alex
Maxwell Maxwell
Scott Scott
Travis Michael
Elizabeth Elizabeth
Sean Sean
Juan Juan Jonathan
Jessica Garrett
Monique Monique
April April
Ashley Ashley
Melinda Melinda
