Glameow Inkay Spheal Gothorita Spheal Gigalith Buneary Glalie Throh Fomantis Mudbray Fomantis Poochyena Piplup Meganium Turtwig Wailord Cacturne Leavanny Beheeyem Ledian Zygarde Ivysaur Spinarak Ivysaur Spiritomb Bergmite Gumshoos Bergmite Feebas Togepi Sigilyph Yanma Electivire Furret Electivire Archeops Loudred Glameow
24
Electivire Electivire
Spiritomb Spiritomb
Wailord Wailord
Gumshoos Gumshoos
Spinarak Spinarak
Ledian Ledian
Buneary Buneary
Bergmite Bergmite
Glalie Glalie
Zygarde Zygarde
Togepi Togepi
Piplup Piplup
Mudbray Mudbray
Yanma Yanma
Archeops Archeops
Meganium Meganium
Spheal Spheal
Furret Furret
Loudred Loudred
Gigalith Gigalith
Beheeyem Golett Beheeyem
Gothorita Gothorita
Inkay Inkay
Leavanny Leavanny
