Granbull Electrode Flygon Crabominable Rufflet Arbok Metapod Chespin Cascoon Krookodile Corphish Azurill Crawdaunt Cosmog Smeargle Staravia Feraligatr Staravia Tsareena Gliscor Grumpig Budew Skitty Kangaskhan Jirachi Magikarp Carnivine Mantine Luvdisc Reshiram Golbat Cinccino Heatmor Serperior Bergmite Serperior Deoxys Spiritomb Spinda Mawile Trumbeak Magmortar Goomy Raichu Lycanroc Whimsicott Pancham Vivillon Pancham Mudsdale Pidgeot Mudsdale Greninja Whiscash Rockruff Ninjask Slakoth Chatot Electrike Lampent Heatran Charmander Ampharos Altaria Malamar Altaria Sylveon Bonsly Chinchou Typhlosion Floette Beedrill Butterfree Cubone TypeNull Electivire Probopass Glalie Mimikyu Swanna Lucario Dustox Aipom Nuzleaf Aipom Buizel Jolteon Torchic Binacle Exeggcute Torracat Lapras Hitmontop Absol Lileep Remoraid Machamp Torkoal Diggersby Darkrai Mightyena Bronzor Carbink Metagross Carbink Infernape Volcanion Charizard Tyrunt Relicanth Floatzel Blissey Magmar Metang Reuniclus Bulbasaur Granbull
95
Tsareena Tsareena
Absol Absol
Relicanth Unown Relicanth
Bronzor Roserade Bronzor
Dustox Dustox
Heatran Heatran
Butterfree Butterfree
Ampharos Ampharos
Spiritomb Spiritomb
Torchic Torchic
Cosmog Cosmog
Arbok Arbok
Cascoon Cascoon
Torracat Torracat
Chinchou Chinchou
Crawdaunt Crawdaunt
Slakoth Slakoth
Mimikyu Mimikyu
Machamp Happiny Machamp
Rufflet Quilava Rufflet
Kangaskhan Kangaskhan
Rockruff Rockruff
Bonsly Bonsly
Grumpig Grumpig
Spinda Spinda
Cinccino Cinccino
Budew Budew
Sylveon Sylveon
Mawile Mawile
Beedrill Beedrill
Lampent Lampent
Greninja Greninja
Malamar Malamar
Buizel Buizel
Jolteon Jolteon
Mantine Mantine
Charizard Charizard
Gliscor Gliscor
Binacle Binacle
Raichu Raichu
Cubone Cubone
Krookodile Krookodile
Heatmor Heatmor
Swanna Swanna
Diggersby Diggersby
Whiscash Whiscash
Metagross Metagross
TypeNull TypeNull
Whimsicott Whimsicott
Lycanroc Lycanroc
Mightyena Mightyena
Floette Floette
Jirachi Jirachi
Mudsdale Mudsdale
Darkrai Darkrai
Reuniclus Reuniclus
Remoraid Remoraid
Magmar Magmar
Reshiram Reshiram
Crabominable Crabominable
Charmander Charmander
Electrode Electrode PorygonZ
Serperior Serperior
Golbat Golbat
Infernape Infernape
Hitmontop Hitmontop
Trumbeak Trumbeak
Flygon Flygon
Bergmite Bergmite
Torkoal Torkoal
Goomy Goomy
Metapod Metapod
Corphish Corphish
Probopass Probopass
Carnivine Carnivine
Lapras Lapras
Pidgeot Pidgeot
Carbink Carbink
Exeggcute Exeggcute
Magmortar Magmortar
Electrike Electrike
Lileep Lileep
Ninjask Ninjask
Feraligatr Feraligatr
Floatzel Floatzel
Glalie Glalie
Deoxys Deoxys
Chespin Chespin
Luvdisc Luvdisc
Blissey Blissey
Vivillon Vivillon
Chatot Chatot
Nuzleaf Nuzleaf
Typhlosion Typhlosion
Skitty Skitty
