Florges Stufful Florges Ralts Toxapex Cherrim Hippopotas Machoke Timburr Cascoon Delibird Purrloin Poliwag Purrloin Piloswine Bidoof Manectric Zubat Regice Shaymin Gastrodon Moltres Celebi Cofagrigus Pichu Dialga Volbeat Buzzwole Hakamoo Lillipup Infernape Bouffalant Omastar Flaaffy Palkia Girafarig Shieldon Zapdos Poliwrath Wailmer Primarina Kricketot Dusknoir Celesteela Snorlax Bewear Togetic Bergmite Wormadam Roggenrola Yanmega Hitmonlee Doublade Carracosta Aurorus Bayleef Furfrou Persian Furfrou Scolipede Vespiquen Weepinbell Vespiquen Florges
47
Cherrim Cherrim
Zapdos Zapdos
Zubat Zubat
Delibird Delibird
Ralts Ralts
Togetic Togetic
Manectric Manectric
Lillipup Lillipup
Dialga Dialga
Dusknoir Dusknoir
Persian Persian
Weepinbell Weepinbell
Volbeat Volbeat
Carracosta Carracosta
Shaymin Shaymin
Regice Tentacruel Regice
Moltres Moltres
Yanmega Yanmega
Wailmer Wailmer
Piloswine Piloswine
Bidoof Bidoof
Aurorus Aurorus
Purrloin Purrloin Sentret
Gastrodon Gastrodon
Timburr Timburr
Poliwag Poliwag
Machoke Machoke
Poliwrath Poliwrath
Cascoon Cascoon
Bayleef Bayleef Bisharp
Scolipede Scolipede
Buzzwole Buzzwole
Celesteela Celesteela
Infernape Infernape
Kricketot Kricketot
Hitmonlee Hitmonlee
Bouffalant Bouffalant
Wormadam Wormadam
Hakamoo Hakamoo
Omastar Omastar
Girafarig Girafarig
Pichu Pichu
Primarina Primarina
Bergmite Bergmite
Celebi Celebi
Toxapex Tsareena
Stufful Stufful
