19 64 44 43 7 41 28 41 61 46 5 56 57 45 40 45 10 0 23 71 89 76 89 71 11 66 70 66 11 51 13 39 32 39 1 25 58 59 58 99 34 54 97 26 85 68 88 95 33 90 33 15 50 9 35 9 92 9 80 36 17 12 73 72 73 12 31 65 63 29 8 69 53 69 82 24 82 60 21 19
49
0 0
1 1
5 5
7 7
9 9
10 10
11 11
12 12
13 13
15 15
17 17
23 23
24 24
25 25
26 26
28 28
29 29
32 32
33 33
34 34
35 35
36 36
39 39
40 40
41 41
43 43
44 44
45 45
46 46
50 50
51 51
53 53
54 54
58 55 58
59 59
60 60
61 61
63 63
65 65
70 70
72 72
76 76
80 80
85 85
88 88
90 90
92 92
95 95
99 99
