L58 L17 L36 L23 L74 L94 L82 L49 L99 L83 L53 L98 L7 L60 L13 L4 L2 L34 L76 L62 L27 L24 L48 L16 L12 L9 L72 L88 L77 L89 L30 L66 L55 L0 L45 L32 L85 L91 L3 L47 L80 L8 L90 L19 L15 L58
45
L4 L4
L76 L76
L36 L36 L44 L84
L2 L2
L88 L88
L99 L99
L7 L7 L78
L19 L19
L80 L80
L83 L83
L58 L58
L17 L17
L12 L12 L10
L62 L62
L91 L91
L60 L60
L27 L27
L16 L16
L85 L85
L48 L48 L18
L32 L32
L55 L55
L53 L53
L47 L47
L30 L30
L45 L45
L0 L0
L49 L49
L89 L89
L77 L77
L15 L15
L34 L34
L94 L94
L98 L98
L9 L9
L82 L82
L66 L66
L24 L24
L23 L23
L90 L90
L74 L74
L13 L13
L8 L8
L3 L3
L72 L72
