L12 L72 L139 L56 L7 L104 L50 L135 L95 L65 L32 L116 L121 L45 L164 L130 L24 L83 L199 L70 L79 L61 L165 L96 L133 L182 L74 L197 L181 L171 L20 L103 L88 L126 L34 L106 L131 L192 L172 L99 L105 L114 L97 L195 L169 L112 L196 L75 L87 L147 L40 L190 L12
52
L72 L72 L36 L149
L104 L104 L141
L99 L99 L189 L150
L96 L108 L23 L96
L130 L130 L90
L88 L88 L186
L79 L79 L154 L78
L83 L83 L85
L165 L10 L165
L126 L68 L126
L139 L173 L117 L139
L32 L55 L32
L192 L192 L59 L60 L107
L24 L24
L45 L180 L45
L95 L95 L11 L86 L27
L70 L3 L70
L116 L116
L87 L87 L174
L114 L114 L73
L7 L7
L40 L22 L40 L115
L65 L102 L65
L181 L181
L50 L125 L50
L182 L182 L175 L148
L190 L190 L2
L121 L37 L121
L56 L0 L56
L74 L74
L75 L75 L122 L48
L164 L164 L98
L97 L97
L199 L28 L199 L82
L112 L112
L12 L187
L105 L158 L92 L105
L131 L131
L197 L53 L197 L168 L155 L146
L106 L106 L144
L135 L135
L169 L169
L196 L196
L147 L147
L103 L103
L171 L171
L133 L133
L20 L20
L195 L195
L61 L61
L172 L172
L34 L34
