0 80 0 52 26 5 128 183 87 180 69 63 81 84 7 67 13 49 21 92 10 92 76 198 88 9 12 34 30 141 4 141 89 62 23 121 102 166 122 162 122 35 184 103 27 199 197 157 149 48 189 73 177 73 131 106 135 98 16 151 17 46 15 167 85 114 103 179 156 20 126 68 66 174 130 75 83 91 25 50 138 31 196 53 139 108 185 113 136 193 111 40 42 155 140 70 45 137 45 19 97 72 181 152 118 134 168 117 176 195 6 160 6 153 105 55 11 171 144 74 125 36 82 147 59 116 109 145 143 0
100
140 140
131 131
62 62
176 176
80 80
111 111
180 180
9 9
67 67
144 144
31 31
11 11
109 109
162 162
13 13
50 50
126 126
83 83
117 117
97 97
52 52
23 23
166 166
10 10
27 27
128 128
59 59
82 82
16 16
4 4
195 195
199 199
30 30
137 137
136 136
147 147
45 45
171 171
66 66
116 116
143 143
145 145
98 98
69 69
160 160
114 114
177 177
42 42
139 139
46 46
87 87
168 168
91 91
70 70
179 179
181 181
189 189
105 105
157 157
84 84
102 102
183 183
138 138
152 152
72 72
196 196
19 19
106 106
134 134
81 81
34 34
108 108
48 48
185 185
184 184
53 53
36 36
122 122
88 88
121 121
130 130
55 55
103 103
20 20
125 125
76 76
63 63
75 75
149 149
174 174
156 156
26 26
35 35
40 40
74 74
198 198
85 85
151 151
197 197
17 17
