node142 node78 node17 node87 node4 node185 node2 node119 node1 node24 node1 node151 node9 node199 node2 node88 node34 node130 node3 node129 node136 node152 node123 node47 node5 node112 node17 node15 node170 node4 node2 node4 node86 node1 node34 node80 node10 node125 node1 node127 node89 node11 node171 node27 node163 node7 node140 node7 node162 node77 node17 node50 node124 node60 node19 node56 node143 node6 node160 node166 node0 node164 node8 node93 node135 node31 node26 node99 node2 node142
50
node119 node103 node119
node142 node148 node20 node107 node177 node92 node122 node23 node102 node69 node40
node78 node78 node65 node169 node183 node18 node108 node66 node70 node94
node5 node5
node4 node111 node161 node121
node47 node47
node143 node143
node88 node88
node80 node80
node199 node199
node34 node34
node24 node182 node24
node163 node163
node170 node170
node2 node2
node17 node17 node196 node81 node53 node154 node91 node128 node39
node86 node86
node112 node112
node87 node62 node45 node87
node1 node144
node50 node50
node162 node162
node124 node124
node140 node140
node10 node10
node166 node166
node60 node60
node135 node135
node56 node56
node99 node99
node129 node129
node164 node164
node31 node31
node11 node11
node93 node93
node77 node77
node160 node160
node123 node123
node152 node152
node27 node27
node26 node26
node136 node136
node185 node185
node6 node6
node171 node171
node125 node125
node151 node151
node127 node127
node130 node130
node89 node89
