21 152 153 48 19 48 47 116 133 116 47 48 79 23 160 74 75 137 125 179 161 93 89 141 151 175 151 191 13 12 108 170 117 159 119 39 136 69 66 67 66 145 146 176 149 142 139 1 2 3 2 1 139 168 169 57 169 131 197 196 126 127 126 180 181 53 150 85 107 193 194 101 8 59 60 84 83 63 178 91 92 101 27 43 73 87 95 195 95 97 36 37 36 35 154 29 154 20 121 120 51 120 165 155 33 186 185 55 147 140 143 157 17 77 114 183 114 105 41 11 81 113 31 113 188 135 188 111 152 21 156 45 156 21
83
1 1
3 3
127 5 127
8 7 9
11 11
13 13
113 15 113 171
17 17
19 19
21 21
23 23
179 25 179
27 27
29 29
31 31
33 33
35 35
37 37 189
39 39
41 41
43 43
45 45
47 47
197 49 163 197
51 51
53 53
55 55
57 57
59 59
60 61
63 63 71
175 65 175
67 67
69 69
73 73
75 75
77 77
79 79
81 81
83 83
85 85
87 87
89 89 177
91 91
93 93
95 95
97 97
142 99
101 101
105 103 105 129
107 107
176 109
111 111
119 115 119
117 117
121 121
131 123 131
125 125
133 133
135 135
137 137
139 139
141 141
143 143
145 145
147 147
149 149
151 151
153 153 173
155 155
157 157
159 159
161 161
165 165
108 167
169 169
181 181
183 183
185 185
20 187
191 191
193 193
195 195
