74 72 77 75 141 148 141 46 48 47 48 46 75 73 75 118 111 118 18 13 18 75 76 75 172 174 172 182 185 182 87 85 87 63 68 63 172 38 31 37 31 38 121 122 121 151 153 151 18 16 18 172 174 180 174 172 141 145 141 192 198 192 87 83 87 169 58 57 58 21 26 21 192 191 192 151 159 156 159 151 2 6 2 46 18 11 18 38 21 28 30 28 21 121 128 121 169 161 169 21 28 21 75 77 75 58 52 58 21 25 21 132 135 132 141 146 141 58 54 58 169 167 169 46 41 46 75 77 72 74
54
148 148
87 86 81 89 82
48 50
77 77
146 146 142
135 135 137 131 139 140
47 47
167 167 165 166 168
52 52
54 54
25 25 23
75 96 104 99 75
31 31 39
191 199 191
58 55 58 59 53
41 41
156 156 160
28 28
198 197 198
111 116 111 114
180 179 178 175 180
6 6 8
11 11 14
122 126 122
161 161 164 163
26 26 29
63 69 70
192 192
57 57
30 30
128 128
37 37 36 35 32
151 151 157
76 76 80
118 113 118 119
185 185
13 13
2 2
132 136
172 172
68 62 68 61 66
73 73
16 19 16
85 85
182 189
174 174
83 83 88
145 145
141 141
153 153
38 38
46 46
74 74
169 169
