0 179 178 150 70 150 178 179 0 1 175 111 110 21 20 142 141 140 139 138 95 137 136 135 92 91 118 39 130 51 50 49 50 51 130 39 118 89 132 30 29 46 32 63 62 63 32 46 29 28 27 26 25 26 27 28 29 30 132 89 118 91 92 135 90 135 136 137 95 138 94 93 94 138 139 140 58 140 141 142 20 21 110 109 110 111 112 113 37 36 35 36 88 87 88 36 37 113 78 79 165 125 124 123 83 82 81 17 81 80 81 82 83 123 122 123 124 125 165 164 163 2 158 2 163 120 4 14 152 151 169 168 86 168 167 166 165 79 78 15 47 127 126 174 55 174 173 174 126 127 147 13 12 11 10 9 10 11 103 107 106 105 106 107 103 11 12 13 147 54 24 23 22 154 22 23 24 54 147 127 47 15 78 113 112 111 175 1 8 117 116 117 8 1 0
57
113 102 113
103 103
105 105
106 106
109 109
111 111
112 112
116 114 115 116
122 122
123 123
126 126
132 131
147 147
15 15
150 150
152 152
154 153 154
158 158
17 16 17
62 170 61 62 84
141 172 7
173 173
175 175
178 178 44
2 2
22 22
24 24
25 25
26 26
27 27
29 29
32 32
151 34
35 35
4 4
47 47
49 49
54 53 54
55 55
58 58
63 63
70 69 70
135 72
164 73
78 77
80 80
81 81
83 83
86 86
87 87
9 9
90 90
93 93
94 94
95 95
28 96
46 98 99
