Soda Guadeloupe Guyana Antigua Algeria Denmark Ethiopia Belize Guam Cambodia Cocos Cayman Finland Egypt Argentina Fiji Bermuda China Australia Czech United Azerbaijan Botswana Bouvet Colombia American Angola Central Aruba Austria Canada Soda
24
Denmark Denmark
Angola Angola
Egypt Comoros Egypt
Botswana Botswana
Belize Belize
Antigua Antigua
Cocos Cocos
Cayman Cayman
Guadeloupe Guadeloupe
Guam Guam
United United
Bouvet Bouvet
Colombia Colombia
Australia Australia
Austria Austria
Argentina Argentina
Aruba Aruba
Bermuda Bermuda
Cambodia Cambodia
Fiji Fiji
China China
Guyana Guyana
Czech Czech
Central Central
