FleaBottom Bobbingbourne Urubaen Toperhagen Vintas Vroengard Ademre TheBoilingRock UtgardMountain Glimthain Lorien TheSpine Coalwatch TheSpine ShriekingShack Lorien TheVale Carvahall Westopolis Arkham MinistryofMagic Accrington MinistryofMagic Yll HighGarden Batcave GringottsBank Ebonfall SatishVille Eggmanland Trebon TheGreatDivide TheBurningPlains Olivanders RockofKuthian FleaBottom
25
Urubaen Urubaen
TheBurningPlains TheBurningPlains
UtgardMountain UtgardMountain
GringottsBank GringottsBank
Westopolis Westopolis
Eggmanland Eggmanland
Bobbingbourne Bobbingbourne
Vintas Vintas
TheGreatDivide TheGreatDivide
Olivanders Olivanders
TheBoilingRock TheBoilingRock
Glimthain Glimthain
Ademre Ademre
Yll Yll
Batcave Batcave
Trebon Trebon
TheVale TheVale
Ebonfall Ebonfall
Arkham Arkham
Coalwatch Coalwatch
SatishVille SatishVille
Accrington Accrington
MinistryofMagic MinistryofMagic
HighGarden HighGarden
ShriekingShack ShriekingShack
