Essos JarrensOutpost TheReshiIsles FleaBottom Dubwall Gizton Severen ProBendingArena FireNation Ivormere TheUnderworld TheChumBucket TheGodswood Barkamsted Endor SatishVille TheSpiritWorld CaveofTwoLovers Aerodenn Netherfort Astapor Westeros TheVale Lockinge CastleBlack TheSpine Arkham WitheredHeath Soda Steeltown Grimbarrow Carvahall Karth Pendle BikiniBottom Blackwater Peridrift TheEyrie Urubaen Boatwright Duskhollow Boatwright KnifesEdge Meereen Lorien Alethkar Jakku TheWhompingWillow HighGarden Accrington FlourishBlotts Azir JahKeved Atlantas TheFae Helgrind Shinovar Neddington BaSingSe Dragonstone Valyria Braavos Barkamsted Ademre Azkaban Toperhagen RepublicCity TheGreatDivide Newarre Bobbingbourne Omashu WesternAirTemple TheBoilingRock Castamere Tarbean Hogsmead BeyondtheWall DuWeldenvarden TheCommonwealth Batcave Chrofall Winterfell Arcwallow MountOlympus Ellesmera Alderaan ShatteredPlains Keld GooLagoon Neddingtown Penketh ShriekingShack Trebon Bellechulish Hogwarts Sanlow DiagonAlley Riverrun Tartarus TheRiverStyx Toffingburg Essos
96
RepublicCity RepublicCity
Arcwallow Arcwallow
WitheredHeath WitheredHeath
Trebon Trebon
ProBendingArena Yll ProBendingArena
TheSpiritWorld TheSpiritWorld
Newarre Newarre
Essos Essos
Severen Severen
ShatteredPlains ShatteredPlains
Penketh Penketh
Dubwall Dubwall
Ellesmera Ellesmera
Netherfort Netherfort
Boatwright Boatwright
Tartarus Tartarus
Tarbean Tarbean
TheFae TheFae
Hogsmead Hogsmead
TheCommonwealth TheCommonwealth
TheVale TheVale
Toffingburg Toffingburg
MountOlympus MountOlympus
Hogwarts Hogwarts
Lockinge Lockinge
Soda Soda
Barkamsted Barkamsted
Omashu Omashu
Chrofall Chrofall
BikiniBottom BikiniBottom
KnifesEdge KnifesEdge
FireNation TheKrustyKrab FireNation
Azir Azir
DiagonAlley DiagonAlley
Valyria Valyria
Westeros Westeros Arrowcave
Astapor Astapor
Castamere Castamere
Urubaen Urubaen
Endor Endor
JarrensOutpost JarrensOutpost
TheSpine TheSpine
TheChumBucket TheChumBucket Vintas
TheBoilingRock TheBoilingRock
TheWhompingWillow TheWhompingWillow
TheGodswood TheGodswood
Accrington Accrington
BaSingSe BaSingSe
Toperhagen Toperhagen
TheReshiIsles TheReshiIsles
JahKeved JahKeved
Alethkar Alethkar
BeyondtheWall BeyondtheWall
Dragonstone Dragonstone
Gizton Gizton
Neddington Neddington
Keld Keld
Braavos Braavos
FleaBottom FleaBottom
TheGreatDivide TheGreatDivide
Duskhollow Duskhollow
ShriekingShack ShriekingShack
TheRiverStyx TheRiverStyx
Steeltown Steeltown
FlourishBlotts FlourishBlotts
Atlantas Atlantas
HighGarden HighGarden
Peridrift Peridrift
CaveofTwoLovers CaveofTwoLovers
Neddingtown Neddingtown
Lorien Lorien
SatishVille SatishVille
Jakku Jakku
WesternAirTemple WesternAirTemple
GooLagoon GooLagoon
Helgrind Helgrind
DuWeldenvarden DuWeldenvarden
Ademre Ademre
Blackwater Blackwater
Shinovar Shinovar
Ivormere Ivormere
Grimbarrow Grimbarrow
Sanlow Sanlow
Bobbingbourne Bobbingbourne
Carvahall Carvahall
Alderaan Alderaan
TheEyrie TheEyrie
Karth Karth
Aerodenn Aerodenn
Meereen Meereen
Arkham Arkham
Winterfell Winterfell
Batcave Batcave
TheUnderworld TheUnderworld
CastleBlack CastleBlack
Riverrun Riverrun
