Meckgue HighGarden FogofLostSouls Murkcairn Ellesmera TheSpine TheUniversity ZhaoFu RepublicCity Vexhollow Ademre SerpantsPass Steeltown Dagobah Steeltown WitheredHeath Keld Murkcairn HorneaterPeaks FlourishBlotts Urubaen LakeLaogai Eggmanland Castamere Eggmanland TheWaystoneInn Eggmanland TheEyrie Larcbost Gizton Beldenn Meckgue
24
Murkcairn Murkcairn
TheWaystoneInn TheWaystoneInn Tartarus
Keld Grayburn Keld
TheSpine TheSpine EarthKingdom BeyondtheWall ShatteredPlains TheHogsHead TheBoilingRock
FogofLostSouls Gotham
ZhaoFu Sanlow ZhaoFu ThePrancingPony
TheUniversity TheUniversity LeakyCauldron TheGodswood
Gizton EasternAirTemple Gizton
Dagobah Meereen Dagobah
Vexhollow Braavos Vexhollow
Meckgue VaultofSouls Meckgue Kinecardine TheKrustyKrab
HorneaterPeaks Lorien
Ademre Ademre
HighGarden Netherfort GooLagoon
Larcbost KoralReef Larcbost
RepublicCity MysticRuins RepublicCity TreeofTime
SerpantsPass Winterfell
Steeltown Steeltown TheArcanum
Urubaen Carvahall Urubaen Yunkai
Castamere TheVale Castamere
FlourishBlotts FlourishBlotts
LakeLaogai UtgardMountain LakeLaogai
Beldenn Beldenn
Ellesmera Ellesmera
