1FoundersRock 31Hillegass 38RajProperties 45HearstMemorial 52California 59SouthHall 66ClarkKerr 73Wada 80Oaktown 32DeltaPhiEpsilon 35ChanningBowdwitch 40Oaktown 46DoeLibrary 33Wada 39SanFransisco 42UniversityHouse 47SatherTower 53Durant 56Giannini 61Unit1 49SatherGate 54Wellman 60Ehrman 63Unit3 68SodaHall 74Martinez 77OtherCoop 67InternationalHouse 70Stonefire 75ChanningBowdwitch 34Martinez 36CasaZimbabwe 37OtherCoop 41FoundersRock 43FacultyClub 44HearstGreekTheatre 48Esplanade 50Bridge 51HearstGymnasium 55Hilgard 57Wheeler 58NorthGate 62Unit2 64Blackwell 65Foothill 69VarsityBerkeley 71Hillegass 72DeltaPhiEpsilon 76CasaZimbabwe 78RajProperties 79SanFransisco 1FoundersRock
50
31Hillegass 31Hillegass
32DeltaPhiEpsilon 32DeltaPhiEpsilon
33Wada 33Wada
34Martinez 34Martinez
35ChanningBowdwitch 35ChanningBowdwitch
36CasaZimbabwe 36CasaZimbabwe
37OtherCoop 37OtherCoop
38RajProperties 38RajProperties
39SanFransisco 39SanFransisco
40Oaktown 40Oaktown
41FoundersRock 41FoundersRock
42UniversityHouse 42UniversityHouse
43FacultyClub 43FacultyClub
44HearstGreekTheatre 44HearstGreekTheatre
45HearstMemorial 45HearstMemorial
46DoeLibrary 46DoeLibrary
47SatherTower 47SatherTower
48Esplanade 48Esplanade
49SatherGate 49SatherGate
50Bridge 50Bridge
51HearstGymnasium 51HearstGymnasium
52California 52California
53Durant 53Durant
54Wellman 54Wellman
55Hilgard 55Hilgard
56Giannini 56Giannini
57Wheeler 57Wheeler
58NorthGate 58NorthGate
59SouthHall 59SouthHall
60Ehrman 60Ehrman
61Unit1 61Unit1
62Unit2 62Unit2
63Unit3 63Unit3
64Blackwell 64Blackwell
65Foothill 65Foothill
66ClarkKerr 66ClarkKerr
67InternationalHouse 67InternationalHouse
68SodaHall 68SodaHall
69VarsityBerkeley 69VarsityBerkeley
70Stonefire 70Stonefire
71Hillegass 71Hillegass
72DeltaPhiEpsilon 72DeltaPhiEpsilon
73Wada 73Wada
74Martinez 74Martinez
75ChanningBowdwitch 75ChanningBowdwitch
76CasaZimbabwe 76CasaZimbabwe
77OtherCoop 77OtherCoop
78RajProperties 78RajProperties
79SanFransisco 79SanFransisco
80Oaktown 80Oaktown
