507 3c54 13cb9 1ba68 164f1 356a6 2513a 155dc 31a52 4b69 32460 214e6 2472c 1923 24c33 10065 36fc9 23817 32e6e 379d7 6993 1e2a d82d 30636 3246 20fdf 2b5c6 150d5 25641 1c476 c411 507
30
3c54 3c54
1e2a aff5 1e2a
214e6 27e79 8cc4 22e09 2cee9 214e6 360b4 28d8e
32e6e 82b6 4662 32e6e
30636 5577 e742 30636 374d0 2ddfe
2513a 26a5d 22902 2513a 2a6b1 26f64 12396
23817 1ecae 27972 200ca 374d 91cb 23817 2604f
20fdf dd34 20fdf 1f1b5
164f1 164f1
32460 32460 169f8 11e8f
25641 2d8f7 2fc28 25641
2472c 2f21a 2472c
1923 1923 19737 23d1e 25b48
c411 9bd9 c411
1ba68 146c7 15fea 1ba68
379d7 33375 1d892 379d7 17e14 1ab53
13cb9 38df3 1790d 36ac2 13cb9
507 2c9e2 16eff
10065 2b0bf 10065 3428a c918 2bacd 1c97d
24c33 3387c 2e305 24c33 1a64c 23310
2b5c6 78a8 1056c 11988 2b5c6
d82d d326 18d29 d82d 388ec
3246 3012f ba03 1dd99 3246
150d5 150d5
155dc 155dc ec49
6993 18822 6993
4b69 4b69 1831b
356a6 356a6 648c
36fc9 36fc9
31a52 31a52
