node0 node103 node158 node6 node124 node70 node176 node116 node128 node23 node111 node67 node131 node13 node143 node92 node112 node167 node106 node105 node138 node104 node162 node119 node129 node196 node174 node24 node73 node163 node197 node189 node6 node151 node127 node149 node126 node13 node170 node146 node112 node107 node57 node115 node52 node153 node169 node67 node0
40
node197 node100 node109 node161 node182 node197
node6 node101 node185 node187
node73 node102 node199
node103 node103 node117
node104 node104 node160
node105 node105 node166 node186
node106 node106 node120
node107 node107 node156 node173
node174 node108 node174
node149 node110 node118 node149 node165 node175 node192
node111 node111
node112 node112 node134
node127 node113 node127 node139 node154 node164
node119 node114 node119
node115 node115
node116 node116 node142 node155
node128 node121 node125 node128
node138 node122 node133 node138 node141 node179 node180
node70 node123 node140 node178 node194
node124 node124 node132
node126 node126 node168 node188 node195 node198
node129 node129
node0 node130 node184 node191
node131 node131
node24 node135
node196 node136 node183 node196
node146 node137 node146 node157
node143 node143 node148
node52 node144
node13 node145 node147 node172 node190
node170 node150 node170
node151 node151
node158 node152 node158 node159 node171 node181
node153 node153
node162 node162
node163 node163 node177
node167 node167
node169 node169 node193
node176 node176
node189 node189
