8 98 145 108 169 187 171 170 109 56 53 34 48 65 48 51 69 55 73 55 54 52 105 97 98 99 38 24 91 45 42 62 78 59 58 72 71 54 68 107 167 169 191 169 108 145 106 66 63 50 105 152 185 153 144 86 131 176 138 181 138 90 88 99 98 32 47 32 82 122 172 125 98 145 108 168 116 115 165 105 52 33 35 20 21 25 24 23 22 27 89 136 131 86 11 4 2 8
64
122 123 80
170 160 193 188
24 24 19 17
25 25
66 66 64
65 49 65
125 121 124 173 125
88 88 147
55 55
8 5 83
105 164 105 142
176 183
54 54
86 127 85
23 87 23
97 97 126
89 137 89 135
90 102 90
185 185
63 63
69 69
191 191 192
35 35
4 4 29
165 165 113
2 2
153 153
71 71
115 115
82 82 6 79
167 167
99 99
172 172 120 174
169 169
45 45 93
109 109
136 136
21 21
52 30 52
73 73
53 53
38 100 38 39
59 59
138 179 182
91 91 95
68 68
27 26
22 22
62 118
47 47
171 171
72 72
33 33
152 152
116 116
42 42 40
106 70
51 51
145 145
144 144
181 181
168 168 190
78 78 61
32 3
