0 66 0 44 0 33 0 7 2 70 2 56 2 55 2 5 39 5 2 7 0 8 75 8 51 8 4 16 4 10 74 10 6 53 6 10 4 8 11 46 11 22 11 8 0 1 58 1 45 1 21 1 18 1 12 63 12 26 120 121 122 123 124 125 126 127 128 129 128 127 126 125 124 123 122 121 120 26 12 1 19 3 13 17 32 17 13 3 9 48 9 3 19 1 0 80 81 82 83 84 85 86 87 88 89 90 91 92 93 94 95 96 97 98 99 100 101 102 103 104 105 106 107 108 109 110 111 112 113 114 115 116 117 118 119 80 0
59
1 1 28
2 2 23 42 67 72 77
3 3 27 41 49 54
4 4 15 38 43 47 69
5 5 37 50 78
6 6 20 31 34 73
7 7 25 59
8 8 57 65
9 9 35 68
10 10 36 40
11 11 64
12 12
13 13
0 14 29 30 52 60 71 79
16 16 24 61
17 17
18 18 62
19 19
21 21
22 22 76
26 26
32 32
33 33
39 39
44 44
45 45
46 46
48 48
51 51
53 53
55 55
56 56
58 58
63 63
66 66
70 70
74 74
75 75
80 80
82 82
84 84
86 86
88 88
90 90
92 92
94 94
96 96
98 98
100 100
102 102
104 104
106 106
108 108
110 110
112 112
114 114
116 116
118 118
129 129
