USZWPSB HVERBTBS NCPEGX DKINCMT OVKLH NZJGYK LYRSZA MRXNI XSWDY VWNAJFRNG FPWMJC JEGRK RLWAP VFEEU APBFJMOOF HNOOUELP GNXDBJSVR JVWIZDBS CWLLCM ZEZKNGTK YVIRIDDRA NTZSZ YFEZIO ORCMU XHMMLM EPJHOESBB EFOWXJQKY DIXXP NBRZI FZGDAQKRC FZNKCK RQWCFDHW DFFFG VVSNO BLXWCB RGSOR APIOYKU RBNAR TTXGTNV QMHLIXVD BHAMV EJXSCSGM BCHOPGEE AHZYCQM EHQRYBZ VWHRKOPZ ZKGYGD UBODMUMJ ANHOTJN RGLCPSJQE PJXURKPC FCWRH GLYDZ ILXWSRIC MOXGRP WEXBJV RVPJHZLQQ XENTNT YOUZA GEGFOSJ KRUSUHB JQHORKB CCTJZN WTQCHXQ YAETAC UDNWTRHT HSAIPP HSJUMJH EMAAQWO AOVKACB TOAKXEQ KAUIIR MYDTJZPES JXLFSOAT XQOMNCXDB AXCWU TQSCIQTX AIGGLZT MWXYLX FJQMKJNWE YKOGGTNN FLOTLYFG ZNZOQPE XZUPVI JOXQIX MSHZNEX GALHVZ NHNDWOH SIAFKK VBAQD RUGMYM ACYPAPBPW HEFYBKPUF OLUPAJLP SICVXMLGL HWJUZVNH RJDHJFNIN NIVCBBO LNDUQDYSK TGPYEAP USZWPSB
100
EMAAQWO EMAAQWO
FZGDAQKRC FZGDAQKRC
EPJHOESBB EPJHOESBB
JVWIZDBS JVWIZDBS
BLXWCB BLXWCB
ORCMU ORCMU
SICVXMLGL SICVXMLGL
YVIRIDDRA YVIRIDDRA
DFFFG DFFFG
EFOWXJQKY EFOWXJQKY
GEGFOSJ GEGFOSJ
MRXNI MRXNI
NCPEGX NCPEGX
HSAIPP HSAIPP
AOVKACB AOVKACB
MSHZNEX MSHZNEX
XHMMLM XHMMLM
UDNWTRHT UDNWTRHT
AHZYCQM AHZYCQM
FPWMJC FPWMJC
GNXDBJSVR GNXDBJSVR
SIAFKK SIAFKK
XENTNT XENTNT
JOXQIX JOXQIX
BHAMV BHAMV
HSJUMJH HSJUMJH
EHQRYBZ EHQRYBZ
XQOMNCXDB XQOMNCXDB
YOUZA YOUZA
RBNAR RBNAR
VVSNO VVSNO
BCHOPGEE BCHOPGEE
LNDUQDYSK LNDUQDYSK
LYRSZA LYRSZA
TQSCIQTX TQSCIQTX
QMHLIXVD QMHLIXVD
TTXGTNV TTXGTNV
RGLCPSJQE RGLCPSJQE
ZEZKNGTK ZEZKNGTK
KAUIIR KAUIIR
CCTJZN CCTJZN
NBRZI NBRZI
EJXSCSGM EJXSCSGM
XSWDY XSWDY
MWXYLX MWXYLX
HNOOUELP HNOOUELP
ILXWSRIC ILXWSRIC
UBODMUMJ UBODMUMJ
TGPYEAP TGPYEAP
RJDHJFNIN RJDHJFNIN
NTZSZ NTZSZ
OLUPAJLP OLUPAJLP
VWNAJFRNG VWNAJFRNG
ZNZOQPE ZNZOQPE
HEFYBKPUF HEFYBKPUF
RLWAP RLWAP
NZJGYK NZJGYK
APIOYKU APIOYKU
TOAKXEQ TOAKXEQ
NHNDWOH NHNDWOH
YFEZIO YFEZIO
DKINCMT DKINCMT
NIVCBBO NIVCBBO
PJXURKPC PJXURKPC
FCWRH FCWRH
WTQCHXQ WTQCHXQ
CWLLCM CWLLCM
VWHRKOPZ VWHRKOPZ
HWJUZVNH HWJUZVNH
RQWCFDHW RQWCFDHW
VBAQD VBAQD
FZNKCK FZNKCK
JQHORKB JQHORKB
JXLFSOAT JXLFSOAT
OVKLH OVKLH
YKOGGTNN YKOGGTNN
DIXXP DIXXP
USZWPSB USZWPSB
MYDTJZPES MYDTJZPES
AIGGLZT AIGGLZT
RVPJHZLQQ RVPJHZLQQ
AXCWU AXCWU
RUGMYM RUGMYM
RGSOR RGSOR
YAETAC YAETAC
ANHOTJN ANHOTJN
JEGRK JEGRK
KRUSUHB KRUSUHB
GLYDZ GLYDZ
FJQMKJNWE FJQMKJNWE
APBFJMOOF APBFJMOOF
ACYPAPBPW ACYPAPBPW
GALHVZ GALHVZ
FLOTLYFG FLOTLYFG
HVERBTBS HVERBTBS
ZKGYGD ZKGYGD
XZUPVI XZUPVI
VFEEU VFEEU
MOXGRP MOXGRP
WEXBJV WEXBJV
