runcation megahero festuca cutout embittered jaborandi metre tholoi destinate nervus ilian usant Simferopol foreshores Marah chargeback holodeck cloaca fason timefuse boomah silicon triforium hambone construed Carazo baken multifaith erysipelas runcation prairies torsions blackdye aliens lionfish maxim perfusive yokeline stinkbugs inurns offset medicine polyuria Muscogee trikini begynnynge thereagain draftox stips grilses miticides unbribable almshouse wheatberry kempy tutelar revolution huddle backpay Lipetsk broomer decouples bewitch fibrates husbandman stoble passcards haligi greatborn montages infants bookhouses toper flourless dollying turbid tipuana quakerlike conceiv colocynth palatial Massorete agistments oogle ephas urethritic tuneful turnoff Margery yuzus forepast lichened wintrier retexture Astaire pentine ungroomed wideband coalblack undramatic wolfer runcation
100
megahero megahero
wolfer wolfer
undramatic undramatic
coalblack coalblack
wideband wideband
ungroomed ungroomed
pentine pentine
Astaire Astaire
retexture retexture
wintrier wintrier
lichened lichened
forepast forepast
yuzus yuzus
Margery Margery
turnoff turnoff
tuneful tuneful
urethritic urethritic
ephas ephas
oogle oogle
agistments agistments
Massorete Massorete
palatial palatial
colocynth colocynth
conceiv conceiv
quakerlike quakerlike
tipuana tipuana
turbid turbid
dollying dollying
flourless flourless
toper toper
bookhouses bookhouses
infants infants
montages montages
greatborn greatborn
haligi haligi
passcards passcards
stoble stoble
husbandman husbandman
fibrates fibrates
bewitch bewitch
decouples decouples
broomer broomer
Lipetsk Lipetsk
backpay backpay
huddle huddle
revolution revolution
tutelar tutelar
kempy kempy
wheatberry wheatberry
almshouse almshouse
unbribable unbribable
miticides miticides
grilses grilses
stips stips
draftox draftox
thereagain thereagain
begynnynge begynnynge
trikini trikini
Muscogee Muscogee
polyuria polyuria
medicine medicine
offset offset
inurns inurns
stinkbugs stinkbugs
yokeline yokeline
perfusive perfusive
maxim maxim
lionfish lionfish
aliens aliens
blackdye blackdye
torsions torsions
prairies prairies
runcation runcation
erysipelas erysipelas
multifaith multifaith
baken baken
Carazo Carazo
construed construed
hambone hambone
triforium triforium
silicon silicon
boomah boomah
timefuse timefuse
fason fason
cloaca cloaca
holodeck holodeck
chargeback chargeback
Marah Marah
foreshores foreshores
Simferopol Simferopol
usant usant
ilian ilian
nervus nervus
destinate destinate
tholoi tholoi
metre metre
jaborandi jaborandi
embittered embittered
cutout cutout
festuca festuca
