Building99 Building98 Building19 Building4 Building8 Building5 Building7 Building5 Building8 Building4 Building17 Building18 Building15 Building64 Building44 Building71 Building62 Building55 Building84 Building92 Building22 Building20 Building21 Building27 Building26 Building79 Building77 Building81 Building77 Building79 Building26 Building23 Building32 Building38 Building29 Building31 Building37 Building42 Building37 Building31 Building29 Building38 Building32 Building23 Building27 Building21 Building22 Building19 Building98 Building99
20
Building20 Building20 Building12
Building62 Building62 Building43
Building71 Building67 Building61 Building50 Building69 Building51 Building53 Building63 Building71
Building55 Building47 Building55 Building66 Building52 Building74 Building49 Building68 Building57
Building29 Building41 Building33
Building81 Building81
Building26 Building26
Building23 Building23 Building25
Building92 Building97 Building94 Building91 Building96 Building92 Building83 Building93 Building85 Building88 Building82
Building4 Building9
Building8 Building6 Building0 Building8
Building21 Building21
Building42 Building42
Building77 Building76
Building37 Building39
Building18 Building18 Building16
Building27 Building28
Building7 Building7
Building5 Building5
Building44 Building44
