Building65 Building66 Building99 Building34 Building35 Building41 Building44 Building46 Building44 Building33 Building60 Building58 Building63 Building62 Building59 Building7 Building4 Building8 Building1 Building8 Building51 Building53 Building22 Building24 Building19 Building32 Building19 Building24 Building28 Building25 Building31 Building25 Building28 Building24 Building18 Building20 Building18 Building13 Building21 Building16 Building21 Building13 Building14 Building12 Building88 Building90 Building84 Building90 Building88 Building12 Building14 Building29 Building95 Building92 Building94 Building70 Building77 Building73 Building77 Building79 Building77 Building70 Building76 Building70 Building67 Building68 Building80 Building68 Building67 Building83 Building66 Building65
39
Building20 Building27 Building20 Building30
Building84 Building84
Building35 Building42 Building35
Building94 Building96 Building94 Building97
Building66 Building64
Building24 Building24
Building31 Building31
Building59 Building59
Building44 Building44
Building88 Building88
Building58 Building58
Building51 Building54 Building55 Building51
Building29 Building15
Building16 Building16
Building73 Building71 Building82 Building73
Building4 Building4
Building33 Building33
Building8 Building8
Building22 Building22
Building46 Building36 Building46
Building41 Building41
Building63 Building61
Building14 Building10
Building76 Building76
Building80 Building80
Building34 Building37 Building45
Building99 Building99
Building13 Building13
Building83 Building83
Building32 Building32
Building79 Building79
Building90 Building91
Building21 Building11
Building92 Building92
Building25 Building25
Building60 Building57
Building1 Building1
Building7 Building3
Building77 Building81
