140 153 123 147 73 82 89 35 139 169 53 115 130 79 11 19 21 45 127 107 39 93 173 93 97 197 137 94 146 190 152 170 186 148 77 18 96 124 47 162 36 182 104 25 132 150 27 150 8 166 12 193 12 196 10 196 151 29 168 69 149 128 149 95 158 160 4 103 76 125 23 65 23 154 6 180 184 85 14 49 117 174 44 50 107 102 13 122 51 122 115 32 177 61 9 167 62 59 134 42 80 40 80 133 114 62 112 22 180 41 101 7 175 84 57 83 142 83 55 176 123 28 108 135 140
95
35 35
169 169
76 76
149 179
177 177
42 42
18 18
14 14
44 44
93 93
21 21
103 103
50 50
125 125
95 95
197 197
139 139
19 19
166 166
94 94
41 41
32 32
193 193
8 8 159
176 176
108 108
62 62
7 7
158 158
102 102
83 83
36 36
4 4
133 185 133
59 59
112 112
10 10
40 40
80 80
160 160
114 114
175 175
127 127
29 29
150 150 56
130 130
13 13
73 73
22 22 178
39 39
27 27
170 170
115 115
117 117
132 132
11 11
45 45 5
53 53
12 12
85 85
82 82
128 128
101 101
167 167
186 186
96 96
135 135
168 168
9 9
89 89
97 97
57 57
6 6
61 61
196 196
47 47
134 134
77 77
142 142
65 65
55 55
123 123
190 190
153 153
173 173
154 154
84 84
49 49
151 151
104 104
25 25
51 51
146 146
79 79
182 182
