aliquam quisque eu enim turpis aliquam malesuada placerat gravida condimentum mattis mauris habitant nisi ultricies ultrices et mi imperdiet consectetur euismod congue vitae adipiscing habitasse ultrices ornare nec cras aliquam praesent aliquam eros platea lorem maecenas aliquam viverra aliquam vestibulum aliquam sagittis aliquam semper aliquam cursus lectus porttitor ultrices suscipit ut aliquam senectus fames sed quis ultrices aliquam
43
quisque quisque
malesuada malesuada
quis quis
gravida gravida
turpis turpis
mattis mattis
placerat placerat
condimentum condimentum
mauris mauris
habitant habitant
nisi nisi
ultricies ultricies
et et
mi mi
imperdiet imperdiet
consectetur consectetur
congue congue
adipiscing adipiscing
ornare ornare
cras cras
euismod euismod
vitae vitae
habitasse habitasse
eros eros
nec nec
praesent praesent
platea platea
lorem lorem
maecenas maecenas
viverra viverra
vestibulum vestibulum
semper semper
sagittis sagittis
cursus cursus
lectus lectus
porttitor porttitor
ut ut
suscipit suscipit
senectus senectus
sed sed
fames fames
enim enim
eu eu
