L11 L7 L191 L1 L188 L1 L198 L190 L189 L184 L0 L187 L0 L175 L173 L1 L161 L1 L168 L2 L160 L132 L146 L4 L145 L1 L155 L130 L5 L141 L5 L136 L0 L134 L125 L1 L121 L115 L5 L118 L4 L119 L109 L1 L114 L3 L106 L110 L103 L104 L96 L100 L90 L3 L88 L10 L89 L66 L85 L87 L46 L84 L74 L5 L64 L54 L27 L42 L58 L30 L29 L19 L22 L16 L9 L11
57
L1 L1 L102 L112 L124 L179 L197
L7 L7 L48 L79 L91 L101 L113 L120 L150 L137
L11 L8 L14 L23 L31 L32 L53 L62 L65 L69 L72 L86 L93 L99 L128 L131 L139 L154 L177 L181 L180 L192 L195
L9 L9
L10 L10
L16 L16
L19 L19
L22 L22
L27 L27
L191 L28 L40 L70 L75 L76 L147 L169 L191
L29 L29
L30 L30
L42 L42
L188 L43 L188 L193
L46 L46
L54 L54
L58 L58
L64 L64
L66 L66
L74 L74
L84 L84
L85 L85
L87 L87
L88 L88
L89 L89
L90 L90
L96 L96
L100 L100
L103 L103
L104 L104
L106 L106
L109 L109
L110 L110
L114 L114
L118 L118
L115 L115
L119 L119
L121 L121
L125 L125
L130 L130
L132 L132
L134 L134
L136 L136
L141 L141
L145 L145
L146 L146
L155 L155
L160 L160
L161 L161
L168 L168
L173 L173
L175 L175
L184 L184
L187 L187
L189 L189
L190 L190
L198 L198
