TA0 TA1 TA2 TA3 TA51 TA50 TA49 TA48 TA47 TA46 TA45 TA44 TA43 TA42 TA41 TA40 TA39 TA38 TA37 TA36 TA35 TA34 TA33 TA32 TA96 TA95 TA94 TA93 TA87 TA86 TA85 TA84 TA83 TA82 TA81 TA80 TA79 TA78 TA77 TA76 TA75 TA59 TA60 TA61 TA121 TA120 TA119 TA118 TA117 TA116 TA115 TA114 TA115 TA116 TA117 TA118 TA119 TA120 TA121 TA61 TA62 TA134 TA135 TA136 TA137 TA50 TA51 TA50 TA137 TA136 TA135 TA134 TA62 TA61 TA121 TA120 TA105 TA18 TA19 TA20 TA21 TA22 TA23 TA24 TA25 TA26 TA27 TA28 TA29 TA30 TA31 TA160 TA159 TA158 TA156 TA155 TA154 TA153 TA152 TA151 TA74 TA73 TA179 TA180 TA181 TA182 TA183 TA184 TA185 TA186 TA187 TA188 TA187 TA186 TA185 TA184 TA62 TA63 TA64 TA197 TA198 TA199 TA0
64
TA84 TA84
TA74 TA74
TA2 TA2
TA76 TA167 TA169
TA64 TA68 TA67 TA65 TA64 TA66
TA137 TA141 TA137 TA139
TA187 TA187
TA121 TA122 TA124 TA126 TA127
TA87 TA88
TA75 TA75
TA83 TA83
TA184 TA175 TA9 TA184
TA188 TA189 TA191 TA190 TA188 TA192
TA105 TA107 TA106 TA108 TA109 TA103
TA119 TA119
TA63 TA63
TA151 TA147 TA149 TA148 TA151
TA19 TA19
TA73 TA165 TA73 TA70
TA134 TA131 TA134 TA133
TA182 TA182
TA93 TA90 TA92
TA96 TA98 TA99
TA39 TA39
TA95 TA95
TA44 TA44
TA155 TA155
TA34 TA34
TA136 TA136
TA3 TA7 TA3 TA5
TA50 TA50
TA185 TA185
TA20 TA20
TA22 TA22
TA179 TA179 TA178
TA46 TA46
TA33 TA33
TA51 TA51 TA54
TA43 TA43
TA47 TA47
TA18 TA17 TA16 TA15
TA114 TA114
TA24 TA24
TA80 TA171 TA80
TA86 TA86
TA85 TA85
TA180 TA180
TA23 TA23
TA135 TA135
TA158 TA158
TA183 TA8
TA26 TA26
TA181 TA181
TA49 TA49
TA197 TA195
TA154 TA154
TA37 TA37
TA94 TA94
TA116 TA116
TA25 TA25
TA32 TA32
TA41 TA41
TA35 TA35
TA31 TA31
