AAA AAB AAC AAD ABD ACD ADD ADC ADB ADA BAA BBA BCA BDA CAA CBA CCA CDA DAA DAB DAC DAD DAC DAB DAA DBA DCA DDA EAA EAB EBB EBA ECA EDA FAA FAB FBB FBA FCA FDA GAA GAB GAC GAD GBD GCD GCC GCB GCA GDA HAA HBA HCA HDA IAA IAB IBB IBA ICA IDA JAA JAB JBB JCB JCA JDA KAA KAB KAC KAD KBD KCD KDD KDC KDB KDA LAA LAB LAC LAD LBD LCD LBD LAD LAC LAB LAA KDA KCA KBA KBB KBC KBB KCB KCC KCD KBD KAD KAC KAB KAA JDA JCA JBA JBB JAB JAA IDA IDB IDC IDD ICD ICC ICB IBB IAB IAA HDA HCA HBA HAA HAB HAC HAD HBD HCD HDD HDC HDB HDA IAA IAB IAC IAD IAC IAB IAA HDA HCA HBA HAA GDA GCA GBA GAA GAB GAC GAD GAC GAB GAA FDA FDB FDC FDD FCD FCC FCB FBB FAB FAA EDA ECA ECB ECC ECD EDD ECD EBD EAD EAC EAB EAA DDA DDB DDC DDD DCD DCC DCB DBB DBC DAC DAB DAA CDA CCA CBA CAA BDA BCA BBA BBB BBC BBD BCD BCC BCB BCA BDA CAA CAB CAC CAD CBD CCD CDD CCD CBD CAD CAC CAB CAA BDA BCA BBA BAA ADA ACA ACB ABB ABC ABB AAB AAA
62
AAD AAD
ABB ABB
ABC ABC
ACB ACB
ACD ACD
ADD ADD
BBD BAD
BBB BBB
BBC BBC
BCB BCB
BCD BCD BDD
CAD CAD
CBA CBB
CAC CBC
CCA CCB
CCD CCD
CDD CDD
DAD DAD
DBB DBB
DBC DBC
DCB DCB
DCD DCD
DDD DDD
EAD EAD
EBB EBB EBC
ECB ECB
ECD ECD
EDD EDD
FAB FAD
FBB FBB FBC
FCB FCB
FCD FCD
FDD FDD
GAD GAD
GAB GBB
GAC GBC
GCB GCB
GCD GCD GDD
HAD HAD
HBA HBB
HAC HBC
HCA HCB
HCD HCD
HDD HDD
IAD IAD
IBB IBB IBC
ICB ICB
ICD ICD
IDD IDD
JAB JAD
JBB JBB JBC
JCB JCB JCD JDD
KAD KAD
KBB KBB
KBC KBC
KCB KCB
KCD KCD
KDD KDD
LAD LAD
LAB LBB LCB
LAC LBC
LCD LCD LDD
