Soda Location52 Location33 Location82 Location21 Location96 Location77 Location58 Location29 Location94 Location64 Location45 Location39 Location45 Location64 Location63 Location38 Location95 Location46 Location47 Location59 Location44 Location7 Location94 Location79 Location70 Location73 Location48 Location1 Location86 Location75 Location11 Location80 Location11 Location75 Location74 Location57 Location74 Location19 Location72 Location69 Location56 Location17 Location45 Location64 Location32 Location70 Location63 Location81 Soda
25
Location11 Location5
Location80 Location80 Location23
Location32 Location32 Location66 Location12
Location33 Location10
Location56 Location56
Location57 Location20 Location9 Location57
Location39 Location39
Location45 Location2 Location45
Location70 Location70 Location35
Location1 Location1
Location74 Location76 Location74
Location77 Location77
Location58 Location58 Location31
Location94 Location94 Location42
Location79 Location79
Location63 Location3 Location28
Location72 Location72 Location41
Location17 Location17
Location44 Location44
Location38 Location38
Location46 Location46 Location26 Location0
Location82 Location82
Location48 Location16 Location93
Location29 Location29
Location7 Location7
