xjbms qkysn wxnxi mrnvg riwwe bwgqu npvgp usrtf hwhxr czppi lyixz xecik bsuwt iddrb bqgqy tykrt kyaqs itxfb hstmf xjbms
19
usrtf rnrnh usrtf uegez
qkysn qkysn vaeqh ejwkt
czppi czppi bthif psudb
bwgqu lkzxl bwgqu lfceh
xecik akegy fnhle impuz xecik
itxfb itxfb ydhop
bqgqy bqgqy yztko
hstmf uzzfw xvefe hstmf
hwhxr dzfkr fuume ybgaf bicnj lpolv hwhxr llwzk
npvgp fxnnl npvgp
bsuwt bsuwt kvvqk xeikc nnnts
xjbms xjbms
riwwe riwwe mbzzn
lyixz lyixz nrtqp beqlb
kyaqs kyaqs
iddrb ocgbu iddrb wnlug
wxnxi wxnxi
mrnvg deoux mrnvg
tykrt tykrt
