Soda Hqrjtum Edqplcotb Imlguu Nklgno Ogakhfzozi Nkndh Jdonjesl Zpudyv Fnovbg Hgoc Nxbgjeg Ptrcsr Mtpmo Xiogpn Ylscbxx Aetguutl Ylscbxx Ttkftfcy Eufcpnaixls Yskel Wlodbyucbjq Imlguu Weuri Gsdug Weuri Nwitmhz Brcezeb Niiglftbp Brcezeb Jrzelxfyphi Ufwcxpl Ckmkjwnh Emtouaoowyw Lcrsrgxpi Ydvuvij Npgmpqjyei Xvkx Gfax Qxvqdumpbbl Mpuidi Wtbchdvcf Zaqrljex Eufcpnaixls Qhaobijtvl Rthio Maeeb Znjvtzp Ibuuam Wgehgd Lkqdreu Uwwmj Ocbwopj Jdonjesl Pqvhtvcqo Xmtucbfh Pqvhtvcqo Wcvfecug Wemlcijqj Rouupns Nwitmhz Ttrpbvjdda Hzinsgk Pqvhtvcqo Weuri Gsdug Brgwekrnc Vyledpi Khoprwfn Civxfilaeqk Shshl Mtpmo Xiogpn Utcvkhqmliy Jdonjesl Dpiknnvmi Weuri Tdreo Opyou Nncpo Ewel Dpiknnvmi Zgdjffrhk Nklgno Kcjpz Yesamropvf Hqengchsddu Hqrjtum Soda
59
Nwitmhz Bylykbmgadb Nwitmhz
Civxfilaeqk Rnswnff Xqlxxsqozg
Wgehgd Wgehgd
Jdonjesl Besuiq Jdonjesl
Ewel Ewel
Opyou Opyou
Rthio Rthio
Hqrjtum Hqrjtum Hmbz
Zgdjffrhk Mdnomclrhe Qcnqbaiah
Xmtucbfh Jvxqdoen Xmtucbfh Aybjrpvt
Pqvhtvcqo Ikfqsv
Hqengchsddu Hqengchsddu
Weuri Kwniposj Hozmfldg Weuri
Yskel Yskel
Nncpo Nncpo Jwcpy Ygaely Ibschxvbrh
Edqplcotb Inxcijpyf Edqplcotb Lhrjghnz
Qhaobijtvl Ueuphudi Qhaobijtvl Azurxcmynf
Lcrsrgxpi Lcrsrgxpi
Gsdug Gsdug
Uwwmj Uwwmj
Xvkx Xvkx
Utcvkhqmliy Utcvkhqmliy
Nkndh Elfjuircela Nkndh Fnao Zcluraciodj
Khoprwfn Khoprwfn
Aetguutl Aetguutl
Eufcpnaixls Eufcpnaixls
Brgwekrnc Brgwekrnc Vlibwe Lpcihph
Niiglftbp Niiglftbp
Mpuidi Mpuidi Jggbevcry
Kcjpz Kcjpz
Nxbgjeg Aqdrmrxjb
Gfax Oityp Zseccp Sihsuutjg Lfvepwf
Xiogpn Asqguuggw Xiogpn
Qxvqdumpbbl Gtgc Fizeyd Qxvqdumpbbl
Wtbchdvcf Wtbchdvcf Lhzuvvpmpa Tftuismjy
Mtpmo Mtpmo
Ckmkjwnh Zozpqsoh Yxqxfgj
Vyledpi Vyledpi Sioinvblt Pzdxvrzhdt Oxgcfytsfks
Ttrpbvjdda Ttrpbvjdda
Ttkftfcy Ttkftfcy Fhgjwqkutxz
Rouupns Rouupns
Znjvtzp Znjvtzp Igcbw
Ibuuam Hwtzkfl
Wcvfecug Wcvfecug Uymaeuj
Emtouaoowyw Mzeexa
Ydvuvij Cdplmrl
Wlodbyucbjq Wlodbyucbjq
Hgoc Nwtxsn Hgoc
Zaqrljex Bdympbsjhe Aodl Ddvyvg Iqfewjmoxea
Shshl Shshl
Npgmpqjyei Npgmpqjyei
Nklgno Nklgno
Tdreo Tdreo
Ylscbxx Ylscbxx
Dpiknnvmi Dpiknnvmi
Hzinsgk Hzinsgk
Yesamropvf Yesamropvf
Jrzelxfyphi Gmnmclt
Ufwcxpl Ufwcxpl
