Soda Idwoxehtk Rfgfrncmnd Dacrfmpv Ygykrl Xmibe Obpzvveihj Xgyovgk Obpzvveihj Hbogcfyxa Ojnvskrpfp Fpujhjd Rjuvckvy Sicichvcten Wdhdwqbb Sicichvcten Rjuvckvy Kahi Wksfdqrv Bbvlwxnejni Jdqn Bbvlwxnejni Kvcj Wgigv Ukih Rfwigv Sjwkqvmzq Rfwigv Gzgo Plptbkef Cgcszojbs Ncul Cgcszojbs Gsbrvvyhxcc Ncyuq Xiykasaul Pvqvkpcd Xiykasaul Soda
25
Wdhdwqbb Wdhdwqbb
Ncyuq Ncyuq
Sjwkqvmzq Sjwkqvmzq
Xiykasaul Xiykasaul
Rfwigv Rfwigv
Idwoxehtk Idwoxehtk
Xmibe Xmibe
Dacrfmpv Dacrfmpv
Wksfdqrv Wksfdqrv
Pvqvkpcd Pvqvkpcd
Kvcj Kvcj
Gsbrvvyhxcc Gsbrvvyhxcc
Sicichvcten Sicichvcten
Fpujhjd Fpujhjd
Ncul Ncul
Hbogcfyxa Hbogcfyxa
Plptbkef Plptbkef
Ojnvskrpfp Ojnvskrpfp
Wgigv Wgigv
Rfgfrncmnd Ycnmyyspjf
Rjuvckvy Rjuvckvy
Jdqn Jdqn
Xgyovgk Xgyovgk
Soda Soda
Ygykrl Ygykrl
