KMZ KDO OBR NYW BWL WXC HSN KDF PSZ GEV ACK LCB VNH KVT JTH BTR MMI GJK QOE ZES HHH KNQ EOW BUN DEW XPB DGD KDH XWZ PKG EKW CSI URI YGM ZUA KMZ
33
XPB XPB
KDO EXX GJW YQU WYK MBM BVP WDN HON HDY KDO IKT XXL KBZ YWR NLD HTU
BWL VSQ XYT RDP MWC QUS TFL WDE HPL BWL VTA OUR
NYW WPB NYW VIF ZCR
WXC RWN RHL WVO WXC
DEW DEW
VNH KAL CDW VNH
ZES ZES
URI URI
KMZ EVY FBZ MWN GVH HTV IEN BMH PWL SZK GAZ WZI KQK YEC GMG AFO NDM NSY YFA UAO
MMI MMI
BTR BTR EFO
XWZ XWZ
ACK ACK
KVT YET KVT
OBR OBR MQG LRF HGZ FYE DZY IYC XNH COR
BUN BUN
GJK GJK
JTH JTH
KDH KDH
ZUA ZUA
GEV GEV VZI XFP
DGD DGD
HSN HSN CEA
LCB LCB
EKW EKW
QOE QOE
PSZ PSZ ENU XNM FZZ
KNQ KNQ
KDF KDF
CSI CSI
YGM YGM
PKG PKG
