USG TWC NRV IUT STN HOD BYF ZBM DZG ZLI KJA QUA CMD GIG DZD TFP VFE UWO VKQ XIG RAI BJT MBE DPP LYL PST OEK KND GJX NMY OJJ KHL AKT UQJ IUL POT BFD IRG EMI WSF SCZ QFZ WIF FPK STT KXU SJL TIB OKD WRP EMJ USG
50
DPP DPP
LYL LYL
UQJ UQJ
AKT AKT
GIG GIG
ZBM ZBM
HOD HOD
GJX GJX
NMY NMY
BFD BFD
KJA KJA
BYF BYF
POT POT
TWC TWC
QUA QUA
KHL KHL
DZG DZG
CMD CMD
IUL IUL
OKD OKD
MBE MBE
TIB TIB
WRP WRP
STT STT
SJL SJL
ZLI ZLI
SCZ SCZ
QFZ QFZ
FPK FPK
WSF WSF
KXU KXU
EMI EMI
WIF WIF
UWO UWO
IRG IRG
VKQ VKQ
TFP TFP
BJT BJT
DZD DZD
PST PST
VFE VFE
RAI RAI
XIG XIG
OEK OEK
NRV NRV
IUT IUT
KND KND
STN STN
EMJ EMJ
OJJ OJJ
