m6 a5 c5 a0 a8 b0 a9 b9 c9 c3 c0 b3 c2 e1 d0 e6 d3 d4 e9 f6 e2 f4 g2 f7 f1 f5 g0 g6 h4 g8 h8 g9 h1 j0 j4 j5 h7 h9 j8 j3 k2 j9 k0 k9 z3 k7 k4 x1 z9 z8 x9 v0 x5 v4 v1 v6 n5 n6 n8 n7 m4 m8 l5 l0 l4 l2 l8 q1 l6 l7 q3 q8 q4 q6 q7 w1 w3 w2 w8 w9 r2 r7 r4 r3 y0 r8 a6 a1 m6
88
a0 a0
a1 a1
a5 a5 j1
a6 a6 x7
a8 a8 r1
a9 a9 e3
b0 b0
b3 b3
x5 b8 x5
b9 b9
c0 c0
c2 c2
c3 c3
c5 c5
c9 c9
d0 d0
d3 d3
d4 d4
e2 d5 e2
e1 e1
e6 e6
e9 e9
f1 f1
f4 f4
f5 f5
f6 f6
f7 f7
g0 g0
g2 g2
g6 g6
g8 g8
g9 g9
h1 h1
h4 h4
h7 h7
h8 h8
h9 h9
j0 j0
l6 j2 l6
j3 j3
j4 j4
j5 j5
j8 j8
j9 j9
k0 k0
k2 k2
k4 k4
k7 k7
z3 k8 z3
k9 k9
z8 z8
z9 z9
x1 x1
x9 x9
v0 v0
v1 v1
v4 v4
v6 v6
n7 n2 n7
l4 n3 l4
n5 n5
n6 n6
n8 n8
m4 m4
m6 m6
m8 m8
l0 l0
l2 l2 q0
l5 l5
l7 l7
l8 l8
q1 q1
q3 q3
q4 q4
q6 q6
q7 q7
q8 q8
w1 w1
w2 w2
w3 w3
w8 w8
w9 w9
r2 r2
r3 r3
r4 r4
r7 r7
r8 r8
y0 y0
