0 3 114 2 153 53 69 72 64 26 91 148 46 47 62 58 33 25 4 97 139 48 139 28 77 42 77 71 68 7 56 38 193 80 93 43 11 15 23 15 61 9 17 87 59 98 87 126 88 83 95 70 1 54 84 133 31 133 14 40 94 41 27 142 161 86 63 39 57 29 12 19 12 34 99 5 36 35 185 32 51 105 8 105 20 76 92 24 100 67 177 74 177 16 6 96 22 75 151 52 55 78 144 49 60 37 81 89 85 117 13 21 82 21 13 18 0 66 79 30 112 73 102 65 44 45 90 50 10 0
100
33 33
4 4
69 69
98 98
85 85
11 11
46 46
2 2
35 35
59 59
6 6
68 68
77 77
81 81
44 44
56 56
3 3
39 39
10 10
74 74
92 92
76 76
83 83
70 70
43 43
13 13
25 25
94 94
27 27
53 53
72 72
37 37
61 61
5 5
45 45
65 65
0 0
93 93
50 50
22 22
49 49
32 32
41 41
14 14
82 82
30 30
15 15
36 36
40 40
64 64
17 17
73 73
18 18
19 19
80 80
58 58
52 52
16 16
21 21
60 60
29 29
67 67
9 9
62 62
23 23
66 66
84 84
63 63
7 7
31 31
88 88
96 96
12 12
87 87
28 28
38 38
55 55
57 57
48 48
51 51
89 89
26 26
34 34
86 86
8 8
99 99
24 24
91 91
1 1
95 95
97 97
20 20
47 47
42 42
54 54
78 78
79 79
75 75
90 90
71 71
