0 124 192 141 89 136 150 60 164 186 162 23 179 181 50 146 106 194 66 128 49 143 11 28 155 30 11 77 31 10 101 10 52 27 192 45 76 195 73 153 177 0
37
141 62 127 141 189 152 79 14
0 21 103 5 56 51
52 52
50 50 121
192 192 39 126 42 172 29 140 91
60 34 82 85 1
101 101 175
23 93 26 23 104
143 143 163
186 186 12 59 24
77 47 105 77 13
124 64 133 44 132
150 168 150 131 67
155 193 2 155
28 28
128 72
136 136 110 170 63
195 195
11 183 11
27 27
66 178 66
10 10 108
73 94 73
89 115 139
181 87 142 68 22
31 31
179 179 46 120
106 130 78 100
30 99 30
164 164
162 162
146 38 146 71
49 49 97
194 194 149
76 76
45 45 35
177 177
