aa0 kd9 kd6 kd5 kd7 kd1 kd0 kc9 kc6 kc4 kc2 kc0 kb9 kb6 kb2 kb5 kb8 kb4 kb7 kb3 kb1 kb0 ka9 ka7 ka5 ka2 ka0 gd9 gd6 gd5 gd2 gd0 gc9 gc5 gc6 gc0 gc1 gc2 gc1 gc0 gb9 gb7 gb4 gb3 gb0 ga9 ga8 ga5 ga1 ga0 ad9 ad1 ad2 ad3 ad8 ad3 ad6 ad3 ad4 ad3 ad2 ad1 ad9 ad0 ac9 ac4 ac7 ac3 ac7 ac4 ac0 ab9 ab8 ab7 ab4 ab2 ab0 aa9 aa8 aa2 aa4 aa2 aa8 aa5 aa6 aa5 aa1 aa0
46
aa5 aa5
aa6 aa6
aa4 aa3 aa4 aa7
ab2 ab2
ab4 ab4
ab8 ab5 ab8
ab7 ab7
ac4 ac2
ac3 ac3 ac6 ac8
ac7 ac7
ad4 ad4
ad3 ad5 ad7
ad6 ad6
ad8 ad8
ga1 ga2 ga3
ga5 ga6
ga8 ga4 ga7
gb0 gb2
gb3 gb3
gb4 gb4
gb9 gb6
gb7 gb7
gc1 gc1
gc2 gc2
gc0 gc3 gc8
gc5 gc5
gd5 gd3
gd6 gd4
gd9 gd7 gd8 gd9
ka2 ka2 ka6
ka5 ka5
ka7 ka7 ka8
kb2 kb2
kb5 kb5
kb6 kb6
kb7 kb7
kb8 kb8
kc0 kc1
kc2 kc2
kc4 kc5
kc6 kc6
kc9 kc8
kd1 kd1
kd6 kd3 kd4
kd5 kd5
kd9 kd8
