0 55 178 132 178 55 57 112 120 172 120 112 188 167 98 166 98 167 188 112 57 112 120 196 120 112 195 1 15 35 32 69 161 121 79 39 114 103 58 19 58 153 128 119 194 43 45 157 148 65 104 65 133 149 20 117 89 117 66 169 141 79 13 84 0 198 83 101 83 69 32 98 170 124 23 67 186 49 159 178 136 145 38 142 143 11 143 142 38 145 100 145 38 116 140 91 131 160 131 91 140 116 174 24 174 116 140 2 112 16 112 57 55 0
57
128 99 3 123
143 105 46 90 175 143 197
186 150 186 97
49 85 49 59
32 139 50 9
141 141 95
169 21 169 86
148 64 148
45 45
91 108
140 14
132 132 74
157 41 157
13 13
153 82 29
57 138 73 57
69 12 69
188 188 68
170 170
1 1
119 119
161 161 152
58 129 77 56
39 39
67 27 67
124 124 26
160 160
20 20
167 71 189 167
35 35 185
100 100 51
55 55 94 92
195 195 125
23 23
24 24
172 172
149 107 176 10
103 103
83 83
104 147 104
101 101
116 52
2 2 164
112 112
0 137
66 66
142 142 72
43 43
196 196 106
38 38 182
19 19
11 11
16 16
166 166
198 198
121 102
89 89
