0 5 67 76 54 76 61 76 69 65 51 80 51 79 51 75 73 53 18 53 33 31 33 30 56 74 3 36 3 74 17 96 82 96 58 16 58 41 58 2 14 2 22 24 98 24 22 88 83 48 83 93 19 63 19 46 64 91 87 78 29 78 87 7 87 20 23 42 12 28 59 99 60 43 85 50 68 45 37 26 13 15 11 6 11 49 89 49 5 0
48
17 17
61 61
30 30
96 32
29 29
74 74
68 68
31 31
16 16
56 56
45 45
89 89
91 91
85 85
99 99
36 36
41 41
20 20
14 14
3 3
26 26
60 60 77
58 58 10
23 23
82 82
2 2
93 93
48 48
12 12
7 7
42 42
79 79
13 13
46 46
98 98
75 75
69 69
18 18
67 67
64 64
54 54
11 11
43 9
6 6
15 15
80 80
63 63
59 59
