Soda Boalt CalvinLaboratory Cheit Cory Dwinelle Etcheverry Haste Giannini Bechtel LifeSciences GreekTheatre Soda HearstMiningCircle Soda Haste Soda McLaughlin Jacobs KrutchTheater Hildebrand MLK Senior Moses Soda Observatory SproulPlaza Stern Wheeler VLSB CalvinLaboratory Blackwell BarkerHall ClarkKerr Bechtel Bowles Campbell Boalt DoeLibrary Gilman EdwardsStadium HaasPavilion Soda Foothill HearstFieldAnnex Hertz Insectary Koshland McCone Boalt LeConte MemorialStadium Morgan Boalt Pitzer Simon Stanley NorthGate Bechtel Soda
45
Bechtel Bechtel
Boalt Boalt
Cheit Cheit
Cory Cory
Dwinelle Dwinelle
Etcheverry Etcheverry
Giannini Giannini
GreekTheatre GreekTheatre
Haste Haste
HearstMiningCircle HearstMiningCircle
LifeSciences LifeSciences
McLaughlin McLaughlin
Jacobs Jacobs
KrutchTheater KrutchTheater
Hildebrand Hildebrand
MLK MLK
Moses Moses
Observatory Observatory
Senior Senior
SproulPlaza SproulPlaza
Stern Stern
VLSB VLSB
Wheeler Wheeler
BarkerHall BarkerHall
Blackwell Blackwell
Campbell Campbell
Bowles Bowles
ClarkKerr ClarkKerr
DoeLibrary DoeLibrary
EdwardsStadium EdwardsStadium
Foothill Foothill
Gilman Gilman
HaasPavilion HaasPavilion
HearstFieldAnnex HearstFieldAnnex
Hertz Hertz
Insectary Insectary
Koshland Koshland
LeConte LeConte
McCone McCone
MemorialStadium MemorialStadium
Morgan Morgan
NorthGate NorthGate
Pitzer Pitzer
Simon Simon
Stanley Stanley
