Soda Cory Bechtel ClarkKerr Boalt DoeLibrary Gilman Bechtel Bowles WooHonFai1 Soda TangCenter1 Bechtel WestGate1 SutardjaDai1 Jacobs1 McLaughlin1 MLK1 Haste1 Soda LifeSciences1 HearstMiningCircle1 Dwinelle1 GreekTheatre1 Cheit1 Soda1 Cory1 Zellerbach Bechtel1 Warren WooHonFai WestGate TangCenter SutardjaDai Stephens Sproul OBrien Bechtel SatherGate Pimentel Mulford Moffitt Morrison MemorialGlade LowerSproul Minor Kroeber Lewis Kleeberger IshiCourt Durant EastGate Hesse Hilgard BancroftLibrary Soda HearstGymnasium Soda Cleary Cory HeatingPlant Hargrove Boalt Haviland Greenhouse Chou CaliforniaHall Giauque Blum FoxCottage BotanicalGarden Soda Evans Eshleman Wurster Wellman Tan Pitzer Simon Morgan Stanley MemorialStadium McCone HaasPavilion Soda
73
Bechtel Bechtel Giannini1
Bowles Bowles
ClarkKerr ClarkKerr
DoeLibrary DoeLibrary
Cory EdwardsStadium NorthGate BarrowsHall
Soda Foothill HearstFieldAnnex Hertz Insectary Koshland LeConte Birge GoldmanPlaza Chvez Campanile Davis Latimer McEnerney Sibley StadiumRim Boalt1 CalvinLaboratory1 Etcheverry1 KrutchTheater1 Hildebrand1 Moses1 Observatory1 Stephens1 Warren1 Zellerbach1
Gilman Gilman
HaasPavilion HaasPavilion
McCone McCone
MemorialStadium MemorialStadium
Morgan Morgan
Pitzer Pitzer
Simon Simon
Stanley Stanley
Tan Tan
Wellman Wellman
Wurster Wurster
Eshleman Eshleman
Evans Evans
FoxCottage FoxCottage
Blum Blum
BotanicalGarden BotanicalGarden
Giauque Giauque
CaliforniaHall CaliforniaHall
Greenhouse Greenhouse
Chou Chou
Hargrove Hargrove
Haviland Haviland
HearstGymnasium HearstGymnasium
Cleary Cleary
HeatingPlant HeatingPlant
BancroftLibrary BancroftLibrary
Hesse Hesse
Durant Durant
Hilgard Hilgard
EastGate EastGate
IshiCourt IshiCourt
Kleeberger Kleeberger
Kroeber Kroeber
Lewis Lewis
LowerSproul LowerSproul
MemorialGlade MemorialGlade
Minor Minor
Moffitt Moffitt
Morrison Morrison
Mulford Mulford
OBrien OBrien
Pimentel Pimentel
SatherGate SatherGate
Sproul Sproul
Stephens Stephens
SutardjaDai SutardjaDai
TangCenter TangCenter
Warren Warren
WestGate WestGate
WooHonFai WooHonFai
Zellerbach Zellerbach
Soda1 Soda1
Bechtel1 Bechtel1
Cheit1 Cheit1
Cory1 Cory1
Dwinelle1 Dwinelle1
GreekTheatre1 GreekTheatre1
Haste1 Haste1
HearstMiningCircle1 HearstMiningCircle1
LifeSciences1 LifeSciences1
McLaughlin1 McLaughlin1
Jacobs1 Jacobs1
MLK1 MLK1
SutardjaDai1 SutardjaDai1
TangCenter1 TangCenter1
WestGate1 WestGate1
WooHonFai1 WooHonFai1
