71 37 60 35 11 5 83 88 41 31 79 73 26 47 10 47 40 69 34 24 16 29 59 89 86 56 68 78 68 56 86 52 39 3 14 54 49 13 97 28 3 39 61 75 15 75 19 74 19 75 87 7 99 6 32 55 93 77 58 66 62 45 94 65 9 0 9 57 70 53 70 42 36 30 36 2 33 81 95 21 50 21 95 81 84 43 48 38 64 91 37 71
49
52 85
7 7
13 13
50 50
87 87
49 49
86 18
5 5
33 33
95 95
74 74
55 55
30 30
35 35
65 65 96
15 15
64 64
66 66
70 70
88 88
26 26
94 94
84 84
10 10
11 11
36 36
53 53
47 47
41 41
28 28
60 60
78 78
39 39
2 2
38 38
45 45
0 0
6 6
69 69
19 19
61 61
24 24
59 59
29 29
54 54
79 79
21 21
42 42
77 77
