2 41 85 9 60 142 60 35 188 163 158 110 158 112 190 92 190 112 4 161 109 131 156 131 63 26 11 23 34 181 45 102 117 164 138 13 8 87 175 126 114 107 43 80 54 80 118 6 71 43 107 114 135 124 46 38 186 136 119 136 186 0 192 0 186 38 83 73 58 1 187 1 50 42 50 55 130 184 189 122 189 182 67 116 103 172 61 172 137 30 15 57 94 62 90 177 90 62 96 62 14 22 76 51 176 174 28 174 99 113 99 165 140 149 3 149 171 179 16 133 120 197 72 178 82 178 155 196 121 7 79 7 121 199 97 144 106 144 97 183 91 27 98 36 152 162 173 59 5 125 31 10 194 93 101 150 127 12 81 25 37 86 128 198 100 198 147 32 147 115 104 44 56 52 145 193 53 157 49 157 2
97
93 93
194 194
142 142
52 52
125 125
55 139 55
49 49
8 8
178 178
179 179
27 141 27
106 106
38 38
122 122
133 133
79 79
61 61
92 92
32 32
46 46
73 73
131 131
58 58
174 174
76 76
6 6
116 116
171 171
189 189
13 13
196 196
94 94
14 14
2 2
145 145
97 97
130 130
34 34
173 173
90 95 90
192 192
112 112
126 126
121 121
119 119
96 96
3 3
28 28
164 164
35 35
25 25
7 7
50 50
161 161
188 188
113 113
36 36
86 86
110 110
157 157
118 118
177 177
80 80
128 128
44 44
53 53
23 23
51 51
0 0
193 193
54 54
82 82
100 100
85 85
42 42
187 187
12 12
4 4
182 182
136 136
56 56
156 156
158 158
149 149
26 26
15 15
115 115
98 98
114 114
67 67
30 30
59 59
63 63
181 181
165 165
138 138
175 48
