stop0 stop2 stop70 stop8 stop7 stop18 stop37 stop38 stop99 stop23 stop89 stop1 stop43 stop61 stop0 stop35 stop0 stop16 stop81 stop80 stop2 stop96 stop0
19
stop0 stop44 stop19 stop75 stop0 stop65 stop90 stop4 stop67 stop33 stop85 stop52 stop93 stop5 stop62 stop50 stop87 stop78 stop77 stop60
stop7 stop15 stop7
stop2 stop95 stop9 stop79 stop2 stop12 stop30 stop42
stop70 stop29 stop70 stop73 stop28 stop94 stop46
stop1 stop1
stop96 stop96
stop80 stop80
stop81 stop81
stop16 stop16
stop35 stop35
stop61 stop61
stop43 stop43
stop89 stop89
stop23 stop23
stop99 stop99
stop38 stop38
stop37 stop37
stop18 stop18
stop8 stop8 stop27
