ffffff pppppppp uuu s lll m jjjj qqq tttt kkkkkk uu eeeee sssss ee ttttttt wwww cccccc cc tt ll rrrrrr fffff ooooo d llllllll ttttt k lllllll xxxx sss x zzz jjj ffffff
33
ffffff ffffff
s iiiiiiii aaaaaa s hhh
pppppppp pppppppp eeeeeee aa
llllllll b uuuuuu llllll llllllll vvv
x x o aaa
jjj ppppp ssss jjj pppp gggg
kkkkkk mmmmmmmm aaaaaaaa bbbbbbbb kkkkkk
ttttttt ttttttt
xxxx xxxx
tttt mm ffff tttt eeee
k k vvvvvv vvvvv
ll xxxxx ll aaaa ggggg uuuuuuu ii
zzz zzz jjjjjj
ee q gggggggg ee hhhhhhh wwwwww
uuu uuu
sss yy yyyyyyy sss
ttttt bbbbbb ttttt ssssss
rrrrrr ccccccc xxxxxxx rrrrrr e
wwww wwww rr
lll oooooooo lll hhhh
d j cccc d dd
m eeeeee qq m
ooooo wwwww ooooo
tt nnn xxx tt mmmm
sssss zzzzz bbbbbbb sssss
cc kkkk cc
jjjj a jjjj dddd
qqq sssssss qqq oooooo
lllllll iiiiiii lllllll
fffff rrrrr fffff ffffffff nnnnnn
uu uu
eeeee kkkkkkkk tttttt ggggggg eeeee qqqqqq
cccccc cccccc
