AlbertFredHaines JosephAmandaMullen MarciaWalterKirschma MarkDianeDuchon BrettDominickSonnier MargrettKennethJorda TravisMichelleMeller SamuelLawrenceAdamit RobinStephenWebster JuanitaPhilipParsons KevinThomasHiggins GregoryMichaelWhitme MarthaJackRobinson GregoryMichaelWhitme ClaudeBobbyBaker WadeSonnyMcbride ManuelaJoseBailey BernicePennyRiddick JimmyFlorTasson DorisJeffreyBinger WilliamDavidGray AlbertFredHaines
19
SamuelLawrenceAdamit DenaJewellDavis JamesJordanZamora MichaelMarkHolloway
KevinThomasHiggins KevinThomasHiggins JannaDavidCarranza RosaPatrickYankey DeniseBrunoWilliam IsaacGregGargano
RobinStephenWebster TommyAmandaMartin CynthiaConnieWright DianeElisePickett StormyOllieYork RobinStephenWebster
WilliamDavidGray CassandraJaniceGlove WilliamDavidGray KellyJohnnaOles JohnBrendaFuller
DorisJeffreyBinger GlennaMichaelBorden PeterJosephBarbee DorisJeffreyBinger
BernicePennyRiddick DwainJoeFeldman RickyJamesBrumfield BernicePennyRiddick DeeAmandaBartley GaryCharlesHudson SandraHarryStewart JudeJanetHarcourt CraigJohnLard
TravisMichelleMeller TravisMichelleMeller JackieSharonScherrer CherylMaryMorgan KathleenJoseClark EdwardErnestSinger EricTammyScott MaryJamesDavila
JimmyFlorTasson MichaelElizabethWeav JimmyFlorTasson
ManuelaJoseBailey MarkAngelaMccloud RolandGregoryWatson LynnKennethChavez LillianJuanAncona ManuelaJoseBailey
MarkDianeDuchon ElmerDemetriusLark MarkDianeDuchon FerdinandLukeJackson JohnRichardSmith RonaldEdnaArant JessicaChristopherHa
JosephAmandaMullen JosephAmandaMullen LawrenceBarryHadden EricJamesJuckett HeidiMayJohnson EdwardDennisStewart
WadeSonnyMcbride JudyPearlineKaminski GeorgeHenryVillar HowardKennethCollins WadeSonnyMcbride AnnDeannaLarzazs
MargrettKennethJorda ThomasEssieEwing KathleenSherryDay
MarciaWalterKirschma MistyRobertKing EricTinaPerea MarciaWalterKirschma
MarthaJackRobinson MarthaJackRobinson BradleyDeborahSaball DebraJaneFitzgerald StephenWilliamCoffma KevinCharlesEvans
GregoryMichaelWhitme GeorgeWilliamJackson PerryJamesBennett StevenNeilNguyen
AlbertFredHaines ZacharyWarrenKarth JeremyJamesChavez AlbertFredHaines JoannCharlieWilkinso
BrettDominickSonnier BrettDominickSonnier
ClaudeBobbyBaker JoStephenMay ClaudeBobbyBaker
