SueJosephGarza KennethShannonGardel MelindaKennethAzar NathanKevinCorathers JamesJaredGonzalez LucyBennyHaag LauraPhilipWinkler KevinHaroldCyr JessicaJohnSpells PaulEvanRichard MaryLindaKirkland PhyllisJackWilson AnnaKyleChang PatriciaBernardBrock ThomasAnnieRuiz MariaChristopherCast DarnellAliciaPeters WilliamGeorgeWilliam AshleyWilliamClarke CrystalShermanVida MarianLuluDiaz LillieKathleenCervan WilburnDavidMiller LuisHelenHughes IraJimmyYang SueCourtneyOsgood PamelaPageBullock BrianLuzArce LeroySandraLewis ChristinaDanaGrant KarenErmaJensen PaulShaneSoldner JohnDustinKenny AlfredaKirstenMartin DonaldDoloresKelly FranciscoFrancesHarr JohnJoseJudd ElsieJosephPhelps OllieGeorgeSova BrianRolandAli SueJosephGarza
39
BrianRolandAli BrianRolandAli
OllieGeorgeSova OllieGeorgeSova
PatriciaBernardBrock PatriciaBernardBrock
JamesJaredGonzalez JamesJaredGonzalez
MaryLindaKirkland MaryLindaKirkland
LucyBennyHaag LucyBennyHaag
PaulEvanRichard PaulEvanRichard
JessicaJohnSpells JessicaJohnSpells
PhyllisJackWilson PhyllisJackWilson
LauraPhilipWinkler LauraPhilipWinkler
KevinHaroldCyr KevinHaroldCyr
ThomasAnnieRuiz ThomasAnnieRuiz
MariaChristopherCast MariaChristopherCast
WilliamGeorgeWilliam WilliamGeorgeWilliam
DarnellAliciaPeters DarnellAliciaPeters
AnnaKyleChang AnnaKyleChang
AshleyWilliamClarke AshleyWilliamClarke
MarianLuluDiaz MarianLuluDiaz
WilburnDavidMiller WilburnDavidMiller
CrystalShermanVida CrystalShermanVida
LillieKathleenCervan LillieKathleenCervan
PamelaPageBullock PamelaPageBullock
IraJimmyYang IraJimmyYang
BrianLuzArce BrianLuzArce
LuisHelenHughes LuisHelenHughes
LeroySandraLewis LeroySandraLewis
KarenErmaJensen KarenErmaJensen
ChristinaDanaGrant ChristinaDanaGrant
AlfredaKirstenMartin AlfredaKirstenMartin
PaulShaneSoldner PaulShaneSoldner
DonaldDoloresKelly DonaldDoloresKelly
FranciscoFrancesHarr FranciscoFrancesHarr
SueCourtneyOsgood SueCourtneyOsgood
MelindaKennethAzar MelindaKennethAzar
ElsieJosephPhelps ElsieJosephPhelps
JohnJoseJudd JohnJoseJudd
NathanKevinCorathers NathanKevinCorathers
JohnDustinKenny JohnDustinKenny
KennethShannonGardel KennethShannonGardel
