qgyqjgwlbh fnlmocuczk hyficezvgi smlsmfgyxa hqvifzhbmo lpopityrof cynraykzum sngqmldfxu bnfhxmjqzg feggaeevcb somaaudaxm hrbvyznkmd dzokhkbjld vvurcgizpo aruweadnpf yfvfzingng hpbkyqcejb kgewtltijq djtmyhmwnn wmeeitskjx sqlbmrxpwv bzcpozsody uyirsvqblu rzgfaqookt gdtsmzpvig kmwsevkfov tjcamfqmxd ysndikwwgh xpcqolcpnf lgwqodunqt xeuivcdbgm sthbsdqlwm culutarzsm sgizgtdhhn tvrzrioagg fdbzjhgcmh qlieaqyzel gqulqjeire czgfnbovhq stxmhuffri ajjekwybql hnnlwliezo fwzkdpfinn npffaineub iznialmand bvwklxlwsa qgyqjgwlbh
44
uyirsvqblu uyirsvqblu
sqlbmrxpwv sqlbmrxpwv
culutarzsm culutarzsm
ajjekwybql ajjekwybql wegckoctcp
hpbkyqcejb hpbkyqcejb
hrbvyznkmd hrbvyznkmd
sthbsdqlwm ntlhpzyidk sthbsdqlwm
yfvfzingng yfvfzingng
aruweadnpf aruweadnpf
xpcqolcpnf xpcqolcpnf
qlieaqyzel cddppqxsmb qlieaqyzel
tvrzrioagg tvrzrioagg
gdtsmzpvig gdtsmzpvig
fnlmocuczk fnlmocuczk
hnnlwliezo hnnlwliezo
sngqmldfxu sngqmldfxu
bvwklxlwsa bvwklxlwsa
feggaeevcb feggaeevcb
hyficezvgi hyficezvgi
sgizgtdhhn sgizgtdhhn
lgwqodunqt lgwqodunqt
bnfhxmjqzg bnfhxmjqzg tdqzbpmftq
kmwsevkfov kmwsevkfov
npffaineub npffaineub
kgewtltijq kgewtltijq
gqulqjeire gqulqjeire
wmeeitskjx wmeeitskjx
rzgfaqookt rzgfaqookt
iznialmand iznialmand
fwzkdpfinn fwzkdpfinn
vvurcgizpo vvurcgizpo
ysndikwwgh ysndikwwgh
smlsmfgyxa smlsmfgyxa
dzokhkbjld atkqvymdax
stxmhuffri stxmhuffri
tjcamfqmxd tjcamfqmxd
cynraykzum cynraykzum
hqvifzhbmo hqvifzhbmo
djtmyhmwnn djtmyhmwnn
czgfnbovhq czgfnbovhq
somaaudaxm somaaudaxm
bzcpozsody bzcpozsody
lpopityrof lpopityrof
fdbzjhgcmh fdbzjhgcmh
