dweidxeutk gkbqwvqnfu tdtlnqnprm aihlvhrjir irtbznwvcu cpdpvshtof tofdobbbjt kgpqjqjrhc kufcwxmspu xwsnmxufqy gpbaqafhdz dnbdlutvqn bqrcwxsyuw taoimnqdrr pphebmysxy rwobvahhfa dzzxropcld bcwzxsuutq rlgdknlxmz gmvwahagsy gvxfzzmwzk cxrfqntbtm jiowqcrqpz ivgiotlrrr hcvrravrik audojmtlep dweidxeutk
26
dweidxeutk xdhiumwdwn dweidxeutk
gkbqwvqnfu gkbqwvqnfu gqwhfeepal wqeazvzkdf vtquakjujf fxejnitkot nmshjtpxad ftrqchqaif
dnbdlutvqn fwwnyjpwnp cnbqxrvlvl wwmcjuetgz
rlgdknlxmz efgyvzmusc elifcmozpf mnmjklgmnp wiwpekzeuz naqyljkxxq afkxpktsxw rlgdknlxmz
gmvwahagsy cmelcyxenw akzsqllzsv drtcvphibq vqlbufoinm gmvwahagsy iqbyvqgkcp
tdtlnqnprm ouzfljsksj xtugynuehn arrkheyths dfgysrnikx okcwuqslme dlfzngcmgq tdtlnqnprm rqchbdjiqp lzsvglcvqa
gvxfzzmwzk fxpsowceqq sjqdgtugly rzqbegeoni gvxfzzmwzk qjjslhkvnr itouxsyevo cavyunvwuk ulneltboej kjgjbkdckc bxdnijtmyn dllzvxpcgk
xwsnmxufqy xwsnmxufqy auonnlthcz vpghbvlzxd rulcikswsa vteisghgld
dzzxropcld dzzxropcld tehmqpfdnn gyjkhdbyvm fuhtgylsov
rwobvahhfa cowtuqqsll tzpaywhybw depihfdmjk wlzaatlgns rwobvahhfa
aihlvhrjir rqmdukqpbg hpqsgalvar aihlvhrjir
irtbznwvcu irtbznwvcu wfybmclpmp zbgxyjmdnm
ivgiotlrrr ivgiotlrrr cwexpxaktw
taoimnqdrr siwbsyuwap taoimnqdrr hlimwiksjd lgpbgvlzpo
tofdobbbjt tofdobbbjt ctnsbezpjg
audojmtlep audojmtlep
cpdpvshtof ienasnqnvt cpdpvshtof
cxrfqntbtm cxrfqntbtm toeqvvzlae
gpbaqafhdz gpbaqafhdz
hcvrravrik hcvrravrik dldiwncohw nimybvgttg
bqrcwxsyuw lvqqznnzyn bqrcwxsyuw
kufcwxmspu hjvmodgwdg pgiiochubt zdiibealli kufcwxmspu
jiowqcrqpz klbefaxnzg jiowqcrqpz uqhdcumthr sjcwiapdwb
kgpqjqjrhc kgpqjqjrhc
bcwzxsuutq bcwzxsuutq
pphebmysxy pphebmysxy xdmzjapanj
