Place72 Place73 Place16 Place85 Place17 Place89 Place58 Place15 Place50 Place1 Place31 Place23 Place81 Place88 Place54 Place0 Place18 Place43 Place57 Place72
18
Place50 Place86 Place36 Place33 Place50
Place58 Place91 Place87 Place58
Place31 Place31 Place41 Place48 Place83
Place0 Place0 Place77 Place26 Place10
Place57 Place75 Place53 Place57 Place4 Place61
Place16 Place16 Place3
Place15 Place15 Place19 Place78 Place98 Place34 Place20
Place43 Place43 Place47
Place17 Place52 Place29 Place60 Place17
Place85 Place59 Place85
Place54 Place54 Place71
Place23 Place23 Place22
Place73 Place2 Place93 Place56 Place40
Place1 Place1
Place88 Place88
Place81 Place81 Place30
Place89 Place89
Place18 Place18
