Egsmith Stainby Wenwold Wetbridge Hornborough Nortley Sudwich Pemlow Sudwich Barnton Wywick Wychbeck Chelmbeck Ashdown Aldover Sudwich Nortley Stainbrough Sudtree Leathermere Sudtree Wychbourne Barnton Egsmith
18
Wychbeck Staplake Wychbeck
Sudwich Stapbeck Ashbourne
Wychbourne Wychnell Wychbourne Egavon
Stainby Stainby Brackbrough
Egsmith Wenside Alfchester Waltditch
Wenwold Wenwold
Stainbrough Stainbrough
Nortley Wetwick Nortley
Hornborough Farnsmith Cookford Wychsmith Chelmwang
Leathermere Burbourne Leathermere
Wywick Shaftbridge Wywick
Chelmbeck Flitgrove Chelmbeck
Sudtree Sudtree
Ashdown Edgey Ashdown Shaftbage
Pemlow Wenbeck Pemlow
Wetbridge Penborne
Aldover Chelmden
Barnton Egtree Barnton
