Chelmbourne Elgrove Wenborough Prestey Sudwich Prestey Barnham Stapmoor Burchester Hurstworth Rocktree Whitborough Waltwood Harthall Whitover Stainside Enbage Kingssted Stapwold Marlton Alfwell Aldhall Alfwell Staintree Edgwich Stapwang Bursted Edgchester Horncester Stafsted Elside Stainfield Pemwood Kingssted Flitham Kingsley Flitham Enbage Prestey Sudwich Enlow Cookbrook Stafthorne Stapwell Staintree Elgrove Staflow Cleredon Wyhead Sodside Waltwood Whitborough Staintree Egborne Barngrove Bromgrove Horndown Whitborough Rocktree Pemwood Bracklow Leatherlow Sudgrove Southmere Stainhall Southbrough Stapmoor Rocktree Elgrove Chelmbourne
43
Sudwich Sudwich
Edgchester Sudworth Wenwang Edgchester
Elside Elside Pemwold Whitavon
Burchester Barnside
Prestey Brainbridge Prestey
Enbage Enbage
Barngrove Hornley Prestdon
Chelmbourne Shaftwich
Stapmoor Stapthorne Stapmoor
Pemwood Pemwood
Hurstworth Hurstworth
Whitborough Whitborough
Sodside Sodside Dartsted
Leatherlow Alfby Leatherlake Leatherlow
Edgwich Edgwich
Stapwang Casford
Southmere Southmere Shrivside
Aldhall Aldhall
Stainside Stainside
Flitham Flitham Shrivlow
Horndown Horndown
Stafthorne Waltbrook
Bursted Bursted
Elgrove Elgrove
Kingsley Kingsley
Wenborough Wenborough
Rocktree Cookbridge Egcastle Durditch Rocktree
Whitover Whitover
Bracklow Bracklow
Stainfield Wenden
Barnham Barnham
Bromgrove Hartbage
Wyhead Wyhead
Horncester Horncester
Staflow Staflow
Cleredon Cleredon
Stapwell Stapwell
Stainhall Stainhall
Egborne Cookton Egborne
Staintree Staintree
Alfwell Alfwell
Marlton Marlton
Enlow Enlow
