Soda Browning Comstock Spring Poplar Bancroft Cutter Bancroft Menlo Burnett Menlo Colusa Fulton Colusa Menlo Belrose Alvarado Overlook Alvarado Vicente Summit Mabel Terrace Forest Ajax Heinz Greenwood Marin Madera Wheeler Edith Lewiston Eunice Domingo Acacia Shasta Addison Byron Columbia High Amador Florida Muir Haviland Anne Arch Poppy Vermont Bret Kenilworth Haste Bataan Center Fresno Bowditch Haskell Martin Yolo Bristol Hospital Bristol Keeler Pardee Yolo Soda
49
Addison Addison
Ajax Ajax
Eunice Allston Eunice
Anne Anne
Arch Arch
Bancroft Bancroft
Bataan Bataan
Belrose Belrose
Bowditch Bowditch
Bret Bret
Bristol Bristol
Browning Browning
Burnett Burnett
Byron Byron
Columbia Columbia
Colusa Colusa
Comstock Comstock
Cutter Cutter
Domingo Domingo
Edith Edith
Florida Florida
Forest Forest
Fresno Fresno
Fulton Fulton
Greenwood Greenwood
Haskell Haskell
Haste Haste
Haviland Haviland
Heinz Heinz
High High
Hospital Hospital
Keeler Keeler
Kenilworth Kenilworth
Lewiston Lewiston
Mabel Mabel
Madera Madera
Marin Marin
Martin Martin
Menlo Menlo
Muir Muir
Overlook Overlook
Pardee Pardee
Poplar Poplar
Poppy Poppy
Shasta Shasta
Spring Spring
Summit Summit
Terrace Terrace
Vermont Vermont
