Whitgrove Sodberling Ellerbridge Boothingchester Wycastle Bootwick Tipstoke Bootwick Wycastle Boothingchester Ellerbridge Sodberling Whitgrove Sodberling Ellerbridge Ketchester Watchlake Tippendham Hannersmith Elfield Wolley Elfield Casbrook Skellingover Candleswick Ciringnell Elside Sodport Burlake Endleberey Sundlethorne Shafthead Marlbrook Sundcompney Dartden Bothenhall Alddleringworth Worhall Stafcombe Stapbrook Wetwick Hampingbascombe Sirenshall Redcombe Chelmdenmoor Horsnell Siavon Abgleham Sundlethorne Warblestancester Tippendham Emmerley Tippendham Watchlake Ketchester Ellerbridge Sodberling Bromstanham Sodberling Whitgrove Dribblecombe Ribenwell Sundcompney Prestwick Egmerhampton Suddenmoor Hornsmercombe Ciringnell Penby Ciringnell Elside Waltbeck Abcester Botbeck Botbage Bursted Watchlake Bursted Rotherlow Worford Dribberham Bothenton Skelberden Hamscombe Alfmere Hamscombe Wycastle Boothingchester Ellerbridge Sodberling Whitgrove
53
Abcester Sifield Abcester
Candleswick Melwood Candleswick
Dartden Wethampton Dartden
Tipstoke Tipstoke Abglewold
Ellerbridge Worrenberwang Suddingover Ellerbridge
Waltbeck Cannerthorne Hampingcastle Waltbeck
Worhall Reddendeney Worhall
Ketchester Ketchester Staplow
Sodport Enderbeck Sodport Durbrook
Emmerley Bastlebury Southbury Hamwold Rothendcombe Emmerley
Chelmdenmoor Ketnell Southmere Toddenmoor Egsted
Skelberden Skelberden
Bothenton Bothenton Farnditch
Watchlake Faldenhall Watchlake Tippingbage Farndlesover
Burlake Eley
Siavon Siavon
Bootwick Todhampton Bootwick
Casbrook Casbrook
Hannersmith Shaftborough
Redcombe Redcombe Siey
Dribblecombe Dribblecombe
Egmerhampton Egmerhampton
Bromstanham Clereennell Milthorne Bromstanham
Penby Penby
Rotherlow Cihead Rotherlow Skellenshot
Ribenwell Rothingcombe
Suddenmoor Staincombe Suddenmoor Tippenbrook
Horsnell Horsnell
Elside Wetsmith Elside
Elfield Falworth Marlcester
Worford Stapbrough Worford Hampingworth Falderseythorne
Warblestancester Nortwell Ribberrenston
Tippendham Basditch Tippendham
Prestwick Prestwick Wychchester
Wycastle Wycastle
Abgleham Endingnell Abgleham
Botbeck Chedworth Whitringlake Botbeck Sundendford
Sirenshall Sirenshall Wychcompwold
Wetwick Wetwick
Bothenhall Bothenhall
Alddleringworth Leatherport
Dribberham Dribberham
Skellingover Skellingover
Sodberling Sodberling Bursmith
Whitgrove Whitgrove
Alfmere Alfmere
Marlbrook Horstleover Marlbrook
Sundlethorne Sundlethorne Blansbrook
Hamscombe Wendleringdown
Wolley Wolley
Hornsmercombe Boothingmanstree
Hampingbascombe Hampingbascombe
Endleberey Endleberey
