0 1 2 3 18 33 48 62 64 65 80 81 82 83 84 85 86 87 103 104 119 104 103 87 86 85 84 83 82 81 80 79 78 77 76 75 90 106 120 106 122 107 91 75 60 45 30 15 0 1 2 3 4 5 6 7 8 9 10 25 40 54 53 68 52 36 50 65 64 62 48 63 47 31 46 31 15 0 1 2 3 4 5 6 7 8 9 10 25 41 55 41 56 71 70 69 67 66 82 81 80 79 78 77 76 75 76 77 78 79 80 79 94 93 94 79 80 81 82 83 84 85 100 85 86 87 103 87 86 85 84 83 82 81 80 79 78 77 76 75 90 105 90 75 60 45 30 15 0 1 2 18 19 4 5 6 7 8 9 10 9 8 7 6 5 20 36 50 65 80 95 110 95 80 65 64 62 48 33 17 16 0
48
0 0
3 3
5 5
7 7
8 8 23
10 10 13 28
15 15
18 18
20 20 35
25 25
30 30
31 31
19 34
36 36 51
40 40
41 41 57
45 45
46 46
47 47
50 50
52 52
55 55
56 56
63 63
68 68
70 70
71 71
104 73
75 75
76 76
78 78
80 80
83 83
85 85
87 88
90 90
93 93 108 124
95 95 111
84 98
100 100 115 116
103 103
105 105
106 106 121
94 109
110 110
119 119
120 120
122 122
