location0 location160 location51 location2 location74 location45 location30 location99 location142 location73 location51 location62 location78 location67 location6 location137 location84 location99 location15 location70 location21 location135 location49 location132 location9 location39 location126 location83 location124 location24 location88 location59 location176 location26 location130 location95 location47 location43 location70 location88 location70 location12 location18 location42 location54 location23 location68 location177 location60 location87 location73 location161 location47 location137 location5 location32 location90 location8 location90 location30 location4 location75 location9 location98 location3 location35 location57 location0
53
location3 location1 location3
location2 location2 location52
location4 location4
location5 location5 location7
location6 location6
location8 location8 location86
location9 location9 location77
location18 location10 location18 location92
location0 location11 location13 location55 location63 location94
location12 location12 location27 location29 location37 location58
location60 location14 location60 location89
location15 location15 location64 location80
location124 location16
location62 location17 location19 location62
location135 location20 location28 location44
location21 location21 location38 location79
location132 location22
location23 location23 location41
location24 location24
location35 location25 location31 location35
location26 location26 location40 location82
location30 location30 location50
location32 location32 location48
location160 location33
location126 location34
location39 location36 location39
location42 location42 location56
location43 location43
location45 location45
location87 location46 location72 location87
location47 location47 location97
location49 location49 location69 location85
location51 location51
location142 location53
location54 location54
location57 location57
location59 location59
location75 location61 location71 location75
location130 location65
location176 location66
location67 location67
location68 location68 location81
location70 location70
location73 location73 location76 location96 location100
location74 location74
location78 location78
location83 location83
location84 location84
location88 location88
location90 location90 location91
location99 location93 location99
location95 location95
location98 location98
