location0 location43 location5 location8 location4 location10 location14 location37 location41 location49 location23 location24 location23 location36 location13 location11 location25 location3 location7 location15 location7 location1 location21 location20 location21 location8 location5 location43 location0
19
location1 location1
location36 location2
location3 location3
location4 location4 location19
location5 location5
location10 location6 location10 location17
location7 location7
location8 location8 location12
location41 location9
location11 location11
location13 location13
location14 location14
location15 location15 location22
location25 location16 location25
location49 location18
location20 location20
location21 location21
location23 location23
location24 location24
