SantaClarita Carrollton Stockton Allentown Omaha OklahomaCity Alexandria Garland Independence Modesto FortWorth NewportNews Beaumont Escondido Allentown Hartford Torrance Surprise Torrance SanDiego Stamford FortCollins SantaClarita
18
FortWorth Midland
Escondido Victorville Yonkers
Beaumont Shreveport Beaumont Huntsville
Surprise Washington WestValleyCity Surprise
Independence Independence Scottsdale Fayetteville SiouxFalls
OklahomaCity OklahomaCity Newark Lafayette StPetersburg Brownsville LosAngeles RanchoCucamonga Orlando
Torrance Sunnyvale Visalia Henderson
FortCollins GardenGrove
SanDiego LexingtonFa StLouis Paterson Waco
Allentown Pomona Allentown Wichita
Carrollton Carrollton Concord
Garland Worcester Garland
Alexandria Bellevue Alexandria
Stamford Stamford
Hartford Boston Hartford LouisvilleJefferson LongBeach
NewportNews NewportNews
Omaha Omaha Ontario
Stockton PembrokePines Austin Stockton Indianapolis
