Plano Rockford Riverside Tallahassee Hampton Tallahassee Cincinnati Miami Olathe Irvine LittleRock Irvine SimiValley HuntingtonBeach AugustaRichmond NewOrleans Hartford Mobile StPetersburg Dallas Worcester Mesquite Joliet Thornton Anchorage Philadelphia GardenGrove Salinas Chicago SanAntonio NewHaven Davidson Teemo Greensboro Surprise Corona Brownsville Knoxville SanBernardino Fremont SantaClarita CorpusChristi Spokane ChulaVista Houston Glendale Raleigh Denton FortWorth McAllen GrandPrairie Portland Tampa ThousandOaks Tampa Laredo SantaRosa SiouxFalls FortCollins Killeen Allentown Stamford Glasses SanJose Fontana Hollywood Akron Escondido LouisvilleJefferson Tulsa Reno Norfolk FortLauderdale AnnArbor StLouis AnnArbor Lincoln PembrokePines Torrance Lancaster Elizabeth Anaheim JerseyCity Pikachu Lafayette Huntsville VirginiaBeach Ontario Waco Wichita Chesapeake OWO Mesa Charleston Memphis Montgomery Beaumont Vancouver Atlanta Oxnard Cleveland Denver Hayward Omaha Garland KansasCity Vallejo LasVegas Cary OklahomaCity Rochester SanFrancisco Warren MorenoValley Norman Sunnyvale Pasadena Irving SantaClara Plano
99
SanFrancisco SanFrancisco
SantaClara SantaClara
Charleston Charleston
FortCollins FortCollins
Cincinnati Cincinnati
Mesquite Mesquite
Stamford Stamford
Hollywood Hollywood
Riverside Riverside
Omaha Omaha
GardenGrove GardenGrove
Beaumont Beaumont
Anaheim Anaheim
Brownsville Brownsville
StLouis StLouis
SanJose SanJose
Glendale Glendale
Elizabeth Elizabeth
Killeen Killeen
McAllen McAllen
LasVegas LasVegas
Ontario Ontario
Davidson Davidson
Norman Norman
Montgomery Montgomery
Garland Garland
Mesa Mesa
SantaRosa SantaRosa
AnnArbor AnnArbor
Lancaster Lancaster
Hartford Hartford
Escondido Escondido
Salinas Salinas
Tampa Tampa
Dallas Dallas
Hampton Hampton
Rockford Rockford
Portland Portland
Warren Warren
Wichita Wichita
LittleRock LittleRock
SanBernardino SanBernardino
Raleigh Raleigh
Torrance Torrance
Lincoln Lincoln
SiouxFalls SiouxFalls
Surprise Surprise
Allentown Allentown
Norfolk Norfolk
Houston Houston
Fremont Fremont Madison
Greensboro Greensboro
SanAntonio SanAntonio
OWO OWO
Anchorage Anchorage
Glasses Glasses
Chicago Chicago
Atlanta Atlanta
Cary Cary
Oxnard Oxnard
MorenoValley MorenoValley
Irving Irving
Vallejo Vallejo
LouisvilleJefferson LouisvilleJefferson
Thornton Thornton
Hayward Hayward
Miami Miami
Knoxville Knoxville
Denton Denton
ThousandOaks ThousandOaks
Pasadena Pasadena
JerseyCity JerseyCity
AugustaRichmond AugustaRichmond
Denver Denver
Sunnyvale Sunnyvale
SimiValley SimiValley
FortLauderdale FortLauderdale
Laredo Laredo
SantaClarita SantaClarita
Olathe Olathe
Corona Corona
Tulsa Tulsa
NewOrleans NewOrleans
Lafayette Lafayette
OklahomaCity OklahomaCity
HuntingtonBeach HuntingtonBeach
Huntsville Huntsville
Spokane Pomona
CorpusChristi CorpusChristi
Mobile Mobile
Memphis Memphis
GrandPrairie GrandPrairie
Pikachu Pikachu
Vancouver Vancouver
Irvine Irvine
Worcester Worcester
Waco Waco
Akron Akron
NewHaven NewHaven
