Waco SanAntonio MorenoValley OverlandPark KansasCity Omaha KansasCity Aurora Richmond SanFrancisco AthensClarkeCounty OWO LexingtonFa Palmdale Clarksville Stamford Cary Stamford SanBernardino Victorville StPaul Victorville FortCollins Palmdale AnnArbor SaltLakeCity Rochester Oski Irving SantaClara ChulaVista Lincoln Detroit OverlandPark Waco
22
Rochester Rochester
Palmdale Palmdale FortWayne
Clarksville Clarksville
OWO OWO SterlingHeights
Cary Cary
SanAntonio SanAntonio
StPaul StPaul
SanFrancisco SanFrancisco
LexingtonFa LexingtonFa
MorenoValley MorenoValley
AnnArbor AnnArbor
Stamford Stamford
Detroit Detroit
Omaha Omaha
FortCollins FortCollins
SaltLakeCity SaltLakeCity
SanBernardino SanBernardino
AthensClarkeCounty AthensClarkeCounty
ChulaVista ChulaVista
Irving Irving
Richmond Richmond
Lincoln Lincoln Newark
