0 66 116 16 15 83 130 9 103 9 4 3 35 157 35 133 86 84 38 74 22 197 30 59 199 52 78 177 94 17 137 17 114 154 174 119 2 98 96 17 50 125 19 89 47 129 152 138 178 70 140 71 8 160 5 17 72 184 122 173 175 143 21 190 87 43 146 166 108 37 101 68 100 183 63 150 93 135 112 111 164 51 176 69 167 120 12 26 80 110 18 192 113 76 33 76 42 159 141 97 27 97 151 31 24 169 67 172 134 172 67 56 39 193 11 65 187 28 128 81 128 155 107 115 117 14 13 102 179 153 23 185 0
98
0 0
146 1 146
2 2
3 3
4 4
5 5
8 8
9 9
11 11
13 13
14 14
15 15
16 16
17 17
18 18
108 20
21 21
22 22
23 23
24 24
26 26
27 27
28 28
31 31
33 33
35 35
38 38
39 39
42 42
43 43
47 47
50 50
51 51
52 52
56 56
59 59
65 65
66 66
67 67
68 68
69 69
70 70
71 71
72 72
74 74
78 78
80 80
81 81
83 83
84 84
86 86
89 89
93 93
94 94
96 96
98 98
100 100
101 101
102 102
103 103
107 107 158
111 111
114 114
115 115
116 116
120 120
125 125
128 128
129 129
130 130
133 133
134 134
137 137
138 138
141 141
143 143
151 151
152 152
153 153
154 154
157 157
159 159
160 160
164 164
166 166
167 167
172 172
173 173
174 174
177 177
135 182
183 183
184 184
187 187
190 190
193 193
197 197
199 199
