wNqlpYNsRbJEgiGpKxrU lbWonvEbeplndKguSTkk eOfnBeTgmYCNEnRUhlEK UdSbtwxTqTJxOiUoxEqw XvUPApTFkqaSSizYsCIr GMxGouyyndiUBMqMdOoc joWAhkfNqIEECnBeulGl qoaNjvaRghiMQXaVEoQe edlAtPQdNXJQPCIzpkyX lSJjEsqamUCgRZdCmdyI oZXYedlbtBLmkfoVmgta svUOWvTJLneAqJGnExpc eiLPqIroFfCGzqSAlzAp RlHeRhvUOhGhZVGGJuED jznspKyqlmxZtgfQUJVB kqcEdfKLaRzxOhAIzchh nCedHqGgdWAicwyuYWpg VRpSthoDcomqMDsGoVql qoaNjvaRghiMQXaVEoQe CbGuHgZfQMmSOfHDFJnK XtZHoAxqEyzvMChzPHpN WMWBpOSnHGywZjCgaYyY QjbdwbUnopENkiNyqirZ DZEpVGVXkxHljziwItaS ADVVlRLpnspleRTgeTdu ndaHivGVVtIUvLiyUWcm ZauPfhkpsGmhbvkhkltR PZwTcKCPsEmpxetNZvef MBJqOYmxhUYbldNVEdRy hLaNXBYgTzgUhvjmqUTu pzrGQEObzJGPnfATEYDc xgBrJmdXVwtxgRuCBhMe QePOUWiXcAUCoHETxuGS gDYKDrbERUXTnCayjBrC QePOUWiXcAUCoHETxuGS wfEFdNDcColoskjTjcLm uUKZHvHmBrpBHjYWNaUL ZwvojvRdUOYNJXIwAqgC eCBFrcppbiLzdGQubocl SitzoubgYFeTjmkLjVPz eCBFrcppbiLzdGQubocl xlbpuxAjoVPJWPCWBEkJ zNRhhVdMWUgTnnqmAfeY syonLisTOSczosCwoILE CvZkdIYtdeDHtwufupie QyXpliHSeQOPIsurIcpa DpztIuGTRpGuLsdlODJw QyXpliHSeQOPIsurIcpa ANDviqMIuFwdcboQDprt juzxSpUVuccJUMBOcJjO EEeDJaHeajXXlwYcHTeJ efZntVbfQTvIUOiRNPSH shugRMnaHVqQSmKaNBgu wvSJDoqoPGAkYgSuPFPw NzDQJknJPDEkcwCHzzbF NPSPGRTNRcKKVpsBRSwh IvXQutSorlqOgnSVAIUd oKAKfpUUuLItChLyByFh IvXQutSorlqOgnSVAIUd jUSlIFtitQxyvVLJjiCc XPPBMlNyfVVeZGIzTCEW jUSlIFtitQxyvVLJjiCc bFmSeBrfNuxjYPUDCLYq TEPaiCedHTXapLxoBXMp imEmCMbYEtZJJkwxkSDD bEfUXCTlwRBndElSbPGf YTwycpmzEWCqqTELtzXc aGPbLNWYAMujnfHCTCMo HeWrJOKsDjgdrcamgZLN kwPuYZgJgVVJfdBGUtPw mgNeYYUOPKpLeiVEFIXd NtyLZDOaSczVvOGdocUp NYdfLxXxFVvLEbDKzXWn wlySPverjehsBxldyigf fpoTaBKmVdlDCxFwCFoz FWnudSYFvYQJHehOpEKf pMOSpTzPTPLXHLOQMjnt oLMkSrYLQRLHmPiuLCTC umZXKcxkweEplHZdotgU QeYNNLpZMBxyiFbZMPFY EhDFVLWZueLOrdjEOzEQ aIuYyryCOUGVeCAqbqkg gcXUxTVUZWsOwtRNeDDa kyApsCeFkLoLFCdkazaE scpUkbcaYSAsHhSktebT JVONrXhhmtFWhFfDiOXW VIPPawblKbhOVWrmrWBx iVjkcMenotYGMFEBTvoa gFUGYXSirCYiFTivWNah erZKLqpCZsYKDnOCaBGq NIJaJxCurulNUdZZMxFk JvFxbsySBAiFiOUrzrBi wuSVWJYvpiWaQAHXocSG cwgJAHVpCCTmuckJkncL lIpVoDPUIfHCPpjswogJ yscsUFTNNyaVMKBztBdV NJZlnWyeJFrkOwoqHKtT jeqqhISPyRIhGBNohHEu vTbNxpVTEoFlSjvvVvfG cMYyKTXGNKnFzrpwnXUl szyiMlKhtyOynWjcoMsm ihxEqMQIIvyQmtrtMjeO EmbDgEECbkHbfAfHCgwB vIbIQYXZnmYrooTLYNtu fgzJCwocQniGlXAZHJId UIlSMnVKIdNiXZNSiHsI eobSFtKBbBdcVrTOREdK qfRRtdRbhYJBARMfPlZM lbWonvEbeplndKguSTkk wNqlpYNsRbJEgiGpKxrU
94
svUOWvTJLneAqJGnExpc svUOWvTJLneAqJGnExpc
cwgJAHVpCCTmuckJkncL cwgJAHVpCCTmuckJkncL
DZEpVGVXkxHljziwItaS DZEpVGVXkxHljziwItaS
NtyLZDOaSczVvOGdocUp NtyLZDOaSczVvOGdocUp
vIbIQYXZnmYrooTLYNtu vIbIQYXZnmYrooTLYNtu
yscsUFTNNyaVMKBztBdV yscsUFTNNyaVMKBztBdV
syonLisTOSczosCwoILE syonLisTOSczosCwoILE
ihxEqMQIIvyQmtrtMjeO ihxEqMQIIvyQmtrtMjeO
ADVVlRLpnspleRTgeTdu ADVVlRLpnspleRTgeTdu
bFmSeBrfNuxjYPUDCLYq bFmSeBrfNuxjYPUDCLYq
NzDQJknJPDEkcwCHzzbF NzDQJknJPDEkcwCHzzbF
ZauPfhkpsGmhbvkhkltR ZauPfhkpsGmhbvkhkltR
DpztIuGTRpGuLsdlODJw DpztIuGTRpGuLsdlODJw
scpUkbcaYSAsHhSktebT scpUkbcaYSAsHhSktebT
ZwvojvRdUOYNJXIwAqgC ZwvojvRdUOYNJXIwAqgC
EmbDgEECbkHbfAfHCgwB EmbDgEECbkHbfAfHCgwB
FWnudSYFvYQJHehOpEKf FWnudSYFvYQJHehOpEKf
QeYNNLpZMBxyiFbZMPFY QeYNNLpZMBxyiFbZMPFY
juzxSpUVuccJUMBOcJjO juzxSpUVuccJUMBOcJjO
eobSFtKBbBdcVrTOREdK eobSFtKBbBdcVrTOREdK
wuSVWJYvpiWaQAHXocSG wuSVWJYvpiWaQAHXocSG
zNRhhVdMWUgTnnqmAfeY zNRhhVdMWUgTnnqmAfeY
EEeDJaHeajXXlwYcHTeJ EEeDJaHeajXXlwYcHTeJ
oKAKfpUUuLItChLyByFh oKAKfpUUuLItChLyByFh
efZntVbfQTvIUOiRNPSH efZntVbfQTvIUOiRNPSH
lbWonvEbeplndKguSTkk igyeOiSdezmmXGTwMzLw lbWonvEbeplndKguSTkk
xgBrJmdXVwtxgRuCBhMe xgBrJmdXVwtxgRuCBhMe
XPPBMlNyfVVeZGIzTCEW XPPBMlNyfVVeZGIzTCEW
YTwycpmzEWCqqTELtzXc YTwycpmzEWCqqTELtzXc
MBJqOYmxhUYbldNVEdRy MBJqOYmxhUYbldNVEdRy
NJZlnWyeJFrkOwoqHKtT NJZlnWyeJFrkOwoqHKtT
QyXpliHSeQOPIsurIcpa QyXpliHSeQOPIsurIcpa
pzrGQEObzJGPnfATEYDc pzrGQEObzJGPnfATEYDc
gFUGYXSirCYiFTivWNah ayQgUwyRuQVKeyFLPNbQ
bEfUXCTlwRBndElSbPGf bEfUXCTlwRBndElSbPGf
XvUPApTFkqaSSizYsCIr XvUPApTFkqaSSizYsCIr
wlySPverjehsBxldyigf wlySPverjehsBxldyigf
CbGuHgZfQMmSOfHDFJnK CbGuHgZfQMmSOfHDFJnK
edlAtPQdNXJQPCIzpkyX edlAtPQdNXJQPCIzpkyX
gcXUxTVUZWsOwtRNeDDa gcXUxTVUZWsOwtRNeDDa
EhDFVLWZueLOrdjEOzEQ EhDFVLWZueLOrdjEOzEQ
fpoTaBKmVdlDCxFwCFoz KcrnMnFDTrBKaUaGpdLY fpoTaBKmVdlDCxFwCFoz
QjbdwbUnopENkiNyqirZ nreoVgWrBhNXFZgTBlXO QjbdwbUnopENkiNyqirZ
mgNeYYUOPKpLeiVEFIXd mgNeYYUOPKpLeiVEFIXd
kqcEdfKLaRzxOhAIzchh kqcEdfKLaRzxOhAIzchh
SitzoubgYFeTjmkLjVPz SitzoubgYFeTjmkLjVPz
IvXQutSorlqOgnSVAIUd IvXQutSorlqOgnSVAIUd
CvZkdIYtdeDHtwufupie oHoxoLeyDYnKZDzgMtxI CvZkdIYtdeDHtwufupie ZXihCBEQBTdisqSlEMsj
cMYyKTXGNKnFzrpwnXUl cMYyKTXGNKnFzrpwnXUl
kwPuYZgJgVVJfdBGUtPw kwPuYZgJgVVJfdBGUtPw
JvFxbsySBAiFiOUrzrBi JvFxbsySBAiFiOUrzrBi
erZKLqpCZsYKDnOCaBGq erZKLqpCZsYKDnOCaBGq
GMxGouyyndiUBMqMdOoc GMxGouyyndiUBMqMdOoc
NPSPGRTNRcKKVpsBRSwh NPSPGRTNRcKKVpsBRSwh
QePOUWiXcAUCoHETxuGS QePOUWiXcAUCoHETxuGS
ANDviqMIuFwdcboQDprt ANDviqMIuFwdcboQDprt
HeWrJOKsDjgdrcamgZLN HeWrJOKsDjgdrcamgZLN zHPSSEtFTQIbLYMdHqgP
UIlSMnVKIdNiXZNSiHsI UIlSMnVKIdNiXZNSiHsI
eOfnBeTgmYCNEnRUhlEK eOfnBeTgmYCNEnRUhlEK
qfRRtdRbhYJBARMfPlZM qfRRtdRbhYJBARMfPlZM
imEmCMbYEtZJJkwxkSDD imEmCMbYEtZJJkwxkSDD
xlbpuxAjoVPJWPCWBEkJ xlbpuxAjoVPJWPCWBEkJ
aIuYyryCOUGVeCAqbqkg aIuYyryCOUGVeCAqbqkg
TEPaiCedHTXapLxoBXMp TEPaiCedHTXapLxoBXMp
fgzJCwocQniGlXAZHJId fgzJCwocQniGlXAZHJId
szyiMlKhtyOynWjcoMsm szyiMlKhtyOynWjcoMsm
qoaNjvaRghiMQXaVEoQe ccdJRKiTXwIErdhSIxfh
aGPbLNWYAMujnfHCTCMo aGPbLNWYAMujnfHCTCMo
pMOSpTzPTPLXHLOQMjnt pMOSpTzPTPLXHLOQMjnt
wvSJDoqoPGAkYgSuPFPw wvSJDoqoPGAkYgSuPFPw
jznspKyqlmxZtgfQUJVB jznspKyqlmxZtgfQUJVB
wfEFdNDcColoskjTjcLm wfEFdNDcColoskjTjcLm
jUSlIFtitQxyvVLJjiCc jUSlIFtitQxyvVLJjiCc
oLMkSrYLQRLHmPiuLCTC oLMkSrYLQRLHmPiuLCTC
NIJaJxCurulNUdZZMxFk NIJaJxCurulNUdZZMxFk
gDYKDrbERUXTnCayjBrC gDYKDrbERUXTnCayjBrC
hLaNXBYgTzgUhvjmqUTu hLaNXBYgTzgUhvjmqUTu
kyApsCeFkLoLFCdkazaE kyApsCeFkLoLFCdkazaE
PZwTcKCPsEmpxetNZvef PZwTcKCPsEmpxetNZvef
shugRMnaHVqQSmKaNBgu shugRMnaHVqQSmKaNBgu
NYdfLxXxFVvLEbDKzXWn NYdfLxXxFVvLEbDKzXWn
UdSbtwxTqTJxOiUoxEqw UdSbtwxTqTJxOiUoxEqw
JVONrXhhmtFWhFfDiOXW JVONrXhhmtFWhFfDiOXW
VIPPawblKbhOVWrmrWBx VIPPawblKbhOVWrmrWBx
XtZHoAxqEyzvMChzPHpN XtZHoAxqEyzvMChzPHpN
nCedHqGgdWAicwyuYWpg nCedHqGgdWAicwyuYWpg
lSJjEsqamUCgRZdCmdyI lSJjEsqamUCgRZdCmdyI
VRpSthoDcomqMDsGoVql VRpSthoDcomqMDsGoVql
oZXYedlbtBLmkfoVmgta oZXYedlbtBLmkfoVmgta
RlHeRhvUOhGhZVGGJuED RlHeRhvUOhGhZVGGJuED
joWAhkfNqIEECnBeulGl joWAhkfNqIEECnBeulGl
vTbNxpVTEoFlSjvvVvfG vTbNxpVTEoFlSjvvVvfG
WMWBpOSnHGywZjCgaYyY WMWBpOSnHGywZjCgaYyY
eiLPqIroFfCGzqSAlzAp eiLPqIroFfCGzqSAlzAp
