A0 A2 A0 A4 A5 A9 A8 A9 A5 A10 A12 A10 A15 A24 A21 A22 A24 A15 A10 A5 A4 A0 A99 A94 A95 A96 A99 A90 A85 A80 A79 A80 A85 A87 A85 A80 A84 A83 A84 A80 A79 A75 A74 A65 A60 A55 A54 A50 A53 A50 A49 A40 A35 A37 A36 A35 A30 A34 A33 A34 A30 A29 A25 A24 A15 A10 A5 A4 A0
32
A2 A2
A0 A3
A4 A4 A6
A8 A8
A12 A11 A12
A15 A18
A24 A19 A20
A21 A21
A22 A22
A25 A27 A28
A29 A29 A31
A33 A33
A36 A36
A37 A37
A40 A43
A49 A44 A45 A46 A47
A50 A52
A53 A53
A54 A54 A56
A55 A58
A60 A61 A62
A65 A68
A74 A69 A70 A71 A72
A75 A77 A78
A79 A79 A81
A83 A83
A87 A86 A87
A90 A93
A94 A94
A95 A95
A96 A96
A99 A97
