A0 A2 A0 A4 A5 A10 A15 A24 A21 A24 A25 A29 A31 A29 A30 A34 A33 A34 A30 A35 A40 A49 A44 A49 A50 A54 A55 A60 A65 A74 A72 A74 A75 A79 A80 A85 A87 A86 A85 A90 A99 A100 A102 A103 A100 A104 A105 A110 A111 A110 A115 A124 A122 A124 A125 A128 A125 A129 A131 A129 A130 A135 A140 A149 A145 A144 A149 A150 A154 A155 A160 A162 A160 A165 A174 A171 A174 A175 A179 A180 A185 A190 A199 A197 A199 A0
62
A2 A2
A0 A3
A4 A4 A6
A5 A8
A10 A11 A12
A15 A18
A24 A19 A20 A22
A21 A21
A25 A27 A28
A29 A29
A31 A31
A33 A33
A35 A36 A37
A40 A43
A44 A44
A49 A45 A46 A47
A50 A52 A53
A54 A54 A56
A55 A58
A60 A61 A62
A65 A68
A74 A69 A70 A71
A72 A72
A75 A77 A78
A79 A79 A81
A80 A83
A86 A86
A87 A87
A90 A93
A99 A94 A95 A96 A97
A102 A102
A103 A103
A104 A104 A106
A105 A108
A111 A111 A112
A115 A118
A124 A119 A120 A121
A122 A122
A125 A127
A128 A128
A129 A129
A131 A131
A130 A133
A135 A136 A137
A140 A143
A144 A144
A145 A145 A146
A149 A147
A150 A152 A153
A154 A154 A156
A155 A158
A162 A161 A162
A165 A168
A174 A169 A170 A172
A171 A171
A175 A177 A178
A179 A179 A181
A180 A183
A185 A186 A187
A190 A193
A199 A194 A195 A196
A197 A197
