0 1 28 6 53 119 84 23 62 77 80 6 34 65 43 47 70 93 86 10 49 103 33 66 72 53 19 132 25 132 5 104 92 57 24 94 31 82 66 7 85 170 2 68 54 64 136 36 22 8 192 79 118 88 16 98 25 91 41 32 58 76 61 3 56 30 51 67 127 37 12 170 82 48 92 42 78 0
62
1 1 100
2 2
3 3 52
43 4 43 59 83
5 5
6 6 26
7 7
8 8
72 9 29 72
10 10
47 11 47
12 12 63
76 13 76 81
28 14 28
94 15 75 94
16 16 71
88 17 21 88
41 18 41 45
19 19
93 20 93
22 22
23 23 44 69
24 24 40
25 25
62 27 62
30 30
31 31
32 32
33 33 50
34 34 74
65 35 65 99
36 36
37 37
84 38 84
66 39 66
42 42
103 46 90
48 48
49 49
51 51 87
53 53
54 54
118 55
56 56 96
57 57
58 58 95
70 60 70
61 61
64 64
67 67
68 68
119 73
77 77 89
78 78
79 79
80 80
82 82
85 85
86 86
91 91
92 92 97
98 98
