Soda L78 L69 L123 L149 L176 L171 L89 L14 L22 L97 L54 L151 L11 L44 L75 L68 L35 L150 L146 L113 L20 L135 L163 L166 L93 L174 L58 L54 L189 L76 L113 L188 L13 L173 L125 L193 L39 L4 L98 L89 Soda
38
L150 L49 L0 L172 L150
L69 L69 L168 L119
L44 L34 L44
L189 L194 L74 L189 L81
L4 L4 L70
L151 L151 L177 L122 L92
L54 L132 L54 L117
L173 L121 L24 L173
L76 L76
L13 L103 L13 L84 L108 L32
L22 L22 L167
L93 L192 L93 L5
L163 L12 L107 L37 L163
L39 L39
L135 L101 L135 L67
L14 L86 L14
L89 L89
L113 L190 L113 L157 L102
L176 L183 L176
L97 L97
L68 L43 L25 L114 L143 L68
L125 L90 L125
L123 L115 L50
L11 L159 L11 L124
L35 L186 L63 L35 L133
L166 L191 L158 L52 L166
L193 L85 L193 L198
L98 L83 L164 L98
L146 L99 L21
L20 L61 L116 L9 L60
L174 L130 L174
L149 L149
L171 L45 L27 L169 L171
L75 L75
L188 L188 L79 L23
L78 L126
Soda L62
L58 L145
