Soda location4 location2 location6 location33 location97 location23 location16 location48 location20 location44 location10 location76 location26 location52 location37 location22 location46 location34 location17 location82 location43 location72 location25 location72 location29 location95 location24 location45 Soda
27
location46 location40 location46 location27 location5
location52 location41
location95 location21 location19
location2 location2 location36
location23 location32 location28 location9 location23 location38
location45 location1 location45
location24 location15 location24 location35
location26 location3 location14 location26 location42
location16 location16
location34 location34 location12
location25 location18 location25
location33 location33
location10 location47 location50 location10
location17 location17 location7
location72 location11
location20 location20
location29 location29
location97 location39
location6 location6
location44 location44
location48 location48
location43 location8 location43
Soda location31 location49
location4 location4
location22 location22
location37 location37
location76 location13 location30
