Soda location71 location92 location3 location18 location67 location29 location86 location64 location12 location77 location43 location22 location38 location70 location186 location8 location125 location32 location166 location88 location26 location96 location97 location99 location69 location90 location57 location81 location85 location81 location96 location34 location25 location2 location82 location103 location94 location59 location52 location59 location74 location30 location10 location3 Soda
39
location71 location71 location31 location98 location87 location28 location75
location52 location52
location92 location42 location68 location92
location59 location36 location35 location59
location34 location34 location4 location20
location81 location45 location39 location48 location81
location88 location58 location88 location1
location22 location11 location61 location65 location84 location22
location2 location2 location53
location125 location54 location79
location18 location18 location47
location64 location64 location80 location23 location14 location19
location69 location44 location69 location55
location82 location82 location17
location57 location46 location5 location57 location66 location83
location43 location15 location43
location32 location49 location32
location30 location95 location30
location38 location38
location67 location67
location94 location94 location9 location72
location99 location7 location99
location74 location74 location91
location3 location100 location3
location77 location77
location10 location10 location73 location63 location41 location51
location86 location60 location86 location6
location97 location97 location24
location26 location26
location8 location37 location89 location8
location85 location56 location85 location33
location90 location16 location90
location25 location25 location93 location21 location62
location70 location70 location78 location40
location29 location29 location50 location13
location166 location27
location12 location12
location186 location76
location96 location96
