Soda danyal singhal grace patagonia shen sunny vilaythong alvin rabie sriram daniel winifred davis castro rob noor lewke golden martinez chloe garbers garcia sarina krishnan amanda massachusetts ruhi jarrett tamara rosen shah woolf eshaan caroline yip juliann kevin lo roshan annie djajadi meghan ritter andrew ian walsh aidan connor ashley berit Soda
50
danyal danyal
singhal singhal
grace grace
patagonia patagonia
shen shen
sunny sunny
vilaythong vilaythong
alvin alvin
rabie rabie
sriram sriram
daniel daniel
winifred winifred
davis davis
castro castro
rob rob
noor noor
lewke lewke
golden golden
martinez martinez
chloe chloe
garbers garbers
garcia garcia
sarina sarina
krishnan krishnan
amanda amanda
massachusetts massachusetts
ruhi ruhi
jarrett jarrett
tamara tamara
rosen rosen
shah shah
woolf woolf
eshaan eshaan
caroline caroline
yip yip
juliann juliann
kevin kevin
lo lo
roshan roshan
annie annie
djajadi djajadi
meghan meghan
ritter ritter
andrew andrew
ian ian
walsh walsh
aidan aidan
connor connor
ashley ashley
berit berit
