Soda lindsey rob daniel chase george vikram melissa krista kanika umar jacob grace ishaan shah wong maniku sun srivastava chung du ritter ruhi kevin evan danyal sophia subbaraj angelis saurav singhal wu krishnan scott bears mack cal srinivasan zhifei barth erika annie xin weaver tyler lewke william nichole ohio hanlon franco soman zou charles alvin doshi chloe sunny parham brett wyatt singorahardjo hari emily greg winifred ellen massachusetts caroline ashley berit gregory rouzbahani patagonia logan king zhou olivia ravi aanika ani ahluwalia lebron yip kaur djajadi amanda mittal chen gobears adhikiari liang eshaan connor maya li Soda
96
ruhi ruhi
wyatt wyatt
kaur kaur
caroline caroline
maniku maniku
sunny sunny
kevin kevin
brett devesh brett
rouzbahani rouzbahani
singorahardjo singorahardjo
srinivasan srinivasan
ashley ashley
djajadi djajadi
chen chen
li li
singhal singhal
william william
daniel daniel
ishaan ishaan
du du
eshaan eshaan
rob rob
cal cal
zou zou
vikram vikram
ravi ravi
weaver weaver
srivastava srivastava
wu wu
Soda oscar celine
grace grace
adhikiari adhikiari
bears bears
massachusetts massachusetts
gregory gregory
connor connor
ritter ritter
wong wong
ellen ellen
chung chung
danyal danyal
maya maya
ohio ohio
barth barth
greg greg
ahluwalia ahluwalia
doshi doshi
amanda amanda
krishnan krishnan
xin xin
zhou zhou
mittal mittal
melissa melissa
scott scott
angelis angelis
yip yip
jacob jacob
erika erika
zhifei zhifei
shah shah
hanlon hanlon
chloe chloe
lebron lebron
parham parham
gobears gobears
tyler tyler andrew
saurav saurav
emily emily
george george
nichole nichole
alvin alvin
king king
olivia olivia
subbaraj vilaythong subbaraj
aanika aanika
ani ani
sun sun
krista krista
winifred winifred
hari hari
soman soman
liang liang
berit berit
annie annie
umar umar
kanika kanika
patagonia patagonia
mack mack
charles charles
franco franco
lindsey lindsey
logan logan
lewke lewke
evan evan
sophia sophia
chase chase
