loc48 loc11 loc4 loc68 loc26 loc94 loc61 loc63 loc34 loc3 loc5 loc90 loc43 loc68 loc24 loc52 loc6 loc64 loc69 loc24 loc27 loc55 loc93 loc96 loc80 loc72 loc48
24
loc11 loc11 loc73
loc26 loc21 loc26 loc23 loc17
loc93 loc20 loc93 loc89
loc72 loc12 loc72 loc98 loc25
loc90 loc90 loc9 loc71
loc5 loc5 loc40 loc44
loc80 loc81 loc88 loc80
loc96 loc96 loc7
loc52 loc0 loc35 loc52
loc24 loc19 loc60 loc91 loc24
loc64 loc28 loc64
loc3 loc3
loc43 loc43
loc6 loc92 loc6
loc68 loc68
loc63 loc63 loc75
loc48 loc31
loc4 loc4
loc34 loc34 loc45
loc55 loc55 loc47
loc94 loc94
loc61 loc61
loc27 loc27
loc69 loc69
