loc79 loc118 loc92 loc107 loc2 loc65 loc186 loc94 loc187 loc9 loc48 loc96 loc54 loc30 loc68 loc76 loc0 loc73 loc16 loc162 loc191 loc110 loc173 loc87 loc70 loc89 loc43 loc122 loc158 loc130 loc69 loc98 loc180 loc59 loc115 loc64 loc121 loc148 loc11 loc170 loc132 loc8 loc140 loc159 loc131 loc127 loc181 loc62 loc189 loc164 loc132 loc60 loc78 loc22 loc113 loc41 loc6 loc79
55
loc118 loc118
loc0 loc4 loc0 loc50
loc191 loc191
loc9 loc9
loc180 loc180 loc33
loc87 loc90 loc87
loc173 loc154 loc173 loc133 loc106
loc65 loc134
loc41 loc114 loc41 loc52 loc109
loc6 loc6 loc66 loc40 loc18
loc69 loc69 loc17
loc94 loc26 loc58 loc94 loc145 loc160
loc96 loc96 loc44 loc91
loc159 loc159
loc162 loc111 loc14 loc162
loc170 loc170
loc148 loc148 loc171
loc8 loc8
loc130 loc130 loc196
loc43 loc43
loc60 loc142 loc60
loc187 loc187
loc121 loc121
loc30 loc30
loc68 loc68
loc54 loc54 loc120
loc140 loc140
loc2 loc2
loc186 loc167 loc155 loc176 loc146 loc186
loc189 loc189 loc80
loc59 loc59
loc132 loc25 loc132
loc92 loc97 loc92
loc98 loc124 loc98
loc62 loc128 loc150 loc62
loc127 loc127 loc174 loc19
loc22 loc36 loc3 loc45
loc73 loc153 loc73 loc83
loc64 loc64
loc107 loc107
loc181 loc181
loc110 loc110
loc16 loc16 loc152
loc89 loc89
loc113 loc113
loc164 loc164
loc11 loc11
loc122 loc122
loc48 loc48 loc34
loc78 loc78
loc115 loc115
loc158 loc158
loc76 loc185 loc76
loc70 loc70
loc131 loc131
