Jingzhou Ghugus Veenendaal Shizunaifurukawacho Entroncamento Jeypore Malnate Lysva Shively Rangae SaintMichael MelitodiNapoli BeneBeraq Gangtok Rembangan Thamaga Bejucal TanahMerah FortLauderdale Depok Carouge Kheri Ermelo Shumen elCampello Carmichael Crespo Khabarovsk Chegem Frosinone Ouarzazat KrasnoyeSelo Kirovsk Srinagar Kiruna Tottori SanJosedeOcoa Ketrzyn Ronse AzZuwaytinah RioFormoso Radnor LondonderryCountyBor Colachel Ibri Chittaranjan BurgbeiMagdeburg Sagalo CoonRapids Kabarnet Tabatinga Sarzedo Sanaa JabalosSaraj Sanaa Manduria Ghugus Jingzhou
50
CoonRapids CoonRapids
Sarzedo Sarzedo
SaintMichael SaintMichael
Colachel Colachel
Entroncamento Entroncamento
Chegem Chegem
Rembangan Rembangan
AzZuwaytinah AzZuwaytinah
Manduria Manduria
Gangtok Gangtok
Tottori Tottori
Ronse Ronse
Kirovsk Kirovsk
Ermelo Ermelo
Chittaranjan Chittaranjan
Depok Depok
Shizunaifurukawacho Shizunaifurukawacho
Crespo Crespo
Ibri Ibri
Lysva Lysva
Jeypore Jeypore
TanahMerah TanahMerah
Ghugus Ghugus
Khabarovsk Khabarovsk
Shively Shively
BurgbeiMagdeburg BurgbeiMagdeburg
Rangae Rangae
Kabarnet Kabarnet
Ouarzazat Ouarzazat
Sagalo Sagalo
Kheri Kheri
SanJosedeOcoa SanJosedeOcoa
LondonderryCountyBor LondonderryCountyBor
Shumen Shumen
Sanaa Sanaa
Thamaga Thamaga
Tabatinga Tabatinga
Veenendaal Veenendaal
Carouge Carouge
Radnor Radnor
JabalosSaraj JabalosSaraj
FortLauderdale FortLauderdale
BeneBeraq BeneBeraq
elCampello elCampello
Malnate Malnate
Srinagar Srinagar
Bejucal Bejucal
Carmichael Carmichael
RioFormoso RioFormoso
Ketrzyn Ketrzyn
