LesLilas AinBessem Aracuai Zhaodong Geiro CapimGrosso MonteAlegre Kambove ChalcodeDiazCovarrub BlueIsland Kotka PortoVelho FetestiGara Embu Battambang AinArnat Gorgan Shimofurano Arzamas Sobue Protaras HaciendaLaCalera KotRadhaKishan Izhevsk Ibirataia Ontinyent Vyazniki Skelmersdale Prostejov Vaniyambadi Yafo Shieli Mocoa Fuxin Nagar Escada Pozzuoli Haripur Langenhorn FortWorth Acireale Butuan Kaifeng Aringay AshtonunderLyne MineralnyeVody TagbilaranCity Hirosaki Haora SaintCyrlEcole Garbsen Bhusaval Anjarah Rhondda Mabopane Khulm Lloydminster SpanishTown Kineshma Pezinok Belalcazar Kairouan Johnston Wenchi Hangu Gowurdak EastLongmeadow Wangon Arang Akcaabat Acarau NoblePark SanJuandelaMaguana Andrychow GuaMusang Sosnovka PriegodeCordoba Bury Braila Morwa Ortaca Itororo Shchekino Espiye Rivas Twante SenaMadureira NahiyatashShinafiyah Korsakov Manacapuru Shurugwi Kemise SouthSaintPaul Sorada Gunzenhausen SenadorPompeu Angleton SantanadoLivramento LesLilas
92
Khulm Khulm
Kemise Kemise
Hirosaki Hirosaki
SanJuandelaMaguana SanJuandelaMaguana
Shchekino Shchekino
Braila Braila
SenaMadureira SenaMadureira
Shimofurano Shimofurano
AinArnat AinArnat
Rhondda Rhondda
Morwa Morwa
Ibirataia Ibirataia
Hangu Hangu
SouthSaintPaul SouthSaintPaul
Andrychow Andrychow Turek
Garbsen Garbsen
Sobue Sobue
Sosnovka Sosnovka Daokou
Rivas Rivas
PriegodeCordoba PriegodeCordoba
Yafo Yafo
Haora Haora
Haripur Haripur
CapimGrosso CapimGrosso
AinBessem AinBessem
Ontinyent Ontinyent
Arzamas Arzamas
SpanishTown SpanishTown
Johnston Johnston
Nagar Nagar
Belalcazar Belalcazar Oerlinghausen
Espiye Espiye
SenadorPompeu SenadorPompeu
KotRadhaKishan KotRadhaKishan
BlueIsland BlueIsland MadinatHamad
Butuan Butuan
Vyazniki Vyazniki
Langenhorn Langenhorn
Angleton Angleton
Kambove Kambove
Mocoa Mocoa
Kaifeng Kaifeng
Zhaodong Zhaodong
Fuxin Fuxin
Embu WestIslip Embu
SaintCyrlEcole SaintCyrlEcole
Akcaabat Akcaabat
Anjarah Anjarah
Acireale Baramula Acireale
Gunzenhausen Gunzenhausen
Vaniyambadi Vaniyambadi
Skelmersdale Tabou Skelmersdale
TagbilaranCity TagbilaranCity
ChalcodeDiazCovarrub ChalcodeDiazCovarrub
Itororo Itororo
HaciendaLaCalera HaciendaLaCalera
Kairouan Kairouan
Lloydminster Lloydminster
NoblePark NoblePark
Aracuai Aracuai
Shieli Shieli
Prostejov Prostejov
NahiyatashShinafiyah NahiyatashShinafiyah
Bury Bury
Pozzuoli VillaPauladeSarmient Pozzuoli
MineralnyeVody MineralnyeVody
Izhevsk Izhevsk
Kotka Kotka
FetestiGara FetestiGara
Manacapuru Manacapuru
Shurugwi Shurugwi
Gowurdak Gowurdak
Kineshma Kineshma
Acarau Acarau
GuaMusang GuaMusang
Pezinok Pezinok
Gorgan Gorgan
Mabopane Mabopane
Twante Twante
Sorada Sorada
Escada Escada
EastLongmeadow EastLongmeadow
Korsakov Korsakov
Wangon Wangon
Battambang Battambang
MonteAlegre MonteAlegre
Wenchi Wenchi
PortoVelho PortoVelho
Ortaca Ortaca
AshtonunderLyne AshtonunderLyne
FortWorth FortWorth
SantanadoLivramento SantanadoLivramento
