Kaimganj Leixlip Mesa EncarnaciondeDiaz Kansk PinhalNovo Racine Gobo Albi Karasuyama Tsukawaki Novopokrovskaya GobernadorGalvez Narangba Dankov MontecatiniTerme Isakogorka Yucheng Korolev Fandriana Tocache MilpaAlta Tsirang Brecht Norristown Pilibhit Irvine Pilibhit Fagaras Kaimganj
24
Albi Albi
PinhalNovo PinhalNovo
Tsukawaki Tsukawaki
Narangba Narangba
Tocache Tocache
Novopokrovskaya Novopokrovskaya
Karasuyama Karasuyama
Dankov Dankov
Fagaras Fagaras
Yucheng Yucheng
Isakogorka Isakogorka
Tsirang Tsirang
EncarnaciondeDiaz EncarnaciondeDiaz
Pilibhit Pilibhit
Gobo Gobo
Brecht Brecht
Leixlip Leixlip
Fandriana Fandriana
Irvine Irvine
Korolev Korolev
MontecatiniTerme MontecatiniTerme
MilpaAlta MilpaAlta Anahuac
GobernadorGalvez GobernadorGalvez
Racine Racine
