lyenDXSN wKxe hU BR s KtvQaJqCJTRpXM8ZI vJxAK1LaHyuu4yFNeul D5kg CmV m zI 7Q L 61 fzp vAIBd1Ae A67f fGVqheaVU3e 2AR73oQdnbYqnDCGMFS uy3ouNIxumu7jEuoP1 MBLHuIgjJIXs uy3ouNIxumu7jEuoP1 K0A9bbVLm9atwTf EJDqk Plmj0j Iax35 HwQeXpOEZHQ3s hVfqebryM4wN f l hjCFXN9kbqn0UCNsZ G50hiUpVStHCMrd frNA534JEvY4f nWkakNi6Qt9d4g o3refHnx4qioqHztqMYE zzYmU5YFhvp1 2FvJIR5cRPGGLqP jvdVvQ akZmiQ7tmX llx2p lt1a5E0H JyObTOXbOI cYPTdnJWL wcmx8dhmsO GPeb ImSpax cHKeh1 6DVIvuGfPs2BU Mu 6yeW7sat9rvd wBJRoqVxn1t lyenDXSN
38
G50hiUpVStHCMrd G50hiUpVStHCMrd
BR BR
hU hU
MBLHuIgjJIXs MBLHuIgjJIXs
CmV CmV
frNA534JEvY4f frNA534JEvY4f
2FvJIR5cRPGGLqP VNvsbB7eWJcAK0fU
hjCFXN9kbqn0UCNsZ hjCFXN9kbqn0UCNsZ
L L
nWkakNi6Qt9d4g nWkakNi6Qt9d4g
hVfqebryM4wN nqeGwct hVfqebryM4wN
l l
wBJRoqVxn1t wBJRoqVxn1t
zzYmU5YFhvp1 zzYmU5YFhvp1
lt1a5E0H lt1a5E0H
wcmx8dhmsO wcmx8dhmsO
GPeb GPeb
vAIBd1Ae vAIBd1Ae
akZmiQ7tmX akZmiQ7tmX M1PxrOPSNUVpc
Mu Mu
K0A9bbVLm9atwTf K0A9bbVLm9atwTf
Plmj0j Plmj0j
6DVIvuGfPs2BU 6DVIvuGfPs2BU
ImSpax ImSpax
llx2p llx2p
zI zI
o3refHnx4qioqHztqMYE o3refHnx4qioqHztqMYE
7Q 7Q
A67f A67f
vJxAK1LaHyuu4yFNeul vJxAK1LaHyuu4yFNeul
6yeW7sat9rvd 6yeW7sat9rvd
jvdVvQ jvdVvQ
61 61
f f
HwQeXpOEZHQ3s HwQeXpOEZHQ3s
cYPTdnJWL cYPTdnJWL
2AR73oQdnbYqnDCGMFS 2AR73oQdnbYqnDCGMFS
KtvQaJqCJTRpXM8ZI KtvQaJqCJTRpXM8ZI
