6a5e7697411b4a5f9bee 2cc84eddeb0f411a85bd 9456190223044624836d e3697cd0e4bb4631b60b 9456190223044624836d 2cc84eddeb0f411a85bd 53c9cb5cf7384868ac19 6e67d80aec8b4fc0a0f4 6ea877c3766c4669a150 0584f8431be341e5ab2e bd02ba8637cd4d18b24e 4cc41845ed58465488d9 f911fa4d522a4357aa0b 95119be28c194159a1ee aa3f52c94cbd4a128bbb 00ab75eeae43479b93a1 aa3f52c94cbd4a128bbb 95119be28c194159a1ee 33067b0a316045d2baa2 72c52cfc431e4b0b82bd ab6a4a3d324a4e118998 72c52cfc431e4b0b82bd e42a313b3fc84870ab92 b0d847fc7911439a9eb5 bb70a9f783b44f29aa76 7d4dc3551fe54163a3f8 4e25f87635bb4843b59f 0584f8431be341e5ab2e c576aa1a65a847f98480 c0dbf396a3c644f697c5 821d08dd9ba24bb68d87 4d6e33ce0fc84c6ea69d 950cb52e3a1446d9af98 c1b06ccaa4874b00a961 d8c441caf295405aaf52 b948a6a686f640e0a856 147f1c04198d4b1aa9eb bb1ea4bfb5b541b9a617 ced33625aef44e049e40 0b24d415cd09478386e1 7c65eef332d54dcba793 950cb52e3a1446d9af98 e9189c39d6f9459fb82b 950cb52e3a1446d9af98 7c65eef332d54dcba793 e0cb3963860e4d049310 7c65eef332d54dcba793 36411ecb5b7b4ec3a8e2 cc5f406e2dcd46bebe75 d231535a16d747168db6 ce0b9987a99a4073beab ccd6cde772ea4eb0939d ab30581bda5a4746a1ab 7c1bf490928b4ce8968f 04089cde57054eef8082 a61d50df0af14d43bea8 5c8da1e70e304c18a2e4 65b7af53d28f4262bf8f 6c8fdc64a38545c8997a 6a5e7697411b4a5f9bee
33
e0cb3963860e4d049310 728908ec3cef4db29934 e0cb3963860e4d049310 12424155e29a4ad09224
e3697cd0e4bb4631b60b e3697cd0e4bb4631b60b
95119be28c194159a1ee 95119be28c194159a1ee
aa3f52c94cbd4a128bbb a5e69939e9704f81a60e
cc5f406e2dcd46bebe75 cc5f406e2dcd46bebe75 4aadb3216b4343adbebd 6c5164d75c654b6e9e3b
e42a313b3fc84870ab92 ebbbcdcdb3554877aeb0 5042f23712404074ac94
d231535a16d747168db6 268fc1cec41445e9ae4c
0b24d415cd09478386e1 bc0a76f3195549949d49 a1480b86aa6b4e8ab46b d8981e847a1946839e08
4d6e33ce0fc84c6ea69d 365700b51db445e3a31a 5a90ec8096c2423fb598
65b7af53d28f4262bf8f dcee8e551d34480d82e2 e0d6bb0c69d74ec5a7c2 9a007b07478f49ea8ad1
c576aa1a65a847f98480 4da00804134d4fc9a85c 008aafd1b0ec4150aacc
6ea877c3766c4669a150 6ea877c3766c4669a150
6a5e7697411b4a5f9bee 68b5e6aea12140d2bb26
ab6a4a3d324a4e118998 ab6a4a3d324a4e118998
c1b06ccaa4874b00a961 c1b06ccaa4874b00a961
72c52cfc431e4b0b82bd bbb11a04c8a343348a26
4e25f87635bb4843b59f 4e25f87635bb4843b59f
5c8da1e70e304c18a2e4 5c8da1e70e304c18a2e4 3f86be020a0e43e4b1ff
ced33625aef44e049e40 ced33625aef44e049e40
6e67d80aec8b4fc0a0f4 f4f0866d5e97488aa802 6e67d80aec8b4fc0a0f4 87ecc0a3a59f407c9b3d
950cb52e3a1446d9af98 4fd54063e8fe4e6591e3 950cb52e3a1446d9af98
00ab75eeae43479b93a1 ac82fe0455c04a6fbc21 00ab75eeae43479b93a1
d8c441caf295405aaf52 d8c441caf295405aaf52
c0dbf396a3c644f697c5 113cbb314b8c423e99ac
e9189c39d6f9459fb82b e9189c39d6f9459fb82b
36411ecb5b7b4ec3a8e2 3b86319574304aac82c1
4cc41845ed58465488d9 a72944b166b948ed8afb
ce0b9987a99a4073beab 1733e0b32fcb468e9db5 ce0b9987a99a4073beab
53c9cb5cf7384868ac19 e73af41069ed4943a52c
bb70a9f783b44f29aa76 7a06c0a05152448791da
7c1bf490928b4ce8968f f451d0f96c4e44e5a7a2
f911fa4d522a4357aa0b f911fa4d522a4357aa0b
2cc84eddeb0f411a85bd 863d51b71d174e18a8b2
