0 6 102 14 97 100 183 126 144 0 10 3 55 166 42 0 40 174 84 4 59 3 110 176 4 182 68 0 43 0 19 52 66 175 5 0
28
0 185 196 25 83 146 121 187 53 51 132 8 24 21 48 41 76 71 39 151 88 57 116 195 159 22 0 168 134 86
175 175
6 38 172 6 104 26 32 81 115 160 109 23 125 190 62 64 78 30 163 60 114 70 171 77 119 107 113 191 169 58 67 96
66 66
102 162 105 85 103 20 72 37 102
43 43
19 19
14 148 65 14 35 173 93
182 182
84 84
174 174
52 52
176 176
5 5
68 68
59 59
97 56 97
3 3
110 110
40 40
42 42
166 166
183 183 188
144 144
55 55
10 10
126 126
100 100
