2 110 7 63 84 173 128 13 28 137 133 154 185 25 47 25 153 166 121 166 1 51 1 77 23 41 37 167 94 113 109 33 135 113 195 139 84 71 196 95 55 197 164 99 106 9 179 49 11 57 178 23 169 9 2
45
1 1 147 149
185 3 185
154 5 129 155 159
7 7 151
9 9 29
11 11 199
13 13 117
95 15 39 95
139 17 131 139
55 19 55
167 21 79 85 157 167
23 23 61
25 25
63 27 35 63 141
49 31 49 73 93
33 33 101 123
37 37 81 125 127 143
41 41
94 43 145
121 45 53 121 189
47 47 107
51 51
57 57 75
109 59 109
77 65 77 187
84 67
135 69 97 135
71 71
164 83
106 87
137 89 137
169 91 169 181
99 99 105
113 103 113
133 111 133 163 191
110 115 183
153 119 153
2 161
178 165 175
196 171
173 173
28 177 193
179 179
195 195
197 197
