S 3M 3Ea 3Ee 3Ea 3Ed 3Ek 3Ed 3Ea 3Ec 3Ei 3Ec 3Eh 3Ec 3Ea 3M 3Da 3Dd 3Da 3M 3Ca 3Cb 3Cc 3Cb 3Ca 3M 3Bf 3Bi 3Bf 3M 3Af 3Ag 3Aj 3Ag 3Af 3Ab 3Ac 3Ab 3Ad 3Ab 3Ae 3Ab 3Af 3M S 1M 1Ba 1Bb 1Ba 1Bf 1Bi 1Bf 1M 1Ca 1Cb 1Cc 1Cb 1Ca 1M 1Af 1Ag 1Aj 1Ag 1Af 1Ab 1Ac 1Ab 1Ad 1Ab 1Ae 1Ab 1Aa 1M 1Ea 1Ee 1Ea 1M S 2M 2Bf 2Bj 2Bf 2M 2Af 2Ag 2Ah 2Ag 2Ai 2Ag 2Af 2Ab 2Ae 2Ab 2Aa 2M 2Ca 2Cb 2Cc 2Cb 2Ca 2M 2Da 2De 2Da 2M 2Ea 2Ec 2Eh 2Ec 2Ea 2Ed 2Ek 2Ed 2Ea 2Ee 2Ea 2M 2Fa 2Fe 2Fa 2M S 4M 4Af 4Ag 4Ai 4Ag 4Ah 4Ag 4Af 4Ab 4Aa 4M 4Da 4Dd 4Da 4M 4Ea 4Ec 4Eh 4Ec 4Ea 4Ee 4Ea 4M 4Ca 4Cb 4Cc 4Cb 4Ca 4M 4Bf 4Bi 4Bf 4M S
70
1Aa 1Aa
1Ab 1Ab
1Ac 1Ac
1Ad 1Ad
1Ae 1Ae
1Ag 1Ag 1Ah 1Ai
1Aj 1Aj
1Bb 1Bb
1Bf 1Bf 1Bj
1Bi 1Bi
1Ca 1Ca
1Cb 1Cb
1Cc 1Cc 1Cd
1M 1Dd 1De 1Fe
1Ee 1Ee
1Ea 1Eh 1Ei 1Ek
2Aa 2Aa
2Ab 2Ab 2Ac 2Ad
2Ae 2Ae
2Ag 2Ag 2Aj
2Ah 2Ah
2Ai 2Ai
2M 2Bb
2Bf 2Bf 2Bi
2Bj 2Bj
2Ca 2Ca
2Cb 2Cb
2Cc 2Cc 2Cd
2Da 2Dd
2De 2De
2Ee 2Ee
2Eh 2Eh
2Ec 2Ei
2Ek 2Ek
2Fe 2Fe
3M 3Aa 3Bb 3Fe
3Ab 3Ab
3Ac 3Ac
3Ad 3Ad
3Ae 3Ae
3Ag 3Ag 3Ah 3Ai
3Aj 3Aj
3Bf 3Bf 3Bj
3Bi 3Bi
3Ca 3Ca
3Cb 3Cb
3Cc 3Cc 3Cd
3Dd 3Dd
3Da 3De
3Ee 3Ee
3Eh 3Eh
3Ei 3Ei
3Ek 3Ek
4Aa 4Aa
4Ab 4Ab 4Ac 4Ad 4Ae
4Ag 4Ag 4Aj
4Ah 4Ah
4Ai 4Ai
4M 4Bb 4Fe
4Bf 4Bf 4Bj
4Bi 4Bi
4Ca 4Ca
4Cb 4Cb
4Cc 4Cc 4Cd
4Dd 4Dd
4Da 4De
4Ee 4Ee
4Eh 4Eh
4Ec 4Ei
4Ea 4Ek
