0 1 6 11 16 21 24 21 26 32 31 37 36 42 41 44 41 46 51 57 56 61 66 71 72 71 66 61 56 57 51 46 41 42 36 37 31 35 31 32 26 21 16 11 6 1 0 198 197 196 191 192 186 181 176 171 166 167 161 164 161 162 156 151 155 151 156 162 161 167 166 171 176 181 186 192 191 196 197 198 0 1 6 11 16 21 26 32 31 34 31 32 26 21 16 19 16 11 6 1 0 198 197 196 191 193 191 196 197 198 0 1 6 11 16 21 26 32 31 37 36 42 41 46 51 52 51 46 41 42 36 37 31 32 26 30 26 21 25 21 16 11 6 1 0 198 197 196 191 195 191 192 186 181 176 171 166 167 161 162 156 151 146 141 136 131 126 127 126 131 136 141 146 151 156 159 156 162 161 167 166 171 173 171 166 167 161 162 156 151 146 149 146 141 136 131 126 127 121 116 111 112 106 101 96 91 92 86 87 81 76 80 76 81 82 81 87 86 92 91 96 101 106 112 111 116 121 127 128 127 121 116 111 112 106 101 96 91 92 86 87 81 76 71 66 61 56 57 51 46 47 46 41 42 36 37 31 32 31 37 36 42 41 46 51 57 56 61 64 61 56 57 51 46 41 42 36 37 31 32 26 21 16 11 14 11 6 1 0 198 197 196 191 192 186 181 176 171 166 167 161 163 161 167 166 171 176 181 186 192 191 196 197 198 0 1 6 11 16 21 26 32 31 37 36 42 41 46 51 57 56 61 65 61 56 57 51 46 41 42 36 37 31 32 26 21 22 21 26 32 31 37 36 42 41 46 51 57 56 61 66 71 73 71 66 61 56 57 51 46 41 42 36 37 31 32 26 21 16 11 6 1 0
66
57 58
24 24
44 44
131 135
73 73
96 100 99 98 97
6 7
22 22
35 35
86 90
16 17
136 137 139 140 138
72 72
61 63 62
163 163
76 78 79
65 65
101 105 103 102 104
192 192
155 155
164 164 165
14 14
34 34
106 109 107 108
56 60 59
186 189 187
19 19
46 48
111 114 113
42 42
116 118
181 183 184 185
91 95 94
141 144 143 145 142
193 193
52 53 52
81 83 84
37 38
64 64
25 25
176 180 179
30 30 29
126 130 129
195 195
112 112
32 33 32
71 75 74
121 122
166 169 170
66 70 68
151 152 153
1 3
127 127
26 27
162 162
92 93
11 13 12
47 47
87 87
173 173
36 39
159 159
128 128
149 149
80 80
82 82
