BY5DUgv6 UQ4QaUHy 8tOszPqV E85AysUp aPSEsY2w rZiSDNtK UQ4QaUHy Af1jBIly 2mQchaeu B0wYReom FSF4Na2U w3Radp7c ayFODfwg S9dNuWxm rGjz0gOd S9dNuWxm ayFODfwg w3Radp7c FSF4Na2U 2og9s1wD sR6JAufL H8eN9fj5 lvlSObqb CrvusN6e WlxPulQd JMul31yq 7IV7YjRX AMieum8U nKZTEeUl PagRRYIg 1cr6aFpX Rv8rDvqp E85AysUp aPSEsY2w gd207oOq hc6YxxqG QeSUIsQ1 7CrB3pCm tDh0gTYH xTHVuNZl tDh0gTYH 7CrB3pCm yYTqCbSD Y93BYexY ucMA0iSv R4zDiMu3 0zB29H2A OpfVa1HT 8KVhuJvd Ym8LPSnY FPDwKJIj q1vN3eei c9Hgvc9w kkvcm3Qd vVYZOPt6 o1w8sSXK mXjWiYol 1cr6aFpX Rv8rDvqp UQ4QaUHy BY5DUgv6
36
FPDwKJIj FPDwKJIj
AMieum8U iT0t8noc NL9qZEp0 AMieum8U UmgiH1K9
S9dNuWxm S9dNuWxm
8tOszPqV 8tOszPqV
rZiSDNtK rZiSDNtK
xTHVuNZl yqX5KOVJ xTHVuNZl
1cr6aFpX 1cr6aFpX
Rv8rDvqp Rv8rDvqp
mXjWiYol gbolqDJc mXjWiYol 6nj6dyOK UfRMeyI7
JMul31yq JMul31yq
2og9s1wD K3J88UDV 1aJdK4y9 xULc5Xg4
PagRRYIg PagRRYIg
ayFODfwg ayFODfwg
UQ4QaUHy H2BV5cDz
sR6JAufL sR6JAufL 8e8OWOIi
2mQchaeu 2mQchaeu
B0wYReom B0wYReom
nKZTEeUl nKZTEeUl
WlxPulQd g5YhtPSt 8ni5D4t7 WlxPulQd
OpfVa1HT OpfVa1HT
0zB29H2A 0zB29H2A
Af1jBIly Af1jBIly
aPSEsY2w aPSEsY2w
gd207oOq gd207oOq
R4zDiMu3 R4zDiMu3
o1w8sSXK o1w8sSXK
rGjz0gOd rGjz0gOd
QeSUIsQ1 QeSUIsQ1
7IV7YjRX 7IV7YjRX HEJxX3gA 9IHe97Yy
tDh0gTYH tDh0gTYH
CrvusN6e CrvusN6e
lvlSObqb lvlSObqb
q1vN3eei q1vN3eei
hc6YxxqG hc6YxxqG
c9Hgvc9w c9Hgvc9w
ucMA0iSv ucMA0iSv
