ZtfcEeD9 J2tz5Jy2 9OV097CE jc6bXCnq uMuBYvMK SdpsKJEm P0hOEoLv svPb07cv y7NjqOqM CBKWpDQv gX4kBNm4 oECxPSEB RleTQaHw VDai7XkI hBRDGWam VDai7XkI NSdaWdL7 SG64DwCC VDai7XkI bJ22zvWV yRH0nOtz 7P5zi9hu Tb8W969R xkCjqYXa 1gtWVzKV nDVKj516 bUsapUoo aSd01nMZ 3L2NkWiR zpLQ0R0G cZyhnB0I 0PR6ikBf xRPgtW5C kTn5Wdms xRPgtW5C 0PR6ikBf cZyhnB0I 3MYamZSb d4U8kEOb APMxsbBa 2KepLMXB J2tz5Jy2 LvdUl8D5 d5gzYuse xzWL2Pp8 IZjIq9He RjDUex61 lqKnzPvP ZS8CQaI7 EEVF7P1A R2FCohpD wd6UNY9N 12RjOKOH 62Mn9lau 12RjOKOH wd6UNY9N R2FCohpD EEVF7P1A ZS8CQaI7 lqKnzPvP RjDUex61 VqqukjeY ntaFp6yn 1FIjcsO2 uYGlfCi2 sFR9mcaG miUcr0K7 eHAI1Emd 8avKqSxh eHAI1Emd miUcr0K7 4pgwpiHi CxnbNU8s eJJL3lWa YWqBlkAs eJJL3lWa CxnbNU8s 4pgwpiHi miUcr0K7 4pgwpiHi gKOyNQPh aWGQETjI mlHu9OVg ZS8CQaI7 lqKnzPvP RjDUex61 IZjIq9He xzWL2Pp8 B65DnegI iF2sCG7R h4MzKYRp aACN5TTZ EB4WBsTV ca785uLx mrK2EXuk VDai7XkI xRPgtW5C 0PR6ikBf cZyhnB0I ijk5cHsH 1dr1nBQ7 EJI0xPm2 sAdwIwgI OEs82oEQ NgGjr3Ik qnVestAH PLFYaVF6 FdbcCrtB GZiGmLq9 fa3ra0T7 Ah46Ofm8 O5yBujnu v654W2Kr xI4hMIxA w0QWGw2L n0riP8Jl 0MyIUMFM AmaYXBsi 0MyIUMFM n0riP8Jl w0QWGw2L xI4hMIxA v654W2Kr O5yBujnu WvzZeqnS IdGLl1to PMzcqvQL W7b2i2pG BkhTgoaJ CIF8DWXL yWlzbESz oqraQ3aF NBKhkccj rbWYBihd nFqouQp3 6MPulFAv ZtfcEeD9
62
ZtfcEeD9 Fj27Gybu KZzTlcqA aDGqWHym TNblhkGK ZtfcEeD9 lWuh5cH8 FqE4GP0Y yptfWPBC HTyyntxa Wznv2rRv VgwgAKMz
YWqBlkAs 43ehQX6O zvH4AKmS YWqBlkAs
nFqouQp3 nFqouQp3
8avKqSxh 04vrMVdi 8avKqSxh
Ah46Ofm8 X4DALK1Z OJgw7XgR Rd2M5nw8
J2tz5Jy2 J2tz5Jy2 8Rfeklr1
bJ22zvWV bJ22zvWV
O5yBujnu O5yBujnu
RleTQaHw RleTQaHw
FdbcCrtB FdbcCrtB
SG64DwCC SG64DwCC U7cZo0h2 91Uq51QB wusYsf5E
mlHu9OVg wZJN4OBT kMauNR5Y EAWv9kfQ mlHu9OVg
EB4WBsTV EB4WBsTV
ijk5cHsH 8LVjFaQv ijk5cHsH
svPb07cv svPb07cv
ca785uLx ca785uLx
xRPgtW5C xRPgtW5C
NSdaWdL7 dzvtjag1 Q7hUKAHQ NSdaWdL7
CBKWpDQv CBKWpDQv
hBRDGWam Pz0LLMil hBRDGWam
rbWYBihd rbWYBihd
7P5zi9hu 7P5zi9hu
d5gzYuse d5gzYuse
LvdUl8D5 LvdUl8D5
AmaYXBsi NpH6Hpsr jKNn1ZQ1 AmaYXBsi
PMzcqvQL PMzcqvQL
qnVestAH qnVestAH
gKOyNQPh BOlNhFGU gKOyNQPh
kTn5Wdms FGbFUcoj kTn5Wdms poaWnZDO
ntaFp6yn ntaFp6yn
CIF8DWXL CIF8DWXL
1gtWVzKV 1gtWVzKV
oECxPSEB eF0ueRyu
mrK2EXuk WOCLylig mrK2EXuk
B65DnegI B65DnegI
aSd01nMZ aSd01nMZ
RjDUex61 RjDUex61
VDai7XkI 7Xy44hse tCAdUY4B JfDq1Cs2 mSd4Nw6v
sFR9mcaG eFJgi8X6 sFR9mcaG
Tb8W969R Tb8W969R
xzWL2Pp8 xzWL2Pp8
62Mn9lau o4xf7nVd 62Mn9lau
W7b2i2pG W7b2i2pG
1dr1nBQ7 1dr1nBQ7
2KepLMXB 2KepLMXB
uMuBYvMK uMuBYvMK
gX4kBNm4 gX4kBNm4
0MyIUMFM ciNFdHxl 0MyIUMFM
lqKnzPvP lqKnzPvP
w0QWGw2L w0QWGw2L
IdGLl1to IdGLl1to
miUcr0K7 miUcr0K7
fa3ra0T7 fa3ra0T7
PLFYaVF6 PLFYaVF6
zpLQ0R0G zpLQ0R0G
aWGQETjI aWGQETjI
yRH0nOtz yRH0nOtz
y7NjqOqM y7NjqOqM
xkCjqYXa CGddIqkC
ZS8CQaI7 ZS8CQaI7
3MYamZSb 3MYamZSb
CxnbNU8s CxnbNU8s
