93 87 24 4 62 87 14 126 98 176 90 34 56 22 41 171 41 121 108 116 91 57 172 26 163 31 139 119 115 61 176 147 130 136 24 77 164 14 26 125 151 68 169 44 95 82 59 72 131 33 122 56 174 93
42
119 1 86 119
95 2 73 95
4 4 76
14 14 99
62 18 46 62 70 80 138 146 157
26 19 26
169 20 155 169
24 24
172 27 101 172
34 34
33 36 109
131 38 129 131
108 39 64 108 170
91 40 47 91 110 154
164 43 49 81 117 137 161 168
82 51 63 82
31 52
125 53 125 141
56 56
57 57 67
61 61 79
126 65
87 66 87
72 72
130 74 75 102 130
77 77 143 165
116 84 116
90 90
98 98
44 105 124
139 111
115 115
121 121
122 122
136 136 177
22 140
147 147
151 151
163 163
171 171
174 174
176 176
