Dannemora Hamburg Flower Herricks Depew Herricks Delmar Germantown Galeville Germantown Dexter Gowanda Fredonia Depauville Ghent Glenwood Fabius Fonda Freeport Herkimer Fayetteville Herkimer Freeport Oceanside Flower Hamburg Odessa Forest Norwich Freeville Farnham Florida Farmingville Harrisville Harrison Friendship Gardiner Fulton Fairport Geneva Hancock Flower Hamburg Dannemora
29
Galeville Dansville Davis Delevan Fishkill Galeville
Florida Deer Florida
Germantown Deferiet Germantown
Fulton Delanson Fulton
Freeville Delhi Freeville
Delmar Delmar Frankfort
Depauville Depauville
Depew Depew
Herricks Deposit
Hamburg DeRuyter Franklin
Dexter Dexter Fairmount
Odessa Dunkirk Flanders Frewsburg
Dannemora Earlville Fire
Fabius Fabius
Oceanside Fair Gasport
Fairport Fairport
Geneva Fairview Geneva
Gardiner Falconer Gardiner
Farmingville Farmingville Firthcliffe
Farnham Farnham
Fayetteville Fayetteville
Forest Fishers Forest
Fonda Fleischmanns Fonda
Flower Flower
Freeport Forestville Freeport
Gowanda Franklinville
Fredonia Fredonia
Friendship Friendship
Ghent Ghent
