Acton Carlsbad Concow Carrick Alameda Berkeley Auburn Ceres Bloomington Cupertino Auberry Corona Aptos Cerritos Broadmoor Amesti Cabazon Crockett Calipatria Escalon Alpaugh Benicia Beaumont Calabasas Brentwood Biola Arbuckle Blythe Esparto Alamo Avalon Columbia Alpine Columbia Carpinteria Gardena Campbell Arnold Bradley Caruthers Covelo Foresthill Altadena Foresthill Covelo Cartago Bodfish Cotati Boron Cotati August Fresno Artesia Bell Cerritos Bluewater Antioch Carson Bishop Brea Azusa Beckwourth Calistoga Belvedere Arcadia Burbank Camarillo Burbank Brisbane Belmont Cambria Cayucos Cambria Almanor Brawley Biggs Byron Fellows Bradbury Bakersfield Bradbury Adelanto Clayton Arcata Belden Alhambra Ashland Alhambra Burlingame Ducor Bayview Albany Escondido Atwater Emeryville Folsom Caribou Anderson Calexico Blairsden Atherton Blairsden Calexico Florin Alturas Florin Bootjack Aromas Davis Calimesa Barstow Capitola Avery Chowchilla Avenal Fortuna Calwa Anaheim Bystrom Buttonwillow Bowles Buttonwillow Boronda Clyde Bonsall Atascadero Angwin Bolinas Bellflower Carlsbad Acton
94
Adelanto Adelanto
Alameda Alameda
Alamo Alamo
Albany Albany
Alhambra Alhambra
Almanor Almanor
Alpaugh Alpaugh
Alpine Alpine
Altadena Altadena
Alturas Alturas
Amesti Amesti
Anaheim Anaheim
Anderson Anderson
Angwin Angwin
Antioch Antioch
Aptos Aptos
Arbuckle Arbuckle
Arcadia Arcadia
Arcata Arcata
Berkeley Armona Berkeley
Arnold Arnold
Aromas Aromas
Artesia Artesia
Cayucos Arvin Cayucos
Ashland Ashland
Atascadero Atascadero
Atherton Atherton
Atwater Atwater
Auberry Auberry
Auburn Auburn
August August Castroville
Avalon Avalon
Avenal Avenal
Avery Avery
Azusa Azusa
Bakersfield Bakersfield Burney Canyondam
Fresno Banning
Barstow Barstow
Bayview Bayview
Beaumont Beaumont
Beckwourth Beckwourth
Belden Belden
Bell Bell
Bellflower Bellflower
Belmont Belmont
Belvedere Belvedere Bonita
Benicia Benicia
Biggs Biggs
Biola Biola
Bishop Bishop
Blairsden Blairsden
Bloomington Bloomington
Bluewater Bluewater
Blythe Blythe
Bodfish Bodfish
Bolinas Bolinas
Bonsall Bonsall
Bootjack Bootjack
Boron Boron
Boronda Boronda
Bowles Bowles
Bradbury Bradbury
Bradley Bradley
Brawley Brawley
Brea Brea
Brentwood Brentwood
Brisbane Brisbane
Broadmoor Broadmoor
Burbank Burbank
Burlingame Burlingame
Buttonwillow Buttonwillow
Byron Byron
Bystrom Bystrom
Cabazon Cabazon
Calabasas Calabasas
Calexico Calexico
Calimesa Calimesa
Calipatria Calipatria
Calistoga Calistoga
Calwa Calwa
Camarillo Camarillo
Cambria Cambria
Campbell Campbell
Capitola Capitola
Caribou Caribou
Carlsbad Carlsbad
Cupertino Carmichael
Carpinteria Carpinteria
Carrick Carrick
Carson Carson
Cartago Cartago
Caruthers Caruthers
Ceres Ceres
Cerritos Cerritos
