Acadia Guadalupe Sequoia Arches Sequoia Guadalupe Acadia Tortugas Gunnison Basin Badlands Clark Canyonlands Clark Cuyahoga Congaree Caverns Rocky Crater Shenandoah Haleakala Teddy Denali Katmai Gunnison Tortugas Acadia Guadalupe Isle Teton Gateway Channel Cuyahoga Biscayne Acadia Capitol Acadia
19
Arches Arches
Badlands Badlands
Gunnison Bend Gunnison Glacier
Biscayne Biscayne
Canyonlands Brycecanyon Canyonlands
Capitol Capitol
Caverns Caverns
Channel Channel Smoky Indiana
Congaree Congaree Everglades
Crater Crater
Cuyahoga Cuyahoga
Denali Denali
Tortugas Tortugas
Gateway Gateway
Teton Teton
Basin Basin
Guadalupe Guadalupe
Haleakala Haleakala
Isle Isle
