0a 0b 0a 0d 0e 0h 0i 0l 1a 1d 1e 1g 1e 1h 1i 1j 1i 1l 2a 2d 2e 2h 2i 2l 3a 3d 3e 3g 3e 3h 3i 3k 3i 3l 4a 4d 4e 4h 4i 4l 5a 5d 5e 5h 5i 5l 6a 6d 6e 6h 6i 6l 7a 7b 7c 7a 6l 6i 6h 6e 6d 6a 5l 5i 5k 5i 5l 6a 6d 6e 6h 6i 6j 6i 6l 7a 7d 7e 7h 7i 7l 0a 0d 0e 0h 0i 0l 1a 1d 1e 1h 1i 1l 2a 2d 2e 2g 2f 2e 2d 2a 1l 1i 1h 1e 1d 1a 1b 1a 0l 0i 0h 0e 0f 0e 0d 0a
33
0b 0b 0c
0f 0f
0e 0g
0i 0j 0k
1b 1b 1c
1e 1f
1g 1g
1j 1j
1i 1k
2a 2b 2c
2f 2f
2g 2g
2i 2j 2k
3a 3b 3c
3e 3f
3g 3g
3i 3j
3k 3k
4a 4b 4c
4e 4f 4g
4i 4j 4k
5a 5b 5c
5e 5f 5g
5i 5j
5k 5k
6a 6b 6c
6e 6f 6g
6j 6j
6i 6k
7b 7b
7c 7c
7e 7f 7g
7i 7j 7k
