0a 0b 0a 0d 0e 0h 0i 0l 1a 1d 1e 1h 1i 1j 1i 1l 2a 2b 2a 2d 2e 2h 2i 2l 3a 3d 3e 3h 3i 3l 4a 4d 4e 4h 4i 4l 5a 5c 5a 5d 5e 5g 5e 5h 5i 5l 6a 6d 6e 6g 6e 6h 6i 6l 7a 7d 7e 7g 7e 7h 7i 7l 8a 8d 8e 8h 8i 8l 9a 9d 9e 9h 9i 9j 9k 9i 9l 10a 10d 10e 10g 10e 10h 10i 10l 11a 11d 11e 11g 11e 11h 11i 11l 12a 12d 12e 12h 12i 12l 13a 13d 13e 13h 13i 13l 14a 14c 14a 14d 14e 14h 14i 14j 14i 14l 15a 15d 15e 15h 15i 15k 15i 15h 15e 15d 15a 15c 15b 15a 14l 14i 14h 14e 14d 14a 13l 13i 13h 13e 13d 13a 12l 12i 12h 12e 12d 12a 12c 12a 12d 12e 12h 12i 12j 12i 12h 12e 12d 12a 11l 11i 11h 11e 11d 11a 10l 10i 10h 10e 10f 10e 10d 10a 10b 10a 9l 9i 9h 9e 9d 9a 8l 8i 8k 8i 8h 8e 8g 8e 8d 8a 7l 7i 7h 7e 7d 7a 6l 6i 6h 6e 6d 6a 5l 5i 5j 5k 5i 5h 5e 5d 5a 4l 4i 4h 4e 4f 4e 4d 4a 3l 3i 3k 3i 3h 3e 3d 3a 2l 2i 2h 2e 2d 2a 1l 1i 1h 1e 1d 1a 0l 0i 0h 0e 0f 0e 0d 0a 0c 0a
66
0b 0b
0c 0c
0f 0f
0e 0g
0i 0j 0k
1a 1b 1c
1e 1f 1g
1j 1j
1i 1k
2b 2b 2c
2e 2f 2g
2i 2j 2k
3a 3b 3c
3e 3f 3g
3i 3j
3k 3k
4a 4b 4c
4f 4f
4e 4g
4i 4j 4k
5c 5b 5c
5e 5f
5g 5g
5j 5j
5k 5k
6a 6b 6c
6e 6f
6g 6g
6i 6j 6k
7a 7b 7c
7e 7f
7g 7g
7i 7j 7k
8a 8b 8c
8e 8f
8g 8g
8i 8j
8k 8k
9a 9b 9c
9e 9f 9g
9j 9j
9k 9k
10b 10b 10c
10f 10f
10g 10g
10i 10j 10k
11a 11b 11c
11e 11f
11g 11g
11i 11j 11k
12c 12b 12c
12e 12f 12g
12j 12j
12i 12k
13a 13b 13c
13e 13f 13g
13i 13j 13k
14c 14b 14c
14e 14f 14g
14j 14j
14i 14k
15b 15b
15c 15c
15e 15f 15g
15i 15j
15k 15k
