6 13 12 10 12 13 20 27 34 41 39 41 48 47 48 55 62 61 62 69 67 64 67 69 76 75 76 83 90 97 96 94 96 97 104 103 104 111 109 106 109 111 118 116 112 116 118 125 132 139 146 145 146 153 152 149 152 153 160 158 155 158 160 167 166 167 174 172 169 172 174 181 179 181 188 195 6
50
6 6 2 1
10 10
12 12
13 11
20 19 17 18
27 27 25 22
34 31 30 32
41 38 41
39 39
47 44 47
48 43
55 50 51 53
61 61
62 60 62
64 64
69 69 65
76 76 74
75 75
83 83 77 80
90 90 87 88
96 96
97 91
94 94
103 101 100 103
111 110
106 106
109 105
116 116
118 115
112 112
125 124 120 122
132 128 129 126
139 136 134 133
146 140
145 145 142
152 150
153 148
149 149
155 155
160 160
158 154
167 165 161
166 166
174 174
172 172
169 169
179 179
181 177 181
188 182 184 186
195 194 189 190
