0 63 143 185 186 188 177 156 196 193 175 157 158 159 162 168 112 58 55 104 95 94 36 33 31 92 150 90 149 178 173 172 124 115 62 3 76 77 28 19 15 0
41
3 3 4 12 13
15 6 15
19 8 19
0 11
28 17 27 28
31 20 22 30 31 40
33 24 33 43
36 26 35 36 46
55 45 54 55 56
58 47 58
62 51 52 62
77 57 77 87 89
63 63 64 73
76 66 75 76
90 80 90
92 82 91 92
94 84 94
95 85 95 105
104 104 114
115 107 115 126
112 111 112 123
149 119 138 139 149
124 124 135
143 132 143
157 137 147 157
158 148 158
150 150 151
156 155 156
159 159
162 161 162
177 167
168 168
172 171 172 180
173 173
175 174 175
178 178
185 184 185
186 186
188 188
193 192 193
196 196
