Loc2 Loc8 Loc55 Loc71 Loc59 Loc75 Loc79 Loc9 Loc44 Loc53 Loc99 Loc86 Loc21 Loc7 Loc21 Loc92 Loc68 Loc40 Loc96 Loc26 Loc68 Loc52 Loc42 Loc10 Loc2
22
Loc68 Loc1 Loc46
Loc99 Loc3 Loc6 Loc19 Loc66 Loc80 Loc90
Loc53 Loc4 Loc32 Loc45 Loc53
Loc8 Loc8 Loc64
Loc9 Loc9
Loc10 Loc10
Loc44 Loc11
Loc2 Loc13 Loc27 Loc43 Loc56 Loc82
Loc96 Loc14 Loc24 Loc54 Loc67
Loc86 Loc15 Loc86
Loc42 Loc16 Loc41 Loc74
Loc59 Loc17 Loc34 Loc91
Loc55 Loc22
Loc26 Loc26 Loc28
Loc79 Loc35
Loc40 Loc40
Loc52 Loc52
Loc92 Loc58 Loc60 Loc92
Loc71 Loc71
Loc21 Loc73 Loc77
Loc75 Loc75
Loc7 Loc7 Loc0 Loc48
