Loc1 Loc0 Loc134 Loc188 Loc56 Loc144 Loc162 Loc57 Loc100 Loc119 Loc118 Loc93 Loc197 Loc186 Loc14 Loc187 Loc62 Loc112 Loc109 Loc117 Loc27 Loc86 Loc183 Loc22 Loc67 Loc10 Loc46 Loc24 Loc159 Loc191 Loc97 Loc29 Loc167 Loc80 Loc61 Loc113 Loc151 Loc59 Loc151 Loc113 Loc143 Loc10 Loc95 Loc138 Loc9 Loc56 Loc122 Loc43 Loc107 Loc10 Loc140 Loc58 Loc91 Loc1
45
Loc0 Loc0
Loc22 Loc3 Loc53 Loc153
Loc162 Loc5 Loc17 Loc37 Loc54 Loc154 Loc172
Loc191 Loc6 Loc145
Loc14 Loc7 Loc14
Loc93 Loc8 Loc11 Loc33 Loc60 Loc133 Loc141
Loc9 Loc9
Loc143 Loc13 Loc143
Loc46 Loc15 Loc46
Loc1 Loc16 Loc30 Loc71
Loc24 Loc18 Loc76
Loc56 Loc19 Loc110 Loc177 Loc180 Loc195
Loc197 Loc20 Loc44 Loc132 Loc197
Loc95 Loc23 Loc32 Loc95 Loc124
Loc97 Loc25 Loc97 Loc175
Loc27 Loc27
Loc57 Loc31 Loc57
Loc119 Loc38 Loc103 Loc189 Loc192
Loc100 Loc39 Loc100
Loc58 Loc50 Loc75 Loc85 Loc129 Loc149
Loc117 Loc51 Loc83 Loc163 Loc176
Loc113 Loc52 Loc74 Loc77
Loc61 Loc61
Loc62 Loc62
Loc112 Loc65 Loc160 Loc170
Loc67 Loc67
Loc91 Loc91 Loc94 Loc111 Loc128
Loc186 Loc96
Loc187 Loc99 Loc182
Loc118 Loc101 Loc118
Loc134 Loc106
Loc107 Loc107
Loc109 Loc109
Loc122 Loc122
Loc10 Loc137
Loc140 Loc140
Loc144 Loc144
Loc86 Loc147
Loc159 Loc159
Loc167 Loc167
Loc138 Loc168 Loc190
Loc183 Loc171 Loc183
Loc188 Loc188
Loc151 Loc151
Loc59 Loc59 Loc123
