pace shiver shy nationalist thumb enhance legislation sign romantic straighten quality headline quality straighten romantic dialogue prison solve winner solve prison dialogue tool glasses autonomy miserable market chair brake mature pig pain demand page lake discriminate stroke throne mystery stress coast dough enhance respect audience injury disclose skeleton understand figure understand paper deposit honor deposit title sunrise seize due guarantee king pace
39
shy shy
deposit swear
dough dough linger
pain pain
guarantee buffet guarantee
mystery circulation other enter mystery
disclose class exclusive
nationalist nationalist
tool tool
honor honor
prison prison
page imposter page
stroke rob
sunrise sunrise
pace voice
winner winner vegetarian
solve tolerate
lake lake
headline headline
throne throne
seize seize
glasses glasses
paper paper
stress tablet
legislation legislation
enhance enhance
quality quality
injury injury
respect bitter financial
shiver dip
figure figure
autonomy autonomy output
dialogue likely
demand demand cigarette
thumb thumb
brake brake
title title
king king
sign sign
