pace other quadruple ask enemy stress enemy control beg ex teacher hospitality terms thumb terms deter identity coincide dive view compromise drawer chew offset chew curriculum bleed smile headline smile bleed environment interface electronics swop joystick bowel brake scheme brake nationalist acceptance nationalist page mature native development skeleton development confrontation forge excuse rob demand feature write lake begin greeting decisive tolerate injury flag home dialogue cotton lifestyle election buffet pipe buffet exempt dramatic opposed dip exclusive vegetarian exile vegetarian linger dough physics note tablet imposter driver banana widen error interactive notebook fortune financial injection desk spoil desk enemy illusion joint output joint single country knot country triple candle dialogue rage bitter coffin attraction guarantee pardon chair respect throne structure shiver ignore due ignore audience ignore liver tool railcar tool swear coast profound paper autonomy quality boom winner virgin winner assignment expression straighten pig pier approval rent atmosphere viable likely comfortable likely other pace
99
exclusive exclusive
identity identity
injection injection
vegetarian market
acceptance acceptance
exempt exempt
coffin coffin
begin begin
teacher teacher
autonomy autonomy
development development
drawer drawer
control control
swop swop
stress stress
audience audience
injury injury
deter deter
environment environment
virgin virgin
tablet tablet
output output
dip dip
thumb thumb
structure structure
buffet buffet
viable viable
dough dough
assignment assignment
coincide coincide
atmosphere atmosphere
cotton cotton
triple triple
mature mature
pig pig
spoil spoil
profound profound
curriculum curriculum
widen widen
dive dive
shiver shiver
smile smile
note note
flag flag
physics physics
driver driver
railcar railcar
financial mercy financial
error error
throne throne
decisive decisive
candle candle
illusion illusion
headline headline
rob rob
scheme scheme
offset offset
knot knot
country country
comfortable comfortable
native native
skeleton skeleton
rent rent
guarantee guarantee
coast coast
interface interface
electronics electronics
other other
confrontation confrontation
exile exile
pace pace
ask ask
imposter imposter
enemy enemy
straighten straighten
quadruple quadruple
liver liver
pardon pardon
due due
likely likely
bowel bowel
home home
lifestyle lifestyle
ignore ignore
interactive interactive
respect respect
swear swear
chair chair
page page
boom boom
greeting greeting
attraction attraction
forge forge
rage rage
election election
excuse excuse
tool tool
feature feature
pipe pipe
