pace exclusive output injury skeleton injury pier gate tablet approval prison honor prison enter thumb exempt thumb guarantee page likely circulation likely market mixture voice due excuse due audience headline brake opposed brake nationalist feature nationalist pace
23
enter deposit enter
exempt exempt
gate gate
audience audience
headline headline
honor honor
brake brake
likely likely king
market market
mixture mixture
exclusive throne
circulation circulation
feature feature
output output
nationalist nationalist
voice voice
opposed opposed
excuse excuse
guarantee guarantee
page page
injury injury
approval approval
skeleton skeleton
