9iIwk 5R5Xa rrNj1 Esl6u fS0W8 k64Ok ZgtaX JgjFI ZgtaX k64Ok fS0W8 Esl6u rrNj1 0mah3 ChXAd 9iIwk jASvw oqPYQ jASvw 1xmtC Mj2eQ ZzWHp MA43U jYfXn RKW0P aHGHb WGJpQ aHGHb LJqKh 5VT1H WJNpN YH6mk 5ioW1 Be0ab XZKtP 5ioW1 YH6mk WJNpN 1uRw3 Ri2t4 1uRw3 QVYVG LZomt QVYVG HOs1b jT5CK 5BDPJ jT5CK 6EWVx 9iIwk
28
5VT1H 5VT1H
jT5CK jT5CK
XZKtP bXinH XZKtP dw7aX
1xmtC qkJ6b XYzcU 1xmtC
YH6mk Y7IDR YH6mk 4a0W8
WJNpN AgYPL tnjfN
WGJpQ vE0Pj WGJpQ
5R5Xa 5R5Xa
ZzWHp iEXNY ZzWHp
1uRw3 1uRw3 jAwQw
ChXAd 1eRkH ChXAd
ZgtaX veOJ7 pXCjI Vake4 iCgvV ZgtaX
Ri2t4 Ri2t4 y89SK
jYfXn jYfXn
Mj2eQ Mj2eQ
9iIwk h2rea 9iIwk
jASvw jASvw
5ioW1 5ioW1
LZomt SgDk6 LZomt
JgjFI JgjFI
oqPYQ 0GdkR oqPYQ
fS0W8 fS0W8 p9vQm
Be0ab Be0ab
aHGHb kmzhT aHGHb
LJqKh 1pxZM
k64Ok BnAjj
QVYVG 7G74f RhUVQ
5BDPJ 5BDPJ
