HAZtD 4Eg1F wnnBN Cg1yP J0OP0 F7CZj RN9nS CXkxa Lusir CXkxa ED9em 5h4rt ED9em CXkxa 3NU9e GxQg8 lJnz7 1gvq4 rH3nx acHTt cpzS8 p3gJd DaieK uPUO1 DaieK p3gJd cC0Rg gpbSj u60s4 Zxvdf u60s4 9cp56 0F8yg 4PSW9 zcuSA jyRQW Xqwfz pLg86 7kY28 URrao fiXIW 7kY28 IOpdQ BaYb3 1VA1I Zok18 1VA1I BaYb3 SxklZ VESmp SxklZ rVnMc OWqP4 6owsT iimZq GUEko 0moVI Pk19A HAKlt iimZq qz2Of 8Qx0C iPRoT Q8lcd GaZ4O H1xt8 o2JtM e7SjH 2LhKB e7SjH DuU0x BIY9X DuU0x e7SjH E6pda xKTIz RkCLD SfSL1 bMhFI lF8gH CHx6u rmW0U HOuAL rmW0U 9tf0w rmW0U GrnJ7 iaaYU GrnJ7 iIQll p4kTx iIQll Vg6Sz iIQll GrnJ7 v9joy UbqWX GrnJ7 gNinx DmTRc 4jcrD DmTRc tgL8p 0FMEI 2GCiD 0FMEI R6NzB v0WXM iHR3J ZKvNM TzGS5 ZKvNM SE1WY fWz4T EgumV UQeyk kjZGl kNG2j AwFdf 2zHfe fExZu v7hOX SEkfX b9v0q VG4na Agb0E eVDVP Ia6ul kvy7i Q5zY0 69WZh ox9Gx 15wtn wedr3 zrVPv 69WZh mdIe6 69WZh jesVt 4AhmX cu5FB 93R2m C4biR aegld O8CwF TlJnt O8CwF XbFfE aWuHk mJExt iqOI4 UqGfS Ssao4 UqGfS X2hjX vfAR8 bW6Ms vfAR8 EyMEe z82fM kPB79 4PXv9 kPB79 4Tt2a kPB79 6gp0A HAZtD
97
pLg86 pLg86
p4kTx p4kTx
kNG2j kNG2j
aWuHk aWuHk
uPUO1 uPUO1
4AhmX 4AhmX
bMhFI bMhFI
7kY28 7kY28
HOuAL HOuAL
Zok18 Zok18
Zxvdf Zxvdf
cu5FB cu5FB
0moVI 0moVI
VG4na VG4na
UqGfS UqGfS NqBQW
xKTIz xKTIz
z82fM z82fM
iIQll iIQll
OWqP4 OWqP4
URrao URrao
DuU0x DuU0x
zrVPv zrVPv
Agb0E WVEjT Agb0E
DaieK DaieK
RN9nS RN9nS
R6NzB R6NzB
TzGS5 TzGS5
Pk19A Pk19A
4Tt2a 4Tt2a
5h4rt 5h4rt
SEkfX SEkfX
4jcrD 4jcrD
cC0Rg cC0Rg
vfAR8 vfAR8
gNinx gNinx
Q8lcd Q8lcd
iHR3J iHR3J
GxQg8 GxQg8
HAKlt HAKlt
2LhKB 2LhKB
fExZu fExZu
jesVt jesVt
4PXv9 4PXv9
O8CwF O8CwF
CHx6u CHx6u
fWz4T fWz4T
BIY9X BIY9X
9tf0w 9tf0w
H1xt8 H1xt8
1gvq4 1gvq4
J0OP0 J0OP0 iKwe0
bW6Ms bW6Ms
lJnz7 lJnz7
mdIe6 mdIe6
1VA1I 1VA1I
X2hjX X2hjX
SxklZ SxklZ
aegld aegld
AwFdf AwFdf
eVDVP eVDVP
ox9Gx ox9Gx
VESmp VESmp
v7hOX v7hOX
p3gJd p3gJd
Ia6ul Ia6ul
E6pda E6pda
0F8yg 0F8yg
acHTt acHTt
iimZq iimZq
6owsT 6owsT
wnnBN wnnBN
UbqWX UbqWX
Vg6Sz Vg6Sz
9cp56 5EAEu
zcuSA zcuSA
cpzS8 cpzS8
IOpdQ IOpdQ
Lusir Lusir
iqOI4 iqOI4
BaYb3 BaYb3
EgumV EgumV
Ssao4 Ssao4
rH3nx rH3nx
8Qx0C 8Qx0C
TlJnt TlJnt
wedr3 wedr3
69WZh 69WZh
ED9em ED9em
fiXIW fiXIW
gpbSj gpbSj
DmTRc DmTRc
2GCiD 2GCiD
v9joy v9joy
iaaYU iaaYU
lF8gH lF8gH
Cg1yP Cg1yP
u60s4 u60s4
