3Yw8H cvjQc JYR5M cvjQc CmuV1 zSmKp QUkKU BSqOv x5InZ 5PNx4 x5InZ P18zR BSqOv 9e1Io s8jhm 5ayvc OhHc9 5ayvc s8jhm w0i4E s8jhm RTNKK Vm2RV Tz4zy fEdtk Z7joj M5wZP Z7joj EQJ7U 8MJwv TT3Hk iaf34 EQJ7U vN0gV EvuAH miscC ycoh0 hQySr xNFYO 3Yw8H
24
8MJwv 8MJwv
ycoh0 ycoh0
JYR5M JYR5M
vN0gV vN0gV
miscC miscC
w0i4E w0i4E
Vm2RV Vm2RV
EvuAH EvuAH
BSqOv BSqOv
xNFYO xNFYO KHHwN
Z7joj Z7joj
QUkKU QUkKU
P18zR P18zR
OhHc9 OhHc9
M5wZP M5wZP
TT3Hk TT3Hk
9e1Io 9e1Io
5PNx4 5PNx4
zSmKp zSmKp
iaf34 iaf34
Tz4zy Tz4zy
cvjQc cvjQc
3Yw8H 3Yw8H
RTNKK RTNKK
