location1 location101 location100 location103 location106 location109 location110 location113 location116 location119 location116 location117 location116 location55 location83 location86 location89 location88 location91 location94 location97 location96 location99 location102 location58 location59 location56 location57 location54 location51 location19 location18 location21 location24 location27 location26 location29 location30 location33 location32 location35 location38 location41 location40 location43 location44 location47 location50 location11 location8 location5 location2 location130 location131 location132 location135 location136 location139 location142 location145 location144 location147 location146 location149 location146 location143 location140 location137 location20 location17 location86 location87 location171 location168 location165 location162 location159 location156 location153 location150 location151 location49 location133 location130 location127 location124 location31 location28 location25 location68 location67 location66 location69 location66 location179 location176 location175 location172 location169 location71 location72 location75 location76 location79 location82 location85 location82 location81 location14 location15 location12 location9 location6 location7 location4 location1
81
location1 location1
location26 location3
location5 location5
location7 location7
location9 location9
location11 location11
location14 location13
location15 location15
location17 location17
location19 location19
location21 location21
location24 location23
location25 location25
location27 location27
location29 location29
location31 location31
location33 location33
location35 location35
location38 location37 location39
location41 location41
location43 location43 location73
location44 location45
location47 location47
location49 location49
location51 location51 location177
location56 location53
location55 location55
location57 location57
location59 location59
location58 location61
location66 location63
location68 location65
location67 location67
location69 location69
location71 location71
location75 location75
location76 location77
location79 location79
location81 location81
location83 location83
location85 location85
location87 location87
location89 location89
location91 location91
location94 location93 location95
location97 location97
location99 location99
location101 location101
location103 location103
location106 location105 location107
location109 location109
location110 location111
location113 location113
location116 location115
location117 location117
location119 location119
location124 location121 location123 location125
location127 location127
location130 location129
location131 location131
location133 location133
location135 location135
location137 location137
location139 location139
location142 location141
location143 location143
location145 location145
location147 location147
location149 location149
location151 location151
location153 location153
location156 location155 location157
location159 location159
location162 location161 location163
location165 location165
location168 location167
location169 location169
location171 location171
location176 location173
location175 location175
location179 location179
