Abbey Alivia Diana Mira Shyanne Kira Dayami Chasity Allisson Sophie Carolina Mya Adyson Natalee Allisson Mireya Avni Averie Jade Camilla Alivia Neveah Ashleigh Maggie Carly Gillian Parker Aubree Mckayla Dhanya Rylee Kendal Arielle Matilda Lindsay Abbey Kristin Bryanna Kristina Lucille Ingrid Noelle Jasmin Kimberly Iyana Angel Lilia Jazmyn Laylah Kiana Aryana Janiya Alexia Carleigh Aniya Jamiya Carly Juliette Joanna Tara Baylee Kaydence Kimberly Jaden Abril Imani Ingrid Haven Carlee Brooklyn Araceli Christine Abbey
56
Abbey Abbey Ashley Denisse Kiley Lainey Nia Zion
Alexia Alexia
Alivia Alexus Alivia Dana Emma Jimena Keyla Madilynn Myah Sophia Zaria
Mira Alia Ciara Claire Jillian Kaley Mira
Aniya Aniya
Chasity Ariel Chasity Lilyana
Arielle Arielle
Aryana Aryana
Aubree Aubree
Avni Avni
Baylee Baylee
Brooklyn Brooklyn
Bryanna Bryanna
Camilla Camilla Carlie
Carlee Carlee
Carleigh Carleigh
Carly Carly
Christine Christine
Dayami Dayami
Diana Diana Emilie Sharon Taniyah
Shyanne Elianna Kenzie Leila Mckinley Shyanne
Gillian Gillian
Haven Haven
Imani Imani
Ingrid Ingrid
Iyana Iyana
Jade Jade
Jaden Jaden
Jamiya Jamiya
Janiya Janiya
Jasmin Jasmin
Jazmyn Jazmyn
Juliette Juliette
Allisson Kayden Riley
Kaydence Kaydence
Kiana Kiana
Kimberly Kimberly
Kira Kira Lacey
Kristin Kristin
Kristina Kristina
Laylah Laylah
Lilia Lilia
Lindsay Lindsay
Lucille Lucille
Maggie Maggie
Matilda Matilda
Mckayla Mckayla
Sophie Melina Sophie
Mireya Mireya Zara
Mya Mya
Natalee Natalee
Neveah Neveah
Noelle Noelle
Parker Parker
Rylee Rylee
Tara Tara
