Taozhuang Chharra Nonsan Uran Pottstown Uran Besuki Artur Villa Memmingen Villa Somma Esmeraldas Chharra Azrou Southsea Freetown Southsea Waverly Vernon Jingzhou Bhit Taozhuang
18
Bhit Gauting Middle Durazno Camayenne Longgang Udumalaippettai
Nonsan Nonsan Rutherglen
Chharra Jackson Esperanza Ilesa Wesseling Ramla Sicklerville
Southsea Kallio Ulu Sarandi Calauan Bang Oulmes
Somma Donggongon Somma
Waverly Strathfield Waverly
Villa Cibinong Villa Rosedale Aytos Rafiganj
Jingzhou Jingzhou
Artur New Alatyr Artur Bourbonnais Hechingen
Azrou Azrou
Uran Fort Gudermes Jinotepe Uran
Esmeraldas Boo Esmeraldas
Vernon Severodvinsk Tupelo Caravaca
Besuki Besuki
Taozhuang Taozhuang
Freetown Freetown
Memmingen Memmingen
Pottstown Pottstown
