Lesnoy GatesNorth Beveren Kundla Beveren Artur Portogruaro Hudiksvall Blackpool Malaut Pingyi Gisborne Franceville Rutherglen Sun Winsford Sungurlu Ishim Visitacion Glogovac Andijon Yangambi Zgorzelec Brentwood Hueytown Lesnoy
23
Hudiksvall Hudiksvall
Rutherglen Rutherglen
Gisborne Dharmapuri Meerut Gisborne
Artur Artur
Kundla Kundla
Visitacion Visitacion
Sun Sun
Zgorzelec Zgorzelec
Ishim Ishim
Malaut Malaut
Pingyi Pingyi
Hueytown Hueytown
Beveren Stade
Sungurlu Sungurlu
Glogovac Glogovac
GatesNorth GatesNorth
Blackpool Blackpool
Lesnoy Lesnoy
Winsford Winsford
Portogruaro Portogruaro
Franceville Franceville
Brentwood Brentwood
Yangambi Yangambi
