1 134 144 131 132 122 120 119 108 110 96 107 72 83 60 74 48 71 36 62 24 59 1 4 142 136 106 124 82 112 70 100 46 40 34 16 10 140 138 137 126 116 114 92 102 89 90 80 78 68 54 65 42 56 30 53 18 44 6 41 3 32 3 29 3 20 3 8 1 47 1 14 1 11 1 2 1
67
2 2
4 4 22 58 94 118 130
142 5 17 28 52 64 76 77 88 101 104 113 125 128 142
6 6
8 8
10 10
11 11
134 12 84 134
14 14
16 16
18 18
20 20
1 23 26 35 38 50 86 95 98 143
24 24
29 29
30 30
32 32
34 34
36 36
40 40
41 41
42 42
44 44
46 46
47 47
48 48
53 53
54 54
56 56
59 59
60 60
62 62
65 65
140 66 140
68 68
70 70
71 71
72 72
74 74
78 78
80 80
82 82
83 83
89 89
90 90
92 92
96 96
100 100
102 102
106 106
107 107
108 108
110 110
112 112
114 114
116 116
119 119
120 120
122 122
124 124
126 126
131 131
132 132
136 136
137 137
138 138
144 144
