steward hide concern perception farewell adult skip tin dose top basketball company childish ballot crew creation skip deck linear scrap exotic basketball battery creation appear minimize pastel childish steward
22
battery battery
appear appear
adult adult
tin think tin
minimize minimize
linear linear
ballot ballot
farewell farewell
childish childish
pastel pastel
company community company
concern concern
top top
hide hide
perception perception
creation creation
exotic exotic
skip belief skip
basketball basketball
scrap scrap
crew crew
deck deck
