location4 location1 location50 location38 location86 location34 location23 location91 location15 location53 location13 location37 location94 location85 location44 location2 location76 location61 location4
18
location37 location43 location37 location70 location0
location1 location1
location38 location28 location38 location99
location13 location56 location13
location50 location60 location50
location86 location69 location66 location86
location23 location74 location16 location23 location62
location15 location77 location79 location15 location93
location2 location2 location55 location81
location34 location6 location34 location24 location47
location85 location85 location57
location4 location89 location88 location78 location3 location4
location94 location94 location95
location61 location61
location53 location83 location53
location44 location44 location54
location76 location98 location68 location76
location91 location91 location36 location11
