1 72 73 74 75 72 1 176 177 178 177 176 1 100 101 102 104 102 101 100 1 106 108 106 1 76 77 78 77 76 1 56 58 56 1 60 61 63 62 60 1 150 151 152 154 152 151 150 1 164 165 164 1 160 163 162 160 1 2 4 5 2 1 6 7 6 1 2 3 2 1 50 51 52 53 55 52 51 50 1 56 57 56 1 26 27 28 27 26 1 18 19 18 1 22 24 22 1 18 20 18 1 22 23 22 1 10 11 10 1 14 17 14 1 10 13 12 10 1 164 166 164 1 110 111 110 1 168 170 168 1 110 112 110 1 118 119 118 1 122 124 122 1 172 174 172 1 150 151 152 153 152 151 150 1 126 127 128 127 126 1 64 67 64 1 164 167 164 1 68 70 68 1 64 66 65 64 1
58
3 3
4 4
5 5
7 7
6 8 9
11 11
12 12
13 13
14 15 16
17 17
19 19 21
20 20
23 23
24 24 25
28 28 30
53 53 54
55 55
57 57
58 58
56 59
61 61
62 62
63 63
65 65
66 66
67 67
68 69
70 70 71
73 73
74 74
75 75
78 78 80
104 103 104
102 105
106 107 109
108 108
111 111
112 112
110 113
1 115 116 117 157 158 159
119 119 120 121
122 123
124 124 125
128 128 130
153 153
154 154
152 155
160 161
162 162
163 163
165 165
166 166
167 167
168 169
170 170 171
172 173
174 174 175
178 178 180
