3a 23a 93a 76a 1a 17a 82a 21a 88a 15a 88a 74a 12a 71a 32a 41a 0a 51a 80a 49a 75a 79a 96a 37a 83a 103a 52a 20a 42a 16a 38a 2a 13a 34a 14a 67a 30a 32a 41a 59a 95a 3a
31
13a 99a 31a
23a 64a 23a 28a 57a
34a 34a 66a
93a 47a 73a 4a 93a
71a 71a
14a 60a 14a
49a 49a 98a 92a 6a
59a 48a
67a 39a 58a 25a 67a
30a 65a 30a
41a 41a 77a 22a
83a 61a 40a 83a
17a 56a 62a
37a 37a 84a
88a 87a 88a
76a 5a
79a 79a
38a 38a 7a
74a 44a 35a
52a 52a
96a 29a 96a
80a 9a 80a 53a 72a
1a 43a 1a
75a 75a
16a 16a
32a 32a
51a 51a
15a 15a
42a 42a
0a 0a
21a 21a
