loc0 loc38 loc132 loc2 loc132 loc74 loc132 loc62 loc132 loc196 loc36 loc68 loc102 loc150 loc146 loc12 loc172 loc18 loc14 loc108 loc120 loc66 loc156 loc52 loc159 loc184 loc159 loc80 loc192 loc122 loc96 loc140 loc54 loc72 loc94 loc177 loc142 loc177 loc86 loc117 loc158 loc117 loc154 loc117 loc194 loc117 loc178 loc189 loc82 loc189 loc22 loc78 loc26 loc78 loc186 loc34 loc183 loc160 loc198 loc44 loc174 loc56 loc174 loc190 loc138 loc152 loc153 loc118 loc168 loc70 loc42 loc8 loc147 loc176 loc147 loc188 loc84 loc166 loc195 loc130 loc51 loc76 loc51 loc40 loc123 loc110 loc114 loc46 loc30 loc162 loc180 loc164 loc6 loc182 loc90 loc170 loc144 loc32 loc144 loc20 loc144 loc148 loc48 loc10 loc105 loc50 loc105 loc106 loc165 loc128 loc126 loc60 loc28 loc63 loc98 loc63 loc92 loc99 loc58 loc27 loc116 loc27 loc124 loc0
95
loc0 loc0
loc2 loc2
loc165 loc4
loc6 loc6
loc8 loc8
loc10 loc10
loc12 loc12
loc14 loc14
loc99 loc16
loc18 loc18 loc100
loc20 loc20
loc22 loc22
loc114 loc24 loc114
loc26 loc26
loc28 loc28
loc30 loc30
loc32 loc32
loc34 loc34
loc36 loc36
loc38 loc38
loc40 loc40
loc42 loc42
loc44 loc44
loc46 loc46
loc48 loc48
loc50 loc50
loc52 loc52
loc54 loc54
loc56 loc56
loc58 loc58
loc60 loc60
loc62 loc62
loc177 loc64
loc66 loc66
loc68 loc68
loc70 loc70
loc72 loc72
loc74 loc74
loc76 loc76
loc78 loc78
loc80 loc80
loc82 loc82
loc84 loc84
loc86 loc86
loc153 loc88
loc90 loc90 loc104 loc134
loc92 loc92
loc94 loc94
loc96 loc96 loc112
loc98 loc98
loc102 loc102
loc106 loc106
loc108 loc108
loc110 loc110
loc116 loc116
loc118 loc118
loc120 loc120
loc122 loc122
loc124 loc124
loc126 loc126
loc128 loc128
loc130 loc130
loc132 loc132
loc117 loc136
loc138 loc138
loc140 loc140
loc142 loc142
loc144 loc144
loc146 loc146
loc148 loc148
loc150 loc150
loc152 loc152
loc154 loc154
loc156 loc156
loc158 loc158
loc160 loc160
loc162 loc162
loc164 loc164
loc166 loc166
loc168 loc168
loc170 loc170
loc172 loc172
loc174 loc174
loc176 loc176
loc178 loc178
loc180 loc180
loc182 loc182
loc184 loc184
loc186 loc186
loc188 loc188
loc190 loc190
loc192 loc192
loc194 loc194
loc196 loc196
loc198 loc198
