Soda building1 building7 building1 building10 building35 building10 building1 building8 building33 building8 building1 Soda building5 building29 building5 building27 building5 Soda building4 building21 building46 building21 building4 Soda building3 building17 building42 building17 building3 building16 building41 building16 building3 Soda building2 building13 building38 building13 building2 building12 building37 building12 building2 Soda building4 building24 building49 building24 building4 building25 building50 building25 building4 Soda building5 building28 building53 building28 building5 building30 building55 building30 building5 building28 building5 Soda
30
building1 building6 building9 building31 building34
building7 building7 building32
building8 building8
building10 building10
building2 building11 building14 building15 building36 building39 building40
building12 building12
building13 building13
building16 building16
building17 building17
building3 building18 building19 building20 building43 building44 building45
building21 building21
building4 building22 building23 building47 building48
building24 building24
building25 building25
building5 building26 building51
building27 building27 building52
building28 building28
building29 building29 building54
building30 building30
building33 building33
building35 building35
building37 building37
building38 building38
building41 building41
building42 building42
building46 building46
building49 building49
building50 building50
building53 building53
building55 building55
