0 10 20 21 22 31 42 51 61 71 70 80 81 91 102 112 123 133 132 122 111 101 110 120 130 140 150 160 161 151 152 153 154 165 164 163 172 182 183 184 174 175 186 196 187 188 198 199 189 178 177 176 167 166 155 146 147 148 158 149 139 129 118 108 98 99 89 78 68 67 76 77 87 86 95 96 107 116 127 116 115 114 105 94 104 103 92 82 83 73 72 63 53 43 33 24 34 45 46 47 48 38 39 29 18 9 8 17 16 26 15 5 4 3 12 2 1 0
98
53 53
115 125
186 186
86 86
31 31
152 152
154 154
114 114
61 61
20 20
130 130
196 196
160 160
80 80
108 108
127 127
29 29
22 22
99 99
77 77
12 12
101 101
82 82
15 15
103 103
2 2
178 178
155 155
73 64 73
21 21
188 188
122 122
158 158
9 9
33 33
132 132
51 51
71 71
16 16
123 123
39 39
68 68
139 139
95 95
146 146
147 147
5 5
164 164
149 149
166 166
175 175
18 18
151 151
4 4
76 76
167 167
87 87
83 83
189 189
118 118
182 181 182
153 153
8 8
120 120
184 184
81 81
129 129
133 133
26 26
17 17
105 105
140 140
111 111
48 48
165 165
150 150
43 43
42 42
45 45
94 94
47 37
70 70
98 98
104 104
107 107
199 199
198 198
96 96
161 161
116 116
102 102
24 24
183 183
187 187
72 72
89 89
176 176
67 67
