0 99 95 96 86 98 82 10 21 34 39 50 24 46 11 30 32 27 25 37 14 8 23 13 7 36 29 12 15 33 22 16 20 2 1 66 55 54 61 62 69 60 76 65 84 72 67 81 87 77 80 79 97 91 90 92 71 78 88 93 0 45 56 64 51 59 73 57 52 58 4 3 49 40 53 31 28 38 35 9 6 41 42 47 43 48 0
85
0 0
1 1
2 2
3 3
4 4
90 5 90
6 6
7 7
8 8 85
9 9
10 10
11 11
12 12
13 13 70
14 14
15 15
16 16
29 17 29 75
42 18 42
24 19 24
20 20
21 21
22 22
23 23
25 25
78 26 78
27 27
28 28
30 30
31 31
32 32
33 33
34 34
35 35
36 36
37 37
38 38
39 39
40 40
41 41
43 43
86 44 86
45 45
46 46
47 47 83
48 48
49 49
50 50
51 51
52 52
53 53 89
54 54
55 55 63
56 56
57 57
58 58
59 59
60 60 68
61 61
62 62
64 64
65 65
66 66
67 67
69 69
71 71
72 72
73 73
92 74 92
76 76
77 77
79 79
80 80
81 81
82 82
84 84
87 87
88 88
91 91
93 93
96 94 96
95 95
97 97
98 98
99 99
