Nepal Georgia Argentina Liechtenstein Tanzania Palau Mauritius Kuwait Tajikistan NewZealand Botswana Fiji Vietnam UAE Estonia Ecuador Belarus Azerbaijan Suriname MarshallIslands TheGambia VaticanCity SaintLucia Serbia Niger Panama Afghanistan Nepal
24
Azerbaijan Azerbaijan
Tajikistan Tajikistan
VaticanCity VaticanCity
Estonia Estonia
Botswana Botswana
UAE UAE
Serbia Serbia
NewZealand NewZealand Slovakia
Belarus Belarus
Tanzania Tanzania
Georgia Georgia
Panama Panama
Suriname Suriname
Fiji Fiji
Argentina Argentina
Vietnam Vietnam
Niger Niger
MarshallIslands MarshallIslands
Afghanistan Afghanistan
Palau Palau
Liechtenstein Liechtenstein
Mauritius Mauritius
Kuwait Kuwait
SaintLucia SaintLucia
