l0 h3 h2 h74 h89 h83 h1 h0 h92 h24 h92 h47 l12 h6 h58 h84 h77 h23 h22 h44 l95 h51 h45 h28 h17 h80 h7 h29 h70 l35 h71 h14 l45 h15 h16 h85 h43 h86 h64 h82 l97 h60 l97 h61 h59 l42 h81 h73 h38 h66 h72 h66 h11 h75 h39 h90 h93 h57 h94 h56 h94 l10 h21 h49 h48 h98 h79 h35 l17 h34 h33 h79 h32 h30 l15 h68 l15 h31 h69 h31 h78 l74 h41 l20 l18 h37 h36 l88 h40 h9 h95 h26 l31 h63 l31 h27 l72 h62 l80 h97 h13 h99 h65 h88 h19 h5 h4 h53 h52 l26 h10 h20 l84 h96 h55 h54 h67 l91 h25 l0
93
h0 h0
h1 h1
h2 h2
h3 h3 h91
h4 h4 h18
h5 h5
h6 h6
h7 h7
l88 h8
h9 h9
h10 h10
h11 h11
h13 h12 h13
h14 h14
h15 h15
h16 h16
h17 h17
h19 h19
h20 h20
h21 h21
h22 h22
h23 h23
h24 h24
h25 h25
h26 h26
h27 h27
h28 h28
h29 h29
h30 h30
h31 h31
h32 h32
h33 h33
h34 h34
h35 h35
h36 h36
h37 h37
h38 h38
h39 h39
h40 h40
h41 h41
h88 h42 h88
h43 h43
h44 h44
h45 h45 h76
h92 h46 h92
h47 h47
h48 h48
h49 h49
h80 h50 h80
h51 h51
h52 h52
h53 h53
h54 h54
h55 h55
h56 h56
h57 h57
h58 h58
h59 h59
h60 h60
h61 h61
h62 h62
h63 h63
h64 h64
h65 h65
h66 h66
h67 h67
h68 h68
h69 h69
h70 h70
h71 h71
h72 h72
h73 h73
h74 h74
h75 h75
h77 h77
h78 h78
h79 h79
h81 h81
h82 h82
h83 h83
h84 h84
h85 h85
h86 h86
l20 h87
h89 h89
h90 h90
h93 h93
h94 h94
h95 h95
h96 h96
h97 h97
h98 h98
h99 h99
