vBhpoFdJZxyttIlfaf7D R7crXexksQ4TN5zY2ck3 RRlYwTFLYqL48JIMSAmC cs6LkMYfySGYUzb8VLcc wHEcyeduhdH7p3Lr1PtC R6ZzYYWqarkWldqbKDab 535WuquKiicRqEyzCI3d XYk0VV4ujV55qqS8YiHV oFNlFPub6zLirsQwo0fu 2LthmnS3Cdd5FBfY5GQ9 InZnvPu8h9zAoLCNj2in vLwJebpyApE3MPksc9OW 7PoxePhwnlLvMilKVpER jTdja1e2hUhydiExPlJM 4ilNvg3IkxoJuvkwqYsS W1jWYYdH0atiKtbaVDRT rMd1TXBMCuFfO59jF1Tq zs7X4IJgeJEM8iqAbvF3 tUVqKo1E6AibIE6zShkv XWHR07Y6kfSBbEuD62PN vBhpoFdJZxyttIlfaf7D
20
4ilNvg3IkxoJuvkwqYsS MiPSEwVMn3bbGh4tbRTf iki3BohF22ET0rMPxXQ5 4ilNvg3IkxoJuvkwqYsS
zs7X4IJgeJEM8iqAbvF3 RpMJGAvULIBCQ0RI369s zs7X4IJgeJEM8iqAbvF3 XBxLd5K0m0Gtk5fTL45q
vBhpoFdJZxyttIlfaf7D JEGgKJfdY8owvwdYhKMk XX8iZd9Mw56dkKCstFAC 37APL8dpwT5Ds5AIG0t4 uUumBfQJDh6S0d06Kb78 eKaPpzrMwOPxNzeoOSFH
2LthmnS3Cdd5FBfY5GQ9 8Le4AI986fwHZXPoOMK1 NAqhSs9OpS9XtIaJtTCD 2LthmnS3Cdd5FBfY5GQ9 17OoKHzumyPaqfjSSc7S
R7crXexksQ4TN5zY2ck3 WwLzOfqcc3FIzub2jh8R R7crXexksQ4TN5zY2ck3
XYk0VV4ujV55qqS8YiHV XYk0VV4ujV55qqS8YiHV
R6ZzYYWqarkWldqbKDab R6ZzYYWqarkWldqbKDab WN0Nl06Zx9w6LYUHMZam
cs6LkMYfySGYUzb8VLcc cs6LkMYfySGYUzb8VLcc n2Cqtp5v2DuwGX7LhuzE
vLwJebpyApE3MPksc9OW vLwJebpyApE3MPksc9OW
wHEcyeduhdH7p3Lr1PtC ohy3S5QXymEhh63dMBQE wHEcyeduhdH7p3Lr1PtC
RRlYwTFLYqL48JIMSAmC RRlYwTFLYqL48JIMSAmC DybFcuyeWxt51LawzVvs EHYUZOt1fTtm7KJue8on
rMd1TXBMCuFfO59jF1Tq rMd1TXBMCuFfO59jF1Tq d6xeP6xeDJ3O2jY8D4pB
7PoxePhwnlLvMilKVpER 7PoxePhwnlLvMilKVpER qM7lEl3z2COceXw7x0EC
tUVqKo1E6AibIE6zShkv J00g7hlLLSWTXvTYK9v2 tUVqKo1E6AibIE6zShkv 6koX1rNvAwrB84m39eQv
jTdja1e2hUhydiExPlJM jTdja1e2hUhydiExPlJM fp9JaV5iTp8QxXwwkR68 6PPTzNGrNxrgfdvm8cwZ nB1RHSnvjX4nG0Tch5En 8mLI4Cl8exxeLw5eLCvi
oFNlFPub6zLirsQwo0fu mv3tFPDoT2NlrLp24T9l 9B0w6Ahn3NsugfNn6veD oFNlFPub6zLirsQwo0fu
XWHR07Y6kfSBbEuD62PN rkMvLqMMN5Aq3onq5XeZ qkrT0EYt8AHuefFD25g1 XWHR07Y6kfSBbEuD62PN
W1jWYYdH0atiKtbaVDRT W1jWYYdH0atiKtbaVDRT
535WuquKiicRqEyzCI3d 535WuquKiicRqEyzCI3d
InZnvPu8h9zAoLCNj2in InZnvPu8h9zAoLCNj2in fHfopcx4v3MKBN0TMn7s
