Mf966TmCJF9l0PTKetVd GzkbHop7cJv0CvjQalTE kVdbGuYm0jD2q8vsLFHY UvtGaTsTes8Gs4gE8ya3 7ArLVA3N0doHBQAlCDtl CxdADQl1Lh5mGQMAravk NtZncVsU7O40k1BXousH WZxeHszJ2ShfYgJs53YV NvfSRypj4POoHWC3jDz3 cQteqX6tIl3ToXV5rCSz R87rV3jFUvYuE0RN4Z4a Y5ZKsuPbCDUQp5LjPNey jAzyDyaN1mD5Ei1RjCiO TBEGhhvsdStRJh2Eqkyf 4mRiy2s23Ljl4N4CqEav Crbc9OlCoJ9dTIJXXsjb czjPVxJvSz9DoMc0Y7Vv CHHJQHxp9VQGraviPBS2 p6bp9pYgtaGo4Q50DQAM fsCdklolnC3ndvzFtyM3 ul7ierPjffkmvfh4Ylme ydEppVwK15UN0USyP00U JWE9kJZ3fUSBbRtkVScl acwLCbshqBQuYbTzAPRI Ad4iMaOuAofXNjJzNKWl 7c4FoaFf1TJetsLZUEok jAzyDyaN1mD5Ei1RjCiO JfWSVxbK8iOEPzK7FV9x IwnN6xRahpjWnxZTYR2F OyOgefgJfgx6VwEfudZn trOoQ3enuOI8GUJqwAMC Hpniux0SkkA6CliHWNDc JfzkldRR1w0Y52KBg47D N7mkTpLI9Mgh0txBOflw HKK5Jm9eHd0V7gvBWuw9 QMmklR1fA1rnjMsU1WMc cAkwFDH7tSQkP40ewGcD aU4DeG46NC8vRU6N0ahg iRg3oRlKsAtLuOm5tUrC 2bMCdMiNzTpm8a2kNe9G b2icxuMf1zEyF7ImMEzE XfWllIgv9lA6ZwGuKvLt a6uUA0TEdnZwD1b73O9r BLgd9OLqnPIJY5LCIxDK ZDA7k1XMUYTsnmCfuUtR bLojQFXmB5k6r0zKTWYe 3Yod5nNtIcKNmTtNQ3xH 56ePYTmTGzdOHfvnLEPd TkZ4LHIfwKap48xdp8m2 e2usEAoRX2qu6mneHOxg PLyQF48YPXs4LxxIxWHM wNmo9den9k6ySqzO7o0M S0PhmGw8tyUPzxvRSE5R u4VGAkqq00Jhej3knMJI rzYdrZxXnbXlOjFVWVaR WQlZty1AKP9gLfjz0EYW CLNCAWQgYnzuvt7RChAf Yw0z9L8p6xIk7hgYCgVd VaRx19QfIOvUT5pZyulj Mf966TmCJF9l0PTKetVd
58
GzkbHop7cJv0CvjQalTE GzkbHop7cJv0CvjQalTE
S0PhmGw8tyUPzxvRSE5R S0PhmGw8tyUPzxvRSE5R
fsCdklolnC3ndvzFtyM3 YrtjNlKZcZnAXu7owFPA bBJ5TDHtVrSIxXmQJ63J fsCdklolnC3ndvzFtyM3
rzYdrZxXnbXlOjFVWVaR rzYdrZxXnbXlOjFVWVaR
u4VGAkqq00Jhej3knMJI 1wZce3qjltyIzzlL1Zfw u4VGAkqq00Jhej3knMJI
PLyQF48YPXs4LxxIxWHM PLyQF48YPXs4LxxIxWHM 1crXui4lUlMG7IuTFiXo lrLgTYF7nIsDkEYlxuHz
jAzyDyaN1mD5Ei1RjCiO OGxA8YvD4WfIxOfmtWm4 jAzyDyaN1mD5Ei1RjCiO
BLgd9OLqnPIJY5LCIxDK BLgd9OLqnPIJY5LCIxDK
56ePYTmTGzdOHfvnLEPd VqBuOSJBVqxMG4rldwQn 56ePYTmTGzdOHfvnLEPd
b2icxuMf1zEyF7ImMEzE 4CVQrsejmjPmVL7elf2w b2icxuMf1zEyF7ImMEzE QZIvvAQe1weWyQjLrGi1
CLNCAWQgYnzuvt7RChAf CLNCAWQgYnzuvt7RChAf
HKK5Jm9eHd0V7gvBWuw9 HKK5Jm9eHd0V7gvBWuw9
iRg3oRlKsAtLuOm5tUrC KKiBHd9DTQAd6AZYxlK3 iRg3oRlKsAtLuOm5tUrC
cQteqX6tIl3ToXV5rCSz zDq8bGYKiSYw3c53IWfw 0O3lDJvzYSiuZNzHimQX
CxdADQl1Lh5mGQMAravk CxdADQl1Lh5mGQMAravk
2bMCdMiNzTpm8a2kNe9G 2bMCdMiNzTpm8a2kNe9G
TBEGhhvsdStRJh2Eqkyf Q4jkxyPtGKis0eXik3Gg TBEGhhvsdStRJh2Eqkyf
TkZ4LHIfwKap48xdp8m2 kGhQ3uDjcFA7MLP7UF4W TkZ4LHIfwKap48xdp8m2
Yw0z9L8p6xIk7hgYCgVd byF5FvS6RJUrgCsP3o6T Yw0z9L8p6xIk7hgYCgVd
ul7ierPjffkmvfh4Ylme ul7ierPjffkmvfh4Ylme
aU4DeG46NC8vRU6N0ahg aU4DeG46NC8vRU6N0ahg
3Yod5nNtIcKNmTtNQ3xH 3Yod5nNtIcKNmTtNQ3xH wtlCpdxHbUUmSY7DnD2u
NvfSRypj4POoHWC3jDz3 NvfSRypj4POoHWC3jDz3 pxBA1Tii62WPeRWcccVp
wNmo9den9k6ySqzO7o0M wNmo9den9k6ySqzO7o0M
kVdbGuYm0jD2q8vsLFHY kVdbGuYm0jD2q8vsLFHY
e2usEAoRX2qu6mneHOxg y3cL4LyhfEAlU1Jj1Xj6 HhITLZSwERe6osGRUBXt e2usEAoRX2qu6mneHOxg
Y5ZKsuPbCDUQp5LjPNey Y5ZKsuPbCDUQp5LjPNey 5ebtvAsyAh8vEmm1Z3wm Ic20PkDM6xxefUTvJEIQ
acwLCbshqBQuYbTzAPRI km12BN3CByUGmRV2tX7b GfTqQpqjWivAFXbCN2BL acwLCbshqBQuYbTzAPRI
p6bp9pYgtaGo4Q50DQAM p6bp9pYgtaGo4Q50DQAM TmdW4dU59umpgT9XX8G3
JWE9kJZ3fUSBbRtkVScl JWE9kJZ3fUSBbRtkVScl eA2uctxdjBuXDZUrmUHy
Ad4iMaOuAofXNjJzNKWl Ad4iMaOuAofXNjJzNKWl
czjPVxJvSz9DoMc0Y7Vv czjPVxJvSz9DoMc0Y7Vv BCVfaQnOCgLubJ23r8nF RrBlUMzlEzdRa5S1pyiF BcvYB1mubFuRTbgMUsXg
trOoQ3enuOI8GUJqwAMC trOoQ3enuOI8GUJqwAMC flliQzyn5hSC8yLOMyYJ
QMmklR1fA1rnjMsU1WMc QMmklR1fA1rnjMsU1WMc wyZ3Q4gHyaxpdYdezyjU
UvtGaTsTes8Gs4gE8ya3 UvtGaTsTes8Gs4gE8ya3 SQhK0n9L9aixdJxvdeKd jZUUy27kZ3z2uIv0PGPy
WZxeHszJ2ShfYgJs53YV Xucw5TdPOzp0SQGWHjkE WZxeHszJ2ShfYgJs53YV
a6uUA0TEdnZwD1b73O9r a6uUA0TEdnZwD1b73O9r
7c4FoaFf1TJetsLZUEok 7c4FoaFf1TJetsLZUEok
N7mkTpLI9Mgh0txBOflw N7mkTpLI9Mgh0txBOflw
Hpniux0SkkA6CliHWNDc Hpniux0SkkA6CliHWNDc
cAkwFDH7tSQkP40ewGcD cAkwFDH7tSQkP40ewGcD AjMqEYKq0eELwsiEhQNE sSdPSXUotKahf03SRnBn
JfzkldRR1w0Y52KBg47D JfzkldRR1w0Y52KBg47D
XfWllIgv9lA6ZwGuKvLt XfWllIgv9lA6ZwGuKvLt
R87rV3jFUvYuE0RN4Z4a ZPAxEbVjKWTr0cDqLbA0 R87rV3jFUvYuE0RN4Z4a 4mdSIFCsq2HySOzm2H4M
JfWSVxbK8iOEPzK7FV9x JfWSVxbK8iOEPzK7FV9x 1aGCWVuyE8DRxIV204ZW
NtZncVsU7O40k1BXousH aH2XDl7CjGFhEP3bbYjH NtZncVsU7O40k1BXousH
Crbc9OlCoJ9dTIJXXsjb Crbc9OlCoJ9dTIJXXsjb
IwnN6xRahpjWnxZTYR2F IwnN6xRahpjWnxZTYR2F
7ArLVA3N0doHBQAlCDtl KCy3uvDFe4h3kwRgxFiX 7ArLVA3N0doHBQAlCDtl
CHHJQHxp9VQGraviPBS2 CHHJQHxp9VQGraviPBS2
bLojQFXmB5k6r0zKTWYe bLojQFXmB5k6r0zKTWYe
Mf966TmCJF9l0PTKetVd dOWv4G57nxm9UArCvQlq tH0lbMmdJDVlC4Pr7uAb
ZDA7k1XMUYTsnmCfuUtR W1IcDWCQWwTCriXsjtm4 ZDA7k1XMUYTsnmCfuUtR
ydEppVwK15UN0USyP00U ydEppVwK15UN0USyP00U
WQlZty1AKP9gLfjz0EYW WQlZty1AKP9gLfjz0EYW
4mRiy2s23Ljl4N4CqEav 4mRiy2s23Ljl4N4CqEav
VaRx19QfIOvUT5pZyulj VaRx19QfIOvUT5pZyulj
OyOgefgJfgx6VwEfudZn OyOgefgJfgx6VwEfudZn mGfIqoDGGajPXw9RvY8S
