loc0 loc7 loc14 loc29 loc69 loc92 loc98 loc95 loc72 loc84 loc73 loc32 loc48 loc60 loc56 loc40 loc47 loc44 loc0
18
loc7 loc6 loc7 loc9 loc10
loc14 loc13 loc14 loc16 loc17
loc0 loc21 loc22 loc24 loc25 loc76 loc77
loc29 loc28 loc29
loc32 loc31 loc32
loc40 loc37 loc38 loc40 loc41
loc44 loc44 loc45
loc47 loc47
loc48 loc48
loc56 loc52 loc53 loc55 loc56
loc60 loc59 loc60 loc62 loc63
loc69 loc69 loc70
loc72 loc72
loc73 loc73
loc84 loc80 loc81 loc83 loc84
loc92 loc88 loc89 loc91 loc92
loc95 loc95 loc96
loc98 loc98 loc99
