loc0 loc7 loc10 loc183 loc184 loc188 loc189 loc199 loc192 loc196 loc195 loc14 loc102 loc144 loc165 loc177 loc181 loc180 loc173 loc176 loc174 loc149 loc158 loc161 loc160 loc150 loc157 loc153 loc104 loc120 loc127 loc142 loc134 loc123 loc126 loc124 loc105 loc116 loc119 loc117 loc108 loc111 loc109 loc18 loc57 loc77 loc92 loc95 loc93 loc81 loc88 loc86 loc60 loc71 loc74 loc73 loc61 loc64 loc63 loc23 loc42 loc53 loc56 loc54 loc46 loc49 loc48 loc25 loc33 loc41 loc38 loc26 loc32 loc30 loc0
73
loc7 loc7 loc8
loc10 loc10 loc11
loc14 loc14 loc15
loc18 loc17 loc18
loc23 loc22 loc23
loc25 loc25
loc26 loc26
loc30 loc29 loc30
loc32 loc32
loc33 loc33
loc38 loc38 loc39
loc41 loc41
loc42 loc42
loc46 loc45 loc46
loc48 loc48
loc49 loc49
loc53 loc53
loc54 loc54
loc56 loc56
loc57 loc57
loc60 loc60
loc61 loc61
loc63 loc63
loc64 loc64
loc71 loc70 loc71
loc73 loc73
loc74 loc74
loc77 loc77 loc78
loc81 loc80 loc81
loc86 loc85 loc86
loc88 loc88 loc89
loc92 loc92
loc93 loc93
loc95 loc95 loc96
loc102 loc101 loc102
loc104 loc104
loc105 loc105
loc108 loc108
loc109 loc109
loc111 loc111 loc112
loc116 loc116
loc117 loc117
loc119 loc119
loc120 loc120
loc123 loc123
loc124 loc124
loc126 loc126
loc127 loc127
loc134 loc134 loc135 loc137 loc138
loc142 loc141 loc142
loc144 loc144 loc145
loc149 loc149
loc150 loc150
loc153 loc152 loc153
loc157 loc157
loc158 loc158
loc160 loc160
loc161 loc161
loc165 loc164 loc165 loc167 loc168
loc173 loc173
loc174 loc174
loc176 loc176
loc177 loc177
loc180 loc180
loc181 loc181
loc183 loc183
loc184 loc184
loc188 loc188
loc189 loc189
loc192 loc191 loc192
loc195 loc195
loc196 loc196
loc199 loc198 loc199
