point0 point46 point42 point9 point5 point72 point85 point84 point28 point26 point27 point24 point27 point47 point71 point7 point19 point55 point50 point48 point44 point42 point14 point15 point46 point0
20
point9 point4 point8 point9 point35
point5 point5
point7 point6 point7
point42 point12 point42 point56
point14 point14 point22
point19 point19
point24 point24
point27 point25 point27
point26 point26
point28 point28
point44 point44 point45
point47 point47
point48 point48
point50 point50
point55 point53 point55 point58 point60 point61 point93
point71 point64 point65 point71
point72 point68 point70 point72 point77
point46 point75 point76
point84 point84 point92
point85 point85
