55 159 59 29 171 86 26 71 106 63 8 48 158 114 67 122 179 181 163 41 184 133 172 30 61 168 107 69 77 40 113 115 170 1 182 101 162 101 146 90 55
36
40 40 97 109 42
168 11 81 17 185 118 36 168
133 140 133 58 166
48 33 91 186 83 48
159 159 137
146 146
171 149 171 131
162 12 45 162 177 151 16 173
170 170 27 105 160
63 63
59 119 152 59
184 184 78 153
172 172
67 32 76 67 134 116
61 61
26 26 88 43 66
41 148 49 41 175 150
86 188 86 80
101 101
179 62 179 13
71 111 189 71
90 90 56 85
182 182 57 20
107 107
181 181
77 74 77
113 15 135 113
29 29
8 53 54 8 9
106 106
158 158
163 163
115 115
30 126 30
122 122
114 114
