x182 x187 x127 x45 x119 x23 x114 x113 x38 x109 x100 x99 x100 x92 x154 x77 x76 x158 x143 x72 x189 x167 x102 x53 x197 x144 x179 x144 x172 x5 x112 x42 x112 x164 x113 x163 x0 x109 x169 x161 x32 x146 x196 x30 x184 x27 x79 x127 x20 x19 x127 x14 x94 x51 x90 x141 x67 x8 x160 x187 x182
46
x90 x74 x10 x133 x31 x50
x76 x21 x17 x76
x187 x86
x20 x20 x166 x7
x42 x42
x45 x45
x127 x6 x15 x127 x56 x49 x58 x98
x72 x147 x72 x125 x66
x160 x192 x80
x196 x69
x79 x79
x143 x88 x137 x143 x64
x14 x14
x146 x128 x146 x95
x184 x3 x48 x87 x107 x26 x46 x184
x141 x43 x138 x141
x189 x189
x32 x59 x186 x183 x32 x82
x119 x151 x119
x172 x172
x161 x161
x92 x2 x18 x92 x83
x100 x153 x159 x100
x114 x114
x169 x104 x55 x61
x8 x8
x179 x179
x109 x109 x116
x53 x53
x99 x99
x19 x19
x94 x94
x167 x136 x139
x77 x71 x77
x144 x84 x194
x112 x155 x177 x118
x23 x23
x38 x185 x198 x106 x4
x113 x113
x27 x27
x154 x25 x156
x163 x163
x182 x11 x182
x164 x164
x102 x102
x30 x30
